05/09/2024 01:33:31 AM 
PMID: 12345678
05/09/2024 01:33:31 AM WARNING:: [Sex_at_Birth] Changing 'male | female' to 'other'
05/09/2024 01:33:31 AM Warning:: [Race] Changing 'Race' to 'other' and moving data to [Race Specify]
05/09/2024 01:33:31 AM Warning:: [Ethnicity] Changing list to other in ImmPort Templates
05/09/2024 01:33:31 AM INFO:: [Fuzzy] Closest Match Found. Changing Immunosuppressive Disorder => Immunosuppressive Disorder 
05/09/2024 01:33:31 AM [INFO]:: [Fuzzy] Lung Disease => Lung Disease
 : score 96
05/09/2024 01:33:34 AM INFO:: [User Change] Not Specified => Not Applicable
05/09/2024 01:33:34 AM INFO:: [Fuzzy] Closest Match Found. Changing SARS-CoV-2 Epsilon; B.1.427 => SARS-CoV-2 Epsilon; B.1.427 / B.1.429
05/09/2024 01:33:34 AM INFO:: [Fuzzy] Closest Match Found. Changing B.1.429 => SARS-CoV-2 Epsilon; B.1.427 / B.1.429
05/09/2024 01:33:34 AM INFO:: [Fuzzy] Closest Match Found. Changing SARS-CoV-2 Lambda; => SARS-CoV-2 Lambda; C.37
05/09/2024 01:33:34 AM [INFO]:: [Fuzzy] SARS-CoV-2 OmicrA micron variant CA.3.1 => SARS-CoV-2 Omicron variant CA.3.1 : score 92
05/09/2024 01:33:34 AM INFO:: [Fuzzy] Closest Match Found. Changing Not specified => Not Specified
05/09/2024 01:33:34 AM INFO:: [Fuzzy] Closest Match Found. Changing Full Length spike Trimer => Full Length Spike Trimer
05/09/2024 01:33:34 AM INFO:: [Fuzzy] Closest Match Found. Changing Full Length spike Trimer => Full Length Spike Trimer
05/09/2024 01:33:34 AM INFO:: [Fuzzy] Closest Match Found. Changing spike => Full Length Spike Trimer
05/09/2024 01:33:34 AM INFO:: [Fuzzy] Closest Match Found. Changing spike => Full Length Spike Trimer
05/09/2024 01:33:34 AM INFO:: [Fuzzy] Closest Match Found. Changing RBD => Receptor Binding Domain (RBD)
05/09/2024 01:33:34 AM INFO:: [Fuzzy] Closest Match Found. Changing Full Length spike Trimer => Full Length Spike Trimer
05/09/2024 01:33:34 AM INFO:: [Fuzzy] Closest Match Found. Changing spike => Full Length Spike Trimer
05/09/2024 01:33:34 AM INFO:: [Fuzzy] Closest Match Found. Changing spike => Full Length Spike Trimer
05/09/2024 01:33:34 AM INFO:: [Fuzzy] Closest Match Found. Changing Full Length spike Trimer => Full Length Spike Trimer
05/09/2024 01:33:38 AM INFO:: [User Change] HCoV-229E => HCoVs - Seasonal (OC43, HKU-1, NL63, 229E)
05/09/2024 01:33:38 AM INFO:: [Fuzzy] Closest Match Found. Changing Full Length spike Trimer => Full Length Spike Trimer
05/09/2024 01:33:39 AM INFO:: [User Change] HCoV-HKU1 => HCoVs - Seasonal (OC43, HKU-1, NL63, 229E)
05/09/2024 01:33:39 AM INFO:: [Fuzzy] Closest Match Found. Changing Full Length spike Trimer => Full Length Spike Trimer
05/09/2024 01:33:40 AM INFO:: [User Change] HCoV-NL63 => HCoVs - Seasonal (OC43, HKU-1, NL63, 229E)
05/09/2024 01:33:40 AM INFO:: [Fuzzy] Closest Match Found. Changing Full Length spike Trimer => Full Length Spike Trimer
05/09/2024 01:33:41 AM INFO:: [User Change] HCoV-OC43 => HCoVs - Seasonal (OC43, HKU-1, NL63, 229E)
05/09/2024 01:33:41 AM [INFO]:: [Fuzzy] Multiplex flow immunoassay => Multiplex Immunoassay : score 85
05/09/2024 01:33:41 AM INFO:: [Fuzzy] Closest Match Found. Changing Full Length spike Trimer => Full Length Spike Trimer
05/09/2024 01:33:41 AM INFO:: [Fuzzy] Closest Match Found. Changing Full Length spike Trimer => Full Length Spike Trimer
05/09/2024 01:33:41 AM INFO:: [Fuzzy] Closest Match Found. Changing Full Length spike Trimer => Full Length Spike Trimer
05/09/2024 01:33:41 AM [INFO]:: [Fuzzy] Multiplex flow immunoassay => Multiplex Immunoassay : score 85
05/09/2024 01:33:41 AM [INFO]:: [Fuzzy] Multiplex flow immunoassay => Multiplex Immunoassay : score 85
05/09/2024 01:33:41 AM INFO:: [Fuzzy] Closest Match Found. Changing CMV antigens => CMV Antigens
05/09/2024 01:33:41 AM INFO:: [User Change] CMV antigens => CMV
05/09/2024 01:33:41 AM INFO:: [Fuzzy] Closest Match Found. Changing Full Length spike Trimer => Full Length Spike Trimer
05/09/2024 01:33:41 AM Previous Input: Virus Target, HCoV-229E => HCoVs - Seasonal (OC43, HKU-1, NL63, 229E)
05/09/2024 01:33:41 AM INFO:: [Fuzzy] Closest Match Found. Changing Full Length spike Trimer => Full Length Spike Trimer
05/09/2024 01:33:41 AM Previous Input: Virus Target, HCoV-HKU1 => HCoVs - Seasonal (OC43, HKU-1, NL63, 229E)
05/09/2024 01:33:41 AM INFO:: [Fuzzy] Closest Match Found. Changing Full Length spike Trimer => Full Length Spike Trimer
05/09/2024 01:33:41 AM Previous Input: Virus Target, HCoV-NL63 => HCoVs - Seasonal (OC43, HKU-1, NL63, 229E)
05/09/2024 01:33:41 AM INFO:: [Fuzzy] Closest Match Found. Changing Full Length spike Trimer => Full Length Spike Trimer
05/09/2024 01:33:41 AM Previous Input: Virus Target, HCoV-OC43 => HCoVs - Seasonal (OC43, HKU-1, NL63, 229E)
05/09/2024 01:33:42 AM INFO:: [User Change] CMV virus lysate => CMV Antigens
05/09/2024 01:33:42 AM INFO:: [Fuzzy] Closest Match Found. Changing Full Length spike Trimer => Full Length Spike Trimer
05/09/2024 01:33:42 AM INFO:: [Fuzzy] Closest Match Found. Changing Full Length spike Trimer => Full Length Spike Trimer
05/09/2024 01:33:42 AM INFO:: [Fuzzy] Closest Match Found. Changing Full Length spike Trimer => Full Length Spike Trimer
05/09/2024 01:33:42 AM INFO:: [Fuzzy] Closest Match Found. Changing spike => Full Length Spike Trimer
05/09/2024 01:33:42 AM Previous Input: Virus Target, HCoV-229E => HCoVs - Seasonal (OC43, HKU-1, NL63, 229E)
05/09/2024 01:33:42 AM INFO:: [Fuzzy] Closest Match Found. Changing spike => Full Length Spike Trimer
05/09/2024 01:33:42 AM Previous Input: Virus Target, HCoV-HKU1 => HCoVs - Seasonal (OC43, HKU-1, NL63, 229E)
05/09/2024 01:33:42 AM INFO:: [Fuzzy] Closest Match Found. Changing spike => Full Length Spike Trimer
05/09/2024 01:33:42 AM Previous Input: Virus Target, HCoV-NL63 => HCoVs - Seasonal (OC43, HKU-1, NL63, 229E)
05/09/2024 01:33:42 AM INFO:: [Fuzzy] Closest Match Found. Changing spike => Full Length Spike Trimer
05/09/2024 01:33:42 AM Previous Input: Virus Target, HCoV-OC43 => HCoVs - Seasonal (OC43, HKU-1, NL63, 229E)
05/09/2024 01:33:43 AM INFO:: [User Change] hCMV => CMV Antigens
05/09/2024 01:33:43 AM INFO:: [Fuzzy] Closest Match Found. Changing EBV early antigen diffuse => EBV Early Antigen Diffuse
05/09/2024 01:33:43 AM INFO:: [Fuzzy] Closest Match Found. Changing EBV Nuclear antigen - 1 => EBV Nuclear Antigen - 1
05/09/2024 01:33:43 AM INFO:: [Fuzzy] Closest Match Found. Changing Full Length spike Trimer => Full Length Spike Trimer
05/09/2024 01:33:43 AM INFO:: [Fuzzy] Closest Match Found. Changing Full Length spike Trimer => Full Length Spike Trimer
05/09/2024 01:33:43 AM INFO:: [Fuzzy] Closest Match Found. Changing hepatitis B Core Antigen => Hepatitis B Core Antigen
05/09/2024 01:33:43 AM INFO:: [Fuzzy] Closest Match Found. Changing Full Length spike Trimer => Full Length Spike Trimer
05/09/2024 01:33:43 AM Previous Input: Virus Target, HCoV-229E => HCoVs - Seasonal (OC43, HKU-1, NL63, 229E)
05/09/2024 01:33:43 AM INFO:: [Fuzzy] Closest Match Found. Changing Full Length spike Trimer => Full Length Spike Trimer
05/09/2024 01:33:43 AM Previous Input: Virus Target, HCoV-HKU1 => HCoVs - Seasonal (OC43, HKU-1, NL63, 229E)
05/09/2024 01:33:43 AM INFO:: [Fuzzy] Closest Match Found. Changing Full Length spike Trimer => Full Length Spike Trimer
05/09/2024 01:33:43 AM Previous Input: Virus Target, HCoV-NL63 => HCoVs - Seasonal (OC43, HKU-1, NL63, 229E)
05/09/2024 01:33:43 AM INFO:: [Fuzzy] Closest Match Found. Changing Full Length spike Trimer => Full Length Spike Trimer
05/09/2024 01:33:43 AM Previous Input: Virus Target, HCoV-OC43 => HCoVs - Seasonal (OC43, HKU-1, NL63, 229E)
05/09/2024 09:50:01 AM 
PMID: 36652339
05/09/2024 09:50:01 AM WARNING:: [Sex_at_Birth] Changing 'male | female' to 'other'
05/09/2024 09:50:01 AM WARNING:: [Sex_at_Birth] Changing 'male | female' to 'other'
05/09/2024 09:50:01 AM WARNING:: [Sex_at_Birth] Changing 'male | female' to 'other'
05/09/2024 09:50:01 AM Warning:: [Race] Changing 'Race' to 'other' and moving data to [Race Specify]
05/09/2024 09:50:01 AM Warning:: [Race] Changing 'Race' to 'other' and moving data to [Race Specify]
05/09/2024 09:50:01 AM Warning:: [Race] Changing 'Race' to 'other' and moving data to [Race Specify]
05/09/2024 09:50:01 AM Warning:: [Ethnicity] Changing list to other in ImmPort Templates
05/09/2024 09:50:01 AM Warning:: [Ethnicity] Changing list to other in ImmPort Templates
05/09/2024 09:50:01 AM Warning:: [Ethnicity] Changing list to other in ImmPort Templates
05/09/2024 09:50:13 AM [INFO]:: [Fuzzy] Black or Afrikan American => Black or African American : score 96
05/09/2024 09:50:30 AM 
PMID: 36595218
05/09/2024 09:50:30 AM WARNING:: [Sex_at_Birth] Changing 'male | female' to 'other'
05/09/2024 09:50:30 AM WARNING:: [Sex_at_Birth] Changing 'male | female' to 'other'
05/09/2024 09:50:30 AM WARNING:: [Sex_at_Birth] Changing 'male | female' to 'other'
05/09/2024 09:50:30 AM Warning:: [Race] Changing 'Race' to 'other' and moving data to [Race Specify]
05/09/2024 09:50:30 AM Warning:: [Race] Changing 'Race' to 'other' and moving data to [Race Specify]
05/09/2024 09:50:30 AM Warning:: [Race] Changing 'Race' to 'other' and moving data to [Race Specify]
05/09/2024 09:50:30 AM Warning:: [Ethnicity] Changing list to other in ImmPort Templates
05/09/2024 09:50:30 AM Warning:: [Ethnicity] Changing list to other in ImmPort Templates
05/09/2024 09:50:30 AM Warning:: [Ethnicity] Changing list to other in ImmPort Templates
05/09/2024 09:50:37 AM INFO:: [User Change] Not Specified => Not Applicable
05/09/2024 09:53:43 AM 
PMID: 35976000
05/09/2024 09:53:43 AM WARNING:: [Sex_at_Birth] Changing 'male | female' to 'other'
05/09/2024 09:53:43 AM WARNING:: [Sex_at_Birth] Changing 'male | female' to 'other'
05/09/2024 09:53:43 AM Warning:: [Race] Changing 'Race' to 'other' and moving data to [Race Specify]
05/09/2024 09:53:43 AM Warning:: [Race] Changing 'Race' to 'other' and moving data to [Race Specify]
05/09/2024 09:53:43 AM Warning:: [Ethnicity] Changing list to other in ImmPort Templates
05/09/2024 09:53:43 AM Warning:: [Ethnicity] Changing list to other in ImmPort Templates
05/09/2024 09:53:43 AM INFO:: [Fuzzy] Closest Match Found. Changing HCoVs - Seasonal (OC43 => HCoVs - Seasonal (OC43, HKU-1, NL63, 229E)
05/09/2024 09:53:43 AM INFO:: [Fuzzy] Closest Match Found. Changing HKU-1 => HCoVs - Seasonal (OC43, HKU-1, NL63, 229E)
05/09/2024 09:53:43 AM INFO:: [Fuzzy] Closest Match Found. Changing NL63 => HCoVs - Seasonal (OC43, HKU-1, NL63, 229E)
05/09/2024 09:53:43 AM INFO:: [Fuzzy] Closest Match Found. Changing 229E) => HCoVs - Seasonal (OC43, HKU-1, NL63, 229E)
05/09/2024 09:53:43 AM [INFO]:: [Fuzzy] Pfizer BioNTech COVID-19 vaccine ; VO:0004987 => Pfizer BioNTech COVID-19 vaccine; VO:0004987 : score 99
05/09/2024 09:53:43 AM [INFO]:: [Fuzzy] Pfizer BioNTech COVID-19 vaccine ; VO:0004988 => Pfizer BioNTech COVID-19 vaccine; VO:0004987 : score 97
05/09/2024 09:53:43 AM INFO:: [Fuzzy] Closest Match Found. Changing HCoVs - Seasonal (OC43 => HCoVs - Seasonal (OC43, HKU-1, NL63, 229E)
05/09/2024 09:53:43 AM INFO:: [Fuzzy] Closest Match Found. Changing HKU-1 => HCoVs - Seasonal (OC43, HKU-1, NL63, 229E)
05/09/2024 09:53:43 AM INFO:: [Fuzzy] Closest Match Found. Changing NL63 => HCoVs - Seasonal (OC43, HKU-1, NL63, 229E)
05/09/2024 09:53:43 AM INFO:: [Fuzzy] Closest Match Found. Changing 229E) => HCoVs - Seasonal (OC43, HKU-1, NL63, 229E)
05/09/2024 09:59:38 AM 
PMID: 34605900
05/09/2024 09:59:38 AM WARNING:: [Sex_at_Birth] Changing 'male | female' to 'other'
05/09/2024 09:59:38 AM WARNING:: [Sex_at_Birth] Changing 'male | female' to 'other'
05/09/2024 09:59:38 AM WARNING:: [Sex_at_Birth] Changing 'male | female' to 'other'
05/09/2024 09:59:38 AM Warning:: [Race] Changing 'Race' to 'other' and moving data to [Race Specify]
05/09/2024 09:59:38 AM Warning:: [Race] Changing 'Race' to 'other' and moving data to [Race Specify]
05/09/2024 09:59:38 AM Warning:: [Race] Changing 'Race' to 'other' and moving data to [Race Specify]
05/09/2024 09:59:38 AM Warning:: [Ethnicity] Changing list to other in ImmPort Templates
05/09/2024 09:59:38 AM Warning:: [Ethnicity] Changing list to other in ImmPort Templates
05/09/2024 09:59:38 AM Warning:: [Ethnicity] Changing list to other in ImmPort Templates
05/09/2024 09:59:40 AM INFO:: [User Change] Not Specified => Not Applicable
05/09/2024 10:19:35 AM 
PMID: 34739850
05/09/2024 10:19:35 AM Warning:: [Race] Changing 'Race' to 'other' and moving data to [Race Specify]
05/09/2024 10:19:35 AM Warning:: [Race] Changing 'Race' to 'other' and moving data to [Race Specify]
05/09/2024 10:19:35 AM Warning:: [Ethnicity] Changing list to other in ImmPort Templates
05/09/2024 10:19:35 AM Warning:: [Ethnicity] Changing list to other in ImmPort Templates
05/09/2024 10:19:42 AM [INFO]:: [Fuzzy] pregnancy => Pregnancy : score 89
05/09/2024 10:19:42 AM INFO:: [Fuzzy] Closest Match Found. Changing naïve => Naïve
05/09/2024 10:19:42 AM INFO:: [Fuzzy] Closest Match Found. Changing naïve => Naïve
05/09/2024 10:19:42 AM INFO:: [Fuzzy] Closest Match Found. Changing naïve => Naïve
05/09/2024 10:19:42 AM INFO:: [Fuzzy] Closest Match Found. Changing naïve => Naïve
05/09/2024 10:19:42 AM INFO:: [Fuzzy] Closest Match Found. Changing NK Cell => NK cell
05/09/2024 10:19:42 AM INFO:: [Fuzzy] Closest Match Found. Changing naïve => Naïve
05/09/2024 10:22:49 AM 
PMID: 34096051
05/09/2024 10:22:49 AM Warning:: [Race] Changing 'Race' to 'other' and moving data to [Race Specify]
05/09/2024 10:22:49 AM Warning:: [Race] Changing 'Race' to 'other' and moving data to [Race Specify]
05/09/2024 10:22:49 AM Warning:: [Ethnicity] Changing list to other in ImmPort Templates
05/09/2024 10:22:49 AM Warning:: [Ethnicity] Changing list to other in ImmPort Templates
05/09/2024 10:27:08 AM 
PMID: 34096051
05/09/2024 10:27:08 AM Warning:: [Race] Changing 'Race' to 'other' and moving data to [Race Specify]
05/09/2024 10:27:08 AM Warning:: [Race] Changing 'Race' to 'other' and moving data to [Race Specify]
05/09/2024 10:27:08 AM Warning:: [Ethnicity] Changing list to other in ImmPort Templates
05/09/2024 10:27:08 AM Warning:: [Ethnicity] Changing list to other in ImmPort Templates
05/09/2024 10:27:24 AM INFO:: [User Change] Not Specified => Not Applicable
05/09/2024 10:30:16 AM 
PMID: 33561010
05/09/2024 10:30:16 AM WARNING:: [Sex_at_Birth] Changing 'male | female' to 'other'
05/09/2024 10:30:16 AM WARNING:: [Sex_at_Birth] Changing 'male | female' to 'other'
05/09/2024 10:30:16 AM WARNING:: [Sex_at_Birth] Changing 'male | female' to 'other'
05/09/2024 10:30:16 AM WARNING:: [Sex_at_Birth] Changing 'male | female' to 'other'
05/09/2024 10:30:16 AM Warning:: [Race] Changing 'Race' to 'other' and moving data to [Race Specify]
05/09/2024 10:30:16 AM Warning:: [Race] Changing 'Race' to 'other' and moving data to [Race Specify]
05/09/2024 10:30:16 AM Warning:: [Race] Changing 'Race' to 'other' and moving data to [Race Specify]
05/09/2024 10:30:16 AM Warning:: [Race] Changing 'Race' to 'other' and moving data to [Race Specify]
05/09/2024 10:30:16 AM Warning:: [Race] Changing 'Race' to 'other' and moving data to [Race Specify]
05/09/2024 10:30:16 AM Warning:: [Ethnicity] Changing list to other in ImmPort Templates
05/09/2024 10:30:16 AM Warning:: [Ethnicity] Changing list to other in ImmPort Templates
05/09/2024 10:30:16 AM Warning:: [Ethnicity] Changing list to other in ImmPort Templates
05/09/2024 10:30:16 AM Warning:: [Ethnicity] Changing list to other in ImmPort Templates
05/09/2024 10:30:16 AM Warning:: [Ethnicity] Changing list to other in ImmPort Templates
05/09/2024 10:30:34 AM 
PMID: 34957381
05/09/2024 10:30:34 AM WARNING:: [inclusion exclusion] Changing Yes => Inclusion
05/09/2024 10:30:43 AM INFO:: [User Change] Covid-19 => COVID-19
05/09/2024 10:30:58 AM INFO:: [User Change] Male => Observational
05/09/2024 10:30:59 AM INFO:: [User Change] Age at enrollment => Pan troglodytes
05/09/2024 10:30:59 AM INFO:: [User Change] Infected => Intersex
05/09/2024 10:30:59 AM Previous Input: Arm Type [ImmPort only], Male => Observational
05/09/2024 10:30:59 AM Previous Input: Species [ImmPort only], Age at enrollment => Pan troglodytes
05/09/2024 10:30:59 AM Previous Input: Sex at Birth, Infected => Intersex
05/09/2024 10:30:59 AM Previous Input: Arm Type [ImmPort only], Male => Observational
05/09/2024 10:30:59 AM Previous Input: Species [ImmPort only], Age at enrollment => Pan troglodytes
05/09/2024 10:30:59 AM Previous Input: Sex at Birth, Infected => Intersex
05/09/2024 10:31:00 AM INFO:: [User Change] components from multiple manufacturers => Tissue components (unsorted)
05/09/2024 10:31:01 AM INFO:: [User Change] SARS-CoV-2 WA1/2020 => EBV NA-1
05/09/2024 10:31:01 AM INFO:: [User Change] SARS-CoV-2 Alpha; B.1.1.7 => CMV Antigens
05/09/2024 10:31:02 AM INFO:: [User Change] SARS-CoV-2 Beta; B.1.351 => Receptor Binding Domain (RBD)
05/09/2024 10:31:03 AM INFO:: [User Change] SARS-CoV-2 Delta; B.1.617.2 => Receptor Binding Domain (RBD)
05/09/2024 10:31:11 AM 
PMID: 33947773
05/09/2024 10:31:11 AM WARNING:: [Sex_at_Birth] Changing 'male | female' to 'other'
05/09/2024 10:31:11 AM Warning:: [Race] Changing 'Race' to 'other' and moving data to [Race Specify]
05/09/2024 10:31:11 AM Warning:: [Ethnicity] Changing list to other in ImmPort Templates
05/09/2024 10:31:12 AM INFO:: [Fuzzy] Closest Match Found. Changing SARS-CoV-2 Epsilon; B.1.427 => SARS-CoV-2 Epsilon; B.1.427 / B.1.429
05/09/2024 10:31:12 AM INFO:: [Fuzzy] Closest Match Found. Changing B.1.429 => SARS-CoV-2 Epsilon; B.1.427 / B.1.429
05/09/2024 10:31:12 AM [INFO]:: [Fuzzy] Biolayer interferometry => Bio-layer Interferometry Assay : score 83
05/09/2024 10:33:31 AM 
PMID: 35262027
05/09/2024 10:33:31 AM WARNING:: [Sex_at_Birth] Changing 'male | female' to 'other'
05/09/2024 10:33:31 AM Warning:: [Race] Changing 'Race' to 'other' and moving data to [Race Specify]
05/09/2024 10:33:31 AM Warning:: [Ethnicity] Changing list to other in ImmPort Templates
05/09/2024 10:33:34 AM INFO:: [User Change] Covid-19 => COVID-19
05/09/2024 10:33:35 AM INFO:: [User Change] Not Specified => Not Applicable
05/09/2024 10:35:51 AM 
PMID: 35262027
05/09/2024 10:35:51 AM WARNING:: [Sex_at_Birth] Changing 'male | female' to 'other'
05/09/2024 10:35:51 AM Warning:: [Race] Changing 'Race' to 'other' and moving data to [Race Specify]
05/09/2024 10:35:51 AM Warning:: [Ethnicity] Changing list to other in ImmPort Templates
05/09/2024 10:36:00 AM INFO:: [User Change] Covid-19 => COVID-19
05/09/2024 10:36:02 AM INFO:: [User Change] Not Specified => Not Applicable
05/09/2024 10:38:13 AM 
PMID: 33561010
05/09/2024 10:38:13 AM WARNING:: [Sex_at_Birth] Changing 'male | female' to 'other'
05/09/2024 10:38:13 AM WARNING:: [Sex_at_Birth] Changing 'male | female' to 'other'
05/09/2024 10:38:13 AM WARNING:: [Sex_at_Birth] Changing 'male | female' to 'other'
05/09/2024 10:38:13 AM WARNING:: [Sex_at_Birth] Changing 'male | female' to 'other'
05/09/2024 10:38:13 AM Warning:: [Race] Changing 'Race' to 'other' and moving data to [Race Specify]
05/09/2024 10:38:13 AM Warning:: [Race] Changing 'Race' to 'other' and moving data to [Race Specify]
05/09/2024 10:38:13 AM Warning:: [Race] Changing 'Race' to 'other' and moving data to [Race Specify]
05/09/2024 10:38:13 AM Warning:: [Race] Changing 'Race' to 'other' and moving data to [Race Specify]
05/09/2024 10:38:13 AM Warning:: [Race] Changing 'Race' to 'other' and moving data to [Race Specify]
05/09/2024 10:38:13 AM Warning:: [Ethnicity] Changing list to other in ImmPort Templates
05/09/2024 10:38:13 AM Warning:: [Ethnicity] Changing list to other in ImmPort Templates
05/09/2024 10:38:13 AM Warning:: [Ethnicity] Changing list to other in ImmPort Templates
05/09/2024 10:38:13 AM Warning:: [Ethnicity] Changing list to other in ImmPort Templates
05/09/2024 10:38:13 AM Warning:: [Ethnicity] Changing list to other in ImmPort Templates
05/09/2024 10:39:38 AM 
PMID: 33561010
05/09/2024 10:39:38 AM WARNING:: [Sex_at_Birth] Changing 'male | female' to 'other'
05/09/2024 10:39:38 AM WARNING:: [Sex_at_Birth] Changing 'male | female' to 'other'
05/09/2024 10:39:38 AM WARNING:: [Sex_at_Birth] Changing 'male | female' to 'other'
05/09/2024 10:39:38 AM WARNING:: [Sex_at_Birth] Changing 'male | female' to 'other'
05/09/2024 10:39:38 AM Warning:: [Race] Changing 'Race' to 'other' and moving data to [Race Specify]
05/09/2024 10:39:38 AM Warning:: [Race] Changing 'Race' to 'other' and moving data to [Race Specify]
05/09/2024 10:39:38 AM Warning:: [Race] Changing 'Race' to 'other' and moving data to [Race Specify]
05/09/2024 10:39:38 AM Warning:: [Race] Changing 'Race' to 'other' and moving data to [Race Specify]
05/09/2024 10:39:38 AM Warning:: [Race] Changing 'Race' to 'other' and moving data to [Race Specify]
05/09/2024 10:39:38 AM Warning:: [Ethnicity] Changing list to other in ImmPort Templates
05/09/2024 10:39:38 AM Warning:: [Ethnicity] Changing list to other in ImmPort Templates
05/09/2024 10:39:38 AM Warning:: [Ethnicity] Changing list to other in ImmPort Templates
05/09/2024 10:39:38 AM Warning:: [Ethnicity] Changing list to other in ImmPort Templates
05/09/2024 10:39:38 AM Warning:: [Ethnicity] Changing list to other in ImmPort Templates
05/09/2024 10:40:09 AM 
PMID: 33561010
05/09/2024 10:40:09 AM WARNING:: [Sex_at_Birth] Changing 'male | female' to 'other'
05/09/2024 10:40:09 AM WARNING:: [Sex_at_Birth] Changing 'male | female' to 'other'
05/09/2024 10:40:09 AM WARNING:: [Sex_at_Birth] Changing 'male | female' to 'other'
05/09/2024 10:40:09 AM WARNING:: [Sex_at_Birth] Changing 'male | female' to 'other'
05/09/2024 10:40:09 AM Warning:: [Race] Changing 'Race' to 'other' and moving data to [Race Specify]
05/09/2024 10:40:09 AM Warning:: [Race] Changing 'Race' to 'other' and moving data to [Race Specify]
05/09/2024 10:40:09 AM Warning:: [Race] Changing 'Race' to 'other' and moving data to [Race Specify]
05/09/2024 10:40:09 AM Warning:: [Race] Changing 'Race' to 'other' and moving data to [Race Specify]
05/09/2024 10:40:09 AM Warning:: [Race] Changing 'Race' to 'other' and moving data to [Race Specify]
05/09/2024 10:40:09 AM Warning:: [Ethnicity] Changing list to other in ImmPort Templates
05/09/2024 10:40:09 AM Warning:: [Ethnicity] Changing list to other in ImmPort Templates
05/09/2024 10:40:09 AM Warning:: [Ethnicity] Changing list to other in ImmPort Templates
05/09/2024 10:40:09 AM Warning:: [Ethnicity] Changing list to other in ImmPort Templates
05/09/2024 10:40:09 AM Warning:: [Ethnicity] Changing list to other in ImmPort Templates
05/09/2024 10:41:03 AM 
PMID: 33561010
05/09/2024 10:41:03 AM WARNING:: [Sex_at_Birth] Changing 'male | female' to 'other'
05/09/2024 10:41:03 AM WARNING:: [Sex_at_Birth] Changing 'male | female' to 'other'
05/09/2024 10:41:03 AM WARNING:: [Sex_at_Birth] Changing 'male | female' to 'other'
05/09/2024 10:41:03 AM WARNING:: [Sex_at_Birth] Changing 'male | female' to 'other'
05/09/2024 10:41:03 AM Warning:: [Race] Changing 'Race' to 'other' and moving data to [Race Specify]
05/09/2024 10:41:03 AM Warning:: [Race] Changing 'Race' to 'other' and moving data to [Race Specify]
05/09/2024 10:41:03 AM Warning:: [Race] Changing 'Race' to 'other' and moving data to [Race Specify]
05/09/2024 10:41:03 AM Warning:: [Race] Changing 'Race' to 'other' and moving data to [Race Specify]
05/09/2024 10:41:03 AM Warning:: [Race] Changing 'Race' to 'other' and moving data to [Race Specify]
05/09/2024 10:41:03 AM Warning:: [Ethnicity] Changing list to other in ImmPort Templates
05/09/2024 10:41:03 AM Warning:: [Ethnicity] Changing list to other in ImmPort Templates
05/09/2024 10:41:03 AM Warning:: [Ethnicity] Changing list to other in ImmPort Templates
05/09/2024 10:41:03 AM Warning:: [Ethnicity] Changing list to other in ImmPort Templates
05/09/2024 10:41:03 AM Warning:: [Ethnicity] Changing list to other in ImmPort Templates
05/09/2024 10:41:16 AM INFO:: [Fuzzy] Closest Match Found. Changing HCoVs - Seasonal (OC43 => HCoVs - Seasonal (OC43, HKU-1, NL63, 229E)
05/09/2024 10:41:16 AM INFO:: [Fuzzy] Closest Match Found. Changing HKU-1 => HCoVs - Seasonal (OC43, HKU-1, NL63, 229E)
05/09/2024 10:41:16 AM INFO:: [Fuzzy] Closest Match Found. Changing NL63 => HCoVs - Seasonal (OC43, HKU-1, NL63, 229E)
05/09/2024 10:41:16 AM INFO:: [Fuzzy] Closest Match Found. Changing 229E) => HCoVs - Seasonal (OC43, HKU-1, NL63, 229E)
05/09/2024 10:45:20 AM 
PMID: 33561010
05/09/2024 10:45:20 AM WARNING:: [Sex_at_Birth] Changing 'male | female' to 'other'
05/09/2024 10:45:20 AM WARNING:: [Sex_at_Birth] Changing 'male | female' to 'other'
05/09/2024 10:45:20 AM WARNING:: [Sex_at_Birth] Changing 'male | female' to 'other'
05/09/2024 10:45:20 AM WARNING:: [Sex_at_Birth] Changing 'male | female' to 'other'
05/09/2024 10:45:20 AM Warning:: [Race] Changing 'Race' to 'other' and moving data to [Race Specify]
05/09/2024 10:45:20 AM Warning:: [Race] Changing 'Race' to 'other' and moving data to [Race Specify]
05/09/2024 10:45:20 AM Warning:: [Race] Changing 'Race' to 'other' and moving data to [Race Specify]
05/09/2024 10:45:20 AM Warning:: [Race] Changing 'Race' to 'other' and moving data to [Race Specify]
05/09/2024 10:45:20 AM Warning:: [Race] Changing 'Race' to 'other' and moving data to [Race Specify]
05/09/2024 10:45:20 AM Warning:: [Ethnicity] Changing list to other in ImmPort Templates
05/09/2024 10:45:20 AM Warning:: [Ethnicity] Changing list to other in ImmPort Templates
05/09/2024 10:45:20 AM Warning:: [Ethnicity] Changing list to other in ImmPort Templates
05/09/2024 10:45:20 AM Warning:: [Ethnicity] Changing list to other in ImmPort Templates
05/09/2024 10:45:20 AM Warning:: [Ethnicity] Changing list to other in ImmPort Templates
05/09/2024 10:47:44 AM 
PMID: 33561010
05/09/2024 10:47:44 AM WARNING:: [Sex_at_Birth] Changing 'male | female' to 'other'
05/09/2024 10:47:44 AM WARNING:: [Sex_at_Birth] Changing 'male | female' to 'other'
05/09/2024 10:47:44 AM WARNING:: [Sex_at_Birth] Changing 'male | female' to 'other'
05/09/2024 10:47:44 AM WARNING:: [Sex_at_Birth] Changing 'male | female' to 'other'
05/09/2024 10:47:44 AM Warning:: [Race] Changing 'Race' to 'other' and moving data to [Race Specify]
05/09/2024 10:47:44 AM Warning:: [Race] Changing 'Race' to 'other' and moving data to [Race Specify]
05/09/2024 10:47:44 AM Warning:: [Race] Changing 'Race' to 'other' and moving data to [Race Specify]
05/09/2024 10:47:44 AM Warning:: [Race] Changing 'Race' to 'other' and moving data to [Race Specify]
05/09/2024 10:47:44 AM Warning:: [Race] Changing 'Race' to 'other' and moving data to [Race Specify]
05/09/2024 10:47:44 AM Warning:: [Ethnicity] Changing list to other in ImmPort Templates
05/09/2024 10:47:44 AM Warning:: [Ethnicity] Changing list to other in ImmPort Templates
05/09/2024 10:47:44 AM Warning:: [Ethnicity] Changing list to other in ImmPort Templates
05/09/2024 10:47:44 AM Warning:: [Ethnicity] Changing list to other in ImmPort Templates
05/09/2024 10:47:44 AM Warning:: [Ethnicity] Changing list to other in ImmPort Templates
05/09/2024 10:47:58 AM 
PMID: 33561010
05/09/2024 10:47:58 AM WARNING:: [Sex_at_Birth] Changing 'male | female' to 'other'
05/09/2024 10:47:58 AM WARNING:: [Sex_at_Birth] Changing 'male | female' to 'other'
05/09/2024 10:47:58 AM WARNING:: [Sex_at_Birth] Changing 'male | female' to 'other'
05/09/2024 10:47:58 AM WARNING:: [Sex_at_Birth] Changing 'male | female' to 'other'
05/09/2024 10:47:58 AM Warning:: [Race] Changing 'Race' to 'other' and moving data to [Race Specify]
05/09/2024 10:47:58 AM Warning:: [Race] Changing 'Race' to 'other' and moving data to [Race Specify]
05/09/2024 10:47:58 AM Warning:: [Race] Changing 'Race' to 'other' and moving data to [Race Specify]
05/09/2024 10:47:58 AM Warning:: [Race] Changing 'Race' to 'other' and moving data to [Race Specify]
05/09/2024 10:47:58 AM Warning:: [Race] Changing 'Race' to 'other' and moving data to [Race Specify]
05/09/2024 10:47:58 AM Warning:: [Ethnicity] Changing list to other in ImmPort Templates
05/09/2024 10:47:58 AM Warning:: [Ethnicity] Changing list to other in ImmPort Templates
05/09/2024 10:47:58 AM Warning:: [Ethnicity] Changing list to other in ImmPort Templates
05/09/2024 10:47:58 AM Warning:: [Ethnicity] Changing list to other in ImmPort Templates
05/09/2024 10:47:58 AM Warning:: [Ethnicity] Changing list to other in ImmPort Templates
05/09/2024 10:48:12 AM 
PMID: 33561010
05/09/2024 10:48:12 AM WARNING:: [Sex_at_Birth] Changing 'male | female' to 'other'
05/09/2024 10:48:12 AM WARNING:: [Sex_at_Birth] Changing 'male | female' to 'other'
05/09/2024 10:48:12 AM WARNING:: [Sex_at_Birth] Changing 'male | female' to 'other'
05/09/2024 10:48:12 AM WARNING:: [Sex_at_Birth] Changing 'male | female' to 'other'
05/09/2024 10:48:12 AM Warning:: [Race] Changing 'Race' to 'other' and moving data to [Race Specify]
05/09/2024 10:48:12 AM Warning:: [Race] Changing 'Race' to 'other' and moving data to [Race Specify]
05/09/2024 10:48:12 AM Warning:: [Race] Changing 'Race' to 'other' and moving data to [Race Specify]
05/09/2024 10:48:12 AM Warning:: [Race] Changing 'Race' to 'other' and moving data to [Race Specify]
05/09/2024 10:48:12 AM Warning:: [Race] Changing 'Race' to 'other' and moving data to [Race Specify]
05/09/2024 10:48:12 AM Warning:: [Ethnicity] Changing list to other in ImmPort Templates
05/09/2024 10:48:12 AM Warning:: [Ethnicity] Changing list to other in ImmPort Templates
05/09/2024 10:48:12 AM Warning:: [Ethnicity] Changing list to other in ImmPort Templates
05/09/2024 10:48:12 AM Warning:: [Ethnicity] Changing list to other in ImmPort Templates
05/09/2024 10:48:12 AM Warning:: [Ethnicity] Changing list to other in ImmPort Templates
05/09/2024 10:48:34 AM 
PMID: 33561010
05/09/2024 10:48:34 AM WARNING:: [Sex_at_Birth] Changing 'male | female' to 'other'
05/09/2024 10:48:34 AM WARNING:: [Sex_at_Birth] Changing 'male | female' to 'other'
05/09/2024 10:48:34 AM WARNING:: [Sex_at_Birth] Changing 'male | female' to 'other'
05/09/2024 10:48:34 AM WARNING:: [Sex_at_Birth] Changing 'male | female' to 'other'
05/09/2024 10:48:34 AM Warning:: [Race] Changing 'Race' to 'other' and moving data to [Race Specify]
05/09/2024 10:48:34 AM Warning:: [Race] Changing 'Race' to 'other' and moving data to [Race Specify]
05/09/2024 10:48:34 AM Warning:: [Race] Changing 'Race' to 'other' and moving data to [Race Specify]
05/09/2024 10:48:34 AM Warning:: [Race] Changing 'Race' to 'other' and moving data to [Race Specify]
05/09/2024 10:48:34 AM Warning:: [Race] Changing 'Race' to 'other' and moving data to [Race Specify]
05/09/2024 10:48:34 AM Warning:: [Ethnicity] Changing list to other in ImmPort Templates
05/09/2024 10:48:34 AM Warning:: [Ethnicity] Changing list to other in ImmPort Templates
05/09/2024 10:48:34 AM Warning:: [Ethnicity] Changing list to other in ImmPort Templates
05/09/2024 10:48:34 AM Warning:: [Ethnicity] Changing list to other in ImmPort Templates
05/09/2024 10:48:34 AM Warning:: [Ethnicity] Changing list to other in ImmPort Templates
05/09/2024 10:48:52 AM 
PMID: 33561010
05/09/2024 10:48:52 AM WARNING:: [Sex_at_Birth] Changing 'male | female' to 'other'
05/09/2024 10:48:52 AM WARNING:: [Sex_at_Birth] Changing 'male | female' to 'other'
05/09/2024 10:48:52 AM WARNING:: [Sex_at_Birth] Changing 'male | female' to 'other'
05/09/2024 10:48:52 AM WARNING:: [Sex_at_Birth] Changing 'male | female' to 'other'
05/09/2024 10:48:52 AM Warning:: [Race] Changing 'Race' to 'other' and moving data to [Race Specify]
05/09/2024 10:48:52 AM Warning:: [Race] Changing 'Race' to 'other' and moving data to [Race Specify]
05/09/2024 10:48:52 AM Warning:: [Race] Changing 'Race' to 'other' and moving data to [Race Specify]
05/09/2024 10:48:52 AM Warning:: [Race] Changing 'Race' to 'other' and moving data to [Race Specify]
05/09/2024 10:48:52 AM Warning:: [Race] Changing 'Race' to 'other' and moving data to [Race Specify]
05/09/2024 10:48:52 AM Warning:: [Ethnicity] Changing list to other in ImmPort Templates
05/09/2024 10:48:52 AM Warning:: [Ethnicity] Changing list to other in ImmPort Templates
05/09/2024 10:48:52 AM Warning:: [Ethnicity] Changing list to other in ImmPort Templates
05/09/2024 10:48:52 AM Warning:: [Ethnicity] Changing list to other in ImmPort Templates
05/09/2024 10:48:52 AM Warning:: [Ethnicity] Changing list to other in ImmPort Templates
05/09/2024 10:49:08 AM 
PMID: 33561010
05/09/2024 10:49:08 AM WARNING:: [Sex_at_Birth] Changing 'male | female' to 'other'
05/09/2024 10:49:08 AM WARNING:: [Sex_at_Birth] Changing 'male | female' to 'other'
05/09/2024 10:49:08 AM WARNING:: [Sex_at_Birth] Changing 'male | female' to 'other'
05/09/2024 10:49:08 AM WARNING:: [Sex_at_Birth] Changing 'male | female' to 'other'
05/09/2024 10:49:08 AM Warning:: [Race] Changing 'Race' to 'other' and moving data to [Race Specify]
05/09/2024 10:49:08 AM Warning:: [Race] Changing 'Race' to 'other' and moving data to [Race Specify]
05/09/2024 10:49:08 AM Warning:: [Race] Changing 'Race' to 'other' and moving data to [Race Specify]
05/09/2024 10:49:08 AM Warning:: [Race] Changing 'Race' to 'other' and moving data to [Race Specify]
05/09/2024 10:49:08 AM Warning:: [Race] Changing 'Race' to 'other' and moving data to [Race Specify]
05/09/2024 10:49:08 AM Warning:: [Ethnicity] Changing list to other in ImmPort Templates
05/09/2024 10:49:08 AM Warning:: [Ethnicity] Changing list to other in ImmPort Templates
05/09/2024 10:49:08 AM Warning:: [Ethnicity] Changing list to other in ImmPort Templates
05/09/2024 10:49:08 AM Warning:: [Ethnicity] Changing list to other in ImmPort Templates
05/09/2024 10:49:08 AM Warning:: [Ethnicity] Changing list to other in ImmPort Templates
05/09/2024 10:50:39 AM 
PMID: 34957381
05/09/2024 10:50:39 AM WARNING:: [inclusion exclusion] Changing Yes => Inclusion
05/09/2024 10:50:42 AM INFO:: [User Change] Covid-19 => COVID-19
05/09/2024 10:53:37 AM 
PMID: 34957381
05/09/2024 10:53:37 AM WARNING:: [inclusion exclusion] Changing Yes => Inclusion
05/09/2024 10:53:40 AM INFO:: [User Change] Covid-19 => COVID-19
05/09/2024 10:57:17 AM 
PMID: 34957381
05/09/2024 10:57:17 AM WARNING:: [inclusion exclusion] Changing Yes => Inclusion
05/09/2024 10:57:22 AM INFO:: [User Change] Covid-19 => COVID-19
05/09/2024 11:00:48 AM 
PMID: 34957381
05/09/2024 11:00:48 AM WARNING:: [inclusion exclusion] Changing Yes => Inclusion
05/09/2024 11:00:58 AM INFO:: [User Change] Covid-19 => COVID-19
05/09/2024 11:06:25 AM 
PMID: 34957381
05/09/2024 11:06:25 AM WARNING:: [inclusion exclusion] Changing Yes => Inclusion
05/09/2024 11:06:29 AM INFO:: [User Change] Covid-19 => COVID-19
05/09/2024 11:06:50 AM 
PMID: 34957381
05/09/2024 11:06:50 AM WARNING:: [inclusion exclusion] Changing Yes => Inclusion
05/09/2024 11:06:51 AM INFO:: [User Change] Covid-19 => COVID-19
05/09/2024 11:08:36 AM 
PMID: 34957381
05/09/2024 11:08:36 AM WARNING:: [inclusion exclusion] Changing Yes => Inclusion
05/09/2024 11:08:37 AM INFO:: [User Change] Covid-19 => COVID-19
05/09/2024 11:10:10 AM 
PMID: 34957381
05/09/2024 11:10:10 AM WARNING:: [inclusion exclusion] Changing Yes => Inclusion
05/09/2024 11:10:12 AM INFO:: [User Change] Covid-19 => COVID-19
05/09/2024 11:21:32 AM 
PMID: 35607747
05/09/2024 11:21:32 AM WARNING:: [Sex_at_Birth] Changing 'male | female' to 'other'
05/09/2024 11:21:32 AM WARNING:: [Sex_at_Birth] Changing 'male | female' to 'other'
05/09/2024 11:21:32 AM Warning:: [Race] Changing 'Race' to 'other' and moving data to [Race Specify]
05/09/2024 11:21:32 AM Warning:: [Race] Changing 'Race' to 'other' and moving data to [Race Specify]
05/09/2024 11:21:32 AM Warning:: [Ethnicity] Changing list to other in ImmPort Templates
05/09/2024 11:21:32 AM Warning:: [Ethnicity] Changing list to other in ImmPort Templates
05/09/2024 11:21:32 AM ERROR:: [planned visit] Check user defined ID
05/09/2024 11:22:10 AM 
PMID: 35607747
05/09/2024 11:22:10 AM WARNING:: [Sex_at_Birth] Changing 'male | female' to 'other'
05/09/2024 11:22:10 AM WARNING:: [Sex_at_Birth] Changing 'male | female' to 'other'
05/09/2024 11:22:10 AM Warning:: [Race] Changing 'Race' to 'other' and moving data to [Race Specify]
05/09/2024 11:22:10 AM Warning:: [Race] Changing 'Race' to 'other' and moving data to [Race Specify]
05/09/2024 11:22:10 AM Warning:: [Ethnicity] Changing list to other in ImmPort Templates
05/09/2024 11:22:10 AM Warning:: [Ethnicity] Changing list to other in ImmPort Templates
05/09/2024 11:24:25 AM 
PMID: 33947773
05/09/2024 11:24:25 AM WARNING:: [Sex_at_Birth] Changing 'male | female' to 'other'
05/09/2024 11:24:25 AM Warning:: [Race] Changing 'Race' to 'other' and moving data to [Race Specify]
05/09/2024 11:24:25 AM Warning:: [Ethnicity] Changing list to other in ImmPort Templates
05/09/2024 11:24:25 AM INFO:: [Fuzzy] Closest Match Found. Changing SARS-CoV-2 Epsilon; B.1.427 => SARS-CoV-2 Epsilon; B.1.427 / B.1.429
05/09/2024 11:24:25 AM INFO:: [Fuzzy] Closest Match Found. Changing B.1.429 => SARS-CoV-2 Epsilon; B.1.427 / B.1.429
05/09/2024 11:24:25 AM [INFO]:: [Fuzzy] Biolayer interferometry => Bio-layer Interferometry Assay : score 83
05/09/2024 01:18:43 PM 
PMID: 37674985
05/09/2024 01:18:43 PM Error:: [planned visit] Same order number used more than once
05/09/2024 01:20:06 PM 
PMID: 36962464
05/09/2024 01:20:06 PM WARNING:: [Sex_at_Birth] Changing 'male | female' to 'other'
05/09/2024 01:20:06 PM WARNING:: [Sex_at_Birth] Changing 'male | female' to 'other'
05/09/2024 01:20:06 PM WARNING:: [Sex_at_Birth] Changing 'male | female' to 'other'
05/09/2024 01:20:06 PM Warning:: [Race] Changing 'Race' to 'other' and moving data to [Race Specify]
05/09/2024 01:20:06 PM Warning:: [Race] Changing 'Race' to 'other' and moving data to [Race Specify]
05/09/2024 01:20:06 PM Warning:: [Race] Changing 'Race' to 'other' and moving data to [Race Specify]
05/09/2024 01:20:06 PM Warning:: [Ethnicity] Changing list to other in ImmPort Templates
05/09/2024 01:20:06 PM Warning:: [Ethnicity] Changing list to other in ImmPort Templates
05/09/2024 01:20:06 PM Warning:: [Ethnicity] Changing list to other in ImmPort Templates
05/09/2024 01:20:17 PM INFO:: [User Change] Not Specified => Not Applicable
05/09/2024 01:20:31 PM 
PMID: 36008435
05/09/2024 01:25:39 PM 
PMID: 33947773
05/09/2024 01:25:39 PM WARNING:: [Sex_at_Birth] Changing 'male | female' to 'other'
05/09/2024 01:25:39 PM Warning:: [Race] Changing 'Race' to 'other' and moving data to [Race Specify]
05/09/2024 01:25:39 PM Warning:: [Ethnicity] Changing list to other in ImmPort Templates
05/09/2024 01:25:40 PM INFO:: [Fuzzy] Closest Match Found. Changing SARS-CoV-2 Epsilon; B.1.427 => SARS-CoV-2 Epsilon; B.1.427 / B.1.429
05/09/2024 01:25:40 PM INFO:: [Fuzzy] Closest Match Found. Changing B.1.429 => SARS-CoV-2 Epsilon; B.1.427 / B.1.429
05/09/2024 01:25:40 PM [INFO]:: [Fuzzy] Biolayer interferometry => Bio-layer Interferometry Assay : score 83
05/09/2024 01:25:58 PM 
PMID: 33947773
05/09/2024 01:25:58 PM WARNING:: [Sex_at_Birth] Changing 'male | female' to 'other'
05/09/2024 01:25:58 PM Warning:: [Race] Changing 'Race' to 'other' and moving data to [Race Specify]
05/09/2024 01:25:58 PM Warning:: [Ethnicity] Changing list to other in ImmPort Templates
05/09/2024 01:25:58 PM INFO:: [Fuzzy] Closest Match Found. Changing SARS-CoV-2 Epsilon; B.1.427 => SARS-CoV-2 Epsilon; B.1.427 / B.1.429
05/09/2024 01:25:58 PM INFO:: [Fuzzy] Closest Match Found. Changing B.1.429 => SARS-CoV-2 Epsilon; B.1.427 / B.1.429
05/09/2024 01:30:57 PM 
PMID: 36889306
05/09/2024 01:30:57 PM WARNING:: [Sex_at_Birth] Changing 'male | female' to 'other'
05/09/2024 01:30:57 PM WARNING:: [Sex_at_Birth] Changing 'male | female' to 'other'
05/09/2024 01:30:57 PM WARNING:: [Sex_at_Birth] Changing 'male | female' to 'other'
05/09/2024 01:30:57 PM WARNING:: [Sex_at_Birth] Changing 'male | female' to 'other'
05/09/2024 01:30:57 PM Warning:: [Race] Changing 'Race' to 'other' and moving data to [Race Specify]
05/09/2024 01:30:57 PM Warning:: [Race] Changing 'Race' to 'other' and moving data to [Race Specify]
05/09/2024 01:30:57 PM Warning:: [Race] Changing 'Race' to 'other' and moving data to [Race Specify]
05/09/2024 01:30:57 PM Warning:: [Race] Changing 'Race' to 'other' and moving data to [Race Specify]
05/09/2024 01:30:57 PM Warning:: [Ethnicity] Changing list to other in ImmPort Templates
05/09/2024 01:30:57 PM Warning:: [Ethnicity] Changing list to other in ImmPort Templates
05/09/2024 01:30:57 PM Warning:: [Ethnicity] Changing list to other in ImmPort Templates
05/09/2024 01:30:57 PM Warning:: [Ethnicity] Changing list to other in ImmPort Templates
05/09/2024 01:31:40 PM 
PMID: 36889306
05/09/2024 01:31:40 PM WARNING:: [Sex_at_Birth] Changing 'male | female' to 'other'
05/09/2024 01:31:40 PM WARNING:: [Sex_at_Birth] Changing 'male | female' to 'other'
05/09/2024 01:31:40 PM WARNING:: [Sex_at_Birth] Changing 'male | female' to 'other'
05/09/2024 01:31:40 PM WARNING:: [Sex_at_Birth] Changing 'male | female' to 'other'
05/09/2024 01:31:40 PM Warning:: [Race] Changing 'Race' to 'other' and moving data to [Race Specify]
05/09/2024 01:31:40 PM Warning:: [Race] Changing 'Race' to 'other' and moving data to [Race Specify]
05/09/2024 01:31:40 PM Warning:: [Race] Changing 'Race' to 'other' and moving data to [Race Specify]
05/09/2024 01:31:40 PM Warning:: [Race] Changing 'Race' to 'other' and moving data to [Race Specify]
05/09/2024 01:31:40 PM Warning:: [Ethnicity] Changing list to other in ImmPort Templates
05/09/2024 01:31:40 PM Warning:: [Ethnicity] Changing list to other in ImmPort Templates
05/09/2024 01:31:40 PM Warning:: [Ethnicity] Changing list to other in ImmPort Templates
05/09/2024 01:31:40 PM Warning:: [Ethnicity] Changing list to other in ImmPort Templates
05/09/2024 01:32:05 PM 
PMID: 36889306
05/09/2024 01:32:05 PM WARNING:: [Sex_at_Birth] Changing 'male | female' to 'other'
05/09/2024 01:32:05 PM WARNING:: [Sex_at_Birth] Changing 'male | female' to 'other'
05/09/2024 01:32:05 PM WARNING:: [Sex_at_Birth] Changing 'male | female' to 'other'
05/09/2024 01:32:05 PM WARNING:: [Sex_at_Birth] Changing 'male | female' to 'other'
05/09/2024 01:32:05 PM Warning:: [Race] Changing 'Race' to 'other' and moving data to [Race Specify]
05/09/2024 01:32:05 PM Warning:: [Race] Changing 'Race' to 'other' and moving data to [Race Specify]
05/09/2024 01:32:05 PM Warning:: [Race] Changing 'Race' to 'other' and moving data to [Race Specify]
05/09/2024 01:32:05 PM Warning:: [Race] Changing 'Race' to 'other' and moving data to [Race Specify]
05/09/2024 01:32:05 PM Warning:: [Ethnicity] Changing list to other in ImmPort Templates
05/09/2024 01:32:05 PM Warning:: [Ethnicity] Changing list to other in ImmPort Templates
05/09/2024 01:32:05 PM Warning:: [Ethnicity] Changing list to other in ImmPort Templates
05/09/2024 01:32:05 PM Warning:: [Ethnicity] Changing list to other in ImmPort Templates
05/09/2024 01:36:34 PM 
PMID: 36889306
05/09/2024 01:36:34 PM WARNING:: [Sex_at_Birth] Changing 'male | female' to 'other'
05/09/2024 01:36:34 PM WARNING:: [Sex_at_Birth] Changing 'male | female' to 'other'
05/09/2024 01:36:34 PM WARNING:: [Sex_at_Birth] Changing 'male | female' to 'other'
05/09/2024 01:36:34 PM WARNING:: [Sex_at_Birth] Changing 'male | female' to 'other'
05/09/2024 01:36:34 PM Warning:: [Race] Changing 'Race' to 'other' and moving data to [Race Specify]
05/09/2024 01:36:34 PM Warning:: [Race] Changing 'Race' to 'other' and moving data to [Race Specify]
05/09/2024 01:36:34 PM Warning:: [Race] Changing 'Race' to 'other' and moving data to [Race Specify]
05/09/2024 01:36:34 PM Warning:: [Race] Changing 'Race' to 'other' and moving data to [Race Specify]
05/09/2024 01:36:34 PM Warning:: [Ethnicity] Changing list to other in ImmPort Templates
05/09/2024 01:36:34 PM Warning:: [Ethnicity] Changing list to other in ImmPort Templates
05/09/2024 01:36:34 PM Warning:: [Ethnicity] Changing list to other in ImmPort Templates
05/09/2024 01:36:34 PM Warning:: [Ethnicity] Changing list to other in ImmPort Templates
05/09/2024 01:36:52 PM INFO:: [Fuzzy] Closest Match Found. Changing HCoVs - Seasonal (OC43 => HCoVs - Seasonal (OC43, HKU-1, NL63, 229E)
05/09/2024 01:36:52 PM INFO:: [Fuzzy] Closest Match Found. Changing HKU-1 => HCoVs - Seasonal (OC43, HKU-1, NL63, 229E)
05/09/2024 01:36:52 PM INFO:: [Fuzzy] Closest Match Found. Changing NL63 => HCoVs - Seasonal (OC43, HKU-1, NL63, 229E)
05/09/2024 01:36:52 PM INFO:: [Fuzzy] Closest Match Found. Changing 229E) => HCoVs - Seasonal (OC43, HKU-1, NL63, 229E)
05/09/2024 01:36:52 PM INFO:: [Fuzzy] Closest Match Found. Changing SARS-CoV-2 MA10 => SARS-CoV-2 MA10 [mouse adapted]
05/09/2024 01:36:52 PM [INFO]:: [Fuzzy] SARS-CoV-1 MA15 => SARS-CoV-1 : score 80
05/09/2024 01:36:52 PM INFO:: [Fuzzy] Closest Match Found. Changing SARS-CoV-2 MA10 => SARS-CoV-2 MA10 [mouse adapted]
05/09/2024 01:36:52 PM INFO:: [Fuzzy] Closest Match Found. Changing HCoVs - Seasonal (OC43 => HCoVs - Seasonal (OC43, HKU-1, NL63, 229E)
05/09/2024 01:36:52 PM INFO:: [Fuzzy] Closest Match Found. Changing HKU-1 => HCoVs - Seasonal (OC43, HKU-1, NL63, 229E)
05/09/2024 01:36:52 PM INFO:: [Fuzzy] Closest Match Found. Changing NL63 => HCoVs - Seasonal (OC43, HKU-1, NL63, 229E)
05/09/2024 01:36:52 PM INFO:: [Fuzzy] Closest Match Found. Changing 229E) => HCoVs - Seasonal (OC43, HKU-1, NL63, 229E)
05/09/2024 01:36:52 PM INFO:: [Fuzzy] Closest Match Found. Changing WIV1 => WIV1 (bat)
05/09/2024 01:37:21 PM INFO:: [User Change] Pang17 => Not Applicable
05/09/2024 01:37:21 PM INFO:: [Fuzzy] Closest Match Found. Changing HCoVs - Seasonal (OC43 => HCoVs - Seasonal (OC43, HKU-1, NL63, 229E)
05/09/2024 01:37:21 PM INFO:: [Fuzzy] Closest Match Found. Changing HKU-1 => HCoVs - Seasonal (OC43, HKU-1, NL63, 229E)
05/09/2024 01:37:21 PM INFO:: [Fuzzy] Closest Match Found. Changing NL63 => HCoVs - Seasonal (OC43, HKU-1, NL63, 229E)
05/09/2024 01:37:21 PM INFO:: [Fuzzy] Closest Match Found. Changing 229E) => HCoVs - Seasonal (OC43, HKU-1, NL63, 229E)
05/09/2024 01:38:39 PM 
PMID: 36975207
05/09/2024 01:38:39 PM WARNING:: [Sex_at_Birth] Changing 'male | female' to 'other'
05/09/2024 01:38:39 PM Warning:: [Race] Changing 'Race' to 'other' and moving data to [Race Specify]
05/09/2024 01:38:39 PM Warning:: [Ethnicity] Changing list to other in ImmPort Templates
05/09/2024 01:39:23 PM 
PMID: 36975207
05/09/2024 01:39:23 PM WARNING:: [Sex_at_Birth] Changing 'male | female' to 'other'
05/09/2024 01:39:23 PM Warning:: [Race] Changing 'Race' to 'other' and moving data to [Race Specify]
05/09/2024 01:39:23 PM Warning:: [Ethnicity] Changing list to other in ImmPort Templates
05/09/2024 01:39:36 PM 
PMID: 36975207
05/09/2024 01:39:36 PM WARNING:: [Sex_at_Birth] Changing 'male | female' to 'other'
05/09/2024 01:39:36 PM Warning:: [Race] Changing 'Race' to 'other' and moving data to [Race Specify]
05/09/2024 01:39:36 PM Warning:: [Ethnicity] Changing list to other in ImmPort Templates
05/09/2024 01:40:09 PM 
PMID: 36975207
05/09/2024 01:40:09 PM WARNING:: [Sex_at_Birth] Changing 'male | female' to 'other'
05/09/2024 01:40:09 PM Warning:: [Race] Changing 'Race' to 'other' and moving data to [Race Specify]
05/09/2024 01:40:09 PM Warning:: [Ethnicity] Changing list to other in ImmPort Templates
05/09/2024 01:40:36 PM 
PMID: 36975207
05/09/2024 01:40:36 PM WARNING:: [Sex_at_Birth] Changing 'male | female' to 'other'
05/09/2024 01:40:36 PM Warning:: [Race] Changing 'Race' to 'other' and moving data to [Race Specify]
05/09/2024 01:40:36 PM Warning:: [Ethnicity] Changing list to other in ImmPort Templates
05/09/2024 01:40:41 PM [INFO]:: [Fuzzy] SARS-CoV-2 Omicron; B.1.1.530 => SARS-CoV-2 Omicron; B.1.1.529 : score 93
05/09/2024 01:40:41 PM [INFO]:: [Fuzzy] SARS-CoV-2 Omicron; B.1.1.530 => SARS-CoV-2 Omicron; B.1.1.529 : score 93
05/09/2024 01:42:05 PM 
PMID: 37674985
05/09/2024 01:42:28 PM INFO:: [Fuzzy] Closest Match Found. Changing plasma => Plasma
05/09/2024 01:42:28 PM INFO:: [Fuzzy] Closest Match Found. Changing plasma => Plasma
05/09/2024 01:44:02 PM 
PMID: 37674985
05/09/2024 01:44:02 PM INFO:: [Fuzzy] Closest Match Found. Changing plasma => Plasma
05/09/2024 01:44:02 PM INFO:: [Fuzzy] Closest Match Found. Changing plasma => Plasma
05/09/2024 02:01:06 PM 
PMID: 36889306
05/09/2024 02:01:06 PM WARNING:: [Sex_at_Birth] Changing 'male | female' to 'other'
05/09/2024 02:01:06 PM WARNING:: [Sex_at_Birth] Changing 'male | female' to 'other'
05/09/2024 02:01:06 PM WARNING:: [Sex_at_Birth] Changing 'male | female' to 'other'
05/09/2024 02:01:06 PM WARNING:: [Sex_at_Birth] Changing 'male | female' to 'other'
05/09/2024 02:01:06 PM Warning:: [Race] Changing 'Race' to 'other' and moving data to [Race Specify]
05/09/2024 02:01:06 PM Warning:: [Race] Changing 'Race' to 'other' and moving data to [Race Specify]
05/09/2024 02:01:06 PM Warning:: [Race] Changing 'Race' to 'other' and moving data to [Race Specify]
05/09/2024 02:01:06 PM Warning:: [Race] Changing 'Race' to 'other' and moving data to [Race Specify]
05/09/2024 02:01:06 PM Warning:: [Ethnicity] Changing list to other in ImmPort Templates
05/09/2024 02:01:06 PM Warning:: [Ethnicity] Changing list to other in ImmPort Templates
05/09/2024 02:01:06 PM Warning:: [Ethnicity] Changing list to other in ImmPort Templates
05/09/2024 02:01:06 PM Warning:: [Ethnicity] Changing list to other in ImmPort Templates
05/09/2024 02:01:06 PM INFO:: [Fuzzy] Closest Match Found. Changing HCoVs - Seasonal (OC43 => HCoVs - Seasonal (OC43, HKU-1, NL63, 229E)
05/09/2024 02:01:06 PM INFO:: [Fuzzy] Closest Match Found. Changing HKU-1 => HCoVs - Seasonal (OC43, HKU-1, NL63, 229E)
05/09/2024 02:01:06 PM INFO:: [Fuzzy] Closest Match Found. Changing NL63 => HCoVs - Seasonal (OC43, HKU-1, NL63, 229E)
05/09/2024 02:01:06 PM INFO:: [Fuzzy] Closest Match Found. Changing 229E) => HCoVs - Seasonal (OC43, HKU-1, NL63, 229E)
05/09/2024 02:01:06 PM INFO:: [Fuzzy] Closest Match Found. Changing SARS-CoV-2 MA10 => SARS-CoV-2 MA10 [mouse adapted]
05/09/2024 02:01:06 PM [INFO]:: [Fuzzy] SARS-CoV-1 MA15 => SARS-CoV-1 : score 80
05/09/2024 02:01:06 PM INFO:: [Fuzzy] Closest Match Found. Changing SARS-CoV-2 MA10 => SARS-CoV-2 MA10 [mouse adapted]
05/09/2024 02:01:06 PM INFO:: [Fuzzy] Closest Match Found. Changing HCoVs - Seasonal (OC43 => HCoVs - Seasonal (OC43, HKU-1, NL63, 229E)
05/09/2024 02:01:06 PM INFO:: [Fuzzy] Closest Match Found. Changing HKU-1 => HCoVs - Seasonal (OC43, HKU-1, NL63, 229E)
05/09/2024 02:01:06 PM INFO:: [Fuzzy] Closest Match Found. Changing NL63 => HCoVs - Seasonal (OC43, HKU-1, NL63, 229E)
05/09/2024 02:01:06 PM INFO:: [Fuzzy] Closest Match Found. Changing 229E) => HCoVs - Seasonal (OC43, HKU-1, NL63, 229E)
05/09/2024 02:01:06 PM INFO:: [Fuzzy] Closest Match Found. Changing WIV1 => WIV1 (bat)
05/09/2024 02:01:06 PM INFO:: [Fuzzy] Closest Match Found. Changing HCoVs - Seasonal (OC43 => HCoVs - Seasonal (OC43, HKU-1, NL63, 229E)
05/09/2024 02:01:06 PM INFO:: [Fuzzy] Closest Match Found. Changing HKU-1 => HCoVs - Seasonal (OC43, HKU-1, NL63, 229E)
05/09/2024 02:01:06 PM INFO:: [Fuzzy] Closest Match Found. Changing NL63 => HCoVs - Seasonal (OC43, HKU-1, NL63, 229E)
05/09/2024 02:01:06 PM INFO:: [Fuzzy] Closest Match Found. Changing 229E) => HCoVs - Seasonal (OC43, HKU-1, NL63, 229E)
05/09/2024 02:02:41 PM 
PMID: 36889306
05/09/2024 02:02:41 PM WARNING:: [Sex_at_Birth] Changing 'male | female' to 'other'
05/09/2024 02:02:41 PM WARNING:: [Sex_at_Birth] Changing 'male | female' to 'other'
05/09/2024 02:02:41 PM WARNING:: [Sex_at_Birth] Changing 'male | female' to 'other'
05/09/2024 02:02:41 PM WARNING:: [Sex_at_Birth] Changing 'male | female' to 'other'
05/09/2024 02:02:41 PM Warning:: [Race] Changing 'Race' to 'other' and moving data to [Race Specify]
05/09/2024 02:02:41 PM Warning:: [Race] Changing 'Race' to 'other' and moving data to [Race Specify]
05/09/2024 02:02:41 PM Warning:: [Race] Changing 'Race' to 'other' and moving data to [Race Specify]
05/09/2024 02:02:41 PM Warning:: [Race] Changing 'Race' to 'other' and moving data to [Race Specify]
05/09/2024 02:02:41 PM Warning:: [Ethnicity] Changing list to other in ImmPort Templates
05/09/2024 02:02:41 PM Warning:: [Ethnicity] Changing list to other in ImmPort Templates
05/09/2024 02:02:41 PM Warning:: [Ethnicity] Changing list to other in ImmPort Templates
05/09/2024 02:02:41 PM Warning:: [Ethnicity] Changing list to other in ImmPort Templates
05/09/2024 02:02:41 PM INFO:: [Fuzzy] Closest Match Found. Changing HCoVs - Seasonal (OC43 => HCoVs - Seasonal (OC43, HKU-1, NL63, 229E)
05/09/2024 02:02:41 PM INFO:: [Fuzzy] Closest Match Found. Changing HKU-1 => HCoVs - Seasonal (OC43, HKU-1, NL63, 229E)
05/09/2024 02:02:41 PM INFO:: [Fuzzy] Closest Match Found. Changing NL63 => HCoVs - Seasonal (OC43, HKU-1, NL63, 229E)
05/09/2024 02:02:41 PM INFO:: [Fuzzy] Closest Match Found. Changing 229E) => HCoVs - Seasonal (OC43, HKU-1, NL63, 229E)
05/09/2024 02:02:41 PM INFO:: [Fuzzy] Closest Match Found. Changing SARS-CoV-2 MA10 => SARS-CoV-2 MA10 [mouse adapted]
05/09/2024 02:02:41 PM [INFO]:: [Fuzzy] SARS-CoV-1 MA15 => SARS-CoV-1 : score 80
05/09/2024 02:02:41 PM INFO:: [Fuzzy] Closest Match Found. Changing SARS-CoV-2 MA10 => SARS-CoV-2 MA10 [mouse adapted]
05/09/2024 02:02:41 PM INFO:: [Fuzzy] Closest Match Found. Changing HCoVs - Seasonal (OC43 => HCoVs - Seasonal (OC43, HKU-1, NL63, 229E)
05/09/2024 02:02:41 PM INFO:: [Fuzzy] Closest Match Found. Changing HKU-1 => HCoVs - Seasonal (OC43, HKU-1, NL63, 229E)
05/09/2024 02:02:41 PM INFO:: [Fuzzy] Closest Match Found. Changing NL63 => HCoVs - Seasonal (OC43, HKU-1, NL63, 229E)
05/09/2024 02:02:41 PM INFO:: [Fuzzy] Closest Match Found. Changing 229E) => HCoVs - Seasonal (OC43, HKU-1, NL63, 229E)
05/09/2024 02:02:41 PM INFO:: [Fuzzy] Closest Match Found. Changing WIV1 => WIV1 (bat)
05/09/2024 02:02:41 PM INFO:: [Fuzzy] Closest Match Found. Changing HCoVs - Seasonal (OC43 => HCoVs - Seasonal (OC43, HKU-1, NL63, 229E)
05/09/2024 02:02:41 PM INFO:: [Fuzzy] Closest Match Found. Changing HKU-1 => HCoVs - Seasonal (OC43, HKU-1, NL63, 229E)
05/09/2024 02:02:41 PM INFO:: [Fuzzy] Closest Match Found. Changing NL63 => HCoVs - Seasonal (OC43, HKU-1, NL63, 229E)
05/09/2024 02:02:41 PM INFO:: [Fuzzy] Closest Match Found. Changing 229E) => HCoVs - Seasonal (OC43, HKU-1, NL63, 229E)
05/09/2024 03:01:11 PM 
PMID: 37034427
05/09/2024 03:01:11 PM WARNING:: [Sex_at_Birth] Changing 'male | female' to 'other'
05/09/2024 03:01:11 PM Warning:: [Race] Changing 'Race' to 'other' and moving data to [Race Specify]
05/09/2024 03:01:11 PM Warning:: [Ethnicity] Changing list to other in ImmPort Templates
05/09/2024 03:01:33 PM INFO:: [User Change] Not Specified => Not Applicable
05/09/2024 03:03:48 PM 
PMID: 12345678
05/09/2024 03:03:48 PM WARNING:: [Sex_at_Birth] Changing 'male | female' to 'other'
05/09/2024 03:03:48 PM Warning:: [Race] Changing 'Race' to 'other' and moving data to [Race Specify]
05/09/2024 03:03:48 PM Warning:: [Ethnicity] Changing list to other in ImmPort Templates
05/09/2024 03:03:49 PM INFO:: [Fuzzy] Closest Match Found. Changing Immunosuppressive Disorder => Immunosuppressive Disorder 
05/09/2024 03:03:49 PM [INFO]:: [Fuzzy] Lung Disease => Lung Disease
 : score 96
05/09/2024 03:03:51 PM INFO:: [User Change] Not Specified => Not Applicable
05/09/2024 03:03:51 PM INFO:: [Fuzzy] Closest Match Found. Changing SARS-CoV-2 Epsilon; B.1.427 => SARS-CoV-2 Epsilon; B.1.427 / B.1.429
05/09/2024 03:03:51 PM INFO:: [Fuzzy] Closest Match Found. Changing B.1.429 => SARS-CoV-2 Epsilon; B.1.427 / B.1.429
05/09/2024 03:03:51 PM INFO:: [Fuzzy] Closest Match Found. Changing SARS-CoV-2 Lambda; => SARS-CoV-2 Lambda; C.37
05/09/2024 03:03:51 PM [INFO]:: [Fuzzy] SARS-CoV-2 OmicrA micron variant CA.3.1 => SARS-CoV-2 Omicron variant CA.3.1 : score 92
05/09/2024 03:03:51 PM INFO:: [Fuzzy] Closest Match Found. Changing Not specified => Not Specified
05/09/2024 03:03:51 PM INFO:: [Fuzzy] Closest Match Found. Changing Full Length spike Trimer => Full Length Spike Trimer
05/09/2024 03:03:51 PM INFO:: [Fuzzy] Closest Match Found. Changing Full Length spike Trimer => Full Length Spike Trimer
05/09/2024 03:03:51 PM INFO:: [Fuzzy] Closest Match Found. Changing spike => Full Length Spike Trimer
05/09/2024 03:03:51 PM INFO:: [Fuzzy] Closest Match Found. Changing spike => Full Length Spike Trimer
05/09/2024 03:03:51 PM INFO:: [Fuzzy] Closest Match Found. Changing RBD => Receptor Binding Domain (RBD)
05/09/2024 03:03:51 PM INFO:: [Fuzzy] Closest Match Found. Changing Full Length spike Trimer => Full Length Spike Trimer
05/09/2024 03:03:51 PM INFO:: [Fuzzy] Closest Match Found. Changing spike => Full Length Spike Trimer
05/09/2024 03:03:51 PM INFO:: [Fuzzy] Closest Match Found. Changing spike => Full Length Spike Trimer
05/09/2024 03:03:51 PM INFO:: [Fuzzy] Closest Match Found. Changing Full Length spike Trimer => Full Length Spike Trimer
05/09/2024 03:03:57 PM INFO:: [User Change] HCoV-229E => HCoVs - Seasonal (OC43, HKU-1, NL63, 229E)
05/09/2024 03:03:57 PM INFO:: [Fuzzy] Closest Match Found. Changing Full Length spike Trimer => Full Length Spike Trimer
05/09/2024 03:03:58 PM INFO:: [User Change] HCoV-HKU1 => HCoVs - Seasonal (OC43, HKU-1, NL63, 229E)
05/09/2024 03:03:58 PM INFO:: [Fuzzy] Closest Match Found. Changing Full Length spike Trimer => Full Length Spike Trimer
05/09/2024 03:03:59 PM INFO:: [User Change] HCoV-NL63 => HCoVs - Seasonal (OC43, HKU-1, NL63, 229E)
05/09/2024 03:03:59 PM INFO:: [Fuzzy] Closest Match Found. Changing Full Length spike Trimer => Full Length Spike Trimer
05/09/2024 03:04:00 PM INFO:: [User Change] HCoV-OC43 => HCoVs - Seasonal (OC43, HKU-1, NL63, 229E)
05/09/2024 03:04:00 PM [INFO]:: [Fuzzy] Multiplex flow immunoassay => Multiplex Immunoassay : score 85
05/09/2024 03:04:00 PM INFO:: [Fuzzy] Closest Match Found. Changing Full Length spike Trimer => Full Length Spike Trimer
05/09/2024 03:04:00 PM INFO:: [Fuzzy] Closest Match Found. Changing Full Length spike Trimer => Full Length Spike Trimer
05/09/2024 03:04:00 PM INFO:: [Fuzzy] Closest Match Found. Changing Full Length spike Trimer => Full Length Spike Trimer
05/09/2024 03:04:00 PM [INFO]:: [Fuzzy] Multiplex flow immunoassay => Multiplex Immunoassay : score 85
05/09/2024 03:04:00 PM [INFO]:: [Fuzzy] Multiplex flow immunoassay => Multiplex Immunoassay : score 85
05/09/2024 03:04:00 PM INFO:: [Fuzzy] Closest Match Found. Changing CMV antigens => CMV Antigens
05/09/2024 03:04:01 PM INFO:: [User Change] CMV antigens => CMV
05/09/2024 03:04:01 PM INFO:: [Fuzzy] Closest Match Found. Changing Full Length spike Trimer => Full Length Spike Trimer
05/09/2024 03:04:01 PM Previous Input: Virus Target, HCoV-229E => HCoVs - Seasonal (OC43, HKU-1, NL63, 229E)
05/09/2024 03:04:01 PM INFO:: [Fuzzy] Closest Match Found. Changing Full Length spike Trimer => Full Length Spike Trimer
05/09/2024 03:04:01 PM Previous Input: Virus Target, HCoV-HKU1 => HCoVs - Seasonal (OC43, HKU-1, NL63, 229E)
05/09/2024 03:04:01 PM INFO:: [Fuzzy] Closest Match Found. Changing Full Length spike Trimer => Full Length Spike Trimer
05/09/2024 03:04:01 PM Previous Input: Virus Target, HCoV-NL63 => HCoVs - Seasonal (OC43, HKU-1, NL63, 229E)
05/09/2024 03:04:01 PM INFO:: [Fuzzy] Closest Match Found. Changing Full Length spike Trimer => Full Length Spike Trimer
05/09/2024 03:04:01 PM Previous Input: Virus Target, HCoV-OC43 => HCoVs - Seasonal (OC43, HKU-1, NL63, 229E)
05/09/2024 03:04:02 PM INFO:: [User Change] CMV virus lysate => CMV Antigens
05/09/2024 03:04:02 PM INFO:: [Fuzzy] Closest Match Found. Changing Full Length spike Trimer => Full Length Spike Trimer
05/09/2024 03:04:02 PM INFO:: [Fuzzy] Closest Match Found. Changing Full Length spike Trimer => Full Length Spike Trimer
05/09/2024 03:04:02 PM INFO:: [Fuzzy] Closest Match Found. Changing Full Length spike Trimer => Full Length Spike Trimer
05/09/2024 03:04:02 PM INFO:: [Fuzzy] Closest Match Found. Changing spike => Full Length Spike Trimer
05/09/2024 03:04:02 PM Previous Input: Virus Target, HCoV-229E => HCoVs - Seasonal (OC43, HKU-1, NL63, 229E)
05/09/2024 03:04:02 PM INFO:: [Fuzzy] Closest Match Found. Changing spike => Full Length Spike Trimer
05/09/2024 03:04:02 PM Previous Input: Virus Target, HCoV-HKU1 => HCoVs - Seasonal (OC43, HKU-1, NL63, 229E)
05/09/2024 03:04:02 PM INFO:: [Fuzzy] Closest Match Found. Changing spike => Full Length Spike Trimer
05/09/2024 03:04:02 PM Previous Input: Virus Target, HCoV-NL63 => HCoVs - Seasonal (OC43, HKU-1, NL63, 229E)
05/09/2024 03:04:02 PM INFO:: [Fuzzy] Closest Match Found. Changing spike => Full Length Spike Trimer
05/09/2024 03:04:02 PM Previous Input: Virus Target, HCoV-OC43 => HCoVs - Seasonal (OC43, HKU-1, NL63, 229E)
05/09/2024 03:04:03 PM INFO:: [User Change] hCMV => CMV Antigens
05/09/2024 03:04:03 PM INFO:: [Fuzzy] Closest Match Found. Changing EBV early antigen diffuse => EBV Early Antigen Diffuse
05/09/2024 03:04:03 PM INFO:: [Fuzzy] Closest Match Found. Changing EBV Nuclear antigen - 1 => EBV Nuclear Antigen - 1
05/09/2024 03:04:03 PM INFO:: [Fuzzy] Closest Match Found. Changing Full Length spike Trimer => Full Length Spike Trimer
05/09/2024 03:04:03 PM INFO:: [Fuzzy] Closest Match Found. Changing Full Length spike Trimer => Full Length Spike Trimer
05/09/2024 03:04:03 PM INFO:: [Fuzzy] Closest Match Found. Changing hepatitis B Core Antigen => Hepatitis B Core Antigen
05/09/2024 03:04:03 PM INFO:: [Fuzzy] Closest Match Found. Changing Full Length spike Trimer => Full Length Spike Trimer
05/09/2024 03:04:03 PM Previous Input: Virus Target, HCoV-229E => HCoVs - Seasonal (OC43, HKU-1, NL63, 229E)
05/09/2024 03:04:03 PM INFO:: [Fuzzy] Closest Match Found. Changing Full Length spike Trimer => Full Length Spike Trimer
05/09/2024 03:04:03 PM Previous Input: Virus Target, HCoV-HKU1 => HCoVs - Seasonal (OC43, HKU-1, NL63, 229E)
05/09/2024 03:04:03 PM INFO:: [Fuzzy] Closest Match Found. Changing Full Length spike Trimer => Full Length Spike Trimer
05/09/2024 03:04:03 PM Previous Input: Virus Target, HCoV-NL63 => HCoVs - Seasonal (OC43, HKU-1, NL63, 229E)
05/09/2024 03:04:03 PM INFO:: [Fuzzy] Closest Match Found. Changing Full Length spike Trimer => Full Length Spike Trimer
05/09/2024 03:04:03 PM Previous Input: Virus Target, HCoV-OC43 => HCoVs - Seasonal (OC43, HKU-1, NL63, 229E)
05/09/2024 03:26:43 PM 
PMID: 36044993
05/09/2024 03:26:43 PM WARNING:: [Sex_at_Birth] Changing 'male | female' to 'other'
05/09/2024 03:26:43 PM WARNING:: [Sex_at_Birth] Changing 'male | female' to 'other'
05/09/2024 03:26:43 PM WARNING:: [Sex_at_Birth] Changing 'male | female' to 'other'
05/09/2024 03:26:43 PM WARNING:: [Sex_at_Birth] Changing 'male | female' to 'other'
05/09/2024 03:26:43 PM WARNING:: [Sex_at_Birth] Changing 'male | female' to 'other'
05/09/2024 03:26:43 PM WARNING:: [Sex_at_Birth] Changing 'male | female' to 'other'
05/09/2024 03:30:06 PM 
PMID: 37034427
05/09/2024 03:30:06 PM WARNING:: [Sex_at_Birth] Changing 'male | female' to 'other'
05/09/2024 03:30:06 PM Warning:: [Race] Changing 'Race' to 'other' and moving data to [Race Specify]
05/09/2024 03:30:06 PM Warning:: [Ethnicity] Changing list to other in ImmPort Templates
05/09/2024 03:30:08 PM INFO:: [User Change] Not Specified => Not Applicable
05/09/2024 03:31:52 PM 
PMID: 36044993
05/09/2024 03:31:52 PM WARNING:: [Sex_at_Birth] Changing 'male | female' to 'other'
05/09/2024 03:31:52 PM WARNING:: [Sex_at_Birth] Changing 'male | female' to 'other'
05/09/2024 03:31:52 PM WARNING:: [Sex_at_Birth] Changing 'male | female' to 'other'
05/09/2024 03:31:52 PM WARNING:: [Sex_at_Birth] Changing 'male | female' to 'other'
05/09/2024 03:31:52 PM WARNING:: [Sex_at_Birth] Changing 'male | female' to 'other'
05/09/2024 03:31:52 PM WARNING:: [Sex_at_Birth] Changing 'male | female' to 'other'
05/09/2024 03:33:44 PM 
PMID: 36044993
05/09/2024 03:33:44 PM WARNING:: [Sex_at_Birth] Changing 'male | female' to 'other'
05/09/2024 03:33:44 PM WARNING:: [Sex_at_Birth] Changing 'male | female' to 'other'
05/09/2024 03:33:44 PM WARNING:: [Sex_at_Birth] Changing 'male | female' to 'other'
05/09/2024 03:33:44 PM WARNING:: [Sex_at_Birth] Changing 'male | female' to 'other'
05/09/2024 03:33:44 PM WARNING:: [Sex_at_Birth] Changing 'male | female' to 'other'
05/09/2024 03:33:44 PM WARNING:: [Sex_at_Birth] Changing 'male | female' to 'other'
05/09/2024 03:33:44 PM Warning:: [Race] Changing 'Race' to 'other' and moving data to [Race Specify]
05/09/2024 03:33:44 PM Warning:: [Race] Changing 'Race' to 'other' and moving data to [Race Specify]
05/09/2024 03:33:44 PM Warning:: [Race] Changing 'Race' to 'other' and moving data to [Race Specify]
05/09/2024 03:33:44 PM Warning:: [Race] Changing 'Race' to 'other' and moving data to [Race Specify]
05/09/2024 03:33:44 PM Warning:: [Race] Changing 'Race' to 'other' and moving data to [Race Specify]
05/09/2024 03:33:44 PM Warning:: [Race] Changing 'Race' to 'other' and moving data to [Race Specify]
05/09/2024 03:33:44 PM Warning:: [Ethnicity] Changing list to other in ImmPort Templates
05/09/2024 03:33:44 PM Warning:: [Ethnicity] Changing list to other in ImmPort Templates
05/09/2024 03:33:44 PM Warning:: [Ethnicity] Changing list to other in ImmPort Templates
05/09/2024 03:33:44 PM Warning:: [Ethnicity] Changing list to other in ImmPort Templates
05/09/2024 03:33:44 PM Warning:: [Ethnicity] Changing list to other in ImmPort Templates
05/09/2024 03:33:44 PM Warning:: [Ethnicity] Changing list to other in ImmPort Templates
05/09/2024 03:33:53 PM [INFO]:: [Fuzzy] SARS-CoV-2 WA1/2019 => SARS-CoV-2 WA1/2020 : score 89
05/09/2024 03:37:25 PM 
PMID: 36044993
05/09/2024 03:37:25 PM WARNING:: [Sex_at_Birth] Changing 'male | female' to 'other'
05/09/2024 03:37:25 PM WARNING:: [Sex_at_Birth] Changing 'male | female' to 'other'
05/09/2024 03:37:25 PM WARNING:: [Sex_at_Birth] Changing 'male | female' to 'other'
05/09/2024 03:37:25 PM WARNING:: [Sex_at_Birth] Changing 'male | female' to 'other'
05/09/2024 03:37:25 PM WARNING:: [Sex_at_Birth] Changing 'male | female' to 'other'
05/09/2024 03:37:25 PM WARNING:: [Sex_at_Birth] Changing 'male | female' to 'other'
05/09/2024 03:37:25 PM Warning:: [Race] Changing 'Race' to 'other' and moving data to [Race Specify]
05/09/2024 03:37:25 PM Warning:: [Race] Changing 'Race' to 'other' and moving data to [Race Specify]
05/09/2024 03:37:25 PM Warning:: [Race] Changing 'Race' to 'other' and moving data to [Race Specify]
05/09/2024 03:37:25 PM Warning:: [Race] Changing 'Race' to 'other' and moving data to [Race Specify]
05/09/2024 03:37:25 PM Warning:: [Race] Changing 'Race' to 'other' and moving data to [Race Specify]
05/09/2024 03:37:25 PM Warning:: [Race] Changing 'Race' to 'other' and moving data to [Race Specify]
05/09/2024 03:37:25 PM Warning:: [Ethnicity] Changing list to other in ImmPort Templates
05/09/2024 03:37:25 PM Warning:: [Ethnicity] Changing list to other in ImmPort Templates
05/09/2024 03:37:25 PM Warning:: [Ethnicity] Changing list to other in ImmPort Templates
05/09/2024 03:37:25 PM Warning:: [Ethnicity] Changing list to other in ImmPort Templates
05/09/2024 03:37:25 PM Warning:: [Ethnicity] Changing list to other in ImmPort Templates
05/09/2024 03:37:25 PM Warning:: [Ethnicity] Changing list to other in ImmPort Templates
05/09/2024 03:37:26 PM [INFO]:: [Fuzzy] SARS-CoV-2 WA1/2019 => SARS-CoV-2 WA1/2020 : score 89
