01/21/2025 03:50:16 PM 
PMID: LongStud ####################
01/21/2025 03:50:16 PM WARNING:: [Sex_at_Birth] Changing 'male | female' to 'other'
01/21/2025 03:50:16 PM WARNING:: [Sex_at_Birth] Changing 'male | female' to 'other'
01/21/2025 03:50:16 PM WARNING:: [Sex_at_Birth] Changing 'male | female' to 'other'
01/21/2025 03:50:16 PM WARNING:: [Sex_at_Birth] Changing 'male | female' to 'other'
01/21/2025 03:50:16 PM WARNING:: [Sex_at_Birth] Changing 'male | female' to 'other'
01/21/2025 03:50:16 PM WARNING:: [Sex_at_Birth] Changing 'male | female' to 'other'
01/21/2025 03:50:16 PM Warning:: [Race] Changing 'Race' to 'other' and moving data to [Race Specify]
01/21/2025 03:50:16 PM Warning:: [Race] Changing 'Race' to 'other' and moving data to [Race Specify]
01/21/2025 03:50:16 PM Warning:: [Race] Changing 'Race' to 'other' and moving data to [Race Specify]
01/21/2025 03:50:16 PM Warning:: [Race] Changing 'Race' to 'other' and moving data to [Race Specify]
01/21/2025 03:50:16 PM Warning:: [Race] Changing 'Race' to 'other' and moving data to [Race Specify]
01/21/2025 03:50:16 PM Warning:: [Race] Changing 'Race' to 'other' and moving data to [Race Specify]
01/21/2025 03:50:16 PM Warning:: [Ethnicity] Changing list to other in ImmPort Templates
01/21/2025 03:50:16 PM Warning:: [Ethnicity] Changing list to other in ImmPort Templates
01/21/2025 03:50:16 PM Warning:: [Ethnicity] Changing list to other in ImmPort Templates
01/21/2025 03:50:16 PM Warning:: [Ethnicity] Changing list to other in ImmPort Templates
01/21/2025 03:50:16 PM Warning:: [Ethnicity] Changing list to other in ImmPort Templates
01/21/2025 03:50:16 PM Warning:: [Ethnicity] Changing list to other in ImmPort Templates
01/21/2025 03:50:16 PM INFO:: [Fuzzy] Closest Match Found. Changing Immunosuppressive Disorder => Immunosuppressive Disorder 
01/21/2025 03:50:16 PM [INFO]:: [Fuzzy] Lung disease => Lung Disease
 : score 88
01/21/2025 03:50:16 PM INFO:: [Fuzzy] Closest Match Found. Changing SARS-CoV-2 Epsilon; B.1.427 => SARS-CoV-2 Epsilon; B.1.427 / B.1.429
01/21/2025 03:50:16 PM INFO:: [Fuzzy] Closest Match Found. Changing B.1.429 => SARS-CoV-2 Epsilon; B.1.427 / B.1.429
01/21/2025 03:50:16 PM INFO:: [Fuzzy] Closest Match Found. Changing SARS-CoV-2 Lambda; => SARS-CoV-2 Lambda; C.37
01/21/2025 03:50:16 PM [INFO]:: [Fuzzy] Pfizer-BioNTech SARS-CoV-2 XBB.1.5; O:0020216 => Pfizer-BioNTech SARS-CoV-2 XBB.1.5; VO:0020216 : score 99
01/21/2025 03:50:16 PM [INFO]:: [Fuzzy] Pfizer-BioNTech SARS-CoV-2 XBB.1.5; O:0020216 => Pfizer-BioNTech SARS-CoV-2 XBB.1.5; VO:0020216 : score 99
01/21/2025 03:50:16 PM [INFO]:: [Fuzzy] Pfizer-BioNTech SARS-CoV-2 XBB.1.5; O:0020216 => Pfizer-BioNTech SARS-CoV-2 XBB.1.5; VO:0020216 : score 99
01/21/2025 03:50:16 PM [INFO]:: [Fuzzy] Pfizer-BioNTech SARS-CoV-2 XBB.1.5; O:0020216 => Pfizer-BioNTech SARS-CoV-2 XBB.1.5; VO:0020216 : score 99
01/21/2025 03:50:16 PM [INFO]:: [Fuzzy] Pfizer-BioNTech SARS-CoV-2 XBB.1.5; O:0020216 => Pfizer-BioNTech SARS-CoV-2 XBB.1.5; VO:0020216 : score 99
01/21/2025 03:50:16 PM [INFO]:: [Fuzzy] Pfizer-BioNTech SARS-CoV-2 XBB.1.5; O:0020216 => Pfizer-BioNTech SARS-CoV-2 XBB.1.5; VO:0020216 : score 99
01/21/2025 03:50:16 PM [INFO]:: [Fuzzy] Pfizer-BioNTech SARS-CoV-2 XBB.1.5; O:0020216 => Pfizer-BioNTech SARS-CoV-2 XBB.1.5; VO:0020216 : score 99
