04/14/2023 02:19:38 PM INFO:: [Fuzzy] Closest Match Found. Changing Mass spectrometry => Mass Spectrometry
04/14/2023 02:19:42 PM INFO:: [User Change] Covid-19 => COVID-19
04/14/2023 02:19:42 PM INFO:: [Fuzzy] Closest Match Found. Changing HCoVs - Seasonal (OC43 => HCoVs - Seasonal (OC43, HKU-1, NL63, 229E)
04/14/2023 02:19:42 PM INFO:: [Fuzzy] Closest Match Found. Changing HKU-1 => HCoVs - Seasonal (OC43, HKU-1, NL63, 229E)
04/14/2023 02:19:42 PM INFO:: [Fuzzy] Closest Match Found. Changing NL63 => HCoVs - Seasonal (OC43, HKU-1, NL63, 229E)
04/14/2023 02:19:42 PM INFO:: [Fuzzy] Closest Match Found. Changing 229E) => HCoVs - Seasonal (OC43, HKU-1, NL63, 229E)
04/14/2023 02:19:42 PM INFO:: [Fuzzy] Closest Match Found. Changing HCoVs - Seasonal (OC43 => HCoVs - Seasonal (OC43, HKU-1, NL63, 229E)
04/14/2023 02:19:42 PM INFO:: [Fuzzy] Closest Match Found. Changing HKU-1 => HCoVs - Seasonal (OC43, HKU-1, NL63, 229E)
04/14/2023 02:19:42 PM INFO:: [Fuzzy] Closest Match Found. Changing NL63 => HCoVs - Seasonal (OC43, HKU-1, NL63, 229E)
04/14/2023 02:19:42 PM INFO:: [Fuzzy] Closest Match Found. Changing 229E) => HCoVs - Seasonal (OC43, HKU-1, NL63, 229E)
04/14/2023 02:19:43 PM Previous Input: Reported Health Condition, Covid-19 => COVID-19
04/14/2023 02:19:43 PM [INFO]:: [Fuzzy] Pfizer BioNTech COVID-19 vaccine ; VO:0004987 => Pfizer BioNTech COVID-19 vaccine; VO:0004987 : score 99
04/14/2023 02:19:43 PM [INFO]:: [Fuzzy] Pfizer BioNTech COVID-19 vaccine ; VO:0004987 => Pfizer BioNTech COVID-19 vaccine; VO:0004987 : score 99
04/14/2023 02:19:43 PM [INFO]:: [Fuzzy] Pfizer BioNTech COVID-19 vaccine ; VO:0004987 => Pfizer BioNTech COVID-19 vaccine; VO:0004987 : score 99
04/14/2023 02:19:43 PM [INFO]:: [Fuzzy] SARS-CoV-2 Wuhan / 2020 => SARS-CoV-2 Wuhan/2020 : score 95
04/14/2023 02:19:43 PM [INFO]:: [Fuzzy] SARS-CoV-2 Omicron; B.1.1.529; BA.1 => SARS-CoV-2 Omicron; B.1.1.529 : score 91
04/14/2023 02:19:43 PM [INFO]:: [Fuzzy] SARS-CoV-2 Wuhan / 2020 => SARS-CoV-2 Wuhan/2020 : score 95
04/14/2023 02:19:43 PM [INFO]:: [Fuzzy] SARS-CoV-2 Omicron; B.1.1.529; BA.1 => SARS-CoV-2 Omicron; B.1.1.529 : score 91
04/14/2023 02:19:43 PM [INFO]:: [Fuzzy] SARS-CoV-2 Wuhan / 2020 => SARS-CoV-2 Wuhan/2020 : score 95
04/14/2023 02:19:43 PM [INFO]:: [Fuzzy] SARS-CoV-2 Omicron; B.1.1.529; BA.1 => SARS-CoV-2 Omicron; B.1.1.529 : score 91
04/14/2023 02:19:43 PM INFO:: [Fuzzy] Closest Match Found. Changing Peripheral blood => Peripheral Blood Mononuclear Cell (PBMC)
04/14/2023 02:19:43 PM [INFO]:: [Fuzzy] SARS-CoV-2 Wuhan / 2020 => SARS-CoV-2 Wuhan/2020 : score 95
04/14/2023 02:19:43 PM [INFO]:: [Fuzzy] SARS-CoV-2 Omicron; B.1.1.529; BA.1 => SARS-CoV-2 Omicron; B.1.1.529 : score 91
04/14/2023 02:19:43 PM [INFO]:: [Fuzzy] SARS-CoV-2 Wuhan / 2020 => SARS-CoV-2 Wuhan/2020 : score 95
04/14/2023 02:19:43 PM [INFO]:: [Fuzzy] SARS-CoV-2 Omicron; B.1.1.529; BA.1 => SARS-CoV-2 Omicron; B.1.1.529 : score 91
04/14/2023 02:19:43 PM INFO:: [Fuzzy] Closest Match Found. Changing bronchoalveolar lavage => Bronchoalveolar lavage
04/14/2023 02:19:43 PM [INFO]:: [Fuzzy] SARS-CoV-2 Wuhan / 2020 => SARS-CoV-2 Wuhan/2020 : score 95
04/14/2023 02:19:43 PM [INFO]:: [Fuzzy] SARS-CoV-2 Omicron; B.1.1.529; BA.1 => SARS-CoV-2 Omicron; B.1.1.529 : score 91
04/14/2023 02:19:43 PM [INFO]:: [Fuzzy] Neutralization Assay => Pseudovirus Neutralization Assay : score 77
04/14/2023 02:19:43 PM INFO:: [Fuzzy] Closest Match Found. Changing bronchoalveolar lavage => Bronchoalveolar lavage
04/14/2023 02:19:43 PM [INFO]:: [Fuzzy] Post-acute Sequelae of COVID-20 => Post-acute Sequelae of COVID-19 : score 94
04/14/2023 02:19:43 PM [INFO]:: [Fuzzy] SARS-CoV-2 Wuhan / 2020 => SARS-CoV-2 Wuhan/2020 : score 95
04/14/2023 02:19:43 PM [INFO]:: [Fuzzy] SARS-CoV-2 Omicron; B.1.1.529; BA.1 => SARS-CoV-2 Omicron; B.1.1.529 : score 91
04/14/2023 02:19:43 PM INFO:: [Fuzzy] Closest Match Found. Changing nasal swab => Nasal Swab
04/14/2023 02:19:43 PM [INFO]:: [Fuzzy] SARS-CoV-2 Wuhan / 2020 => SARS-CoV-2 Wuhan/2020 : score 95
04/14/2023 02:19:43 PM [INFO]:: [Fuzzy] SARS-CoV-2 Omicron; B.1.1.529; BA.1 => SARS-CoV-2 Omicron; B.1.1.529 : score 91
04/14/2023 02:19:43 PM [INFO]:: [Fuzzy] Neutralization Assay => Pseudovirus Neutralization Assay : score 77
04/14/2023 02:19:43 PM INFO:: [Fuzzy] Closest Match Found. Changing bronchoalveolar lavage => Bronchoalveolar lavage
04/14/2023 02:19:43 PM [INFO]:: [Fuzzy] Post-acute Sequelae of COVID-20 => Post-acute Sequelae of COVID-19 : score 94
04/14/2023 02:19:43 PM [INFO]:: [Fuzzy] SARS-CoV-2 Wuhan / 2020 => SARS-CoV-2 Wuhan/2020 : score 95
04/14/2023 02:19:43 PM [INFO]:: [Fuzzy] SARS-CoV-2 Omicron; B.1.1.529; BA.1 => SARS-CoV-2 Omicron; B.1.1.529 : score 91
04/14/2023 02:19:43 PM Previous Input: Reported Health Condition, Covid-19 => COVID-19
04/14/2023 02:19:43 PM INFO:: [Fuzzy] Closest Match Found. Changing HCoVs - Seasonal (OC43 => HCoVs - Seasonal (OC43, HKU-1, NL63, 229E)
04/14/2023 02:19:43 PM INFO:: [Fuzzy] Closest Match Found. Changing HKU-1 => HCoVs - Seasonal (OC43, HKU-1, NL63, 229E)
04/14/2023 02:19:43 PM INFO:: [Fuzzy] Closest Match Found. Changing NL63 => HCoVs - Seasonal (OC43, HKU-1, NL63, 229E)
04/14/2023 02:19:43 PM INFO:: [Fuzzy] Closest Match Found. Changing 229E) => HCoVs - Seasonal (OC43, HKU-1, NL63, 229E)
04/14/2023 02:19:43 PM INFO:: [Fuzzy] Closest Match Found. Changing SARS-CoV-2 Epsilon; B.1.427 => SARS-CoV-2 Epsilon; B.1.427 / B.1.429
04/14/2023 02:19:43 PM INFO:: [Fuzzy] Closest Match Found. Changing SARS-CoV-2 Epsilon; B.1.427 => SARS-CoV-2 Epsilon; B.1.427 / B.1.429
04/14/2023 02:19:43 PM INFO:: [Fuzzy] Closest Match Found. Changing B.1.429 => SARS-CoV-2 Epsilon; B.1.427 / B.1.429
04/14/2023 02:19:43 PM [INFO]:: [Fuzzy] SARS-CoV-2; B.1.526.2 => SARS-CoV-2 Mu; B.1.621 : score 84
04/14/2023 02:19:43 PM INFO:: [Fuzzy] Closest Match Found. Changing SARS-CoV-2 Theta; p.3 => SARS-CoV-2 Theta; P.3
04/14/2023 02:19:43 PM [INFO]:: [Fuzzy] Pfizer BioNTech COVID-19 vaccine ; VO:0004987 => Pfizer BioNTech COVID-19 vaccine; VO:0004987 : score 99
04/14/2023 02:19:43 PM [INFO]:: [Fuzzy] Oxford–AstraZeneca COVID-19 vaccine; VO:0005158 => Moderna COVID-19 vaccine; VO:0005157 : score 80
04/14/2023 02:19:43 PM [INFO]:: [Fuzzy] Moderna COVID-19 vaccine ; VO:0005157 => Moderna COVID-19 vaccine; VO:0005157 : score 99
04/14/2023 02:19:43 PM [INFO]:: [Fuzzy] Pfizer BioNTech COVID-19 vaccine ; VO:0004987 => Pfizer BioNTech COVID-19 vaccine; VO:0004987 : score 99
04/14/2023 02:19:43 PM INFO:: [Fuzzy] Closest Match Found. Changing HCoVs - Seasonal (OC43 => HCoVs - Seasonal (OC43, HKU-1, NL63, 229E)
04/14/2023 02:19:43 PM INFO:: [Fuzzy] Closest Match Found. Changing HKU-1 => HCoVs - Seasonal (OC43, HKU-1, NL63, 229E)
04/14/2023 02:19:43 PM INFO:: [Fuzzy] Closest Match Found. Changing NL63 => HCoVs - Seasonal (OC43, HKU-1, NL63, 229E)
04/14/2023 02:19:43 PM INFO:: [Fuzzy] Closest Match Found. Changing 229E) => HCoVs - Seasonal (OC43, HKU-1, NL63, 229E)
04/14/2023 02:19:43 PM INFO:: [Fuzzy] Closest Match Found. Changing SARS-CoV-2 Epsilon; B.1.427 => SARS-CoV-2 Epsilon; B.1.427 / B.1.429
04/14/2023 02:19:43 PM INFO:: [Fuzzy] Closest Match Found. Changing SARS-CoV-2 Epsilon; B.1.427 => SARS-CoV-2 Epsilon; B.1.427 / B.1.429
04/14/2023 02:19:43 PM INFO:: [Fuzzy] Closest Match Found. Changing B.1.429 => SARS-CoV-2 Epsilon; B.1.427 / B.1.429
04/14/2023 02:19:43 PM [INFO]:: [Fuzzy] SARS-CoV-2; B.1.526.2 => SARS-CoV-2 Mu; B.1.621 : score 84
04/14/2023 02:19:43 PM INFO:: [Fuzzy] Closest Match Found. Changing SARS-CoV-2 Theta; p.3 => SARS-CoV-2 Theta; P.3
04/14/2023 02:19:46 PM INFO:: [User Change] Other => Other Race
04/14/2023 02:19:46 PM Previous Input: Reported Health Condition, Covid-19 => COVID-19
04/14/2023 02:19:46 PM INFO:: [Fuzzy] Closest Match Found. Changing HCoVs - Seasonal (OC43 => HCoVs - Seasonal (OC43, HKU-1, NL63, 229E)
04/14/2023 02:19:46 PM INFO:: [Fuzzy] Closest Match Found. Changing HKU-1 => HCoVs - Seasonal (OC43, HKU-1, NL63, 229E)
04/14/2023 02:19:46 PM INFO:: [Fuzzy] Closest Match Found. Changing NL63 => HCoVs - Seasonal (OC43, HKU-1, NL63, 229E)
04/14/2023 02:19:46 PM INFO:: [Fuzzy] Closest Match Found. Changing 229E) => HCoVs - Seasonal (OC43, HKU-1, NL63, 229E)
04/14/2023 02:19:46 PM Previous Input: Race, Other => Other Race
04/14/2023 02:19:46 PM INFO:: [Fuzzy] Closest Match Found. Changing Not Specified => Not specified
04/14/2023 02:19:52 PM INFO:: [User Change] Not Specified => N/A
04/14/2023 02:19:59 PM INFO:: [User Change] Not Specified => Unknown
04/14/2023 02:19:59 PM INFO:: [Fuzzy] Closest Match Found. Changing serum => Serum
04/14/2023 02:19:59 PM [INFO]:: [Fuzzy] blood => Blood : score 80
04/14/2023 02:19:59 PM INFO:: [Fuzzy] Closest Match Found. Changing HCoVs - Seasonal (OC43 => HCoVs - Seasonal (OC43, HKU-1, NL63, 229E)
04/14/2023 02:19:59 PM INFO:: [Fuzzy] Closest Match Found. Changing HKU-1 => HCoVs - Seasonal (OC43, HKU-1, NL63, 229E)
04/14/2023 02:19:59 PM INFO:: [Fuzzy] Closest Match Found. Changing NL63 => HCoVs - Seasonal (OC43, HKU-1, NL63, 229E)
04/14/2023 02:19:59 PM INFO:: [Fuzzy] Closest Match Found. Changing 229E) => HCoVs - Seasonal (OC43, HKU-1, NL63, 229E)
04/14/2023 02:19:59 PM INFO:: [Fuzzy] Closest Match Found. Changing serum => Serum
04/14/2023 02:19:59 PM [INFO]:: [Fuzzy] blood => Blood : score 80
04/14/2023 02:19:59 PM INFO:: [Fuzzy] Closest Match Found. Changing serum => Serum
04/14/2023 02:19:59 PM [INFO]:: [Fuzzy] blood => Blood : score 80
04/14/2023 02:19:59 PM Previous Input: Reported Health Condition, Covid-19 => COVID-19
04/14/2023 02:20:00 PM Previous Input: Reported Health Condition, Covid-19 => COVID-19
04/14/2023 02:20:01 PM [INFO]:: [Fuzzy] Moderna COVID-19 vaccine ; VO:0005157 => Moderna COVID-19 vaccine; VO:0005157 : score 99
04/14/2023 02:20:01 PM [INFO]:: [Fuzzy] Pfizer BioNTech COVID-19 vaccine ; VO:0004987 => Pfizer BioNTech COVID-19 vaccine; VO:0004987 : score 99
04/14/2023 02:20:01 PM [INFO]:: [Fuzzy] Moderna COVID-19 vaccine ; VO:0005157 => Moderna COVID-19 vaccine; VO:0005157 : score 99
04/14/2023 02:20:01 PM [INFO]:: [Fuzzy] Pfizer BioNTech COVID-19 vaccine ; VO:0004987 => Pfizer BioNTech COVID-19 vaccine; VO:0004987 : score 99
04/14/2023 02:20:01 PM [INFO]:: [Fuzzy] SARS-CoV-2 WA1/2020 (D614 variant) => SARS-CoV-2 WA1/2020 (D614G variant) : score 99
04/14/2023 02:20:01 PM [INFO]:: [Fuzzy] SARS-CoV-2 WA1/2020 (D614 variant) => SARS-CoV-2 WA1/2020 (D614G variant) : score 99
04/14/2023 02:20:01 PM [INFO]:: [Fuzzy] SARS-CoV-2 WA1/2020 (D614 variant) => SARS-CoV-2 WA1/2020 (D614G variant) : score 99
04/14/2023 02:20:01 PM [INFO]:: [Fuzzy] SARS-CoV-2 WA1/2020 (D614 variant) => SARS-CoV-2 WA1/2020 (D614G variant) : score 99
04/14/2023 02:20:01 PM [INFO]:: [Fuzzy] SARS-CoV-2 WA1/2020 (D614 variant) => SARS-CoV-2 WA1/2020 (D614G variant) : score 99
04/14/2023 02:20:01 PM [INFO]:: [Fuzzy] SARS-CoV-2 WA1/2020 (D614 variant) => SARS-CoV-2 WA1/2020 (D614G variant) : score 99
04/14/2023 02:20:01 PM INFO:: [Fuzzy] Closest Match Found. Changing Vaccine response => Vaccine Response
04/14/2023 02:20:03 PM INFO:: [User Change] Not Specified => Not Applicable
04/14/2023 02:20:03 PM [INFO]:: [Fuzzy] Pfizer BioNTech COVID-19 vaccine ; VO:0004987 => Pfizer BioNTech COVID-19 vaccine; VO:0004987 : score 99
04/14/2023 02:20:03 PM [INFO]:: [Fuzzy] Moderna COVID-19 vaccine ; VO:0005157 => Moderna COVID-19 vaccine; VO:0005157 : score 99
04/14/2023 02:20:03 PM INFO:: [Fuzzy] Closest Match Found. Changing nucleocapsid => Nucleocapsid
04/14/2023 02:20:03 PM INFO:: [Fuzzy] Closest Match Found. Changing nucleocapsid => Nucleocapsid
04/14/2023 02:20:06 PM Previous Input: Reported Health Condition, Covid-19 => COVID-19
04/14/2023 02:20:06 PM Previous Input: Reported Health Condition, Covid-19 => COVID-19
04/14/2023 02:20:06 PM Previous Input: Virus Strain, Not Specified => Not Applicable
04/14/2023 02:20:06 PM INFO:: [Fuzzy] Closest Match Found. Changing African American => Black or African American
04/14/2023 02:20:06 PM INFO:: [Fuzzy] Closest Match Found. Changing Native Hawaiian => Native Hawaiian or Other Pacific Islander
04/14/2023 02:20:06 PM Previous Input: Race, Other => Other Race
04/14/2023 02:20:06 PM INFO:: [Fuzzy] Closest Match Found. Changing African American => Black or African American
04/14/2023 02:20:06 PM INFO:: [Fuzzy] Closest Match Found. Changing Native Hawaiian => Native Hawaiian or Other Pacific Islander
04/14/2023 02:20:06 PM Previous Input: Race, Other => Other Race
04/14/2023 02:20:06 PM INFO:: [Fuzzy] Closest Match Found. Changing African American => Black or African American
04/14/2023 02:20:06 PM INFO:: [Fuzzy] Closest Match Found. Changing Native Hawaiian => Native Hawaiian or Other Pacific Islander
04/14/2023 02:20:06 PM Previous Input: Race, Other => Other Race
04/14/2023 02:20:06 PM INFO:: [Fuzzy] Closest Match Found. Changing HCoVs - Seasonal (OC43 => HCoVs - Seasonal (OC43, HKU-1, NL63, 229E)
04/14/2023 02:20:06 PM INFO:: [Fuzzy] Closest Match Found. Changing HKU-1 => HCoVs - Seasonal (OC43, HKU-1, NL63, 229E)
04/14/2023 02:20:06 PM INFO:: [Fuzzy] Closest Match Found. Changing NL63 => HCoVs - Seasonal (OC43, HKU-1, NL63, 229E)
04/14/2023 02:20:06 PM INFO:: [Fuzzy] Closest Match Found. Changing 229E) => HCoVs - Seasonal (OC43, HKU-1, NL63, 229E)
04/14/2023 02:20:08 PM Previous Input: Race, Other => Other Race
04/14/2023 02:20:08 PM Previous Input: Race, Other => Other Race
04/14/2023 02:20:08 PM Previous Input: Reported Health Condition, Covid-19 => COVID-19
04/14/2023 02:20:08 PM [INFO]:: [Fuzzy] Western blottting => Western Blot : score 76
04/14/2023 02:20:08 PM [INFO]:: [Fuzzy] SARS-CoV-2 WA1/2020 (D614 variant) => SARS-CoV-2 WA1/2020 (D614G variant) : score 99
04/14/2023 02:20:08 PM [INFO]:: [Fuzzy] SARS-CoV-2 Lamda; C.37 => SARS-CoV-2 Lambda; C.37 : score 98
04/14/2023 02:20:08 PM [INFO]:: [Fuzzy] SARS-CoV-2 WA1/2020 (D614 variant) => SARS-CoV-2 WA1/2020 (D614G variant) : score 99
04/14/2023 02:20:08 PM [INFO]:: [Fuzzy] SARS-CoV-2 Lamda; C.37 => SARS-CoV-2 Lambda; C.37 : score 98
04/14/2023 02:20:08 PM INFO:: [Fuzzy] Closest Match Found. Changing SARS-CoV-2 WA1/2020 => SARS-CoV-2 WA1/2020 (D614G variant)
04/14/2023 02:20:08 PM [INFO]:: [Fuzzy] SARS-CoV-2 WA1/2020 (D614 variant) => SARS-CoV-2 WA1/2020 (D614G variant) : score 99
04/14/2023 02:20:08 PM [INFO]:: [Fuzzy] SARS-CoV-2 Lamda; C.37 => SARS-CoV-2 Lambda; C.37 : score 98
04/14/2023 02:20:09 PM Previous Input: Virus Strain, Not Specified => Not Applicable
04/14/2023 02:20:09 PM Previous Input: Virus Strain, Not Specified => Not Applicable
04/14/2023 02:20:09 PM Previous Input: Race, Other => Other Race
04/14/2023 02:20:09 PM Previous Input: Race, Other => Other Race
04/14/2023 02:20:09 PM Previous Input: Race, Other => Other Race
04/14/2023 02:20:09 PM INFO:: [Fuzzy] Closest Match Found. Changing Nasal swab => Nasal Swab
04/14/2023 02:20:09 PM INFO:: [Fuzzy] Closest Match Found. Changing Clinical research => Clinical Research
04/14/2023 02:20:09 PM Previous Input: Reported Health Condition, Covid-19 => COVID-19
04/14/2023 02:20:09 PM INFO:: [Fuzzy] Closest Match Found. Changing HCoVs - Seasonal (OC43 => HCoVs - Seasonal (OC43, HKU-1, NL63, 229E)
04/14/2023 02:20:09 PM INFO:: [Fuzzy] Closest Match Found. Changing HKU-1 => HCoVs - Seasonal (OC43, HKU-1, NL63, 229E)
04/14/2023 02:20:09 PM INFO:: [Fuzzy] Closest Match Found. Changing NL63 => HCoVs - Seasonal (OC43, HKU-1, NL63, 229E)
04/14/2023 02:20:09 PM INFO:: [Fuzzy] Closest Match Found. Changing 229E) => HCoVs - Seasonal (OC43, HKU-1, NL63, 229E)
04/14/2023 02:20:09 PM [INFO]:: [Fuzzy] SARS-COV-2 => SARS-CoV-2 : score 90
04/14/2023 02:20:09 PM [INFO]:: [Fuzzy] SARS-COV-2 => SARS-CoV-2 : score 90
04/14/2023 02:20:09 PM INFO:: [Fuzzy] Closest Match Found. Changing HCoVs - Seasonal (OC43 => HCoVs - Seasonal (OC43, HKU-1, NL63, 229E)
04/14/2023 02:20:09 PM INFO:: [Fuzzy] Closest Match Found. Changing HKU-1 => HCoVs - Seasonal (OC43, HKU-1, NL63, 229E)
04/14/2023 02:20:09 PM INFO:: [Fuzzy] Closest Match Found. Changing NL63 => HCoVs - Seasonal (OC43, HKU-1, NL63, 229E)
04/14/2023 02:20:09 PM INFO:: [Fuzzy] Closest Match Found. Changing 229E) => HCoVs - Seasonal (OC43, HKU-1, NL63, 229E)
04/14/2023 02:20:09 PM [INFO]:: [Fuzzy] SARS-COV-2 => SARS-CoV-2 : score 90
04/14/2023 02:20:09 PM Previous Input: Virus Strain, Not Specified => Not Applicable
04/14/2023 02:20:10 PM Previous Input: Reported Health Condition, Covid-19 => COVID-19
04/14/2023 02:20:10 PM INFO:: [Fuzzy] Closest Match Found. Changing other => Other
04/14/2023 02:20:10 PM Previous Input: Virus Strain, Not Specified => Not Applicable
04/14/2023 02:20:10 PM [INFO]:: [Fuzzy] Pfizer BioNTech COVID-19 vaccine ; VO:0004987 => Pfizer BioNTech COVID-19 vaccine; VO:0004987 : score 99
04/14/2023 02:20:10 PM [INFO]:: [Fuzzy] Moderna COVID-19 vaccine ; VO:0005157 => Moderna COVID-19 vaccine; VO:0005157 : score 99
04/14/2023 02:20:10 PM Previous Input: Virus Strain, Not Specified => Not Applicable
04/14/2023 02:20:11 PM Previous Input: Virus Strain, Not Specified => Not Applicable
04/14/2023 02:20:11 PM Previous Input: Reported Health Condition, Covid-19 => COVID-19
04/14/2023 02:20:11 PM INFO:: [Fuzzy] Closest Match Found. Changing HCoVs - Seasonal (OC43 => HCoVs - Seasonal (OC43, HKU-1, NL63, 229E)
04/14/2023 02:20:11 PM INFO:: [Fuzzy] Closest Match Found. Changing HKU-1 => HCoVs - Seasonal (OC43, HKU-1, NL63, 229E)
04/14/2023 02:20:11 PM INFO:: [Fuzzy] Closest Match Found. Changing NL63 => HCoVs - Seasonal (OC43, HKU-1, NL63, 229E)
04/14/2023 02:20:11 PM INFO:: [Fuzzy] Closest Match Found. Changing 229E) => HCoVs - Seasonal (OC43, HKU-1, NL63, 229E)
04/14/2023 02:20:11 PM [INFO]:: [Fuzzy] SARS-Cov-2 => SARS-CoV-2 : score 90
04/14/2023 02:20:11 PM [INFO]:: [Fuzzy] SARS-Cov-2 => SARS-CoV-2 : score 90
04/14/2023 02:20:11 PM Previous Input: Reported Health Condition, Covid-19 => COVID-19
04/14/2023 02:20:11 PM Previous Input: Virus Strain, Not Specified => Not Applicable
04/14/2023 02:20:11 PM INFO:: [Fuzzy] Closest Match Found. Changing Pfizer-BioNTech => Pfizer-BioNTech SARS-CoV-2 vaccine
04/14/2023 02:20:11 PM [INFO]:: [Fuzzy] Pfizer BioNTech COVID-19 vaccine ; VO:0004987 => Pfizer BioNTech COVID-19 vaccine; VO:0004987 : score 99
04/14/2023 02:20:11 PM [INFO]:: [Fuzzy] Pfizer BioNTech COVID-19 vaccine ; VO:0004987 => Pfizer BioNTech COVID-19 vaccine; VO:0004987 : score 99
04/14/2023 02:20:11 PM [INFO]:: [Fuzzy] Pfizer BioNTech COVID-19 vaccine ; VO:0004987 => Pfizer BioNTech COVID-19 vaccine; VO:0004987 : score 99
04/14/2023 02:20:12 PM INFO:: [Fuzzy] Closest Match Found. Changing SARS-CoV-2 Epsilon; B.1.427 => SARS-CoV-2 Epsilon; B.1.427 / B.1.429
04/14/2023 02:20:12 PM INFO:: [Fuzzy] Closest Match Found. Changing B.1.429 => SARS-CoV-2 Epsilon; B.1.427 / B.1.429
04/14/2023 02:20:12 PM [INFO]:: [Fuzzy] SARS-CoV-2 WA1/2020 (D614 variant) => SARS-CoV-2 WA1/2020 (D614G variant) : score 99
04/14/2023 02:20:12 PM INFO:: [Fuzzy] Closest Match Found. Changing Virus Neutralization Assay => Pseudovirus Neutralization Assay
04/14/2023 02:20:12 PM [INFO]:: [Fuzzy] SARS-CoV-2 WA1/2020 (D614 variant) => SARS-CoV-2 WA1/2020 (D614G variant) : score 99
04/14/2023 02:20:12 PM INFO:: [Fuzzy] Closest Match Found. Changing SARS-CoV-2 Epsilon; B.1.427 => SARS-CoV-2 Epsilon; B.1.427 / B.1.429
04/14/2023 02:20:12 PM INFO:: [Fuzzy] Closest Match Found. Changing B.1.429 => SARS-CoV-2 Epsilon; B.1.427 / B.1.429
04/14/2023 02:20:12 PM INFO:: [Fuzzy] Closest Match Found. Changing SARS-CoV-2 WA1/2020 => SARS-CoV-2 WA1/2020 (D614G variant)
04/14/2023 02:20:16 PM INFO:: [User Change] B.1.1.7(alpha) => SARS-CoV-2 Alpha; B.1.1.7
04/14/2023 02:20:18 PM INFO:: [User Change] B.1.351 (beta) => SARS-CoV-2 Beta; B.1.351
04/14/2023 02:20:18 PM INFO:: [Fuzzy] Closest Match Found. Changing SARS-CoV-2 WA1/2020 => SARS-CoV-2 WA1/2020 (D614G variant)
04/14/2023 02:20:18 PM INFO:: [Fuzzy] Closest Match Found. Changing SARS-CoV-2 Epsilon; B.1.427 => SARS-CoV-2 Epsilon; B.1.427 / B.1.429
04/14/2023 02:20:18 PM INFO:: [Fuzzy] Closest Match Found. Changing B.1.429 => SARS-CoV-2 Epsilon; B.1.427 / B.1.429
04/14/2023 02:20:18 PM INFO:: [Fuzzy] Closest Match Found. Changing HCoVs - Seasonal (OC43 => HCoVs - Seasonal (OC43, HKU-1, NL63, 229E)
04/14/2023 02:20:18 PM INFO:: [Fuzzy] Closest Match Found. Changing HKU-1 => HCoVs - Seasonal (OC43, HKU-1, NL63, 229E)
04/14/2023 02:20:18 PM INFO:: [Fuzzy] Closest Match Found. Changing NL63 => HCoVs - Seasonal (OC43, HKU-1, NL63, 229E)
04/14/2023 02:20:18 PM INFO:: [Fuzzy] Closest Match Found. Changing 229E) => HCoVs - Seasonal (OC43, HKU-1, NL63, 229E)
04/14/2023 02:20:19 PM INFO:: [Fuzzy] Closest Match Found. Changing HCoVs - Seasonal (OC43 => HCoVs - Seasonal (OC43, HKU-1, NL63, 229E)
04/14/2023 02:20:19 PM INFO:: [Fuzzy] Closest Match Found. Changing HKU-1 => HCoVs - Seasonal (OC43, HKU-1, NL63, 229E)
04/14/2023 02:20:19 PM INFO:: [Fuzzy] Closest Match Found. Changing NL63 => HCoVs - Seasonal (OC43, HKU-1, NL63, 229E)
04/14/2023 02:20:19 PM INFO:: [Fuzzy] Closest Match Found. Changing 229E) => HCoVs - Seasonal (OC43, HKU-1, NL63, 229E)
04/14/2023 02:20:19 PM Previous Input: Virus Strain, Not Specified => Not Applicable
04/14/2023 02:20:19 PM INFO:: [Fuzzy] Closest Match Found. Changing Clinical research => Clinical Research
04/14/2023 02:20:19 PM Previous Input: Reported Health Condition, Covid-19 => COVID-19
04/14/2023 02:20:19 PM Previous Input: Virus Strain, Not Specified => Not Applicable
04/14/2023 02:20:19 PM Previous Input: Race, Other => Other Race
04/14/2023 02:20:19 PM INFO:: [Fuzzy] Closest Match Found. Changing female => Female
04/14/2023 02:20:19 PM [INFO]:: [Fuzzy] Unvaccinated => Vaccinated : score 82
04/14/2023 02:20:19 PM Previous Input: Race, Other => Other Race
04/14/2023 02:20:19 PM INFO:: [Fuzzy] Closest Match Found. Changing female => Female
04/14/2023 02:20:19 PM [INFO]:: [Fuzzy] Moderna COVID-19 vaccine ; VO:0005157 => Moderna COVID-19 vaccine; VO:0005157 : score 99
04/14/2023 02:20:19 PM [INFO]:: [Fuzzy] Pfizer BioNTech COVID-19 vaccine ; VO:0004987 => Pfizer BioNTech COVID-19 vaccine; VO:0004987 : score 99
04/14/2023 02:20:19 PM Previous Input: Race, Other => Other Race
04/14/2023 02:20:19 PM INFO:: [Fuzzy] Closest Match Found. Changing female => Female
04/14/2023 02:20:20 PM Previous Input: Virus Strain, Not Specified => Not Applicable
04/14/2023 02:20:20 PM Previous Input: Virus Strain, Not Specified => Not Applicable
04/14/2023 02:20:20 PM INFO:: [Fuzzy] Closest Match Found. Changing Experimental => Experimental Arm
04/14/2023 02:20:20 PM INFO:: [Fuzzy] Closest Match Found. Changing Experimental => Experimental Arm
04/14/2023 02:20:20 PM INFO:: [Fuzzy] Closest Match Found. Changing Experimental => Experimental Arm
04/14/2023 02:20:20 PM INFO:: [Fuzzy] Closest Match Found. Changing Experimental => Experimental Arm
04/14/2023 02:20:20 PM INFO:: [Fuzzy] Closest Match Found. Changing other => Other
04/14/2023 02:20:20 PM Previous Input: Virus Strain, Not Specified => Not Applicable
04/14/2023 02:20:21 PM Previous Input: Reported Health Condition, Covid-19 => COVID-19
04/14/2023 02:20:21 PM Previous Input: Virus Strain, Not Specified => Not Applicable
04/14/2023 02:20:21 PM Previous Input: Race, Other => Other Race
04/14/2023 02:20:21 PM [INFO]:: [Fuzzy] Pfizer BioNTech COVID-19 vaccine ; VO:0004987 => Pfizer BioNTech COVID-19 vaccine; VO:0004987 : score 99
04/14/2023 02:20:21 PM Previous Input: Race, Other => Other Race
04/14/2023 02:20:21 PM [INFO]:: [Fuzzy] Pfizer BioNTech COVID-19 vaccine ; VO:0004987 => Pfizer BioNTech COVID-19 vaccine; VO:0004987 : score 99
04/14/2023 02:20:21 PM Previous Input: Race, Other => Other Race
04/14/2023 02:20:21 PM [INFO]:: [Fuzzy] Pfizer BioNTech COVID-19 vaccine ; VO:0004987 => Pfizer BioNTech COVID-19 vaccine; VO:0004987 : score 99
04/14/2023 02:20:21 PM Previous Input: Race, Other => Other Race
04/14/2023 02:20:21 PM [INFO]:: [Fuzzy] Pfizer BioNTech COVID-19 vaccine ; VO:0004987 => Pfizer BioNTech COVID-19 vaccine; VO:0004987 : score 99
04/14/2023 02:20:21 PM Previous Input: Reported Health Condition, Covid-19 => COVID-19
04/14/2023 02:20:21 PM INFO:: [Fuzzy] Closest Match Found. Changing Experimental => Experimental Arm
04/14/2023 02:20:21 PM INFO:: [Fuzzy] Closest Match Found. Changing Experimental => Experimental Arm
04/14/2023 02:20:21 PM INFO:: [Fuzzy] Closest Match Found. Changing Experimental => Experimental Arm
04/14/2023 02:20:21 PM [INFO]:: [Fuzzy] Western Botting => Western Blot : score 81
04/14/2023 02:20:21 PM Previous Input: Reported Health Condition, Covid-19 => COVID-19
04/14/2023 02:20:21 PM INFO:: [Fuzzy] Closest Match Found. Changing OH => US: Ohio
04/14/2023 02:20:21 PM [INFO]:: [Fuzzy] Western blotting => Western Blot : score 79
04/14/2023 02:20:22 PM Previous Input: Virus Strain, Not Specified => Not Applicable
04/14/2023 02:20:22 PM Previous Input: Virus Strain, Not Specified => Not Applicable
04/14/2023 02:20:22 PM [INFO]:: [Fuzzy] SARS-CoV-2 Wuhan / 2020 => SARS-CoV-2 Wuhan/2020 : score 95
04/14/2023 02:20:22 PM INFO:: [Fuzzy] Closest Match Found. Changing In situ hybridization => in situ Hybridization
04/14/2023 02:20:22 PM Previous Input: Reported Health Condition, Covid-19 => COVID-19
04/14/2023 02:20:22 PM [INFO]:: [Fuzzy] Pfizer BioNTech COVID-19 vaccine ; VO:0004987 => Pfizer BioNTech COVID-19 vaccine; VO:0004987 : score 99
04/14/2023 02:20:22 PM [INFO]:: [Fuzzy] Moderna COVID-19 vaccine ; VO:0005157 => Moderna COVID-19 vaccine; VO:0005157 : score 99
04/14/2023 02:20:22 PM [INFO]:: [Fuzzy] Pfizer BioNTech COVID-19 vaccine ; VO:0004987 => Pfizer BioNTech COVID-19 vaccine; VO:0004987 : score 99
04/14/2023 02:20:22 PM [INFO]:: [Fuzzy] Moderna COVID-19 vaccine ; VO:0005157 => Moderna COVID-19 vaccine; VO:0005157 : score 99
04/14/2023 02:20:28 PM INFO:: [User Change] na => Unknown
04/14/2023 02:20:28 PM [INFO]:: [Fuzzy] Pfizer BioNTech COVID-19 vaccine ; VO:0004987 => Pfizer BioNTech COVID-19 vaccine; VO:0004987 : score 99
04/14/2023 02:20:28 PM [INFO]:: [Fuzzy] Moderna COVID-19 vaccine ; VO:0005157 => Moderna COVID-19 vaccine; VO:0005157 : score 99
04/14/2023 02:20:28 PM INFO:: [Fuzzy] Closest Match Found. Changing Virus Neutralization Assay => Pseudovirus Neutralization Assay
04/14/2023 02:20:28 PM INFO:: [Fuzzy] Closest Match Found. Changing pre-vaccination => Pre-vaccination
04/14/2023 02:20:28 PM INFO:: [Fuzzy] Closest Match Found. Changing pre-vaccination => Pre-vaccination
04/14/2023 02:20:28 PM Previous Input: Virus Strain, Not Specified => Not Applicable
04/14/2023 02:20:28 PM INFO:: [Fuzzy] Closest Match Found. Changing Not Specified => Not specified
04/14/2023 02:20:28 PM INFO:: [Fuzzy] Closest Match Found. Changing Not Specified => Not specified
04/14/2023 02:20:28 PM INFO:: [Fuzzy] Closest Match Found. Changing Not Specified => Not specified
04/14/2023 02:20:28 PM INFO:: [Fuzzy] Closest Match Found. Changing Not Specified => Not specified
04/14/2023 02:20:28 PM Previous Input: Reported Health Condition, Covid-19 => COVID-19
04/14/2023 02:20:28 PM [INFO]:: [Fuzzy] SARS-CoV-2 Wuhan / 2020 => SARS-CoV-2 Wuhan/2020 : score 95
04/14/2023 02:20:28 PM [INFO]:: [Fuzzy] SARS-CoV-2 Wuhan / 2020 => SARS-CoV-2 Wuhan/2020 : score 95
04/14/2023 02:20:28 PM INFO:: [Fuzzy] Closest Match Found. Changing CRISPR => CRISPR Screening
04/14/2023 02:20:29 PM Previous Input: Virus Strain, Not Specified => Not Applicable
04/14/2023 02:20:29 PM Previous Input: Reported Health Condition, Covid-19 => COVID-19
04/14/2023 02:20:29 PM Previous Input: Virus Strain, Not Specified => Not Applicable
04/14/2023 02:20:30 PM Previous Input: Virus Strain, Not Specified => Not Applicable
04/14/2023 02:20:30 PM INFO:: [Fuzzy] Closest Match Found. Changing UnInfected => Uninfected
04/14/2023 02:20:30 PM INFO:: [Fuzzy] Closest Match Found. Changing HCoVs - Seasonal (OC43 => HCoVs - Seasonal (OC43, HKU-1, NL63, 229E)
04/14/2023 02:20:30 PM INFO:: [Fuzzy] Closest Match Found. Changing HKU-1 => HCoVs - Seasonal (OC43, HKU-1, NL63, 229E)
04/14/2023 02:20:30 PM INFO:: [Fuzzy] Closest Match Found. Changing NL63 => HCoVs - Seasonal (OC43, HKU-1, NL63, 229E)
04/14/2023 02:20:30 PM INFO:: [Fuzzy] Closest Match Found. Changing 229E) => HCoVs - Seasonal (OC43, HKU-1, NL63, 229E)
04/14/2023 02:20:30 PM INFO:: [Fuzzy] Closest Match Found. Changing HCoVs - Seasonal (OC43 => HCoVs - Seasonal (OC43, HKU-1, NL63, 229E)
04/14/2023 02:20:30 PM INFO:: [Fuzzy] Closest Match Found. Changing HKU-1 => HCoVs - Seasonal (OC43, HKU-1, NL63, 229E)
04/14/2023 02:20:30 PM INFO:: [Fuzzy] Closest Match Found. Changing NL63 => HCoVs - Seasonal (OC43, HKU-1, NL63, 229E)
04/14/2023 02:20:30 PM INFO:: [Fuzzy] Closest Match Found. Changing 229E) => HCoVs - Seasonal (OC43, HKU-1, NL63, 229E)
04/14/2023 02:20:30 PM INFO:: [Fuzzy] Closest Match Found. Changing HCoVs - Seasonal (OC43 => HCoVs - Seasonal (OC43, HKU-1, NL63, 229E)
04/14/2023 02:20:30 PM INFO:: [Fuzzy] Closest Match Found. Changing HKU-1 => HCoVs - Seasonal (OC43, HKU-1, NL63, 229E)
04/14/2023 02:20:30 PM INFO:: [Fuzzy] Closest Match Found. Changing NL63 => HCoVs - Seasonal (OC43, HKU-1, NL63, 229E)
04/14/2023 02:20:30 PM INFO:: [Fuzzy] Closest Match Found. Changing 229E) => HCoVs - Seasonal (OC43, HKU-1, NL63, 229E)
04/14/2023 02:20:30 PM INFO:: [Fuzzy] Closest Match Found. Changing HCoVs - Seasonal (OC43 => HCoVs - Seasonal (OC43, HKU-1, NL63, 229E)
04/14/2023 02:20:30 PM INFO:: [Fuzzy] Closest Match Found. Changing HKU-1 => HCoVs - Seasonal (OC43, HKU-1, NL63, 229E)
04/14/2023 02:20:30 PM INFO:: [Fuzzy] Closest Match Found. Changing NL63 => HCoVs - Seasonal (OC43, HKU-1, NL63, 229E)
04/14/2023 02:20:30 PM INFO:: [Fuzzy] Closest Match Found. Changing 229E) => HCoVs - Seasonal (OC43, HKU-1, NL63, 229E)
04/14/2023 02:20:30 PM INFO:: [Fuzzy] Closest Match Found. Changing HCoVs - Seasonal (OC43 => HCoVs - Seasonal (OC43, HKU-1, NL63, 229E)
04/14/2023 02:20:30 PM INFO:: [Fuzzy] Closest Match Found. Changing HKU-1 => HCoVs - Seasonal (OC43, HKU-1, NL63, 229E)
04/14/2023 02:20:30 PM INFO:: [Fuzzy] Closest Match Found. Changing NL63 => HCoVs - Seasonal (OC43, HKU-1, NL63, 229E)
04/14/2023 02:20:30 PM INFO:: [Fuzzy] Closest Match Found. Changing 229E) => HCoVs - Seasonal (OC43, HKU-1, NL63, 229E)
04/14/2023 02:20:30 PM INFO:: [Fuzzy] Closest Match Found. Changing HCoVs - Seasonal (OC43 => HCoVs - Seasonal (OC43, HKU-1, NL63, 229E)
04/14/2023 02:20:30 PM INFO:: [Fuzzy] Closest Match Found. Changing HKU-1 => HCoVs - Seasonal (OC43, HKU-1, NL63, 229E)
04/14/2023 02:20:30 PM INFO:: [Fuzzy] Closest Match Found. Changing NL63 => HCoVs - Seasonal (OC43, HKU-1, NL63, 229E)
04/14/2023 02:20:30 PM INFO:: [Fuzzy] Closest Match Found. Changing 229E) => HCoVs - Seasonal (OC43, HKU-1, NL63, 229E)
04/14/2023 02:20:30 PM INFO:: [Fuzzy] Closest Match Found. Changing HCoVs - Seasonal (OC43 => HCoVs - Seasonal (OC43, HKU-1, NL63, 229E)
04/14/2023 02:20:30 PM INFO:: [Fuzzy] Closest Match Found. Changing HKU-1 => HCoVs - Seasonal (OC43, HKU-1, NL63, 229E)
04/14/2023 02:20:30 PM INFO:: [Fuzzy] Closest Match Found. Changing NL63 => HCoVs - Seasonal (OC43, HKU-1, NL63, 229E)
04/14/2023 02:20:30 PM INFO:: [Fuzzy] Closest Match Found. Changing 229E) => HCoVs - Seasonal (OC43, HKU-1, NL63, 229E)
04/14/2023 02:20:30 PM Previous Input: Virus Strain, Not Specified => Not Applicable
04/14/2023 02:20:30 PM INFO:: [Fuzzy] Closest Match Found. Changing other => Other
04/14/2023 02:20:30 PM INFO:: [Fuzzy] Closest Match Found. Changing other => Other
04/14/2023 02:20:30 PM [INFO]:: [Fuzzy] SARS COV-2 => SARS-CoV-2 : score 80
04/14/2023 02:20:30 PM INFO:: [Fuzzy] Closest Match Found. Changing other => Other
04/14/2023 02:20:30 PM [INFO]:: [Fuzzy] SARS COV-2 => SARS-CoV-2 : score 80
04/14/2023 02:20:39 PM INFO:: [User Change] Not specified => Not Applicable
04/14/2023 02:20:39 PM Previous Input: Race, Other => Other Race
04/14/2023 02:20:39 PM [INFO]:: [Fuzzy] SARS CoV-2 => SARS-CoV-2 : score 90
04/14/2023 02:20:39 PM [INFO]:: [Fuzzy] SARS CoV-2 => SARS-CoV-2 : score 90
04/14/2023 02:20:39 PM [INFO]:: [Fuzzy] SARS CoV-2 => SARS-CoV-2 : score 90
04/14/2023 02:20:39 PM Previous Input: Virus Strain, Not Specified => Not Applicable
04/14/2023 02:20:40 PM INFO:: [Fuzzy] Closest Match Found. Changing Not Specified => Not specified
04/14/2023 02:20:40 PM INFO:: [Fuzzy] Closest Match Found. Changing Not Specified => Not specified
04/14/2023 02:20:40 PM INFO:: [Fuzzy] Closest Match Found. Changing Not Specified => Not specified
04/14/2023 02:20:40 PM INFO:: [Fuzzy] Closest Match Found. Changing Not Specified => Not specified
04/14/2023 02:20:40 PM INFO:: [Fuzzy] Closest Match Found. Changing Not Specified => Not specified
04/14/2023 02:20:40 PM Previous Input: Virus Strain, Not Specified => Not Applicable
04/14/2023 02:20:40 PM Previous Input: Virus Strain, Not Specified => Not Applicable
04/14/2023 02:20:40 PM Previous Input: Virus Strain, Not Specified => Not Applicable
04/14/2023 02:20:40 PM Previous Input: Virus Strain, Not Specified => Not Applicable
04/14/2023 02:20:41 PM Previous Input: Reported Health Condition, Covid-19 => COVID-19
04/14/2023 02:20:41 PM Previous Input: Virus Strain, Not Specified => Not Applicable
04/14/2023 02:20:41 PM INFO:: [Fuzzy] Closest Match Found. Changing Pfizer-BioNTech => Pfizer-BioNTech SARS-CoV-2 vaccine
04/14/2023 02:20:41 PM [INFO]:: [Fuzzy] Pfizer BioNTech COVID-19 vaccine ; VO:0004987 => Pfizer BioNTech COVID-19 vaccine; VO:0004987 : score 99
04/14/2023 02:20:41 PM [INFO]:: [Fuzzy] Pfizer BioNTech COVID-19 vaccine ; VO:0004987 => Pfizer BioNTech COVID-19 vaccine; VO:0004987 : score 99
04/14/2023 02:20:41 PM [INFO]:: [Fuzzy] Pfizer BioNTech COVID-19 vaccine ; VO:0004987 => Pfizer BioNTech COVID-19 vaccine; VO:0004987 : score 99
04/14/2023 02:20:41 PM INFO:: [Fuzzy] Closest Match Found. Changing Pfizer-BioNTech => Pfizer-BioNTech SARS-CoV-2 vaccine
04/14/2023 02:20:41 PM [INFO]:: [Fuzzy] Pfizer BioNTech COVID-19 vaccine ; VO:0004987 => Pfizer BioNTech COVID-19 vaccine; VO:0004987 : score 99
04/14/2023 02:20:41 PM [INFO]:: [Fuzzy] Pfizer BioNTech COVID-19 vaccine ; VO:0004987 => Pfizer BioNTech COVID-19 vaccine; VO:0004987 : score 99
04/14/2023 02:20:41 PM [INFO]:: [Fuzzy] SARS-CoV-2 Alpha (B.1.1.7) => SARS-CoV-2 Alpha; B.1.1.7 : score 94
04/14/2023 02:20:41 PM [INFO]:: [Fuzzy] SARS-CoV-2 Wuhan/2020 (original) => SARS-CoV-2 Wuhan/2020 : score 79
04/14/2023 02:20:41 PM [INFO]:: [Fuzzy] SARS-CoV-2 Alpha (B.1.1.7) => SARS-CoV-2 Alpha; B.1.1.7 : score 94
04/14/2023 02:20:41 PM [INFO]:: [Fuzzy] SARS-CoV-2 Wuhan/2020 (original) => SARS-CoV-2 Wuhan/2020 : score 79
04/14/2023 02:20:41 PM [INFO]:: [Fuzzy] SARS-CoV-2 Alpha (B.1.1.7) => SARS-CoV-2 Alpha; B.1.1.7 : score 94
04/14/2023 02:20:41 PM [INFO]:: [Fuzzy] SARS-CoV-2 Wuhan/2020 (original) => SARS-CoV-2 Wuhan/2020 : score 79
04/14/2023 02:20:41 PM [INFO]:: [Fuzzy] SARS-CoV-2 Alpha (B.1.1.7) => SARS-CoV-2 Alpha; B.1.1.7 : score 94
04/14/2023 02:20:41 PM [INFO]:: [Fuzzy] SARS-CoV-2 Wuhan/2020 (original) => SARS-CoV-2 Wuhan/2020 : score 79
04/14/2023 02:20:41 PM [INFO]:: [Fuzzy] SARS-CoV-2 Alpha (B.1.1.7) => SARS-CoV-2 Alpha; B.1.1.7 : score 94
04/14/2023 02:20:41 PM [INFO]:: [Fuzzy] SARS-CoV-2 Wuhan/2020 (original) => SARS-CoV-2 Wuhan/2020 : score 79
04/14/2023 02:20:41 PM Previous Input: Virus Strain, Not Specified => Not Applicable
04/14/2023 02:20:41 PM [INFO]:: [Fuzzy] Pfizer BioNTech COVID-19 vaccine ; VO:0004987 => Pfizer BioNTech COVID-19 vaccine; VO:0004987 : score 99
04/14/2023 02:20:42 PM Previous Input: Reported Health Condition, Covid-19 => COVID-19
04/14/2023 02:20:42 PM [INFO]:: [Fuzzy] SARS-CoV-2 WA1/2020 (D614 variant) => SARS-CoV-2 WA1/2020 (D614G variant) : score 99
04/14/2023 02:20:42 PM [INFO]:: [Fuzzy] SARS-CoV-2 WA1/2020 (D614 variant) => SARS-CoV-2 WA1/2020 (D614G variant) : score 99
04/14/2023 02:20:42 PM [INFO]:: [Fuzzy] SARS-CoV-2 WA1/2020 (D614 variant) => SARS-CoV-2 WA1/2020 (D614G variant) : score 99
04/14/2023 02:20:42 PM [INFO]:: [Fuzzy] SARS-CoV-2 WA1/2020 (D614 variant) => SARS-CoV-2 WA1/2020 (D614G variant) : score 99
04/14/2023 02:20:42 PM [INFO]:: [Fuzzy] SARS-CoV-2 WA1/2020 (D614 variant) => SARS-CoV-2 WA1/2020 (D614G variant) : score 99
04/14/2023 02:20:42 PM [INFO]:: [Fuzzy] SARS-CoV-2 WA1/2020 (D614 variant) => SARS-CoV-2 WA1/2020 (D614G variant) : score 99
04/14/2023 02:20:42 PM Previous Input: Reported Health Condition, Covid-19 => COVID-19
04/14/2023 02:20:42 PM Previous Input: Virus Strain, Not Specified => Not Applicable
04/14/2023 02:20:42 PM INFO:: [Fuzzy] Closest Match Found. Changing Positive control => Positive Control
04/14/2023 02:20:42 PM Previous Input: Reported Health Condition, Covid-19 => COVID-19
04/14/2023 02:20:42 PM Previous Input: Virus Strain, Not Specified => Not Applicable
04/14/2023 02:20:43 PM Previous Input: Reported Health Condition, Covid-19 => COVID-19
04/14/2023 02:20:43 PM Previous Input: Virus Strain, Not Specified => Not Applicable
04/14/2023 02:20:43 PM INFO:: [Fuzzy] Closest Match Found. Changing Johnson & Johnson => Johnson & Johnson SARS-CoV-2 vaccine
04/14/2023 02:20:43 PM INFO:: [Fuzzy] Closest Match Found. Changing Moderna => Moderna SARS-CoV-2 vaccine
04/14/2023 02:20:43 PM INFO:: [Fuzzy] Closest Match Found. Changing Pfizer-BioNTech => Pfizer-BioNTech SARS-CoV-2 vaccine
04/14/2023 02:20:43 PM [INFO]:: [Fuzzy] Moderna COVID-19 vaccine ; VO:0005157 => Moderna COVID-19 vaccine; VO:0005157 : score 99
04/14/2023 02:20:43 PM [INFO]:: [Fuzzy] Pfizer BioNTech COVID-19 vaccine ; VO:0004987 => Pfizer BioNTech COVID-19 vaccine; VO:0004987 : score 99
04/14/2023 02:20:43 PM Previous Input: Race, Other => Other Race
04/14/2023 02:20:43 PM [INFO]:: [Fuzzy] Moderna COVID-19 vaccine ; VO:0005157 => Moderna COVID-19 vaccine; VO:0005157 : score 99
04/14/2023 02:20:43 PM [INFO]:: [Fuzzy] Pfizer BioNTech COVID-19 vaccine ; VO:0004987 => Pfizer BioNTech COVID-19 vaccine; VO:0004987 : score 99
04/14/2023 02:20:43 PM [INFO]:: [Fuzzy] Pfizer BioNTech COVID-19 vaccine ; VO:0004987 => Pfizer BioNTech COVID-19 vaccine; VO:0004987 : score 99
04/14/2023 02:20:43 PM Previous Input: Reported Health Condition, Covid-19 => COVID-19
04/14/2023 02:20:43 PM [INFO]:: [Fuzzy] Pfizer BioNTech COVID-19 vaccine ; VO:0004987 => Pfizer BioNTech COVID-19 vaccine; VO:0004987 : score 99
04/14/2023 02:20:43 PM [INFO]:: [Fuzzy] Moderna COVID-19 vaccine ; VO:0005157 => Moderna COVID-19 vaccine; VO:0005157 : score 99
04/14/2023 02:20:43 PM [INFO]:: [Fuzzy] Pfizer BioNTech COVID-19 vaccine ; VO:0004987 => Pfizer BioNTech COVID-19 vaccine; VO:0004987 : score 99
04/14/2023 02:20:43 PM [INFO]:: [Fuzzy] Moderna COVID-19 vaccine ; VO:0005158 => Moderna COVID-19 vaccine; VO:0005157 : score 96
04/14/2023 02:20:43 PM Previous Input: Reported Health Condition, Covid-19 => COVID-19
04/14/2023 02:20:43 PM [INFO]:: [Fuzzy] SARS-CoV-2 Wuhan / 2020 => SARS-CoV-2 Wuhan/2020 : score 95
04/14/2023 02:20:44 PM [INFO]:: [Fuzzy] SARS-CoV-2 Wuhan / 2020 => SARS-CoV-2 Wuhan/2020 : score 95
04/14/2023 02:20:44 PM Previous Input: Reported Health Condition, Covid-19 => COVID-19
04/14/2023 02:20:44 PM [INFO]:: [Fuzzy] SARS-CoV-2 Wuhan / 2020 => SARS-CoV-2 Wuhan/2020 : score 95
04/14/2023 02:20:44 PM [INFO]:: [Fuzzy] SARS-CoV-2 Omicron; B.1.1.529; BA.1 => SARS-CoV-2 Omicron; B.1.1.529 : score 91
04/14/2023 02:20:44 PM INFO:: [Fuzzy] Closest Match Found. Changing Pfizer-BioNTech => Pfizer-BioNTech SARS-CoV-2 vaccine
04/14/2023 02:20:44 PM INFO:: [Fuzzy] Closest Match Found. Changing Moderna => Moderna SARS-CoV-2 vaccine
04/14/2023 02:20:48 PM INFO:: [User Change] Vaccination | Treatment Arm => Vaccination
04/14/2023 02:20:48 PM [INFO]:: [Fuzzy] Pfizer BioNTech COVID-19 vaccine ; VO:0004987 => Pfizer BioNTech COVID-19 vaccine; VO:0004987 : score 99
04/14/2023 02:20:48 PM [INFO]:: [Fuzzy] Moderna COVID-19 vaccine ; VO:0005157 => Moderna COVID-19 vaccine; VO:0005157 : score 99
04/14/2023 02:20:48 PM [INFO]:: [Fuzzy] Pfizer BioNTech COVID-19 vaccine ; VO:0004987 => Pfizer BioNTech COVID-19 vaccine; VO:0004987 : score 99
04/14/2023 02:20:48 PM [INFO]:: [Fuzzy] Moderna COVID-19 vaccine ; VO:0005157 => Moderna COVID-19 vaccine; VO:0005157 : score 99
04/14/2023 02:20:48 PM [INFO]:: [Fuzzy] SARS-CoV-2 Wuhan / 2020 => SARS-CoV-2 Wuhan/2020 : score 95
04/14/2023 02:20:48 PM [INFO]:: [Fuzzy] SARS-CoV-2 Omicron; B.1.1.529; BA.1 => SARS-CoV-2 Omicron; B.1.1.529 : score 91
04/14/2023 02:20:48 PM [INFO]:: [Fuzzy] SARS-CoV-2 Wuhan / 2020 => SARS-CoV-2 Wuhan/2020 : score 95
04/14/2023 02:20:48 PM [INFO]:: [Fuzzy] SARS-CoV-2 Omicron; B.1.1.529; BA.1 => SARS-CoV-2 Omicron; B.1.1.529 : score 91
04/14/2023 02:20:48 PM Previous Input: Reported Health Condition, Covid-19 => COVID-19
04/14/2023 02:20:50 PM INFO:: [User Change] Pneumonia => Streptococcus Pneumonia
04/14/2023 02:20:50 PM Previous Input: Virus Strain, Not Specified => Not Applicable
04/14/2023 02:20:55 PM INFO:: [User Change] Epidemiological Model => Not Applicable
04/14/2023 02:20:55 PM Previous Input: Virus Strain, Not Specified => Not Applicable
04/14/2023 02:20:55 PM INFO:: [Fuzzy] Closest Match Found. Changing France => Metropolitan France
04/14/2023 02:20:55 PM INFO:: [Fuzzy] Closest Match Found. Changing France => Metropolitan France
04/14/2023 02:20:56 PM Previous Input: Reported Health Condition, Covid-19 => COVID-19
04/14/2023 02:20:56 PM Previous Input: Virus Strain, Not Specified => Not Applicable
04/14/2023 02:20:56 PM INFO:: [Fuzzy] Closest Match Found. Changing Johnson & Johnson => Johnson & Johnson SARS-CoV-2 vaccine
04/14/2023 02:20:56 PM INFO:: [Fuzzy] Closest Match Found. Changing Moderna => Moderna SARS-CoV-2 vaccine
04/14/2023 02:20:56 PM INFO:: [Fuzzy] Closest Match Found. Changing Pfizer-BioNTech => Pfizer-BioNTech SARS-CoV-2 vaccine
04/14/2023 02:20:56 PM [INFO]:: [Fuzzy] Moderna COVID-19 vaccine ; VO:0005157 => Moderna COVID-19 vaccine; VO:0005157 : score 99
04/14/2023 02:20:56 PM [INFO]:: [Fuzzy] Pfizer BioNTech COVID-19 vaccine ; VO:0004988 => Pfizer BioNTech COVID-19 vaccine; VO:0004987 : score 97
04/14/2023 02:20:56 PM [INFO]:: [Fuzzy] Moderna COVID-19 vaccine ; VO:0005157 => Moderna COVID-19 vaccine; VO:0005157 : score 99
04/14/2023 02:20:56 PM [INFO]:: [Fuzzy] Pfizer BioNTech COVID-19 vaccine ; VO:0004988 => Pfizer BioNTech COVID-19 vaccine; VO:0004987 : score 97
04/14/2023 02:20:56 PM [INFO]:: [Fuzzy] Moderna COVID-19 vaccine ; VO:0005157 => Moderna COVID-19 vaccine; VO:0005157 : score 99
04/14/2023 02:20:56 PM [INFO]:: [Fuzzy] Pfizer BioNTech COVID-19 vaccine ; VO:0004988 => Pfizer BioNTech COVID-19 vaccine; VO:0004987 : score 97
04/14/2023 02:20:56 PM [INFO]:: [Fuzzy] Moderna COVID-19 vaccine ; VO:0005157 => Moderna COVID-19 vaccine; VO:0005157 : score 99
04/14/2023 02:20:56 PM [INFO]:: [Fuzzy] Pfizer BioNTech COVID-19 vaccine ; VO:0004988 => Pfizer BioNTech COVID-19 vaccine; VO:0004987 : score 97
04/14/2023 02:20:57 PM Previous Input: Virus Strain, Not Specified => Not Applicable
04/14/2023 02:20:57 PM [INFO]:: [Fuzzy] SARS-Cov-2 => SARS-CoV-2 : score 90
04/14/2023 02:20:57 PM [INFO]:: [Fuzzy] SARS-Cov-2 => SARS-CoV-2 : score 90
04/14/2023 02:20:57 PM [INFO]:: [Fuzzy] SARS-Cov-2 => SARS-CoV-2 : score 90
04/14/2023 02:20:57 PM Previous Input: Virus Strain, Not Specified => Not Applicable
04/14/2023 02:20:57 PM Previous Input: Reported Health Condition, Covid-19 => COVID-19
04/14/2023 02:20:57 PM INFO:: [Fuzzy] Closest Match Found. Changing Other => Other SARS-CoV-2 vaccine
04/14/2023 02:20:58 PM [INFO]:: [Fuzzy] SARS-CoV-2 Wuhan/2020 (original) => SARS-CoV-2 Wuhan/2020 : score 79
04/14/2023 02:20:58 PM [INFO]:: [Fuzzy] SARS-CoV-2 Wuhan/2020 (original) => SARS-CoV-2 Wuhan/2020 : score 79
04/14/2023 02:20:58 PM [INFO]:: [Fuzzy] SARS-CoV-2 Wuhan/2020 (original) => SARS-CoV-2 Wuhan/2020 : score 79
04/14/2023 02:20:58 PM [INFO]:: [Fuzzy] SARS-CoV-2 Wuhan/2020 (original) => SARS-CoV-2 Wuhan/2020 : score 79
04/14/2023 02:20:58 PM [INFO]:: [Fuzzy] SARS-CoV-2 Wuhan/2020 (original) => SARS-CoV-2 Wuhan/2020 : score 79
04/14/2023 02:20:58 PM [INFO]:: [Fuzzy] SARS-CoV-2 Wuhan/2020 (original) => SARS-CoV-2 Wuhan/2020 : score 79
04/14/2023 02:20:58 PM [INFO]:: [Fuzzy] SARS-CoV-2 Wuhan/2020 (original) => SARS-CoV-2 Wuhan/2020 : score 79
04/14/2023 02:20:58 PM Previous Input: Reported Health Condition, Covid-19 => COVID-19
04/14/2023 02:20:58 PM [INFO]:: [Fuzzy] Post-acute Sequelae of COVID-20 => Post-acute Sequelae of COVID-19 : score 94
04/14/2023 02:20:58 PM [INFO]:: [Fuzzy] Post-acute Sequelae of COVID-20 => Post-acute Sequelae of COVID-19 : score 94
04/14/2023 02:20:58 PM [INFO]:: [Fuzzy] Post-acute Sequelae of COVID-20 => Post-acute Sequelae of COVID-19 : score 94
04/14/2023 02:20:58 PM [INFO]:: [Fuzzy] Post-acute Sequelae of COVID-20 => Post-acute Sequelae of COVID-19 : score 94
04/14/2023 02:20:58 PM [INFO]:: [Fuzzy] Post-acute Sequelae of COVID-20 => Post-acute Sequelae of COVID-19 : score 94
04/14/2023 02:20:58 PM Previous Input: Reported Health Condition, Covid-19 => COVID-19
04/14/2023 02:20:58 PM [INFO]:: [Fuzzy] Native Hawaian or other Pacific Islander => Native Hawaiian or Other Pacific Islander : score 96
04/14/2023 02:20:58 PM [INFO]:: [Fuzzy] American Indian/Alaskan Native => American Indian or Alaska Native : score 90
04/14/2023 02:20:58 PM INFO:: [Fuzzy] Closest Match Found. Changing Partially Vaccinated => Partially vaccinated
04/14/2023 02:20:58 PM [INFO]:: [Fuzzy] Pfizer BioNTech COVID-19 vaccine ; VO:0004987 => Pfizer BioNTech COVID-19 vaccine; VO:0004987 : score 99
04/14/2023 02:20:58 PM [INFO]:: [Fuzzy] Native Hawaian or other Pacific Islander => Native Hawaiian or Other Pacific Islander : score 96
04/14/2023 02:20:58 PM [INFO]:: [Fuzzy] American Indian/Alaskan Native => American Indian or Alaska Native : score 90
04/14/2023 02:20:58 PM INFO:: [Fuzzy] Closest Match Found. Changing Partially Vaccinated => Partially vaccinated
04/14/2023 02:20:58 PM [INFO]:: [Fuzzy] Pfizer BioNTech COVID-19 vaccine ; VO:0004987 => Pfizer BioNTech COVID-19 vaccine; VO:0004987 : score 99
04/14/2023 02:20:58 PM Previous Input: Reported Health Condition, Covid-19 => COVID-19
04/14/2023 02:20:58 PM [INFO]:: [Fuzzy] SARS-CoV-2 WA1/2020 (D614 variant) => SARS-CoV-2 WA1/2020 (D614G variant) : score 99
04/14/2023 02:20:58 PM [INFO]:: [Fuzzy] SARS-CoV-2 WA1/2020 (D614 variant) => SARS-CoV-2 WA1/2020 (D614G variant) : score 99
04/14/2023 02:20:58 PM Previous Input: Reported Health Condition, Covid-19 => COVID-19
04/14/2023 02:20:59 PM [INFO]:: [Fuzzy] Pfizer BioNTech COVID-19 vaccine ; VO:0004987 => Pfizer BioNTech COVID-19 vaccine; VO:0004987 : score 99
04/14/2023 02:20:59 PM [INFO]:: [Fuzzy] Pfizer BioNTech COVID-19 vaccine ; VO:0004987 => Pfizer BioNTech COVID-19 vaccine; VO:0004987 : score 99
04/14/2023 02:20:59 PM [INFO]:: [Fuzzy] Pfizer BioNTech COVID-19 vaccine ; VO:0004987 => Pfizer BioNTech COVID-19 vaccine; VO:0004987 : score 99
04/14/2023 02:20:59 PM Previous Input: Reported Health Condition, Covid-19 => COVID-19
04/14/2023 02:20:59 PM Previous Input: Virus Strain, Not Specified => Not Applicable
04/14/2023 02:21:05 PM INFO:: [User Change] Common cold Coronavirus (NL63 => HCoVs - Seasonal (OC43, HKU-1, NL63, 229E)
04/14/2023 02:21:05 PM INFO:: [Fuzzy] Closest Match Found. Changing 229E => HCoVs - Seasonal (OC43, HKU-1, NL63, 229E)
04/14/2023 02:21:09 PM INFO:: [User Change] HKU1 => HCoVs - Seasonal (OC43, HKU-1, NL63, 229E)
04/14/2023 02:21:11 PM INFO:: [User Change] OC43) => HCoVs - Seasonal (OC43, HKU-1, NL63, 229E)
04/14/2023 02:21:11 PM Previous Input: Virus Strain, Common cold Coronavirus (NL63 => HCoVs - Seasonal (OC43, HKU-1, NL63, 229E)
04/14/2023 02:21:11 PM INFO:: [Fuzzy] Closest Match Found. Changing 229E => HCoVs - Seasonal (OC43, HKU-1, NL63, 229E)
04/14/2023 02:21:11 PM Previous Input: Virus Strain, HKU1 => HCoVs - Seasonal (OC43, HKU-1, NL63, 229E)
04/14/2023 02:21:11 PM Previous Input: Virus Strain, OC43) => HCoVs - Seasonal (OC43, HKU-1, NL63, 229E)
04/14/2023 02:21:11 PM Previous Input: Virus Strain, Common cold Coronavirus (NL63 => HCoVs - Seasonal (OC43, HKU-1, NL63, 229E)
04/14/2023 02:21:11 PM INFO:: [Fuzzy] Closest Match Found. Changing 229E => HCoVs - Seasonal (OC43, HKU-1, NL63, 229E)
04/14/2023 02:21:11 PM Previous Input: Virus Strain, HKU1 => HCoVs - Seasonal (OC43, HKU-1, NL63, 229E)
04/14/2023 02:21:11 PM Previous Input: Virus Strain, OC43) => HCoVs - Seasonal (OC43, HKU-1, NL63, 229E)
04/14/2023 02:21:11 PM Previous Input: Reported Health Condition, Covid-19 => COVID-19
04/14/2023 02:21:11 PM INFO:: [Fuzzy] Closest Match Found. Changing HCoVs - Seasonal (OC43 => HCoVs - Seasonal (OC43, HKU-1, NL63, 229E)
04/14/2023 02:21:11 PM INFO:: [Fuzzy] Closest Match Found. Changing HKU-1 => HCoVs - Seasonal (OC43, HKU-1, NL63, 229E)
04/14/2023 02:21:11 PM INFO:: [Fuzzy] Closest Match Found. Changing NL63 => HCoVs - Seasonal (OC43, HKU-1, NL63, 229E)
04/14/2023 02:21:11 PM INFO:: [Fuzzy] Closest Match Found. Changing 229E) => HCoVs - Seasonal (OC43, HKU-1, NL63, 229E)
04/14/2023 02:21:11 PM INFO:: [Fuzzy] Closest Match Found. Changing Pfizer-BioNTech => Pfizer-BioNTech SARS-CoV-2 vaccine
04/14/2023 02:21:11 PM INFO:: [Fuzzy] Closest Match Found. Changing Moderna => Moderna SARS-CoV-2 vaccine
04/14/2023 02:21:11 PM [INFO]:: [Fuzzy] Pfizer BioNTech COVID-19 vaccine ; VO:0004987 => Pfizer BioNTech COVID-19 vaccine; VO:0004987 : score 99
04/14/2023 02:21:11 PM [INFO]:: [Fuzzy] Moderna COVID-19 vaccine ; VO:0005157 => Moderna COVID-19 vaccine; VO:0005157 : score 99
04/14/2023 02:21:11 PM Previous Input: Virus Strain, B.1.1.7(alpha) => SARS-CoV-2 Alpha; B.1.1.7
04/14/2023 02:21:11 PM Previous Input: Virus Strain, B.1.351 (beta) => SARS-CoV-2 Beta; B.1.351
04/14/2023 02:21:14 PM INFO:: [User Change] P.1 (gamma) => SARS-CoV-2 Gamma; P.1
04/14/2023 02:21:15 PM INFO:: [User Change] B.1.617.2 (delta) => SARS-CoV-2 Delta; B.1.617.2
04/14/2023 02:21:17 PM INFO:: [User Change] B.526 (Iota) => SARS-CoV-2 Eta / Iota; B.1.525 / B.1.526
04/14/2023 02:21:20 PM INFO:: [User Change] B.1.617.1 (kappa) => SARS-CoV-2 Kappa; B.1.617.1
04/14/2023 02:21:21 PM INFO:: [User Change] P.2 (zeta) => SARS-CoV-2 Zeta; P.2
04/14/2023 02:21:21 PM Previous Input: Virus Strain, B.1.1.7(alpha) => SARS-CoV-2 Alpha; B.1.1.7
04/14/2023 02:21:21 PM Previous Input: Virus Strain, B.1.351 (beta) => SARS-CoV-2 Beta; B.1.351
04/14/2023 02:21:21 PM Previous Input: Virus Strain, P.1 (gamma) => SARS-CoV-2 Gamma; P.1
04/14/2023 02:21:21 PM Previous Input: Virus Strain, B.1.617.2 (delta) => SARS-CoV-2 Delta; B.1.617.2
04/14/2023 02:21:21 PM Previous Input: Virus Strain, B.526 (Iota) => SARS-CoV-2 Eta / Iota; B.1.525 / B.1.526
04/14/2023 02:21:21 PM Previous Input: Virus Strain, B.1.617.1 (kappa) => SARS-CoV-2 Kappa; B.1.617.1
04/14/2023 02:21:21 PM Previous Input: Virus Strain, P.2 (zeta) => SARS-CoV-2 Zeta; P.2
04/14/2023 02:21:21 PM INFO:: [Fuzzy] Closest Match Found. Changing HKU-1 => HCoVs - Seasonal (OC43, HKU-1, NL63, 229E)
04/14/2023 02:21:21 PM INFO:: [Fuzzy] Closest Match Found. Changing OC43 => HCoVs - Seasonal (OC43, HKU-1, NL63, 229E)
04/14/2023 02:21:21 PM INFO:: [Fuzzy] Closest Match Found. Changing NL63 => HCoVs - Seasonal (OC43, HKU-1, NL63, 229E)
04/14/2023 02:21:21 PM INFO:: [Fuzzy] Closest Match Found. Changing 229E => HCoVs - Seasonal (OC43, HKU-1, NL63, 229E)
04/14/2023 02:21:21 PM INFO:: [Fuzzy] Closest Match Found. Changing HKU-1 => HCoVs - Seasonal (OC43, HKU-1, NL63, 229E)
04/14/2023 02:21:21 PM INFO:: [Fuzzy] Closest Match Found. Changing OC43 => HCoVs - Seasonal (OC43, HKU-1, NL63, 229E)
04/14/2023 02:21:21 PM INFO:: [Fuzzy] Closest Match Found. Changing NL63 => HCoVs - Seasonal (OC43, HKU-1, NL63, 229E)
04/14/2023 02:21:21 PM INFO:: [Fuzzy] Closest Match Found. Changing 229E => HCoVs - Seasonal (OC43, HKU-1, NL63, 229E)
04/14/2023 02:21:21 PM Previous Input: Reported Health Condition, Covid-19 => COVID-19
04/14/2023 02:21:21 PM INFO:: [Fuzzy] Closest Match Found. Changing Pfizer-BioNTech => Pfizer-BioNTech SARS-CoV-2 vaccine
04/14/2023 02:21:21 PM INFO:: [Fuzzy] Closest Match Found. Changing Moderna => Moderna SARS-CoV-2 vaccine
04/14/2023 02:21:21 PM [INFO]:: [Fuzzy] Pfizer BioNTech COVID-19 vaccine ; VO:0004987 => Pfizer BioNTech COVID-19 vaccine; VO:0004987 : score 99
04/14/2023 02:21:21 PM [INFO]:: [Fuzzy] Moderna COVID-19 vaccine ; VO:0005157 => Moderna COVID-19 vaccine; VO:0005157 : score 99
04/14/2023 02:21:21 PM [INFO]:: [Fuzzy] Pfizer BioNTech COVID-19 vaccine ; VO:0004987 => Pfizer BioNTech COVID-19 vaccine; VO:0004987 : score 99
04/14/2023 02:21:21 PM [INFO]:: [Fuzzy] Moderna COVID-19 vaccine ; VO:0005158 => Moderna COVID-19 vaccine; VO:0005157 : score 96
04/14/2023 02:21:28 PM INFO:: [User Change] other coronaviruses => HCoVs - Seasonal (OC43, HKU-1, NL63, 229E)
04/14/2023 02:21:28 PM Previous Input: Virus Strain, other coronaviruses => HCoVs - Seasonal (OC43, HKU-1, NL63, 229E)
04/14/2023 02:21:28 PM Previous Input: Reported Health Condition, Covid-19 => COVID-19
04/14/2023 02:21:28 PM Previous Input: Reported Health Condition, Covid-19 => COVID-19
04/14/2023 02:21:28 PM INFO:: [Fuzzy] Closest Match Found. Changing Post-Vaccination => Post-vaccination
04/14/2023 02:21:28 PM INFO:: [Fuzzy] Closest Match Found. Changing Post-Vaccination => Post-vaccination
04/14/2023 02:21:28 PM INFO:: [Fuzzy] Closest Match Found. Changing Post-Vaccination => Post-vaccination
04/14/2023 02:21:29 PM Previous Input: Reported Health Condition, Covid-19 => COVID-19
04/14/2023 02:21:29 PM Previous Input: Reported Health Condition, Covid-19 => COVID-19
04/14/2023 02:21:29 PM Previous Input: Virus Strain, Not Specified => Not Applicable
04/14/2023 02:21:29 PM Previous Input: Reported Health Condition, Covid-19 => COVID-19
04/14/2023 02:21:29 PM Previous Input: Reported Health Condition, Covid-19 => COVID-19
04/14/2023 02:21:30 PM Previous Input: Reported Health Condition, Covid-19 => COVID-19
04/14/2023 02:21:30 PM Previous Input: Virus Strain, Not Specified => Not Applicable
04/14/2023 02:21:30 PM Previous Input: Virus Strain, Not Specified => Not Applicable
