03/11/2025 11:56:15 AM 
PMID: PMID3839 ####################
03/11/2025 11:56:15 AM WARNING:: [Sex_at_Birth] Changing 'male | female' to 'other'
03/11/2025 11:56:15 AM WARNING:: [Sex_at_Birth] Changing 'male | female' to 'other'
03/11/2025 11:56:15 AM WARNING:: [Sex_at_Birth] Changing 'male | female' to 'other'
03/11/2025 11:56:15 AM WARNING:: [Sex_at_Birth] Changing 'male | female' to 'other'
03/11/2025 11:56:15 AM Warning:: [Race] Changing 'Race' to 'other' and moving data to [Race Specify]
03/11/2025 11:56:15 AM Warning:: [Race] Changing 'Race' to 'other' and moving data to [Race Specify]
03/11/2025 11:56:15 AM Warning:: [Race] Changing 'Race' to 'other' and moving data to [Race Specify]
03/11/2025 11:56:15 AM Warning:: [Race] Changing 'Race' to 'other' and moving data to [Race Specify]
03/11/2025 11:56:15 AM Warning:: [Ethnicity] Changing list to other in ImmPort Templates
03/11/2025 11:56:15 AM Warning:: [Ethnicity] Changing list to other in ImmPort Templates
03/11/2025 11:56:15 AM Warning:: [Ethnicity] Changing list to other in ImmPort Templates
03/11/2025 11:56:15 AM Warning:: [Ethnicity] Changing list to other in ImmPort Templates
03/11/2025 11:56:15 AM INFO:: [Fuzzy] Closest Match Found. Changing HCoVs - Seasonal (OC43 => HCoVs - Seasonal (OC43, HKU-1, NL63, 229E)
03/11/2025 11:56:15 AM INFO:: [Fuzzy] Closest Match Found. Changing HKU-1 => HCoVs - Seasonal (OC43, HKU-1, NL63, 229E)
03/11/2025 11:56:15 AM INFO:: [Fuzzy] Closest Match Found. Changing NL63 => HCoVs - Seasonal (OC43, HKU-1, NL63, 229E)
03/11/2025 11:56:15 AM INFO:: [Fuzzy] Closest Match Found. Changing 229E) => HCoVs - Seasonal (OC43, HKU-1, NL63, 229E)
03/11/2025 11:56:15 AM INFO:: [Fuzzy] Closest Match Found. Changing HCoVs - Seasonal (OC43 => HCoVs - Seasonal (OC43, HKU-1, NL63, 229E)
03/11/2025 11:56:15 AM INFO:: [Fuzzy] Closest Match Found. Changing HKU-1 => HCoVs - Seasonal (OC43, HKU-1, NL63, 229E)
03/11/2025 11:56:15 AM INFO:: [Fuzzy] Closest Match Found. Changing NL63 => HCoVs - Seasonal (OC43, HKU-1, NL63, 229E)
03/11/2025 11:56:15 AM INFO:: [Fuzzy] Closest Match Found. Changing 229E) => HCoVs - Seasonal (OC43, HKU-1, NL63, 229E)
03/11/2025 11:56:15 AM INFO:: [Fuzzy] Closest Match Found. Changing HCoVs - Seasonal (OC43 => HCoVs - Seasonal (OC43, HKU-1, NL63, 229E)
03/11/2025 11:56:15 AM INFO:: [Fuzzy] Closest Match Found. Changing HKU-1 => HCoVs - Seasonal (OC43, HKU-1, NL63, 229E)
03/11/2025 11:56:15 AM INFO:: [Fuzzy] Closest Match Found. Changing NL63 => HCoVs - Seasonal (OC43, HKU-1, NL63, 229E)
03/11/2025 11:56:15 AM INFO:: [Fuzzy] Closest Match Found. Changing 229E) => HCoVs - Seasonal (OC43, HKU-1, NL63, 229E)
03/11/2025 11:58:57 AM 
PMID: PMID3794 ####################
03/11/2025 11:58:57 AM WARNING:: [Sex_at_Birth] Changing 'male | female' to 'other'
03/11/2025 11:58:57 AM Warning:: [Race] Changing 'Race' to 'other' and moving data to [Race Specify]
03/11/2025 11:58:57 AM Warning:: [Ethnicity] Changing list to other in ImmPort Templates
03/11/2025 11:58:59 AM INFO:: [User Change] Not Specified => Not Applicable
03/11/2025 12:00:46 PM 
PMID: PMID3794 ####################
03/11/2025 12:00:46 PM WARNING:: [Sex_at_Birth] Changing 'male | female' to 'other'
03/11/2025 12:00:46 PM Warning:: [Race] Changing 'Race' to 'other' and moving data to [Race Specify]
03/11/2025 12:00:46 PM Warning:: [Ethnicity] Changing list to other in ImmPort Templates
03/11/2025 12:01:32 PM INFO:: [User Change] Not Specified => Not Applicable
03/11/2025 12:07:18 PM 
PMID: PMID3829 ####################
03/11/2025 12:07:18 PM WARNING:: [Sex_at_Birth] Changing 'male | female' to 'other'
03/11/2025 12:07:18 PM Warning:: [Race] Changing 'Race' to 'other' and moving data to [Race Specify]
03/11/2025 12:07:18 PM Warning:: [Ethnicity] Changing list to other in ImmPort Templates
03/11/2025 12:11:16 PM 
PMID: PMID3829 ####################
03/11/2025 12:11:16 PM WARNING:: [Sex_at_Birth] Changing 'male | female' to 'other'
03/11/2025 12:11:16 PM Warning:: [Race] Changing 'Race' to 'other' and moving data to [Race Specify]
03/11/2025 12:11:16 PM Warning:: [Ethnicity] Changing list to other in ImmPort Templates
03/11/2025 12:17:08 PM 
PMID: PMID3829 ####################
03/11/2025 12:17:08 PM WARNING:: [Sex_at_Birth] Changing 'male | female' to 'other'
03/11/2025 12:17:08 PM Warning:: [Race] Changing 'Race' to 'other' and moving data to [Race Specify]
03/11/2025 12:17:08 PM Warning:: [Ethnicity] Changing list to other in ImmPort Templates
03/11/2025 12:20:48 PM 
PMID: PMID3829 ####################
03/11/2025 12:20:48 PM WARNING:: [Sex_at_Birth] Changing 'male | female' to 'other'
03/11/2025 12:20:48 PM Warning:: [Race] Changing 'Race' to 'other' and moving data to [Race Specify]
03/11/2025 12:20:48 PM Warning:: [Ethnicity] Changing list to other in ImmPort Templates
03/11/2025 12:27:48 PM 
PMID: PMID3311 ####################
03/11/2025 12:27:48 PM WARNING:: [Sex_at_Birth] Changing 'male | female' to 'other'
03/11/2025 12:27:48 PM Warning:: [Race] Changing 'Race' to 'other' and moving data to [Race Specify]
03/11/2025 12:27:48 PM Warning:: [Ethnicity] Changing list to other in ImmPort Templates
