01/31/2023 03:02:21 PM 
PMID: 35289114
01/31/2023 03:02:21 PM WARNING:: [inclusion exclusion] Changing Yes => Inclusion
01/31/2023 03:02:22 PM INFO:: [Fuzzy] Closest Match Found. Changing Post-Vaccination => Post-vaccination
01/31/2023 03:02:22 PM INFO:: [Fuzzy] Closest Match Found. Changing Post-Vaccination => Post-vaccination
01/31/2023 03:02:22 PM INFO:: [Fuzzy] Closest Match Found. Changing Post-Vaccination => Post-vaccination
01/31/2023 03:02:31 PM 
PMID: 34253053
01/31/2023 03:02:32 PM [INFO]:: [Fuzzy] SARS-CoV-2 WA1/2020 (D614 variant) => SARS-CoV-2 WA1/2020 (D614G variant) : score 99
01/31/2023 03:02:32 PM [INFO]:: [Fuzzy] SARS-CoV-2 WA1/2020 (D614 variant) => SARS-CoV-2 WA1/2020 (D614G variant) : score 99
01/31/2023 03:02:50 PM 
PMID: 34584899
01/31/2023 03:02:50 PM WARNING:: [inclusion exclusion] Changing Yes => Inclusion
01/31/2023 03:02:50 PM WARNING:: [inclusion exclusion] Changing No => Exclusion
01/31/2023 03:02:50 PM WARNING:: [inclusion exclusion] Changing Yes => Inclusion
01/31/2023 03:02:50 PM WARNING:: [Sex_at_Birth] Changing 'male | female' to 'other'
01/31/2023 03:02:50 PM Warning:: [Race] Changing 'Race' to 'other' and moving data to [Race Specify]
01/31/2023 03:02:50 PM Warning:: [Ethnicity] Changing list to other in ImmPort Templates
01/31/2023 03:06:15 PM 
PMID: 35877413
01/31/2023 03:06:15 PM ERROR:: Error [Subject Human] Check SARS_CoV_2_Symptoms
01/31/2023 03:06:15 PM ERROR:: Error [Subject Human] Check SARS_CoV_2_Symptoms
01/31/2023 03:17:39 PM 
PMID: 34047304
01/31/2023 03:19:19 PM 
PMID: 33915337
01/31/2023 03:19:19 PM Warning:: [Race] Changing 'Race' to 'other' and moving data to [Race Specify]
01/31/2023 03:19:19 PM Warning:: [Race] Changing 'Race' to 'other' and moving data to [Race Specify]
01/31/2023 03:19:19 PM Warning:: [Race] Changing 'Race' to 'other' and moving data to [Race Specify]
01/31/2023 03:19:19 PM Warning:: [Ethnicity] Changing list to other in ImmPort Templates
01/31/2023 03:19:19 PM Warning:: [Ethnicity] Changing list to other in ImmPort Templates
01/31/2023 03:19:19 PM Warning:: [Ethnicity] Changing list to other in ImmPort Templates
01/31/2023 03:27:09 PM 
PMID: 35915094
01/31/2023 03:28:11 PM INFO:: [User Change] Spleen => Serum
01/31/2023 03:32:02 PM 
PMID: 33915337
01/31/2023 03:32:03 PM Warning:: [Race] Changing 'Race' to 'other' and moving data to [Race Specify]
01/31/2023 03:32:03 PM Warning:: [Race] Changing 'Race' to 'other' and moving data to [Race Specify]
01/31/2023 03:32:03 PM Warning:: [Race] Changing 'Race' to 'other' and moving data to [Race Specify]
01/31/2023 03:32:03 PM Warning:: [Ethnicity] Changing list to other in ImmPort Templates
01/31/2023 03:32:03 PM Warning:: [Ethnicity] Changing list to other in ImmPort Templates
01/31/2023 03:32:03 PM Warning:: [Ethnicity] Changing list to other in ImmPort Templates
01/31/2023 03:32:14 PM [INFO]:: [Fuzzy] Post-acute Sequelae of COVID-20 => Post-acute Sequelae of COVID-19 : score 94
01/31/2023 03:32:14 PM [INFO]:: [Fuzzy] SARS-CoV-2 spike => SARS-CoV-2 : score 77
01/31/2023 03:36:04 PM 
PMID: 35632708
01/31/2023 04:25:06 PM 
PMID: 35877413
01/31/2023 04:25:06 PM ERROR:: Error [Subject Human] Check SARS_CoV_2_Symptoms
01/31/2023 04:25:06 PM ERROR:: Error [Subject Human] Check SARS_CoV_2_Symptoms
01/31/2023 04:26:16 PM 
PMID: 35877413
01/31/2023 04:26:16 PM ERROR:: Error [Subject Human] Check COVID_19_Disease_Severity
01/31/2023 04:26:16 PM ERROR:: Error [Subject Human] Check COVID_19_Disease_Severity
01/31/2023 04:26:42 PM 
PMID: 35877413
01/31/2023 04:26:42 PM WARNING:: [Sex_at_Birth] Changing 'male | female' to 'other'
01/31/2023 04:26:42 PM WARNING:: [Sex_at_Birth] Changing 'male | female' to 'other'
01/31/2023 04:26:42 PM Warning:: [Race] Changing 'Race' to 'other' and moving data to [Race Specify]
01/31/2023 04:26:42 PM Warning:: [Race] Changing 'Race' to 'other' and moving data to [Race Specify]
01/31/2023 04:26:42 PM Warning:: [Ethnicity] Changing list to other in ImmPort Templates
01/31/2023 04:26:42 PM Warning:: [Ethnicity] Changing list to other in ImmPort Templates
01/31/2023 04:26:42 PM [planned visit]: PMID35877413_visit-01 has reached character limit (153 > 125)
01/31/2023 04:27:47 PM 
PMID: 35877413
01/31/2023 04:27:47 PM WARNING:: [Sex_at_Birth] Changing 'male | female' to 'other'
01/31/2023 04:27:47 PM WARNING:: [Sex_at_Birth] Changing 'male | female' to 'other'
01/31/2023 04:27:47 PM Warning:: [Race] Changing 'Race' to 'other' and moving data to [Race Specify]
01/31/2023 04:27:47 PM Warning:: [Race] Changing 'Race' to 'other' and moving data to [Race Specify]
01/31/2023 04:27:47 PM Warning:: [Ethnicity] Changing list to other in ImmPort Templates
01/31/2023 04:27:47 PM Warning:: [Ethnicity] Changing list to other in ImmPort Templates
01/31/2023 04:27:47 PM [planned visit]: PMID35877413_visit-01 has reached character limit (133 > 125)
01/31/2023 04:28:23 PM 
PMID: 35877413
01/31/2023 04:28:23 PM WARNING:: [Sex_at_Birth] Changing 'male | female' to 'other'
01/31/2023 04:28:23 PM WARNING:: [Sex_at_Birth] Changing 'male | female' to 'other'
01/31/2023 04:28:23 PM Warning:: [Race] Changing 'Race' to 'other' and moving data to [Race Specify]
01/31/2023 04:28:23 PM Warning:: [Race] Changing 'Race' to 'other' and moving data to [Race Specify]
01/31/2023 04:28:23 PM Warning:: [Ethnicity] Changing list to other in ImmPort Templates
01/31/2023 04:28:23 PM Warning:: [Ethnicity] Changing list to other in ImmPort Templates
01/31/2023 04:30:53 PM 
PMID: 35632708
01/31/2023 04:40:38 PM 
PMID: 33915337
01/31/2023 04:40:38 PM Warning:: [Race] Changing 'Race' to 'other' and moving data to [Race Specify]
01/31/2023 04:40:38 PM Warning:: [Race] Changing 'Race' to 'other' and moving data to [Race Specify]
01/31/2023 04:40:38 PM Warning:: [Race] Changing 'Race' to 'other' and moving data to [Race Specify]
01/31/2023 04:40:38 PM Warning:: [Ethnicity] Changing list to other in ImmPort Templates
01/31/2023 04:40:38 PM Warning:: [Ethnicity] Changing list to other in ImmPort Templates
01/31/2023 04:40:38 PM Warning:: [Ethnicity] Changing list to other in ImmPort Templates
01/31/2023 04:40:41 PM [INFO]:: [Fuzzy] Post-acute Sequelae of COVID-20 => Post-acute Sequelae of COVID-19 : score 94
01/31/2023 04:40:41 PM [INFO]:: [Fuzzy] SARS-CoV-2 spike => SARS-CoV-2 : score 77
