09/11/2024 01:04:21 PM 
PMID: 36622349 ####################
09/11/2024 01:04:21 PM WARNING:: [Sex_at_Birth] Changing 'male | female' to 'other'
09/11/2024 01:04:21 PM Warning:: [Race] Changing 'Race' to 'other' and moving data to [Race Specify]
09/11/2024 01:04:21 PM Warning:: [Ethnicity] Changing list to other in ImmPort Templates
09/11/2024 01:04:41 PM 
PMID: 36622349 ####################
09/11/2024 01:04:41 PM WARNING:: [Sex_at_Birth] Changing 'male | female' to 'other'
09/11/2024 01:04:41 PM Warning:: [Race] Changing 'Race' to 'other' and moving data to [Race Specify]
09/11/2024 01:04:41 PM Warning:: [Ethnicity] Changing list to other in ImmPort Templates
09/11/2024 01:06:41 PM 
PMID: 36913381 ####################
09/11/2024 02:46:38 PM 
PMID: 36913381 ####################
09/11/2024 02:47:59 PM 
PMID: 36913381 ####################
09/11/2024 02:48:22 PM [INFO]:: [Fuzzy] Computational Modeling => Computational Modelling : score 98
09/11/2024 02:48:24 PM INFO:: [User Change] Not Specified => Not Applicable
09/11/2024 02:48:40 PM 
PMID: 36881867 ####################
09/11/2024 02:49:24 PM 
PMID: 36881867 ####################
09/11/2024 02:49:49 PM 
PMID: 36881867 ####################
09/11/2024 02:50:17 PM 
PMID: 36881867 ####################
09/11/2024 02:50:38 PM 
PMID: 38380946 ####################
09/11/2024 02:50:38 PM WARNING:: [Sex_at_Birth] Changing 'male | female' to 'other'
09/11/2024 02:50:38 PM Warning:: [Race] Changing 'Race' to 'other' and moving data to [Race Specify]
09/11/2024 02:50:38 PM Warning:: [Ethnicity] Changing list to other in ImmPort Templates
09/11/2024 02:51:02 PM 
PMID: 36625657 ####################
09/11/2024 02:51:02 PM WARNING:: [Sex_at_Birth] Changing 'male | female' to 'other'
09/11/2024 02:51:02 PM WARNING:: [Sex_at_Birth] Changing 'male | female' to 'other'
09/11/2024 02:51:02 PM WARNING:: [Sex_at_Birth] Changing 'male | female' to 'other'
09/11/2024 02:51:02 PM WARNING:: [Sex_at_Birth] Changing 'male | female' to 'other'
09/11/2024 02:51:02 PM Warning:: [Race] Changing 'Race' to 'other' and moving data to [Race Specify]
09/11/2024 02:51:02 PM Warning:: [Race] Changing 'Race' to 'other' and moving data to [Race Specify]
09/11/2024 02:51:02 PM Warning:: [Race] Changing 'Race' to 'other' and moving data to [Race Specify]
09/11/2024 02:51:02 PM Warning:: [Race] Changing 'Race' to 'other' and moving data to [Race Specify]
09/11/2024 02:51:02 PM Warning:: [Ethnicity] Changing list to other in ImmPort Templates
09/11/2024 02:51:02 PM Warning:: [Ethnicity] Changing list to other in ImmPort Templates
09/11/2024 02:51:02 PM Warning:: [Ethnicity] Changing list to other in ImmPort Templates
09/11/2024 02:51:02 PM Warning:: [Ethnicity] Changing list to other in ImmPort Templates
09/11/2024 02:51:23 PM INFO:: [Fuzzy] Closest Match Found. Changing HCoVs - Seasonal (OC43 => HCoVs - Seasonal (OC43, HKU-1, NL63, 229E)
09/11/2024 02:51:23 PM INFO:: [Fuzzy] Closest Match Found. Changing HKU-1 => HCoVs - Seasonal (OC43, HKU-1, NL63, 229E)
09/11/2024 02:51:23 PM INFO:: [Fuzzy] Closest Match Found. Changing NL63 => HCoVs - Seasonal (OC43, HKU-1, NL63, 229E)
09/11/2024 02:51:23 PM INFO:: [Fuzzy] Closest Match Found. Changing 229E) => HCoVs - Seasonal (OC43, HKU-1, NL63, 229E)
09/11/2024 02:51:23 PM INFO:: [Fuzzy] Closest Match Found. Changing HCoVs - Seasonal (OC43 => HCoVs - Seasonal (OC43, HKU-1, NL63, 229E)
09/11/2024 02:51:23 PM INFO:: [Fuzzy] Closest Match Found. Changing HKU-1 => HCoVs - Seasonal (OC43, HKU-1, NL63, 229E)
09/11/2024 02:51:23 PM INFO:: [Fuzzy] Closest Match Found. Changing NL63 => HCoVs - Seasonal (OC43, HKU-1, NL63, 229E)
09/11/2024 02:51:23 PM INFO:: [Fuzzy] Closest Match Found. Changing 229E) => HCoVs - Seasonal (OC43, HKU-1, NL63, 229E)
09/11/2024 02:51:49 PM 
PMID: 36906295 ####################
09/11/2024 02:51:49 PM WARNING:: [Sex_at_Birth] Changing 'male | female' to 'other'
09/11/2024 02:51:49 PM Warning:: [Race] Changing 'Race' to 'other' and moving data to [Race Specify]
09/11/2024 02:51:49 PM Warning:: [Ethnicity] Changing list to other in ImmPort Templates
09/11/2024 02:52:24 PM 
PMID: 37104041 ####################
09/11/2024 02:52:24 PM WARNING:: [Sex_at_Birth] Changing 'male | female' to 'other'
09/11/2024 02:52:24 PM WARNING:: [Sex_at_Birth] Changing 'male | female' to 'other'
09/11/2024 02:52:24 PM WARNING:: [Sex_at_Birth] Changing 'male | female' to 'other'
09/11/2024 02:52:24 PM Warning:: [Race] Changing 'Race' to 'other' and moving data to [Race Specify]
09/11/2024 02:52:24 PM Warning:: [Race] Changing 'Race' to 'other' and moving data to [Race Specify]
09/11/2024 02:52:24 PM Warning:: [Race] Changing 'Race' to 'other' and moving data to [Race Specify]
09/11/2024 02:52:24 PM Warning:: [Ethnicity] Changing list to other in ImmPort Templates
09/11/2024 02:52:24 PM Warning:: [Ethnicity] Changing list to other in ImmPort Templates
09/11/2024 02:52:24 PM Warning:: [Ethnicity] Changing list to other in ImmPort Templates
09/11/2024 02:53:10 PM 
PMID: 36528815 ####################
09/11/2024 02:53:10 PM WARNING:: [Sex_at_Birth] Changing 'male | female' to 'other'
09/11/2024 02:53:10 PM WARNING:: [Sex_at_Birth] Changing 'male | female' to 'other'
09/11/2024 02:53:10 PM Warning:: [Race] Changing 'Race' to 'other' and moving data to [Race Specify]
09/11/2024 02:53:10 PM Warning:: [Race] Changing 'Race' to 'other' and moving data to [Race Specify]
09/11/2024 02:53:10 PM Warning:: [Ethnicity] Changing list to other in ImmPort Templates
09/11/2024 02:53:10 PM Warning:: [Ethnicity] Changing list to other in ImmPort Templates
09/11/2024 03:06:31 PM 
PMID: 36881867 ####################
09/11/2024 03:16:28 PM 
PMID: 37872311 ####################
09/11/2024 03:16:28 PM WARNING:: [Sex_at_Birth] Changing 'male | female' to 'other'
09/11/2024 03:16:28 PM WARNING:: [Sex_at_Birth] Changing 'male | female' to 'other'
09/11/2024 03:16:28 PM WARNING:: [Sex_at_Birth] Changing 'male | female' to 'other'
09/11/2024 03:16:28 PM WARNING:: [Sex_at_Birth] Changing 'male | female' to 'other'
09/11/2024 03:16:28 PM Warning:: [Race] Changing 'Race' to 'other' and moving data to [Race Specify]
09/11/2024 03:16:28 PM Warning:: [Race] Changing 'Race' to 'other' and moving data to [Race Specify]
09/11/2024 03:16:28 PM Warning:: [Race] Changing 'Race' to 'other' and moving data to [Race Specify]
09/11/2024 03:16:28 PM Warning:: [Race] Changing 'Race' to 'other' and moving data to [Race Specify]
09/11/2024 03:16:28 PM Warning:: [Ethnicity] Changing list to other in ImmPort Templates
09/11/2024 03:16:28 PM Warning:: [Ethnicity] Changing list to other in ImmPort Templates
09/11/2024 03:16:28 PM Warning:: [Ethnicity] Changing list to other in ImmPort Templates
09/11/2024 03:16:28 PM Warning:: [Ethnicity] Changing list to other in ImmPort Templates
09/11/2024 03:16:32 PM INFO:: [User Change] Not Specified => Not Applicable
09/11/2024 03:22:10 PM 
PMID: 37872311 ####################
09/11/2024 03:22:10 PM WARNING:: [Sex_at_Birth] Changing 'male | female' to 'other'
09/11/2024 03:22:10 PM WARNING:: [Sex_at_Birth] Changing 'male | female' to 'other'
09/11/2024 03:22:10 PM WARNING:: [Sex_at_Birth] Changing 'male | female' to 'other'
09/11/2024 03:22:10 PM WARNING:: [Sex_at_Birth] Changing 'male | female' to 'other'
09/11/2024 03:22:10 PM Warning:: [Race] Changing 'Race' to 'other' and moving data to [Race Specify]
09/11/2024 03:22:10 PM Warning:: [Race] Changing 'Race' to 'other' and moving data to [Race Specify]
09/11/2024 03:22:10 PM Warning:: [Race] Changing 'Race' to 'other' and moving data to [Race Specify]
09/11/2024 03:22:10 PM Warning:: [Race] Changing 'Race' to 'other' and moving data to [Race Specify]
09/11/2024 03:22:10 PM Warning:: [Ethnicity] Changing list to other in ImmPort Templates
09/11/2024 03:22:10 PM Warning:: [Ethnicity] Changing list to other in ImmPort Templates
09/11/2024 03:22:10 PM Warning:: [Ethnicity] Changing list to other in ImmPort Templates
09/11/2024 03:22:10 PM Warning:: [Ethnicity] Changing list to other in ImmPort Templates
09/11/2024 03:22:11 PM INFO:: [User Change] Not Specified => Not Applicable
09/11/2024 03:37:45 PM 
PMID: 38578049 ####################
09/11/2024 03:37:45 PM WARNING:: [Sex_at_Birth] Changing 'male | female' to 'other'
09/11/2024 03:37:45 PM Warning:: [Race] Changing 'Race' to 'other' and moving data to [Race Specify]
09/11/2024 03:37:45 PM Warning:: [Ethnicity] Changing list to other in ImmPort Templates
09/11/2024 03:37:50 PM INFO:: [User Change] Not Specified => Not Applicable
09/11/2024 03:47:45 PM 
PMID: 37819267 ####################
09/11/2024 03:47:45 PM WARNING:: [Sex_at_Birth] Changing 'male | female' to 'other'
09/11/2024 03:47:45 PM WARNING:: [Sex_at_Birth] Changing 'male | female' to 'other'
09/11/2024 03:47:45 PM WARNING:: [Sex_at_Birth] Changing 'male | female' to 'other'
09/11/2024 03:47:45 PM Warning:: [Race] Changing 'Race' to 'other' and moving data to [Race Specify]
09/11/2024 03:47:45 PM Warning:: [Race] Changing 'Race' to 'other' and moving data to [Race Specify]
09/11/2024 03:47:45 PM Warning:: [Race] Changing 'Race' to 'other' and moving data to [Race Specify]
09/11/2024 03:47:45 PM Warning:: [Ethnicity] Changing list to other in ImmPort Templates
09/11/2024 03:47:45 PM Warning:: [Ethnicity] Changing list to other in ImmPort Templates
09/11/2024 03:47:45 PM Warning:: [Ethnicity] Changing list to other in ImmPort Templates
09/11/2024 03:47:45 PM [INFO]:: [Fuzzy] vaccinated => Vaccinated : score 90
09/11/2024 03:47:45 PM INFO:: [Fuzzy] Closest Match Found. Changing Not Vaccinated => Not vaccinated
09/11/2024 03:47:45 PM [INFO]:: [Fuzzy] vaccinated => Vaccinated : score 90
09/11/2024 03:47:45 PM INFO:: [Fuzzy] Closest Match Found. Changing Not Vaccinated => Not vaccinated
09/11/2024 03:47:45 PM [INFO]:: [Fuzzy] vaccinated => Vaccinated : score 90
09/11/2024 03:47:45 PM [INFO]:: [Fuzzy] SARS-ACoV-2 WA1/2020 (D614G variant) => SARS-CoV-2 WA1/2020 (D614G variant) : score 99
09/11/2024 03:47:45 PM [INFO]:: [Fuzzy] SARS-CoV-2 Omicron variant XBB.1.5 variants => SARS-CoV-2 Omicron variant XBB.1.5 : score 88
09/11/2024 03:47:45 PM [INFO]:: [Fuzzy] SARS-ACoV-2 WA1/2020 (D614G variant) => SARS-CoV-2 WA1/2020 (D614G variant) : score 99
09/11/2024 03:47:45 PM [INFO]:: [Fuzzy] SARS-CoV-2 Omicron variant XBB.1.5 variants => SARS-CoV-2 Omicron variant XBB.1.5 : score 88
09/11/2024 03:47:45 PM [INFO]:: [Fuzzy] SARS-ACoV-2 WA1/2020 (D614G variant) => SARS-CoV-2 WA1/2020 (D614G variant) : score 99
09/11/2024 03:47:45 PM [INFO]:: [Fuzzy] SARS-CoV-2 Omicron variant XBB.1.5 variants => SARS-CoV-2 Omicron variant XBB.1.5 : score 88
09/11/2024 03:47:45 PM [INFO]:: [Fuzzy] SARS-ACoV-2 WA1/2020 (D614G variant) => SARS-CoV-2 WA1/2020 (D614G variant) : score 99
09/11/2024 03:47:45 PM [INFO]:: [Fuzzy] SARS-CoV-2 Omicron variant XBB.1.5 variants => SARS-CoV-2 Omicron variant XBB.1.5 : score 88
09/11/2024 03:50:22 PM 
PMID: 36861088 ####################
09/11/2024 03:50:22 PM WARNING:: [Sex_at_Birth] Changing 'male | female' to 'other'
09/11/2024 03:50:22 PM WARNING:: [Sex_at_Birth] Changing 'male | female' to 'other'
09/11/2024 03:50:22 PM Warning:: [Race] Changing 'Race' to 'other' and moving data to [Race Specify]
09/11/2024 03:50:22 PM Warning:: [Race] Changing 'Race' to 'other' and moving data to [Race Specify]
09/11/2024 03:50:22 PM Warning:: [Ethnicity] Changing list to other in ImmPort Templates
09/11/2024 03:50:22 PM Warning:: [Ethnicity] Changing list to other in ImmPort Templates
09/11/2024 03:50:22 PM [INFO]:: [Fuzzy] Pfizer BioNTech COVID-19 vaccine; VO:0004988 => Pfizer BioNTech COVID-19 vaccine; VO:0004987 : score 98
09/11/2024 03:57:55 PM 
PMID: 36861088 ####################
09/11/2024 03:57:55 PM WARNING:: [Sex_at_Birth] Changing 'male | female' to 'other'
09/11/2024 03:57:55 PM WARNING:: [Sex_at_Birth] Changing 'male | female' to 'other'
09/11/2024 03:57:55 PM Warning:: [Race] Changing 'Race' to 'other' and moving data to [Race Specify]
09/11/2024 03:57:55 PM Warning:: [Race] Changing 'Race' to 'other' and moving data to [Race Specify]
09/11/2024 03:57:55 PM Warning:: [Ethnicity] Changing list to other in ImmPort Templates
09/11/2024 03:57:55 PM Warning:: [Ethnicity] Changing list to other in ImmPort Templates
09/11/2024 03:57:55 PM [INFO]:: [Fuzzy] Pfizer BioNTech COVID-19 vaccine; VO:0004988 => Pfizer BioNTech COVID-19 vaccine; VO:0004987 : score 98
09/11/2024 04:01:05 PM 
PMID: 36861088 ####################
09/11/2024 04:01:05 PM WARNING:: [Sex_at_Birth] Changing 'male | female' to 'other'
09/11/2024 04:01:05 PM WARNING:: [Sex_at_Birth] Changing 'male | female' to 'other'
09/11/2024 04:01:05 PM Warning:: [Race] Changing 'Race' to 'other' and moving data to [Race Specify]
09/11/2024 04:01:05 PM Warning:: [Race] Changing 'Race' to 'other' and moving data to [Race Specify]
09/11/2024 04:01:05 PM Warning:: [Ethnicity] Changing list to other in ImmPort Templates
09/11/2024 04:01:05 PM Warning:: [Ethnicity] Changing list to other in ImmPort Templates
09/11/2024 04:01:05 PM [INFO]:: [Fuzzy] Pfizer BioNTech COVID-19 vaccine; VO:0004988 => Pfizer BioNTech COVID-19 vaccine; VO:0004987 : score 98
09/11/2024 04:08:05 PM 
PMID: 37514950 ####################
09/11/2024 04:08:05 PM WARNING:: [Sex_at_Birth] Changing 'male | female' to 'other'
09/11/2024 04:08:05 PM WARNING:: [Sex_at_Birth] Changing 'male | female' to 'other'
09/11/2024 04:08:05 PM Warning:: [Race] Changing 'Race' to 'other' and moving data to [Race Specify]
09/11/2024 04:08:05 PM Warning:: [Race] Changing 'Race' to 'other' and moving data to [Race Specify]
09/11/2024 04:08:05 PM Warning:: [Ethnicity] Changing list to other in ImmPort Templates
09/11/2024 04:08:05 PM Warning:: [Ethnicity] Changing list to other in ImmPort Templates
09/11/2024 04:08:07 PM INFO:: [User Change] Not Specified => Not Applicable
09/11/2024 04:11:54 PM 
PMID: 37822504 ####################
09/11/2024 04:11:54 PM WARNING:: [Sex_at_Birth] Changing 'male | female' to 'other'
09/11/2024 04:11:54 PM WARNING:: [Sex_at_Birth] Changing 'male | female' to 'other'
09/11/2024 04:11:54 PM Warning:: [Race] Changing 'Race' to 'other' and moving data to [Race Specify]
09/11/2024 04:11:54 PM Warning:: [Race] Changing 'Race' to 'other' and moving data to [Race Specify]
09/11/2024 04:11:54 PM Warning:: [Ethnicity] Changing list to other in ImmPort Templates
09/11/2024 04:11:54 PM Warning:: [Ethnicity] Changing list to other in ImmPort Templates
09/11/2024 04:12:03 PM INFO:: [Fuzzy] Closest Match Found. Changing HCoVs - Seasonal (OC43 => HCoVs - Seasonal (OC43, HKU-1, NL63, 229E)
09/11/2024 04:12:03 PM INFO:: [Fuzzy] Closest Match Found. Changing HKU-1 => HCoVs - Seasonal (OC43, HKU-1, NL63, 229E)
09/11/2024 04:12:03 PM INFO:: [Fuzzy] Closest Match Found. Changing NL63 => HCoVs - Seasonal (OC43, HKU-1, NL63, 229E)
09/11/2024 04:12:03 PM INFO:: [Fuzzy] Closest Match Found. Changing 229E) => HCoVs - Seasonal (OC43, HKU-1, NL63, 229E)
09/11/2024 04:12:03 PM INFO:: [Fuzzy] Closest Match Found. Changing HCoVs - Seasonal (OC43 => HCoVs - Seasonal (OC43, HKU-1, NL63, 229E)
09/11/2024 04:12:03 PM INFO:: [Fuzzy] Closest Match Found. Changing HKU-1 => HCoVs - Seasonal (OC43, HKU-1, NL63, 229E)
09/11/2024 04:12:03 PM INFO:: [Fuzzy] Closest Match Found. Changing NL63 => HCoVs - Seasonal (OC43, HKU-1, NL63, 229E)
09/11/2024 04:12:03 PM INFO:: [Fuzzy] Closest Match Found. Changing 229E) => HCoVs - Seasonal (OC43, HKU-1, NL63, 229E)
09/11/2024 04:12:03 PM INFO:: [Fuzzy] Closest Match Found. Changing HCoVs - Seasonal (OC43 => HCoVs - Seasonal (OC43, HKU-1, NL63, 229E)
09/11/2024 04:12:03 PM INFO:: [Fuzzy] Closest Match Found. Changing HKU-1 => HCoVs - Seasonal (OC43, HKU-1, NL63, 229E)
09/11/2024 04:12:03 PM INFO:: [Fuzzy] Closest Match Found. Changing NL63 => HCoVs - Seasonal (OC43, HKU-1, NL63, 229E)
09/11/2024 04:12:03 PM INFO:: [Fuzzy] Closest Match Found. Changing 229E) => HCoVs - Seasonal (OC43, HKU-1, NL63, 229E)
09/11/2024 04:12:03 PM INFO:: [Fuzzy] Closest Match Found. Changing HCoVs - Seasonal (OC43 => HCoVs - Seasonal (OC43, HKU-1, NL63, 229E)
09/11/2024 04:12:03 PM INFO:: [Fuzzy] Closest Match Found. Changing HKU-1 => HCoVs - Seasonal (OC43, HKU-1, NL63, 229E)
09/11/2024 04:12:03 PM INFO:: [Fuzzy] Closest Match Found. Changing NL63 => HCoVs - Seasonal (OC43, HKU-1, NL63, 229E)
09/11/2024 04:12:03 PM INFO:: [Fuzzy] Closest Match Found. Changing 229E) => HCoVs - Seasonal (OC43, HKU-1, NL63, 229E)
09/11/2024 04:12:03 PM INFO:: [Fuzzy] Closest Match Found. Changing HCoVs - Seasonal (OC43 => HCoVs - Seasonal (OC43, HKU-1, NL63, 229E)
09/11/2024 04:12:03 PM INFO:: [Fuzzy] Closest Match Found. Changing HKU-1 => HCoVs - Seasonal (OC43, HKU-1, NL63, 229E)
09/11/2024 04:12:03 PM INFO:: [Fuzzy] Closest Match Found. Changing NL63 => HCoVs - Seasonal (OC43, HKU-1, NL63, 229E)
09/11/2024 04:12:03 PM INFO:: [Fuzzy] Closest Match Found. Changing 229E) => HCoVs - Seasonal (OC43, HKU-1, NL63, 229E)
09/11/2024 04:16:25 PM 
PMID: 37822504 ####################
09/11/2024 04:16:25 PM WARNING:: [Sex_at_Birth] Changing 'male | female' to 'other'
09/11/2024 04:16:25 PM WARNING:: [Sex_at_Birth] Changing 'male | female' to 'other'
09/11/2024 04:16:25 PM Warning:: [Race] Changing 'Race' to 'other' and moving data to [Race Specify]
09/11/2024 04:16:25 PM Warning:: [Race] Changing 'Race' to 'other' and moving data to [Race Specify]
09/11/2024 04:16:25 PM Warning:: [Ethnicity] Changing list to other in ImmPort Templates
09/11/2024 04:16:25 PM Warning:: [Ethnicity] Changing list to other in ImmPort Templates
09/11/2024 04:16:25 PM INFO:: [Fuzzy] Closest Match Found. Changing HCoVs - Seasonal (OC43 => HCoVs - Seasonal (OC43, HKU-1, NL63, 229E)
09/11/2024 04:16:25 PM INFO:: [Fuzzy] Closest Match Found. Changing HKU-1 => HCoVs - Seasonal (OC43, HKU-1, NL63, 229E)
09/11/2024 04:16:25 PM INFO:: [Fuzzy] Closest Match Found. Changing NL63 => HCoVs - Seasonal (OC43, HKU-1, NL63, 229E)
09/11/2024 04:16:25 PM INFO:: [Fuzzy] Closest Match Found. Changing 229E) => HCoVs - Seasonal (OC43, HKU-1, NL63, 229E)
09/11/2024 04:16:25 PM INFO:: [Fuzzy] Closest Match Found. Changing HCoVs - Seasonal (OC43 => HCoVs - Seasonal (OC43, HKU-1, NL63, 229E)
09/11/2024 04:16:25 PM INFO:: [Fuzzy] Closest Match Found. Changing HKU-1 => HCoVs - Seasonal (OC43, HKU-1, NL63, 229E)
09/11/2024 04:16:25 PM INFO:: [Fuzzy] Closest Match Found. Changing NL63 => HCoVs - Seasonal (OC43, HKU-1, NL63, 229E)
09/11/2024 04:16:25 PM INFO:: [Fuzzy] Closest Match Found. Changing 229E) => HCoVs - Seasonal (OC43, HKU-1, NL63, 229E)
09/11/2024 04:16:25 PM INFO:: [Fuzzy] Closest Match Found. Changing HCoVs - Seasonal (OC43 => HCoVs - Seasonal (OC43, HKU-1, NL63, 229E)
09/11/2024 04:16:25 PM INFO:: [Fuzzy] Closest Match Found. Changing HKU-1 => HCoVs - Seasonal (OC43, HKU-1, NL63, 229E)
09/11/2024 04:16:25 PM INFO:: [Fuzzy] Closest Match Found. Changing NL63 => HCoVs - Seasonal (OC43, HKU-1, NL63, 229E)
09/11/2024 04:16:25 PM INFO:: [Fuzzy] Closest Match Found. Changing 229E) => HCoVs - Seasonal (OC43, HKU-1, NL63, 229E)
09/11/2024 04:16:25 PM INFO:: [Fuzzy] Closest Match Found. Changing HCoVs - Seasonal (OC43 => HCoVs - Seasonal (OC43, HKU-1, NL63, 229E)
09/11/2024 04:16:25 PM INFO:: [Fuzzy] Closest Match Found. Changing HKU-1 => HCoVs - Seasonal (OC43, HKU-1, NL63, 229E)
09/11/2024 04:16:25 PM INFO:: [Fuzzy] Closest Match Found. Changing NL63 => HCoVs - Seasonal (OC43, HKU-1, NL63, 229E)
09/11/2024 04:16:25 PM INFO:: [Fuzzy] Closest Match Found. Changing 229E) => HCoVs - Seasonal (OC43, HKU-1, NL63, 229E)
09/11/2024 04:16:25 PM INFO:: [Fuzzy] Closest Match Found. Changing HCoVs - Seasonal (OC43 => HCoVs - Seasonal (OC43, HKU-1, NL63, 229E)
09/11/2024 04:16:25 PM INFO:: [Fuzzy] Closest Match Found. Changing HKU-1 => HCoVs - Seasonal (OC43, HKU-1, NL63, 229E)
09/11/2024 04:16:25 PM INFO:: [Fuzzy] Closest Match Found. Changing NL63 => HCoVs - Seasonal (OC43, HKU-1, NL63, 229E)
09/11/2024 04:16:25 PM INFO:: [Fuzzy] Closest Match Found. Changing 229E) => HCoVs - Seasonal (OC43, HKU-1, NL63, 229E)
