02/14/2025 09:59:56 AM 
PMID: LongStud ####################
02/14/2025 09:59:56 AM WARNING:: [Sex_at_Birth] Changing 'male | female' to 'other'
02/14/2025 09:59:56 AM WARNING:: [Sex_at_Birth] Changing 'male | female' to 'other'
02/14/2025 09:59:56 AM WARNING:: [Sex_at_Birth] Changing 'male | female' to 'other'
02/14/2025 09:59:56 AM WARNING:: [Sex_at_Birth] Changing 'male | female' to 'other'
02/14/2025 09:59:56 AM WARNING:: [Sex_at_Birth] Changing 'male | female' to 'other'
02/14/2025 09:59:56 AM WARNING:: [Sex_at_Birth] Changing 'male | female' to 'other'
02/14/2025 09:59:56 AM Warning:: [Race] Changing 'Race' to 'other' and moving data to [Race Specify]
02/14/2025 09:59:56 AM Warning:: [Race] Changing 'Race' to 'other' and moving data to [Race Specify]
02/14/2025 09:59:56 AM Warning:: [Race] Changing 'Race' to 'other' and moving data to [Race Specify]
02/14/2025 09:59:56 AM Warning:: [Race] Changing 'Race' to 'other' and moving data to [Race Specify]
02/14/2025 09:59:56 AM Warning:: [Race] Changing 'Race' to 'other' and moving data to [Race Specify]
02/14/2025 09:59:56 AM Warning:: [Race] Changing 'Race' to 'other' and moving data to [Race Specify]
02/14/2025 09:59:56 AM Warning:: [Ethnicity] Changing list to other in ImmPort Templates
02/14/2025 09:59:56 AM Warning:: [Ethnicity] Changing list to other in ImmPort Templates
02/14/2025 09:59:56 AM Warning:: [Ethnicity] Changing list to other in ImmPort Templates
02/14/2025 09:59:56 AM Warning:: [Ethnicity] Changing list to other in ImmPort Templates
02/14/2025 09:59:56 AM Warning:: [Ethnicity] Changing list to other in ImmPort Templates
02/14/2025 09:59:56 AM Warning:: [Ethnicity] Changing list to other in ImmPort Templates
02/14/2025 09:59:56 AM INFO:: [Fuzzy] Closest Match Found. Changing Immunosuppressive Disorder => Immunosuppressive Disorder 
02/14/2025 09:59:56 AM [INFO]:: [Fuzzy] Lung disease => Lung Disease
 : score 88
02/14/2025 09:59:56 AM INFO:: [Fuzzy] Closest Match Found. Changing SARS-CoV-2 Epsilon; B.1.427 => SARS-CoV-2 Epsilon; B.1.427 / B.1.429
02/14/2025 09:59:56 AM INFO:: [Fuzzy] Closest Match Found. Changing B.1.429 => SARS-CoV-2 Epsilon; B.1.427 / B.1.429
02/14/2025 09:59:56 AM INFO:: [Fuzzy] Closest Match Found. Changing SARS-CoV-2 Lambda; => SARS-CoV-2 Lambda; C.37
02/14/2025 09:59:56 AM [INFO]:: [Fuzzy] Pfizer-BioNTech SARS-CoV-2 XBB.1.5; O:0020216 => Pfizer-BioNTech SARS-CoV-2 XBB.1.5; VO:0020216 : score 99
02/14/2025 09:59:56 AM [INFO]:: [Fuzzy] Pfizer-BioNTech SARS-CoV-2 XBB.1.5; O:0020216 => Pfizer-BioNTech SARS-CoV-2 XBB.1.5; VO:0020216 : score 99
02/14/2025 09:59:56 AM [INFO]:: [Fuzzy] Pfizer-BioNTech SARS-CoV-2 XBB.1.5; O:0020216 => Pfizer-BioNTech SARS-CoV-2 XBB.1.5; VO:0020216 : score 99
02/14/2025 09:59:56 AM [INFO]:: [Fuzzy] Pfizer-BioNTech SARS-CoV-2 XBB.1.5; O:0020216 => Pfizer-BioNTech SARS-CoV-2 XBB.1.5; VO:0020216 : score 99
02/14/2025 09:59:56 AM [INFO]:: [Fuzzy] Pfizer-BioNTech SARS-CoV-2 XBB.1.5; O:0020216 => Pfizer-BioNTech SARS-CoV-2 XBB.1.5; VO:0020216 : score 99
02/14/2025 09:59:56 AM [INFO]:: [Fuzzy] Pfizer-BioNTech SARS-CoV-2 XBB.1.5; O:0020216 => Pfizer-BioNTech SARS-CoV-2 XBB.1.5; VO:0020216 : score 99
02/14/2025 09:59:56 AM [INFO]:: [Fuzzy] Pfizer-BioNTech SARS-CoV-2 XBB.1.5; O:0020216 => Pfizer-BioNTech SARS-CoV-2 XBB.1.5; VO:0020216 : score 99
