11/20/2024 09:53:56 AM 
PMID: 37182564 ####################
11/20/2024 09:54:05 AM 
PMID: 38607917 ####################
11/20/2024 09:54:05 AM WARNING:: [Sex_at_Birth] Changing 'male | female' to 'other'
11/20/2024 09:54:05 AM WARNING:: [Sex_at_Birth] Changing 'male | female' to 'other'
11/20/2024 09:54:05 AM Warning:: [Race] Changing 'Race' to 'other' and moving data to [Race Specify]
11/20/2024 09:54:05 AM Warning:: [Race] Changing 'Race' to 'other' and moving data to [Race Specify]
11/20/2024 09:54:05 AM Warning:: [Ethnicity] Changing list to other in ImmPort Templates
11/20/2024 09:54:05 AM Warning:: [Ethnicity] Changing list to other in ImmPort Templates
11/20/2024 09:54:22 AM 
PMID: 36749632 ####################
11/20/2024 09:54:32 AM 
PMID: 39292671 ####################
11/20/2024 09:55:04 AM 
PMID: 38875334 ####################
11/20/2024 10:01:14 AM 
PMID: 37104046 ####################
11/20/2024 10:01:14 AM WARNING:: [Sex_at_Birth] Changing 'male | female' to 'other'
11/20/2024 10:01:14 AM WARNING:: [Sex_at_Birth] Changing 'male | female' to 'other'
11/20/2024 10:01:14 AM WARNING:: [Sex_at_Birth] Changing 'male | female' to 'other'
11/20/2024 10:01:14 AM Warning:: [Race] Changing 'Race' to 'other' and moving data to [Race Specify]
11/20/2024 10:01:14 AM Warning:: [Race] Changing 'Race' to 'other' and moving data to [Race Specify]
11/20/2024 10:01:14 AM Warning:: [Ethnicity] Changing list to other in ImmPort Templates
11/20/2024 10:01:14 AM Warning:: [Ethnicity] Changing list to other in ImmPort Templates
11/20/2024 10:01:14 AM Warning:: [Ethnicity] Changing list to other in ImmPort Templates
11/20/2024 10:01:25 AM 
PMID: 38507240 ####################
11/20/2024 10:01:32 AM INFO:: [User Change] Not Specified => Not Applicable
11/20/2024 10:01:41 AM 
PMID: 35801588 ####################
11/20/2024 10:01:41 AM WARNING:: [Sex_at_Birth] Changing 'male | female' to 'other'
11/20/2024 10:01:41 AM WARNING:: [Sex_at_Birth] Changing 'male | female' to 'other'
11/20/2024 10:01:41 AM Warning:: [Race] Changing 'Race' to 'other' and moving data to [Race Specify]
11/20/2024 10:01:41 AM Warning:: [Race] Changing 'Race' to 'other' and moving data to [Race Specify]
11/20/2024 10:01:41 AM Warning:: [Ethnicity] Changing list to other in ImmPort Templates
11/20/2024 10:01:41 AM Warning:: [Ethnicity] Changing list to other in ImmPort Templates
11/20/2024 10:01:53 AM INFO:: [User Change] Not Specified => Not Applicable
11/20/2024 10:02:08 AM INFO:: [User Change] Electrochemiluminescence Immunoassay (eCLIA) => Chemiluminescent Assay
11/20/2024 10:02:08 AM Previous Input: Assay Type, Electrochemiluminescence Immunoassay (eCLIA) => Chemiluminescent Assay
11/20/2024 10:02:08 AM Previous Input: Assay Type, Electrochemiluminescence Immunoassay (eCLIA) => Chemiluminescent Assay
11/20/2024 10:02:08 AM Previous Input: Assay Type, Electrochemiluminescence Immunoassay (eCLIA) => Chemiluminescent Assay
11/20/2024 10:02:45 AM 
PMID: 36749632 ####################
11/20/2024 10:03:01 AM 
PMID: 37182564 ####################
11/20/2024 10:11:51 AM 
PMID: 37182564 ####################
11/20/2024 10:14:28 AM 
PMID: 36749632 ####################
11/20/2024 10:25:00 AM 
PMID: 38507240 ####################
11/20/2024 10:25:02 AM INFO:: [User Change] Not Specified => Not Applicable
11/20/2024 10:25:14 AM 
PMID: 35801588 ####################
11/20/2024 10:25:14 AM WARNING:: [Sex_at_Birth] Changing 'male | female' to 'other'
11/20/2024 10:25:14 AM WARNING:: [Sex_at_Birth] Changing 'male | female' to 'other'
11/20/2024 10:25:14 AM Warning:: [Race] Changing 'Race' to 'other' and moving data to [Race Specify]
11/20/2024 10:25:14 AM Warning:: [Race] Changing 'Race' to 'other' and moving data to [Race Specify]
11/20/2024 10:25:14 AM Warning:: [Ethnicity] Changing list to other in ImmPort Templates
11/20/2024 10:25:14 AM Warning:: [Ethnicity] Changing list to other in ImmPort Templates
11/20/2024 10:25:15 AM INFO:: [User Change] Not Specified => Not Applicable
11/20/2024 10:25:17 AM INFO:: [User Change] Electrochemiluminescence Immunoassay (eCLIA) => Chemiluminescent Assay
11/20/2024 10:25:17 AM Previous Input: Assay Type, Electrochemiluminescence Immunoassay (eCLIA) => Chemiluminescent Assay
11/20/2024 10:25:17 AM Previous Input: Assay Type, Electrochemiluminescence Immunoassay (eCLIA) => Chemiluminescent Assay
11/20/2024 10:25:17 AM Previous Input: Assay Type, Electrochemiluminescence Immunoassay (eCLIA) => Chemiluminescent Assay
11/20/2024 11:17:55 AM 
PMID: 39292671 ####################
11/20/2024 11:17:55 AM WARNING:: [Sex_at_Birth] Changing 'male | female' to 'other'
11/20/2024 11:17:55 AM WARNING:: [Sex_at_Birth] Changing 'male | female' to 'other'
11/20/2024 11:17:55 AM WARNING:: [Sex_at_Birth] Changing 'male | female' to 'other'
11/20/2024 11:17:55 AM Warning:: [Race] Changing 'Race' to 'other' and moving data to [Race Specify]
11/20/2024 11:17:55 AM Warning:: [Race] Changing 'Race' to 'other' and moving data to [Race Specify]
11/20/2024 11:17:55 AM Warning:: [Race] Changing 'Race' to 'other' and moving data to [Race Specify]
11/20/2024 11:17:55 AM Warning:: [Ethnicity] Changing list to other in ImmPort Templates
11/20/2024 11:17:55 AM Warning:: [Ethnicity] Changing list to other in ImmPort Templates
11/20/2024 11:17:55 AM Warning:: [Ethnicity] Changing list to other in ImmPort Templates
11/20/2024 11:18:41 AM 
PMID: 37584345 ####################
11/20/2024 11:18:41 AM Warning:: [Race] Changing 'Race' to 'other' and moving data to [Race Specify]
11/20/2024 11:18:41 AM Warning:: [Ethnicity] Changing list to other in ImmPort Templates
11/20/2024 11:18:46 AM INFO:: [User Change] Not Specified => Not Applicable
11/20/2024 11:34:21 AM 
PMID: 38607917 ####################
11/20/2024 11:34:21 AM WARNING:: [Sex_at_Birth] Changing 'male | female' to 'other'
11/20/2024 11:34:21 AM WARNING:: [Sex_at_Birth] Changing 'male | female' to 'other'
11/20/2024 11:34:21 AM Warning:: [Race] Changing 'Race' to 'other' and moving data to [Race Specify]
11/20/2024 11:34:21 AM Warning:: [Race] Changing 'Race' to 'other' and moving data to [Race Specify]
11/20/2024 11:34:21 AM Warning:: [Ethnicity] Changing list to other in ImmPort Templates
11/20/2024 11:34:21 AM Warning:: [Ethnicity] Changing list to other in ImmPort Templates
11/20/2024 11:46:44 AM 
PMID: 38875334 ####################
11/20/2024 11:48:00 AM 
PMID: 38875334 ####################
11/20/2024 12:17:25 PM 
PMID: 38063388 ####################
11/20/2024 12:17:25 PM WARNING:: [Sex_at_Birth] Changing 'male | female' to 'other'
11/20/2024 12:17:25 PM WARNING:: [Sex_at_Birth] Changing 'male | female' to 'other'
11/20/2024 12:17:25 PM WARNING:: [Sex_at_Birth] Changing 'male | female' to 'other'
11/20/2024 12:17:25 PM WARNING:: [Sex_at_Birth] Changing 'male | female' to 'other'
11/20/2024 12:19:06 PM 
PMID: 37213435 ####################
11/20/2024 12:19:09 PM INFO:: [User Change] Not Specified => Not Applicable
11/20/2024 12:20:40 PM 
PMID: 36749632 ####################
11/20/2024 12:20:40 PM WARNING:: [Sex_at_Birth] Changing 'male | female' to 'other'
11/20/2024 12:20:40 PM WARNING:: [Sex_at_Birth] Changing 'male | female' to 'other'
11/20/2024 12:20:40 PM Warning:: [Race] Changing 'Race' to 'other' and moving data to [Race Specify]
11/20/2024 12:20:40 PM Warning:: [Race] Changing 'Race' to 'other' and moving data to [Race Specify]
11/20/2024 12:20:40 PM Warning:: [Ethnicity] Changing list to other in ImmPort Templates
11/20/2024 12:20:40 PM Warning:: [Ethnicity] Changing list to other in ImmPort Templates
11/20/2024 12:20:40 PM Warning:: [Ethnicity] Changing list to other in ImmPort Templates
11/20/2024 12:21:28 PM 
PMID: 36749632 ####################
11/20/2024 12:21:28 PM WARNING:: [Sex_at_Birth] Changing 'male | female' to 'other'
11/20/2024 12:21:28 PM WARNING:: [Sex_at_Birth] Changing 'male | female' to 'other'
11/20/2024 12:21:28 PM Warning:: [Race] Changing 'Race' to 'other' and moving data to [Race Specify]
11/20/2024 12:21:28 PM Warning:: [Race] Changing 'Race' to 'other' and moving data to [Race Specify]
11/20/2024 12:21:28 PM Warning:: [Ethnicity] Changing list to other in ImmPort Templates
11/20/2024 12:21:28 PM Warning:: [Ethnicity] Changing list to other in ImmPort Templates
11/20/2024 12:21:28 PM Warning:: [Ethnicity] Changing list to other in ImmPort Templates
11/20/2024 12:21:30 PM INFO:: [Fuzzy] Closest Match Found. Changing HCoVs - Seasonal (OC43 => HCoVs - Seasonal (OC43, HKU-1, NL63, 229E)
11/20/2024 12:21:30 PM INFO:: [Fuzzy] Closest Match Found. Changing HKU-1 => HCoVs - Seasonal (OC43, HKU-1, NL63, 229E)
11/20/2024 12:21:30 PM INFO:: [Fuzzy] Closest Match Found. Changing NL63 => HCoVs - Seasonal (OC43, HKU-1, NL63, 229E)
11/20/2024 12:21:30 PM INFO:: [Fuzzy] Closest Match Found. Changing 229E) => HCoVs - Seasonal (OC43, HKU-1, NL63, 229E)
11/20/2024 12:21:30 PM INFO:: [Fuzzy] Closest Match Found. Changing HCoVs - Seasonal (OC43 => HCoVs - Seasonal (OC43, HKU-1, NL63, 229E)
11/20/2024 12:21:30 PM INFO:: [Fuzzy] Closest Match Found. Changing HKU-1 => HCoVs - Seasonal (OC43, HKU-1, NL63, 229E)
11/20/2024 12:21:30 PM INFO:: [Fuzzy] Closest Match Found. Changing NL63 => HCoVs - Seasonal (OC43, HKU-1, NL63, 229E)
11/20/2024 12:21:30 PM INFO:: [Fuzzy] Closest Match Found. Changing 229E) => HCoVs - Seasonal (OC43, HKU-1, NL63, 229E)
11/20/2024 12:24:49 PM 
PMID: 36749632 ####################
11/20/2024 12:24:49 PM WARNING:: [Sex_at_Birth] Changing 'male | female' to 'other'
11/20/2024 12:24:49 PM WARNING:: [Sex_at_Birth] Changing 'male | female' to 'other'
11/20/2024 12:24:49 PM Warning:: [Race] Changing 'Race' to 'other' and moving data to [Race Specify]
11/20/2024 12:24:49 PM Warning:: [Race] Changing 'Race' to 'other' and moving data to [Race Specify]
11/20/2024 12:24:49 PM Warning:: [Ethnicity] Changing list to other in ImmPort Templates
11/20/2024 12:24:49 PM Warning:: [Ethnicity] Changing list to other in ImmPort Templates
11/20/2024 12:24:49 PM Warning:: [Ethnicity] Changing list to other in ImmPort Templates
11/20/2024 12:24:49 PM INFO:: [Fuzzy] Closest Match Found. Changing HCoVs - Seasonal (OC43 => HCoVs - Seasonal (OC43, HKU-1, NL63, 229E)
11/20/2024 12:24:49 PM INFO:: [Fuzzy] Closest Match Found. Changing HKU-1 => HCoVs - Seasonal (OC43, HKU-1, NL63, 229E)
11/20/2024 12:24:49 PM INFO:: [Fuzzy] Closest Match Found. Changing NL63 => HCoVs - Seasonal (OC43, HKU-1, NL63, 229E)
11/20/2024 12:24:49 PM INFO:: [Fuzzy] Closest Match Found. Changing 229E) => HCoVs - Seasonal (OC43, HKU-1, NL63, 229E)
11/20/2024 12:24:49 PM INFO:: [Fuzzy] Closest Match Found. Changing HCoVs - Seasonal (OC43 => HCoVs - Seasonal (OC43, HKU-1, NL63, 229E)
11/20/2024 12:24:49 PM INFO:: [Fuzzy] Closest Match Found. Changing HKU-1 => HCoVs - Seasonal (OC43, HKU-1, NL63, 229E)
11/20/2024 12:24:49 PM INFO:: [Fuzzy] Closest Match Found. Changing NL63 => HCoVs - Seasonal (OC43, HKU-1, NL63, 229E)
11/20/2024 12:24:49 PM INFO:: [Fuzzy] Closest Match Found. Changing 229E) => HCoVs - Seasonal (OC43, HKU-1, NL63, 229E)
11/20/2024 12:28:02 PM 
PMID: 37182564 ####################
11/20/2024 12:28:04 PM [INFO]:: [Fuzzy] SARS-CoV-2 Beta; B.1.352 => SARS-CoV-2 Beta; B.1.351 : score 96
11/20/2024 12:28:04 PM [INFO]:: [Fuzzy] SARS-CoV-2 Beta; B.1.352 => SARS-CoV-2 Beta; B.1.351 : score 96
11/20/2024 12:28:04 PM [INFO]:: [Fuzzy] SARS-CoV-2 Beta; B.1.352 => SARS-CoV-2 Beta; B.1.351 : score 96
11/20/2024 12:28:04 PM [INFO]:: [Fuzzy] SARS-CoV-2 Beta; B.1.352 => SARS-CoV-2 Beta; B.1.351 : score 96
11/20/2024 12:28:04 PM [INFO]:: [Fuzzy] SARS-CoV-2 Beta; B.1.352 => SARS-CoV-2 Beta; B.1.351 : score 96
