11/29/2023 11:44:19 AM 
PMID: 36298561
11/29/2023 11:44:19 AM WARNING:: [Sex_at_Birth] Changing 'male | female' to 'other'
11/29/2023 11:44:19 AM WARNING:: [Sex_at_Birth] Changing 'male | female' to 'other'
11/29/2023 11:44:19 AM Warning:: [Race] Changing 'Race' to 'other' and moving data to [Race Specify]
11/29/2023 11:44:19 AM Warning:: [Race] Changing 'Race' to 'other' and moving data to [Race Specify]
11/29/2023 11:44:19 AM Warning:: [Race] Changing 'Race' to 'other' and moving data to [Race Specify]
11/29/2023 11:44:19 AM Warning:: [Ethnicity] Changing list to other in ImmPort Templates
11/29/2023 11:44:19 AM Warning:: [Ethnicity] Changing list to other in ImmPort Templates
11/29/2023 11:44:19 AM Warning:: [Ethnicity] Changing list to other in ImmPort Templates
11/29/2023 11:44:41 AM INFO:: [User Change] Not Specified => Not Applicable
11/29/2023 11:45:06 AM 
PMID: 35977496
11/29/2023 11:45:06 AM WARNING:: [Sex_at_Birth] Changing 'male | female' to 'other'
11/29/2023 11:45:06 AM WARNING:: [Sex_at_Birth] Changing 'male | female' to 'other'
11/29/2023 11:45:06 AM WARNING:: [Sex_at_Birth] Changing 'male | female' to 'other'
11/29/2023 11:45:06 AM WARNING:: [Sex_at_Birth] Changing 'male | female' to 'other'
11/29/2023 11:45:06 AM Warning:: [Race] Changing 'Race' to 'other' and moving data to [Race Specify]
11/29/2023 11:45:06 AM Warning:: [Race] Changing 'Race' to 'other' and moving data to [Race Specify]
11/29/2023 11:45:06 AM Warning:: [Race] Changing 'Race' to 'other' and moving data to [Race Specify]
11/29/2023 11:45:06 AM Warning:: [Race] Changing 'Race' to 'other' and moving data to [Race Specify]
11/29/2023 11:45:06 AM Warning:: [Ethnicity] Changing list to other in ImmPort Templates
11/29/2023 11:45:06 AM Warning:: [Ethnicity] Changing list to other in ImmPort Templates
11/29/2023 11:45:06 AM Warning:: [Ethnicity] Changing list to other in ImmPort Templates
11/29/2023 11:45:06 AM Warning:: [Ethnicity] Changing list to other in ImmPort Templates
11/29/2023 11:45:06 AM Error:: [planned visit] Same order number used more than once
11/29/2023 11:45:37 AM 
PMID: 37000623
11/29/2023 11:46:53 AM INFO:: [Fuzzy] Closest Match Found. Changing HCoVs - Seasonal (OC43 => HCoVs - Seasonal (OC43, HKU-1, NL63, 229E)
11/29/2023 11:46:53 AM INFO:: [Fuzzy] Closest Match Found. Changing HKU-1 => HCoVs - Seasonal (OC43, HKU-1, NL63, 229E)
11/29/2023 11:46:53 AM INFO:: [Fuzzy] Closest Match Found. Changing NL63 => HCoVs - Seasonal (OC43, HKU-1, NL63, 229E)
11/29/2023 11:46:53 AM INFO:: [Fuzzy] Closest Match Found. Changing 229E) => HCoVs - Seasonal (OC43, HKU-1, NL63, 229E)
11/29/2023 11:46:53 AM INFO:: [Fuzzy] Closest Match Found. Changing HCoVs - Seasonal (OC43 => HCoVs - Seasonal (OC43, HKU-1, NL63, 229E)
11/29/2023 11:46:53 AM INFO:: [Fuzzy] Closest Match Found. Changing HKU-1 => HCoVs - Seasonal (OC43, HKU-1, NL63, 229E)
11/29/2023 11:46:53 AM INFO:: [Fuzzy] Closest Match Found. Changing NL63 => HCoVs - Seasonal (OC43, HKU-1, NL63, 229E)
11/29/2023 11:46:53 AM INFO:: [Fuzzy] Closest Match Found. Changing 229E) => HCoVs - Seasonal (OC43, HKU-1, NL63, 229E)
11/29/2023 11:46:53 AM INFO:: [Fuzzy] Closest Match Found. Changing HCoVs - Seasonal (OC43 => HCoVs - Seasonal (OC43, HKU-1, NL63, 229E)
11/29/2023 11:46:53 AM INFO:: [Fuzzy] Closest Match Found. Changing HKU-1 => HCoVs - Seasonal (OC43, HKU-1, NL63, 229E)
11/29/2023 11:46:53 AM INFO:: [Fuzzy] Closest Match Found. Changing NL63 => HCoVs - Seasonal (OC43, HKU-1, NL63, 229E)
11/29/2023 11:46:53 AM INFO:: [Fuzzy] Closest Match Found. Changing 229E) => HCoVs - Seasonal (OC43, HKU-1, NL63, 229E)
11/29/2023 11:46:53 AM INFO:: [Fuzzy] Closest Match Found. Changing HCoVs - Seasonal (OC43 => HCoVs - Seasonal (OC43, HKU-1, NL63, 229E)
11/29/2023 11:46:53 AM INFO:: [Fuzzy] Closest Match Found. Changing HKU-1 => HCoVs - Seasonal (OC43, HKU-1, NL63, 229E)
11/29/2023 11:46:53 AM INFO:: [Fuzzy] Closest Match Found. Changing NL63 => HCoVs - Seasonal (OC43, HKU-1, NL63, 229E)
11/29/2023 11:46:53 AM INFO:: [Fuzzy] Closest Match Found. Changing 229E) => HCoVs - Seasonal (OC43, HKU-1, NL63, 229E)
11/29/2023 11:46:53 AM INFO:: [Fuzzy] Closest Match Found. Changing HCoVs - Seasonal (OC43 => HCoVs - Seasonal (OC43, HKU-1, NL63, 229E)
11/29/2023 11:46:53 AM INFO:: [Fuzzy] Closest Match Found. Changing HKU-1 => HCoVs - Seasonal (OC43, HKU-1, NL63, 229E)
11/29/2023 11:46:53 AM INFO:: [Fuzzy] Closest Match Found. Changing NL63 => HCoVs - Seasonal (OC43, HKU-1, NL63, 229E)
11/29/2023 11:46:53 AM INFO:: [Fuzzy] Closest Match Found. Changing 229E) => HCoVs - Seasonal (OC43, HKU-1, NL63, 229E)
11/29/2023 11:46:53 AM INFO:: [Fuzzy] Closest Match Found. Changing HCoVs - Seasonal (OC43 => HCoVs - Seasonal (OC43, HKU-1, NL63, 229E)
11/29/2023 11:46:53 AM INFO:: [Fuzzy] Closest Match Found. Changing HKU-1 => HCoVs - Seasonal (OC43, HKU-1, NL63, 229E)
11/29/2023 11:46:53 AM INFO:: [Fuzzy] Closest Match Found. Changing NL63 => HCoVs - Seasonal (OC43, HKU-1, NL63, 229E)
11/29/2023 11:46:53 AM INFO:: [Fuzzy] Closest Match Found. Changing 229E) => HCoVs - Seasonal (OC43, HKU-1, NL63, 229E)
11/29/2023 11:46:53 AM INFO:: [Fuzzy] Closest Match Found. Changing HCoVs - Seasonal (OC43 => HCoVs - Seasonal (OC43, HKU-1, NL63, 229E)
11/29/2023 11:46:53 AM INFO:: [Fuzzy] Closest Match Found. Changing HKU-1 => HCoVs - Seasonal (OC43, HKU-1, NL63, 229E)
11/29/2023 11:46:53 AM INFO:: [Fuzzy] Closest Match Found. Changing NL63 => HCoVs - Seasonal (OC43, HKU-1, NL63, 229E)
11/29/2023 11:46:53 AM INFO:: [Fuzzy] Closest Match Found. Changing 229E) => HCoVs - Seasonal (OC43, HKU-1, NL63, 229E)
11/29/2023 02:27:25 PM 
PMID: 36511813
11/29/2023 02:27:25 PM WARNING:: [Sex_at_Birth] Changing 'male | female' to 'other'
11/29/2023 02:27:25 PM WARNING:: [Sex_at_Birth] Changing 'male | female' to 'other'
11/29/2023 02:27:25 PM Warning:: [Race] Changing 'Race' to 'other' and moving data to [Race Specify]
11/29/2023 02:27:25 PM Warning:: [Race] Changing 'Race' to 'other' and moving data to [Race Specify]
11/29/2023 02:27:25 PM Warning:: [Ethnicity] Changing list to other in ImmPort Templates
11/29/2023 02:27:25 PM Warning:: [Ethnicity] Changing list to other in ImmPort Templates
11/29/2023 02:27:25 PM [INFO]:: [Fuzzy] SARS-CoV-2 Omicron; BA2.12.1 => SARS-CoV-2 Omicron; B.1.1.529 : score 88
11/29/2023 02:27:25 PM [INFO]:: [Fuzzy] Pfizer BioNTech COVID-19 vaccine; VO:0004988 => Pfizer BioNTech COVID-19 vaccine; VO:0004987 : score 98
11/29/2023 02:27:25 PM [INFO]:: [Fuzzy] SARS-CoV-2 Omicron; BA2.12.1 => SARS-CoV-2 Omicron; B.1.1.529 : score 88
