02/08/2024 10:23:57 AM 
PMID: 38014049
02/08/2024 10:37:22 AM 
PMID: 38014049
02/08/2024 10:38:02 AM 
PMID: 38014049
02/08/2024 10:51:35 AM 
PMID: 38014049
02/08/2024 10:51:35 AM WARNING:: [Sex_at_Birth] Changing 'male | female' to 'other'
02/08/2024 10:51:35 AM WARNING:: [Sex_at_Birth] Changing 'male | female' to 'other'
02/08/2024 11:02:29 AM 
PMID: 38014049
02/08/2024 11:02:29 AM WARNING:: [Sex_at_Birth] Changing 'male | female' to 'other'
02/08/2024 11:02:29 AM WARNING:: [Sex_at_Birth] Changing 'male | female' to 'other'
02/08/2024 11:06:37 AM 
PMID: 38014049
02/08/2024 11:06:37 AM WARNING:: [Sex_at_Birth] Changing 'male | female' to 'other'
02/08/2024 11:06:37 AM WARNING:: [Sex_at_Birth] Changing 'male | female' to 'other'
02/08/2024 11:07:16 AM 
PMID: 38014049
02/08/2024 11:07:16 AM WARNING:: [Sex_at_Birth] Changing 'male | female' to 'other'
02/08/2024 11:07:16 AM WARNING:: [Sex_at_Birth] Changing 'male | female' to 'other'
02/08/2024 11:08:25 AM 
PMID: 38014049
02/08/2024 11:08:25 AM WARNING:: [Sex_at_Birth] Changing 'male | female' to 'other'
02/08/2024 11:08:25 AM WARNING:: [Sex_at_Birth] Changing 'male | female' to 'other'
02/08/2024 11:10:12 AM 
PMID: 38014049
02/08/2024 11:10:12 AM WARNING:: [Sex_at_Birth] Changing 'male | female' to 'other'
02/08/2024 11:10:12 AM WARNING:: [Sex_at_Birth] Changing 'male | female' to 'other'
02/08/2024 11:10:50 AM 
PMID: 38014049
02/08/2024 11:10:50 AM WARNING:: [Sex_at_Birth] Changing 'male | female' to 'other'
02/08/2024 11:10:50 AM WARNING:: [Sex_at_Birth] Changing 'male | female' to 'other'
02/08/2024 11:12:02 AM 
PMID: 38014049
02/08/2024 11:12:02 AM WARNING:: [Sex_at_Birth] Changing 'male | female' to 'other'
02/08/2024 11:12:02 AM WARNING:: [Sex_at_Birth] Changing 'male | female' to 'other'
02/08/2024 12:19:49 PM 
PMID: 38014049
02/08/2024 12:19:49 PM WARNING:: [Sex_at_Birth] Changing 'male | female' to 'other'
02/08/2024 12:19:49 PM WARNING:: [Sex_at_Birth] Changing 'male | female' to 'other'
02/08/2024 12:47:18 PM 
PMID: 38014049
02/08/2024 12:47:18 PM WARNING:: [Sex_at_Birth] Changing 'male | female' to 'other'
02/08/2024 12:47:18 PM WARNING:: [Sex_at_Birth] Changing 'male | female' to 'other'
02/08/2024 12:52:11 PM 
PMID: 38014049
02/08/2024 12:52:11 PM WARNING:: [Sex_at_Birth] Changing 'male | female' to 'other'
02/08/2024 12:52:11 PM WARNING:: [Sex_at_Birth] Changing 'male | female' to 'other'
02/08/2024 12:56:52 PM 
PMID: 38014049
02/08/2024 12:56:52 PM WARNING:: [Sex_at_Birth] Changing 'male | female' to 'other'
02/08/2024 12:56:52 PM WARNING:: [Sex_at_Birth] Changing 'male | female' to 'other'
02/08/2024 01:17:28 PM 
PMID: 38014049
02/08/2024 01:17:28 PM WARNING:: [Sex_at_Birth] Changing 'male | female' to 'other'
02/08/2024 01:17:28 PM WARNING:: [Sex_at_Birth] Changing 'male | female' to 'other'
02/08/2024 01:19:29 PM 
PMID: 38014049
02/08/2024 01:19:29 PM WARNING:: [Sex_at_Birth] Changing 'male | female' to 'other'
02/08/2024 01:19:29 PM WARNING:: [Sex_at_Birth] Changing 'male | female' to 'other'
02/08/2024 01:21:08 PM 
PMID: 38014049
02/08/2024 01:21:08 PM WARNING:: [Sex_at_Birth] Changing 'male | female' to 'other'
02/08/2024 01:21:08 PM WARNING:: [Sex_at_Birth] Changing 'male | female' to 'other'
02/08/2024 01:21:08 PM Warning:: [Race] Changing 'Race' to 'other' and moving data to [Race Specify]
02/08/2024 01:21:08 PM Warning:: [Race] Changing 'Race' to 'other' and moving data to [Race Specify]
02/08/2024 01:21:08 PM Warning:: [Ethnicity] Changing list to other in ImmPort Templates
02/08/2024 01:21:08 PM Warning:: [Ethnicity] Changing list to other in ImmPort Templates
02/08/2024 01:29:12 PM 
PMID: 38014049
02/08/2024 01:29:12 PM WARNING:: [Sex_at_Birth] Changing 'male | female' to 'other'
02/08/2024 01:29:12 PM WARNING:: [Sex_at_Birth] Changing 'male | female' to 'other'
02/08/2024 01:29:12 PM Warning:: [Race] Changing 'Race' to 'other' and moving data to [Race Specify]
02/08/2024 01:29:12 PM Warning:: [Race] Changing 'Race' to 'other' and moving data to [Race Specify]
02/08/2024 01:29:12 PM Warning:: [Ethnicity] Changing list to other in ImmPort Templates
02/08/2024 01:29:12 PM Warning:: [Ethnicity] Changing list to other in ImmPort Templates
