05/10/2023 09:07:51 AM 
PMID: 35313451
05/10/2023 09:07:51 AM [INFO]:: [Fuzzy] SARS-CoV-2 WA1/2020 (D614 variant) => SARS-CoV-2 WA1/2020 (D614G variant) : score 99
05/10/2023 09:07:51 AM [INFO]:: [Fuzzy] SARS-CoV-2 Alpha (B.1.1.7) => SARS-CoV-2 Alpha; B.1.1.7 : score 94
05/10/2023 09:07:51 AM [INFO]:: [Fuzzy] SARS-CoV-2 Beta (B.1.351) => SARS-CoV-2 Beta; B.1.351 : score 94
05/10/2023 09:07:51 AM [INFO]:: [Fuzzy] SARS-CoV-2 Delta (B.1.617.2) => SARS-CoV-2 Delta; B.1.617.2 : score 95
05/10/2023 09:07:51 AM [INFO]:: [Fuzzy] SARS-CoV-2 Omicron (B.1.1.529) => SARS-CoV-2 Omicron; B.1.1.529 : score 95
05/10/2023 09:07:51 AM [INFO]:: [Fuzzy] SARS-CoV-2 WA1/2020 (D614 variant) => SARS-CoV-2 WA1/2020 (D614G variant) : score 99
05/10/2023 09:07:51 AM [INFO]:: [Fuzzy] SARS-CoV-2 Alpha (B.1.1.7) => SARS-CoV-2 Alpha; B.1.1.7 : score 94
05/10/2023 09:07:51 AM [INFO]:: [Fuzzy] SARS-CoV-2 Beta (B.1.351) => SARS-CoV-2 Beta; B.1.351 : score 94
05/10/2023 09:07:51 AM [INFO]:: [Fuzzy] SARS-CoV-2 Delta (B.1.617.2) => SARS-CoV-2 Delta; B.1.617.2 : score 95
05/10/2023 09:07:51 AM [INFO]:: [Fuzzy] SARS-CoV-2 Omicron (B.1.1.529) => SARS-CoV-2 Omicron; B.1.1.529 : score 95
05/10/2023 09:07:51 AM [INFO]:: [Fuzzy] SARS-CoV-2 WA1/2020 (D614 variant) => SARS-CoV-2 WA1/2020 (D614G variant) : score 99
05/10/2023 09:07:51 AM [INFO]:: [Fuzzy] SARS-CoV-2 Alpha (B.1.1.7) => SARS-CoV-2 Alpha; B.1.1.7 : score 94
05/10/2023 09:07:51 AM [INFO]:: [Fuzzy] SARS-CoV-2 Beta (B.1.351) => SARS-CoV-2 Beta; B.1.351 : score 94
05/10/2023 09:07:51 AM [INFO]:: [Fuzzy] SARS-CoV-2 Delta (B.1.617.2) => SARS-CoV-2 Delta; B.1.617.2 : score 95
05/10/2023 09:07:51 AM [INFO]:: [Fuzzy] SARS-CoV-2 Omicron (B.1.1.529) => SARS-CoV-2 Omicron; B.1.1.529 : score 95
05/10/2023 09:21:34 AM 
PMID: 35313451
05/10/2023 09:21:35 AM [INFO]:: [Fuzzy] SARS-CoV-2 WA1/2020 (D614 variant) => SARS-CoV-2 WA1/2020 (D614G variant) : score 99
05/10/2023 09:21:35 AM [INFO]:: [Fuzzy] SARS-CoV-2 Alpha (B.1.1.7) => SARS-CoV-2 Alpha; B.1.1.7 : score 94
05/10/2023 09:21:35 AM [INFO]:: [Fuzzy] SARS-CoV-2 Beta (B.1.351) => SARS-CoV-2 Beta; B.1.351 : score 94
05/10/2023 09:21:35 AM [INFO]:: [Fuzzy] SARS-CoV-2 Delta (B.1.617.2) => SARS-CoV-2 Delta; B.1.617.2 : score 95
05/10/2023 09:21:35 AM [INFO]:: [Fuzzy] SARS-CoV-2 Omicron (B.1.1.529) => SARS-CoV-2 Omicron; B.1.1.529 : score 95
05/10/2023 09:21:35 AM [INFO]:: [Fuzzy] SARS-CoV-2 WA1/2020 (D614 variant) => SARS-CoV-2 WA1/2020 (D614G variant) : score 99
05/10/2023 09:21:35 AM [INFO]:: [Fuzzy] SARS-CoV-2 Alpha (B.1.1.7) => SARS-CoV-2 Alpha; B.1.1.7 : score 94
05/10/2023 09:21:35 AM [INFO]:: [Fuzzy] SARS-CoV-2 Beta (B.1.351) => SARS-CoV-2 Beta; B.1.351 : score 94
05/10/2023 09:21:35 AM [INFO]:: [Fuzzy] SARS-CoV-2 Delta (B.1.617.2) => SARS-CoV-2 Delta; B.1.617.2 : score 95
05/10/2023 09:21:35 AM [INFO]:: [Fuzzy] SARS-CoV-2 Omicron (B.1.1.529) => SARS-CoV-2 Omicron; B.1.1.529 : score 95
05/10/2023 09:21:35 AM [INFO]:: [Fuzzy] SARS-CoV-2 WA1/2020 (D614 variant) => SARS-CoV-2 WA1/2020 (D614G variant) : score 99
05/10/2023 09:21:35 AM [INFO]:: [Fuzzy] SARS-CoV-2 Alpha (B.1.1.7) => SARS-CoV-2 Alpha; B.1.1.7 : score 94
05/10/2023 09:21:35 AM [INFO]:: [Fuzzy] SARS-CoV-2 Beta (B.1.351) => SARS-CoV-2 Beta; B.1.351 : score 94
05/10/2023 09:21:35 AM [INFO]:: [Fuzzy] SARS-CoV-2 Delta (B.1.617.2) => SARS-CoV-2 Delta; B.1.617.2 : score 95
05/10/2023 09:21:35 AM [INFO]:: [Fuzzy] SARS-CoV-2 Omicron (B.1.1.529) => SARS-CoV-2 Omicron; B.1.1.529 : score 95
05/10/2023 09:23:27 AM 
PMID: 33495307
05/10/2023 09:23:28 AM [INFO]:: [Fuzzy] ​JSON Summary Description => JSON Summary Description : score 94
05/10/2023 09:23:28 AM INFO:: [Fuzzy] Closest Match Found. Changing Not Specified => Not specified
05/10/2023 09:27:58 AM 
PMID: 33495307
05/10/2023 09:27:58 AM [INFO]:: [Fuzzy] ​JSON Summary Description => JSON Summary Description : score 94
05/10/2023 09:27:58 AM INFO:: [Fuzzy] Closest Match Found. Changing Not Specified => Not specified
05/10/2023 09:55:10 AM 
PMID: 34056628
05/10/2023 09:55:10 AM WARNING:: [Sex_at_Birth] Changing 'male | female' to 'other'
05/10/2023 09:55:10 AM Warning:: [Race] Changing 'Race' to 'other' and moving data to [Race Specify]
05/10/2023 09:55:10 AM Warning:: [Ethnicity] Changing list to other in ImmPort Templates
05/10/2023 09:55:13 AM [INFO]:: [Fuzzy] ​JSON Summary Description => JSON Summary Description : score 94
05/10/2023 09:55:13 AM INFO:: [Fuzzy] Closest Match Found. Changing HCoVs - Seasonal (OC43 => HCoVs - Seasonal (OC43, HKU-1, NL63, 229E)
05/10/2023 09:55:13 AM INFO:: [Fuzzy] Closest Match Found. Changing HKU-1 => HCoVs - Seasonal (OC43, HKU-1, NL63, 229E)
05/10/2023 09:55:13 AM INFO:: [Fuzzy] Closest Match Found. Changing NL63 => HCoVs - Seasonal (OC43, HKU-1, NL63, 229E)
05/10/2023 09:55:13 AM INFO:: [Fuzzy] Closest Match Found. Changing 229E) => HCoVs - Seasonal (OC43, HKU-1, NL63, 229E)
05/10/2023 09:55:13 AM INFO:: [Fuzzy] Closest Match Found. Changing HCoVs - Seasonal (OC43 => HCoVs - Seasonal (OC43, HKU-1, NL63, 229E)
05/10/2023 09:55:13 AM INFO:: [Fuzzy] Closest Match Found. Changing HKU-1 => HCoVs - Seasonal (OC43, HKU-1, NL63, 229E)
05/10/2023 09:55:13 AM INFO:: [Fuzzy] Closest Match Found. Changing NL63 => HCoVs - Seasonal (OC43, HKU-1, NL63, 229E)
05/10/2023 09:55:13 AM INFO:: [Fuzzy] Closest Match Found. Changing 229E) => HCoVs - Seasonal (OC43, HKU-1, NL63, 229E)
05/10/2023 09:57:56 AM 
PMID: 34056628
05/10/2023 09:57:57 AM WARNING:: [Sex_at_Birth] Changing 'male | female' to 'other'
05/10/2023 09:57:57 AM Warning:: [Race] Changing 'Race' to 'other' and moving data to [Race Specify]
05/10/2023 09:57:57 AM Warning:: [Ethnicity] Changing list to other in ImmPort Templates
05/10/2023 09:57:58 AM [INFO]:: [Fuzzy] ​JSON Summary Description => JSON Summary Description : score 94
05/10/2023 09:57:58 AM INFO:: [Fuzzy] Closest Match Found. Changing HCoVs - Seasonal (OC43 => HCoVs - Seasonal (OC43, HKU-1, NL63, 229E)
05/10/2023 09:57:58 AM INFO:: [Fuzzy] Closest Match Found. Changing HKU-1 => HCoVs - Seasonal (OC43, HKU-1, NL63, 229E)
05/10/2023 09:57:58 AM INFO:: [Fuzzy] Closest Match Found. Changing NL63 => HCoVs - Seasonal (OC43, HKU-1, NL63, 229E)
05/10/2023 09:57:58 AM INFO:: [Fuzzy] Closest Match Found. Changing 229E) => HCoVs - Seasonal (OC43, HKU-1, NL63, 229E)
05/10/2023 09:57:58 AM INFO:: [Fuzzy] Closest Match Found. Changing HCoVs - Seasonal (OC43 => HCoVs - Seasonal (OC43, HKU-1, NL63, 229E)
05/10/2023 09:57:58 AM INFO:: [Fuzzy] Closest Match Found. Changing HKU-1 => HCoVs - Seasonal (OC43, HKU-1, NL63, 229E)
05/10/2023 09:57:58 AM INFO:: [Fuzzy] Closest Match Found. Changing NL63 => HCoVs - Seasonal (OC43, HKU-1, NL63, 229E)
05/10/2023 09:57:58 AM INFO:: [Fuzzy] Closest Match Found. Changing 229E) => HCoVs - Seasonal (OC43, HKU-1, NL63, 229E)
05/10/2023 09:58:58 AM 
PMID: 34056628
05/10/2023 09:58:58 AM WARNING:: [Sex_at_Birth] Changing 'male | female' to 'other'
05/10/2023 09:58:58 AM Warning:: [Race] Changing 'Race' to 'other' and moving data to [Race Specify]
05/10/2023 09:58:58 AM Warning:: [Ethnicity] Changing list to other in ImmPort Templates
05/10/2023 09:58:59 AM [INFO]:: [Fuzzy] ​JSON Summary Description => JSON Summary Description : score 94
05/10/2023 09:58:59 AM INFO:: [Fuzzy] Closest Match Found. Changing HCoVs - Seasonal (OC43 => HCoVs - Seasonal (OC43, HKU-1, NL63, 229E)
05/10/2023 09:58:59 AM INFO:: [Fuzzy] Closest Match Found. Changing HKU-1 => HCoVs - Seasonal (OC43, HKU-1, NL63, 229E)
05/10/2023 09:58:59 AM INFO:: [Fuzzy] Closest Match Found. Changing NL63 => HCoVs - Seasonal (OC43, HKU-1, NL63, 229E)
05/10/2023 09:58:59 AM INFO:: [Fuzzy] Closest Match Found. Changing 229E) => HCoVs - Seasonal (OC43, HKU-1, NL63, 229E)
05/10/2023 09:58:59 AM INFO:: [Fuzzy] Closest Match Found. Changing HCoVs - Seasonal (OC43 => HCoVs - Seasonal (OC43, HKU-1, NL63, 229E)
05/10/2023 09:58:59 AM INFO:: [Fuzzy] Closest Match Found. Changing HKU-1 => HCoVs - Seasonal (OC43, HKU-1, NL63, 229E)
05/10/2023 09:58:59 AM INFO:: [Fuzzy] Closest Match Found. Changing NL63 => HCoVs - Seasonal (OC43, HKU-1, NL63, 229E)
05/10/2023 09:58:59 AM INFO:: [Fuzzy] Closest Match Found. Changing 229E) => HCoVs - Seasonal (OC43, HKU-1, NL63, 229E)
05/10/2023 10:02:14 AM 
PMID: 33971664
05/10/2023 10:02:15 AM WARNING:: [Sex_at_Birth] Changing 'male | female' to 'other'
05/10/2023 10:02:15 AM WARNING:: [Sex_at_Birth] Changing 'male | female' to 'other'
05/10/2023 10:02:15 AM WARNING:: [Sex_at_Birth] Changing 'male | female' to 'other'
05/10/2023 10:02:15 AM WARNING:: [Sex_at_Birth] Changing 'male | female' to 'other'
05/10/2023 10:02:15 AM WARNING:: [Sex_at_Birth] Changing 'male | female' to 'other'
05/10/2023 10:02:15 AM Warning:: [Race] Changing 'Race' to 'other' and moving data to [Race Specify]
05/10/2023 10:02:15 AM Warning:: [Race] Changing 'Race' to 'other' and moving data to [Race Specify]
05/10/2023 10:02:15 AM Warning:: [Race] Changing 'Race' to 'other' and moving data to [Race Specify]
05/10/2023 10:02:15 AM Warning:: [Race] Changing 'Race' to 'other' and moving data to [Race Specify]
05/10/2023 10:02:15 AM Warning:: [Race] Changing 'Race' to 'other' and moving data to [Race Specify]
05/10/2023 10:02:15 AM Warning:: [Ethnicity] Changing list to other in ImmPort Templates
05/10/2023 10:02:15 AM Warning:: [Ethnicity] Changing list to other in ImmPort Templates
05/10/2023 10:02:15 AM Warning:: [Ethnicity] Changing list to other in ImmPort Templates
05/10/2023 10:02:15 AM Warning:: [Ethnicity] Changing list to other in ImmPort Templates
05/10/2023 10:02:15 AM Warning:: [Ethnicity] Changing list to other in ImmPort Templates
05/10/2023 10:02:17 AM [INFO]:: [Fuzzy] ​JSON Summary Description => JSON Summary Description : score 94
05/10/2023 10:02:17 AM [INFO]:: [Fuzzy] WIV-1 => WIV1 : score 89
05/10/2023 10:04:31 AM 
PMID: 33971664
05/10/2023 10:04:31 AM WARNING:: [Sex_at_Birth] Changing 'male | female' to 'other'
05/10/2023 10:04:31 AM WARNING:: [Sex_at_Birth] Changing 'male | female' to 'other'
05/10/2023 10:04:31 AM WARNING:: [Sex_at_Birth] Changing 'male | female' to 'other'
05/10/2023 10:04:31 AM WARNING:: [Sex_at_Birth] Changing 'male | female' to 'other'
05/10/2023 10:04:31 AM WARNING:: [Sex_at_Birth] Changing 'male | female' to 'other'
05/10/2023 10:04:31 AM Warning:: [Race] Changing 'Race' to 'other' and moving data to [Race Specify]
05/10/2023 10:04:31 AM Warning:: [Race] Changing 'Race' to 'other' and moving data to [Race Specify]
05/10/2023 10:04:31 AM Warning:: [Race] Changing 'Race' to 'other' and moving data to [Race Specify]
05/10/2023 10:04:31 AM Warning:: [Race] Changing 'Race' to 'other' and moving data to [Race Specify]
05/10/2023 10:04:31 AM Warning:: [Race] Changing 'Race' to 'other' and moving data to [Race Specify]
05/10/2023 10:04:31 AM Warning:: [Ethnicity] Changing list to other in ImmPort Templates
05/10/2023 10:04:31 AM Warning:: [Ethnicity] Changing list to other in ImmPort Templates
05/10/2023 10:04:31 AM Warning:: [Ethnicity] Changing list to other in ImmPort Templates
05/10/2023 10:04:31 AM Warning:: [Ethnicity] Changing list to other in ImmPort Templates
05/10/2023 10:04:31 AM Warning:: [Ethnicity] Changing list to other in ImmPort Templates
05/10/2023 10:04:32 AM [INFO]:: [Fuzzy] ​JSON Summary Description => JSON Summary Description : score 94
05/10/2023 10:04:32 AM [INFO]:: [Fuzzy] WIV-1 => WIV1 : score 89
05/10/2023 10:13:18 AM 
PMID: 34131024
05/10/2023 10:13:21 AM [INFO]:: [Fuzzy] ​JSON Summary Description => JSON Summary Description : score 94
05/10/2023 10:14:47 AM 
PMID: 34131024
05/10/2023 10:14:48 AM [INFO]:: [Fuzzy] ​JSON Summary Description => JSON Summary Description : score 94
05/10/2023 10:21:12 AM 
PMID: 34270939
05/10/2023 10:21:15 AM [INFO]:: [Fuzzy] ​JSON Summary Description => JSON Summary Description : score 94
05/10/2023 10:26:29 AM 
PMID: 34270939
05/10/2023 10:26:29 AM [INFO]:: [Fuzzy] ​JSON Summary Description => JSON Summary Description : score 94
05/10/2023 10:28:31 AM 
PMID: 34242577
05/10/2023 10:28:31 AM WARNING:: [Sex_at_Birth] Changing 'male | female' to 'other'
05/10/2023 10:28:31 AM Warning:: [Race] Changing 'Race' to 'other' and moving data to [Race Specify]
05/10/2023 10:28:31 AM Warning:: [Ethnicity] Changing list to other in ImmPort Templates
05/10/2023 10:28:32 AM [INFO]:: [Fuzzy] ​JSON Summary Description => JSON Summary Description : score 94
05/10/2023 10:28:32 AM INFO:: [Fuzzy] Closest Match Found. Changing Not Specified => Not specified
05/10/2023 10:28:32 AM INFO:: [Fuzzy] Closest Match Found. Changing Not Specified => Not specified
05/10/2023 10:28:32 AM INFO:: [Fuzzy] Closest Match Found. Changing Not Specified => Not specified
05/10/2023 10:28:32 AM INFO:: [Fuzzy] Closest Match Found. Changing Not Specified => Not specified
05/10/2023 10:28:32 AM INFO:: [Fuzzy] Closest Match Found. Changing Not Specified => Not specified
05/10/2023 10:28:32 AM INFO:: [Fuzzy] Closest Match Found. Changing Not Specified => Not specified
05/10/2023 10:28:32 AM INFO:: [Fuzzy] Closest Match Found. Changing Not Specified => Not specified
05/10/2023 10:28:32 AM INFO:: [Fuzzy] Closest Match Found. Changing Not Specified => Not specified
05/10/2023 10:28:32 AM INFO:: [Fuzzy] Closest Match Found. Changing Not Specified => Not specified
05/10/2023 10:28:32 AM INFO:: [Fuzzy] Closest Match Found. Changing Not Specified => Not specified
05/10/2023 10:28:32 AM INFO:: [Fuzzy] Closest Match Found. Changing Not Specified => Not specified
05/10/2023 10:28:32 AM INFO:: [Fuzzy] Closest Match Found. Changing Not Specified => Not specified
05/10/2023 10:28:32 AM INFO:: [Fuzzy] Closest Match Found. Changing Not Specified => Not specified
05/10/2023 10:28:32 AM INFO:: [Fuzzy] Closest Match Found. Changing Not Specified => Not specified
05/10/2023 10:28:32 AM INFO:: [Fuzzy] Closest Match Found. Changing Not Specified => Not specified
05/10/2023 10:28:32 AM INFO:: [Fuzzy] Closest Match Found. Changing Not Specified => Not specified
05/10/2023 10:28:32 AM INFO:: [Fuzzy] Closest Match Found. Changing Not Specified => Not specified
05/10/2023 10:28:32 AM INFO:: [Fuzzy] Closest Match Found. Changing Not Specified => Not specified
05/10/2023 10:28:32 AM INFO:: [Fuzzy] Closest Match Found. Changing Not Specified => Not specified
05/10/2023 10:28:32 AM INFO:: [Fuzzy] Closest Match Found. Changing Not Specified => Not specified
05/10/2023 10:28:32 AM INFO:: [Fuzzy] Closest Match Found. Changing Not Specified => Not specified
05/10/2023 10:28:32 AM INFO:: [Fuzzy] Closest Match Found. Changing Not Specified => Not specified
05/10/2023 10:28:32 AM INFO:: [Fuzzy] Closest Match Found. Changing Not Specified => Not specified
05/10/2023 10:28:32 AM INFO:: [Fuzzy] Closest Match Found. Changing Not Specified => Not specified
05/10/2023 10:34:41 AM 
PMID: 34624208
05/10/2023 10:34:41 AM WARNING:: [Sex_at_Birth] Changing 'male | female' to 'other'
05/10/2023 10:34:41 AM WARNING:: [Sex_at_Birth] Changing 'male | female' to 'other'
05/10/2023 10:34:41 AM WARNING:: [Sex_at_Birth] Changing 'male | female' to 'other'
05/10/2023 10:34:41 AM WARNING:: [Sex_at_Birth] Changing 'male | female' to 'other'
05/10/2023 10:34:41 AM WARNING:: [Sex_at_Birth] Changing 'male | female' to 'other'
05/10/2023 10:34:41 AM Warning:: [Race] Changing 'Race' to 'other' and moving data to [Race Specify]
05/10/2023 10:34:41 AM Warning:: [Race] Changing 'Race' to 'other' and moving data to [Race Specify]
05/10/2023 10:34:41 AM Warning:: [Race] Changing 'Race' to 'other' and moving data to [Race Specify]
05/10/2023 10:34:41 AM Warning:: [Race] Changing 'Race' to 'other' and moving data to [Race Specify]
05/10/2023 10:34:41 AM Warning:: [Race] Changing 'Race' to 'other' and moving data to [Race Specify]
05/10/2023 10:34:41 AM Warning:: [Ethnicity] Changing list to other in ImmPort Templates
05/10/2023 10:34:41 AM Warning:: [Ethnicity] Changing list to other in ImmPort Templates
05/10/2023 10:34:41 AM Warning:: [Ethnicity] Changing list to other in ImmPort Templates
05/10/2023 10:34:41 AM Warning:: [Ethnicity] Changing list to other in ImmPort Templates
05/10/2023 10:34:41 AM Warning:: [Ethnicity] Changing list to other in ImmPort Templates
05/10/2023 10:34:41 AM ERROR:: [Subject human] Check user defined ID
05/10/2023 10:36:14 AM 
PMID: 36644323
05/10/2023 10:36:14 AM WARNING:: [Sex_at_Birth] Changing 'male | female' to 'other'
05/10/2023 10:36:14 AM WARNING:: [Sex_at_Birth] Changing 'male | female' to 'other'
05/10/2023 10:36:14 AM Warning:: [Race] Changing 'Race' to 'other' and moving data to [Race Specify]
05/10/2023 10:36:14 AM Warning:: [Race] Changing 'Race' to 'other' and moving data to [Race Specify]
05/10/2023 10:36:14 AM Warning:: [Ethnicity] Changing list to other in ImmPort Templates
05/10/2023 10:36:14 AM Warning:: [Ethnicity] Changing list to other in ImmPort Templates
05/10/2023 10:36:14 AM [INFO]:: [Fuzzy] ​JSON Summary Description => JSON Summary Description : score 94
05/10/2023 10:36:19 AM INFO:: [User Change] Covid-19 => COVID-19
05/10/2023 10:36:21 AM INFO:: [User Change] Non-Hodgkin lymphoma => Lymphoma
05/10/2023 10:37:14 AM INFO:: [User Change] Chronic lymphocytic leukemia => Leukemia
05/10/2023 10:37:14 AM [INFO]:: [Fuzzy] Pfizer BioNTech COVID-19 vaccine ; VO:0004987 => Pfizer BioNTech COVID-19 vaccine; VO:0004987 : score 99
05/10/2023 10:37:14 AM [INFO]:: [Fuzzy] Pfizer BioNTech COVID-19 vaccine ; VO:0004987 => Pfizer BioNTech COVID-19 vaccine; VO:0004987 : score 99
05/10/2023 10:39:04 AM 
PMID: 36644323
05/10/2023 10:39:04 AM WARNING:: [Sex_at_Birth] Changing 'male | female' to 'other'
05/10/2023 10:39:04 AM WARNING:: [Sex_at_Birth] Changing 'male | female' to 'other'
05/10/2023 10:39:04 AM Warning:: [Race] Changing 'Race' to 'other' and moving data to [Race Specify]
05/10/2023 10:39:04 AM Warning:: [Race] Changing 'Race' to 'other' and moving data to [Race Specify]
05/10/2023 10:39:04 AM Warning:: [Ethnicity] Changing list to other in ImmPort Templates
05/10/2023 10:39:04 AM Warning:: [Ethnicity] Changing list to other in ImmPort Templates
05/10/2023 10:39:05 AM [INFO]:: [Fuzzy] ​JSON Summary Description => JSON Summary Description : score 94
05/10/2023 10:39:07 AM INFO:: [User Change] Non-Hodgkin lymphoma => Lymphoma
05/10/2023 10:39:21 AM INFO:: [User Change] Chronic lymphocytic leukemia => Leukemia
05/10/2023 10:39:21 AM [INFO]:: [Fuzzy] Pfizer BioNTech COVID-19 vaccine ; VO:0004987 => Pfizer BioNTech COVID-19 vaccine; VO:0004987 : score 99
05/10/2023 10:39:21 AM [INFO]:: [Fuzzy] Pfizer BioNTech COVID-19 vaccine ; VO:0004987 => Pfizer BioNTech COVID-19 vaccine; VO:0004987 : score 99
05/10/2023 10:40:59 AM 
PMID: 36644323
05/10/2023 10:40:59 AM WARNING:: [Sex_at_Birth] Changing 'male | female' to 'other'
05/10/2023 10:40:59 AM WARNING:: [Sex_at_Birth] Changing 'male | female' to 'other'
05/10/2023 10:40:59 AM Warning:: [Race] Changing 'Race' to 'other' and moving data to [Race Specify]
05/10/2023 10:40:59 AM Warning:: [Race] Changing 'Race' to 'other' and moving data to [Race Specify]
05/10/2023 10:40:59 AM Warning:: [Ethnicity] Changing list to other in ImmPort Templates
05/10/2023 10:40:59 AM Warning:: [Ethnicity] Changing list to other in ImmPort Templates
05/10/2023 10:40:59 AM [INFO]:: [Fuzzy] ​JSON Summary Description => JSON Summary Description : score 94
05/10/2023 10:41:06 AM INFO:: [User Change] Non-Hodgkin lymphoma => Lymphoma
05/10/2023 10:41:12 AM INFO:: [User Change] Chronic lymphocytic leukemia => Leukemia
05/10/2023 10:41:12 AM [INFO]:: [Fuzzy] Pfizer BioNTech COVID-19 vaccine ; VO:0004987 => Pfizer BioNTech COVID-19 vaccine; VO:0004987 : score 99
05/10/2023 10:41:12 AM [INFO]:: [Fuzzy] Pfizer BioNTech COVID-19 vaccine ; VO:0004987 => Pfizer BioNTech COVID-19 vaccine; VO:0004987 : score 99
05/10/2023 10:42:44 AM 
PMID: 35857623
05/10/2023 10:42:44 AM [INFO]:: [Fuzzy] ​JSON Summary Description => JSON Summary Description : score 94
05/10/2023 10:43:47 AM 
PMID: 36476380
05/10/2023 10:43:47 AM WARNING:: [Sex_at_Birth] Changing 'male | female' to 'other'
05/10/2023 10:43:47 AM WARNING:: [Sex_at_Birth] Changing 'male | female' to 'other'
05/10/2023 10:43:47 AM WARNING:: [Sex_at_Birth] Changing 'male | female' to 'other'
05/10/2023 10:43:47 AM Warning:: [Race] Changing 'Race' to 'other' and moving data to [Race Specify]
05/10/2023 10:43:47 AM Warning:: [Race] Changing 'Race' to 'other' and moving data to [Race Specify]
05/10/2023 10:43:47 AM Warning:: [Race] Changing 'Race' to 'other' and moving data to [Race Specify]
05/10/2023 10:43:47 AM Warning:: [Ethnicity] Changing list to other in ImmPort Templates
05/10/2023 10:43:47 AM Warning:: [Ethnicity] Changing list to other in ImmPort Templates
05/10/2023 10:43:47 AM Warning:: [Ethnicity] Changing list to other in ImmPort Templates
05/10/2023 10:43:48 AM [INFO]:: [Fuzzy] ​JSON Summary Description => JSON Summary Description : score 94
05/10/2023 10:43:48 AM INFO:: [Fuzzy] Closest Match Found. Changing Not Specified => Not specified
05/10/2023 10:43:48 AM INFO:: [Fuzzy] Closest Match Found. Changing Not Specified => Not specified
05/10/2023 10:45:34 AM 
PMID: 36240764
05/10/2023 10:45:34 AM WARNING:: [Sex_at_Birth] Changing 'male | female' to 'other'
05/10/2023 10:45:34 AM WARNING:: [Sex_at_Birth] Changing 'male | female' to 'other'
05/10/2023 10:45:34 AM Warning:: [Race] Changing 'Race' to 'other' and moving data to [Race Specify]
05/10/2023 10:45:34 AM Warning:: [Race] Changing 'Race' to 'other' and moving data to [Race Specify]
05/10/2023 10:45:34 AM Warning:: [Ethnicity] Changing list to other in ImmPort Templates
05/10/2023 10:45:34 AM Warning:: [Ethnicity] Changing list to other in ImmPort Templates
05/10/2023 10:45:35 AM [INFO]:: [Fuzzy] ​JSON Summary Description => JSON Summary Description : score 94
05/10/2023 10:49:38 AM 
PMID: 36240764
05/10/2023 10:49:38 AM WARNING:: [Sex_at_Birth] Changing 'male | female' to 'other'
05/10/2023 10:49:38 AM WARNING:: [Sex_at_Birth] Changing 'male | female' to 'other'
05/10/2023 10:49:38 AM Warning:: [Race] Changing 'Race' to 'other' and moving data to [Race Specify]
05/10/2023 10:49:38 AM Warning:: [Race] Changing 'Race' to 'other' and moving data to [Race Specify]
05/10/2023 10:49:38 AM Warning:: [Ethnicity] Changing list to other in ImmPort Templates
05/10/2023 10:49:38 AM Warning:: [Ethnicity] Changing list to other in ImmPort Templates
05/10/2023 10:49:39 AM [INFO]:: [Fuzzy] ​JSON Summary Description => JSON Summary Description : score 94
05/10/2023 12:16:47 PM 
PMID: 33893169
05/10/2023 12:16:47 PM WARNING:: [Sex_at_Birth] Changing 'male | female' to 'other'
05/10/2023 12:16:47 PM WARNING:: [Sex_at_Birth] Changing 'male | female' to 'other'
05/10/2023 12:16:47 PM Warning:: [Race] Changing 'Race' to 'other' and moving data to [Race Specify]
05/10/2023 12:16:47 PM Warning:: [Race] Changing 'Race' to 'other' and moving data to [Race Specify]
05/10/2023 12:16:47 PM Warning:: [Ethnicity] Changing list to other in ImmPort Templates
05/10/2023 12:16:47 PM Warning:: [Ethnicity] Changing list to other in ImmPort Templates
05/10/2023 12:16:50 PM INFO:: [Fuzzy] Closest Match Found. Changing HCoVs - Seasonal (OC43 => HCoVs - Seasonal (OC43, HKU-1, NL63, 229E)
05/10/2023 12:16:50 PM INFO:: [Fuzzy] Closest Match Found. Changing HKU-1 => HCoVs - Seasonal (OC43, HKU-1, NL63, 229E)
05/10/2023 12:16:50 PM INFO:: [Fuzzy] Closest Match Found. Changing NL63 => HCoVs - Seasonal (OC43, HKU-1, NL63, 229E)
05/10/2023 12:16:50 PM INFO:: [Fuzzy] Closest Match Found. Changing 229E) => HCoVs - Seasonal (OC43, HKU-1, NL63, 229E)
05/10/2023 12:16:50 PM INFO:: [Fuzzy] Closest Match Found. Changing Not Specified => Not specified
05/10/2023 12:16:50 PM INFO:: [Fuzzy] Closest Match Found. Changing uninfected => Uninfected
05/10/2023 12:16:50 PM INFO:: [Fuzzy] Closest Match Found. Changing HCoVs - Seasonal (OC43 => HCoVs - Seasonal (OC43, HKU-1, NL63, 229E)
05/10/2023 12:16:50 PM INFO:: [Fuzzy] Closest Match Found. Changing HKU-1 => HCoVs - Seasonal (OC43, HKU-1, NL63, 229E)
05/10/2023 12:16:50 PM INFO:: [Fuzzy] Closest Match Found. Changing NL63 => HCoVs - Seasonal (OC43, HKU-1, NL63, 229E)
05/10/2023 12:16:50 PM INFO:: [Fuzzy] Closest Match Found. Changing 229E) => HCoVs - Seasonal (OC43, HKU-1, NL63, 229E)
05/10/2023 12:37:36 PM 
PMID: 34230917
05/10/2023 12:37:36 PM WARNING:: [Sex_at_Birth] Changing 'male | female' to 'other'
05/10/2023 12:37:36 PM WARNING:: [Sex_at_Birth] Changing 'male | female' to 'other'
05/10/2023 12:37:36 PM WARNING:: [Sex_at_Birth] Changing 'male | female' to 'other'
05/10/2023 12:37:36 PM Warning:: [Race] Changing 'Race' to 'other' and moving data to [Race Specify]
05/10/2023 12:37:36 PM Warning:: [Race] Changing 'Race' to 'other' and moving data to [Race Specify]
05/10/2023 12:37:36 PM Warning:: [Race] Changing 'Race' to 'other' and moving data to [Race Specify]
05/10/2023 12:37:36 PM Warning:: [Ethnicity] Changing list to other in ImmPort Templates
05/10/2023 12:37:36 PM Warning:: [Ethnicity] Changing list to other in ImmPort Templates
05/10/2023 12:37:36 PM Warning:: [Ethnicity] Changing list to other in ImmPort Templates
05/10/2023 12:37:39 PM INFO:: [User Change] Covid-19 => COVID-19
05/10/2023 12:37:39 PM [INFO]:: [Fuzzy] Moderna COVID-19 vaccine ; VO:0005157 => Moderna COVID-19 vaccine; VO:0005157 : score 99
05/10/2023 12:37:39 PM [INFO]:: [Fuzzy] Pfizer BioNTech COVID-19 vaccine ; VO:0004987 => Pfizer BioNTech COVID-19 vaccine; VO:0004987 : score 99
05/10/2023 12:47:00 PM 
PMID: 34230917
05/10/2023 12:47:00 PM WARNING:: [Sex_at_Birth] Changing 'male | female' to 'other'
05/10/2023 12:47:00 PM WARNING:: [Sex_at_Birth] Changing 'male | female' to 'other'
05/10/2023 12:47:00 PM WARNING:: [Sex_at_Birth] Changing 'male | female' to 'other'
05/10/2023 12:47:00 PM Warning:: [Race] Changing 'Race' to 'other' and moving data to [Race Specify]
05/10/2023 12:47:00 PM Warning:: [Race] Changing 'Race' to 'other' and moving data to [Race Specify]
05/10/2023 12:47:00 PM Warning:: [Race] Changing 'Race' to 'other' and moving data to [Race Specify]
05/10/2023 12:47:00 PM Warning:: [Ethnicity] Changing list to other in ImmPort Templates
05/10/2023 12:47:00 PM Warning:: [Ethnicity] Changing list to other in ImmPort Templates
05/10/2023 12:47:00 PM Warning:: [Ethnicity] Changing list to other in ImmPort Templates
05/10/2023 12:47:14 PM 
PMID: 34242577
05/10/2023 12:47:14 PM WARNING:: [Sex_at_Birth] Changing 'male | female' to 'other'
05/10/2023 12:47:14 PM Warning:: [Race] Changing 'Race' to 'other' and moving data to [Race Specify]
05/10/2023 12:47:14 PM Warning:: [Ethnicity] Changing list to other in ImmPort Templates
05/10/2023 12:47:15 PM [INFO]:: [Fuzzy] ​JSON Summary Description => JSON Summary Description : score 94
05/10/2023 12:47:15 PM INFO:: [Fuzzy] Closest Match Found. Changing Not Specified => Not specified
05/10/2023 12:47:15 PM INFO:: [Fuzzy] Closest Match Found. Changing Not Specified => Not specified
05/10/2023 12:47:15 PM INFO:: [Fuzzy] Closest Match Found. Changing Not Specified => Not specified
05/10/2023 12:47:15 PM INFO:: [Fuzzy] Closest Match Found. Changing Not Specified => Not specified
05/10/2023 12:47:15 PM INFO:: [Fuzzy] Closest Match Found. Changing Not Specified => Not specified
05/10/2023 12:47:15 PM INFO:: [Fuzzy] Closest Match Found. Changing Not Specified => Not specified
05/10/2023 12:47:15 PM INFO:: [Fuzzy] Closest Match Found. Changing Not Specified => Not specified
05/10/2023 12:47:15 PM INFO:: [Fuzzy] Closest Match Found. Changing Not Specified => Not specified
05/10/2023 12:47:15 PM INFO:: [Fuzzy] Closest Match Found. Changing Not Specified => Not specified
05/10/2023 12:47:15 PM INFO:: [Fuzzy] Closest Match Found. Changing Not Specified => Not specified
05/10/2023 12:47:15 PM INFO:: [Fuzzy] Closest Match Found. Changing Not Specified => Not specified
05/10/2023 12:47:15 PM INFO:: [Fuzzy] Closest Match Found. Changing Not Specified => Not specified
05/10/2023 12:47:15 PM INFO:: [Fuzzy] Closest Match Found. Changing Not Specified => Not specified
05/10/2023 12:47:15 PM INFO:: [Fuzzy] Closest Match Found. Changing Not Specified => Not specified
05/10/2023 12:47:15 PM INFO:: [Fuzzy] Closest Match Found. Changing Not Specified => Not specified
05/10/2023 12:47:15 PM INFO:: [Fuzzy] Closest Match Found. Changing Not Specified => Not specified
05/10/2023 12:47:15 PM INFO:: [Fuzzy] Closest Match Found. Changing Not Specified => Not specified
05/10/2023 12:47:15 PM INFO:: [Fuzzy] Closest Match Found. Changing Not Specified => Not specified
05/10/2023 12:47:15 PM INFO:: [Fuzzy] Closest Match Found. Changing Not Specified => Not specified
05/10/2023 12:47:15 PM INFO:: [Fuzzy] Closest Match Found. Changing Not Specified => Not specified
05/10/2023 12:47:15 PM INFO:: [Fuzzy] Closest Match Found. Changing Not Specified => Not specified
05/10/2023 12:47:15 PM INFO:: [Fuzzy] Closest Match Found. Changing Not Specified => Not specified
05/10/2023 12:47:15 PM INFO:: [Fuzzy] Closest Match Found. Changing Not Specified => Not specified
05/10/2023 12:47:15 PM INFO:: [Fuzzy] Closest Match Found. Changing Not Specified => Not specified
