05/16/2024 12:44:46 PM [INFO]:: [Fuzzy] ​JSON Summary Description => JSON Summary Description : score 94
05/16/2024 12:44:46 PM [INFO]:: [Fuzzy] pregnancy => Pregnancy : score 89
05/16/2024 12:44:50 PM INFO:: [User Change] Other => Other Race
05/16/2024 12:44:50 PM [INFO]:: [Fuzzy] pregnancy => Pregnancy : score 89
05/16/2024 12:44:50 PM [INFO]:: [Fuzzy] Moderna COVID-19 vaccine ; VO:0005157 => Moderna COVID-19 vaccine; VO:0005157 : score 99
05/16/2024 12:44:50 PM [INFO]:: [Fuzzy] Pfizer BioNTech COVID-19 vaccine ; VO:0004987 => Pfizer BioNTech COVID-19 vaccine; VO:0004987 : score 99
05/16/2024 12:44:50 PM [INFO]:: [Fuzzy] ​JSON Summary Description => JSON Summary Description : score 94
05/16/2024 12:44:50 PM [INFO]:: [Fuzzy] Moderna COVID-19 vaccine ; VO:0005157 => Moderna COVID-19 vaccine; VO:0005157 : score 99
05/16/2024 12:44:50 PM [INFO]:: [Fuzzy] Pfizer BioNTech COVID-19 vaccine ; VO:0004987 => Pfizer BioNTech COVID-19 vaccine; VO:0004987 : score 99
05/16/2024 12:44:50 PM [INFO]:: [Fuzzy] Moderna COVID-19 vaccine ; VO:0005157 => Moderna COVID-19 vaccine; VO:0005157 : score 99
05/16/2024 12:44:50 PM [INFO]:: [Fuzzy] Pfizer BioNTech COVID-19 vaccine ; VO:0004987 => Pfizer BioNTech COVID-19 vaccine; VO:0004987 : score 99
05/16/2024 12:44:50 PM [INFO]:: [Fuzzy] SARS-CoV-2 WA1/2020 (D614 variant) => SARS-CoV-2 WA1/2020 (D614G variant) : score 99
05/16/2024 12:44:50 PM [INFO]:: [Fuzzy] SARS-CoV-2 WA1/2020 (D614 variant) => SARS-CoV-2 WA1/2020 (D614G variant) : score 99
05/16/2024 12:44:50 PM [INFO]:: [Fuzzy] SARS-CoV-2 WA1/2020 (D614 variant) => SARS-CoV-2 WA1/2020 (D614G variant) : score 99
05/16/2024 12:44:50 PM [INFO]:: [Fuzzy] SARS-CoV-2 WA1/2020 (D614 variant) => SARS-CoV-2 WA1/2020 (D614G variant) : score 99
05/16/2024 12:44:50 PM [INFO]:: [Fuzzy] SARS-CoV-2 WA1/2020 (D614 variant) => SARS-CoV-2 WA1/2020 (D614G variant) : score 99
05/16/2024 12:44:50 PM [INFO]:: [Fuzzy] SARS-CoV-2 WA1/2020 (D614 variant) => SARS-CoV-2 WA1/2020 (D614G variant) : score 99
05/16/2024 12:44:50 PM [INFO]:: [Fuzzy] Moderna COVID-19 vaccine ; VO:0005157 => Moderna COVID-19 vaccine; VO:0005157 : score 99
05/16/2024 12:44:50 PM [INFO]:: [Fuzzy] Pfizer BioNTech COVID-19 vaccine ; VO:0004987 => Pfizer BioNTech COVID-19 vaccine; VO:0004987 : score 99
05/16/2024 12:44:50 PM [INFO]:: [Fuzzy] Moderna COVID-19 vaccine ; VO:0005157 => Moderna COVID-19 vaccine; VO:0005157 : score 99
05/16/2024 12:44:50 PM [INFO]:: [Fuzzy] Pfizer BioNTech COVID-19 vaccine ; VO:0004987 => Pfizer BioNTech COVID-19 vaccine; VO:0004987 : score 99
05/16/2024 12:44:50 PM [INFO]:: [Fuzzy] SARS-CoV-2 Omicron (B.1.1.529) => SARS-CoV-2 Omicron; B.1.1.529 : score 95
05/16/2024 12:44:50 PM [INFO]:: [Fuzzy] SARS-CoV-2 Omicron (B.1.1.529) => SARS-CoV-2 Omicron; B.1.1.529 : score 95
05/16/2024 12:44:50 PM [INFO]:: [Fuzzy] ​JSON Summary Description => JSON Summary Description : score 94
05/16/2024 12:44:54 PM INFO:: [User Change] Not Specified => Not Applicable
05/16/2024 12:44:55 PM Previous Input: Virus Target, Not Specified => Not Applicable
05/16/2024 12:44:55 PM Previous Input: Virus Target, Not Specified => Not Applicable
05/16/2024 12:45:29 PM [INFO]:: [Fuzzy] ​JSON Summary Description => JSON Summary Description : score 94
05/16/2024 12:45:29 PM [INFO]:: [Fuzzy] pregnancy => Pregnancy : score 89
05/16/2024 12:45:29 PM Previous Input: Race, Other => Other Race
05/16/2024 12:45:29 PM [INFO]:: [Fuzzy] pregnancy => Pregnancy : score 89
05/16/2024 12:45:29 PM [INFO]:: [Fuzzy] Moderna COVID-19 vaccine ; VO:0005157 => Moderna COVID-19 vaccine; VO:0005157 : score 99
05/16/2024 12:45:29 PM [INFO]:: [Fuzzy] Pfizer BioNTech COVID-19 vaccine ; VO:0004987 => Pfizer BioNTech COVID-19 vaccine; VO:0004987 : score 99
05/16/2024 12:45:30 PM [INFO]:: [Fuzzy] ​JSON Summary Description => JSON Summary Description : score 94
05/16/2024 12:45:30 PM [INFO]:: [Fuzzy] Moderna COVID-19 vaccine ; VO:0005157 => Moderna COVID-19 vaccine; VO:0005157 : score 99
05/16/2024 12:45:30 PM [INFO]:: [Fuzzy] Pfizer BioNTech COVID-19 vaccine ; VO:0004987 => Pfizer BioNTech COVID-19 vaccine; VO:0004987 : score 99
05/16/2024 12:45:30 PM [INFO]:: [Fuzzy] Moderna COVID-19 vaccine ; VO:0005157 => Moderna COVID-19 vaccine; VO:0005157 : score 99
05/16/2024 12:45:30 PM [INFO]:: [Fuzzy] Pfizer BioNTech COVID-19 vaccine ; VO:0004987 => Pfizer BioNTech COVID-19 vaccine; VO:0004987 : score 99
05/16/2024 12:45:30 PM [INFO]:: [Fuzzy] SARS-CoV-2 WA1/2020 (D614 variant) => SARS-CoV-2 WA1/2020 (D614G variant) : score 99
05/16/2024 12:45:30 PM [INFO]:: [Fuzzy] SARS-CoV-2 WA1/2020 (D614 variant) => SARS-CoV-2 WA1/2020 (D614G variant) : score 99
05/16/2024 12:45:30 PM [INFO]:: [Fuzzy] SARS-CoV-2 WA1/2020 (D614 variant) => SARS-CoV-2 WA1/2020 (D614G variant) : score 99
05/16/2024 12:45:30 PM [INFO]:: [Fuzzy] SARS-CoV-2 WA1/2020 (D614 variant) => SARS-CoV-2 WA1/2020 (D614G variant) : score 99
05/16/2024 12:45:30 PM [INFO]:: [Fuzzy] SARS-CoV-2 WA1/2020 (D614 variant) => SARS-CoV-2 WA1/2020 (D614G variant) : score 99
05/16/2024 12:45:30 PM [INFO]:: [Fuzzy] SARS-CoV-2 WA1/2020 (D614 variant) => SARS-CoV-2 WA1/2020 (D614G variant) : score 99
05/16/2024 12:45:30 PM [INFO]:: [Fuzzy] Moderna COVID-19 vaccine ; VO:0005157 => Moderna COVID-19 vaccine; VO:0005157 : score 99
05/16/2024 12:45:30 PM [INFO]:: [Fuzzy] Pfizer BioNTech COVID-19 vaccine ; VO:0004987 => Pfizer BioNTech COVID-19 vaccine; VO:0004987 : score 99
05/16/2024 12:45:30 PM [INFO]:: [Fuzzy] Moderna COVID-19 vaccine ; VO:0005157 => Moderna COVID-19 vaccine; VO:0005157 : score 99
05/16/2024 12:45:30 PM [INFO]:: [Fuzzy] Pfizer BioNTech COVID-19 vaccine ; VO:0004987 => Pfizer BioNTech COVID-19 vaccine; VO:0004987 : score 99
05/16/2024 12:45:30 PM [INFO]:: [Fuzzy] SARS-CoV-2 Omicron (B.1.1.529) => SARS-CoV-2 Omicron; B.1.1.529 : score 95
05/16/2024 12:45:30 PM [INFO]:: [Fuzzy] SARS-CoV-2 Omicron (B.1.1.529) => SARS-CoV-2 Omicron; B.1.1.529 : score 95
05/16/2024 12:45:30 PM [INFO]:: [Fuzzy] ​JSON Summary Description => JSON Summary Description : score 94
05/16/2024 12:45:30 PM Previous Input: Virus Target, Not Specified => Not Applicable
05/16/2024 12:45:30 PM Previous Input: Virus Target, Not Specified => Not Applicable
05/16/2024 12:45:30 PM Previous Input: Virus Target, Not Specified => Not Applicable
05/16/2024 06:16:03 PM No such comm target registered: jupyter.widget.control
05/16/2024 06:16:03 PM No such comm: c09e4713-7512-425e-b1b7-9a79b4b4859a
05/16/2024 06:16:03 PM Current comms: []
05/17/2024 01:13:09 AM No such comm target registered: jupyter.widget.control
05/17/2024 01:13:09 AM No such comm: 24e33a3d-8311-4683-afa7-09dfadb8afbe
05/17/2024 01:13:09 AM Current comms: []
05/17/2024 05:42:13 PM No such comm target registered: jupyter.widget.control
05/17/2024 05:42:13 PM No such comm: a008bf53-6332-483b-aa76-57549cd0e798
05/17/2024 05:42:13 PM Current comms: []
05/19/2024 10:43:55 PM No such comm target registered: jupyter.widget.control
05/19/2024 10:43:55 PM No such comm: 58973cdd-2b44-4cc9-adf9-589238ea91cb
05/19/2024 10:43:55 PM Current comms: []
05/20/2024 05:36:20 PM No such comm target registered: jupyter.widget.control
05/20/2024 05:36:20 PM No such comm: a706b563-0f49-46ab-ae31-df245824f75f
05/20/2024 05:36:20 PM Current comms: []
05/21/2024 12:18:10 AM No such comm target registered: jupyter.widget.control
05/21/2024 12:18:10 AM No such comm: 6168cc07-2283-48c8-800e-d6026f3dbc8e
05/21/2024 12:18:10 AM Current comms: []
05/21/2024 12:40:12 AM No such comm target registered: jupyter.widget.control
05/21/2024 12:40:12 AM No such comm: f182c7d9-7184-4985-aeda-51b58f7d013c
05/21/2024 12:40:12 AM Current comms: []
