07/13/2023 04:14:26 PM 
PMID: 11111111
07/13/2023 04:35:12 PM 
PMID: 11111111
07/13/2023 04:36:44 PM 
PMID: 11111111
07/13/2023 04:37:33 PM 
PMID: 11111111
07/13/2023 04:37:48 PM 
PMID: 11111111
07/13/2023 04:38:18 PM 
PMID: 11111111
07/13/2023 04:38:56 PM 
PMID: 11111111
07/13/2023 04:39:48 PM 
PMID: 11111111
07/13/2023 04:39:48 PM WARNING:: [Sex_at_Birth] Changing 'male | female' to 'other'
07/13/2023 04:39:48 PM WARNING:: [Sex_at_Birth] Changing 'male | female' to 'other'
07/13/2023 04:51:53 PM 
PMID: 11111111
07/13/2023 04:51:54 PM WARNING:: [Sex_at_Birth] Changing 'male | female' to 'other'
07/13/2023 04:51:54 PM Warning:: [Race] Changing 'Race' to 'other' and moving data to [Race Specify]
07/13/2023 04:51:54 PM Warning:: [Ethnicity] Changing list to other in ImmPort Templates
07/13/2023 04:52:23 PM 
PMID: 11111111
07/13/2023 04:52:23 PM WARNING:: [Sex_at_Birth] Changing 'male | female' to 'other'
07/13/2023 04:52:23 PM Warning:: [Race] Changing 'Race' to 'other' and moving data to [Race Specify]
07/13/2023 04:52:23 PM Warning:: [Ethnicity] Changing list to other in ImmPort Templates
07/13/2023 04:55:18 PM 
PMID: 11111111
07/13/2023 04:55:19 PM WARNING:: [Sex_at_Birth] Changing 'male | female' to 'other'
07/13/2023 04:55:19 PM Warning:: [Race] Changing 'Race' to 'other' and moving data to [Race Specify]
07/13/2023 04:55:19 PM Warning:: [Ethnicity] Changing list to other in ImmPort Templates
07/13/2023 04:56:31 PM 
PMID: 11111111
07/13/2023 04:56:31 PM WARNING:: [Sex_at_Birth] Changing 'male | female' to 'other'
07/13/2023 04:56:31 PM Warning:: [Race] Changing 'Race' to 'other' and moving data to [Race Specify]
07/13/2023 04:56:31 PM Warning:: [Ethnicity] Changing list to other in ImmPort Templates
07/13/2023 04:59:50 PM 
PMID: 11111111
07/13/2023 04:59:50 PM WARNING:: [Sex_at_Birth] Changing 'male | female' to 'other'
07/13/2023 04:59:50 PM Warning:: [Race] Changing 'Race' to 'other' and moving data to [Race Specify]
07/13/2023 04:59:50 PM Warning:: [Ethnicity] Changing list to other in ImmPort Templates
