04/24/2023 10:21:08 AM 
PMID: 33579769
04/24/2023 10:21:08 AM WARNING:: [Sex_at_Birth] Changing 'male | female' to 'other'
04/24/2023 10:21:08 AM Warning:: [Race] Changing 'Race' to 'other' and moving data to [Race Specify]
04/24/2023 10:21:08 AM Warning:: [Ethnicity] Changing list to other in ImmPort Templates
04/24/2023 10:21:09 AM [INFO]:: [Fuzzy] Not Applicable | Other => Not Applicable : score 78
04/24/2023 10:21:13 AM INFO:: [User Change] Not Specified => Not Applicable
04/24/2023 04:39:10 PM 
PMID: 34669512
04/24/2023 04:39:36 PM 
PMID: 35857583
04/24/2023 04:39:57 PM 
PMID: 36135380
04/24/2023 04:40:10 PM 
PMID: 36191537
04/24/2023 04:40:19 PM 
PMID: 36191537
04/24/2023 04:40:27 PM 
PMID: 35879545
04/24/2023 04:40:27 PM ERROR:: [Subject Human]: Check Type_Reported
04/24/2023 04:41:29 PM 
PMID: 36476380
