11/28/2023 09:55:53 AM 
PMID: 37376419
11/28/2023 09:56:02 AM INFO:: [User Change] Not Specified => Not Applicable
11/28/2023 11:14:55 AM 
PMID: 32884153
11/28/2023 11:15:13 AM INFO:: [User Change] Nares => Nasal Swab or Nose Specimen
11/28/2023 11:15:50 AM INFO:: [User Change] Gastrointestinal tract => Other
11/28/2023 11:28:13 AM 
PMID: 35166573
11/28/2023 11:28:13 AM WARNING:: [Sex_at_Birth] Changing 'male | female' to 'other'
11/28/2023 11:28:13 AM Warning:: [Race] Changing 'Race' to 'other' and moving data to [Race Specify]
11/28/2023 11:28:13 AM Warning:: [Ethnicity] Changing list to other in ImmPort Templates
11/28/2023 11:28:16 AM [INFO]:: [Fuzzy] ​JSON Summary Description => JSON Summary Description : score 94
11/28/2023 11:28:23 AM INFO:: [User Change] Moderna COVID-19 vaccine; VO:0005157 => Moderna SARS-CoV-2 vaccine
11/28/2023 11:28:25 AM INFO:: [User Change] Pfizer BioNTech COVID-19 vaccine; VO:0004987 => Pfizer-BioNTech SARS-CoV-2 vaccine
11/28/2023 11:28:25 AM [INFO]:: [Fuzzy] SARS-CoV-2 Delta; B.1.617.3 => SARS-CoV-2 Delta; B.1.617.2 : score 96
11/28/2023 11:28:25 AM [INFO]:: [Fuzzy] SARS-CoV-2 Delta; B.1.617.3 => SARS-CoV-2 Delta; B.1.617.2 : score 96
11/28/2023 12:05:31 PM 
PMID: 35457559
11/28/2023 12:05:31 PM WARNING:: [Sex_at_Birth] Changing 'male | female' to 'other'
11/28/2023 12:05:31 PM Warning:: [Race] Changing 'Race' to 'other' and moving data to [Race Specify]
11/28/2023 12:05:31 PM Warning:: [Ethnicity] Changing list to other in ImmPort Templates
11/28/2023 12:42:20 PM 
PMID: 35457559
11/28/2023 12:42:20 PM WARNING:: [Sex_at_Birth] Changing 'male | female' to 'other'
11/28/2023 12:42:20 PM Warning:: [Race] Changing 'Race' to 'other' and moving data to [Race Specify]
11/28/2023 12:42:20 PM Warning:: [Ethnicity] Changing list to other in ImmPort Templates
11/28/2023 01:39:35 PM 
PMID: 36511813
11/28/2023 01:39:35 PM WARNING:: [Sex_at_Birth] Changing 'male | female' to 'other'
11/28/2023 01:39:35 PM WARNING:: [Sex_at_Birth] Changing 'male | female' to 'other'
11/28/2023 01:39:35 PM Warning:: [Race] Changing 'Race' to 'other' and moving data to [Race Specify]
11/28/2023 01:39:35 PM Warning:: [Race] Changing 'Race' to 'other' and moving data to [Race Specify]
11/28/2023 01:39:35 PM Warning:: [Ethnicity] Changing list to other in ImmPort Templates
11/28/2023 01:39:35 PM Warning:: [Ethnicity] Changing list to other in ImmPort Templates
11/28/2023 01:39:55 PM [INFO]:: [Fuzzy] SARS-CoV-2 Omicron; BA2.12.1 => SARS-CoV-2 Omicron; B.1.1.529 : score 88
11/28/2023 01:39:55 PM [INFO]:: [Fuzzy] Pfizer BioNTech COVID-19 vaccine; VO:0004988 => Pfizer BioNTech COVID-19 vaccine; VO:0004987 : score 98
11/28/2023 01:39:55 PM [INFO]:: [Fuzzy] SARS-CoV-2 Omicron; BA2.12.1 => SARS-CoV-2 Omicron; B.1.1.529 : score 88
11/28/2023 01:43:46 PM 
PMID: 35259002
11/28/2023 01:43:46 PM WARNING:: [Sex_at_Birth] Changing 'male | female' to 'other'
11/28/2023 01:43:46 PM Warning:: [Race] Changing 'Race' to 'other' and moving data to [Race Specify]
11/28/2023 01:43:46 PM Warning:: [Ethnicity] Changing list to other in ImmPort Templates
11/28/2023 01:43:47 PM INFO:: [Fuzzy] Closest Match Found. Changing HCoVs - Seasonal (OC43 => HCoVs - Seasonal (OC43, HKU-1, NL63, 229E)
11/28/2023 01:43:47 PM INFO:: [Fuzzy] Closest Match Found. Changing HKU-1 => HCoVs - Seasonal (OC43, HKU-1, NL63, 229E)
11/28/2023 01:43:47 PM INFO:: [Fuzzy] Closest Match Found. Changing NL63 => HCoVs - Seasonal (OC43, HKU-1, NL63, 229E)
11/28/2023 01:43:47 PM INFO:: [Fuzzy] Closest Match Found. Changing 229E) => HCoVs - Seasonal (OC43, HKU-1, NL63, 229E)
11/28/2023 01:43:50 PM INFO:: [User Change] Electrochemiluminescence Immunoassay (eCLIA) => Chemiluminescent Assay
11/28/2023 01:43:50 PM INFO:: [Fuzzy] Closest Match Found. Changing HCoVs - Seasonal (OC43 => HCoVs - Seasonal (OC43, HKU-1, NL63, 229E)
11/28/2023 01:43:50 PM INFO:: [Fuzzy] Closest Match Found. Changing HKU-1 => HCoVs - Seasonal (OC43, HKU-1, NL63, 229E)
11/28/2023 01:43:50 PM INFO:: [Fuzzy] Closest Match Found. Changing NL63 => HCoVs - Seasonal (OC43, HKU-1, NL63, 229E)
11/28/2023 01:43:50 PM INFO:: [Fuzzy] Closest Match Found. Changing 229E) => HCoVs - Seasonal (OC43, HKU-1, NL63, 229E)
11/28/2023 01:48:21 PM 
PMID: 35259002
11/28/2023 01:48:21 PM WARNING:: [Sex_at_Birth] Changing 'male | female' to 'other'
11/28/2023 01:48:21 PM Warning:: [Race] Changing 'Race' to 'other' and moving data to [Race Specify]
11/28/2023 01:48:21 PM Warning:: [Ethnicity] Changing list to other in ImmPort Templates
11/28/2023 01:48:22 PM INFO:: [Fuzzy] Closest Match Found. Changing HCoVs - Seasonal (OC43 => HCoVs - Seasonal (OC43, HKU-1, NL63, 229E)
11/28/2023 01:48:22 PM INFO:: [Fuzzy] Closest Match Found. Changing HKU-1 => HCoVs - Seasonal (OC43, HKU-1, NL63, 229E)
11/28/2023 01:48:22 PM INFO:: [Fuzzy] Closest Match Found. Changing NL63 => HCoVs - Seasonal (OC43, HKU-1, NL63, 229E)
11/28/2023 01:48:22 PM INFO:: [Fuzzy] Closest Match Found. Changing 229E) => HCoVs - Seasonal (OC43, HKU-1, NL63, 229E)
11/28/2023 01:48:22 PM INFO:: [Fuzzy] Closest Match Found. Changing HCoVs - Seasonal (OC43 => HCoVs - Seasonal (OC43, HKU-1, NL63, 229E)
11/28/2023 01:48:22 PM INFO:: [Fuzzy] Closest Match Found. Changing HKU-1 => HCoVs - Seasonal (OC43, HKU-1, NL63, 229E)
11/28/2023 01:48:22 PM INFO:: [Fuzzy] Closest Match Found. Changing NL63 => HCoVs - Seasonal (OC43, HKU-1, NL63, 229E)
11/28/2023 01:48:22 PM INFO:: [Fuzzy] Closest Match Found. Changing 229E) => HCoVs - Seasonal (OC43, HKU-1, NL63, 229E)
