08/13/2024 12:02:04 PM 
PMID: 12345678
08/13/2024 12:02:04 PM WARNING:: [Sex_at_Birth] Changing 'male | female' to 'other'
08/13/2024 12:02:04 PM Warning:: [Race] Changing 'Race' to 'other' and moving data to [Race Specify]
08/13/2024 12:02:04 PM Warning:: [Ethnicity] Changing list to other in ImmPort Templates
08/13/2024 12:02:04 PM INFO:: [Fuzzy] Closest Match Found. Changing Immunosuppressive Disorder => Immunosuppressive Disorder 
08/13/2024 12:02:04 PM [INFO]:: [Fuzzy] Lung Disease => Lung Disease
 : score 96
08/13/2024 12:02:07 PM INFO:: [User Change] Not Specified => Not Applicable
08/13/2024 12:02:07 PM INFO:: [Fuzzy] Closest Match Found. Changing SARS-CoV-2 Epsilon; B.1.427 => SARS-CoV-2 Epsilon; B.1.427 / B.1.429
08/13/2024 12:02:07 PM INFO:: [Fuzzy] Closest Match Found. Changing B.1.429 => SARS-CoV-2 Epsilon; B.1.427 / B.1.429
08/13/2024 12:02:07 PM INFO:: [Fuzzy] Closest Match Found. Changing SARS-CoV-2 Lambda; => SARS-CoV-2 Lambda; C.37
08/13/2024 12:02:07 PM [INFO]:: [Fuzzy] SARS-CoV-2 OmicrA micron variant CA.3.1 => SARS-CoV-2 Omicron variant CA.3.1 : score 92
08/13/2024 12:02:07 PM INFO:: [Fuzzy] Closest Match Found. Changing Not specified => Not Specified
08/13/2024 12:02:11 PM INFO:: [User Change] Chemiluminescent Microparticle Immuno Assay (CMIA) => Chemiluminescent Assay
08/13/2024 12:02:11 PM Previous Input: Assay Type, Chemiluminescent Microparticle Immuno Assay (CMIA) => Chemiluminescent Assay
08/13/2024 12:02:18 PM INFO:: [User Change] Chemiluminescent immunoassay (CLIA) => Chemiluminescent Assay
08/13/2024 12:02:18 PM INFO:: [Fuzzy] Closest Match Found. Changing CMV antigens => CMV Antigens
08/13/2024 12:02:18 PM Previous Input: Assay Type, Chemiluminescent immunoassay (CLIA) => Chemiluminescent Assay
08/13/2024 12:02:18 PM INFO:: [Fuzzy] Closest Match Found. Changing Viral Capsid Antigen => EBV Viral Capsid Antigen
08/13/2024 12:02:38 PM INFO:: [User Change] p18 => Other
08/13/2024 12:02:38 PM INFO:: [Fuzzy] Closest Match Found. Changing HCoVs - Seasonal (OC43 => HCoVs - Seasonal (OC43, HKU-1, NL63, 229E)
08/13/2024 12:02:38 PM INFO:: [Fuzzy] Closest Match Found. Changing HKU-1 => HCoVs - Seasonal (OC43, HKU-1, NL63, 229E)
08/13/2024 12:02:38 PM INFO:: [Fuzzy] Closest Match Found. Changing NL63 => HCoVs - Seasonal (OC43, HKU-1, NL63, 229E)
08/13/2024 12:02:38 PM INFO:: [Fuzzy] Closest Match Found. Changing 229E) => HCoVs - Seasonal (OC43, HKU-1, NL63, 229E)
08/13/2024 12:02:43 PM INFO:: [User Change] Electrochemiluminescence Immunoassay (eCLIA) => Chemiluminescent Assay
08/13/2024 12:02:43 PM [INFO]:: [Fuzzy] Multiplex flow immunoassay => Multiplex Immunoassay : score 85
08/13/2024 12:02:43 PM INFO:: [Fuzzy] Closest Match Found. Changing CMV antigens => CMV Antigens
08/13/2024 12:02:43 PM [INFO]:: [Fuzzy] Multiplex flow immunoassay => Multiplex Immunoassay : score 85
08/13/2024 12:02:43 PM INFO:: [Fuzzy] Closest Match Found. Changing Viral Capsid Antigen => EBV Viral Capsid Antigen
08/13/2024 12:02:43 PM Previous Input: Assay Type, Chemiluminescent Microparticle Immuno Assay (CMIA) => Chemiluminescent Assay
08/13/2024 12:02:43 PM [INFO]:: [Fuzzy] Core Antigen => Core antigen : score 92
08/13/2024 12:02:43 PM Previous Input: Assay Type, Chemiluminescent Microparticle Immuno Assay (CMIA) => Chemiluminescent Assay
08/13/2024 12:02:48 PM INFO:: [User Change] Chemiluminescence Immunoassay (CLIA) => Chemiluminescent Assay
08/13/2024 12:02:48 PM INFO:: [Fuzzy] Closest Match Found. Changing Viral Capsid Antigen => EBV Viral Capsid Antigen
08/13/2024 12:02:48 PM Previous Input: Assay Type, Chemiluminescence Immunoassay (CLIA) => Chemiluminescent Assay
08/13/2024 12:02:48 PM INFO:: [Fuzzy] Closest Match Found. Changing CMV antigens => CMV Antigens
08/13/2024 12:02:48 PM INFO:: [Fuzzy] Closest Match Found. Changing HCoVs - Seasonal (OC43 => HCoVs - Seasonal (OC43, HKU-1, NL63, 229E)
08/13/2024 12:02:48 PM INFO:: [Fuzzy] Closest Match Found. Changing HKU-1 => HCoVs - Seasonal (OC43, HKU-1, NL63, 229E)
08/13/2024 12:02:48 PM INFO:: [Fuzzy] Closest Match Found. Changing NL63 => HCoVs - Seasonal (OC43, HKU-1, NL63, 229E)
08/13/2024 12:02:48 PM INFO:: [Fuzzy] Closest Match Found. Changing 229E) => HCoVs - Seasonal (OC43, HKU-1, NL63, 229E)
08/13/2024 12:02:48 PM Previous Input: Assay Type, Chemiluminescence Immunoassay (CLIA) => Chemiluminescent Assay
08/13/2024 12:02:48 PM INFO:: [Fuzzy] Closest Match Found. Changing CMV antigens => CMV Antigens
08/13/2024 12:02:48 PM INFO:: [Fuzzy] Closest Match Found. Changing Early Antigen Diffuse => EBV Early Antigen Diffuse
08/13/2024 12:02:48 PM [INFO]:: [Fuzzy] Nuclear antigen – 1 => EBV Nuclear Antigen - 1 : score 81
08/13/2024 12:02:48 PM INFO:: [Fuzzy] Closest Match Found. Changing Viral Capsid Antigen => EBV Viral Capsid Antigen
08/13/2024 12:02:48 PM Previous Input: Assay Type, Chemiluminescence Immunoassay (CLIA) => Chemiluminescent Assay
08/13/2024 12:02:48 PM Previous Input: Assay Type, Chemiluminescence Immunoassay (CLIA) => Chemiluminescent Assay
08/13/2024 12:02:48 PM INFO:: [Fuzzy] Closest Match Found. Changing HCoVs - Seasonal (OC43 => HCoVs - Seasonal (OC43, HKU-1, NL63, 229E)
08/13/2024 12:02:48 PM INFO:: [Fuzzy] Closest Match Found. Changing HKU-1 => HCoVs - Seasonal (OC43, HKU-1, NL63, 229E)
08/13/2024 12:02:48 PM INFO:: [Fuzzy] Closest Match Found. Changing NL63 => HCoVs - Seasonal (OC43, HKU-1, NL63, 229E)
08/13/2024 12:02:48 PM INFO:: [Fuzzy] Closest Match Found. Changing 229E) => HCoVs - Seasonal (OC43, HKU-1, NL63, 229E)
08/13/2024 12:02:48 PM INFO:: [Fuzzy] Closest Match Found. Changing HCoVs - Seasonal (OC43 => HCoVs - Seasonal (OC43, HKU-1, NL63, 229E)
08/13/2024 12:02:48 PM INFO:: [Fuzzy] Closest Match Found. Changing HKU-1 => HCoVs - Seasonal (OC43, HKU-1, NL63, 229E)
08/13/2024 12:02:48 PM INFO:: [Fuzzy] Closest Match Found. Changing NL63 => HCoVs - Seasonal (OC43, HKU-1, NL63, 229E)
08/13/2024 12:02:48 PM INFO:: [Fuzzy] Closest Match Found. Changing 229E) => HCoVs - Seasonal (OC43, HKU-1, NL63, 229E)
08/13/2024 12:02:48 PM INFO:: [Fuzzy] Closest Match Found. Changing HCoVs - Seasonal (OC43 => HCoVs - Seasonal (OC43, HKU-1, NL63, 229E)
08/13/2024 12:02:48 PM INFO:: [Fuzzy] Closest Match Found. Changing HKU-1 => HCoVs - Seasonal (OC43, HKU-1, NL63, 229E)
08/13/2024 12:02:48 PM INFO:: [Fuzzy] Closest Match Found. Changing NL63 => HCoVs - Seasonal (OC43, HKU-1, NL63, 229E)
08/13/2024 12:02:48 PM INFO:: [Fuzzy] Closest Match Found. Changing 229E) => HCoVs - Seasonal (OC43, HKU-1, NL63, 229E)
08/13/2024 12:02:48 PM INFO:: [Fuzzy] Closest Match Found. Changing HCoVs - Seasonal (OC43 => HCoVs - Seasonal (OC43, HKU-1, NL63, 229E)
08/13/2024 12:02:48 PM INFO:: [Fuzzy] Closest Match Found. Changing HKU-1 => HCoVs - Seasonal (OC43, HKU-1, NL63, 229E)
08/13/2024 12:02:48 PM INFO:: [Fuzzy] Closest Match Found. Changing NL63 => HCoVs - Seasonal (OC43, HKU-1, NL63, 229E)
08/13/2024 12:02:48 PM INFO:: [Fuzzy] Closest Match Found. Changing 229E) => HCoVs - Seasonal (OC43, HKU-1, NL63, 229E)
08/13/2024 12:02:48 PM Previous Input: Assay Type, Chemiluminescence Immunoassay (CLIA) => Chemiluminescent Assay
08/13/2024 12:02:48 PM INFO:: [Fuzzy] Closest Match Found. Changing CMV antigens => CMV Antigens
08/13/2024 12:02:48 PM Previous Input: Assay Type, Chemiluminescence Immunoassay (CLIA) => Chemiluminescent Assay
08/13/2024 12:02:48 PM INFO:: [Fuzzy] Closest Match Found. Changing Viral Capsid Antigen => EBV Viral Capsid Antigen
08/13/2024 12:02:48 PM Previous Input: Assay Type, Chemiluminescence Immunoassay (CLIA) => Chemiluminescent Assay
08/13/2024 12:02:48 PM INFO:: [Fuzzy] Closest Match Found. Changing Viral Capsid Antigen => EBV Viral Capsid Antigen
08/13/2024 12:02:48 PM Previous Input: Assay Type, Chemiluminescence Immunoassay (CLIA) => Chemiluminescent Assay
08/13/2024 12:02:48 PM INFO:: [Fuzzy] Closest Match Found. Changing Early Antigen Diffuse => EBV Early Antigen Diffuse
08/13/2024 12:02:48 PM Previous Input: Assay Type, Chemiluminescence Immunoassay (CLIA) => Chemiluminescent Assay
08/13/2024 12:02:48 PM INFO:: [Fuzzy] Closest Match Found. Changing Nuclear antigen - 1 => EBV Nuclear Antigen - 1
08/13/2024 12:02:48 PM Previous Input: Assay Type, Chemiluminescence Immunoassay (CLIA) => Chemiluminescent Assay
08/13/2024 12:02:48 PM Previous Input: Assay Type, Chemiluminescence Immunoassay (CLIA) => Chemiluminescent Assay
08/13/2024 12:02:48 PM Previous Input: Assay Type, Chemiluminescent Microparticle Immuno Assay (CMIA) => Chemiluminescent Assay
08/13/2024 12:02:48 PM [INFO]:: [Fuzzy] Core Antigen => Core antigen : score 92
08/13/2024 12:02:48 PM INFO:: [Fuzzy] Closest Match Found. Changing HCoVs - Seasonal (OC43 => HCoVs - Seasonal (OC43, HKU-1, NL63, 229E)
08/13/2024 12:02:48 PM INFO:: [Fuzzy] Closest Match Found. Changing HKU-1 => HCoVs - Seasonal (OC43, HKU-1, NL63, 229E)
08/13/2024 12:02:48 PM INFO:: [Fuzzy] Closest Match Found. Changing NL63 => HCoVs - Seasonal (OC43, HKU-1, NL63, 229E)
08/13/2024 12:02:48 PM INFO:: [Fuzzy] Closest Match Found. Changing 229E) => HCoVs - Seasonal (OC43, HKU-1, NL63, 229E)
08/13/2024 12:02:48 PM Previous Input: Assay Type, Electrochemiluminescence Immunoassay (eCLIA) => Chemiluminescent Assay
08/13/2024 12:02:48 PM Previous Input: Assay Type, Electrochemiluminescence Immunoassay (eCLIA) => Chemiluminescent Assay
08/13/2024 12:02:48 PM Previous Input: Assay Type, Chemiluminescent immunoassay (CLIA) => Chemiluminescent Assay
