03/07/2025 02:44:47 PM 
PMID: PMID3585 ####################
03/07/2025 02:44:47 PM WARNING:: [Sex_at_Birth] Changing 'male | female' to 'other'
03/07/2025 02:44:47 PM WARNING:: [Sex_at_Birth] Changing 'male | female' to 'other'
03/07/2025 02:44:47 PM WARNING:: [Sex_at_Birth] Changing 'male | female' to 'other'
03/07/2025 02:44:47 PM Warning:: [Race] Changing 'Race' to 'other' and moving data to [Race Specify]
03/07/2025 02:44:47 PM Warning:: [Race] Changing 'Race' to 'other' and moving data to [Race Specify]
03/07/2025 02:44:47 PM Warning:: [Race] Changing 'Race' to 'other' and moving data to [Race Specify]
03/07/2025 02:44:47 PM Warning:: [Ethnicity] Changing list to other in ImmPort Templates
03/07/2025 02:44:47 PM Warning:: [Ethnicity] Changing list to other in ImmPort Templates
03/07/2025 02:44:47 PM Warning:: [Ethnicity] Changing list to other in ImmPort Templates
03/07/2025 02:44:47 PM [INFO]:: [Fuzzy] ​JSON Summary Description => JSON Summary Description : score 94
03/07/2025 03:57:41 PM 
PMID: PMID3585 ####################
03/07/2025 03:57:41 PM WARNING:: [Sex_at_Birth] Changing 'male | female' to 'other'
03/07/2025 03:57:41 PM WARNING:: [Sex_at_Birth] Changing 'male | female' to 'other'
03/07/2025 03:57:41 PM WARNING:: [Sex_at_Birth] Changing 'male | female' to 'other'
03/07/2025 03:57:41 PM Warning:: [Race] Changing 'Race' to 'other' and moving data to [Race Specify]
03/07/2025 03:57:41 PM Warning:: [Race] Changing 'Race' to 'other' and moving data to [Race Specify]
03/07/2025 03:57:41 PM Warning:: [Race] Changing 'Race' to 'other' and moving data to [Race Specify]
03/07/2025 03:57:41 PM Warning:: [Ethnicity] Changing list to other in ImmPort Templates
03/07/2025 03:57:41 PM Warning:: [Ethnicity] Changing list to other in ImmPort Templates
03/07/2025 03:57:41 PM Warning:: [Ethnicity] Changing list to other in ImmPort Templates
03/07/2025 03:57:41 PM [INFO]:: [Fuzzy] ​JSON Summary Description => JSON Summary Description : score 94
03/07/2025 03:57:51 PM 
PMID: PMID3288 ####################
03/07/2025 03:58:01 PM 
PMID: PMID3787 ####################
03/07/2025 03:58:01 PM WARNING:: [Sex_at_Birth] Changing 'male | female' to 'other'
03/07/2025 03:58:01 PM WARNING:: [Sex_at_Birth] Changing 'male | female' to 'other'
03/07/2025 03:58:01 PM Warning:: [Race] Changing 'Race' to 'other' and moving data to [Race Specify]
03/07/2025 03:58:01 PM Warning:: [Race] Changing 'Race' to 'other' and moving data to [Race Specify]
03/07/2025 03:58:01 PM Warning:: [Ethnicity] Changing list to other in ImmPort Templates
03/07/2025 03:58:01 PM Warning:: [Ethnicity] Changing list to other in ImmPort Templates
03/07/2025 03:58:10 PM 
PMID: PMID3767 ####################
03/07/2025 03:58:10 PM WARNING:: [Sex_at_Birth] Changing 'male | female' to 'other'
03/07/2025 03:58:10 PM WARNING:: [Sex_at_Birth] Changing 'male | female' to 'other'
03/07/2025 03:58:10 PM Warning:: [Race] Changing 'Race' to 'other' and moving data to [Race Specify]
03/07/2025 03:58:10 PM Warning:: [Race] Changing 'Race' to 'other' and moving data to [Race Specify]
03/07/2025 03:58:10 PM Warning:: [Ethnicity] Changing list to other in ImmPort Templates
03/07/2025 03:58:10 PM Warning:: [Ethnicity] Changing list to other in ImmPort Templates
03/07/2025 03:58:16 PM INFO:: [User Change] Not Specified => Not Applicable
03/07/2025 03:58:16 PM INFO:: [Fuzzy] Closest Match Found. Changing HCoVs - Seasonal (OC43 => HCoVs - Seasonal (OC43, HKU-1, NL63, 229E)
03/07/2025 03:58:16 PM INFO:: [Fuzzy] Closest Match Found. Changing HKU-1 => HCoVs - Seasonal (OC43, HKU-1, NL63, 229E)
03/07/2025 03:58:16 PM INFO:: [Fuzzy] Closest Match Found. Changing NL63 => HCoVs - Seasonal (OC43, HKU-1, NL63, 229E)
03/07/2025 03:58:16 PM INFO:: [Fuzzy] Closest Match Found. Changing 229E) => HCoVs - Seasonal (OC43, HKU-1, NL63, 229E)
03/07/2025 03:58:16 PM [INFO]:: [Fuzzy] Flow cytometry => Flow Cytometry : score 93
03/07/2025 03:58:25 PM 
PMID: PMID3829 ####################
03/07/2025 03:58:25 PM WARNING:: [Sex_at_Birth] Changing 'male | female' to 'other'
03/07/2025 03:58:25 PM WARNING:: [Sex_at_Birth] Changing 'male | female' to 'other'
03/07/2025 03:58:25 PM WARNING:: [Sex_at_Birth] Changing 'male | female' to 'other'
03/07/2025 03:58:25 PM Warning:: [Race] Changing 'Race' to 'other' and moving data to [Race Specify]
03/07/2025 03:58:25 PM Warning:: [Race] Changing 'Race' to 'other' and moving data to [Race Specify]
03/07/2025 03:58:25 PM Warning:: [Race] Changing 'Race' to 'other' and moving data to [Race Specify]
03/07/2025 03:58:25 PM Warning:: [Ethnicity] Changing list to other in ImmPort Templates
03/07/2025 03:58:25 PM Warning:: [Ethnicity] Changing list to other in ImmPort Templates
03/07/2025 03:58:25 PM Warning:: [Ethnicity] Changing list to other in ImmPort Templates
03/07/2025 03:58:30 PM INFO:: [Fuzzy] Closest Match Found. Changing HCoVs - Seasonal (OC43 => HCoVs - Seasonal (OC43, HKU-1, NL63, 229E)
03/07/2025 03:58:30 PM INFO:: [Fuzzy] Closest Match Found. Changing HKU-1 => HCoVs - Seasonal (OC43, HKU-1, NL63, 229E)
03/07/2025 03:58:30 PM INFO:: [Fuzzy] Closest Match Found. Changing NL63 => HCoVs - Seasonal (OC43, HKU-1, NL63, 229E)
03/07/2025 03:58:30 PM INFO:: [Fuzzy] Closest Match Found. Changing 229E) => HCoVs - Seasonal (OC43, HKU-1, NL63, 229E)
03/07/2025 03:58:30 PM INFO:: [Fuzzy] Closest Match Found. Changing HCoVs - Seasonal (OC43 => HCoVs - Seasonal (OC43, HKU-1, NL63, 229E)
03/07/2025 03:58:30 PM INFO:: [Fuzzy] Closest Match Found. Changing HKU-1 => HCoVs - Seasonal (OC43, HKU-1, NL63, 229E)
03/07/2025 03:58:30 PM INFO:: [Fuzzy] Closest Match Found. Changing NL63 => HCoVs - Seasonal (OC43, HKU-1, NL63, 229E)
03/07/2025 03:58:30 PM INFO:: [Fuzzy] Closest Match Found. Changing 229E) => HCoVs - Seasonal (OC43, HKU-1, NL63, 229E)
03/07/2025 03:58:30 PM INFO:: [Fuzzy] Closest Match Found. Changing HCoVs - Seasonal (OC43 => HCoVs - Seasonal (OC43, HKU-1, NL63, 229E)
03/07/2025 03:58:30 PM INFO:: [Fuzzy] Closest Match Found. Changing HKU-1 => HCoVs - Seasonal (OC43, HKU-1, NL63, 229E)
03/07/2025 03:58:30 PM INFO:: [Fuzzy] Closest Match Found. Changing NL63 => HCoVs - Seasonal (OC43, HKU-1, NL63, 229E)
03/07/2025 03:58:30 PM INFO:: [Fuzzy] Closest Match Found. Changing 229E) => HCoVs - Seasonal (OC43, HKU-1, NL63, 229E)
03/07/2025 03:58:38 PM 
PMID: PMID3466 ####################
03/07/2025 03:58:38 PM WARNING:: [inclusion exclusion] Changing Yes => Inclusion
03/07/2025 03:58:38 PM WARNING:: [inclusion exclusion] Changing Yes => Inclusion
03/07/2025 03:58:38 PM WARNING:: [Sex_at_Birth] Changing 'male | female' to 'other'
03/07/2025 03:58:38 PM WARNING:: [Sex_at_Birth] Changing 'male | female' to 'other'
03/07/2025 03:58:38 PM Warning:: [Race] Changing 'Race' to 'other' and moving data to [Race Specify]
03/07/2025 03:58:38 PM Warning:: [Race] Changing 'Race' to 'other' and moving data to [Race Specify]
03/07/2025 03:58:38 PM Warning:: [Ethnicity] Changing list to other in ImmPort Templates
03/07/2025 03:58:38 PM Warning:: [Ethnicity] Changing list to other in ImmPort Templates
03/07/2025 03:58:41 PM [INFO]:: [Fuzzy] SARS-CoV-2 Wuhan / 2020 => SARS-CoV-2 Wuhan/2020 : score 95
03/07/2025 03:58:41 PM INFO:: [Fuzzy] Closest Match Found. Changing HCoVs - Seasonal (OC43 => HCoVs - Seasonal (OC43, HKU-1, NL63, 229E)
03/07/2025 03:58:41 PM INFO:: [Fuzzy] Closest Match Found. Changing HKU-1 => HCoVs - Seasonal (OC43, HKU-1, NL63, 229E)
03/07/2025 03:58:41 PM INFO:: [Fuzzy] Closest Match Found. Changing NL63 => HCoVs - Seasonal (OC43, HKU-1, NL63, 229E)
03/07/2025 03:58:41 PM INFO:: [Fuzzy] Closest Match Found. Changing 229E) => HCoVs - Seasonal (OC43, HKU-1, NL63, 229E)
03/07/2025 03:59:00 PM 
PMID: PMID3407 ####################
03/07/2025 03:59:00 PM WARNING:: [Sex_at_Birth] Changing 'male | female' to 'other'
03/07/2025 03:59:00 PM Warning:: [Race] Changing 'Race' to 'other' and moving data to [Race Specify]
03/07/2025 03:59:00 PM Warning:: [Ethnicity] Changing list to other in ImmPort Templates
03/07/2025 03:59:05 PM INFO:: [User Change] Not Specified => Not Applicable
03/07/2025 03:59:08 PM INFO:: [User Change] Other => Other Race
03/07/2025 03:59:16 PM 
PMID: PMID3473 ####################
03/07/2025 03:59:16 PM Warning:: [Race] Changing 'Race' to 'other' and moving data to [Race Specify]
03/07/2025 03:59:16 PM Warning:: [Race] Changing 'Race' to 'other' and moving data to [Race Specify]
03/07/2025 03:59:16 PM Warning:: [Ethnicity] Changing list to other in ImmPort Templates
03/07/2025 03:59:16 PM Warning:: [Ethnicity] Changing list to other in ImmPort Templates
03/07/2025 03:59:18 PM [INFO]:: [Fuzzy] pregnancy => Pregnancy : score 89
03/07/2025 03:59:18 PM INFO:: [Fuzzy] Closest Match Found. Changing naïve => Naïve
03/07/2025 03:59:18 PM INFO:: [Fuzzy] Closest Match Found. Changing naïve => Naïve
03/07/2025 03:59:18 PM INFO:: [Fuzzy] Closest Match Found. Changing naïve => Naïve
03/07/2025 03:59:18 PM INFO:: [Fuzzy] Closest Match Found. Changing naïve => Naïve
03/07/2025 03:59:18 PM INFO:: [Fuzzy] Closest Match Found. Changing NK Cell => NK cell
03/07/2025 03:59:18 PM INFO:: [Fuzzy] Closest Match Found. Changing naïve => Naïve
03/07/2025 03:59:29 PM 
PMID: PMID3758 ####################
03/07/2025 03:59:29 PM Warning:: [Race] Changing 'Race' to 'other' and moving data to [Race Specify]
03/07/2025 03:59:29 PM Warning:: [Ethnicity] Changing list to other in ImmPort Templates
03/07/2025 03:59:41 PM INFO:: [User Change] Not Specified => Not Applicable
