08/21/2024 09:12:45 AM 
PMID: 12345678
08/21/2024 09:12:45 AM WARNING:: [Sex_at_Birth] Changing 'male | female' to 'other'
08/21/2024 09:12:45 AM Warning:: [Race] Changing 'Race' to 'other' and moving data to [Race Specify]
08/21/2024 09:12:45 AM Warning:: [Ethnicity] Changing list to other in ImmPort Templates
08/21/2024 09:12:46 AM INFO:: [Fuzzy] Closest Match Found. Changing Immunosuppressive Disorder => Immunosuppressive Disorder 
08/21/2024 09:12:46 AM [INFO]:: [Fuzzy] Lung Disease => Lung Disease
 : score 96
08/21/2024 09:12:48 AM INFO:: [User Change] Not Specified => Not Applicable
08/21/2024 09:12:48 AM INFO:: [Fuzzy] Closest Match Found. Changing SARS-CoV-2 Epsilon; B.1.427 => SARS-CoV-2 Epsilon; B.1.427 / B.1.429
08/21/2024 09:12:48 AM INFO:: [Fuzzy] Closest Match Found. Changing B.1.429 => SARS-CoV-2 Epsilon; B.1.427 / B.1.429
08/21/2024 09:12:48 AM INFO:: [Fuzzy] Closest Match Found. Changing SARS-CoV-2 Lambda; => SARS-CoV-2 Lambda; C.37
08/21/2024 09:12:48 AM [INFO]:: [Fuzzy] SARS-CoV-2 OmicrA micron variant CA.3.1 => SARS-CoV-2 Omicron variant CA.3.1 : score 92
08/21/2024 09:12:48 AM INFO:: [Fuzzy] Closest Match Found. Changing Not specified => Not Specified
08/21/2024 09:12:50 AM INFO:: [User Change] Chemiluminescent Microparticle Immuno Assay (CMIA) => Chemiluminescent Assay
08/21/2024 09:12:50 AM Previous Input: Assay Type, Chemiluminescent Microparticle Immuno Assay (CMIA) => Chemiluminescent Assay
08/21/2024 09:12:51 AM INFO:: [User Change] Chemiluminescent immunoassay (CLIA) => Chemiluminescent Assay
08/21/2024 09:12:51 AM INFO:: [Fuzzy] Closest Match Found. Changing CMV antigens => CMV Antigens
08/21/2024 09:12:51 AM Previous Input: Assay Type, Chemiluminescent immunoassay (CLIA) => Chemiluminescent Assay
08/21/2024 09:12:51 AM INFO:: [Fuzzy] Closest Match Found. Changing Viral Capsid Antigen => EBV Viral Capsid Antigen
08/21/2024 09:12:58 AM INFO:: [User Change] p18 => Other
08/21/2024 09:12:58 AM INFO:: [Fuzzy] Closest Match Found. Changing HCoVs - Seasonal (OC43 => HCoVs - Seasonal (OC43, HKU-1, NL63, 229E)
08/21/2024 09:12:58 AM INFO:: [Fuzzy] Closest Match Found. Changing HKU-1 => HCoVs - Seasonal (OC43, HKU-1, NL63, 229E)
08/21/2024 09:12:58 AM INFO:: [Fuzzy] Closest Match Found. Changing NL63 => HCoVs - Seasonal (OC43, HKU-1, NL63, 229E)
08/21/2024 09:12:58 AM INFO:: [Fuzzy] Closest Match Found. Changing 229E) => HCoVs - Seasonal (OC43, HKU-1, NL63, 229E)
08/21/2024 09:12:59 AM INFO:: [User Change] Electrochemiluminescence Immunoassay (eCLIA) => Chemiluminescent Assay
08/21/2024 09:12:59 AM [INFO]:: [Fuzzy] Multiplex flow immunoassay => Multiplex Immunoassay : score 85
08/21/2024 09:12:59 AM INFO:: [Fuzzy] Closest Match Found. Changing CMV antigens => CMV Antigens
08/21/2024 09:12:59 AM [INFO]:: [Fuzzy] Multiplex flow immunoassay => Multiplex Immunoassay : score 85
08/21/2024 09:12:59 AM INFO:: [Fuzzy] Closest Match Found. Changing Viral Capsid Antigen => EBV Viral Capsid Antigen
08/21/2024 09:12:59 AM Previous Input: Assay Type, Chemiluminescent Microparticle Immuno Assay (CMIA) => Chemiluminescent Assay
08/21/2024 09:12:59 AM [INFO]:: [Fuzzy] Core Antigen => Core antigen : score 92
08/21/2024 09:12:59 AM Previous Input: Assay Type, Chemiluminescent Microparticle Immuno Assay (CMIA) => Chemiluminescent Assay
08/21/2024 09:13:00 AM INFO:: [User Change] Chemiluminescence Immunoassay (CLIA) => Chemiluminescent Assay
08/21/2024 09:13:00 AM INFO:: [Fuzzy] Closest Match Found. Changing Viral Capsid Antigen => EBV Viral Capsid Antigen
08/21/2024 09:13:00 AM Previous Input: Assay Type, Chemiluminescence Immunoassay (CLIA) => Chemiluminescent Assay
08/21/2024 09:13:00 AM INFO:: [Fuzzy] Closest Match Found. Changing CMV antigens => CMV Antigens
08/21/2024 09:13:00 AM INFO:: [Fuzzy] Closest Match Found. Changing HCoVs - Seasonal (OC43 => HCoVs - Seasonal (OC43, HKU-1, NL63, 229E)
08/21/2024 09:13:00 AM INFO:: [Fuzzy] Closest Match Found. Changing HKU-1 => HCoVs - Seasonal (OC43, HKU-1, NL63, 229E)
08/21/2024 09:13:00 AM INFO:: [Fuzzy] Closest Match Found. Changing NL63 => HCoVs - Seasonal (OC43, HKU-1, NL63, 229E)
08/21/2024 09:13:00 AM INFO:: [Fuzzy] Closest Match Found. Changing 229E) => HCoVs - Seasonal (OC43, HKU-1, NL63, 229E)
08/21/2024 09:13:00 AM Previous Input: Assay Type, Chemiluminescence Immunoassay (CLIA) => Chemiluminescent Assay
08/21/2024 09:13:00 AM INFO:: [Fuzzy] Closest Match Found. Changing CMV antigens => CMV Antigens
08/21/2024 09:13:00 AM INFO:: [Fuzzy] Closest Match Found. Changing Early Antigen Diffuse => EBV Early Antigen Diffuse
08/21/2024 09:13:00 AM [INFO]:: [Fuzzy] Nuclear antigen – 1 => EBV Nuclear Antigen - 1 : score 81
08/21/2024 09:13:00 AM INFO:: [Fuzzy] Closest Match Found. Changing Viral Capsid Antigen => EBV Viral Capsid Antigen
08/21/2024 09:13:00 AM Previous Input: Assay Type, Chemiluminescence Immunoassay (CLIA) => Chemiluminescent Assay
08/21/2024 09:13:00 AM Previous Input: Assay Type, Chemiluminescence Immunoassay (CLIA) => Chemiluminescent Assay
08/21/2024 09:13:00 AM INFO:: [Fuzzy] Closest Match Found. Changing HCoVs - Seasonal (OC43 => HCoVs - Seasonal (OC43, HKU-1, NL63, 229E)
08/21/2024 09:13:00 AM INFO:: [Fuzzy] Closest Match Found. Changing HKU-1 => HCoVs - Seasonal (OC43, HKU-1, NL63, 229E)
08/21/2024 09:13:00 AM INFO:: [Fuzzy] Closest Match Found. Changing NL63 => HCoVs - Seasonal (OC43, HKU-1, NL63, 229E)
08/21/2024 09:13:00 AM INFO:: [Fuzzy] Closest Match Found. Changing 229E) => HCoVs - Seasonal (OC43, HKU-1, NL63, 229E)
08/21/2024 09:13:00 AM INFO:: [Fuzzy] Closest Match Found. Changing HCoVs - Seasonal (OC43 => HCoVs - Seasonal (OC43, HKU-1, NL63, 229E)
08/21/2024 09:13:00 AM INFO:: [Fuzzy] Closest Match Found. Changing HKU-1 => HCoVs - Seasonal (OC43, HKU-1, NL63, 229E)
08/21/2024 09:13:00 AM INFO:: [Fuzzy] Closest Match Found. Changing NL63 => HCoVs - Seasonal (OC43, HKU-1, NL63, 229E)
08/21/2024 09:13:00 AM INFO:: [Fuzzy] Closest Match Found. Changing 229E) => HCoVs - Seasonal (OC43, HKU-1, NL63, 229E)
08/21/2024 09:13:00 AM INFO:: [Fuzzy] Closest Match Found. Changing HCoVs - Seasonal (OC43 => HCoVs - Seasonal (OC43, HKU-1, NL63, 229E)
08/21/2024 09:13:00 AM INFO:: [Fuzzy] Closest Match Found. Changing HKU-1 => HCoVs - Seasonal (OC43, HKU-1, NL63, 229E)
08/21/2024 09:13:00 AM INFO:: [Fuzzy] Closest Match Found. Changing NL63 => HCoVs - Seasonal (OC43, HKU-1, NL63, 229E)
08/21/2024 09:13:00 AM INFO:: [Fuzzy] Closest Match Found. Changing 229E) => HCoVs - Seasonal (OC43, HKU-1, NL63, 229E)
08/21/2024 09:13:00 AM INFO:: [Fuzzy] Closest Match Found. Changing HCoVs - Seasonal (OC43 => HCoVs - Seasonal (OC43, HKU-1, NL63, 229E)
08/21/2024 09:13:00 AM INFO:: [Fuzzy] Closest Match Found. Changing HKU-1 => HCoVs - Seasonal (OC43, HKU-1, NL63, 229E)
08/21/2024 09:13:00 AM INFO:: [Fuzzy] Closest Match Found. Changing NL63 => HCoVs - Seasonal (OC43, HKU-1, NL63, 229E)
08/21/2024 09:13:00 AM INFO:: [Fuzzy] Closest Match Found. Changing 229E) => HCoVs - Seasonal (OC43, HKU-1, NL63, 229E)
08/21/2024 09:13:00 AM Previous Input: Assay Type, Chemiluminescence Immunoassay (CLIA) => Chemiluminescent Assay
08/21/2024 09:13:00 AM INFO:: [Fuzzy] Closest Match Found. Changing CMV antigens => CMV Antigens
08/21/2024 09:13:00 AM Previous Input: Assay Type, Chemiluminescence Immunoassay (CLIA) => Chemiluminescent Assay
08/21/2024 09:13:00 AM INFO:: [Fuzzy] Closest Match Found. Changing Viral Capsid Antigen => EBV Viral Capsid Antigen
08/21/2024 09:13:00 AM Previous Input: Assay Type, Chemiluminescence Immunoassay (CLIA) => Chemiluminescent Assay
08/21/2024 09:13:00 AM INFO:: [Fuzzy] Closest Match Found. Changing Viral Capsid Antigen => EBV Viral Capsid Antigen
08/21/2024 09:13:00 AM Previous Input: Assay Type, Chemiluminescence Immunoassay (CLIA) => Chemiluminescent Assay
08/21/2024 09:13:00 AM INFO:: [Fuzzy] Closest Match Found. Changing Early Antigen Diffuse => EBV Early Antigen Diffuse
08/21/2024 09:13:00 AM Previous Input: Assay Type, Chemiluminescence Immunoassay (CLIA) => Chemiluminescent Assay
08/21/2024 09:13:00 AM INFO:: [Fuzzy] Closest Match Found. Changing Nuclear antigen - 1 => EBV Nuclear Antigen - 1
08/21/2024 09:13:00 AM Previous Input: Assay Type, Chemiluminescence Immunoassay (CLIA) => Chemiluminescent Assay
08/21/2024 09:13:00 AM Previous Input: Assay Type, Chemiluminescence Immunoassay (CLIA) => Chemiluminescent Assay
08/21/2024 09:13:00 AM Previous Input: Assay Type, Chemiluminescent Microparticle Immuno Assay (CMIA) => Chemiluminescent Assay
08/21/2024 09:13:00 AM [INFO]:: [Fuzzy] Core Antigen => Core antigen : score 92
08/21/2024 09:13:00 AM INFO:: [Fuzzy] Closest Match Found. Changing HCoVs - Seasonal (OC43 => HCoVs - Seasonal (OC43, HKU-1, NL63, 229E)
08/21/2024 09:13:00 AM INFO:: [Fuzzy] Closest Match Found. Changing HKU-1 => HCoVs - Seasonal (OC43, HKU-1, NL63, 229E)
08/21/2024 09:13:00 AM INFO:: [Fuzzy] Closest Match Found. Changing NL63 => HCoVs - Seasonal (OC43, HKU-1, NL63, 229E)
08/21/2024 09:13:00 AM INFO:: [Fuzzy] Closest Match Found. Changing 229E) => HCoVs - Seasonal (OC43, HKU-1, NL63, 229E)
08/21/2024 09:13:00 AM Previous Input: Assay Type, Electrochemiluminescence Immunoassay (eCLIA) => Chemiluminescent Assay
08/21/2024 09:13:00 AM Previous Input: Assay Type, Electrochemiluminescence Immunoassay (eCLIA) => Chemiluminescent Assay
08/21/2024 09:13:00 AM Previous Input: Assay Type, Chemiluminescent immunoassay (CLIA) => Chemiluminescent Assay
