07/20/2023 10:36:30 AM 
PMID: 36752204
07/20/2023 10:42:21 AM 
PMID: 36752204
07/20/2023 10:42:21 AM ERROR:: [inclusion exclusion] Redudant Unique ID
07/20/2023 10:43:10 AM 
PMID: 36752204
07/20/2023 10:43:10 AM WARNING:: [Sex_at_Birth] Changing 'male | female' to 'other'
07/20/2023 10:43:10 AM WARNING:: [Sex_at_Birth] Changing 'male | female' to 'other'
07/20/2023 10:43:10 AM WARNING:: [Sex_at_Birth] Changing 'male | female' to 'other'
07/20/2023 10:43:10 AM WARNING:: [Sex_at_Birth] Changing 'male | female' to 'other'
07/20/2023 10:43:10 AM WARNING:: [Sex_at_Birth] Changing 'male | female' to 'other'
07/20/2023 10:43:10 AM WARNING:: [Sex_at_Birth] Changing 'male | female' to 'other'
07/20/2023 10:43:10 AM WARNING:: [Sex_at_Birth] Changing 'male | female' to 'other'
07/20/2023 10:43:10 AM Warning:: [Race] Changing 'Race' to 'other' and moving data to [Race Specify]
07/20/2023 10:43:10 AM Warning:: [Race] Changing 'Race' to 'other' and moving data to [Race Specify]
07/20/2023 10:43:10 AM Warning:: [Race] Changing 'Race' to 'other' and moving data to [Race Specify]
07/20/2023 10:43:10 AM Warning:: [Race] Changing 'Race' to 'other' and moving data to [Race Specify]
07/20/2023 10:43:10 AM Warning:: [Race] Changing 'Race' to 'other' and moving data to [Race Specify]
07/20/2023 10:43:10 AM Warning:: [Race] Changing 'Race' to 'other' and moving data to [Race Specify]
07/20/2023 10:43:10 AM Warning:: [Race] Changing 'Race' to 'other' and moving data to [Race Specify]
07/20/2023 10:43:10 AM Warning:: [Ethnicity] Changing list to other in ImmPort Templates
07/20/2023 10:43:10 AM Warning:: [Ethnicity] Changing list to other in ImmPort Templates
07/20/2023 10:43:10 AM Warning:: [Ethnicity] Changing list to other in ImmPort Templates
07/20/2023 10:43:10 AM Warning:: [Ethnicity] Changing list to other in ImmPort Templates
07/20/2023 10:43:10 AM Warning:: [Ethnicity] Changing list to other in ImmPort Templates
07/20/2023 10:43:10 AM Warning:: [Ethnicity] Changing list to other in ImmPort Templates
07/20/2023 10:43:10 AM Warning:: [Ethnicity] Changing list to other in ImmPort Templates
07/20/2023 10:43:48 AM 
PMID: 36752204
07/20/2023 10:43:48 AM WARNING:: [Sex_at_Birth] Changing 'male | female' to 'other'
07/20/2023 10:43:48 AM WARNING:: [Sex_at_Birth] Changing 'male | female' to 'other'
07/20/2023 10:43:48 AM WARNING:: [Sex_at_Birth] Changing 'male | female' to 'other'
07/20/2023 10:43:48 AM WARNING:: [Sex_at_Birth] Changing 'male | female' to 'other'
07/20/2023 10:43:48 AM WARNING:: [Sex_at_Birth] Changing 'male | female' to 'other'
07/20/2023 10:43:48 AM WARNING:: [Sex_at_Birth] Changing 'male | female' to 'other'
07/20/2023 10:43:48 AM WARNING:: [Sex_at_Birth] Changing 'male | female' to 'other'
07/20/2023 10:43:48 AM Warning:: [Race] Changing 'Race' to 'other' and moving data to [Race Specify]
07/20/2023 10:43:48 AM Warning:: [Race] Changing 'Race' to 'other' and moving data to [Race Specify]
07/20/2023 10:43:48 AM Warning:: [Race] Changing 'Race' to 'other' and moving data to [Race Specify]
07/20/2023 10:43:48 AM Warning:: [Race] Changing 'Race' to 'other' and moving data to [Race Specify]
07/20/2023 10:43:48 AM Warning:: [Race] Changing 'Race' to 'other' and moving data to [Race Specify]
07/20/2023 10:43:48 AM Warning:: [Race] Changing 'Race' to 'other' and moving data to [Race Specify]
07/20/2023 10:43:48 AM Warning:: [Race] Changing 'Race' to 'other' and moving data to [Race Specify]
07/20/2023 10:43:48 AM Warning:: [Ethnicity] Changing list to other in ImmPort Templates
07/20/2023 10:43:48 AM Warning:: [Ethnicity] Changing list to other in ImmPort Templates
07/20/2023 10:43:48 AM Warning:: [Ethnicity] Changing list to other in ImmPort Templates
07/20/2023 10:43:48 AM Warning:: [Ethnicity] Changing list to other in ImmPort Templates
07/20/2023 10:43:48 AM Warning:: [Ethnicity] Changing list to other in ImmPort Templates
07/20/2023 10:43:48 AM Warning:: [Ethnicity] Changing list to other in ImmPort Templates
07/20/2023 10:43:48 AM Warning:: [Ethnicity] Changing list to other in ImmPort Templates
07/20/2023 10:52:47 AM 
PMID: 36752204
07/20/2023 11:01:14 AM 
PMID: 36752204
07/20/2023 11:01:14 AM WARNING:: [Sex_at_Birth] Changing 'male | female' to 'other'
07/20/2023 11:01:14 AM WARNING:: [Sex_at_Birth] Changing 'male | female' to 'other'
07/20/2023 11:01:14 AM WARNING:: [Sex_at_Birth] Changing 'male | female' to 'other'
07/20/2023 11:01:14 AM WARNING:: [Sex_at_Birth] Changing 'male | female' to 'other'
07/20/2023 11:01:14 AM WARNING:: [Sex_at_Birth] Changing 'male | female' to 'other'
07/20/2023 11:01:14 AM WARNING:: [Sex_at_Birth] Changing 'male | female' to 'other'
07/20/2023 11:01:14 AM WARNING:: [Sex_at_Birth] Changing 'male | female' to 'other'
07/20/2023 11:01:14 AM Warning:: [Race] Changing 'Race' to 'other' and moving data to [Race Specify]
07/20/2023 11:01:14 AM Warning:: [Race] Changing 'Race' to 'other' and moving data to [Race Specify]
07/20/2023 11:01:14 AM Warning:: [Race] Changing 'Race' to 'other' and moving data to [Race Specify]
07/20/2023 11:01:14 AM Warning:: [Race] Changing 'Race' to 'other' and moving data to [Race Specify]
07/20/2023 11:01:14 AM Warning:: [Race] Changing 'Race' to 'other' and moving data to [Race Specify]
07/20/2023 11:01:14 AM Warning:: [Race] Changing 'Race' to 'other' and moving data to [Race Specify]
07/20/2023 11:01:14 AM Warning:: [Race] Changing 'Race' to 'other' and moving data to [Race Specify]
07/20/2023 11:01:14 AM Warning:: [Ethnicity] Changing list to other in ImmPort Templates
07/20/2023 11:01:14 AM Warning:: [Ethnicity] Changing list to other in ImmPort Templates
07/20/2023 11:01:14 AM Warning:: [Ethnicity] Changing list to other in ImmPort Templates
07/20/2023 11:01:14 AM Warning:: [Ethnicity] Changing list to other in ImmPort Templates
07/20/2023 11:01:14 AM Warning:: [Ethnicity] Changing list to other in ImmPort Templates
07/20/2023 11:01:14 AM Warning:: [Ethnicity] Changing list to other in ImmPort Templates
07/20/2023 11:01:14 AM Warning:: [Ethnicity] Changing list to other in ImmPort Templates
07/20/2023 11:08:52 AM 
PMID: 36752204
07/20/2023 11:08:52 AM WARNING:: [Sex_at_Birth] Changing 'male | female' to 'other'
07/20/2023 11:08:52 AM WARNING:: [Sex_at_Birth] Changing 'male | female' to 'other'
07/20/2023 11:08:52 AM WARNING:: [Sex_at_Birth] Changing 'male | female' to 'other'
07/20/2023 11:08:52 AM WARNING:: [Sex_at_Birth] Changing 'male | female' to 'other'
07/20/2023 11:08:52 AM WARNING:: [Sex_at_Birth] Changing 'male | female' to 'other'
07/20/2023 11:08:52 AM WARNING:: [Sex_at_Birth] Changing 'male | female' to 'other'
07/20/2023 11:08:52 AM WARNING:: [Sex_at_Birth] Changing 'male | female' to 'other'
07/20/2023 11:08:52 AM Warning:: [Race] Changing 'Race' to 'other' and moving data to [Race Specify]
07/20/2023 11:08:52 AM Warning:: [Race] Changing 'Race' to 'other' and moving data to [Race Specify]
07/20/2023 11:08:52 AM Warning:: [Race] Changing 'Race' to 'other' and moving data to [Race Specify]
07/20/2023 11:08:52 AM Warning:: [Race] Changing 'Race' to 'other' and moving data to [Race Specify]
07/20/2023 11:08:52 AM Warning:: [Race] Changing 'Race' to 'other' and moving data to [Race Specify]
07/20/2023 11:08:52 AM Warning:: [Race] Changing 'Race' to 'other' and moving data to [Race Specify]
07/20/2023 11:08:52 AM Warning:: [Race] Changing 'Race' to 'other' and moving data to [Race Specify]
07/20/2023 11:08:52 AM Warning:: [Ethnicity] Changing list to other in ImmPort Templates
07/20/2023 11:08:52 AM Warning:: [Ethnicity] Changing list to other in ImmPort Templates
07/20/2023 11:08:52 AM Warning:: [Ethnicity] Changing list to other in ImmPort Templates
07/20/2023 11:08:52 AM Warning:: [Ethnicity] Changing list to other in ImmPort Templates
07/20/2023 11:08:52 AM Warning:: [Ethnicity] Changing list to other in ImmPort Templates
07/20/2023 11:08:52 AM Warning:: [Ethnicity] Changing list to other in ImmPort Templates
07/20/2023 11:08:52 AM Warning:: [Ethnicity] Changing list to other in ImmPort Templates
07/20/2023 11:08:55 AM INFO:: [User Change] Not Specified => Not Applicable
07/20/2023 11:21:09 AM 
PMID: 36752204
07/20/2023 11:21:10 AM WARNING:: [Sex_at_Birth] Changing 'male | female' to 'other'
07/20/2023 11:21:10 AM WARNING:: [Sex_at_Birth] Changing 'male | female' to 'other'
07/20/2023 11:21:10 AM WARNING:: [Sex_at_Birth] Changing 'male | female' to 'other'
07/20/2023 11:21:10 AM WARNING:: [Sex_at_Birth] Changing 'male | female' to 'other'
07/20/2023 11:21:10 AM WARNING:: [Sex_at_Birth] Changing 'male | female' to 'other'
07/20/2023 11:21:10 AM WARNING:: [Sex_at_Birth] Changing 'male | female' to 'other'
07/20/2023 11:21:10 AM WARNING:: [Sex_at_Birth] Changing 'male | female' to 'other'
07/20/2023 11:21:10 AM Warning:: [Race] Changing 'Race' to 'other' and moving data to [Race Specify]
07/20/2023 11:21:10 AM Warning:: [Race] Changing 'Race' to 'other' and moving data to [Race Specify]
07/20/2023 11:21:10 AM Warning:: [Race] Changing 'Race' to 'other' and moving data to [Race Specify]
07/20/2023 11:21:10 AM Warning:: [Race] Changing 'Race' to 'other' and moving data to [Race Specify]
07/20/2023 11:21:10 AM Warning:: [Race] Changing 'Race' to 'other' and moving data to [Race Specify]
07/20/2023 11:21:10 AM Warning:: [Race] Changing 'Race' to 'other' and moving data to [Race Specify]
07/20/2023 11:21:10 AM Warning:: [Race] Changing 'Race' to 'other' and moving data to [Race Specify]
07/20/2023 11:21:10 AM Warning:: [Ethnicity] Changing list to other in ImmPort Templates
07/20/2023 11:21:10 AM Warning:: [Ethnicity] Changing list to other in ImmPort Templates
07/20/2023 11:21:10 AM Warning:: [Ethnicity] Changing list to other in ImmPort Templates
07/20/2023 11:21:10 AM Warning:: [Ethnicity] Changing list to other in ImmPort Templates
07/20/2023 11:21:10 AM Warning:: [Ethnicity] Changing list to other in ImmPort Templates
07/20/2023 11:21:10 AM Warning:: [Ethnicity] Changing list to other in ImmPort Templates
07/20/2023 11:21:10 AM Warning:: [Ethnicity] Changing list to other in ImmPort Templates
07/20/2023 11:21:12 AM INFO:: [User Change] Not Specified => Not Applicable
07/20/2023 12:25:03 PM 
PMID: 35197000
07/20/2023 12:36:01 PM 
PMID: 35197000
07/20/2023 12:43:13 PM 
PMID: 35197000
07/20/2023 12:44:23 PM 
PMID: 35197000
07/20/2023 12:50:06 PM 
PMID: 35197000
07/20/2023 12:51:12 PM 
PMID: 35197000
07/20/2023 12:51:13 PM WARNING:: [Sex_at_Birth] Changing 'male | female' to 'other'
07/20/2023 12:51:13 PM WARNING:: [Sex_at_Birth] Changing 'male | female' to 'other'
07/20/2023 12:51:13 PM WARNING:: [Sex_at_Birth] Changing 'male | female' to 'other'
07/20/2023 12:51:13 PM Error:: [Race & Race Specify] Race should not be 'Other' or 'Other Race' in the template. Please switch
07/20/2023 12:52:06 PM 
PMID: 35197000
07/20/2023 12:52:06 PM WARNING:: [Sex_at_Birth] Changing 'male | female' to 'other'
07/20/2023 12:52:06 PM WARNING:: [Sex_at_Birth] Changing 'male | female' to 'other'
07/20/2023 12:52:06 PM WARNING:: [Sex_at_Birth] Changing 'male | female' to 'other'
07/20/2023 12:52:06 PM Error:: [Race & Race Specify] Race should not be 'Other' or 'Other Race' in the template. Please switch
07/20/2023 12:52:06 PM WARNING:: [Sex_at_Birth] Changing 'male | female' to 'other'
07/20/2023 12:52:06 PM WARNING:: [Sex_at_Birth] Changing 'male | female' to 'other'
07/20/2023 12:52:06 PM WARNING:: [Sex_at_Birth] Changing 'male | female' to 'other'
07/20/2023 12:52:06 PM Error:: [Race & Race Specify] Race should not be 'Other' or 'Other Race' in the template. Please switch
07/20/2023 12:53:42 PM 
PMID: 35197000
07/20/2023 12:53:42 PM WARNING:: [Sex_at_Birth] Changing 'male | female' to 'other'
07/20/2023 12:53:42 PM WARNING:: [Sex_at_Birth] Changing 'male | female' to 'other'
07/20/2023 12:53:42 PM WARNING:: [Sex_at_Birth] Changing 'male | female' to 'other'
07/20/2023 12:53:42 PM Warning:: [Race] Changing 'Race' to 'other' and moving data to [Race Specify]
07/20/2023 12:53:42 PM Warning:: [Race] Changing 'Race' to 'other' and moving data to [Race Specify]
07/20/2023 12:53:42 PM Warning:: [Race] Changing 'Race' to 'other' and moving data to [Race Specify]
07/20/2023 12:53:42 PM Warning:: [Ethnicity] Changing list to other in ImmPort Templates
07/20/2023 12:53:42 PM Warning:: [Ethnicity] Changing list to other in ImmPort Templates
07/20/2023 12:53:42 PM Warning:: [Ethnicity] Changing list to other in ImmPort Templates
07/20/2023 02:32:06 PM 
PMID: 35197000
07/20/2023 02:32:06 PM WARNING:: [Sex_at_Birth] Changing 'male | female' to 'other'
07/20/2023 02:32:06 PM WARNING:: [Sex_at_Birth] Changing 'male | female' to 'other'
07/20/2023 02:32:06 PM WARNING:: [Sex_at_Birth] Changing 'male | female' to 'other'
07/20/2023 02:32:06 PM Warning:: [Race] Changing 'Race' to 'other' and moving data to [Race Specify]
07/20/2023 02:32:06 PM Warning:: [Race] Changing 'Race' to 'other' and moving data to [Race Specify]
07/20/2023 02:32:06 PM Warning:: [Race] Changing 'Race' to 'other' and moving data to [Race Specify]
07/20/2023 02:32:06 PM Warning:: [Ethnicity] Changing list to other in ImmPort Templates
07/20/2023 02:32:06 PM Warning:: [Ethnicity] Changing list to other in ImmPort Templates
07/20/2023 02:32:06 PM Warning:: [Ethnicity] Changing list to other in ImmPort Templates
07/20/2023 02:32:26 PM INFO:: [User Change] Covid-19 => COVID-19
07/20/2023 02:32:29 PM INFO:: [User Change] Not Specified => Not Applicable
07/20/2023 02:33:19 PM 
PMID: 34469363
07/20/2023 02:33:19 PM WARNING:: [Sex_at_Birth] Changing 'male | female' to 'other'
07/20/2023 02:33:19 PM Warning:: [Race] Changing 'Race' to 'other' and moving data to [Race Specify]
07/20/2023 02:33:19 PM Warning:: [Ethnicity] Changing list to other in ImmPort Templates
07/20/2023 02:34:19 PM 
PMID: 33579769
07/20/2023 02:34:19 PM WARNING:: [Sex_at_Birth] Changing 'male | female' to 'other'
07/20/2023 02:34:19 PM Warning:: [Race] Changing 'Race' to 'other' and moving data to [Race Specify]
07/20/2023 02:34:19 PM Warning:: [Ethnicity] Changing list to other in ImmPort Templates
07/20/2023 02:34:36 PM INFO:: [User Change] Not Specified => Not Applicable
07/20/2023 02:34:53 PM 
PMID: 35976993
07/20/2023 02:35:17 PM 
PMID: 37249415
07/20/2023 02:35:17 PM WARNING:: [Sex_at_Birth] Changing 'male | female' to 'other'
07/20/2023 02:35:17 PM WARNING:: [Sex_at_Birth] Changing 'male | female' to 'other'
07/20/2023 02:35:17 PM WARNING:: [Sex_at_Birth] Changing 'male | female' to 'other'
07/20/2023 02:35:17 PM Warning:: [Race] Changing 'Race' to 'other' and moving data to [Race Specify]
07/20/2023 02:35:17 PM Warning:: [Race] Changing 'Race' to 'other' and moving data to [Race Specify]
07/20/2023 02:35:17 PM Warning:: [Race] Changing 'Race' to 'other' and moving data to [Race Specify]
07/20/2023 02:35:17 PM Warning:: [Ethnicity] Changing list to other in ImmPort Templates
07/20/2023 02:35:17 PM Warning:: [Ethnicity] Changing list to other in ImmPort Templates
07/20/2023 02:35:17 PM Warning:: [Ethnicity] Changing list to other in ImmPort Templates
07/20/2023 02:35:17 PM [planned visit]: PMID37249415_visit-02 has reached character limit (143 > 125)
07/20/2023 02:36:56 PM 
PMID: 34485950
07/20/2023 02:36:56 PM WARNING:: [Sex_at_Birth] Changing 'male | female' to 'other'
07/20/2023 02:36:56 PM WARNING:: [Sex_at_Birth] Changing 'male | female' to 'other'
07/20/2023 02:36:56 PM WARNING:: [Sex_at_Birth] Changing 'male | female' to 'other'
07/20/2023 02:36:56 PM WARNING:: [Sex_at_Birth] Changing 'male | female' to 'other'
07/20/2023 02:36:56 PM Warning:: [Race] Changing 'Race' to 'other' and moving data to [Race Specify]
07/20/2023 02:36:56 PM Warning:: [Race] Changing 'Race' to 'other' and moving data to [Race Specify]
07/20/2023 02:36:56 PM Warning:: [Race] Changing 'Race' to 'other' and moving data to [Race Specify]
07/20/2023 02:36:56 PM Warning:: [Race] Changing 'Race' to 'other' and moving data to [Race Specify]
07/20/2023 02:36:56 PM Warning:: [Ethnicity] Changing list to other in ImmPort Templates
07/20/2023 02:36:56 PM Warning:: [Ethnicity] Changing list to other in ImmPort Templates
07/20/2023 02:36:56 PM Warning:: [Ethnicity] Changing list to other in ImmPort Templates
07/20/2023 02:36:56 PM Warning:: [Ethnicity] Changing list to other in ImmPort Templates
07/20/2023 02:36:56 PM Error:: [planned visit] Same order number used more than once
07/20/2023 02:37:33 PM 
PMID: 35976993
07/20/2023 02:39:51 PM 
PMID: 35976993
07/20/2023 02:40:31 PM 
PMID: 35976993
07/20/2023 02:41:24 PM 
PMID: 35976993
07/20/2023 03:38:22 PM 
PMID: 35976993
07/20/2023 03:38:56 PM 
PMID: 35976993
07/20/2023 03:44:12 PM 
PMID: 35976993
07/20/2023 03:45:32 PM 
PMID: 35976993
07/20/2023 03:45:42 PM [INFO]:: [Fuzzy] SARS-CoV-2 Beta (B.1.351) => SARS-CoV-2 Beta; B.1.351 : score 94
07/20/2023 03:45:42 PM [INFO]:: [Fuzzy] SARS-CoV-2 Omicron (B.1.1.529) => SARS-CoV-2 Omicron; B.1.1.529 : score 95
