11/21/2024 10:59:31 AM 
PMID: 38591890 ####################
11/21/2024 10:59:31 AM WARNING:: [Sex_at_Birth] Changing 'male | female' to 'other'
11/21/2024 10:59:31 AM WARNING:: [Sex_at_Birth] Changing 'male | female' to 'other'
11/21/2024 10:59:31 AM Warning:: [Race] Changing 'Race' to 'other' and moving data to [Race Specify]
11/21/2024 10:59:31 AM Warning:: [Race] Changing 'Race' to 'other' and moving data to [Race Specify]
11/21/2024 10:59:31 AM Warning:: [Ethnicity] Changing list to other in ImmPort Templates
11/21/2024 10:59:31 AM Warning:: [Ethnicity] Changing list to other in ImmPort Templates
11/21/2024 11:02:26 AM 
PMID: 37312418 ####################
11/21/2024 11:02:26 AM WARNING:: [Sex_at_Birth] Changing 'male | female' to 'other'
11/21/2024 11:02:26 AM WARNING:: [Sex_at_Birth] Changing 'male | female' to 'other'
11/21/2024 11:02:26 AM WARNING:: [Sex_at_Birth] Changing 'male | female' to 'other'
11/21/2024 11:02:26 AM WARNING:: [Sex_at_Birth] Changing 'male | female' to 'other'
11/21/2024 11:02:26 AM WARNING:: [Sex_at_Birth] Changing 'male | female' to 'other'
11/21/2024 11:02:26 AM Warning:: [Race] Changing 'Race' to 'other' and moving data to [Race Specify]
11/21/2024 11:02:26 AM Warning:: [Race] Changing 'Race' to 'other' and moving data to [Race Specify]
11/21/2024 11:02:26 AM Warning:: [Race] Changing 'Race' to 'other' and moving data to [Race Specify]
11/21/2024 11:02:26 AM Warning:: [Race] Changing 'Race' to 'other' and moving data to [Race Specify]
11/21/2024 11:02:26 AM Warning:: [Race] Changing 'Race' to 'other' and moving data to [Race Specify]
11/21/2024 11:02:26 AM Warning:: [Ethnicity] Changing list to other in ImmPort Templates
11/21/2024 11:02:26 AM Warning:: [Ethnicity] Changing list to other in ImmPort Templates
11/21/2024 11:02:26 AM Warning:: [Ethnicity] Changing list to other in ImmPort Templates
11/21/2024 11:02:26 AM Warning:: [Ethnicity] Changing list to other in ImmPort Templates
11/21/2024 11:02:26 AM Warning:: [Ethnicity] Changing list to other in ImmPort Templates
11/21/2024 01:53:30 PM 
PMID: 38702297 ####################
11/21/2024 01:53:30 PM ERROR:: [Subject human] Check user defined ID
11/21/2024 01:53:30 PM ERROR:: [Subject human] Check user defined ID
11/21/2024 01:53:51 PM 
PMID: 37312418 ####################
11/21/2024 01:53:51 PM WARNING:: [Sex_at_Birth] Changing 'male | female' to 'other'
11/21/2024 01:53:51 PM WARNING:: [Sex_at_Birth] Changing 'male | female' to 'other'
11/21/2024 01:53:51 PM WARNING:: [Sex_at_Birth] Changing 'male | female' to 'other'
11/21/2024 01:53:51 PM WARNING:: [Sex_at_Birth] Changing 'male | female' to 'other'
11/21/2024 01:53:51 PM WARNING:: [Sex_at_Birth] Changing 'male | female' to 'other'
11/21/2024 01:53:51 PM Warning:: [Race] Changing 'Race' to 'other' and moving data to [Race Specify]
11/21/2024 01:53:51 PM Warning:: [Race] Changing 'Race' to 'other' and moving data to [Race Specify]
11/21/2024 01:53:51 PM Warning:: [Race] Changing 'Race' to 'other' and moving data to [Race Specify]
11/21/2024 01:53:51 PM Warning:: [Race] Changing 'Race' to 'other' and moving data to [Race Specify]
11/21/2024 01:53:51 PM Warning:: [Race] Changing 'Race' to 'other' and moving data to [Race Specify]
11/21/2024 01:53:51 PM Warning:: [Ethnicity] Changing list to other in ImmPort Templates
11/21/2024 01:53:51 PM Warning:: [Ethnicity] Changing list to other in ImmPort Templates
11/21/2024 01:53:51 PM Warning:: [Ethnicity] Changing list to other in ImmPort Templates
11/21/2024 01:53:51 PM Warning:: [Ethnicity] Changing list to other in ImmPort Templates
11/21/2024 01:53:51 PM Warning:: [Ethnicity] Changing list to other in ImmPort Templates
11/21/2024 01:54:38 PM 
PMID: 38063388 ####################
11/21/2024 01:54:38 PM WARNING:: [Sex_at_Birth] Changing 'male | female' to 'other'
11/21/2024 01:54:38 PM WARNING:: [Sex_at_Birth] Changing 'male | female' to 'other'
11/21/2024 01:54:38 PM WARNING:: [Sex_at_Birth] Changing 'male | female' to 'other'
11/21/2024 01:54:38 PM WARNING:: [Sex_at_Birth] Changing 'male | female' to 'other'
11/21/2024 01:54:38 PM Warning:: [Race] Changing 'Race' to 'other' and moving data to [Race Specify]
11/21/2024 01:54:38 PM Warning:: [Race] Changing 'Race' to 'other' and moving data to [Race Specify]
11/21/2024 01:54:38 PM Warning:: [Race] Changing 'Race' to 'other' and moving data to [Race Specify]
11/21/2024 01:54:38 PM Warning:: [Race] Changing 'Race' to 'other' and moving data to [Race Specify]
11/21/2024 01:54:38 PM Warning:: [Ethnicity] Changing list to other in ImmPort Templates
11/21/2024 01:54:38 PM Warning:: [Ethnicity] Changing list to other in ImmPort Templates
11/21/2024 01:54:38 PM Warning:: [Ethnicity] Changing list to other in ImmPort Templates
11/21/2024 01:54:38 PM Warning:: [Ethnicity] Changing list to other in ImmPort Templates
11/21/2024 01:55:37 PM 
PMID: 38063388 ####################
11/21/2024 01:55:37 PM WARNING:: [Sex_at_Birth] Changing 'male | female' to 'other'
11/21/2024 01:55:37 PM WARNING:: [Sex_at_Birth] Changing 'male | female' to 'other'
11/21/2024 01:55:37 PM WARNING:: [Sex_at_Birth] Changing 'male | female' to 'other'
11/21/2024 01:55:37 PM WARNING:: [Sex_at_Birth] Changing 'male | female' to 'other'
11/21/2024 01:55:37 PM Warning:: [Race] Changing 'Race' to 'other' and moving data to [Race Specify]
11/21/2024 01:55:37 PM Warning:: [Race] Changing 'Race' to 'other' and moving data to [Race Specify]
11/21/2024 01:55:37 PM Warning:: [Race] Changing 'Race' to 'other' and moving data to [Race Specify]
11/21/2024 01:55:37 PM Warning:: [Race] Changing 'Race' to 'other' and moving data to [Race Specify]
11/21/2024 01:55:37 PM Warning:: [Ethnicity] Changing list to other in ImmPort Templates
11/21/2024 01:55:37 PM Warning:: [Ethnicity] Changing list to other in ImmPort Templates
11/21/2024 01:55:37 PM Warning:: [Ethnicity] Changing list to other in ImmPort Templates
11/21/2024 01:55:37 PM Warning:: [Ethnicity] Changing list to other in ImmPort Templates
11/21/2024 02:38:07 PM 
PMID: 38063388 ####################
11/21/2024 02:38:07 PM WARNING:: [Sex_at_Birth] Changing 'male | female' to 'other'
11/21/2024 02:38:07 PM WARNING:: [Sex_at_Birth] Changing 'male | female' to 'other'
11/21/2024 02:38:07 PM WARNING:: [Sex_at_Birth] Changing 'male | female' to 'other'
11/21/2024 02:38:07 PM WARNING:: [Sex_at_Birth] Changing 'male | female' to 'other'
11/21/2024 02:38:07 PM Warning:: [Race] Changing 'Race' to 'other' and moving data to [Race Specify]
11/21/2024 02:38:07 PM Warning:: [Race] Changing 'Race' to 'other' and moving data to [Race Specify]
11/21/2024 02:38:07 PM Warning:: [Race] Changing 'Race' to 'other' and moving data to [Race Specify]
11/21/2024 02:38:07 PM Warning:: [Race] Changing 'Race' to 'other' and moving data to [Race Specify]
11/21/2024 02:38:07 PM Warning:: [Ethnicity] Changing list to other in ImmPort Templates
11/21/2024 02:38:07 PM Warning:: [Ethnicity] Changing list to other in ImmPort Templates
11/21/2024 02:38:07 PM Warning:: [Ethnicity] Changing list to other in ImmPort Templates
11/21/2024 02:38:07 PM Warning:: [Ethnicity] Changing list to other in ImmPort Templates
11/21/2024 02:39:18 PM 
PMID: 38063388 ####################
11/21/2024 02:39:18 PM WARNING:: [Sex_at_Birth] Changing 'male | female' to 'other'
11/21/2024 02:39:18 PM WARNING:: [Sex_at_Birth] Changing 'male | female' to 'other'
11/21/2024 02:39:18 PM WARNING:: [Sex_at_Birth] Changing 'male | female' to 'other'
11/21/2024 02:39:18 PM WARNING:: [Sex_at_Birth] Changing 'male | female' to 'other'
11/21/2024 02:39:18 PM Warning:: [Race] Changing 'Race' to 'other' and moving data to [Race Specify]
11/21/2024 02:39:18 PM Warning:: [Race] Changing 'Race' to 'other' and moving data to [Race Specify]
11/21/2024 02:39:18 PM Warning:: [Race] Changing 'Race' to 'other' and moving data to [Race Specify]
11/21/2024 02:39:18 PM Warning:: [Race] Changing 'Race' to 'other' and moving data to [Race Specify]
11/21/2024 02:39:18 PM Warning:: [Ethnicity] Changing list to other in ImmPort Templates
11/21/2024 02:39:18 PM Warning:: [Ethnicity] Changing list to other in ImmPort Templates
11/21/2024 02:39:18 PM Warning:: [Ethnicity] Changing list to other in ImmPort Templates
11/21/2024 02:39:18 PM Warning:: [Ethnicity] Changing list to other in ImmPort Templates
11/21/2024 02:39:42 PM 
PMID: 38063388 ####################
11/21/2024 02:39:42 PM WARNING:: [Sex_at_Birth] Changing 'male | female' to 'other'
11/21/2024 02:39:42 PM WARNING:: [Sex_at_Birth] Changing 'male | female' to 'other'
11/21/2024 02:39:42 PM WARNING:: [Sex_at_Birth] Changing 'male | female' to 'other'
11/21/2024 02:39:42 PM WARNING:: [Sex_at_Birth] Changing 'male | female' to 'other'
11/21/2024 02:39:42 PM Warning:: [Race] Changing 'Race' to 'other' and moving data to [Race Specify]
11/21/2024 02:39:42 PM Warning:: [Race] Changing 'Race' to 'other' and moving data to [Race Specify]
11/21/2024 02:39:42 PM Warning:: [Race] Changing 'Race' to 'other' and moving data to [Race Specify]
11/21/2024 02:39:42 PM Warning:: [Race] Changing 'Race' to 'other' and moving data to [Race Specify]
11/21/2024 02:39:42 PM Warning:: [Ethnicity] Changing list to other in ImmPort Templates
11/21/2024 02:39:42 PM Warning:: [Ethnicity] Changing list to other in ImmPort Templates
11/21/2024 02:39:42 PM Warning:: [Ethnicity] Changing list to other in ImmPort Templates
11/21/2024 02:39:42 PM Warning:: [Ethnicity] Changing list to other in ImmPort Templates
11/21/2024 02:40:02 PM 
PMID: 38063388 ####################
11/21/2024 02:40:02 PM WARNING:: [Sex_at_Birth] Changing 'male | female' to 'other'
11/21/2024 02:40:02 PM WARNING:: [Sex_at_Birth] Changing 'male | female' to 'other'
11/21/2024 02:40:02 PM WARNING:: [Sex_at_Birth] Changing 'male | female' to 'other'
11/21/2024 02:40:02 PM WARNING:: [Sex_at_Birth] Changing 'male | female' to 'other'
11/21/2024 02:40:02 PM Warning:: [Race] Changing 'Race' to 'other' and moving data to [Race Specify]
11/21/2024 02:40:02 PM Warning:: [Race] Changing 'Race' to 'other' and moving data to [Race Specify]
11/21/2024 02:40:02 PM Warning:: [Race] Changing 'Race' to 'other' and moving data to [Race Specify]
11/21/2024 02:40:02 PM Warning:: [Race] Changing 'Race' to 'other' and moving data to [Race Specify]
11/21/2024 02:40:02 PM Warning:: [Ethnicity] Changing list to other in ImmPort Templates
11/21/2024 02:40:02 PM Warning:: [Ethnicity] Changing list to other in ImmPort Templates
11/21/2024 02:40:02 PM Warning:: [Ethnicity] Changing list to other in ImmPort Templates
11/21/2024 02:40:02 PM Warning:: [Ethnicity] Changing list to other in ImmPort Templates
11/21/2024 02:40:07 PM INFO:: [Fuzzy] Closest Match Found. Changing HCoVs - Seasonal (OC43 => HCoVs - Seasonal (OC43, HKU-1, NL63, 229E)
11/21/2024 02:40:07 PM INFO:: [Fuzzy] Closest Match Found. Changing HKU-1 => HCoVs - Seasonal (OC43, HKU-1, NL63, 229E)
11/21/2024 02:40:07 PM INFO:: [Fuzzy] Closest Match Found. Changing NL63 => HCoVs - Seasonal (OC43, HKU-1, NL63, 229E)
11/21/2024 02:40:07 PM INFO:: [Fuzzy] Closest Match Found. Changing 229E) => HCoVs - Seasonal (OC43, HKU-1, NL63, 229E)
11/21/2024 02:40:07 PM INFO:: [Fuzzy] Closest Match Found. Changing HCoVs - Seasonal (OC43 => HCoVs - Seasonal (OC43, HKU-1, NL63, 229E)
11/21/2024 02:40:07 PM INFO:: [Fuzzy] Closest Match Found. Changing HKU-1 => HCoVs - Seasonal (OC43, HKU-1, NL63, 229E)
11/21/2024 02:40:07 PM INFO:: [Fuzzy] Closest Match Found. Changing NL63 => HCoVs - Seasonal (OC43, HKU-1, NL63, 229E)
11/21/2024 02:40:07 PM INFO:: [Fuzzy] Closest Match Found. Changing 229E) => HCoVs - Seasonal (OC43, HKU-1, NL63, 229E)
11/21/2024 02:44:28 PM 
PMID: 38591890 ####################
11/21/2024 02:44:28 PM WARNING:: [Sex_at_Birth] Changing 'male | female' to 'other'
11/21/2024 02:44:28 PM WARNING:: [Sex_at_Birth] Changing 'male | female' to 'other'
11/21/2024 02:44:28 PM Warning:: [Race] Changing 'Race' to 'other' and moving data to [Race Specify]
11/21/2024 02:44:28 PM Warning:: [Race] Changing 'Race' to 'other' and moving data to [Race Specify]
11/21/2024 02:44:28 PM Warning:: [Ethnicity] Changing list to other in ImmPort Templates
11/21/2024 02:44:28 PM Warning:: [Ethnicity] Changing list to other in ImmPort Templates
11/21/2024 02:46:03 PM 
PMID: 35801588 ####################
11/21/2024 02:46:03 PM WARNING:: [Sex_at_Birth] Changing 'male | female' to 'other'
11/21/2024 02:46:03 PM WARNING:: [Sex_at_Birth] Changing 'male | female' to 'other'
11/21/2024 02:46:03 PM Warning:: [Race] Changing 'Race' to 'other' and moving data to [Race Specify]
11/21/2024 02:46:03 PM Warning:: [Race] Changing 'Race' to 'other' and moving data to [Race Specify]
11/21/2024 02:46:03 PM Warning:: [Ethnicity] Changing list to other in ImmPort Templates
11/21/2024 02:46:03 PM Warning:: [Ethnicity] Changing list to other in ImmPort Templates
11/21/2024 02:46:05 PM INFO:: [User Change] Not Specified => Not Applicable
11/21/2024 02:46:06 PM INFO:: [User Change] Electrochemiluminescence Immunoassay (eCLIA) => Chemiluminescent Assay
11/21/2024 02:46:06 PM Previous Input: Assay Type, Electrochemiluminescence Immunoassay (eCLIA) => Chemiluminescent Assay
11/21/2024 02:46:06 PM Previous Input: Assay Type, Electrochemiluminescence Immunoassay (eCLIA) => Chemiluminescent Assay
11/21/2024 02:46:06 PM Previous Input: Assay Type, Electrochemiluminescence Immunoassay (eCLIA) => Chemiluminescent Assay
11/21/2024 02:48:58 PM 
PMID: 38702297 ####################
11/21/2024 02:49:54 PM 
PMID: 37104046 ####################
11/21/2024 02:49:54 PM WARNING:: [Sex_at_Birth] Changing 'male | female' to 'other'
11/21/2024 02:49:54 PM WARNING:: [Sex_at_Birth] Changing 'male | female' to 'other'
11/21/2024 02:49:54 PM WARNING:: [Sex_at_Birth] Changing 'male | female' to 'other'
11/21/2024 02:49:54 PM Warning:: [Race] Changing 'Race' to 'other' and moving data to [Race Specify]
11/21/2024 02:49:54 PM Warning:: [Race] Changing 'Race' to 'other' and moving data to [Race Specify]
11/21/2024 02:49:54 PM Warning:: [Ethnicity] Changing list to other in ImmPort Templates
11/21/2024 02:49:54 PM Warning:: [Ethnicity] Changing list to other in ImmPort Templates
11/21/2024 02:49:54 PM Warning:: [Ethnicity] Changing list to other in ImmPort Templates
