04/11/2024 01:26:05 PM 
PMID: 37965140
04/11/2024 01:26:05 PM WARNING:: [Sex_at_Birth] Changing 'male | female' to 'other'
04/11/2024 01:26:05 PM WARNING:: [Sex_at_Birth] Changing 'male | female' to 'other'
04/11/2024 01:26:05 PM Warning:: [Race] Changing 'Race' to 'other' and moving data to [Race Specify]
04/11/2024 01:26:05 PM Warning:: [Race] Changing 'Race' to 'other' and moving data to [Race Specify]
04/11/2024 01:26:05 PM Warning:: [Ethnicity] Changing list to other in ImmPort Templates
04/11/2024 01:26:05 PM Warning:: [Ethnicity] Changing list to other in ImmPort Templates
04/11/2024 01:26:25 PM 
PMID: 34115964
04/11/2024 01:26:25 PM WARNING:: [Sex_at_Birth] Changing 'male | female' to 'other'
04/11/2024 01:26:25 PM WARNING:: [Sex_at_Birth] Changing 'male | female' to 'other'
04/11/2024 01:26:25 PM WARNING:: [Sex_at_Birth] Changing 'male | female' to 'other'
04/11/2024 01:26:25 PM Warning:: [Race] Changing 'Race' to 'other' and moving data to [Race Specify]
04/11/2024 01:26:25 PM Warning:: [Race] Changing 'Race' to 'other' and moving data to [Race Specify]
04/11/2024 01:26:25 PM Warning:: [Race] Changing 'Race' to 'other' and moving data to [Race Specify]
04/11/2024 01:26:25 PM Warning:: [Ethnicity] Changing list to other in ImmPort Templates
04/11/2024 01:26:25 PM Warning:: [Ethnicity] Changing list to other in ImmPort Templates
04/11/2024 01:26:25 PM Warning:: [Ethnicity] Changing list to other in ImmPort Templates
04/11/2024 01:26:48 PM INFO:: [User Change] Single-Molecule Array (SIMOA) => Other
04/11/2024 01:26:49 PM INFO:: [Fuzzy] Closest Match Found. Changing Not Specified => Not specified
04/11/2024 01:26:49 PM INFO:: [Fuzzy] Closest Match Found. Changing Not Specified => Not specified
04/11/2024 01:26:49 PM INFO:: [Fuzzy] Closest Match Found. Changing Not Specified => Not specified
04/11/2024 01:29:14 PM INFO:: [User Change] Bio-layer Interferometry Assay => Lateral Flow Assay
04/11/2024 01:30:50 PM 
PMID: 37965140
04/11/2024 01:30:50 PM WARNING:: [Sex_at_Birth] Changing 'male | female' to 'other'
04/11/2024 01:30:50 PM WARNING:: [Sex_at_Birth] Changing 'male | female' to 'other'
04/11/2024 01:30:50 PM Warning:: [Race] Changing 'Race' to 'other' and moving data to [Race Specify]
04/11/2024 01:30:50 PM Warning:: [Race] Changing 'Race' to 'other' and moving data to [Race Specify]
04/11/2024 01:30:50 PM Warning:: [Ethnicity] Changing list to other in ImmPort Templates
04/11/2024 01:30:50 PM Warning:: [Ethnicity] Changing list to other in ImmPort Templates
04/11/2024 01:31:30 PM 
PMID: 36043176
04/11/2024 01:31:30 PM Warning:: [Race] Changing 'Race' to 'other' and moving data to [Race Specify]
04/11/2024 01:31:30 PM Warning:: [Race] Changing 'Race' to 'other' and moving data to [Race Specify]
04/11/2024 01:31:30 PM Warning:: [Race] Changing 'Race' to 'other' and moving data to [Race Specify]
04/11/2024 01:31:30 PM Warning:: [Ethnicity] Changing list to other in ImmPort Templates
04/11/2024 01:31:30 PM Warning:: [Ethnicity] Changing list to other in ImmPort Templates
04/11/2024 01:31:30 PM Warning:: [Ethnicity] Changing list to other in ImmPort Templates
04/11/2024 01:31:32 PM INFO:: [User Change] Not Specified => Not Applicable
04/11/2024 01:31:46 PM 
PMID: 34965855
04/11/2024 01:31:46 PM WARNING:: [Sex_at_Birth] Changing 'male | female' to 'other'
04/11/2024 01:31:46 PM WARNING:: [Sex_at_Birth] Changing 'male | female' to 'other'
04/11/2024 01:31:46 PM WARNING:: [Sex_at_Birth] Changing 'male | female' to 'other'
04/11/2024 01:31:46 PM Warning:: [Race] Changing 'Race' to 'other' and moving data to [Race Specify]
04/11/2024 01:31:46 PM Warning:: [Race] Changing 'Race' to 'other' and moving data to [Race Specify]
04/11/2024 01:31:46 PM Warning:: [Race] Changing 'Race' to 'other' and moving data to [Race Specify]
04/11/2024 01:31:46 PM Warning:: [Ethnicity] Changing list to other in ImmPort Templates
04/11/2024 01:31:46 PM Warning:: [Ethnicity] Changing list to other in ImmPort Templates
04/11/2024 01:31:46 PM Warning:: [Ethnicity] Changing list to other in ImmPort Templates
04/11/2024 01:31:46 PM [INFO]:: [Fuzzy] Autoimmune disease => Autoimmune Disease : score 94
04/11/2024 01:31:48 PM INFO:: [User Change] Not Specified => Not Applicable
04/11/2024 01:31:48 PM INFO:: [Fuzzy] Closest Match Found. Changing Positive control => Positive Control
04/11/2024 01:31:48 PM INFO:: [Fuzzy] Closest Match Found. Changing pre-pandemic => Pre-pandemic
04/11/2024 01:32:04 PM 
PMID: 35150638
04/11/2024 01:32:04 PM [INFO]:: [Fuzzy] Full Length Spike Trimer S1 => Full Length Spike Trimer : score 94
04/11/2024 01:32:26 PM 
PMID: 34115964
04/11/2024 01:32:26 PM WARNING:: [Sex_at_Birth] Changing 'male | female' to 'other'
04/11/2024 01:32:26 PM WARNING:: [Sex_at_Birth] Changing 'male | female' to 'other'
04/11/2024 01:32:26 PM WARNING:: [Sex_at_Birth] Changing 'male | female' to 'other'
04/11/2024 01:32:26 PM Warning:: [Race] Changing 'Race' to 'other' and moving data to [Race Specify]
04/11/2024 01:32:26 PM Warning:: [Race] Changing 'Race' to 'other' and moving data to [Race Specify]
04/11/2024 01:32:26 PM Warning:: [Race] Changing 'Race' to 'other' and moving data to [Race Specify]
04/11/2024 01:32:26 PM Warning:: [Ethnicity] Changing list to other in ImmPort Templates
04/11/2024 01:32:26 PM Warning:: [Ethnicity] Changing list to other in ImmPort Templates
04/11/2024 01:32:26 PM Warning:: [Ethnicity] Changing list to other in ImmPort Templates
04/11/2024 01:32:26 PM INFO:: [Fuzzy] Closest Match Found. Changing Not Specified => Not specified
04/11/2024 01:32:26 PM INFO:: [Fuzzy] Closest Match Found. Changing Not Specified => Not specified
04/11/2024 01:32:26 PM INFO:: [Fuzzy] Closest Match Found. Changing Not Specified => Not specified
04/11/2024 01:32:26 PM INFO:: [Fuzzy] Closest Match Found. Changing Bone marrow => Bone Marrow
04/11/2024 01:32:26 PM INFO:: [Fuzzy] Closest Match Found. Changing Bone marrow => Bone Marrow
04/11/2024 01:32:26 PM INFO:: [Fuzzy] Closest Match Found. Changing Bone marrow => Bone Marrow
04/11/2024 01:32:26 PM INFO:: [Fuzzy] Closest Match Found. Changing Bone marrow => Bone Marrow
04/11/2024 01:32:26 PM INFO:: [Fuzzy] Closest Match Found. Changing Bone marrow => Bone Marrow
04/11/2024 01:32:26 PM INFO:: [Fuzzy] Closest Match Found. Changing Bone marrow => Bone Marrow
04/11/2024 01:32:26 PM INFO:: [Fuzzy] Closest Match Found. Changing Bone marrow => Bone Marrow
04/11/2024 01:32:45 PM 
PMID: 37322179
04/11/2024 01:32:45 PM WARNING:: [Sex_at_Birth] Changing 'male | female' to 'other'
04/11/2024 01:32:45 PM WARNING:: [Sex_at_Birth] Changing 'male | female' to 'other'
04/11/2024 01:32:45 PM Warning:: [Race] Changing 'Race' to 'other' and moving data to [Race Specify]
04/11/2024 01:32:45 PM Warning:: [Race] Changing 'Race' to 'other' and moving data to [Race Specify]
04/11/2024 01:32:45 PM Warning:: [Ethnicity] Changing list to other in ImmPort Templates
04/11/2024 01:32:45 PM Warning:: [Ethnicity] Changing list to other in ImmPort Templates
04/11/2024 01:51:40 PM 
PMID: 34188786
04/11/2024 01:51:40 PM WARNING:: [inclusion exclusion] Changing Yes => Inclusion
04/11/2024 01:51:40 PM WARNING:: [Sex_at_Birth] Changing 'male | female' to 'other'
04/11/2024 01:51:40 PM Warning:: [Race] Changing 'Race' to 'other' and moving data to [Race Specify]
04/11/2024 01:51:40 PM Warning:: [Ethnicity] Changing list to other in ImmPort Templates
04/11/2024 01:57:05 PM 
PMID: 37322179
04/11/2024 01:57:05 PM WARNING:: [Sex_at_Birth] Changing 'male | female' to 'other'
04/11/2024 01:57:05 PM WARNING:: [Sex_at_Birth] Changing 'male | female' to 'other'
04/11/2024 01:57:05 PM Warning:: [Race] Changing 'Race' to 'other' and moving data to [Race Specify]
04/11/2024 01:57:05 PM Warning:: [Race] Changing 'Race' to 'other' and moving data to [Race Specify]
04/11/2024 01:57:05 PM Warning:: [Ethnicity] Changing list to other in ImmPort Templates
04/11/2024 01:57:05 PM Warning:: [Ethnicity] Changing list to other in ImmPort Templates
04/11/2024 02:59:12 PM 
PMID: 37771045
04/11/2024 02:59:20 PM INFO:: [User Change] Not Specified => Not Applicable
04/11/2024 03:01:13 PM 
PMID: 35480625
04/11/2024 03:01:13 PM WARNING:: [Sex_at_Birth] Changing 'male | female' to 'other'
04/11/2024 03:01:13 PM WARNING:: [Sex_at_Birth] Changing 'male | female' to 'other'
04/11/2024 03:01:13 PM Warning:: [Race] Changing 'Race' to 'other' and moving data to [Race Specify]
04/11/2024 03:01:13 PM Warning:: [Race] Changing 'Race' to 'other' and moving data to [Race Specify]
04/11/2024 03:01:13 PM Warning:: [Ethnicity] Changing list to other in ImmPort Templates
04/11/2024 03:01:13 PM Warning:: [Ethnicity] Changing list to other in ImmPort Templates
04/11/2024 03:02:47 PM 
PMID: 34664972
04/11/2024 03:02:47 PM Warning:: [Race] Changing 'Race' to 'other' and moving data to [Race Specify]
04/11/2024 03:02:47 PM Warning:: [Race] Changing 'Race' to 'other' and moving data to [Race Specify]
04/11/2024 03:02:47 PM Warning:: [Race] Changing 'Race' to 'other' and moving data to [Race Specify]
04/11/2024 03:02:47 PM Warning:: [Ethnicity] Changing list to other in ImmPort Templates
04/11/2024 03:02:47 PM Warning:: [Ethnicity] Changing list to other in ImmPort Templates
04/11/2024 03:02:47 PM Warning:: [Ethnicity] Changing list to other in ImmPort Templates
04/11/2024 03:03:03 PM [INFO]:: [Fuzzy] pregnancy => Pregnancy : score 89
04/11/2024 03:03:08 PM INFO:: [User Change] Not Specified => Not Applicable
04/11/2024 03:09:55 PM 
PMID: 34965855
04/11/2024 03:09:55 PM WARNING:: [Sex_at_Birth] Changing 'male | female' to 'other'
04/11/2024 03:09:55 PM WARNING:: [Sex_at_Birth] Changing 'male | female' to 'other'
04/11/2024 03:09:55 PM WARNING:: [Sex_at_Birth] Changing 'male | female' to 'other'
04/11/2024 03:09:55 PM Warning:: [Race] Changing 'Race' to 'other' and moving data to [Race Specify]
04/11/2024 03:09:55 PM Warning:: [Race] Changing 'Race' to 'other' and moving data to [Race Specify]
04/11/2024 03:09:55 PM Warning:: [Race] Changing 'Race' to 'other' and moving data to [Race Specify]
04/11/2024 03:09:55 PM Warning:: [Ethnicity] Changing list to other in ImmPort Templates
04/11/2024 03:09:55 PM Warning:: [Ethnicity] Changing list to other in ImmPort Templates
04/11/2024 03:09:55 PM Warning:: [Ethnicity] Changing list to other in ImmPort Templates
04/11/2024 03:09:55 PM [INFO]:: [Fuzzy] Autoimmune disease => Autoimmune Disease : score 94
04/11/2024 03:09:57 PM INFO:: [User Change] Not Specified => Not Applicable
04/11/2024 03:09:57 PM INFO:: [Fuzzy] Closest Match Found. Changing Positive control => Positive Control
04/11/2024 03:09:57 PM INFO:: [Fuzzy] Closest Match Found. Changing pre-pandemic => Pre-pandemic
04/11/2024 03:12:21 PM 
PMID: 36043176
04/11/2024 03:12:21 PM Warning:: [Race] Changing 'Race' to 'other' and moving data to [Race Specify]
04/11/2024 03:12:21 PM Warning:: [Race] Changing 'Race' to 'other' and moving data to [Race Specify]
04/11/2024 03:12:21 PM Warning:: [Race] Changing 'Race' to 'other' and moving data to [Race Specify]
04/11/2024 03:12:21 PM Warning:: [Ethnicity] Changing list to other in ImmPort Templates
04/11/2024 03:12:21 PM Warning:: [Ethnicity] Changing list to other in ImmPort Templates
04/11/2024 03:12:21 PM Warning:: [Ethnicity] Changing list to other in ImmPort Templates
04/11/2024 03:12:23 PM INFO:: [User Change] Not Specified => Not Applicable
04/11/2024 03:16:16 PM 
PMID: 34115964
04/11/2024 03:16:16 PM WARNING:: [Sex_at_Birth] Changing 'male | female' to 'other'
04/11/2024 03:16:16 PM WARNING:: [Sex_at_Birth] Changing 'male | female' to 'other'
04/11/2024 03:16:16 PM WARNING:: [Sex_at_Birth] Changing 'male | female' to 'other'
04/11/2024 03:16:16 PM Warning:: [Race] Changing 'Race' to 'other' and moving data to [Race Specify]
04/11/2024 03:16:16 PM Warning:: [Race] Changing 'Race' to 'other' and moving data to [Race Specify]
04/11/2024 03:16:16 PM Warning:: [Race] Changing 'Race' to 'other' and moving data to [Race Specify]
04/11/2024 03:16:16 PM Warning:: [Ethnicity] Changing list to other in ImmPort Templates
04/11/2024 03:16:16 PM Warning:: [Ethnicity] Changing list to other in ImmPort Templates
04/11/2024 03:16:16 PM Warning:: [Ethnicity] Changing list to other in ImmPort Templates
04/11/2024 03:16:16 PM INFO:: [Fuzzy] Closest Match Found. Changing Not Specified => Not specified
04/11/2024 03:16:16 PM INFO:: [Fuzzy] Closest Match Found. Changing Not Specified => Not specified
04/11/2024 03:16:16 PM INFO:: [Fuzzy] Closest Match Found. Changing Not Specified => Not specified
04/11/2024 03:16:16 PM INFO:: [Fuzzy] Closest Match Found. Changing Bone marrow => Bone Marrow
04/11/2024 03:16:16 PM INFO:: [Fuzzy] Closest Match Found. Changing Bone marrow => Bone Marrow
04/11/2024 03:16:16 PM INFO:: [Fuzzy] Closest Match Found. Changing Bone marrow => Bone Marrow
04/11/2024 03:16:16 PM INFO:: [Fuzzy] Closest Match Found. Changing Bone marrow => Bone Marrow
04/11/2024 03:16:16 PM INFO:: [Fuzzy] Closest Match Found. Changing Bone marrow => Bone Marrow
04/11/2024 03:16:16 PM INFO:: [Fuzzy] Closest Match Found. Changing Bone marrow => Bone Marrow
04/11/2024 03:16:16 PM INFO:: [Fuzzy] Closest Match Found. Changing Bone marrow => Bone Marrow
04/11/2024 03:20:29 PM 
PMID: 34664972
04/11/2024 03:20:29 PM Warning:: [Race] Changing 'Race' to 'other' and moving data to [Race Specify]
04/11/2024 03:20:29 PM Warning:: [Race] Changing 'Race' to 'other' and moving data to [Race Specify]
04/11/2024 03:20:29 PM Warning:: [Race] Changing 'Race' to 'other' and moving data to [Race Specify]
04/11/2024 03:20:29 PM Warning:: [Ethnicity] Changing list to other in ImmPort Templates
04/11/2024 03:20:29 PM Warning:: [Ethnicity] Changing list to other in ImmPort Templates
04/11/2024 03:20:29 PM Warning:: [Ethnicity] Changing list to other in ImmPort Templates
04/11/2024 03:20:30 PM [INFO]:: [Fuzzy] pregnancy => Pregnancy : score 89
04/11/2024 03:20:31 PM INFO:: [User Change] Not Specified => Not Applicable
04/11/2024 03:22:41 PM 
PMID: 34188786
04/11/2024 03:22:41 PM WARNING:: [inclusion exclusion] Changing Yes => Inclusion
04/11/2024 03:22:41 PM WARNING:: [Sex_at_Birth] Changing 'male | female' to 'other'
04/11/2024 03:22:41 PM Warning:: [Race] Changing 'Race' to 'other' and moving data to [Race Specify]
04/11/2024 03:22:41 PM Warning:: [Ethnicity] Changing list to other in ImmPort Templates
04/11/2024 03:34:40 PM 
PMID: 34188786
04/11/2024 03:34:40 PM WARNING:: [inclusion exclusion] Changing Yes => Inclusion
04/11/2024 03:34:40 PM WARNING:: [Sex_at_Birth] Changing 'male | female' to 'other'
04/11/2024 03:34:40 PM Warning:: [Race] Changing 'Race' to 'other' and moving data to [Race Specify]
04/11/2024 03:34:40 PM Warning:: [Ethnicity] Changing list to other in ImmPort Templates
04/11/2024 03:36:42 PM 
PMID: 34188786
04/11/2024 03:36:42 PM WARNING:: [inclusion exclusion] Changing Yes => Inclusion
04/11/2024 03:36:42 PM WARNING:: [Sex_at_Birth] Changing 'male | female' to 'other'
04/11/2024 03:36:42 PM Warning:: [Race] Changing 'Race' to 'other' and moving data to [Race Specify]
04/11/2024 03:36:42 PM Warning:: [Ethnicity] Changing list to other in ImmPort Templates
04/11/2024 03:39:02 PM 
PMID: 34188786
04/11/2024 03:39:02 PM WARNING:: [inclusion exclusion] Changing Yes => Inclusion
04/11/2024 03:39:02 PM WARNING:: [Sex_at_Birth] Changing 'male | female' to 'other'
04/11/2024 03:39:02 PM Warning:: [Race] Changing 'Race' to 'other' and moving data to [Race Specify]
04/11/2024 03:39:02 PM Warning:: [Ethnicity] Changing list to other in ImmPort Templates
04/11/2024 03:41:07 PM 
PMID: 34188786
04/11/2024 03:41:07 PM WARNING:: [inclusion exclusion] Changing Yes => Inclusion
04/11/2024 03:41:07 PM WARNING:: [Sex_at_Birth] Changing 'male | female' to 'other'
04/11/2024 03:41:07 PM Warning:: [Race] Changing 'Race' to 'other' and moving data to [Race Specify]
04/11/2024 03:41:07 PM Warning:: [Ethnicity] Changing list to other in ImmPort Templates
04/11/2024 03:43:20 PM 
PMID: 34188786
04/11/2024 03:43:20 PM WARNING:: [inclusion exclusion] Changing Yes => Inclusion
04/11/2024 03:43:20 PM WARNING:: [Sex_at_Birth] Changing 'male | female' to 'other'
04/11/2024 03:43:20 PM Warning:: [Race] Changing 'Race' to 'other' and moving data to [Race Specify]
04/11/2024 03:43:20 PM Warning:: [Ethnicity] Changing list to other in ImmPort Templates
04/11/2024 03:47:20 PM 
PMID: 34188786
04/11/2024 03:47:20 PM WARNING:: [inclusion exclusion] Changing Yes => Inclusion
04/11/2024 03:47:20 PM WARNING:: [Sex_at_Birth] Changing 'male | female' to 'other'
04/11/2024 03:47:20 PM Warning:: [Race] Changing 'Race' to 'other' and moving data to [Race Specify]
04/11/2024 03:47:20 PM Warning:: [Ethnicity] Changing list to other in ImmPort Templates
04/11/2024 03:53:19 PM 
PMID: 34188786
04/11/2024 03:53:19 PM WARNING:: [inclusion exclusion] Changing Yes => Inclusion
04/11/2024 03:53:19 PM WARNING:: [Sex_at_Birth] Changing 'male | female' to 'other'
04/11/2024 03:53:19 PM Warning:: [Race] Changing 'Race' to 'other' and moving data to [Race Specify]
04/11/2024 03:53:19 PM Warning:: [Ethnicity] Changing list to other in ImmPort Templates
04/11/2024 03:59:50 PM 
PMID: 34188786
04/11/2024 03:59:50 PM WARNING:: [inclusion exclusion] Changing Yes => Inclusion
04/11/2024 03:59:50 PM WARNING:: [Sex_at_Birth] Changing 'male | female' to 'other'
04/11/2024 03:59:50 PM Warning:: [Race] Changing 'Race' to 'other' and moving data to [Race Specify]
04/11/2024 03:59:50 PM Warning:: [Ethnicity] Changing list to other in ImmPort Templates
04/11/2024 04:00:36 PM 
PMID: 34188786
04/11/2024 04:00:36 PM WARNING:: [inclusion exclusion] Changing Yes => Inclusion
04/11/2024 04:00:36 PM WARNING:: [Sex_at_Birth] Changing 'male | female' to 'other'
04/11/2024 04:00:36 PM Warning:: [Race] Changing 'Race' to 'other' and moving data to [Race Specify]
04/11/2024 04:00:36 PM Warning:: [Ethnicity] Changing list to other in ImmPort Templates
04/11/2024 04:01:51 PM 
PMID: 34188786
04/11/2024 04:02:06 PM 
PMID: 34188786
04/11/2024 04:02:06 PM WARNING:: [inclusion exclusion] Changing Yes => Inclusion
04/11/2024 04:02:06 PM WARNING:: [Sex_at_Birth] Changing 'male | female' to 'other'
04/11/2024 04:02:06 PM Warning:: [Race] Changing 'Race' to 'other' and moving data to [Race Specify]
04/11/2024 04:02:06 PM Warning:: [Ethnicity] Changing list to other in ImmPort Templates
04/11/2024 04:03:10 PM 
PMID: 34188786
04/11/2024 04:03:10 PM WARNING:: [inclusion exclusion] Changing Yes => Inclusion
04/11/2024 04:03:10 PM WARNING:: [Sex_at_Birth] Changing 'male | female' to 'other'
04/11/2024 04:03:10 PM Warning:: [Race] Changing 'Race' to 'other' and moving data to [Race Specify]
04/11/2024 04:03:10 PM Warning:: [Ethnicity] Changing list to other in ImmPort Templates
04/11/2024 08:24:18 PM 
PMID: 34862384
04/11/2024 08:24:30 PM INFO:: [User Change] Not Specified => Not Applicable
04/15/2024 11:09:15 AM INFO:: [User Change] Bone marrow => Blood
04/15/2024 11:09:16 AM Previous Input: Biospecimen Type, Bone marrow => Blood
04/15/2024 11:09:16 AM Previous Input: Biospecimen Type, Bone marrow => Blood
04/15/2024 11:09:16 AM Previous Input: Biospecimen Type, Bone marrow => Blood
04/15/2024 11:09:16 AM Previous Input: Biospecimen Type, Bone marrow => Blood
04/15/2024 11:09:16 AM Previous Input: Biospecimen Type, Bone marrow => Blood
04/15/2024 11:09:16 AM Previous Input: Biospecimen Type, Bone marrow => Blood
