03/13/2025 09:18:04 AM 
PMID: PMID3906 ####################
03/13/2025 09:18:22 AM 
PMID: PMID3735 ####################
03/13/2025 09:18:22 AM WARNING:: [Sex_at_Birth] Changing 'male | female' to 'other'
03/13/2025 09:18:22 AM Warning:: [Race] Changing 'Race' to 'other' and moving data to [Race Specify]
03/13/2025 09:18:22 AM Warning:: [Ethnicity] Changing list to other in ImmPort Templates
03/13/2025 09:18:37 AM INFO:: [User Change] Not Specified => Not Applicable
03/13/2025 09:20:09 AM 
PMID: PMID3799 ####################
03/13/2025 09:20:09 AM WARNING:: [Sex_at_Birth] Changing 'male | female' to 'other'
03/13/2025 09:20:09 AM WARNING:: [Sex_at_Birth] Changing 'male | female' to 'other'
03/13/2025 09:20:09 AM WARNING:: [Sex_at_Birth] Changing 'male | female' to 'other'
03/13/2025 09:20:09 AM Warning:: [Race] Changing 'Race' to 'other' and moving data to [Race Specify]
03/13/2025 09:20:09 AM Warning:: [Race] Changing 'Race' to 'other' and moving data to [Race Specify]
03/13/2025 09:20:09 AM Warning:: [Race] Changing 'Race' to 'other' and moving data to [Race Specify]
03/13/2025 09:20:09 AM Warning:: [Race] Changing 'Race' to 'other' and moving data to [Race Specify]
03/13/2025 09:20:09 AM Warning:: [Ethnicity] Changing list to other in ImmPort Templates
03/13/2025 09:20:09 AM Warning:: [Ethnicity] Changing list to other in ImmPort Templates
03/13/2025 09:20:09 AM Warning:: [Ethnicity] Changing list to other in ImmPort Templates
03/13/2025 09:20:09 AM Warning:: [Ethnicity] Changing list to other in ImmPort Templates
03/13/2025 09:20:25 AM 
PMID: PMID3946 ####################
03/13/2025 09:21:21 AM 
PMID: PMID3946 ####################
03/13/2025 09:21:21 AM WARNING:: [Sex_at_Birth] Changing 'male | female' to 'other'
03/13/2025 09:21:21 AM WARNING:: [Sex_at_Birth] Changing 'male | female' to 'other'
03/13/2025 09:21:21 AM Warning:: [Race] Changing 'Race' to 'other' and moving data to [Race Specify]
03/13/2025 09:21:21 AM Warning:: [Race] Changing 'Race' to 'other' and moving data to [Race Specify]
03/13/2025 09:21:21 AM Warning:: [Ethnicity] Changing list to other in ImmPort Templates
03/13/2025 09:21:21 AM Warning:: [Ethnicity] Changing list to other in ImmPort Templates
03/13/2025 09:29:02 AM 
PMID: PMID3799 ####################
03/13/2025 09:29:02 AM WARNING:: [Sex_at_Birth] Changing 'male | female' to 'other'
03/13/2025 09:29:02 AM WARNING:: [Sex_at_Birth] Changing 'male | female' to 'other'
03/13/2025 09:29:02 AM WARNING:: [Sex_at_Birth] Changing 'male | female' to 'other'
03/13/2025 09:29:02 AM Warning:: [Race] Changing 'Race' to 'other' and moving data to [Race Specify]
03/13/2025 09:29:02 AM Warning:: [Race] Changing 'Race' to 'other' and moving data to [Race Specify]
03/13/2025 09:29:02 AM Warning:: [Race] Changing 'Race' to 'other' and moving data to [Race Specify]
03/13/2025 09:29:02 AM Warning:: [Race] Changing 'Race' to 'other' and moving data to [Race Specify]
03/13/2025 09:29:02 AM Warning:: [Ethnicity] Changing list to other in ImmPort Templates
03/13/2025 09:29:02 AM Warning:: [Ethnicity] Changing list to other in ImmPort Templates
03/13/2025 09:29:02 AM Warning:: [Ethnicity] Changing list to other in ImmPort Templates
03/13/2025 09:29:02 AM Warning:: [Ethnicity] Changing list to other in ImmPort Templates
03/13/2025 10:02:44 AM 
PMID: PMID3906 ####################
03/13/2025 10:03:07 AM 
PMID: PMID3906 ####################
03/13/2025 10:03:07 AM WARNING:: [Sex_at_Birth] Changing 'male | female' to 'other'
03/13/2025 10:03:07 AM Warning:: [Race] Changing 'Race' to 'other' and moving data to [Race Specify]
03/13/2025 10:03:07 AM Warning:: [Ethnicity] Changing list to other in ImmPort Templates
03/13/2025 10:03:12 AM INFO:: [User Change] Not Specified => Not Applicable
