03/28/2025 11:12:15 AM 
PMID: PMIDNCT0 ####################
03/28/2025 11:12:15 AM WARNING:: [Sex_at_Birth] Changing 'male | female' to 'other'
03/28/2025 11:12:15 AM Warning:: [Race] Changing 'Race' to 'other' and moving data to [Race Specify]
03/28/2025 11:12:15 AM Warning:: [Ethnicity] Changing list to other in ImmPort Templates
03/28/2025 11:12:17 AM INFO:: [User Change] Not Specified => Not Applicable
03/28/2025 02:43:36 PM 
PMID: PMID3839 ####################
03/28/2025 02:43:36 PM WARNING:: [Sex_at_Birth] Changing 'male | female' to 'other'
03/28/2025 02:43:36 PM WARNING:: [Sex_at_Birth] Changing 'male | female' to 'other'
03/28/2025 02:43:36 PM WARNING:: [Sex_at_Birth] Changing 'male | female' to 'other'
03/28/2025 02:43:36 PM WARNING:: [Sex_at_Birth] Changing 'male | female' to 'other'
03/28/2025 02:43:36 PM Warning:: [Race] Changing 'Race' to 'other' and moving data to [Race Specify]
03/28/2025 02:43:36 PM Warning:: [Race] Changing 'Race' to 'other' and moving data to [Race Specify]
03/28/2025 02:43:36 PM Warning:: [Race] Changing 'Race' to 'other' and moving data to [Race Specify]
03/28/2025 02:43:36 PM Warning:: [Race] Changing 'Race' to 'other' and moving data to [Race Specify]
03/28/2025 02:43:36 PM Warning:: [Ethnicity] Changing list to other in ImmPort Templates
03/28/2025 02:43:36 PM Warning:: [Ethnicity] Changing list to other in ImmPort Templates
03/28/2025 02:43:36 PM Warning:: [Ethnicity] Changing list to other in ImmPort Templates
03/28/2025 02:43:36 PM Warning:: [Ethnicity] Changing list to other in ImmPort Templates
03/28/2025 02:43:37 PM INFO:: [Fuzzy] Closest Match Found. Changing HCoVs - Seasonal (OC43 => HCoVs - Seasonal (OC43, HKU-1, NL63, 229E)
03/28/2025 02:43:37 PM INFO:: [Fuzzy] Closest Match Found. Changing HKU-1 => HCoVs - Seasonal (OC43, HKU-1, NL63, 229E)
03/28/2025 02:43:37 PM INFO:: [Fuzzy] Closest Match Found. Changing NL63 => HCoVs - Seasonal (OC43, HKU-1, NL63, 229E)
03/28/2025 02:43:37 PM INFO:: [Fuzzy] Closest Match Found. Changing 229E) => HCoVs - Seasonal (OC43, HKU-1, NL63, 229E)
03/28/2025 02:43:37 PM INFO:: [Fuzzy] Closest Match Found. Changing HCoVs - Seasonal (OC43 => HCoVs - Seasonal (OC43, HKU-1, NL63, 229E)
03/28/2025 02:43:37 PM INFO:: [Fuzzy] Closest Match Found. Changing HKU-1 => HCoVs - Seasonal (OC43, HKU-1, NL63, 229E)
03/28/2025 02:43:37 PM INFO:: [Fuzzy] Closest Match Found. Changing NL63 => HCoVs - Seasonal (OC43, HKU-1, NL63, 229E)
03/28/2025 02:43:37 PM INFO:: [Fuzzy] Closest Match Found. Changing 229E) => HCoVs - Seasonal (OC43, HKU-1, NL63, 229E)
03/28/2025 02:43:37 PM INFO:: [Fuzzy] Closest Match Found. Changing HCoVs - Seasonal (OC43 => HCoVs - Seasonal (OC43, HKU-1, NL63, 229E)
03/28/2025 02:43:37 PM INFO:: [Fuzzy] Closest Match Found. Changing HKU-1 => HCoVs - Seasonal (OC43, HKU-1, NL63, 229E)
03/28/2025 02:43:37 PM INFO:: [Fuzzy] Closest Match Found. Changing NL63 => HCoVs - Seasonal (OC43, HKU-1, NL63, 229E)
03/28/2025 02:43:37 PM INFO:: [Fuzzy] Closest Match Found. Changing 229E) => HCoVs - Seasonal (OC43, HKU-1, NL63, 229E)
03/28/2025 02:48:09 PM 
PMID: PMID3839 ####################
03/28/2025 02:48:09 PM WARNING:: [Sex_at_Birth] Changing 'male | female' to 'other'
03/28/2025 02:48:09 PM WARNING:: [Sex_at_Birth] Changing 'male | female' to 'other'
03/28/2025 02:48:09 PM WARNING:: [Sex_at_Birth] Changing 'male | female' to 'other'
03/28/2025 02:48:09 PM WARNING:: [Sex_at_Birth] Changing 'male | female' to 'other'
03/28/2025 02:48:09 PM Warning:: [Race] Changing 'Race' to 'other' and moving data to [Race Specify]
03/28/2025 02:48:09 PM Warning:: [Race] Changing 'Race' to 'other' and moving data to [Race Specify]
03/28/2025 02:48:09 PM Warning:: [Race] Changing 'Race' to 'other' and moving data to [Race Specify]
03/28/2025 02:48:09 PM Warning:: [Race] Changing 'Race' to 'other' and moving data to [Race Specify]
03/28/2025 02:48:09 PM Warning:: [Ethnicity] Changing list to other in ImmPort Templates
03/28/2025 02:48:09 PM Warning:: [Ethnicity] Changing list to other in ImmPort Templates
03/28/2025 02:48:09 PM Warning:: [Ethnicity] Changing list to other in ImmPort Templates
03/28/2025 02:48:09 PM Warning:: [Ethnicity] Changing list to other in ImmPort Templates
03/28/2025 02:48:10 PM INFO:: [Fuzzy] Closest Match Found. Changing HCoVs - Seasonal (OC43 => HCoVs - Seasonal (OC43, HKU-1, NL63, 229E)
03/28/2025 02:48:10 PM INFO:: [Fuzzy] Closest Match Found. Changing HKU-1 => HCoVs - Seasonal (OC43, HKU-1, NL63, 229E)
03/28/2025 02:48:10 PM INFO:: [Fuzzy] Closest Match Found. Changing NL63 => HCoVs - Seasonal (OC43, HKU-1, NL63, 229E)
03/28/2025 02:48:10 PM INFO:: [Fuzzy] Closest Match Found. Changing 229E) => HCoVs - Seasonal (OC43, HKU-1, NL63, 229E)
03/28/2025 02:48:10 PM INFO:: [Fuzzy] Closest Match Found. Changing HCoVs - Seasonal (OC43 => HCoVs - Seasonal (OC43, HKU-1, NL63, 229E)
03/28/2025 02:48:10 PM INFO:: [Fuzzy] Closest Match Found. Changing HKU-1 => HCoVs - Seasonal (OC43, HKU-1, NL63, 229E)
03/28/2025 02:48:10 PM INFO:: [Fuzzy] Closest Match Found. Changing NL63 => HCoVs - Seasonal (OC43, HKU-1, NL63, 229E)
03/28/2025 02:48:10 PM INFO:: [Fuzzy] Closest Match Found. Changing 229E) => HCoVs - Seasonal (OC43, HKU-1, NL63, 229E)
03/28/2025 02:48:50 PM INFO:: [User Change] DAVID LIKE PIE => Khosta-2 [bat]
03/28/2025 02:48:50 PM INFO:: [Fuzzy] Closest Match Found. Changing HCoVs - Seasonal (OC43 => HCoVs - Seasonal (OC43, HKU-1, NL63, 229E)
03/28/2025 02:48:50 PM INFO:: [Fuzzy] Closest Match Found. Changing HKU-1 => HCoVs - Seasonal (OC43, HKU-1, NL63, 229E)
03/28/2025 02:48:50 PM INFO:: [Fuzzy] Closest Match Found. Changing NL63 => HCoVs - Seasonal (OC43, HKU-1, NL63, 229E)
03/28/2025 02:48:50 PM INFO:: [Fuzzy] Closest Match Found. Changing 229E) => HCoVs - Seasonal (OC43, HKU-1, NL63, 229E)
03/28/2025 02:49:56 PM 
PMID: PMID3839 ####################
03/28/2025 02:49:56 PM WARNING:: [Sex_at_Birth] Changing 'male | female' to 'other'
03/28/2025 02:49:56 PM WARNING:: [Sex_at_Birth] Changing 'male | female' to 'other'
03/28/2025 02:49:56 PM WARNING:: [Sex_at_Birth] Changing 'male | female' to 'other'
03/28/2025 02:49:56 PM WARNING:: [Sex_at_Birth] Changing 'male | female' to 'other'
03/28/2025 02:49:56 PM Warning:: [Race] Changing 'Race' to 'other' and moving data to [Race Specify]
03/28/2025 02:49:56 PM Warning:: [Race] Changing 'Race' to 'other' and moving data to [Race Specify]
03/28/2025 02:49:56 PM Warning:: [Race] Changing 'Race' to 'other' and moving data to [Race Specify]
03/28/2025 02:49:56 PM Warning:: [Race] Changing 'Race' to 'other' and moving data to [Race Specify]
03/28/2025 02:49:56 PM Warning:: [Ethnicity] Changing list to other in ImmPort Templates
03/28/2025 02:49:56 PM Warning:: [Ethnicity] Changing list to other in ImmPort Templates
03/28/2025 02:49:56 PM Warning:: [Ethnicity] Changing list to other in ImmPort Templates
03/28/2025 02:49:56 PM Warning:: [Ethnicity] Changing list to other in ImmPort Templates
03/28/2025 02:49:56 PM INFO:: [Fuzzy] Closest Match Found. Changing HCoVs - Seasonal (OC43 => HCoVs - Seasonal (OC43, HKU-1, NL63, 229E)
03/28/2025 02:49:56 PM INFO:: [Fuzzy] Closest Match Found. Changing HKU-1 => HCoVs - Seasonal (OC43, HKU-1, NL63, 229E)
03/28/2025 02:49:56 PM INFO:: [Fuzzy] Closest Match Found. Changing NL63 => HCoVs - Seasonal (OC43, HKU-1, NL63, 229E)
03/28/2025 02:49:56 PM INFO:: [Fuzzy] Closest Match Found. Changing 229E) => HCoVs - Seasonal (OC43, HKU-1, NL63, 229E)
03/28/2025 02:49:56 PM INFO:: [Fuzzy] Closest Match Found. Changing HCoVs - Seasonal (OC43 => HCoVs - Seasonal (OC43, HKU-1, NL63, 229E)
03/28/2025 02:49:56 PM INFO:: [Fuzzy] Closest Match Found. Changing HKU-1 => HCoVs - Seasonal (OC43, HKU-1, NL63, 229E)
03/28/2025 02:49:56 PM INFO:: [Fuzzy] Closest Match Found. Changing NL63 => HCoVs - Seasonal (OC43, HKU-1, NL63, 229E)
03/28/2025 02:49:56 PM INFO:: [Fuzzy] Closest Match Found. Changing 229E) => HCoVs - Seasonal (OC43, HKU-1, NL63, 229E)
03/28/2025 02:50:00 PM INFO:: [User Change] DAVID LIKE PIE => Khosta-2 [bat]
03/28/2025 02:50:00 PM INFO:: [Fuzzy] Closest Match Found. Changing HCoVs - Seasonal (OC43 => HCoVs - Seasonal (OC43, HKU-1, NL63, 229E)
03/28/2025 02:50:00 PM INFO:: [Fuzzy] Closest Match Found. Changing HKU-1 => HCoVs - Seasonal (OC43, HKU-1, NL63, 229E)
03/28/2025 02:50:00 PM INFO:: [Fuzzy] Closest Match Found. Changing NL63 => HCoVs - Seasonal (OC43, HKU-1, NL63, 229E)
03/28/2025 02:50:00 PM INFO:: [Fuzzy] Closest Match Found. Changing 229E) => HCoVs - Seasonal (OC43, HKU-1, NL63, 229E)
03/28/2025 02:52:09 PM 
PMID: PMID3852 ####################
03/28/2025 03:05:51 PM 
PMID: PMIDNCT0 ####################
03/28/2025 03:05:51 PM WARNING:: [Sex_at_Birth] Changing 'male | female' to 'other'
03/28/2025 03:05:51 PM Warning:: [Race] Changing 'Race' to 'other' and moving data to [Race Specify]
03/28/2025 03:05:51 PM Warning:: [Ethnicity] Changing list to other in ImmPort Templates
03/28/2025 03:06:04 PM INFO:: [User Change] Not Specified => Not Applicable
