12/08/2023 10:37:17 AM 
PMID: 36511813
12/08/2023 10:37:17 AM WARNING:: [Sex_at_Birth] Changing 'male | female' to 'other'
12/08/2023 10:37:17 AM WARNING:: [Sex_at_Birth] Changing 'male | female' to 'other'
12/08/2023 10:37:17 AM Warning:: [Race] Changing 'Race' to 'other' and moving data to [Race Specify]
12/08/2023 10:37:17 AM Warning:: [Race] Changing 'Race' to 'other' and moving data to [Race Specify]
12/08/2023 10:37:17 AM Warning:: [Ethnicity] Changing list to other in ImmPort Templates
12/08/2023 10:37:17 AM Warning:: [Ethnicity] Changing list to other in ImmPort Templates
12/08/2023 10:37:17 AM [INFO]:: [Fuzzy] SARS-CoV-2 Omicron; BA2.12.1 => SARS-CoV-2 Omicron; B.1.1.529 : score 88
12/08/2023 10:37:17 AM [INFO]:: [Fuzzy] Pfizer BioNTech COVID-19 vaccine; VO:0004988 => Pfizer BioNTech COVID-19 vaccine; VO:0004987 : score 98
12/08/2023 10:37:17 AM [INFO]:: [Fuzzy] SARS-CoV-2 Omicron; BA2.12.1 => SARS-CoV-2 Omicron; B.1.1.529 : score 88
12/08/2023 10:41:13 AM 
PMID: 36511813
12/08/2023 10:41:13 AM WARNING:: [Sex_at_Birth] Changing 'male | female' to 'other'
12/08/2023 10:41:13 AM WARNING:: [Sex_at_Birth] Changing 'male | female' to 'other'
12/08/2023 10:41:13 AM Warning:: [Race] Changing 'Race' to 'other' and moving data to [Race Specify]
12/08/2023 10:41:13 AM Warning:: [Race] Changing 'Race' to 'other' and moving data to [Race Specify]
12/08/2023 10:41:13 AM Warning:: [Ethnicity] Changing list to other in ImmPort Templates
12/08/2023 10:41:13 AM Warning:: [Ethnicity] Changing list to other in ImmPort Templates
12/08/2023 10:41:14 AM [INFO]:: [Fuzzy] SARS-CoV-2 Omicron; BA2.12.1 => SARS-CoV-2 Omicron; B.1.1.529 : score 88
12/08/2023 10:41:14 AM [INFO]:: [Fuzzy] Pfizer BioNTech COVID-19 vaccine; VO:0004988 => Pfizer BioNTech COVID-19 vaccine; VO:0004987 : score 98
12/08/2023 10:41:14 AM [INFO]:: [Fuzzy] SARS-CoV-2 Omicron; BA2.12.1 => SARS-CoV-2 Omicron; B.1.1.529 : score 88
12/08/2023 10:42:27 AM 
PMID: 36511813
12/08/2023 10:42:27 AM WARNING:: [Sex_at_Birth] Changing 'male | female' to 'other'
12/08/2023 10:42:27 AM WARNING:: [Sex_at_Birth] Changing 'male | female' to 'other'
12/08/2023 10:42:27 AM Warning:: [Race] Changing 'Race' to 'other' and moving data to [Race Specify]
12/08/2023 10:42:27 AM Warning:: [Race] Changing 'Race' to 'other' and moving data to [Race Specify]
12/08/2023 10:42:27 AM Warning:: [Ethnicity] Changing list to other in ImmPort Templates
12/08/2023 10:42:27 AM Warning:: [Ethnicity] Changing list to other in ImmPort Templates
12/08/2023 10:42:28 AM [INFO]:: [Fuzzy] SARS-CoV-2 Omicron; BA2.12.1 => SARS-CoV-2 Omicron; B.1.1.529 : score 88
12/08/2023 10:42:28 AM [INFO]:: [Fuzzy] Pfizer BioNTech COVID-19 vaccine; VO:0004988 => Pfizer BioNTech COVID-19 vaccine; VO:0004987 : score 98
12/08/2023 10:42:28 AM [INFO]:: [Fuzzy] SARS-CoV-2 Omicron; BA2.12.1 => SARS-CoV-2 Omicron; B.1.1.529 : score 88
12/08/2023 10:44:24 AM 
PMID: 36511813
12/08/2023 10:44:24 AM WARNING:: [Sex_at_Birth] Changing 'male | female' to 'other'
12/08/2023 10:44:24 AM WARNING:: [Sex_at_Birth] Changing 'male | female' to 'other'
12/08/2023 10:44:24 AM Warning:: [Race] Changing 'Race' to 'other' and moving data to [Race Specify]
12/08/2023 10:44:24 AM Warning:: [Race] Changing 'Race' to 'other' and moving data to [Race Specify]
12/08/2023 10:44:24 AM Warning:: [Ethnicity] Changing list to other in ImmPort Templates
12/08/2023 10:44:24 AM Warning:: [Ethnicity] Changing list to other in ImmPort Templates
12/08/2023 10:44:25 AM [INFO]:: [Fuzzy] SARS-CoV-2 Omicron; BA2.12.1 => SARS-CoV-2 Omicron; B.1.1.529 : score 88
12/08/2023 10:44:25 AM [INFO]:: [Fuzzy] Pfizer BioNTech COVID-19 vaccine; VO:0004988 => Pfizer BioNTech COVID-19 vaccine; VO:0004987 : score 98
12/08/2023 10:44:25 AM [INFO]:: [Fuzzy] SARS-CoV-2 Omicron; BA2.12.1 => SARS-CoV-2 Omicron; B.1.1.529 : score 88
12/08/2023 10:48:27 AM 
PMID: 36511813
12/08/2023 10:48:27 AM WARNING:: [Sex_at_Birth] Changing 'male | female' to 'other'
12/08/2023 10:48:27 AM WARNING:: [Sex_at_Birth] Changing 'male | female' to 'other'
12/08/2023 10:48:27 AM Warning:: [Race] Changing 'Race' to 'other' and moving data to [Race Specify]
12/08/2023 10:48:27 AM Warning:: [Race] Changing 'Race' to 'other' and moving data to [Race Specify]
12/08/2023 10:48:27 AM Warning:: [Ethnicity] Changing list to other in ImmPort Templates
12/08/2023 10:48:27 AM Warning:: [Ethnicity] Changing list to other in ImmPort Templates
12/08/2023 10:48:28 AM [INFO]:: [Fuzzy] SARS-CoV-2 Omicron; BA2.12.1 => SARS-CoV-2 Omicron; B.1.1.529 : score 88
12/08/2023 10:48:28 AM [INFO]:: [Fuzzy] Pfizer BioNTech COVID-19 vaccine; VO:0004988 => Pfizer BioNTech COVID-19 vaccine; VO:0004987 : score 98
12/08/2023 10:48:28 AM [INFO]:: [Fuzzy] SARS-CoV-2 Omicron; BA2.12.1 => SARS-CoV-2 Omicron; B.1.1.529 : score 88
12/08/2023 10:50:25 AM 
PMID: 36511813
12/08/2023 10:50:25 AM WARNING:: [Sex_at_Birth] Changing 'male | female' to 'other'
12/08/2023 10:50:25 AM WARNING:: [Sex_at_Birth] Changing 'male | female' to 'other'
12/08/2023 10:50:25 AM Warning:: [Race] Changing 'Race' to 'other' and moving data to [Race Specify]
12/08/2023 10:50:25 AM Warning:: [Race] Changing 'Race' to 'other' and moving data to [Race Specify]
12/08/2023 10:50:25 AM Warning:: [Ethnicity] Changing list to other in ImmPort Templates
12/08/2023 10:50:25 AM Warning:: [Ethnicity] Changing list to other in ImmPort Templates
12/08/2023 10:50:26 AM [INFO]:: [Fuzzy] SARS-CoV-2 Omicron; BA2.12.1 => SARS-CoV-2 Omicron; B.1.1.529 : score 88
12/08/2023 10:50:26 AM [INFO]:: [Fuzzy] Pfizer BioNTech COVID-19 vaccine; VO:0004988 => Pfizer BioNTech COVID-19 vaccine; VO:0004987 : score 98
12/08/2023 10:50:26 AM [INFO]:: [Fuzzy] SARS-CoV-2 Omicron; BA2.12.1 => SARS-CoV-2 Omicron; B.1.1.529 : score 88
12/08/2023 10:51:10 AM 
PMID: 36511813
12/08/2023 10:51:10 AM WARNING:: [Sex_at_Birth] Changing 'male | female' to 'other'
12/08/2023 10:51:10 AM WARNING:: [Sex_at_Birth] Changing 'male | female' to 'other'
12/08/2023 10:51:10 AM Warning:: [Race] Changing 'Race' to 'other' and moving data to [Race Specify]
12/08/2023 10:51:10 AM Warning:: [Race] Changing 'Race' to 'other' and moving data to [Race Specify]
12/08/2023 10:51:10 AM Warning:: [Ethnicity] Changing list to other in ImmPort Templates
12/08/2023 10:51:10 AM Warning:: [Ethnicity] Changing list to other in ImmPort Templates
12/08/2023 10:51:11 AM [INFO]:: [Fuzzy] SARS-CoV-2 Omicron; BA2.12.1 => SARS-CoV-2 Omicron; B.1.1.529 : score 88
12/08/2023 10:51:11 AM [INFO]:: [Fuzzy] Pfizer BioNTech COVID-19 vaccine; VO:0004988 => Pfizer BioNTech COVID-19 vaccine; VO:0004987 : score 98
12/08/2023 10:51:11 AM [INFO]:: [Fuzzy] SARS-CoV-2 Omicron; BA2.12.1 => SARS-CoV-2 Omicron; B.1.1.529 : score 88
12/08/2023 10:51:41 AM 
PMID: 36511813
12/08/2023 10:51:41 AM WARNING:: [Sex_at_Birth] Changing 'male | female' to 'other'
12/08/2023 10:51:41 AM WARNING:: [Sex_at_Birth] Changing 'male | female' to 'other'
12/08/2023 10:51:41 AM Warning:: [Race] Changing 'Race' to 'other' and moving data to [Race Specify]
12/08/2023 10:51:41 AM Warning:: [Race] Changing 'Race' to 'other' and moving data to [Race Specify]
12/08/2023 10:51:41 AM Warning:: [Ethnicity] Changing list to other in ImmPort Templates
12/08/2023 10:51:41 AM Warning:: [Ethnicity] Changing list to other in ImmPort Templates
12/08/2023 10:51:52 AM 
PMID: 36511813
12/08/2023 10:51:52 AM WARNING:: [Sex_at_Birth] Changing 'male | female' to 'other'
12/08/2023 10:51:52 AM WARNING:: [Sex_at_Birth] Changing 'male | female' to 'other'
12/08/2023 10:51:52 AM Warning:: [Race] Changing 'Race' to 'other' and moving data to [Race Specify]
12/08/2023 10:51:52 AM Warning:: [Race] Changing 'Race' to 'other' and moving data to [Race Specify]
12/08/2023 10:51:52 AM Warning:: [Ethnicity] Changing list to other in ImmPort Templates
12/08/2023 10:51:52 AM Warning:: [Ethnicity] Changing list to other in ImmPort Templates
12/08/2023 10:51:52 AM [INFO]:: [Fuzzy] SARS-CoV-2 Omicron; BA2.12.1 => SARS-CoV-2 Omicron; B.1.1.529 : score 88
12/08/2023 10:51:52 AM [INFO]:: [Fuzzy] Pfizer BioNTech COVID-19 vaccine; VO:0004988 => Pfizer BioNTech COVID-19 vaccine; VO:0004987 : score 98
12/08/2023 10:51:52 AM [INFO]:: [Fuzzy] SARS-CoV-2 Omicron; BA2.12.1 => SARS-CoV-2 Omicron; B.1.1.529 : score 88
12/08/2023 10:52:57 AM 
PMID: 36511813
12/08/2023 10:52:57 AM WARNING:: [Sex_at_Birth] Changing 'male | female' to 'other'
12/08/2023 10:52:57 AM WARNING:: [Sex_at_Birth] Changing 'male | female' to 'other'
12/08/2023 10:52:57 AM Warning:: [Race] Changing 'Race' to 'other' and moving data to [Race Specify]
12/08/2023 10:52:57 AM Warning:: [Race] Changing 'Race' to 'other' and moving data to [Race Specify]
12/08/2023 10:52:57 AM Warning:: [Ethnicity] Changing list to other in ImmPort Templates
12/08/2023 10:52:57 AM Warning:: [Ethnicity] Changing list to other in ImmPort Templates
12/08/2023 10:52:57 AM [INFO]:: [Fuzzy] SARS-CoV-2 Omicron; BA2.12.1 => SARS-CoV-2 Omicron; B.1.1.529 : score 88
12/08/2023 10:52:57 AM [INFO]:: [Fuzzy] Pfizer BioNTech COVID-19 vaccine; VO:0004988 => Pfizer BioNTech COVID-19 vaccine; VO:0004987 : score 98
12/08/2023 10:52:57 AM [INFO]:: [Fuzzy] SARS-CoV-2 Omicron; BA2.12.1 => SARS-CoV-2 Omicron; B.1.1.529 : score 88
12/08/2023 10:54:20 AM 
PMID: 36511813
12/08/2023 10:54:20 AM WARNING:: [Sex_at_Birth] Changing 'male | female' to 'other'
12/08/2023 10:54:20 AM WARNING:: [Sex_at_Birth] Changing 'male | female' to 'other'
12/08/2023 10:54:20 AM Warning:: [Race] Changing 'Race' to 'other' and moving data to [Race Specify]
12/08/2023 10:54:20 AM Warning:: [Race] Changing 'Race' to 'other' and moving data to [Race Specify]
12/08/2023 10:54:20 AM Warning:: [Ethnicity] Changing list to other in ImmPort Templates
12/08/2023 10:54:20 AM Warning:: [Ethnicity] Changing list to other in ImmPort Templates
12/08/2023 10:54:21 AM [INFO]:: [Fuzzy] SARS-CoV-2 Omicron; BA2.12.1 => SARS-CoV-2 Omicron; B.1.1.529 : score 88
12/08/2023 10:54:21 AM [INFO]:: [Fuzzy] Pfizer BioNTech COVID-19 vaccine; VO:0004988 => Pfizer BioNTech COVID-19 vaccine; VO:0004987 : score 98
12/08/2023 10:54:21 AM [INFO]:: [Fuzzy] SARS-CoV-2 Omicron; BA2.12.1 => SARS-CoV-2 Omicron; B.1.1.529 : score 88
12/08/2023 10:55:25 AM 
PMID: 36511813
12/08/2023 10:55:25 AM WARNING:: [Sex_at_Birth] Changing 'male | female' to 'other'
12/08/2023 10:55:25 AM WARNING:: [Sex_at_Birth] Changing 'male | female' to 'other'
12/08/2023 10:55:25 AM Warning:: [Race] Changing 'Race' to 'other' and moving data to [Race Specify]
12/08/2023 10:55:25 AM Warning:: [Race] Changing 'Race' to 'other' and moving data to [Race Specify]
12/08/2023 10:55:25 AM Warning:: [Ethnicity] Changing list to other in ImmPort Templates
12/08/2023 10:55:25 AM Warning:: [Ethnicity] Changing list to other in ImmPort Templates
12/08/2023 10:55:26 AM [INFO]:: [Fuzzy] SARS-CoV-2 Omicron; BA2.12.1 => SARS-CoV-2 Omicron; B.1.1.529 : score 88
12/08/2023 10:55:26 AM [INFO]:: [Fuzzy] Pfizer BioNTech COVID-19 vaccine; VO:0004988 => Pfizer BioNTech COVID-19 vaccine; VO:0004987 : score 98
12/08/2023 10:55:26 AM [INFO]:: [Fuzzy] SARS-CoV-2 Omicron; BA2.12.1 => SARS-CoV-2 Omicron; B.1.1.529 : score 88
12/08/2023 10:56:36 AM 
PMID: 36511813
12/08/2023 10:56:36 AM WARNING:: [Sex_at_Birth] Changing 'male | female' to 'other'
12/08/2023 10:56:36 AM WARNING:: [Sex_at_Birth] Changing 'male | female' to 'other'
12/08/2023 10:56:36 AM Warning:: [Race] Changing 'Race' to 'other' and moving data to [Race Specify]
12/08/2023 10:56:36 AM Warning:: [Race] Changing 'Race' to 'other' and moving data to [Race Specify]
12/08/2023 10:56:36 AM Warning:: [Ethnicity] Changing list to other in ImmPort Templates
12/08/2023 10:56:36 AM Warning:: [Ethnicity] Changing list to other in ImmPort Templates
12/08/2023 10:56:36 AM [INFO]:: [Fuzzy] SARS-CoV-2 Omicron; BA2.12.1 => SARS-CoV-2 Omicron; B.1.1.529 : score 88
12/08/2023 10:56:36 AM [INFO]:: [Fuzzy] Pfizer BioNTech COVID-19 vaccine; VO:0004988 => Pfizer BioNTech COVID-19 vaccine; VO:0004987 : score 98
12/08/2023 10:56:36 AM [INFO]:: [Fuzzy] SARS-CoV-2 Omicron; BA2.12.1 => SARS-CoV-2 Omicron; B.1.1.529 : score 88
12/08/2023 10:59:36 AM 
PMID: 36511813
12/08/2023 10:59:36 AM WARNING:: [Sex_at_Birth] Changing 'male | female' to 'other'
12/08/2023 10:59:36 AM WARNING:: [Sex_at_Birth] Changing 'male | female' to 'other'
12/08/2023 10:59:36 AM Warning:: [Race] Changing 'Race' to 'other' and moving data to [Race Specify]
12/08/2023 10:59:36 AM Warning:: [Race] Changing 'Race' to 'other' and moving data to [Race Specify]
12/08/2023 10:59:36 AM Warning:: [Ethnicity] Changing list to other in ImmPort Templates
12/08/2023 10:59:36 AM Warning:: [Ethnicity] Changing list to other in ImmPort Templates
12/08/2023 10:59:37 AM [INFO]:: [Fuzzy] SARS-CoV-2 Omicron; BA2.12.1 => SARS-CoV-2 Omicron; B.1.1.529 : score 88
12/08/2023 10:59:37 AM [INFO]:: [Fuzzy] Pfizer BioNTech COVID-19 vaccine; VO:0004988 => Pfizer BioNTech COVID-19 vaccine; VO:0004987 : score 98
12/08/2023 10:59:37 AM [INFO]:: [Fuzzy] SARS-CoV-2 Omicron; BA2.12.1 => SARS-CoV-2 Omicron; B.1.1.529 : score 88
12/08/2023 11:36:24 AM 
PMID: 36511813
12/08/2023 11:36:24 AM WARNING:: [Sex_at_Birth] Changing 'male | female' to 'other'
12/08/2023 11:36:24 AM WARNING:: [Sex_at_Birth] Changing 'male | female' to 'other'
12/08/2023 11:36:24 AM Warning:: [Race] Changing 'Race' to 'other' and moving data to [Race Specify]
12/08/2023 11:36:24 AM Warning:: [Race] Changing 'Race' to 'other' and moving data to [Race Specify]
12/08/2023 11:36:24 AM Warning:: [Ethnicity] Changing list to other in ImmPort Templates
12/08/2023 11:36:24 AM Warning:: [Ethnicity] Changing list to other in ImmPort Templates
12/08/2023 11:36:24 AM [INFO]:: [Fuzzy] SARS-CoV-2 Omicron; BA2.12.1 => SARS-CoV-2 Omicron; B.1.1.529 : score 88
12/08/2023 11:36:24 AM [INFO]:: [Fuzzy] Pfizer BioNTech COVID-19 vaccine; VO:0004988 => Pfizer BioNTech COVID-19 vaccine; VO:0004987 : score 98
12/08/2023 11:36:24 AM [INFO]:: [Fuzzy] SARS-CoV-2 Omicron; BA2.12.1 => SARS-CoV-2 Omicron; B.1.1.529 : score 88
12/08/2023 12:57:53 PM 
PMID: 35166573
12/08/2023 12:57:53 PM WARNING:: [Sex_at_Birth] Changing 'male | female' to 'other'
12/08/2023 12:57:53 PM Warning:: [Race] Changing 'Race' to 'other' and moving data to [Race Specify]
12/08/2023 12:57:53 PM Warning:: [Ethnicity] Changing list to other in ImmPort Templates
12/08/2023 12:57:54 PM [INFO]:: [Fuzzy] ​JSON Summary Description => JSON Summary Description : score 94
12/08/2023 12:57:58 PM INFO:: [User Change] Moderna COVID-19 vaccine; VO:0005157 => Moderna SARS-CoV-2 vaccine
12/08/2023 12:58:00 PM INFO:: [User Change] Pfizer BioNTech COVID-19 vaccine; VO:0004987 => Pfizer-BioNTech SARS-CoV-2 vaccine
12/08/2023 12:58:00 PM [INFO]:: [Fuzzy] SARS-CoV-2 Delta; B.1.617.3 => SARS-CoV-2 Delta; B.1.617.2 : score 96
12/08/2023 12:58:00 PM [INFO]:: [Fuzzy] SARS-CoV-2 Delta; B.1.617.3 => SARS-CoV-2 Delta; B.1.617.2 : score 96
12/08/2023 01:01:48 PM 
PMID: 35457559
12/08/2023 01:01:48 PM WARNING:: [Sex_at_Birth] Changing 'male | female' to 'other'
12/08/2023 01:01:48 PM Warning:: [Race] Changing 'Race' to 'other' and moving data to [Race Specify]
12/08/2023 01:01:48 PM Warning:: [Ethnicity] Changing list to other in ImmPort Templates
12/08/2023 01:04:56 PM 
PMID: 36298561
12/08/2023 01:04:56 PM WARNING:: [Sex_at_Birth] Changing 'male | female' to 'other'
12/08/2023 01:04:56 PM WARNING:: [Sex_at_Birth] Changing 'male | female' to 'other'
12/08/2023 01:04:56 PM Warning:: [Race] Changing 'Race' to 'other' and moving data to [Race Specify]
12/08/2023 01:04:56 PM Warning:: [Race] Changing 'Race' to 'other' and moving data to [Race Specify]
12/08/2023 01:04:56 PM Warning:: [Race] Changing 'Race' to 'other' and moving data to [Race Specify]
12/08/2023 01:04:56 PM Warning:: [Ethnicity] Changing list to other in ImmPort Templates
12/08/2023 01:04:56 PM Warning:: [Ethnicity] Changing list to other in ImmPort Templates
12/08/2023 01:04:56 PM Warning:: [Ethnicity] Changing list to other in ImmPort Templates
12/08/2023 01:04:58 PM INFO:: [User Change] Not Specified => Not Applicable
12/08/2023 01:09:55 PM 
PMID: 34835041
12/08/2023 01:09:55 PM WARNING:: [Sex_at_Birth] Changing 'male | female' to 'other'
12/08/2023 01:09:55 PM WARNING:: [Sex_at_Birth] Changing 'male | female' to 'other'
12/08/2023 01:09:55 PM Warning:: [Race] Changing 'Race' to 'other' and moving data to [Race Specify]
12/08/2023 01:09:55 PM Warning:: [Race] Changing 'Race' to 'other' and moving data to [Race Specify]
12/08/2023 01:09:55 PM Warning:: [Ethnicity] Changing list to other in ImmPort Templates
12/08/2023 01:09:55 PM Warning:: [Ethnicity] Changing list to other in ImmPort Templates
12/08/2023 01:09:58 PM INFO:: [User Change] Not Specified => Not Applicable
12/08/2023 01:11:14 PM 
PMID: 33735607
12/08/2023 01:11:15 PM INFO:: [Fuzzy] Closest Match Found. Changing Study data => Study Data
12/08/2023 01:11:15 PM INFO:: [Fuzzy] Closest Match Found. Changing Study data => Study Data
12/08/2023 01:11:15 PM INFO:: [Fuzzy] Closest Match Found. Changing Study data => Study Data
12/08/2023 01:11:15 PM INFO:: [Fuzzy] Closest Match Found. Changing Study data => Study Data
12/08/2023 01:11:15 PM INFO:: [Fuzzy] Closest Match Found. Changing Study data => Study Data
12/08/2023 01:11:15 PM INFO:: [Fuzzy] Closest Match Found. Changing Study data => Study Data
12/08/2023 01:11:15 PM INFO:: [Fuzzy] Closest Match Found. Changing Study data => Study Data
12/08/2023 01:11:15 PM [INFO]:: [Fuzzy] COVID 19 => COVID-19 : score 88
12/08/2023 01:11:15 PM INFO:: [Fuzzy] Closest Match Found. Changing Systemic lupus erythematosus => Systemic Lupus Erythematosus
12/08/2023 01:11:15 PM INFO:: [Fuzzy] Closest Match Found. Changing other => Other
12/08/2023 01:11:15 PM INFO:: [Fuzzy] Closest Match Found. Changing other => Other
12/08/2023 01:11:15 PM INFO:: [Fuzzy] Closest Match Found. Changing other => Other
12/08/2023 01:11:15 PM [INFO]:: [Fuzzy] Negarive Control => Negative Control : score 94
12/08/2023 01:11:15 PM INFO:: [Fuzzy] Closest Match Found. Changing other => Other
12/08/2023 01:11:15 PM INFO:: [Fuzzy] Closest Match Found. Changing other => Other
12/08/2023 01:11:15 PM [INFO]:: [Fuzzy] Negarive Control => Negative Control : score 94
12/08/2023 01:11:15 PM INFO:: [Fuzzy] Closest Match Found. Changing other => Other
12/08/2023 01:11:15 PM INFO:: [Fuzzy] Closest Match Found. Changing other => Other
12/08/2023 01:11:15 PM INFO:: [Fuzzy] Closest Match Found. Changing other => Other
12/08/2023 01:11:15 PM INFO:: [Fuzzy] Closest Match Found. Changing other => Other
12/08/2023 01:11:15 PM INFO:: [Fuzzy] Closest Match Found. Changing other => Other
12/08/2023 01:11:15 PM INFO:: [Fuzzy] Closest Match Found. Changing other => Other
12/08/2023 01:13:31 PM 
PMID: 36511813
12/08/2023 01:13:31 PM WARNING:: [Sex_at_Birth] Changing 'male | female' to 'other'
12/08/2023 01:13:31 PM WARNING:: [Sex_at_Birth] Changing 'male | female' to 'other'
12/08/2023 01:13:31 PM Warning:: [Race] Changing 'Race' to 'other' and moving data to [Race Specify]
12/08/2023 01:13:31 PM Warning:: [Race] Changing 'Race' to 'other' and moving data to [Race Specify]
12/08/2023 01:13:31 PM Warning:: [Ethnicity] Changing list to other in ImmPort Templates
12/08/2023 01:13:31 PM Warning:: [Ethnicity] Changing list to other in ImmPort Templates
12/08/2023 01:13:32 PM [INFO]:: [Fuzzy] SARS-CoV-2 Omicron; BA2.12.1 => SARS-CoV-2 Omicron; B.1.1.529 : score 88
12/08/2023 01:13:32 PM [INFO]:: [Fuzzy] Pfizer BioNTech COVID-19 vaccine; VO:0004988 => Pfizer BioNTech COVID-19 vaccine; VO:0004987 : score 98
12/08/2023 01:13:32 PM [INFO]:: [Fuzzy] SARS-CoV-2 Omicron; BA2.12.1 => SARS-CoV-2 Omicron; B.1.1.529 : score 88
