11/25/2024 10:15:26 AM 
PMID: 38702297 ####################
11/25/2024 10:17:18 AM 
PMID: 38702297 ####################
11/25/2024 10:19:26 AM 
PMID: 38063388 ####################
11/25/2024 10:19:26 AM WARNING:: [Sex_at_Birth] Changing 'male | female' to 'other'
11/25/2024 10:19:26 AM WARNING:: [Sex_at_Birth] Changing 'male | female' to 'other'
11/25/2024 10:19:26 AM WARNING:: [Sex_at_Birth] Changing 'male | female' to 'other'
11/25/2024 10:19:26 AM WARNING:: [Sex_at_Birth] Changing 'male | female' to 'other'
11/25/2024 10:19:26 AM Warning:: [Race] Changing 'Race' to 'other' and moving data to [Race Specify]
11/25/2024 10:19:26 AM Warning:: [Race] Changing 'Race' to 'other' and moving data to [Race Specify]
11/25/2024 10:19:26 AM Warning:: [Race] Changing 'Race' to 'other' and moving data to [Race Specify]
11/25/2024 10:19:26 AM Warning:: [Race] Changing 'Race' to 'other' and moving data to [Race Specify]
11/25/2024 10:19:26 AM Warning:: [Ethnicity] Changing list to other in ImmPort Templates
11/25/2024 10:19:26 AM Warning:: [Ethnicity] Changing list to other in ImmPort Templates
11/25/2024 10:19:26 AM Warning:: [Ethnicity] Changing list to other in ImmPort Templates
11/25/2024 10:19:26 AM Warning:: [Ethnicity] Changing list to other in ImmPort Templates
11/25/2024 10:19:26 AM INFO:: [Fuzzy] Closest Match Found. Changing HCoVs - Seasonal (OC43 => HCoVs - Seasonal (OC43, HKU-1, NL63, 229E)
11/25/2024 10:19:26 AM INFO:: [Fuzzy] Closest Match Found. Changing HKU-1 => HCoVs - Seasonal (OC43, HKU-1, NL63, 229E)
11/25/2024 10:19:26 AM INFO:: [Fuzzy] Closest Match Found. Changing NL63 => HCoVs - Seasonal (OC43, HKU-1, NL63, 229E)
11/25/2024 10:19:26 AM INFO:: [Fuzzy] Closest Match Found. Changing 229E) => HCoVs - Seasonal (OC43, HKU-1, NL63, 229E)
11/25/2024 10:19:26 AM INFO:: [Fuzzy] Closest Match Found. Changing HCoVs - Seasonal (OC43 => HCoVs - Seasonal (OC43, HKU-1, NL63, 229E)
11/25/2024 10:19:26 AM INFO:: [Fuzzy] Closest Match Found. Changing HKU-1 => HCoVs - Seasonal (OC43, HKU-1, NL63, 229E)
11/25/2024 10:19:26 AM INFO:: [Fuzzy] Closest Match Found. Changing NL63 => HCoVs - Seasonal (OC43, HKU-1, NL63, 229E)
11/25/2024 10:19:26 AM INFO:: [Fuzzy] Closest Match Found. Changing 229E) => HCoVs - Seasonal (OC43, HKU-1, NL63, 229E)
11/25/2024 10:22:03 AM 
PMID: 37312418 ####################
11/25/2024 10:22:03 AM WARNING:: [Sex_at_Birth] Changing 'male | female' to 'other'
11/25/2024 10:22:03 AM WARNING:: [Sex_at_Birth] Changing 'male | female' to 'other'
11/25/2024 10:22:03 AM WARNING:: [Sex_at_Birth] Changing 'male | female' to 'other'
11/25/2024 10:22:03 AM WARNING:: [Sex_at_Birth] Changing 'male | female' to 'other'
11/25/2024 10:22:03 AM WARNING:: [Sex_at_Birth] Changing 'male | female' to 'other'
11/25/2024 10:22:03 AM Warning:: [Race] Changing 'Race' to 'other' and moving data to [Race Specify]
11/25/2024 10:22:03 AM Warning:: [Race] Changing 'Race' to 'other' and moving data to [Race Specify]
11/25/2024 10:22:03 AM Warning:: [Race] Changing 'Race' to 'other' and moving data to [Race Specify]
11/25/2024 10:22:03 AM Warning:: [Race] Changing 'Race' to 'other' and moving data to [Race Specify]
11/25/2024 10:22:03 AM Warning:: [Race] Changing 'Race' to 'other' and moving data to [Race Specify]
11/25/2024 10:22:03 AM Warning:: [Ethnicity] Changing list to other in ImmPort Templates
11/25/2024 10:22:03 AM Warning:: [Ethnicity] Changing list to other in ImmPort Templates
11/25/2024 10:22:03 AM Warning:: [Ethnicity] Changing list to other in ImmPort Templates
11/25/2024 10:22:03 AM Warning:: [Ethnicity] Changing list to other in ImmPort Templates
11/25/2024 10:22:03 AM Warning:: [Ethnicity] Changing list to other in ImmPort Templates
11/25/2024 10:34:52 AM 
PMID: 38591890 ####################
11/25/2024 10:34:52 AM WARNING:: [Sex_at_Birth] Changing 'male | female' to 'other'
11/25/2024 10:34:52 AM WARNING:: [Sex_at_Birth] Changing 'male | female' to 'other'
11/25/2024 10:34:52 AM Warning:: [Race] Changing 'Race' to 'other' and moving data to [Race Specify]
11/25/2024 10:34:52 AM Warning:: [Race] Changing 'Race' to 'other' and moving data to [Race Specify]
11/25/2024 10:34:52 AM Warning:: [Ethnicity] Changing list to other in ImmPort Templates
11/25/2024 10:34:52 AM Warning:: [Ethnicity] Changing list to other in ImmPort Templates
11/25/2024 10:36:00 AM 
PMID: 38591890 ####################
11/25/2024 10:36:00 AM WARNING:: [Sex_at_Birth] Changing 'male | female' to 'other'
11/25/2024 10:36:00 AM WARNING:: [Sex_at_Birth] Changing 'male | female' to 'other'
11/25/2024 10:36:00 AM Warning:: [Race] Changing 'Race' to 'other' and moving data to [Race Specify]
11/25/2024 10:36:00 AM Warning:: [Race] Changing 'Race' to 'other' and moving data to [Race Specify]
11/25/2024 10:36:00 AM Warning:: [Ethnicity] Changing list to other in ImmPort Templates
11/25/2024 10:36:00 AM Warning:: [Ethnicity] Changing list to other in ImmPort Templates
11/25/2024 10:36:05 AM [INFO]:: [Fuzzy] SARS-CoV-2 Omicron variant JN.1variant XBB.1.5 => SARS-CoV-2 Omicron variant XBB.1.5 : score 85
11/25/2024 10:37:47 AM 
PMID: 38591890 ####################
11/25/2024 10:37:47 AM WARNING:: [Sex_at_Birth] Changing 'male | female' to 'other'
11/25/2024 10:37:47 AM WARNING:: [Sex_at_Birth] Changing 'male | female' to 'other'
11/25/2024 10:37:47 AM Warning:: [Race] Changing 'Race' to 'other' and moving data to [Race Specify]
11/25/2024 10:37:47 AM Warning:: [Race] Changing 'Race' to 'other' and moving data to [Race Specify]
11/25/2024 10:37:47 AM Warning:: [Ethnicity] Changing list to other in ImmPort Templates
11/25/2024 10:37:47 AM Warning:: [Ethnicity] Changing list to other in ImmPort Templates
11/25/2024 10:37:48 AM [INFO]:: [Fuzzy] SARS-CoV-2 Omicron variant JN.1variant XBB.1.5 => SARS-CoV-2 Omicron variant XBB.1.5 : score 85
11/25/2024 10:38:59 AM 
PMID: 38591890 ####################
11/25/2024 10:38:59 AM WARNING:: [Sex_at_Birth] Changing 'male | female' to 'other'
11/25/2024 10:38:59 AM WARNING:: [Sex_at_Birth] Changing 'male | female' to 'other'
11/25/2024 10:38:59 AM Warning:: [Race] Changing 'Race' to 'other' and moving data to [Race Specify]
11/25/2024 10:38:59 AM Warning:: [Race] Changing 'Race' to 'other' and moving data to [Race Specify]
11/25/2024 10:38:59 AM Warning:: [Ethnicity] Changing list to other in ImmPort Templates
11/25/2024 10:38:59 AM Warning:: [Ethnicity] Changing list to other in ImmPort Templates
11/25/2024 10:39:19 AM 
PMID: 38591890 ####################
11/25/2024 10:39:19 AM WARNING:: [Sex_at_Birth] Changing 'male | female' to 'other'
11/25/2024 10:39:19 AM WARNING:: [Sex_at_Birth] Changing 'male | female' to 'other'
11/25/2024 10:39:19 AM Warning:: [Race] Changing 'Race' to 'other' and moving data to [Race Specify]
11/25/2024 10:39:19 AM Warning:: [Race] Changing 'Race' to 'other' and moving data to [Race Specify]
11/25/2024 10:39:19 AM Warning:: [Ethnicity] Changing list to other in ImmPort Templates
11/25/2024 10:39:19 AM Warning:: [Ethnicity] Changing list to other in ImmPort Templates
11/25/2024 10:43:33 AM 
PMID: 35801588 ####################
11/25/2024 10:43:33 AM WARNING:: [Sex_at_Birth] Changing 'male | female' to 'other'
11/25/2024 10:43:33 AM WARNING:: [Sex_at_Birth] Changing 'male | female' to 'other'
11/25/2024 10:43:33 AM Warning:: [Race] Changing 'Race' to 'other' and moving data to [Race Specify]
11/25/2024 10:43:33 AM Warning:: [Race] Changing 'Race' to 'other' and moving data to [Race Specify]
11/25/2024 10:43:33 AM Warning:: [Ethnicity] Changing list to other in ImmPort Templates
11/25/2024 10:43:33 AM Warning:: [Ethnicity] Changing list to other in ImmPort Templates
11/25/2024 10:43:35 AM INFO:: [User Change] Not Specified => Not Applicable
11/25/2024 10:43:36 AM INFO:: [User Change] Electrochemiluminescence Immunoassay (eCLIA) => Chemiluminescent Assay
11/25/2024 10:43:36 AM Previous Input: Assay Type, Electrochemiluminescence Immunoassay (eCLIA) => Chemiluminescent Assay
11/25/2024 10:43:36 AM Previous Input: Assay Type, Electrochemiluminescence Immunoassay (eCLIA) => Chemiluminescent Assay
11/25/2024 10:43:36 AM Previous Input: Assay Type, Electrochemiluminescence Immunoassay (eCLIA) => Chemiluminescent Assay
11/25/2024 10:44:39 AM 
PMID: 35801588 ####################
11/25/2024 10:44:39 AM WARNING:: [Sex_at_Birth] Changing 'male | female' to 'other'
11/25/2024 10:44:39 AM WARNING:: [Sex_at_Birth] Changing 'male | female' to 'other'
11/25/2024 10:44:39 AM Warning:: [Race] Changing 'Race' to 'other' and moving data to [Race Specify]
11/25/2024 10:44:39 AM Warning:: [Race] Changing 'Race' to 'other' and moving data to [Race Specify]
11/25/2024 10:44:39 AM Warning:: [Ethnicity] Changing list to other in ImmPort Templates
11/25/2024 10:44:39 AM Warning:: [Ethnicity] Changing list to other in ImmPort Templates
11/25/2024 10:44:41 AM INFO:: [User Change] Not Specified => Not Applicable
11/25/2024 10:46:30 AM 
PMID: 35801588 ####################
11/25/2024 10:46:30 AM WARNING:: [Sex_at_Birth] Changing 'male | female' to 'other'
11/25/2024 10:46:30 AM WARNING:: [Sex_at_Birth] Changing 'male | female' to 'other'
11/25/2024 10:46:30 AM Warning:: [Race] Changing 'Race' to 'other' and moving data to [Race Specify]
11/25/2024 10:46:30 AM Warning:: [Race] Changing 'Race' to 'other' and moving data to [Race Specify]
11/25/2024 10:46:30 AM Warning:: [Ethnicity] Changing list to other in ImmPort Templates
11/25/2024 10:46:30 AM Warning:: [Ethnicity] Changing list to other in ImmPort Templates
11/25/2024 10:46:32 AM INFO:: [User Change] Not Specified => Not Applicable
11/25/2024 10:50:26 AM 
PMID: 37104046 ####################
11/25/2024 10:50:26 AM WARNING:: [Sex_at_Birth] Changing 'male | female' to 'other'
11/25/2024 10:50:26 AM WARNING:: [Sex_at_Birth] Changing 'male | female' to 'other'
11/25/2024 10:50:26 AM WARNING:: [Sex_at_Birth] Changing 'male | female' to 'other'
11/25/2024 10:50:26 AM Warning:: [Race] Changing 'Race' to 'other' and moving data to [Race Specify]
11/25/2024 10:50:26 AM Warning:: [Race] Changing 'Race' to 'other' and moving data to [Race Specify]
11/25/2024 10:50:26 AM Warning:: [Ethnicity] Changing list to other in ImmPort Templates
11/25/2024 10:50:26 AM Warning:: [Ethnicity] Changing list to other in ImmPort Templates
11/25/2024 10:50:26 AM Warning:: [Ethnicity] Changing list to other in ImmPort Templates
11/25/2024 01:55:00 PM 
PMID: 37584345 ####################
11/25/2024 01:55:00 PM Warning:: [Race] Changing 'Race' to 'other' and moving data to [Race Specify]
11/25/2024 01:55:00 PM Warning:: [Ethnicity] Changing list to other in ImmPort Templates
11/25/2024 02:00:06 PM INFO:: [User Change] Not Specified => Not Applicable
11/25/2024 02:00:14 PM 
PMID: 37584345 ####################
11/25/2024 02:00:14 PM Warning:: [Race] Changing 'Race' to 'other' and moving data to [Race Specify]
11/25/2024 02:00:14 PM Warning:: [Ethnicity] Changing list to other in ImmPort Templates
11/25/2024 02:00:15 PM INFO:: [User Change] Not Specified => Not Applicable
11/25/2024 02:42:15 PM 
PMID: 33971664 ####################
11/25/2024 02:42:15 PM WARNING:: [Sex_at_Birth] Changing 'male | female' to 'other'
11/25/2024 02:42:15 PM WARNING:: [Sex_at_Birth] Changing 'male | female' to 'other'
11/25/2024 02:42:15 PM WARNING:: [Sex_at_Birth] Changing 'male | female' to 'other'
11/25/2024 02:42:15 PM WARNING:: [Sex_at_Birth] Changing 'male | female' to 'other'
11/25/2024 02:42:15 PM WARNING:: [Sex_at_Birth] Changing 'male | female' to 'other'
11/25/2024 02:42:15 PM Warning:: [Race] Changing 'Race' to 'other' and moving data to [Race Specify]
11/25/2024 02:42:15 PM Warning:: [Race] Changing 'Race' to 'other' and moving data to [Race Specify]
11/25/2024 02:42:15 PM Warning:: [Race] Changing 'Race' to 'other' and moving data to [Race Specify]
11/25/2024 02:42:15 PM Warning:: [Race] Changing 'Race' to 'other' and moving data to [Race Specify]
11/25/2024 02:42:15 PM Warning:: [Race] Changing 'Race' to 'other' and moving data to [Race Specify]
11/25/2024 02:42:15 PM Warning:: [Ethnicity] Changing list to other in ImmPort Templates
11/25/2024 02:42:15 PM Warning:: [Ethnicity] Changing list to other in ImmPort Templates
11/25/2024 02:42:15 PM Warning:: [Ethnicity] Changing list to other in ImmPort Templates
11/25/2024 02:42:15 PM Warning:: [Ethnicity] Changing list to other in ImmPort Templates
11/25/2024 02:42:15 PM Warning:: [Ethnicity] Changing list to other in ImmPort Templates
11/25/2024 02:42:23 PM [INFO]:: [Fuzzy] ​JSON Summary Description => JSON Summary Description : score 94
11/25/2024 02:42:23 PM INFO:: [Fuzzy] Closest Match Found. Changing Nasal Swab => Nasal Swab or Nose Specimen
11/25/2024 02:42:23 PM [INFO]:: [Fuzzy] WIV-1 => HIV-1 : score 80
11/25/2024 02:42:23 PM INFO:: [Fuzzy] Closest Match Found. Changing Nasal Swab => Nasal Swab or Nose Specimen
11/25/2024 02:42:23 PM INFO:: [Fuzzy] Closest Match Found. Changing WIV1 => WIV1 (bat)
11/25/2024 02:48:48 PM 
PMID: 33971664 ####################
11/25/2024 02:48:48 PM WARNING:: [Sex_at_Birth] Changing 'male | female' to 'other'
11/25/2024 02:48:48 PM WARNING:: [Sex_at_Birth] Changing 'male | female' to 'other'
11/25/2024 02:48:48 PM WARNING:: [Sex_at_Birth] Changing 'male | female' to 'other'
11/25/2024 02:48:48 PM WARNING:: [Sex_at_Birth] Changing 'male | female' to 'other'
11/25/2024 02:48:48 PM WARNING:: [Sex_at_Birth] Changing 'male | female' to 'other'
11/25/2024 02:48:48 PM Warning:: [Race] Changing 'Race' to 'other' and moving data to [Race Specify]
11/25/2024 02:48:48 PM Warning:: [Race] Changing 'Race' to 'other' and moving data to [Race Specify]
11/25/2024 02:48:48 PM Warning:: [Race] Changing 'Race' to 'other' and moving data to [Race Specify]
11/25/2024 02:48:48 PM Warning:: [Race] Changing 'Race' to 'other' and moving data to [Race Specify]
11/25/2024 02:48:48 PM Warning:: [Race] Changing 'Race' to 'other' and moving data to [Race Specify]
11/25/2024 02:48:48 PM Warning:: [Ethnicity] Changing list to other in ImmPort Templates
11/25/2024 02:48:48 PM Warning:: [Ethnicity] Changing list to other in ImmPort Templates
11/25/2024 02:48:48 PM Warning:: [Ethnicity] Changing list to other in ImmPort Templates
11/25/2024 02:48:48 PM Warning:: [Ethnicity] Changing list to other in ImmPort Templates
11/25/2024 02:48:48 PM Warning:: [Ethnicity] Changing list to other in ImmPort Templates
11/25/2024 02:48:48 PM [INFO]:: [Fuzzy] ​JSON Summary Description => JSON Summary Description : score 94
11/25/2024 02:48:48 PM INFO:: [Fuzzy] Closest Match Found. Changing Nasal Swab => Nasal Swab or Nose Specimen
11/25/2024 02:48:48 PM [INFO]:: [Fuzzy] WIV-1 => HIV-1 : score 80
11/25/2024 02:48:48 PM INFO:: [Fuzzy] Closest Match Found. Changing Nasal Swab => Nasal Swab or Nose Specimen
11/25/2024 02:48:48 PM INFO:: [Fuzzy] Closest Match Found. Changing WIV1 => WIV1 (bat)
11/25/2024 04:03:19 PM 
PMID: 34706273 ####################
11/25/2024 04:03:19 PM WARNING:: [Sex_at_Birth] Changing 'male | female' to 'other'
11/25/2024 04:03:19 PM WARNING:: [Sex_at_Birth] Changing 'male | female' to 'other'
11/25/2024 04:03:19 PM WARNING:: [Sex_at_Birth] Changing 'male | female' to 'other'
11/25/2024 04:03:19 PM Warning:: [Race] Changing 'Race' to 'other' and moving data to [Race Specify]
11/25/2024 04:03:19 PM Warning:: [Race] Changing 'Race' to 'other' and moving data to [Race Specify]
11/25/2024 04:03:19 PM Warning:: [Race] Changing 'Race' to 'other' and moving data to [Race Specify]
11/25/2024 04:03:19 PM Warning:: [Ethnicity] Changing list to other in ImmPort Templates
11/25/2024 04:03:19 PM Warning:: [Ethnicity] Changing list to other in ImmPort Templates
11/25/2024 04:03:19 PM Warning:: [Ethnicity] Changing list to other in ImmPort Templates
11/25/2024 04:03:23 PM [INFO]:: [Fuzzy] ​JSON Summary Description => JSON Summary Description : score 94
11/25/2024 04:03:32 PM INFO:: [User Change] Covid-19 => COVID-19
11/25/2024 04:03:32 PM [INFO]:: [Fuzzy] Pfizer BioNTech COVID-19 vaccine ; VO:0004987 => Pfizer BioNTech COVID-19 vaccine; VO:0004987 : score 99
11/25/2024 04:03:32 PM [INFO]:: [Fuzzy] Pfizer BioNTech COVID-19 vaccine ; VO:0004987 => Pfizer BioNTech COVID-19 vaccine; VO:0004987 : score 99
11/25/2024 04:03:32 PM [INFO]:: [Fuzzy] Pfizer BioNTech COVID-19 vaccine ; VO:0004987 => Pfizer BioNTech COVID-19 vaccine; VO:0004987 : score 99
11/25/2024 04:23:19 PM 
PMID: 23456789 ####################
11/25/2024 04:23:19 PM ERROR:: [protocols] Protocol information is missing
11/25/2024 04:23:45 PM 
PMID: 23456789 ####################
11/25/2024 04:23:45 PM ERROR:: [protocols] Protocol information is missing
11/25/2024 04:24:09 PM 
PMID: 23456789 ####################
11/25/2024 04:24:09 PM WARNING:: [Sex_at_Birth] Changing 'male | female' to 'other'
11/25/2024 04:24:09 PM WARNING:: [Sex_at_Birth] Changing 'male | female' to 'other'
11/25/2024 04:24:09 PM WARNING:: [Sex_at_Birth] Changing 'male | female' to 'other'
11/25/2024 04:24:09 PM WARNING:: [Sex_at_Birth] Changing 'male | female' to 'other'
11/25/2024 04:24:09 PM WARNING:: [Sex_at_Birth] Changing 'male | female' to 'other'
11/25/2024 04:24:09 PM WARNING:: [Sex_at_Birth] Changing 'male | female' to 'other'
11/25/2024 04:24:09 PM Warning:: [Race] Changing 'Race' to 'other' and moving data to [Race Specify]
11/25/2024 04:24:09 PM Warning:: [Race] Changing 'Race' to 'other' and moving data to [Race Specify]
11/25/2024 04:24:09 PM Warning:: [Race] Changing 'Race' to 'other' and moving data to [Race Specify]
11/25/2024 04:24:09 PM Warning:: [Race] Changing 'Race' to 'other' and moving data to [Race Specify]
11/25/2024 04:24:09 PM Warning:: [Race] Changing 'Race' to 'other' and moving data to [Race Specify]
11/25/2024 04:24:09 PM Warning:: [Race] Changing 'Race' to 'other' and moving data to [Race Specify]
11/25/2024 04:24:09 PM Warning:: [Ethnicity] Changing list to other in ImmPort Templates
11/25/2024 04:24:09 PM Warning:: [Ethnicity] Changing list to other in ImmPort Templates
11/25/2024 04:24:09 PM Warning:: [Ethnicity] Changing list to other in ImmPort Templates
11/25/2024 04:24:09 PM Warning:: [Ethnicity] Changing list to other in ImmPort Templates
11/25/2024 04:24:09 PM Warning:: [Ethnicity] Changing list to other in ImmPort Templates
11/25/2024 04:24:09 PM Warning:: [Ethnicity] Changing list to other in ImmPort Templates
11/25/2024 04:33:33 PM 
PMID: 23456789 ####################
11/25/2024 04:33:33 PM WARNING:: [Sex_at_Birth] Changing 'male | female' to 'other'
11/25/2024 04:33:33 PM WARNING:: [Sex_at_Birth] Changing 'male | female' to 'other'
11/25/2024 04:33:33 PM WARNING:: [Sex_at_Birth] Changing 'male | female' to 'other'
11/25/2024 04:33:33 PM WARNING:: [Sex_at_Birth] Changing 'male | female' to 'other'
11/25/2024 04:33:33 PM WARNING:: [Sex_at_Birth] Changing 'male | female' to 'other'
11/25/2024 04:33:33 PM WARNING:: [Sex_at_Birth] Changing 'male | female' to 'other'
11/25/2024 04:33:33 PM Warning:: [Race] Changing 'Race' to 'other' and moving data to [Race Specify]
11/25/2024 04:33:33 PM Warning:: [Race] Changing 'Race' to 'other' and moving data to [Race Specify]
11/25/2024 04:33:33 PM Warning:: [Race] Changing 'Race' to 'other' and moving data to [Race Specify]
11/25/2024 04:33:33 PM Warning:: [Race] Changing 'Race' to 'other' and moving data to [Race Specify]
11/25/2024 04:33:33 PM Warning:: [Race] Changing 'Race' to 'other' and moving data to [Race Specify]
11/25/2024 04:33:33 PM Warning:: [Race] Changing 'Race' to 'other' and moving data to [Race Specify]
11/25/2024 04:33:33 PM Warning:: [Ethnicity] Changing list to other in ImmPort Templates
11/25/2024 04:33:33 PM Warning:: [Ethnicity] Changing list to other in ImmPort Templates
11/25/2024 04:33:33 PM Warning:: [Ethnicity] Changing list to other in ImmPort Templates
11/25/2024 04:33:33 PM Warning:: [Ethnicity] Changing list to other in ImmPort Templates
11/25/2024 04:33:33 PM Warning:: [Ethnicity] Changing list to other in ImmPort Templates
11/25/2024 04:33:33 PM Warning:: [Ethnicity] Changing list to other in ImmPort Templates
11/25/2024 04:33:33 PM [INFO]:: [Fuzzy] Lung Disease => Lung Disease
 : score 96
11/25/2024 04:33:33 PM [INFO]:: [Fuzzy] Acute Liver Disease => Liver Disease : score 81
11/25/2024 04:33:33 PM INFO:: [Fuzzy] Closest Match Found. Changing Immunosuppressive Disorder => Immunosuppressive Disorder 
11/25/2024 04:33:33 PM INFO:: [Fuzzy] Closest Match Found. Changing Viral Infection => Cytomegaloviral Infection
11/25/2024 04:33:33 PM [INFO]:: [Fuzzy] Pfizer-BioNTech SARS-CoV-2 vaccine => Pfizer-BioNTech SARS-CoV-2 bivalent vaccine; VO:0006069 : score 76
11/25/2024 04:33:33 PM INFO:: [Fuzzy] Closest Match Found. Changing Pfizer-BioNTech SARS-CoV-2 bivalent vaccine => Pfizer-BioNTech SARS-CoV-2 bivalent vaccine; VO:0006069
11/25/2024 04:33:33 PM [INFO]:: [Fuzzy] Pfizer-BioNTech SARS-CoV-2 XBB.1.5  vaccine => Pfizer-BioNTech SARS-CoV-2 XBB.1.5; VO:0021175 : score 79
11/25/2024 04:33:47 PM INFO:: [User Change] Moderna SARS-CoV-2 vaccine => Moderna COVID-19 vaccine; VO:0005157
11/25/2024 04:33:47 PM INFO:: [Fuzzy] Closest Match Found. Changing Moderna SARS-CoV-2 bivalent vaccine => Moderna SARS-CoV-2 bivalent vaccine; VO:0020200
11/25/2024 04:34:03 PM INFO:: [User Change] Moderna SARS-CoV-2 XBB.1.5 vaccine => Other
11/25/2024 04:34:06 PM INFO:: [User Change] Johnson & Johnson SARS-CoV-2 vaccine => Johnson & Johnson COVID-19 vaccine; VO:0005159
11/25/2024 04:34:06 PM Previous Input: SARS-CoV-2 Vaccine Type - SUBJECT, Moderna SARS-CoV-2 XBB.1.5 vaccine => Other
11/25/2024 04:34:06 PM Previous Input: SARS-CoV-2 Vaccine Type - SUBJECT, Moderna SARS-CoV-2 XBB.1.5 vaccine => Other
11/25/2024 04:34:06 PM Previous Input: SARS-CoV-2 Vaccine Type - SUBJECT, Moderna SARS-CoV-2 XBB.1.5 vaccine => Other
11/25/2024 04:34:06 PM Previous Input: SARS-CoV-2 Vaccine Type - SUBJECT, Moderna SARS-CoV-2 XBB.1.5 vaccine => Other
11/25/2024 04:34:06 PM Previous Input: SARS-CoV-2 Vaccine Type - SUBJECT, Moderna SARS-CoV-2 XBB.1.5 vaccine => Other
11/25/2024 04:34:06 PM Previous Input: SARS-CoV-2 Vaccine Type - SUBJECT, Moderna SARS-CoV-2 XBB.1.5 vaccine => Other
