09/14/2023 07:34:33 AM 
PMID: 99999999
09/14/2023 07:34:33 AM WARNING:: [Sex_at_Birth] Changing 'male | female' to 'other'
09/14/2023 07:36:03 AM 
PMID: 99999999
09/14/2023 07:36:04 AM WARNING:: [Sex_at_Birth] Changing 'male | female' to 'other'
09/14/2023 07:36:04 AM Warning:: [Race] Changing 'Race' to 'other' and moving data to [Race Specify]
09/14/2023 07:36:04 AM Warning:: [Ethnicity] Changing list to other in ImmPort Templates
09/14/2023 07:36:41 AM 
PMID: 99999999
09/14/2023 07:36:41 AM WARNING:: [Sex_at_Birth] Changing 'male | female' to 'other'
09/14/2023 07:36:41 AM Warning:: [Race] Changing 'Race' to 'other' and moving data to [Race Specify]
09/14/2023 07:36:41 AM Warning:: [Ethnicity] Changing list to other in ImmPort Templates
09/14/2023 07:39:18 AM 
PMID: 99999999
09/14/2023 07:39:18 AM WARNING:: [Sex_at_Birth] Changing 'male | female' to 'other'
09/14/2023 07:39:18 AM Warning:: [Race] Changing 'Race' to 'other' and moving data to [Race Specify]
09/14/2023 07:39:18 AM Warning:: [Ethnicity] Changing list to other in ImmPort Templates
09/14/2023 07:41:20 AM 
PMID: 99999999
09/14/2023 07:41:20 AM WARNING:: [Sex_at_Birth] Changing 'male | female' to 'other'
09/14/2023 07:41:20 AM Warning:: [Race] Changing 'Race' to 'other' and moving data to [Race Specify]
09/14/2023 07:41:20 AM Warning:: [Ethnicity] Changing list to other in ImmPort Templates
09/14/2023 07:42:13 AM 
PMID: 99999999
09/14/2023 07:42:13 AM WARNING:: [Sex_at_Birth] Changing 'male | female' to 'other'
09/14/2023 07:42:13 AM Warning:: [Race] Changing 'Race' to 'other' and moving data to [Race Specify]
09/14/2023 07:42:13 AM Warning:: [Ethnicity] Changing list to other in ImmPort Templates
09/14/2023 03:23:32 PM 
PMID: 34584899
09/14/2023 03:23:32 PM WARNING:: [inclusion exclusion] Changing Yes => Inclusion
09/14/2023 03:23:32 PM WARNING:: [inclusion exclusion] Changing No => Exclusion
09/14/2023 03:23:32 PM WARNING:: [inclusion exclusion] Changing Yes => Inclusion
09/14/2023 03:23:32 PM WARNING:: [Sex_at_Birth] Changing 'male | female' to 'other'
09/14/2023 03:23:32 PM Warning:: [Race] Changing 'Race' to 'other' and moving data to [Race Specify]
09/14/2023 03:23:32 PM Warning:: [Ethnicity] Changing list to other in ImmPort Templates
09/14/2023 03:23:35 PM [INFO]:: [Fuzzy] ​JSON Summary Description => JSON Summary Description : score 94
09/14/2023 03:23:39 PM INFO:: [User Change] Covid-19 => COVID-19
09/14/2023 03:26:00 PM 
PMID: 35459461
09/14/2023 03:26:00 PM WARNING:: [Sex_at_Birth] Changing 'male | female' to 'other'
09/14/2023 03:26:00 PM Warning:: [Race] Changing 'Race' to 'other' and moving data to [Race Specify]
09/14/2023 03:26:00 PM Warning:: [Ethnicity] Changing list to other in ImmPort Templates
09/14/2023 04:03:11 PM 
PMID: 33775692
09/14/2023 04:03:11 PM Warning:: [Race] Changing 'Race' to 'other' and moving data to [Race Specify]
09/14/2023 04:03:11 PM Warning:: [Race] Changing 'Race' to 'other' and moving data to [Race Specify]
09/14/2023 04:03:11 PM Warning:: [Race] Changing 'Race' to 'other' and moving data to [Race Specify]
09/14/2023 04:03:11 PM Warning:: [Race] Changing 'Race' to 'other' and moving data to [Race Specify]
09/14/2023 04:03:11 PM Warning:: [Race] Changing 'Race' to 'other' and moving data to [Race Specify]
09/14/2023 04:03:11 PM Warning:: [Ethnicity] Changing list to other in ImmPort Templates
09/14/2023 04:03:11 PM Warning:: [Ethnicity] Changing list to other in ImmPort Templates
09/14/2023 04:03:11 PM Warning:: [Ethnicity] Changing list to other in ImmPort Templates
09/14/2023 04:03:11 PM Warning:: [Ethnicity] Changing list to other in ImmPort Templates
09/14/2023 04:03:11 PM Warning:: [Ethnicity] Changing list to other in ImmPort Templates
09/14/2023 04:03:22 PM 
PMID: 33983379
09/14/2023 04:03:22 PM Warning:: [Race] Changing 'Race' to 'other' and moving data to [Race Specify]
09/14/2023 04:03:22 PM Warning:: [Race] Changing 'Race' to 'other' and moving data to [Race Specify]
09/14/2023 04:03:22 PM Warning:: [Race] Changing 'Race' to 'other' and moving data to [Race Specify]
09/14/2023 04:03:22 PM Warning:: [Race] Changing 'Race' to 'other' and moving data to [Race Specify]
09/14/2023 04:03:22 PM Warning:: [Race] Changing 'Race' to 'other' and moving data to [Race Specify]
09/14/2023 04:03:22 PM Warning:: [Ethnicity] Changing list to other in ImmPort Templates
09/14/2023 04:03:22 PM Warning:: [Ethnicity] Changing list to other in ImmPort Templates
09/14/2023 04:03:22 PM Warning:: [Ethnicity] Changing list to other in ImmPort Templates
09/14/2023 04:03:22 PM Warning:: [Ethnicity] Changing list to other in ImmPort Templates
09/14/2023 04:03:22 PM Warning:: [Ethnicity] Changing list to other in ImmPort Templates
09/14/2023 04:03:22 PM [planned visit]: PMID33983379_visit-03 has reached character limit (173 > 125)
09/14/2023 04:04:16 PM [INFO]:: [Fuzzy] Moderna COVID-19 vaccine ; VO:0005157 => Moderna COVID-19 vaccine; VO:0005157 : score 99
09/14/2023 04:04:16 PM [INFO]:: [Fuzzy] Pfizer BioNTech COVID-19 vaccine ; VO:0004987 => Pfizer BioNTech COVID-19 vaccine; VO:0004987 : score 99
09/14/2023 04:04:16 PM [INFO]:: [Fuzzy] Moderna COVID-19 vaccine ; VO:0005157 => Moderna COVID-19 vaccine; VO:0005157 : score 99
09/14/2023 04:04:16 PM [INFO]:: [Fuzzy] Pfizer BioNTech COVID-19 vaccine ; VO:0004987 => Pfizer BioNTech COVID-19 vaccine; VO:0004987 : score 99
09/14/2023 04:04:16 PM [INFO]:: [Fuzzy] Moderna COVID-19 vaccine ; VO:0005157 => Moderna COVID-19 vaccine; VO:0005157 : score 99
09/14/2023 04:04:16 PM [INFO]:: [Fuzzy] Pfizer BioNTech COVID-19 vaccine ; VO:0004987 => Pfizer BioNTech COVID-19 vaccine; VO:0004987 : score 99
09/14/2023 04:04:16 PM [INFO]:: [Fuzzy] Moderna COVID-19 vaccine ; VO:0005157 => Moderna COVID-19 vaccine; VO:0005157 : score 99
09/14/2023 04:04:16 PM [INFO]:: [Fuzzy] Pfizer BioNTech COVID-19 vaccine ; VO:0004987 => Pfizer BioNTech COVID-19 vaccine; VO:0004987 : score 99
09/14/2023 04:04:35 PM INFO:: [User Change] Unknown => Not Specified
09/14/2023 04:04:40 PM INFO:: [User Change] Other => Other Race
09/14/2023 04:05:07 PM 
PMID: 34792136
09/14/2023 04:05:07 PM WARNING:: [Sex_at_Birth] Changing 'male | female' to 'other'
09/14/2023 04:05:07 PM WARNING:: [Sex_at_Birth] Changing 'male | female' to 'other'
09/14/2023 04:05:07 PM WARNING:: [Sex_at_Birth] Changing 'male | female' to 'other'
09/14/2023 04:05:07 PM Warning:: [Race] Changing 'Race' to 'other' and moving data to [Race Specify]
09/14/2023 04:05:07 PM Warning:: [Race] Changing 'Race' to 'other' and moving data to [Race Specify]
09/14/2023 04:05:07 PM Warning:: [Race] Changing 'Race' to 'other' and moving data to [Race Specify]
09/14/2023 04:05:07 PM Warning:: [Ethnicity] Changing list to other in ImmPort Templates
09/14/2023 04:05:07 PM Warning:: [Ethnicity] Changing list to other in ImmPort Templates
09/14/2023 04:05:07 PM Warning:: [Ethnicity] Changing list to other in ImmPort Templates
09/14/2023 04:05:07 PM Error:: [planned visit] Same order number used more than once
09/14/2023 04:05:24 PM 
PMID: 36260835
09/14/2023 04:05:24 PM WARNING:: [Sex_at_Birth] Changing 'male | female' to 'other'
09/14/2023 04:05:24 PM WARNING:: [Sex_at_Birth] Changing 'male | female' to 'other'
09/14/2023 04:05:24 PM Warning:: [Race] Changing 'Race' to 'other' and moving data to [Race Specify]
09/14/2023 04:05:24 PM Warning:: [Race] Changing 'Race' to 'other' and moving data to [Race Specify]
09/14/2023 04:05:24 PM Warning:: [Ethnicity] Changing list to other in ImmPort Templates
09/14/2023 04:05:24 PM Warning:: [Ethnicity] Changing list to other in ImmPort Templates
09/14/2023 04:05:39 PM [INFO]:: [Fuzzy] ​JSON Summary Description => JSON Summary Description : score 94
09/14/2023 04:05:39 PM [INFO]:: [Fuzzy] SARS-CoV-2 Omicron sub variant BA.4.6 => SARS-CoV-2 Omicron variant BA.4.6 : score 94
09/14/2023 04:05:39 PM [INFO]:: [Fuzzy] SARS-CoV-2 Omicron sub variant BA.4.6. => SARS-CoV-2 Omicron variant BA.4.6 : score 93
09/14/2023 04:05:54 PM 
PMID: 35258323
09/14/2023 04:05:54 PM WARNING:: [Sex_at_Birth] Changing 'male | female' to 'other'
09/14/2023 04:05:54 PM WARNING:: [Sex_at_Birth] Changing 'male | female' to 'other'
09/14/2023 04:05:54 PM WARNING:: [Sex_at_Birth] Changing 'male | female' to 'other'
09/14/2023 04:05:54 PM Warning:: [Race] Changing 'Race' to 'other' and moving data to [Race Specify]
09/14/2023 04:05:54 PM Warning:: [Race] Changing 'Race' to 'other' and moving data to [Race Specify]
09/14/2023 04:05:54 PM Warning:: [Race] Changing 'Race' to 'other' and moving data to [Race Specify]
09/14/2023 04:05:54 PM Warning:: [Ethnicity] Changing list to other in ImmPort Templates
09/14/2023 04:05:54 PM Warning:: [Ethnicity] Changing list to other in ImmPort Templates
09/14/2023 04:05:54 PM Warning:: [Ethnicity] Changing list to other in ImmPort Templates
09/14/2023 04:05:54 PM [planned visit]: PMID35258323_visit-01 has reached character limit (188 > 125)
09/14/2023 04:06:43 PM 
PMID: 36625591
09/14/2023 04:07:01 PM INFO:: [Fuzzy] Closest Match Found. Changing Not Specified => Not specified
09/14/2023 04:07:01 PM INFO:: [Fuzzy] Closest Match Found. Changing Not Specified => Not specified
09/14/2023 04:07:01 PM INFO:: [Fuzzy] Closest Match Found. Changing Not Specified => Not specified
09/14/2023 04:07:01 PM INFO:: [Fuzzy] Closest Match Found. Changing Not Specified => Not specified
09/14/2023 04:07:15 PM 
PMID: 37148877
09/14/2023 04:07:15 PM WARNING:: [Sex_at_Birth] Changing 'male | female' to 'other'
09/14/2023 04:07:15 PM WARNING:: [Sex_at_Birth] Changing 'male | female' to 'other'
09/14/2023 04:07:15 PM WARNING:: [Sex_at_Birth] Changing 'male | female' to 'other'
09/14/2023 04:07:15 PM Warning:: [Race] Changing 'Race' to 'other' and moving data to [Race Specify]
09/14/2023 04:07:15 PM Warning:: [Race] Changing 'Race' to 'other' and moving data to [Race Specify]
09/14/2023 04:07:15 PM Warning:: [Race] Changing 'Race' to 'other' and moving data to [Race Specify]
09/14/2023 04:07:15 PM Warning:: [Ethnicity] Changing list to other in ImmPort Templates
09/14/2023 04:07:15 PM Warning:: [Ethnicity] Changing list to other in ImmPort Templates
09/14/2023 04:07:15 PM Warning:: [Ethnicity] Changing list to other in ImmPort Templates
09/14/2023 04:07:15 PM Error:: [planned visit] Same order number used more than once
09/14/2023 04:09:53 PM 
PMID: 34584899
09/14/2023 04:09:53 PM WARNING:: [inclusion exclusion] Changing Yes => Inclusion
09/14/2023 04:09:53 PM WARNING:: [inclusion exclusion] Changing No => Exclusion
09/14/2023 04:09:53 PM WARNING:: [inclusion exclusion] Changing Yes => Inclusion
09/14/2023 04:09:53 PM WARNING:: [Sex_at_Birth] Changing 'male | female' to 'other'
09/14/2023 04:09:53 PM Warning:: [Race] Changing 'Race' to 'other' and moving data to [Race Specify]
09/14/2023 04:09:53 PM Warning:: [Ethnicity] Changing list to other in ImmPort Templates
09/14/2023 04:09:54 PM [INFO]:: [Fuzzy] ​JSON Summary Description => JSON Summary Description : score 94
09/14/2023 04:10:02 PM INFO:: [User Change] Covid-19 => COVID-19
09/14/2023 04:14:04 PM 
PMID: 34584899
09/14/2023 04:14:04 PM WARNING:: [inclusion exclusion] Changing Yes => Inclusion
09/14/2023 04:14:04 PM WARNING:: [inclusion exclusion] Changing No => Exclusion
09/14/2023 04:14:04 PM WARNING:: [inclusion exclusion] Changing Yes => Inclusion
09/14/2023 04:14:04 PM WARNING:: [Sex_at_Birth] Changing 'male | female' to 'other'
09/14/2023 04:14:04 PM Warning:: [Race] Changing 'Race' to 'other' and moving data to [Race Specify]
09/14/2023 04:14:04 PM Warning:: [Ethnicity] Changing list to other in ImmPort Templates
09/14/2023 04:14:05 PM [INFO]:: [Fuzzy] ​JSON Summary Description => JSON Summary Description : score 94
09/14/2023 04:23:30 PM INFO:: [User Change] Covid-19 => COVID-19
09/14/2023 04:23:45 PM 
PMID: 33775692
09/14/2023 04:23:45 PM Warning:: [Race] Changing 'Race' to 'other' and moving data to [Race Specify]
09/14/2023 04:23:45 PM Warning:: [Race] Changing 'Race' to 'other' and moving data to [Race Specify]
09/14/2023 04:23:45 PM Warning:: [Race] Changing 'Race' to 'other' and moving data to [Race Specify]
09/14/2023 04:23:45 PM Warning:: [Race] Changing 'Race' to 'other' and moving data to [Race Specify]
09/14/2023 04:23:45 PM Warning:: [Race] Changing 'Race' to 'other' and moving data to [Race Specify]
09/14/2023 04:23:45 PM Warning:: [Ethnicity] Changing list to other in ImmPort Templates
09/14/2023 04:23:45 PM Warning:: [Ethnicity] Changing list to other in ImmPort Templates
09/14/2023 04:23:45 PM Warning:: [Ethnicity] Changing list to other in ImmPort Templates
09/14/2023 04:23:45 PM Warning:: [Ethnicity] Changing list to other in ImmPort Templates
09/14/2023 04:23:45 PM Warning:: [Ethnicity] Changing list to other in ImmPort Templates
09/14/2023 04:23:45 PM [INFO]:: [Fuzzy] Moderna COVID-19 vaccine ; VO:0005157 => Moderna COVID-19 vaccine; VO:0005157 : score 99
09/14/2023 04:23:45 PM [INFO]:: [Fuzzy] Pfizer BioNTech COVID-19 vaccine ; VO:0004987 => Pfizer BioNTech COVID-19 vaccine; VO:0004987 : score 99
09/14/2023 04:23:45 PM [INFO]:: [Fuzzy] Moderna COVID-19 vaccine ; VO:0005157 => Moderna COVID-19 vaccine; VO:0005157 : score 99
09/14/2023 04:23:45 PM [INFO]:: [Fuzzy] Pfizer BioNTech COVID-19 vaccine ; VO:0004987 => Pfizer BioNTech COVID-19 vaccine; VO:0004987 : score 99
09/14/2023 04:23:45 PM [INFO]:: [Fuzzy] Moderna COVID-19 vaccine ; VO:0005157 => Moderna COVID-19 vaccine; VO:0005157 : score 99
09/14/2023 04:23:45 PM [INFO]:: [Fuzzy] Pfizer BioNTech COVID-19 vaccine ; VO:0004987 => Pfizer BioNTech COVID-19 vaccine; VO:0004987 : score 99
09/14/2023 04:23:45 PM [INFO]:: [Fuzzy] Moderna COVID-19 vaccine ; VO:0005157 => Moderna COVID-19 vaccine; VO:0005157 : score 99
09/14/2023 04:23:45 PM [INFO]:: [Fuzzy] Pfizer BioNTech COVID-19 vaccine ; VO:0004987 => Pfizer BioNTech COVID-19 vaccine; VO:0004987 : score 99
09/14/2023 04:23:50 PM INFO:: [User Change] Unknown => Not Specified
09/14/2023 04:23:52 PM INFO:: [User Change] Other => Other Race
09/14/2023 04:29:10 PM 
PMID: 33775692
09/14/2023 04:29:10 PM Warning:: [Race] Changing 'Race' to 'other' and moving data to [Race Specify]
09/14/2023 04:29:10 PM Warning:: [Race] Changing 'Race' to 'other' and moving data to [Race Specify]
09/14/2023 04:29:10 PM Warning:: [Race] Changing 'Race' to 'other' and moving data to [Race Specify]
09/14/2023 04:29:10 PM Warning:: [Race] Changing 'Race' to 'other' and moving data to [Race Specify]
09/14/2023 04:29:10 PM Warning:: [Race] Changing 'Race' to 'other' and moving data to [Race Specify]
09/14/2023 04:29:10 PM Warning:: [Ethnicity] Changing list to other in ImmPort Templates
09/14/2023 04:29:10 PM Warning:: [Ethnicity] Changing list to other in ImmPort Templates
09/14/2023 04:29:10 PM Warning:: [Ethnicity] Changing list to other in ImmPort Templates
09/14/2023 04:29:10 PM Warning:: [Ethnicity] Changing list to other in ImmPort Templates
09/14/2023 04:29:10 PM Warning:: [Ethnicity] Changing list to other in ImmPort Templates
09/14/2023 04:29:10 PM [INFO]:: [Fuzzy] Moderna COVID-19 vaccine ; VO:0005157 => Moderna COVID-19 vaccine; VO:0005157 : score 99
09/14/2023 04:29:10 PM [INFO]:: [Fuzzy] Pfizer BioNTech COVID-19 vaccine ; VO:0004987 => Pfizer BioNTech COVID-19 vaccine; VO:0004987 : score 99
09/14/2023 04:29:10 PM [INFO]:: [Fuzzy] Moderna COVID-19 vaccine ; VO:0005157 => Moderna COVID-19 vaccine; VO:0005157 : score 99
09/14/2023 04:29:10 PM [INFO]:: [Fuzzy] Pfizer BioNTech COVID-19 vaccine ; VO:0004987 => Pfizer BioNTech COVID-19 vaccine; VO:0004987 : score 99
09/14/2023 04:29:10 PM [INFO]:: [Fuzzy] Moderna COVID-19 vaccine ; VO:0005157 => Moderna COVID-19 vaccine; VO:0005157 : score 99
09/14/2023 04:29:10 PM [INFO]:: [Fuzzy] Pfizer BioNTech COVID-19 vaccine ; VO:0004987 => Pfizer BioNTech COVID-19 vaccine; VO:0004987 : score 99
09/14/2023 04:29:10 PM [INFO]:: [Fuzzy] Moderna COVID-19 vaccine ; VO:0005157 => Moderna COVID-19 vaccine; VO:0005157 : score 99
09/14/2023 04:29:10 PM [INFO]:: [Fuzzy] Pfizer BioNTech COVID-19 vaccine ; VO:0004987 => Pfizer BioNTech COVID-19 vaccine; VO:0004987 : score 99
09/14/2023 04:29:12 PM INFO:: [User Change] Unknown => Not Specified
09/14/2023 04:29:13 PM INFO:: [User Change] Other => Other Race
09/14/2023 04:33:31 PM 
PMID: 33775692
09/14/2023 04:33:31 PM Warning:: [Race] Changing 'Race' to 'other' and moving data to [Race Specify]
09/14/2023 04:33:31 PM Warning:: [Race] Changing 'Race' to 'other' and moving data to [Race Specify]
09/14/2023 04:33:31 PM Warning:: [Race] Changing 'Race' to 'other' and moving data to [Race Specify]
09/14/2023 04:33:31 PM Warning:: [Race] Changing 'Race' to 'other' and moving data to [Race Specify]
09/14/2023 04:33:31 PM Warning:: [Race] Changing 'Race' to 'other' and moving data to [Race Specify]
09/14/2023 04:33:31 PM Warning:: [Ethnicity] Changing list to other in ImmPort Templates
09/14/2023 04:33:31 PM Warning:: [Ethnicity] Changing list to other in ImmPort Templates
09/14/2023 04:33:31 PM Warning:: [Ethnicity] Changing list to other in ImmPort Templates
09/14/2023 04:33:31 PM Warning:: [Ethnicity] Changing list to other in ImmPort Templates
09/14/2023 04:33:31 PM Warning:: [Ethnicity] Changing list to other in ImmPort Templates
09/14/2023 04:33:32 PM [INFO]:: [Fuzzy] Moderna COVID-19 vaccine ; VO:0005157 => Moderna COVID-19 vaccine; VO:0005157 : score 99
09/14/2023 04:33:32 PM [INFO]:: [Fuzzy] Pfizer BioNTech COVID-19 vaccine ; VO:0004987 => Pfizer BioNTech COVID-19 vaccine; VO:0004987 : score 99
09/14/2023 04:33:32 PM [INFO]:: [Fuzzy] Moderna COVID-19 vaccine ; VO:0005157 => Moderna COVID-19 vaccine; VO:0005157 : score 99
09/14/2023 04:33:32 PM [INFO]:: [Fuzzy] Pfizer BioNTech COVID-19 vaccine ; VO:0004987 => Pfizer BioNTech COVID-19 vaccine; VO:0004987 : score 99
09/14/2023 04:33:32 PM [INFO]:: [Fuzzy] Moderna COVID-19 vaccine ; VO:0005157 => Moderna COVID-19 vaccine; VO:0005157 : score 99
09/14/2023 04:33:32 PM [INFO]:: [Fuzzy] Pfizer BioNTech COVID-19 vaccine ; VO:0004987 => Pfizer BioNTech COVID-19 vaccine; VO:0004987 : score 99
09/14/2023 04:33:32 PM [INFO]:: [Fuzzy] Moderna COVID-19 vaccine ; VO:0005157 => Moderna COVID-19 vaccine; VO:0005157 : score 99
09/14/2023 04:33:32 PM [INFO]:: [Fuzzy] Pfizer BioNTech COVID-19 vaccine ; VO:0004987 => Pfizer BioNTech COVID-19 vaccine; VO:0004987 : score 99
09/14/2023 04:33:34 PM INFO:: [User Change] Unknown => Not Specified
09/14/2023 04:33:35 PM INFO:: [User Change] Other => Other Race
09/14/2023 04:37:13 PM 
PMID: 36260835
09/14/2023 04:37:13 PM WARNING:: [Sex_at_Birth] Changing 'male | female' to 'other'
09/14/2023 04:37:13 PM WARNING:: [Sex_at_Birth] Changing 'male | female' to 'other'
09/14/2023 04:37:13 PM Warning:: [Race] Changing 'Race' to 'other' and moving data to [Race Specify]
09/14/2023 04:37:13 PM Warning:: [Race] Changing 'Race' to 'other' and moving data to [Race Specify]
09/14/2023 04:37:13 PM Warning:: [Ethnicity] Changing list to other in ImmPort Templates
09/14/2023 04:37:13 PM Warning:: [Ethnicity] Changing list to other in ImmPort Templates
09/14/2023 04:37:14 PM [INFO]:: [Fuzzy] ​JSON Summary Description => JSON Summary Description : score 94
09/14/2023 04:37:14 PM [INFO]:: [Fuzzy] SARS-CoV-2 Omicron sub variant BA.4.6 => SARS-CoV-2 Omicron variant BA.4.6 : score 94
09/14/2023 04:37:14 PM [INFO]:: [Fuzzy] SARS-CoV-2 Omicron sub variant BA.4.6. => SARS-CoV-2 Omicron variant BA.4.6 : score 93
09/14/2023 04:40:35 PM 
PMID: 37195913
09/14/2023 04:40:35 PM WARNING:: [Sex_at_Birth] Changing 'male | female' to 'other'
09/14/2023 04:40:35 PM WARNING:: [Sex_at_Birth] Changing 'male | female' to 'other'
09/14/2023 04:40:35 PM Warning:: [Race] Changing 'Race' to 'other' and moving data to [Race Specify]
09/14/2023 04:40:35 PM Warning:: [Race] Changing 'Race' to 'other' and moving data to [Race Specify]
09/14/2023 04:40:35 PM Warning:: [Ethnicity] Changing list to other in ImmPort Templates
09/14/2023 04:40:35 PM Warning:: [Ethnicity] Changing list to other in ImmPort Templates
09/14/2023 04:40:58 PM INFO:: [User Change] Not Reported => n/a
09/14/2023 04:40:58 PM Previous Input: Biospecimen Type, Not Reported => n/a
09/14/2023 04:41:16 PM 
PMID: 33427208
09/14/2023 04:42:56 PM 
PMID: 37195913
09/14/2023 04:42:56 PM WARNING:: [Sex_at_Birth] Changing 'male | female' to 'other'
09/14/2023 04:42:56 PM WARNING:: [Sex_at_Birth] Changing 'male | female' to 'other'
09/14/2023 04:42:56 PM Warning:: [Race] Changing 'Race' to 'other' and moving data to [Race Specify]
09/14/2023 04:42:56 PM Warning:: [Race] Changing 'Race' to 'other' and moving data to [Race Specify]
09/14/2023 04:42:56 PM Warning:: [Ethnicity] Changing list to other in ImmPort Templates
09/14/2023 04:42:56 PM Warning:: [Ethnicity] Changing list to other in ImmPort Templates
09/14/2023 04:43:01 PM INFO:: [User Change] Not Reported => n/a
09/14/2023 04:43:01 PM Previous Input: Biospecimen Type, Not Reported => n/a
09/14/2023 04:46:10 PM 
PMID: 33775692
09/14/2023 04:46:10 PM Warning:: [Race] Changing 'Race' to 'other' and moving data to [Race Specify]
09/14/2023 04:46:10 PM Warning:: [Race] Changing 'Race' to 'other' and moving data to [Race Specify]
09/14/2023 04:46:10 PM Warning:: [Race] Changing 'Race' to 'other' and moving data to [Race Specify]
09/14/2023 04:46:10 PM Warning:: [Race] Changing 'Race' to 'other' and moving data to [Race Specify]
09/14/2023 04:46:10 PM Warning:: [Race] Changing 'Race' to 'other' and moving data to [Race Specify]
09/14/2023 04:46:10 PM Warning:: [Ethnicity] Changing list to other in ImmPort Templates
09/14/2023 04:46:10 PM Warning:: [Ethnicity] Changing list to other in ImmPort Templates
09/14/2023 04:46:10 PM Warning:: [Ethnicity] Changing list to other in ImmPort Templates
09/14/2023 04:46:10 PM Warning:: [Ethnicity] Changing list to other in ImmPort Templates
09/14/2023 04:46:10 PM Warning:: [Ethnicity] Changing list to other in ImmPort Templates
09/14/2023 04:46:10 PM [INFO]:: [Fuzzy] Moderna COVID-19 vaccine ; VO:0005157 => Moderna COVID-19 vaccine; VO:0005157 : score 99
09/14/2023 04:46:10 PM [INFO]:: [Fuzzy] Pfizer BioNTech COVID-19 vaccine ; VO:0004987 => Pfizer BioNTech COVID-19 vaccine; VO:0004987 : score 99
09/14/2023 04:46:10 PM [INFO]:: [Fuzzy] Moderna COVID-19 vaccine ; VO:0005157 => Moderna COVID-19 vaccine; VO:0005157 : score 99
09/14/2023 04:46:10 PM [INFO]:: [Fuzzy] Pfizer BioNTech COVID-19 vaccine ; VO:0004987 => Pfizer BioNTech COVID-19 vaccine; VO:0004987 : score 99
09/14/2023 04:46:10 PM [INFO]:: [Fuzzy] Moderna COVID-19 vaccine ; VO:0005157 => Moderna COVID-19 vaccine; VO:0005157 : score 99
09/14/2023 04:46:10 PM [INFO]:: [Fuzzy] Pfizer BioNTech COVID-19 vaccine ; VO:0004987 => Pfizer BioNTech COVID-19 vaccine; VO:0004987 : score 99
09/14/2023 04:46:10 PM [INFO]:: [Fuzzy] Moderna COVID-19 vaccine ; VO:0005157 => Moderna COVID-19 vaccine; VO:0005157 : score 99
09/14/2023 04:46:10 PM [INFO]:: [Fuzzy] Pfizer BioNTech COVID-19 vaccine ; VO:0004987 => Pfizer BioNTech COVID-19 vaccine; VO:0004987 : score 99
09/14/2023 04:49:59 PM 
PMID: 34792136
09/14/2023 04:49:59 PM WARNING:: [Sex_at_Birth] Changing 'male | female' to 'other'
09/14/2023 04:49:59 PM WARNING:: [Sex_at_Birth] Changing 'male | female' to 'other'
09/14/2023 04:49:59 PM WARNING:: [Sex_at_Birth] Changing 'male | female' to 'other'
09/14/2023 04:49:59 PM Warning:: [Race] Changing 'Race' to 'other' and moving data to [Race Specify]
09/14/2023 04:49:59 PM Warning:: [Race] Changing 'Race' to 'other' and moving data to [Race Specify]
09/14/2023 04:49:59 PM Warning:: [Race] Changing 'Race' to 'other' and moving data to [Race Specify]
09/14/2023 04:49:59 PM Warning:: [Ethnicity] Changing list to other in ImmPort Templates
09/14/2023 04:49:59 PM Warning:: [Ethnicity] Changing list to other in ImmPort Templates
09/14/2023 04:49:59 PM Warning:: [Ethnicity] Changing list to other in ImmPort Templates
09/14/2023 04:50:29 PM [INFO]:: [Fuzzy] SARS-CoV-2 WA1/2020 (D614 variant) => SARS-CoV-2 WA1/2020 (D614G variant) : score 99
09/14/2023 04:50:29 PM [INFO]:: [Fuzzy] SARS-CoV-2 Alpha (B.1.1.7) => SARS-CoV-2 Alpha; B.1.1.7 : score 94
09/14/2023 04:50:29 PM [INFO]:: [Fuzzy] SARS-CoV-2 Beta (B.1.351) => SARS-CoV-2 Beta; B.1.351 : score 94
09/14/2023 04:50:29 PM [INFO]:: [Fuzzy] SARS-CoV-2 Gamma (P.1) => SARS-CoV-2 Gamma; P.1 : score 93
09/14/2023 04:50:29 PM [INFO]:: [Fuzzy] Moderna COVID-19 vaccine ; VO:0005157 => Moderna COVID-19 vaccine; VO:0005157 : score 99
09/14/2023 04:50:29 PM [INFO]:: [Fuzzy] Pfizer BioNTech COVID-19 vaccine ; VO:0004987 => Pfizer BioNTech COVID-19 vaccine; VO:0004987 : score 99
09/14/2023 04:50:29 PM [INFO]:: [Fuzzy] Moderna COVID-19 vaccine ; VO:0005157 => Moderna COVID-19 vaccine; VO:0005157 : score 99
09/14/2023 04:50:29 PM [INFO]:: [Fuzzy] Pfizer BioNTech COVID-19 vaccine ; VO:0004988 => Pfizer BioNTech COVID-19 vaccine; VO:0004987 : score 97
09/14/2023 04:50:29 PM [INFO]:: [Fuzzy] Moderna COVID-19 vaccine ; VO:0005157 => Moderna COVID-19 vaccine; VO:0005157 : score 99
09/14/2023 04:50:29 PM [INFO]:: [Fuzzy] Pfizer BioNTech COVID-19 vaccine ; VO:0004989 => Pfizer BioNTech COVID-19 vaccine; VO:0004987 : score 97
09/14/2023 04:50:29 PM [INFO]:: [Fuzzy] SARS-CoV-2 WA1/2020 (D614 variant) => SARS-CoV-2 WA1/2020 (D614G variant) : score 99
09/14/2023 04:50:29 PM [INFO]:: [Fuzzy] SARS-CoV-2 Alpha (B.1.1.7) => SARS-CoV-2 Alpha; B.1.1.7 : score 94
09/14/2023 04:50:29 PM [INFO]:: [Fuzzy] SARS-CoV-2 Beta (B.1.351) => SARS-CoV-2 Beta; B.1.351 : score 94
09/14/2023 04:50:29 PM [INFO]:: [Fuzzy] SARS-CoV-2 Gamma (P.1) => SARS-CoV-2 Gamma; P.1 : score 93
09/14/2023 04:50:29 PM [INFO]:: [Fuzzy] SARS-CoV-2 Alpha (B.1.1.7) => SARS-CoV-2 Alpha; B.1.1.7 : score 94
09/14/2023 04:50:29 PM [INFO]:: [Fuzzy] SARS-CoV-2 Beta (B.1.351) => SARS-CoV-2 Beta; B.1.351 : score 94
09/14/2023 04:50:29 PM [INFO]:: [Fuzzy] SARS-CoV-2 WA1/2020 (D614 variant) => SARS-CoV-2 WA1/2020 (D614G variant) : score 99
09/14/2023 04:50:29 PM [INFO]:: [Fuzzy] SARS-CoV-2 Alpha (B.1.1.7) => SARS-CoV-2 Alpha; B.1.1.7 : score 94
09/14/2023 04:50:29 PM [INFO]:: [Fuzzy] SARS-CoV-2 Beta (B.1.351) => SARS-CoV-2 Beta; B.1.351 : score 94
09/14/2023 04:50:29 PM [INFO]:: [Fuzzy] SARS-CoV-2 Gamma (P.1) => SARS-CoV-2 Gamma; P.1 : score 93
09/14/2023 04:50:29 PM [INFO]:: [Fuzzy] SARS-CoV-2 WA1/2020 (D614 variant) => SARS-CoV-2 WA1/2020 (D614G variant) : score 99
09/14/2023 04:50:29 PM [INFO]:: [Fuzzy] SARS-CoV-2 Alpha (B.1.1.7) => SARS-CoV-2 Alpha; B.1.1.7 : score 94
09/14/2023 04:50:29 PM [INFO]:: [Fuzzy] SARS-CoV-2 Beta (B.1.351) => SARS-CoV-2 Beta; B.1.351 : score 94
09/14/2023 04:50:29 PM [INFO]:: [Fuzzy] SARS-CoV-2 Gamma (P.1) => SARS-CoV-2 Gamma; P.1 : score 93
09/14/2023 04:54:06 PM 
PMID: 33983379
09/14/2023 04:54:07 PM Warning:: [Race] Changing 'Race' to 'other' and moving data to [Race Specify]
09/14/2023 04:54:07 PM Warning:: [Race] Changing 'Race' to 'other' and moving data to [Race Specify]
09/14/2023 04:54:07 PM Warning:: [Race] Changing 'Race' to 'other' and moving data to [Race Specify]
09/14/2023 04:54:07 PM Warning:: [Race] Changing 'Race' to 'other' and moving data to [Race Specify]
09/14/2023 04:54:07 PM Warning:: [Race] Changing 'Race' to 'other' and moving data to [Race Specify]
09/14/2023 04:54:07 PM Warning:: [Ethnicity] Changing list to other in ImmPort Templates
09/14/2023 04:54:07 PM Warning:: [Ethnicity] Changing list to other in ImmPort Templates
09/14/2023 04:54:07 PM Warning:: [Ethnicity] Changing list to other in ImmPort Templates
09/14/2023 04:54:07 PM Warning:: [Ethnicity] Changing list to other in ImmPort Templates
09/14/2023 04:54:07 PM Warning:: [Ethnicity] Changing list to other in ImmPort Templates
09/14/2023 04:56:45 PM 
PMID: 33983379
09/14/2023 04:56:45 PM Warning:: [Race] Changing 'Race' to 'other' and moving data to [Race Specify]
09/14/2023 04:56:45 PM Warning:: [Race] Changing 'Race' to 'other' and moving data to [Race Specify]
09/14/2023 04:56:45 PM Warning:: [Race] Changing 'Race' to 'other' and moving data to [Race Specify]
09/14/2023 04:56:45 PM Warning:: [Race] Changing 'Race' to 'other' and moving data to [Race Specify]
09/14/2023 04:56:45 PM Warning:: [Race] Changing 'Race' to 'other' and moving data to [Race Specify]
09/14/2023 04:56:45 PM Warning:: [Ethnicity] Changing list to other in ImmPort Templates
09/14/2023 04:56:45 PM Warning:: [Ethnicity] Changing list to other in ImmPort Templates
09/14/2023 04:56:45 PM Warning:: [Ethnicity] Changing list to other in ImmPort Templates
09/14/2023 04:56:45 PM Warning:: [Ethnicity] Changing list to other in ImmPort Templates
09/14/2023 04:56:45 PM Warning:: [Ethnicity] Changing list to other in ImmPort Templates
09/14/2023 05:07:17 PM 
PMID: 35258323
09/14/2023 05:07:17 PM WARNING:: [Sex_at_Birth] Changing 'male | female' to 'other'
09/14/2023 05:07:17 PM WARNING:: [Sex_at_Birth] Changing 'male | female' to 'other'
09/14/2023 05:07:17 PM WARNING:: [Sex_at_Birth] Changing 'male | female' to 'other'
09/14/2023 05:07:17 PM Warning:: [Race] Changing 'Race' to 'other' and moving data to [Race Specify]
09/14/2023 05:07:17 PM Warning:: [Race] Changing 'Race' to 'other' and moving data to [Race Specify]
09/14/2023 05:07:17 PM Warning:: [Race] Changing 'Race' to 'other' and moving data to [Race Specify]
09/14/2023 05:07:17 PM Warning:: [Ethnicity] Changing list to other in ImmPort Templates
09/14/2023 05:07:17 PM Warning:: [Ethnicity] Changing list to other in ImmPort Templates
09/14/2023 05:07:17 PM Warning:: [Ethnicity] Changing list to other in ImmPort Templates
09/14/2023 06:19:44 PM 
PMID: 37148877
09/14/2023 06:19:44 PM WARNING:: [Sex_at_Birth] Changing 'male | female' to 'other'
09/14/2023 06:19:44 PM WARNING:: [Sex_at_Birth] Changing 'male | female' to 'other'
09/14/2023 06:19:44 PM WARNING:: [Sex_at_Birth] Changing 'male | female' to 'other'
09/14/2023 06:19:44 PM Warning:: [Race] Changing 'Race' to 'other' and moving data to [Race Specify]
09/14/2023 06:19:44 PM Warning:: [Race] Changing 'Race' to 'other' and moving data to [Race Specify]
09/14/2023 06:19:44 PM Warning:: [Race] Changing 'Race' to 'other' and moving data to [Race Specify]
09/14/2023 06:19:44 PM Warning:: [Ethnicity] Changing list to other in ImmPort Templates
09/14/2023 06:19:44 PM Warning:: [Ethnicity] Changing list to other in ImmPort Templates
09/14/2023 06:19:44 PM Warning:: [Ethnicity] Changing list to other in ImmPort Templates
09/14/2023 06:21:59 PM 
PMID: 33427208
09/14/2023 06:22:08 PM INFO:: [User Change] Unknown => Not Specified
09/14/2023 06:22:10 PM INFO:: [User Change] Other => Other Race
09/14/2023 06:22:36 PM 
PMID: 34648703
09/14/2023 06:22:36 PM WARNING:: [Sex_at_Birth] Changing 'male | female' to 'other'
09/14/2023 06:22:36 PM WARNING:: [Sex_at_Birth] Changing 'male | female' to 'other'
09/14/2023 06:22:36 PM WARNING:: [Sex_at_Birth] Changing 'male | female' to 'other'
09/14/2023 06:22:36 PM Warning:: [Race] Changing 'Race' to 'other' and moving data to [Race Specify]
09/14/2023 06:22:36 PM Warning:: [Race] Changing 'Race' to 'other' and moving data to [Race Specify]
09/14/2023 06:22:36 PM Warning:: [Race] Changing 'Race' to 'other' and moving data to [Race Specify]
09/14/2023 06:22:36 PM Warning:: [Ethnicity] Changing list to other in ImmPort Templates
09/14/2023 06:22:36 PM Warning:: [Ethnicity] Changing list to other in ImmPort Templates
09/14/2023 06:22:36 PM Warning:: [Ethnicity] Changing list to other in ImmPort Templates
09/14/2023 06:22:44 PM [INFO]:: [Fuzzy] Pfizer BioNTech COVID-19 vaccine ; VO:0004987 => Pfizer BioNTech COVID-19 vaccine; VO:0004987 : score 99
09/14/2023 06:23:23 PM INFO:: [User Change] Other => Other Race
09/14/2023 06:23:23 PM [INFO]:: [Fuzzy] Moderna COVID-19 vaccine ; VO:0005157 => Moderna COVID-19 vaccine; VO:0005157 : score 99
09/14/2023 06:23:23 PM [INFO]:: [Fuzzy] SARS-CoV-2 Delta (B.1.617.2) => SARS-CoV-2 Delta; B.1.617.2 : score 95
09/14/2023 06:23:23 PM [INFO]:: [Fuzzy] SARS-CoV-2 Delta (B.1.617.2) => SARS-CoV-2 Delta; B.1.617.2 : score 95
09/14/2023 06:23:23 PM INFO:: [Fuzzy] Closest Match Found. Changing SARS-CoV-2 WA1/2020 => SARS-CoV-2 WA1/2020 (D614G variant)
09/14/2023 06:23:23 PM [INFO]:: [Fuzzy] SARS-CoV-2 Alpha (B.1.1.7) => SARS-CoV-2 Alpha; B.1.1.7 : score 94
09/14/2023 06:23:23 PM [INFO]:: [Fuzzy] SARS-CoV-2 Beta (B.1.351) => SARS-CoV-2 Beta; B.1.351 : score 94
09/14/2023 06:23:23 PM [INFO]:: [Fuzzy] SARS-CoV-2 Gamma (P.1) => SARS-CoV-2 Gamma; P.1 : score 93
09/14/2023 06:23:23 PM [INFO]:: [Fuzzy] SARS-CoV-2 Delta (B.1.617.2) => SARS-CoV-2 Delta; B.1.617.2 : score 95
09/14/2023 06:23:23 PM INFO:: [Fuzzy] Closest Match Found. Changing SARS-CoV-2 WA1/2020 => SARS-CoV-2 WA1/2020 (D614G variant)
09/14/2023 06:23:23 PM [INFO]:: [Fuzzy] SARS-CoV-2 Alpha (B.1.1.7) => SARS-CoV-2 Alpha; B.1.1.7 : score 94
09/14/2023 06:23:23 PM [INFO]:: [Fuzzy] SARS-CoV-2 Beta (B.1.351) => SARS-CoV-2 Beta; B.1.351 : score 94
09/14/2023 06:23:23 PM [INFO]:: [Fuzzy] SARS-CoV-2 Delta (B.1.617.2) => SARS-CoV-2 Delta; B.1.617.2 : score 95
09/14/2023 06:23:23 PM [INFO]:: [Fuzzy] SARS-CoV-2 Gamma (P.1) => SARS-CoV-2 Gamma; P.1 : score 93
09/14/2023 06:23:29 PM INFO:: [User Change] SARS-CoV-2 P.2 (zeta) => SARS-CoV-2 Zeta; P.2
09/14/2023 06:23:44 PM INFO:: [User Change] SARS-CoV-2 B.1.526.1 (iota) => SARS-CoV-2 Eta / Iota; B.1.525 / B.1.526
09/14/2023 06:23:45 PM INFO:: [User Change] SARS-CoV-2 B.1.617.1 (kappa) => SARS-CoV-2 Kappa; B.1.617.1
09/14/2023 06:30:52 PM 
PMID: 35459461
09/14/2023 06:30:52 PM WARNING:: [Sex_at_Birth] Changing 'male | female' to 'other'
09/14/2023 06:30:52 PM Warning:: [Race] Changing 'Race' to 'other' and moving data to [Race Specify]
09/14/2023 06:30:52 PM Warning:: [Ethnicity] Changing list to other in ImmPort Templates
09/14/2023 06:33:26 PM 
PMID: 35459461
09/14/2023 06:33:27 PM WARNING:: [Sex_at_Birth] Changing 'male | female' to 'other'
09/14/2023 06:33:27 PM Warning:: [Race] Changing 'Race' to 'other' and moving data to [Race Specify]
09/14/2023 06:33:27 PM Warning:: [Ethnicity] Changing list to other in ImmPort Templates
09/14/2023 06:34:07 PM 
PMID: 35459461
09/14/2023 06:34:07 PM WARNING:: [Sex_at_Birth] Changing 'male | female' to 'other'
09/14/2023 06:34:07 PM Warning:: [Race] Changing 'Race' to 'other' and moving data to [Race Specify]
09/14/2023 06:34:07 PM Warning:: [Ethnicity] Changing list to other in ImmPort Templates
09/14/2023 06:34:08 PM [INFO]:: [Fuzzy] SARS-CoV-2 Omicron => SARS-CoV-2 Omicron; B.1.1.529 : score 77
09/14/2023 06:37:25 PM 
PMID: 33775692
09/14/2023 06:37:25 PM Warning:: [Race] Changing 'Race' to 'other' and moving data to [Race Specify]
09/14/2023 06:37:25 PM Warning:: [Race] Changing 'Race' to 'other' and moving data to [Race Specify]
09/14/2023 06:37:25 PM Warning:: [Race] Changing 'Race' to 'other' and moving data to [Race Specify]
09/14/2023 06:37:25 PM Warning:: [Race] Changing 'Race' to 'other' and moving data to [Race Specify]
09/14/2023 06:37:25 PM Warning:: [Race] Changing 'Race' to 'other' and moving data to [Race Specify]
09/14/2023 06:37:25 PM Warning:: [Ethnicity] Changing list to other in ImmPort Templates
09/14/2023 06:37:25 PM Warning:: [Ethnicity] Changing list to other in ImmPort Templates
09/14/2023 06:37:25 PM Warning:: [Ethnicity] Changing list to other in ImmPort Templates
09/14/2023 06:37:25 PM Warning:: [Ethnicity] Changing list to other in ImmPort Templates
09/14/2023 06:37:25 PM Warning:: [Ethnicity] Changing list to other in ImmPort Templates
09/14/2023 06:37:26 PM [INFO]:: [Fuzzy] Moderna COVID-19 vaccine ; VO:0005157 => Moderna COVID-19 vaccine; VO:0005157 : score 99
09/14/2023 06:37:26 PM [INFO]:: [Fuzzy] Pfizer BioNTech COVID-19 vaccine ; VO:0004987 => Pfizer BioNTech COVID-19 vaccine; VO:0004987 : score 99
09/14/2023 06:37:26 PM [INFO]:: [Fuzzy] Moderna COVID-19 vaccine ; VO:0005157 => Moderna COVID-19 vaccine; VO:0005157 : score 99
09/14/2023 06:37:26 PM [INFO]:: [Fuzzy] Pfizer BioNTech COVID-19 vaccine ; VO:0004987 => Pfizer BioNTech COVID-19 vaccine; VO:0004987 : score 99
09/14/2023 06:37:26 PM [INFO]:: [Fuzzy] Moderna COVID-19 vaccine ; VO:0005157 => Moderna COVID-19 vaccine; VO:0005157 : score 99
09/14/2023 06:37:26 PM [INFO]:: [Fuzzy] Pfizer BioNTech COVID-19 vaccine ; VO:0004987 => Pfizer BioNTech COVID-19 vaccine; VO:0004987 : score 99
09/14/2023 06:37:26 PM [INFO]:: [Fuzzy] Moderna COVID-19 vaccine ; VO:0005157 => Moderna COVID-19 vaccine; VO:0005157 : score 99
09/14/2023 06:37:26 PM [INFO]:: [Fuzzy] Pfizer BioNTech COVID-19 vaccine ; VO:0004987 => Pfizer BioNTech COVID-19 vaccine; VO:0004987 : score 99
09/14/2023 06:38:30 PM INFO:: [User Change] Unknown => Not Specified
09/14/2023 06:38:32 PM INFO:: [User Change] Other => Other Race
09/14/2023 06:44:07 PM 
PMID: 33427208
09/14/2023 06:45:40 PM 
PMID: 33427208
09/14/2023 06:52:12 PM 
PMID: 36773929
09/14/2023 06:52:12 PM WARNING:: [Sex_at_Birth] Changing 'male | female' to 'other'
09/14/2023 06:52:12 PM WARNING:: [Sex_at_Birth] Changing 'male | female' to 'other'
09/14/2023 06:52:12 PM Warning:: [Race] Changing 'Race' to 'other' and moving data to [Race Specify]
09/14/2023 06:52:12 PM Warning:: [Race] Changing 'Race' to 'other' and moving data to [Race Specify]
09/14/2023 06:52:12 PM Warning:: [Ethnicity] Changing list to other in ImmPort Templates
09/14/2023 06:52:12 PM Warning:: [Ethnicity] Changing list to other in ImmPort Templates
09/14/2023 06:53:22 PM [INFO]:: [Fuzzy] ​JSON Summary Description => JSON Summary Description : score 94
09/14/2023 06:53:22 PM INFO:: [Fuzzy] Closest Match Found. Changing HCoVs - Seasonal (OC43 => HCoVs - Seasonal (OC43, HKU-1, NL63, 229E)
09/14/2023 06:53:22 PM INFO:: [Fuzzy] Closest Match Found. Changing HKU-1 => HCoVs - Seasonal (OC43, HKU-1, NL63, 229E)
09/14/2023 06:53:22 PM INFO:: [Fuzzy] Closest Match Found. Changing NL63 => HCoVs - Seasonal (OC43, HKU-1, NL63, 229E)
09/14/2023 06:53:22 PM INFO:: [Fuzzy] Closest Match Found. Changing 229E) => HCoVs - Seasonal (OC43, HKU-1, NL63, 229E)
09/14/2023 06:53:22 PM INFO:: [Fuzzy] Closest Match Found. Changing HCoVs - Seasonal (OC43 => HCoVs - Seasonal (OC43, HKU-1, NL63, 229E)
09/14/2023 06:53:22 PM INFO:: [Fuzzy] Closest Match Found. Changing HKU-1 => HCoVs - Seasonal (OC43, HKU-1, NL63, 229E)
09/14/2023 06:53:22 PM INFO:: [Fuzzy] Closest Match Found. Changing NL63 => HCoVs - Seasonal (OC43, HKU-1, NL63, 229E)
09/14/2023 06:53:22 PM INFO:: [Fuzzy] Closest Match Found. Changing 229E) => HCoVs - Seasonal (OC43, HKU-1, NL63, 229E)
09/14/2023 06:53:22 PM INFO:: [Fuzzy] Closest Match Found. Changing HCoVs - Seasonal (OC43 => HCoVs - Seasonal (OC43, HKU-1, NL63, 229E)
09/14/2023 06:53:22 PM INFO:: [Fuzzy] Closest Match Found. Changing HKU-1 => HCoVs - Seasonal (OC43, HKU-1, NL63, 229E)
09/14/2023 06:53:22 PM INFO:: [Fuzzy] Closest Match Found. Changing NL63 => HCoVs - Seasonal (OC43, HKU-1, NL63, 229E)
09/14/2023 06:53:22 PM INFO:: [Fuzzy] Closest Match Found. Changing 229E) => HCoVs - Seasonal (OC43, HKU-1, NL63, 229E)
09/14/2023 06:57:27 PM 
PMID: 36773929
09/14/2023 06:57:27 PM WARNING:: [Sex_at_Birth] Changing 'male | female' to 'other'
09/14/2023 06:57:27 PM WARNING:: [Sex_at_Birth] Changing 'male | female' to 'other'
09/14/2023 06:57:27 PM Warning:: [Race] Changing 'Race' to 'other' and moving data to [Race Specify]
09/14/2023 06:57:27 PM Warning:: [Race] Changing 'Race' to 'other' and moving data to [Race Specify]
09/14/2023 06:57:27 PM Warning:: [Ethnicity] Changing list to other in ImmPort Templates
09/14/2023 06:57:27 PM Warning:: [Ethnicity] Changing list to other in ImmPort Templates
09/14/2023 06:57:28 PM [INFO]:: [Fuzzy] ​JSON Summary Description => JSON Summary Description : score 94
09/14/2023 06:57:28 PM INFO:: [Fuzzy] Closest Match Found. Changing HCoVs - Seasonal (OC43 => HCoVs - Seasonal (OC43, HKU-1, NL63, 229E)
09/14/2023 06:57:28 PM INFO:: [Fuzzy] Closest Match Found. Changing HKU-1 => HCoVs - Seasonal (OC43, HKU-1, NL63, 229E)
09/14/2023 06:57:28 PM INFO:: [Fuzzy] Closest Match Found. Changing NL63 => HCoVs - Seasonal (OC43, HKU-1, NL63, 229E)
09/14/2023 06:57:28 PM INFO:: [Fuzzy] Closest Match Found. Changing 229E) => HCoVs - Seasonal (OC43, HKU-1, NL63, 229E)
09/14/2023 06:57:28 PM INFO:: [Fuzzy] Closest Match Found. Changing HCoVs - Seasonal (OC43 => HCoVs - Seasonal (OC43, HKU-1, NL63, 229E)
09/14/2023 06:57:28 PM INFO:: [Fuzzy] Closest Match Found. Changing HKU-1 => HCoVs - Seasonal (OC43, HKU-1, NL63, 229E)
09/14/2023 06:57:28 PM INFO:: [Fuzzy] Closest Match Found. Changing NL63 => HCoVs - Seasonal (OC43, HKU-1, NL63, 229E)
09/14/2023 06:57:28 PM INFO:: [Fuzzy] Closest Match Found. Changing 229E) => HCoVs - Seasonal (OC43, HKU-1, NL63, 229E)
09/14/2023 06:57:28 PM INFO:: [Fuzzy] Closest Match Found. Changing HCoVs - Seasonal (OC43 => HCoVs - Seasonal (OC43, HKU-1, NL63, 229E)
09/14/2023 06:57:28 PM INFO:: [Fuzzy] Closest Match Found. Changing HKU-1 => HCoVs - Seasonal (OC43, HKU-1, NL63, 229E)
09/14/2023 06:57:28 PM INFO:: [Fuzzy] Closest Match Found. Changing NL63 => HCoVs - Seasonal (OC43, HKU-1, NL63, 229E)
09/14/2023 06:57:28 PM INFO:: [Fuzzy] Closest Match Found. Changing 229E) => HCoVs - Seasonal (OC43, HKU-1, NL63, 229E)
09/14/2023 07:00:59 PM 
PMID: 33427208
09/14/2023 07:03:16 PM 
PMID: 33427208
09/14/2023 07:05:52 PM 
PMID: 33427208
09/14/2023 07:07:27 PM 
PMID: 33427208
09/14/2023 07:08:11 PM 
PMID: 33427208
09/14/2023 07:11:37 PM 
PMID: 33427208
09/14/2023 07:12:37 PM 
PMID: 33427208
09/14/2023 07:13:07 PM [INFO]:: [Fuzzy] NK cells => NK cell : score 93
09/14/2023 07:14:41 PM 
PMID: 33427208
09/14/2023 07:14:42 PM [INFO]:: [Fuzzy] NK cells => NK cell : score 93
