08/03/2023 08:56:51 AM 
PMID: 36302778
08/03/2023 09:16:25 AM 
PMID: 35868417
08/03/2023 09:16:25 AM Warning:: [Race] Changing 'Race' to 'other' and moving data to [Race Specify]
08/03/2023 09:16:25 AM Warning:: [Race] Changing 'Race' to 'other' and moving data to [Race Specify]
08/03/2023 09:16:25 AM Warning:: [Race] Changing 'Race' to 'other' and moving data to [Race Specify]
08/03/2023 09:16:25 AM Warning:: [Ethnicity] Changing list to other in ImmPort Templates
08/03/2023 09:16:25 AM Warning:: [Ethnicity] Changing list to other in ImmPort Templates
08/03/2023 09:16:25 AM Warning:: [Ethnicity] Changing list to other in ImmPort Templates
08/03/2023 09:16:37 AM [INFO]:: [Fuzzy] Moderna COVID-19 vaccine ; VO:0005157 => Moderna COVID-19 vaccine; VO:0005157 : score 99
08/03/2023 09:16:37 AM [INFO]:: [Fuzzy] Pfizer BioNTech COVID-19 vaccine ; VO:0004987 => Pfizer BioNTech COVID-19 vaccine; VO:0004987 : score 99
08/03/2023 09:16:37 AM [INFO]:: [Fuzzy] Moderna COVID-19 vaccine ; VO:0005157 => Moderna COVID-19 vaccine; VO:0005157 : score 99
08/03/2023 09:16:37 AM [INFO]:: [Fuzzy] Pfizer BioNTech COVID-19 vaccine ; VO:0004987 => Pfizer BioNTech COVID-19 vaccine; VO:0004987 : score 99
08/03/2023 09:16:37 AM [INFO]:: [Fuzzy] SARS-CoV-2 Omicron (B.1.1.529) => SARS-CoV-2 Omicron; B.1.1.529 : score 95
08/03/2023 09:16:37 AM [INFO]:: [Fuzzy] SARS-CoV-2 Omicron (B.1.1.529) => SARS-CoV-2 Omicron; B.1.1.529 : score 95
08/03/2023 09:18:50 AM 
PMID: 36302778
08/03/2023 09:45:26 AM 
PMID: 36302778
08/03/2023 09:45:28 AM INFO:: [User Change] Nasal Turbinate => Nasal Swab
08/03/2023 09:48:09 AM 
PMID: 36302778
08/03/2023 09:50:49 AM 
PMID: 33547084
08/03/2023 10:00:44 AM 
PMID: 33547084
08/03/2023 03:09:50 PM 
PMID: 33547084
