02/13/2023 09:01:22 AM 
PMID: 35915094
02/13/2023 09:01:30 AM INFO:: [User Change] Covid-19 => COVID-19
02/13/2023 09:04:02 AM 
PMID: 35915094
02/13/2023 09:04:04 AM INFO:: [User Change] Covid-19 => COVID-19
02/13/2023 09:27:58 AM 
PMID: 33915337
02/13/2023 09:27:58 AM Warning:: [Race] Changing 'Race' to 'other' and moving data to [Race Specify]
02/13/2023 09:27:58 AM Warning:: [Race] Changing 'Race' to 'other' and moving data to [Race Specify]
02/13/2023 09:27:58 AM Warning:: [Race] Changing 'Race' to 'other' and moving data to [Race Specify]
02/13/2023 09:27:58 AM Warning:: [Ethnicity] Changing list to other in ImmPort Templates
02/13/2023 09:27:58 AM Warning:: [Ethnicity] Changing list to other in ImmPort Templates
02/13/2023 09:27:58 AM Warning:: [Ethnicity] Changing list to other in ImmPort Templates
02/13/2023 09:28:05 AM INFO:: [User Change] Covid-19 => COVID-19
02/13/2023 09:28:05 AM [INFO]:: [Fuzzy] Post-acute Sequelae of COVID-20 => Post-acute Sequelae of COVID-19 : score 94
02/13/2023 09:28:05 AM [INFO]:: [Fuzzy] Post-acute Sequelae of COVID-20 => Post-acute Sequelae of COVID-19 : score 94
02/13/2023 09:28:05 AM [INFO]:: [Fuzzy] Post-acute Sequelae of COVID-20 => Post-acute Sequelae of COVID-19 : score 94
02/13/2023 09:28:05 AM [INFO]:: [Fuzzy] Post-acute Sequelae of COVID-20 => Post-acute Sequelae of COVID-19 : score 94
02/13/2023 09:28:05 AM [INFO]:: [Fuzzy] Post-acute Sequelae of COVID-20 => Post-acute Sequelae of COVID-19 : score 94
02/13/2023 09:33:16 AM 
PMID: 33915337
02/13/2023 09:33:16 AM Warning:: [Race] Changing 'Race' to 'other' and moving data to [Race Specify]
02/13/2023 09:33:16 AM Warning:: [Race] Changing 'Race' to 'other' and moving data to [Race Specify]
02/13/2023 09:33:16 AM Warning:: [Race] Changing 'Race' to 'other' and moving data to [Race Specify]
02/13/2023 09:33:16 AM Warning:: [Ethnicity] Changing list to other in ImmPort Templates
02/13/2023 09:33:16 AM Warning:: [Ethnicity] Changing list to other in ImmPort Templates
02/13/2023 09:33:16 AM Warning:: [Ethnicity] Changing list to other in ImmPort Templates
02/13/2023 09:33:18 AM INFO:: [User Change] Covid-19 => COVID-19
02/13/2023 09:33:18 AM [INFO]:: [Fuzzy] Post-acute Sequelae of COVID-20 => Post-acute Sequelae of COVID-19 : score 94
02/13/2023 09:33:18 AM [INFO]:: [Fuzzy] Post-acute Sequelae of COVID-20 => Post-acute Sequelae of COVID-19 : score 94
02/13/2023 09:33:18 AM [INFO]:: [Fuzzy] Post-acute Sequelae of COVID-20 => Post-acute Sequelae of COVID-19 : score 94
02/13/2023 09:33:18 AM [INFO]:: [Fuzzy] Post-acute Sequelae of COVID-20 => Post-acute Sequelae of COVID-19 : score 94
02/13/2023 09:33:18 AM [INFO]:: [Fuzzy] Post-acute Sequelae of COVID-20 => Post-acute Sequelae of COVID-19 : score 94
02/13/2023 09:34:55 AM 
PMID: 33915337
02/13/2023 09:34:55 AM Warning:: [Race] Changing 'Race' to 'other' and moving data to [Race Specify]
02/13/2023 09:34:55 AM Warning:: [Race] Changing 'Race' to 'other' and moving data to [Race Specify]
02/13/2023 09:34:55 AM Warning:: [Race] Changing 'Race' to 'other' and moving data to [Race Specify]
02/13/2023 09:34:55 AM Warning:: [Ethnicity] Changing list to other in ImmPort Templates
02/13/2023 09:34:55 AM Warning:: [Ethnicity] Changing list to other in ImmPort Templates
02/13/2023 09:34:55 AM Warning:: [Ethnicity] Changing list to other in ImmPort Templates
02/13/2023 09:34:58 AM INFO:: [User Change] Covid-19 => COVID-19
02/13/2023 09:34:58 AM [INFO]:: [Fuzzy] Post-acute Sequelae of COVID-20 => Post-acute Sequelae of COVID-19 : score 94
02/13/2023 09:34:58 AM [INFO]:: [Fuzzy] Post-acute Sequelae of COVID-20 => Post-acute Sequelae of COVID-19 : score 94
02/13/2023 09:34:58 AM [INFO]:: [Fuzzy] Post-acute Sequelae of COVID-20 => Post-acute Sequelae of COVID-19 : score 94
02/13/2023 09:34:58 AM [INFO]:: [Fuzzy] Post-acute Sequelae of COVID-20 => Post-acute Sequelae of COVID-19 : score 94
02/13/2023 09:34:58 AM [INFO]:: [Fuzzy] Post-acute Sequelae of COVID-20 => Post-acute Sequelae of COVID-19 : score 94
02/13/2023 09:36:29 AM 
PMID: 34047304
02/13/2023 09:36:29 AM WARNING:: [Sex_at_Birth] Changing 'male | female' to 'other'
02/13/2023 09:36:29 AM WARNING:: [Sex_at_Birth] Changing 'male | female' to 'other'
02/13/2023 09:36:29 AM Warning:: [Race] Changing 'Race' to 'other' and moving data to [Race Specify]
02/13/2023 09:36:29 AM Warning:: [Race] Changing 'Race' to 'other' and moving data to [Race Specify]
02/13/2023 09:36:29 AM Warning:: [Ethnicity] Changing list to other in ImmPort Templates
02/13/2023 09:36:29 AM Warning:: [Ethnicity] Changing list to other in ImmPort Templates
02/13/2023 09:36:31 AM INFO:: [User Change] Covid-19 => COVID-19
02/13/2023 09:36:31 AM [INFO]:: [Fuzzy] Native Hawaian or other Pacific Islander => Native Hawaiian or Other Pacific Islander : score 96
02/13/2023 09:36:31 AM [INFO]:: [Fuzzy] American Indian/Alaskan Native => American Indian or Alaska Native : score 90
02/13/2023 09:36:31 AM INFO:: [Fuzzy] Closest Match Found. Changing Partially Vaccinated => Partially vaccinated
02/13/2023 09:36:31 AM [INFO]:: [Fuzzy] Pfizer BioNTech COVID-19 vaccine ; VO:0004987 => Pfizer BioNTech COVID-19 vaccine; VO:0004987 : score 99
02/13/2023 09:36:31 AM [INFO]:: [Fuzzy] Native Hawaian or other Pacific Islander => Native Hawaiian or Other Pacific Islander : score 96
02/13/2023 09:36:31 AM [INFO]:: [Fuzzy] American Indian/Alaskan Native => American Indian or Alaska Native : score 90
02/13/2023 09:36:31 AM INFO:: [Fuzzy] Closest Match Found. Changing Partially Vaccinated => Partially vaccinated
02/13/2023 09:36:31 AM [INFO]:: [Fuzzy] Pfizer BioNTech COVID-19 vaccine ; VO:0004987 => Pfizer BioNTech COVID-19 vaccine; VO:0004987 : score 99
02/13/2023 09:40:10 AM 
PMID: 34047304
02/13/2023 09:40:10 AM WARNING:: [Sex_at_Birth] Changing 'male | female' to 'other'
02/13/2023 09:40:10 AM WARNING:: [Sex_at_Birth] Changing 'male | female' to 'other'
02/13/2023 09:40:10 AM Warning:: [Race] Changing 'Race' to 'other' and moving data to [Race Specify]
02/13/2023 09:40:10 AM Warning:: [Race] Changing 'Race' to 'other' and moving data to [Race Specify]
02/13/2023 09:40:10 AM Warning:: [Ethnicity] Changing list to other in ImmPort Templates
02/13/2023 09:40:10 AM Warning:: [Ethnicity] Changing list to other in ImmPort Templates
02/13/2023 09:40:11 AM INFO:: [User Change] Covid-19 => COVID-19
02/13/2023 09:40:11 AM [INFO]:: [Fuzzy] Native Hawaian or other Pacific Islander => Native Hawaiian or Other Pacific Islander : score 96
02/13/2023 09:40:11 AM [INFO]:: [Fuzzy] American Indian/Alaskan Native => American Indian or Alaska Native : score 90
02/13/2023 09:40:11 AM INFO:: [Fuzzy] Closest Match Found. Changing Partially Vaccinated => Partially vaccinated
02/13/2023 09:40:11 AM [INFO]:: [Fuzzy] Pfizer BioNTech COVID-19 vaccine ; VO:0004987 => Pfizer BioNTech COVID-19 vaccine; VO:0004987 : score 99
02/13/2023 09:40:11 AM [INFO]:: [Fuzzy] Native Hawaian or other Pacific Islander => Native Hawaiian or Other Pacific Islander : score 96
02/13/2023 09:40:11 AM [INFO]:: [Fuzzy] American Indian/Alaskan Native => American Indian or Alaska Native : score 90
02/13/2023 09:40:11 AM INFO:: [Fuzzy] Closest Match Found. Changing Partially Vaccinated => Partially vaccinated
02/13/2023 09:40:11 AM [INFO]:: [Fuzzy] Pfizer BioNTech COVID-19 vaccine ; VO:0004987 => Pfizer BioNTech COVID-19 vaccine; VO:0004987 : score 99
02/13/2023 09:41:30 AM 
PMID: 35877413
02/13/2023 09:41:30 AM WARNING:: [Sex_at_Birth] Changing 'male | female' to 'other'
02/13/2023 09:41:30 AM WARNING:: [Sex_at_Birth] Changing 'male | female' to 'other'
02/13/2023 09:41:30 AM Warning:: [Race] Changing 'Race' to 'other' and moving data to [Race Specify]
02/13/2023 09:41:30 AM Warning:: [Race] Changing 'Race' to 'other' and moving data to [Race Specify]
02/13/2023 09:41:30 AM Warning:: [Ethnicity] Changing list to other in ImmPort Templates
02/13/2023 09:41:30 AM Warning:: [Ethnicity] Changing list to other in ImmPort Templates
02/13/2023 09:41:38 AM INFO:: [User Change] Covid-19 => COVID-19
02/13/2023 09:42:45 AM 
PMID: 35632708
02/13/2023 09:42:51 AM INFO:: [User Change] Covid-19 => COVID-19
02/13/2023 09:43:42 AM 
PMID: 35092678
02/13/2023 09:43:42 AM WARNING:: [Sex_at_Birth] Changing 'male | female' to 'other'
02/13/2023 09:43:42 AM Warning:: [Race] Changing 'Race' to 'other' and moving data to [Race Specify]
02/13/2023 09:43:42 AM Warning:: [Ethnicity] Changing list to other in ImmPort Templates
02/13/2023 09:43:44 AM INFO:: [User Change] Covid-19 => COVID-19
02/13/2023 09:45:19 AM 
PMID: 34706273
02/13/2023 09:45:19 AM WARNING:: [Sex_at_Birth] Changing 'male | female' to 'other'
02/13/2023 09:45:19 AM WARNING:: [Sex_at_Birth] Changing 'male | female' to 'other'
02/13/2023 09:45:19 AM WARNING:: [Sex_at_Birth] Changing 'male | female' to 'other'
02/13/2023 09:45:19 AM Warning:: [Race] Changing 'Race' to 'other' and moving data to [Race Specify]
02/13/2023 09:45:19 AM Warning:: [Race] Changing 'Race' to 'other' and moving data to [Race Specify]
02/13/2023 09:45:19 AM Warning:: [Race] Changing 'Race' to 'other' and moving data to [Race Specify]
02/13/2023 09:45:19 AM Warning:: [Ethnicity] Changing list to other in ImmPort Templates
02/13/2023 09:45:19 AM Warning:: [Ethnicity] Changing list to other in ImmPort Templates
02/13/2023 09:45:19 AM Warning:: [Ethnicity] Changing list to other in ImmPort Templates
02/13/2023 09:45:21 AM INFO:: [User Change] Covid-19 => COVID-19
02/13/2023 09:45:21 AM [INFO]:: [Fuzzy] Pfizer BioNTech COVID-19 vaccine ; VO:0004987 => Pfizer BioNTech COVID-19 vaccine; VO:0004987 : score 99
02/13/2023 09:45:21 AM [INFO]:: [Fuzzy] Pfizer BioNTech COVID-19 vaccine ; VO:0004987 => Pfizer BioNTech COVID-19 vaccine; VO:0004987 : score 99
02/13/2023 09:45:21 AM [INFO]:: [Fuzzy] Pfizer BioNTech COVID-19 vaccine ; VO:0004987 => Pfizer BioNTech COVID-19 vaccine; VO:0004987 : score 99
02/13/2023 09:46:45 AM 
PMID: 34253053
02/13/2023 09:46:47 AM INFO:: [User Change] Covid-19 => COVID-19
02/13/2023 09:46:47 AM [INFO]:: [Fuzzy] SARS-CoV-2 WA1/2020 (D614 variant) => SARS-CoV-2 WA1/2020 (D614G variant) : score 99
02/13/2023 09:46:47 AM [INFO]:: [Fuzzy] SARS-CoV-2 WA1/2020 (D614 variant) => SARS-CoV-2 WA1/2020 (D614G variant) : score 99
02/13/2023 09:47:49 AM 
PMID: 35289114
02/13/2023 09:47:49 AM WARNING:: [inclusion exclusion] Changing Yes => Inclusion
02/13/2023 09:47:52 AM INFO:: [User Change] Covid-19 => COVID-19
02/13/2023 09:47:52 AM INFO:: [Fuzzy] Closest Match Found. Changing Post-Vaccination => Post-vaccination
02/13/2023 09:47:52 AM INFO:: [Fuzzy] Closest Match Found. Changing Post-Vaccination => Post-vaccination
02/13/2023 09:47:52 AM INFO:: [Fuzzy] Closest Match Found. Changing Post-Vaccination => Post-vaccination
02/13/2023 09:48:50 AM 
PMID: 35795812
02/13/2023 09:48:50 AM WARNING:: [Sex_at_Birth] Changing 'male | female' to 'other'
02/13/2023 09:48:50 AM Warning:: [Race] Changing 'Race' to 'other' and moving data to [Race Specify]
02/13/2023 09:48:50 AM Warning:: [Ethnicity] Changing list to other in ImmPort Templates
02/13/2023 09:48:54 AM INFO:: [User Change] Covid-19 => COVID-19
02/13/2023 09:50:33 AM 
PMID: 35795812
02/13/2023 09:50:33 AM WARNING:: [Sex_at_Birth] Changing 'male | female' to 'other'
02/13/2023 09:50:33 AM Warning:: [Race] Changing 'Race' to 'other' and moving data to [Race Specify]
02/13/2023 09:50:33 AM Warning:: [Ethnicity] Changing list to other in ImmPort Templates
02/13/2023 09:50:36 AM INFO:: [User Change] Covid-19 => COVID-19
