05/17/2023 12:06:06 PM 
PMID: 34624208
05/17/2023 12:06:06 PM WARNING:: [Sex_at_Birth] Changing 'male | female' to 'other'
05/17/2023 12:06:06 PM WARNING:: [Sex_at_Birth] Changing 'male | female' to 'other'
05/17/2023 12:06:06 PM WARNING:: [Sex_at_Birth] Changing 'male | female' to 'other'
05/17/2023 12:06:06 PM WARNING:: [Sex_at_Birth] Changing 'male | female' to 'other'
05/17/2023 12:06:06 PM WARNING:: [Sex_at_Birth] Changing 'male | female' to 'other'
05/17/2023 12:06:06 PM Warning:: [Race] Changing 'Race' to 'other' and moving data to [Race Specify]
05/17/2023 12:06:06 PM Warning:: [Race] Changing 'Race' to 'other' and moving data to [Race Specify]
05/17/2023 12:06:06 PM Warning:: [Race] Changing 'Race' to 'other' and moving data to [Race Specify]
05/17/2023 12:06:06 PM Warning:: [Race] Changing 'Race' to 'other' and moving data to [Race Specify]
05/17/2023 12:06:06 PM Warning:: [Race] Changing 'Race' to 'other' and moving data to [Race Specify]
05/17/2023 12:06:06 PM Warning:: [Ethnicity] Changing list to other in ImmPort Templates
05/17/2023 12:06:06 PM Warning:: [Ethnicity] Changing list to other in ImmPort Templates
05/17/2023 12:06:06 PM Warning:: [Ethnicity] Changing list to other in ImmPort Templates
05/17/2023 12:06:06 PM Warning:: [Ethnicity] Changing list to other in ImmPort Templates
05/17/2023 12:06:06 PM Warning:: [Ethnicity] Changing list to other in ImmPort Templates
05/17/2023 12:06:07 PM [INFO]:: [Fuzzy] ​JSON Summary Description => JSON Summary Description : score 94
05/17/2023 12:06:07 PM INFO:: [Fuzzy] Closest Match Found. Changing HCoVs - Seasonal (OC43 => HCoVs - Seasonal (OC43, HKU-1, NL63, 229E)
05/17/2023 12:06:07 PM INFO:: [Fuzzy] Closest Match Found. Changing HKU-1 => HCoVs - Seasonal (OC43, HKU-1, NL63, 229E)
05/17/2023 12:06:07 PM INFO:: [Fuzzy] Closest Match Found. Changing NL63 => HCoVs - Seasonal (OC43, HKU-1, NL63, 229E)
05/17/2023 12:06:07 PM INFO:: [Fuzzy] Closest Match Found. Changing 229E) => HCoVs - Seasonal (OC43, HKU-1, NL63, 229E)
05/17/2023 12:06:07 PM INFO:: [Fuzzy] Closest Match Found. Changing Not Specified => Not specified
05/17/2023 12:06:07 PM INFO:: [Fuzzy] Closest Match Found. Changing Not Specified => Not specified
05/17/2023 12:06:07 PM INFO:: [Fuzzy] Closest Match Found. Changing Not Specified => Not specified
05/17/2023 12:06:07 PM INFO:: [Fuzzy] Closest Match Found. Changing Not Specified => Not specified
05/17/2023 12:06:07 PM INFO:: [Fuzzy] Closest Match Found. Changing Not Specified => Not specified
05/17/2023 12:06:07 PM INFO:: [Fuzzy] Closest Match Found. Changing Not Specified => Not specified
05/17/2023 12:06:07 PM INFO:: [Fuzzy] Closest Match Found. Changing Not Specified => Not specified
05/17/2023 12:06:07 PM INFO:: [Fuzzy] Closest Match Found. Changing Not Specified => Not specified
05/17/2023 12:06:07 PM INFO:: [Fuzzy] Closest Match Found. Changing Not Specified => Not specified
