07/25/2023 03:00:41 PM 
PMID: 34233096
07/25/2023 03:00:41 PM WARNING:: [Sex_at_Birth] Changing 'male | female' to 'other'
07/25/2023 03:00:41 PM WARNING:: [Sex_at_Birth] Changing 'male | female' to 'other'
07/25/2023 03:00:41 PM WARNING:: [Sex_at_Birth] Changing 'male | female' to 'other'
07/25/2023 03:00:41 PM Warning:: [Race] Changing 'Race' to 'other' and moving data to [Race Specify]
07/25/2023 03:00:41 PM Warning:: [Race] Changing 'Race' to 'other' and moving data to [Race Specify]
07/25/2023 03:00:41 PM Warning:: [Race] Changing 'Race' to 'other' and moving data to [Race Specify]
07/25/2023 03:00:41 PM Warning:: [Ethnicity] Changing list to other in ImmPort Templates
07/25/2023 03:00:41 PM Warning:: [Ethnicity] Changing list to other in ImmPort Templates
07/25/2023 03:00:41 PM Warning:: [Ethnicity] Changing list to other in ImmPort Templates
07/25/2023 03:00:56 PM [INFO]:: [Fuzzy] Pfizer BioNTech COVID-19 vaccine ; VO:0004987 => Pfizer BioNTech COVID-19 vaccine; VO:0004987 : score 99
07/25/2023 03:00:56 PM [INFO]:: [Fuzzy] Moderna COVID-19 vaccine ; VO:0005157 => Moderna COVID-19 vaccine; VO:0005157 : score 99
07/25/2023 03:00:56 PM INFO:: [Fuzzy] Closest Match Found. Changing SARS-CoV-2 WA1/2020 => SARS-CoV-2 WA1/2020 (D614G variant)
07/25/2023 03:00:56 PM [INFO]:: [Fuzzy] SARS-CoV-2 B.1.617.1 => SARS-CoV-2 Kappa; B.1.617.1 : score 85
07/25/2023 03:00:56 PM [INFO]:: [Fuzzy] SARS-CoV-2 B.1.617.2 => SARS-CoV-2 Delta; B.1.617.2 : score 85
07/25/2023 03:00:56 PM INFO:: [Fuzzy] Closest Match Found. Changing SARS-CoV-2 WA1/2020 => SARS-CoV-2 WA1/2020 (D614G variant)
07/25/2023 03:00:56 PM [INFO]:: [Fuzzy] SARS-CoV-2 B.1.617.1 => SARS-CoV-2 Kappa; B.1.617.1 : score 85
07/25/2023 03:00:56 PM [INFO]:: [Fuzzy] SARS-CoV-2 B.1.617.2 => SARS-CoV-2 Delta; B.1.617.2 : score 85
07/25/2023 03:00:56 PM INFO:: [Fuzzy] Closest Match Found. Changing SARS-CoV-2 WA1/2020 => SARS-CoV-2 WA1/2020 (D614G variant)
07/25/2023 03:00:56 PM [INFO]:: [Fuzzy] SARS-CoV-2 B.1.617.1 => SARS-CoV-2 Kappa; B.1.617.1 : score 85
07/25/2023 03:00:56 PM [INFO]:: [Fuzzy] SARS-CoV-2 B.1.617.2 => SARS-CoV-2 Delta; B.1.617.2 : score 85
