11/28/2022 03:39:59 PM Changing male | female to other
11/28/2022 03:39:59 PM Changing Race to other and moving data to Race Specify
11/28/2022 03:39:59 PM Changing Ethnicity to Other
11/28/2022 03:40:00 PM [inclusion exclusion]: Changing Yes => Inclusion
11/28/2022 03:40:00 PM [inclusion exclusion]: Changing No => Exclusion
11/28/2022 03:40:00 PM [inclusion exclusion]: Changing Yes => Inclusion
11/28/2022 03:40:02 PM Changing male | female to other
11/28/2022 03:40:02 PM Changing male | female to other
11/28/2022 03:40:02 PM Changing Race to other and moving data to Race Specify
11/28/2022 03:40:02 PM Changing Race to other and moving data to Race Specify
11/28/2022 03:40:02 PM Changing Ethnicity to Other
11/28/2022 03:40:02 PM Changing Ethnicity to Other
11/28/2022 03:40:04 PM [inclusion exclusion]: Changing Yes => Inclusion
11/28/2022 03:43:09 PM Changing male | female to other
11/28/2022 03:43:09 PM Changing male | female to other
11/28/2022 03:43:09 PM Changing Race to other and moving data to Race Specify
11/28/2022 03:43:09 PM Changing Race to other and moving data to Race Specify
11/28/2022 03:43:09 PM Changing Ethnicity to Other
11/28/2022 03:43:09 PM Changing Ethnicity to Other
11/28/2022 03:43:15 PM [inclusion exclusion]: Changing Yes => Inclusion
11/28/2022 03:43:17 PM Changing male | female to other
11/28/2022 03:43:17 PM Changing Race to other and moving data to Race Specify
11/28/2022 03:43:17 PM Changing Ethnicity to Other
11/28/2022 03:43:18 PM [inclusion exclusion]: Changing Yes => Inclusion
11/28/2022 03:43:18 PM [inclusion exclusion]: Changing Yes => Inclusion
11/28/2022 03:43:18 PM [inclusion exclusion]: Changing Yes => Inclusion
11/28/2022 03:43:18 PM [inclusion exclusion]: Changing Yes => Inclusion
11/28/2022 03:43:19 PM [inclusion exclusion]: Changing Yes => Inclusion
11/28/2022 03:43:23 PM [inclusion exclusion]: Changing Yes => Inclusion
11/28/2022 03:43:23 PM [inclusion exclusion]: Changing Yes => Inclusion
11/28/2022 03:43:23 PM [inclusion exclusion]: Redudant Unique ID
11/28/2022 03:43:29 PM Changing male | female to other
11/28/2022 03:43:29 PM Changing male | female to other
11/28/2022 03:43:29 PM Changing Race to other and moving data to Race Specify
11/28/2022 03:43:29 PM Changing Race to other and moving data to Race Specify
11/28/2022 03:43:29 PM Changing Ethnicity to Other
11/28/2022 03:43:29 PM Changing Ethnicity to Other
11/28/2022 03:43:33 PM Changing male | female to other
11/28/2022 03:43:33 PM Changing male | female to other
11/28/2022 03:43:33 PM Changing male | female to other
11/28/2022 03:43:33 PM Changing male | female to other
11/28/2022 03:43:33 PM Changing Race to other and moving data to Race Specify
11/28/2022 03:43:33 PM Changing Race to other and moving data to Race Specify
11/28/2022 03:43:33 PM Changing Race to other and moving data to Race Specify
11/28/2022 03:43:33 PM Changing Race to other and moving data to Race Specify
11/28/2022 03:43:33 PM Changing Ethnicity to Other
11/28/2022 03:43:33 PM Changing Ethnicity to Other
11/28/2022 03:43:33 PM Changing Ethnicity to Other
11/28/2022 03:43:33 PM Changing Ethnicity to Other
11/28/2022 03:43:35 PM Changing male | female to other
11/28/2022 03:43:35 PM Changing male | female to other
11/28/2022 03:43:35 PM Changing Race to other and moving data to Race Specify
11/28/2022 03:43:35 PM Changing Race to other and moving data to Race Specify
11/28/2022 03:43:35 PM Changing Ethnicity to Other
11/28/2022 03:43:35 PM Changing Ethnicity to Other
11/28/2022 03:43:35 PM Changing male | female to other
11/28/2022 03:43:35 PM Changing male | female to other
11/28/2022 03:43:35 PM Changing male | female to other
11/28/2022 03:43:35 PM Changing Ethnicity to Other
11/28/2022 03:43:35 PM Changing Ethnicity to Other
11/28/2022 03:43:35 PM Changing Ethnicity to Other
11/28/2022 03:44:15 PM Changing male | female to other
11/28/2022 03:44:15 PM Changing male | female to other
11/28/2022 03:44:15 PM Changing Race to other and moving data to Race Specify
11/28/2022 03:44:15 PM Changing Race to other and moving data to Race Specify
11/28/2022 03:44:15 PM Changing Ethnicity to Other
11/28/2022 03:44:15 PM Changing Ethnicity to Other
11/28/2022 03:44:29 PM Changing male | female to other
11/28/2022 03:44:29 PM Changing male | female to other
11/28/2022 03:44:29 PM Changing Race to other and moving data to Race Specify
11/28/2022 03:44:29 PM Changing Race to other and moving data to Race Specify
11/28/2022 03:44:29 PM Changing Ethnicity to Other
11/28/2022 03:44:29 PM Changing Ethnicity to Other
11/28/2022 03:44:39 PM Changing male | female to other
11/28/2022 03:44:39 PM Changing male | female to other
11/28/2022 03:44:40 PM Changing Race to other and moving data to Race Specify
11/28/2022 03:44:40 PM Changing Race to other and moving data to Race Specify
11/28/2022 03:44:40 PM Changing Ethnicity to Other
11/28/2022 03:44:40 PM Changing Ethnicity to Other
11/28/2022 03:44:56 PM diff parser start
11/28/2022 03:44:56 PM line_lengths old: 532; new: 1
11/28/2022 03:44:56 PM -> code[replace] old[1:532] new[1:1]
11/28/2022 03:44:56 PM parse_part from 1 to 1 (to 0 in part parser)
11/28/2022 03:44:56 PM diff parser end
11/28/2022 03:44:58 PM diff parser start
11/28/2022 03:44:58 PM line_lengths old: 1; new: 1
11/28/2022 03:44:58 PM -> code[replace] old[1:1] new[1:1]
11/28/2022 03:44:58 PM parse_part from 1 to 1 (to 0 in part parser)
11/28/2022 03:44:58 PM diff parser end
11/28/2022 03:44:59 PM Changing male | female to other
11/28/2022 03:44:59 PM Changing male | female to other
11/28/2022 03:44:59 PM Changing Race to other and moving data to Race Specify
11/28/2022 03:44:59 PM Changing Race to other and moving data to Race Specify
11/28/2022 03:44:59 PM Changing Ethnicity to Other
11/28/2022 03:44:59 PM Changing Ethnicity to Other
11/28/2022 03:45:01 PM Changing male | female to other
11/28/2022 03:45:01 PM Changing male | female to other
11/28/2022 03:45:01 PM Changing Race to other and moving data to Race Specify
11/28/2022 03:45:01 PM Changing Race to other and moving data to Race Specify
11/28/2022 03:45:01 PM Changing Ethnicity to Other
11/28/2022 03:45:01 PM Changing Ethnicity to Other
11/28/2022 03:45:31 PM Changing male | female to other
11/28/2022 03:45:31 PM Changing male | female to other
11/28/2022 03:45:31 PM Changing Race to other and moving data to Race Specify
11/28/2022 03:45:31 PM Changing Race to other and moving data to Race Specify
11/28/2022 03:45:31 PM Changing Ethnicity to Other
11/28/2022 03:45:31 PM Changing Ethnicity to Other
11/28/2022 03:45:33 PM Changing male | female to other
11/28/2022 03:45:33 PM Changing male | female to other
11/28/2022 03:45:33 PM Changing Race to other and moving data to Race Specify
11/28/2022 03:45:33 PM Changing Race to other and moving data to Race Specify
11/28/2022 03:45:33 PM Changing Ethnicity to Other
11/28/2022 03:45:33 PM Changing Ethnicity to Other
11/28/2022 03:46:21 PM Changing male | female to other
11/28/2022 03:46:21 PM Changing male | female to other
11/28/2022 03:46:21 PM Changing Race to other and moving data to Race Specify
11/28/2022 03:46:21 PM Changing Race to other and moving data to Race Specify
11/28/2022 03:46:21 PM Changing Ethnicity to Other
11/28/2022 03:46:21 PM Changing Ethnicity to Other
11/28/2022 03:46:58 PM Changing male | female to other
11/28/2022 03:46:58 PM Changing male | female to other
11/28/2022 03:46:58 PM Changing Race to other and moving data to Race Specify
11/28/2022 03:46:58 PM Changing Race to other and moving data to Race Specify
11/28/2022 03:46:58 PM Changing Ethnicity to Other
11/28/2022 03:46:58 PM Changing Ethnicity to Other
11/28/2022 03:47:06 PM Changing male | female to other
11/28/2022 03:47:06 PM Changing male | female to other
11/28/2022 03:47:06 PM Changing Race to other and moving data to Race Specify
11/28/2022 03:47:06 PM Changing Race to other and moving data to Race Specify
11/28/2022 03:47:06 PM Changing Ethnicity to Other
11/28/2022 03:47:06 PM Changing Ethnicity to Other
11/28/2022 03:47:13 PM Changing male | female to other
11/28/2022 03:47:13 PM Changing male | female to other
11/28/2022 03:47:13 PM Changing Race to other and moving data to Race Specify
11/28/2022 03:47:13 PM Changing Race to other and moving data to Race Specify
11/28/2022 03:47:13 PM Changing Ethnicity to Other
11/28/2022 03:47:13 PM Changing Ethnicity to Other
11/28/2022 03:47:48 PM Changing male | female to other
11/28/2022 03:47:48 PM Changing male | female to other
11/28/2022 03:47:48 PM Changing Race to other and moving data to Race Specify
11/28/2022 03:47:48 PM Changing Race to other and moving data to Race Specify
11/28/2022 03:47:48 PM Changing Ethnicity to Other
11/28/2022 03:47:48 PM Changing Ethnicity to Other
11/28/2022 03:51:23 PM Changing male | female to other
11/28/2022 03:51:23 PM Changing male | female to other
11/28/2022 03:51:23 PM Changing Race to other and moving data to Race Specify
11/28/2022 03:51:23 PM Changing Race to other and moving data to Race Specify
11/28/2022 03:51:23 PM Changing Ethnicity to Other
11/28/2022 03:51:23 PM Changing Ethnicity to Other
11/28/2022 03:51:47 PM Changing male | female to other
11/28/2022 03:51:47 PM Changing male | female to other
11/28/2022 03:51:47 PM Changing Race to other and moving data to Race Specify
11/28/2022 03:51:47 PM Changing Race to other and moving data to Race Specify
11/28/2022 03:51:47 PM Changing Ethnicity to Other
11/28/2022 03:51:47 PM Changing Ethnicity to Other
11/28/2022 03:52:01 PM Changing male | female to other
11/28/2022 03:52:01 PM Changing male | female to other
11/28/2022 03:52:01 PM Changing Race to other and moving data to Race Specify
11/28/2022 03:52:01 PM Changing Race to other and moving data to Race Specify
11/28/2022 03:52:01 PM Changing Ethnicity to Other
11/28/2022 03:52:01 PM Changing Ethnicity to Other
11/28/2022 03:52:55 PM Changing male | female to other
11/28/2022 03:52:55 PM Changing Race to other and moving data to Race Specify
11/28/2022 03:52:55 PM Changing Ethnicity to Other
11/28/2022 03:52:55 PM [inclusion exclusion]: Changing Yes => Inclusion
11/28/2022 03:52:55 PM [inclusion exclusion]: Changing No => Exclusion
11/28/2022 03:52:55 PM [inclusion exclusion]: Changing Yes => Inclusion
11/28/2022 03:52:55 PM Changing male | female to other
11/28/2022 03:52:55 PM Changing male | female to other
11/28/2022 03:52:55 PM Changing Race to other and moving data to Race Specify
11/28/2022 03:52:55 PM Changing Race to other and moving data to Race Specify
11/28/2022 03:52:55 PM Changing Ethnicity to Other
11/28/2022 03:52:55 PM Changing Ethnicity to Other
11/28/2022 03:52:56 PM [inclusion exclusion]: Changing Yes => Inclusion
11/28/2022 03:52:56 PM Changing male | female to other
11/28/2022 03:52:56 PM Changing male | female to other
11/28/2022 03:52:56 PM Changing Race to other and moving data to Race Specify
11/28/2022 03:52:56 PM Changing Race to other and moving data to Race Specify
11/28/2022 03:52:56 PM Changing Ethnicity to Other
11/28/2022 03:52:56 PM Changing Ethnicity to Other
11/28/2022 03:52:58 PM [inclusion exclusion]: Changing Yes => Inclusion
11/28/2022 03:52:59 PM Changing male | female to other
11/28/2022 03:52:59 PM Changing Race to other and moving data to Race Specify
11/28/2022 03:52:59 PM Changing Ethnicity to Other
11/28/2022 03:53:00 PM [inclusion exclusion]: Changing Yes => Inclusion
11/28/2022 03:53:00 PM [inclusion exclusion]: Changing Yes => Inclusion
11/28/2022 03:53:00 PM [inclusion exclusion]: Changing Yes => Inclusion
11/28/2022 03:53:00 PM [inclusion exclusion]: Changing Yes => Inclusion
11/28/2022 03:53:00 PM [inclusion exclusion]: Changing Yes => Inclusion
11/28/2022 03:53:01 PM [inclusion exclusion]: Changing Yes => Inclusion
11/28/2022 03:53:01 PM [inclusion exclusion]: Changing Yes => Inclusion
11/28/2022 03:53:01 PM [inclusion exclusion]: Redudant Unique ID
11/28/2022 03:53:02 PM Changing male | female to other
11/28/2022 03:53:02 PM Changing male | female to other
11/28/2022 03:53:02 PM Changing Race to other and moving data to Race Specify
11/28/2022 03:53:02 PM Changing Race to other and moving data to Race Specify
11/28/2022 03:53:02 PM Changing Ethnicity to Other
11/28/2022 03:53:02 PM Changing Ethnicity to Other
11/28/2022 03:53:03 PM Changing male | female to other
11/28/2022 03:53:03 PM Changing male | female to other
11/28/2022 03:53:03 PM Changing male | female to other
11/28/2022 03:53:03 PM Changing male | female to other
11/28/2022 03:53:03 PM Changing Race to other and moving data to Race Specify
11/28/2022 03:53:03 PM Changing Race to other and moving data to Race Specify
11/28/2022 03:53:03 PM Changing Race to other and moving data to Race Specify
11/28/2022 03:53:03 PM Changing Race to other and moving data to Race Specify
11/28/2022 03:53:03 PM Changing Ethnicity to Other
11/28/2022 03:53:03 PM Changing Ethnicity to Other
11/28/2022 03:53:03 PM Changing Ethnicity to Other
11/28/2022 03:53:03 PM Changing Ethnicity to Other
11/28/2022 03:53:03 PM Changing male | female to other
11/28/2022 03:53:03 PM Changing male | female to other
11/28/2022 03:53:03 PM Changing Race to other and moving data to Race Specify
11/28/2022 03:53:03 PM Changing Race to other and moving data to Race Specify
11/28/2022 03:53:03 PM Changing Ethnicity to Other
11/28/2022 03:53:03 PM Changing Ethnicity to Other
11/28/2022 03:53:04 PM Changing male | female to other
11/28/2022 03:53:04 PM Changing male | female to other
11/28/2022 03:53:04 PM Changing male | female to other
11/28/2022 03:53:04 PM Changing Ethnicity to Other
11/28/2022 03:53:04 PM Changing Ethnicity to Other
11/28/2022 03:53:04 PM Changing Ethnicity to Other
11/28/2022 03:53:18 PM Changing male | female to other
11/28/2022 03:53:18 PM Changing Race to other and moving data to Race Specify
11/28/2022 03:53:18 PM Changing Ethnicity to Other
11/28/2022 03:53:18 PM [inclusion exclusion]: Changing Yes => Inclusion
11/28/2022 03:53:18 PM [inclusion exclusion]: Changing No => Exclusion
11/28/2022 03:53:18 PM [inclusion exclusion]: Changing Yes => Inclusion
11/28/2022 03:54:11 PM Changing male | female to other
11/28/2022 03:54:11 PM Changing male | female to other
11/28/2022 03:54:11 PM Changing Race to other and moving data to Race Specify
11/28/2022 03:54:11 PM Changing Race to other and moving data to Race Specify
11/28/2022 03:54:11 PM Changing Ethnicity to Other
11/28/2022 03:54:11 PM Changing Ethnicity to Other
11/28/2022 03:54:17 PM Changing male | female to other
11/28/2022 03:54:17 PM Changing Race to other and moving data to Race Specify
11/28/2022 03:54:17 PM Changing Ethnicity to Other
11/28/2022 03:54:18 PM [inclusion exclusion]: Changing Yes => Inclusion
11/28/2022 03:54:18 PM [inclusion exclusion]: Changing No => Exclusion
11/28/2022 03:54:18 PM [inclusion exclusion]: Changing Yes => Inclusion
11/28/2022 03:54:18 PM Changing male | female to other
11/28/2022 03:54:18 PM Changing male | female to other
11/28/2022 03:54:18 PM Changing Race to other and moving data to Race Specify
11/28/2022 03:54:18 PM Changing Race to other and moving data to Race Specify
11/28/2022 03:54:18 PM Changing Ethnicity to Other
11/28/2022 03:54:18 PM Changing Ethnicity to Other
11/28/2022 03:54:18 PM Changing male | female to other
11/28/2022 03:54:18 PM Changing male | female to other
11/28/2022 03:54:18 PM Changing Race to other and moving data to Race Specify
11/28/2022 03:54:18 PM Changing Race to other and moving data to Race Specify
11/28/2022 03:54:18 PM Changing Ethnicity to Other
11/28/2022 03:54:18 PM Changing Ethnicity to Other
11/28/2022 03:54:19 PM [inclusion exclusion]: Changing Yes => Inclusion
11/28/2022 03:54:19 PM Changing male | female to other
11/28/2022 03:54:19 PM Changing Race to other and moving data to Race Specify
11/28/2022 03:54:19 PM Changing Ethnicity to Other
11/28/2022 03:54:19 PM Changing male | female to other
11/28/2022 03:54:19 PM Changing male | female to other
11/28/2022 03:54:19 PM Changing Race to other and moving data to Race Specify
11/28/2022 03:54:19 PM Changing Race to other and moving data to Race Specify
11/28/2022 03:54:19 PM Changing Ethnicity to Other
11/28/2022 03:54:19 PM Changing Ethnicity to Other
11/28/2022 03:54:19 PM Changing male | female to other
11/28/2022 03:54:19 PM Changing male | female to other
11/28/2022 03:54:19 PM Changing Race to other and moving data to Race Specify
11/28/2022 03:54:19 PM Changing Race to other and moving data to Race Specify
11/28/2022 03:54:19 PM Changing Ethnicity to Other
11/28/2022 03:54:19 PM Changing Ethnicity to Other
11/28/2022 03:54:20 PM Changing male | female to other
11/28/2022 03:54:20 PM Changing male | female to other
11/28/2022 03:54:20 PM Changing male | female to other
11/28/2022 03:54:20 PM Changing male | female to other
11/28/2022 03:54:20 PM Changing Race to other and moving data to Race Specify
11/28/2022 03:54:20 PM Changing Race to other and moving data to Race Specify
11/28/2022 03:54:20 PM Changing Race to other and moving data to Race Specify
11/28/2022 03:54:20 PM Changing Race to other and moving data to Race Specify
11/28/2022 03:54:20 PM Changing Ethnicity to Other
11/28/2022 03:54:20 PM Changing Ethnicity to Other
11/28/2022 03:54:20 PM Changing Ethnicity to Other
11/28/2022 03:54:20 PM Changing Ethnicity to Other
11/28/2022 03:54:20 PM Changing male | female to other
11/28/2022 03:54:20 PM Changing male | female to other
11/28/2022 03:54:20 PM Changing male | female to other
11/28/2022 03:54:20 PM Changing male | female to other
11/28/2022 03:54:20 PM Changing Race to other and moving data to Race Specify
11/28/2022 03:54:20 PM Changing Race to other and moving data to Race Specify
11/28/2022 03:54:20 PM Changing Race to other and moving data to Race Specify
11/28/2022 03:54:20 PM Changing Race to other and moving data to Race Specify
11/28/2022 03:54:20 PM Changing Ethnicity to Other
11/28/2022 03:54:20 PM Changing Ethnicity to Other
11/28/2022 03:54:20 PM Changing Ethnicity to Other
11/28/2022 03:54:20 PM Changing Ethnicity to Other
11/28/2022 03:54:21 PM Changing male | female to other
11/28/2022 03:54:21 PM Changing male | female to other
11/28/2022 03:54:21 PM Changing Race to other and moving data to Race Specify
11/28/2022 03:54:21 PM Changing Race to other and moving data to Race Specify
11/28/2022 03:54:21 PM Changing Ethnicity to Other
11/28/2022 03:54:21 PM Changing Ethnicity to Other
11/28/2022 03:54:21 PM Changing male | female to other
11/28/2022 03:54:21 PM Changing Race to other and moving data to Race Specify
11/28/2022 03:54:21 PM Changing Ethnicity to Other
11/28/2022 03:54:22 PM Changing male | female to other
11/28/2022 03:54:22 PM Changing male | female to other
11/28/2022 03:54:22 PM Changing Race to other and moving data to Race Specify
11/28/2022 03:54:22 PM Changing Race to other and moving data to Race Specify
11/28/2022 03:54:22 PM Changing Ethnicity to Other
11/28/2022 03:54:22 PM Changing Ethnicity to Other
11/28/2022 03:54:22 PM [inclusion exclusion]: Changing Yes => Inclusion
11/28/2022 03:54:49 PM Changing male | female to other
11/28/2022 03:54:49 PM Changing Race to other and moving data to Race Specify
11/28/2022 03:54:49 PM Changing Ethnicity to Other
11/28/2022 03:54:49 PM [inclusion exclusion]: Changing Yes => Inclusion
11/28/2022 03:54:49 PM [inclusion exclusion]: Changing No => Exclusion
11/28/2022 03:54:49 PM [inclusion exclusion]: Changing Yes => Inclusion
11/28/2022 03:54:49 PM Changing male | female to other
11/28/2022 03:54:49 PM Changing male | female to other
11/28/2022 03:54:49 PM Changing Race to other and moving data to Race Specify
11/28/2022 03:54:49 PM Changing Race to other and moving data to Race Specify
11/28/2022 03:54:49 PM Changing Ethnicity to Other
11/28/2022 03:54:49 PM Changing Ethnicity to Other
11/28/2022 03:54:49 PM Changing male | female to other
11/28/2022 03:54:49 PM Changing male | female to other
11/28/2022 03:54:49 PM Changing Race to other and moving data to Race Specify
11/28/2022 03:54:49 PM Changing Race to other and moving data to Race Specify
11/28/2022 03:54:49 PM Changing Ethnicity to Other
11/28/2022 03:54:49 PM Changing Ethnicity to Other
11/28/2022 03:54:50 PM [inclusion exclusion]: Changing Yes => Inclusion
11/28/2022 03:54:50 PM Changing male | female to other
11/28/2022 03:54:50 PM Changing Race to other and moving data to Race Specify
11/28/2022 03:54:50 PM Changing Ethnicity to Other
11/28/2022 03:54:50 PM Changing male | female to other
11/28/2022 03:54:50 PM Changing male | female to other
11/28/2022 03:54:50 PM Changing Race to other and moving data to Race Specify
11/28/2022 03:54:50 PM Changing Race to other and moving data to Race Specify
11/28/2022 03:54:50 PM Changing Ethnicity to Other
11/28/2022 03:54:50 PM Changing Ethnicity to Other
11/28/2022 03:54:51 PM Changing male | female to other
11/28/2022 03:54:51 PM Changing male | female to other
11/28/2022 03:54:51 PM Changing Race to other and moving data to Race Specify
11/28/2022 03:54:51 PM Changing Race to other and moving data to Race Specify
11/28/2022 03:54:51 PM Changing Ethnicity to Other
11/28/2022 03:54:51 PM Changing Ethnicity to Other
11/28/2022 03:54:51 PM Changing male | female to other
11/28/2022 03:54:51 PM Changing male | female to other
11/28/2022 03:54:51 PM Changing male | female to other
11/28/2022 03:54:51 PM Changing male | female to other
11/28/2022 03:54:51 PM Changing Race to other and moving data to Race Specify
11/28/2022 03:54:51 PM Changing Race to other and moving data to Race Specify
11/28/2022 03:54:51 PM Changing Race to other and moving data to Race Specify
11/28/2022 03:54:51 PM Changing Race to other and moving data to Race Specify
11/28/2022 03:54:51 PM Changing Ethnicity to Other
11/28/2022 03:54:51 PM Changing Ethnicity to Other
11/28/2022 03:54:51 PM Changing Ethnicity to Other
11/28/2022 03:54:51 PM Changing Ethnicity to Other
11/28/2022 03:54:52 PM Changing male | female to other
11/28/2022 03:54:52 PM Changing male | female to other
11/28/2022 03:54:52 PM Changing male | female to other
11/28/2022 03:54:52 PM Changing male | female to other
11/28/2022 03:54:52 PM Changing Race to other and moving data to Race Specify
11/28/2022 03:54:52 PM Changing Race to other and moving data to Race Specify
11/28/2022 03:54:52 PM Changing Race to other and moving data to Race Specify
11/28/2022 03:54:52 PM Changing Race to other and moving data to Race Specify
11/28/2022 03:54:52 PM Changing Ethnicity to Other
11/28/2022 03:54:52 PM Changing Ethnicity to Other
11/28/2022 03:54:52 PM Changing Ethnicity to Other
11/28/2022 03:54:52 PM Changing Ethnicity to Other
11/28/2022 03:54:52 PM Changing male | female to other
11/28/2022 03:54:52 PM Changing male | female to other
11/28/2022 03:54:52 PM Changing Race to other and moving data to Race Specify
11/28/2022 03:54:52 PM Changing Race to other and moving data to Race Specify
11/28/2022 03:54:52 PM Changing Ethnicity to Other
11/28/2022 03:54:52 PM Changing Ethnicity to Other
11/28/2022 03:54:52 PM Changing male | female to other
11/28/2022 03:54:52 PM Changing Race to other and moving data to Race Specify
11/28/2022 03:54:52 PM Changing Ethnicity to Other
11/28/2022 03:54:53 PM Changing male | female to other
11/28/2022 03:54:53 PM Changing male | female to other
11/28/2022 03:54:53 PM Changing Race to other and moving data to Race Specify
11/28/2022 03:54:53 PM Changing Race to other and moving data to Race Specify
11/28/2022 03:54:53 PM Changing Ethnicity to Other
11/28/2022 03:54:53 PM Changing Ethnicity to Other
11/28/2022 03:54:53 PM [inclusion exclusion]: Changing Yes => Inclusion
11/28/2022 03:54:54 PM [inclusion exclusion]: Changing Yes => Inclusion
11/28/2022 03:54:54 PM [inclusion exclusion]: Changing Yes => Inclusion
11/28/2022 03:54:54 PM [inclusion exclusion]: Changing Yes => Inclusion
11/28/2022 03:54:54 PM [inclusion exclusion]: Changing Yes => Inclusion
11/28/2022 03:54:54 PM Changing male | female to other
11/28/2022 03:54:54 PM Changing male | female to other
11/28/2022 03:54:54 PM Changing Race to other and moving data to Race Specify
11/28/2022 03:54:54 PM Changing Race to other and moving data to Race Specify
11/28/2022 03:54:54 PM Changing Ethnicity to Other
11/28/2022 03:54:54 PM Changing Ethnicity to Other
11/28/2022 03:54:54 PM [inclusion exclusion]: Changing Yes => Inclusion
11/28/2022 03:54:54 PM Changing male | female to other
11/28/2022 03:54:54 PM Changing Race to other and moving data to Race Specify
11/28/2022 03:54:54 PM Changing Ethnicity to Other
11/28/2022 03:54:55 PM Changing male | female to other
11/28/2022 03:54:55 PM Changing male | female to other
11/28/2022 03:54:55 PM Changing male | female to other
11/28/2022 03:54:55 PM Changing male | female to other
11/28/2022 03:54:55 PM Changing male | female to other
11/28/2022 03:54:55 PM Changing male | female to other
11/28/2022 03:54:55 PM Changing Race to other and moving data to Race Specify
11/28/2022 03:54:55 PM Changing Race to other and moving data to Race Specify
11/28/2022 03:54:55 PM Changing Race to other and moving data to Race Specify
11/28/2022 03:54:55 PM Changing Race to other and moving data to Race Specify
11/28/2022 03:54:55 PM Changing Race to other and moving data to Race Specify
11/28/2022 03:54:55 PM Changing Race to other and moving data to Race Specify
11/28/2022 03:54:55 PM Changing Ethnicity to Other
11/28/2022 03:54:55 PM Changing Ethnicity to Other
11/28/2022 03:54:55 PM Changing Ethnicity to Other
11/28/2022 03:54:55 PM Changing Ethnicity to Other
11/28/2022 03:54:55 PM Changing Ethnicity to Other
11/28/2022 03:54:55 PM Changing Ethnicity to Other
11/28/2022 03:54:55 PM [inclusion exclusion]: Changing Yes => Inclusion
11/28/2022 03:54:55 PM [inclusion exclusion]: Changing Yes => Inclusion
11/28/2022 03:54:55 PM Changing male | female to other
11/28/2022 03:54:55 PM Changing male | female to other
11/28/2022 03:54:55 PM Changing Race to other and moving data to Race Specify
11/28/2022 03:54:55 PM Changing Race to other and moving data to Race Specify
11/28/2022 03:54:55 PM Changing Ethnicity to Other
11/28/2022 03:54:55 PM Changing Ethnicity to Other
11/28/2022 03:54:56 PM [inclusion exclusion]: Redudant Unique ID
11/28/2022 03:54:56 PM Changing male | female to other
11/28/2022 03:54:56 PM Changing Race to other and moving data to Race Specify
11/28/2022 03:54:56 PM Changing Ethnicity to Other
11/28/2022 03:54:57 PM Changing male | female to other
11/28/2022 03:54:57 PM Changing male | female to other
11/28/2022 03:54:57 PM Changing Race to other and moving data to Race Specify
11/28/2022 03:54:57 PM Changing Race to other and moving data to Race Specify
11/28/2022 03:54:57 PM Changing Ethnicity to Other
11/28/2022 03:54:57 PM Changing Ethnicity to Other
11/28/2022 03:54:57 PM Changing male | female to other
11/28/2022 03:54:57 PM Changing Race to other and moving data to Race Specify
11/28/2022 03:54:57 PM Changing Ethnicity to Other
11/28/2022 03:54:57 PM Changing male | female to other
11/28/2022 03:54:57 PM Changing Race to other and moving data to Race Specify
11/28/2022 03:54:57 PM Changing Ethnicity to Other
11/28/2022 03:54:58 PM Changing male | female to other
11/28/2022 03:54:58 PM Changing male | female to other
11/28/2022 03:54:58 PM Changing male | female to other
11/28/2022 03:54:58 PM Changing male | female to other
11/28/2022 03:54:58 PM Changing Race to other and moving data to Race Specify
11/28/2022 03:54:58 PM Changing Race to other and moving data to Race Specify
11/28/2022 03:54:58 PM Changing Race to other and moving data to Race Specify
11/28/2022 03:54:58 PM Changing Race to other and moving data to Race Specify
11/28/2022 03:54:58 PM Changing Ethnicity to Other
11/28/2022 03:54:58 PM Changing Ethnicity to Other
11/28/2022 03:54:58 PM Changing Ethnicity to Other
11/28/2022 03:54:58 PM Changing Ethnicity to Other
11/28/2022 03:54:58 PM Changing male | female to other
11/28/2022 03:54:58 PM Changing male | female to other
11/28/2022 03:54:58 PM Changing Race to other and moving data to Race Specify
11/28/2022 03:54:58 PM Changing Race to other and moving data to Race Specify
11/28/2022 03:54:58 PM Changing Ethnicity to Other
11/28/2022 03:54:58 PM Changing Ethnicity to Other
11/28/2022 03:54:59 PM Changing male | female to other
11/28/2022 03:54:59 PM Changing male | female to other
11/28/2022 03:54:59 PM Changing male | female to other
11/28/2022 03:54:59 PM Changing Ethnicity to Other
11/28/2022 03:54:59 PM Changing Ethnicity to Other
11/28/2022 03:54:59 PM Changing Ethnicity to Other
11/28/2022 03:56:27 PM Changing male | female to other
11/28/2022 03:56:27 PM Changing Race to other and moving data to Race Specify
11/28/2022 03:56:27 PM Changing Ethnicity to Other
11/28/2022 03:56:27 PM [inclusion exclusion]: Changing Yes => Inclusion
11/28/2022 03:56:27 PM [inclusion exclusion]: Changing No => Exclusion
11/28/2022 03:56:27 PM [inclusion exclusion]: Changing Yes => Inclusion
11/28/2022 03:56:27 PM Changing male | female to other
11/28/2022 03:56:27 PM Changing male | female to other
11/28/2022 03:56:27 PM Changing Race to other and moving data to Race Specify
11/28/2022 03:56:27 PM Changing Race to other and moving data to Race Specify
11/28/2022 03:56:27 PM Changing Ethnicity to Other
11/28/2022 03:56:27 PM Changing Ethnicity to Other
11/28/2022 03:56:27 PM Changing male | female to other
11/28/2022 03:56:27 PM Changing male | female to other
11/28/2022 03:56:27 PM Changing Race to other and moving data to Race Specify
11/28/2022 03:56:27 PM Changing Race to other and moving data to Race Specify
11/28/2022 03:56:27 PM Changing Ethnicity to Other
11/28/2022 03:56:27 PM Changing Ethnicity to Other
11/28/2022 03:56:28 PM [inclusion exclusion]: Changing Yes => Inclusion
11/28/2022 03:56:28 PM Changing male | female to other
11/28/2022 03:56:28 PM Changing Race to other and moving data to Race Specify
11/28/2022 03:56:28 PM Changing Ethnicity to Other
11/28/2022 03:56:28 PM Changing male | female to other
11/28/2022 03:56:28 PM Changing male | female to other
11/28/2022 03:56:28 PM Changing Race to other and moving data to Race Specify
11/28/2022 03:56:28 PM Changing Race to other and moving data to Race Specify
11/28/2022 03:56:28 PM Changing Ethnicity to Other
11/28/2022 03:56:28 PM Changing Ethnicity to Other
11/28/2022 03:56:29 PM Changing male | female to other
11/28/2022 03:56:29 PM Changing male | female to other
11/28/2022 03:56:29 PM Changing Race to other and moving data to Race Specify
11/28/2022 03:56:29 PM Changing Race to other and moving data to Race Specify
11/28/2022 03:56:29 PM Changing Ethnicity to Other
11/28/2022 03:56:29 PM Changing Ethnicity to Other
11/28/2022 03:56:29 PM Changing male | female to other
11/28/2022 03:56:29 PM Changing male | female to other
11/28/2022 03:56:29 PM Changing male | female to other
11/28/2022 03:56:29 PM Changing male | female to other
11/28/2022 03:56:29 PM Changing Race to other and moving data to Race Specify
11/28/2022 03:56:29 PM Changing Race to other and moving data to Race Specify
11/28/2022 03:56:29 PM Changing Race to other and moving data to Race Specify
11/28/2022 03:56:29 PM Changing Race to other and moving data to Race Specify
11/28/2022 03:56:29 PM Changing Ethnicity to Other
11/28/2022 03:56:29 PM Changing Ethnicity to Other
11/28/2022 03:56:29 PM Changing Ethnicity to Other
11/28/2022 03:56:29 PM Changing Ethnicity to Other
11/28/2022 03:56:30 PM Changing male | female to other
11/28/2022 03:56:30 PM Changing male | female to other
11/28/2022 03:56:30 PM Changing male | female to other
11/28/2022 03:56:30 PM Changing male | female to other
11/28/2022 03:56:30 PM Changing Race to other and moving data to Race Specify
11/28/2022 03:56:30 PM Changing Race to other and moving data to Race Specify
11/28/2022 03:56:30 PM Changing Race to other and moving data to Race Specify
11/28/2022 03:56:30 PM Changing Race to other and moving data to Race Specify
11/28/2022 03:56:30 PM Changing Ethnicity to Other
11/28/2022 03:56:30 PM Changing Ethnicity to Other
11/28/2022 03:56:30 PM Changing Ethnicity to Other
11/28/2022 03:56:30 PM Changing Ethnicity to Other
11/28/2022 03:56:30 PM Changing male | female to other
11/28/2022 03:56:30 PM Changing male | female to other
11/28/2022 03:56:30 PM Changing Race to other and moving data to Race Specify
11/28/2022 03:56:30 PM Changing Race to other and moving data to Race Specify
11/28/2022 03:56:30 PM Changing Ethnicity to Other
11/28/2022 03:56:30 PM Changing Ethnicity to Other
11/28/2022 03:56:30 PM Changing male | female to other
11/28/2022 03:56:30 PM Changing Race to other and moving data to Race Specify
11/28/2022 03:56:30 PM Changing Ethnicity to Other
11/28/2022 03:56:31 PM Changing male | female to other
11/28/2022 03:56:31 PM Changing male | female to other
11/28/2022 03:56:31 PM Changing Race to other and moving data to Race Specify
11/28/2022 03:56:31 PM Changing Race to other and moving data to Race Specify
11/28/2022 03:56:31 PM Changing Ethnicity to Other
11/28/2022 03:56:31 PM Changing Ethnicity to Other
11/28/2022 03:56:31 PM [inclusion exclusion]: Changing Yes => Inclusion
11/28/2022 03:56:32 PM [inclusion exclusion]: Changing Yes => Inclusion
11/28/2022 03:56:32 PM [inclusion exclusion]: Changing Yes => Inclusion
11/28/2022 03:56:32 PM [inclusion exclusion]: Changing Yes => Inclusion
11/28/2022 03:56:32 PM [inclusion exclusion]: Changing Yes => Inclusion
11/28/2022 03:56:32 PM Changing male | female to other
11/28/2022 03:56:32 PM Changing male | female to other
11/28/2022 03:56:32 PM Changing Race to other and moving data to Race Specify
11/28/2022 03:56:32 PM Changing Race to other and moving data to Race Specify
11/28/2022 03:56:32 PM Changing Ethnicity to Other
11/28/2022 03:56:32 PM Changing Ethnicity to Other
11/28/2022 03:56:32 PM [inclusion exclusion]: Changing Yes => Inclusion
11/28/2022 03:56:32 PM Changing male | female to other
11/28/2022 03:56:32 PM Changing Race to other and moving data to Race Specify
11/28/2022 03:56:32 PM Changing Ethnicity to Other
11/28/2022 03:56:33 PM Changing male | female to other
11/28/2022 03:56:33 PM Changing male | female to other
11/28/2022 03:56:33 PM Changing male | female to other
11/28/2022 03:56:33 PM Changing male | female to other
11/28/2022 03:56:33 PM Changing male | female to other
11/28/2022 03:56:33 PM Changing male | female to other
11/28/2022 03:56:33 PM Changing Race to other and moving data to Race Specify
11/28/2022 03:56:33 PM Changing Race to other and moving data to Race Specify
11/28/2022 03:56:33 PM Changing Race to other and moving data to Race Specify
11/28/2022 03:56:33 PM Changing Race to other and moving data to Race Specify
11/28/2022 03:56:33 PM Changing Race to other and moving data to Race Specify
11/28/2022 03:56:33 PM Changing Race to other and moving data to Race Specify
11/28/2022 03:56:33 PM Changing Ethnicity to Other
11/28/2022 03:56:33 PM Changing Ethnicity to Other
11/28/2022 03:56:33 PM Changing Ethnicity to Other
11/28/2022 03:56:33 PM Changing Ethnicity to Other
11/28/2022 03:56:33 PM Changing Ethnicity to Other
11/28/2022 03:56:33 PM Changing Ethnicity to Other
11/28/2022 03:56:33 PM [inclusion exclusion]: Changing Yes => Inclusion
11/28/2022 03:56:33 PM [inclusion exclusion]: Changing Yes => Inclusion
11/28/2022 03:56:33 PM Changing male | female to other
11/28/2022 03:56:33 PM Changing male | female to other
11/28/2022 03:56:33 PM Changing Race to other and moving data to Race Specify
11/28/2022 03:56:33 PM Changing Race to other and moving data to Race Specify
11/28/2022 03:56:33 PM Changing Ethnicity to Other
11/28/2022 03:56:33 PM Changing Ethnicity to Other
11/28/2022 03:56:34 PM [inclusion exclusion]: Redudant Unique ID
11/28/2022 03:56:34 PM Changing male | female to other
11/28/2022 03:56:34 PM Changing Race to other and moving data to Race Specify
11/28/2022 03:56:34 PM Changing Ethnicity to Other
11/28/2022 03:56:35 PM Changing male | female to other
11/28/2022 03:56:35 PM Changing male | female to other
11/28/2022 03:56:35 PM Changing Race to other and moving data to Race Specify
11/28/2022 03:56:35 PM Changing Race to other and moving data to Race Specify
11/28/2022 03:56:35 PM Changing Ethnicity to Other
11/28/2022 03:56:35 PM Changing Ethnicity to Other
11/28/2022 03:56:35 PM Changing male | female to other
11/28/2022 03:56:35 PM Changing Race to other and moving data to Race Specify
11/28/2022 03:56:35 PM Changing Ethnicity to Other
11/28/2022 03:56:35 PM Changing male | female to other
11/28/2022 03:56:35 PM Changing Race to other and moving data to Race Specify
11/28/2022 03:56:35 PM Changing Ethnicity to Other
11/28/2022 03:56:36 PM Changing male | female to other
11/28/2022 03:56:36 PM Changing male | female to other
11/28/2022 03:56:36 PM Changing male | female to other
11/28/2022 03:56:36 PM Changing male | female to other
11/28/2022 03:56:36 PM Changing Race to other and moving data to Race Specify
11/28/2022 03:56:36 PM Changing Race to other and moving data to Race Specify
11/28/2022 03:56:36 PM Changing Race to other and moving data to Race Specify
11/28/2022 03:56:36 PM Changing Race to other and moving data to Race Specify
11/28/2022 03:56:36 PM Changing Ethnicity to Other
11/28/2022 03:56:36 PM Changing Ethnicity to Other
11/28/2022 03:56:36 PM Changing Ethnicity to Other
11/28/2022 03:56:36 PM Changing Ethnicity to Other
11/28/2022 03:56:36 PM Changing male | female to other
11/28/2022 03:56:36 PM Changing male | female to other
11/28/2022 03:56:36 PM Changing Race to other and moving data to Race Specify
11/28/2022 03:56:36 PM Changing Race to other and moving data to Race Specify
11/28/2022 03:56:36 PM Changing Ethnicity to Other
11/28/2022 03:56:36 PM Changing Ethnicity to Other
11/28/2022 03:56:37 PM Changing male | female to other
11/28/2022 03:56:37 PM Changing male | female to other
11/28/2022 03:56:37 PM Changing male | female to other
11/28/2022 03:56:37 PM Changing Ethnicity to Other
11/28/2022 03:56:37 PM Changing Ethnicity to Other
11/28/2022 03:56:37 PM Changing Ethnicity to Other
11/28/2022 04:08:30 PM Changing male | female to other
11/28/2022 04:08:30 PM Changing Race to other and moving data to Race Specify
11/28/2022 04:08:30 PM Changing Ethnicity to Other
11/28/2022 04:08:30 PM [inclusion exclusion]: Changing Yes => Inclusion
11/28/2022 04:08:30 PM [inclusion exclusion]: Changing No => Exclusion
11/28/2022 04:08:30 PM [inclusion exclusion]: Changing Yes => Inclusion
11/28/2022 04:08:30 PM Changing male | female to other
11/28/2022 04:08:30 PM Changing male | female to other
11/28/2022 04:08:30 PM Changing Race to other and moving data to Race Specify
11/28/2022 04:08:30 PM Changing Race to other and moving data to Race Specify
11/28/2022 04:08:30 PM Changing Ethnicity to Other
11/28/2022 04:08:30 PM Changing Ethnicity to Other
11/28/2022 04:08:30 PM Changing male | female to other
11/28/2022 04:08:30 PM Changing male | female to other
11/28/2022 04:08:30 PM Changing Race to other and moving data to Race Specify
11/28/2022 04:08:30 PM Changing Race to other and moving data to Race Specify
11/28/2022 04:08:30 PM Changing Ethnicity to Other
11/28/2022 04:08:30 PM Changing Ethnicity to Other
11/28/2022 04:08:31 PM [inclusion exclusion]: Changing Yes => Inclusion
11/28/2022 04:08:31 PM Changing male | female to other
11/28/2022 04:08:31 PM Changing Race to other and moving data to Race Specify
11/28/2022 04:08:31 PM Changing Ethnicity to Other
11/28/2022 04:08:31 PM Changing male | female to other
11/28/2022 04:08:31 PM Changing male | female to other
11/28/2022 04:08:31 PM Changing Race to other and moving data to Race Specify
11/28/2022 04:08:31 PM Changing Race to other and moving data to Race Specify
11/28/2022 04:08:31 PM Changing Ethnicity to Other
11/28/2022 04:08:31 PM Changing Ethnicity to Other
11/28/2022 04:08:32 PM Changing male | female to other
11/28/2022 04:08:32 PM Changing male | female to other
11/28/2022 04:08:32 PM Changing Race to other and moving data to Race Specify
11/28/2022 04:08:32 PM Changing Race to other and moving data to Race Specify
11/28/2022 04:08:32 PM Changing Ethnicity to Other
11/28/2022 04:08:32 PM Changing Ethnicity to Other
11/28/2022 04:08:32 PM Changing male | female to other
11/28/2022 04:08:32 PM Changing male | female to other
11/28/2022 04:08:32 PM Changing male | female to other
11/28/2022 04:08:32 PM Changing male | female to other
11/28/2022 04:08:32 PM Changing Race to other and moving data to Race Specify
11/28/2022 04:08:32 PM Changing Race to other and moving data to Race Specify
11/28/2022 04:08:32 PM Changing Race to other and moving data to Race Specify
11/28/2022 04:08:32 PM Changing Race to other and moving data to Race Specify
11/28/2022 04:08:32 PM Changing Ethnicity to Other
11/28/2022 04:08:32 PM Changing Ethnicity to Other
11/28/2022 04:08:32 PM Changing Ethnicity to Other
11/28/2022 04:08:32 PM Changing Ethnicity to Other
11/28/2022 04:08:33 PM Changing male | female to other
11/28/2022 04:08:33 PM Changing male | female to other
11/28/2022 04:08:33 PM Changing male | female to other
11/28/2022 04:08:33 PM Changing male | female to other
11/28/2022 04:08:33 PM Changing Race to other and moving data to Race Specify
11/28/2022 04:08:33 PM Changing Race to other and moving data to Race Specify
11/28/2022 04:08:33 PM Changing Race to other and moving data to Race Specify
11/28/2022 04:08:33 PM Changing Race to other and moving data to Race Specify
11/28/2022 04:08:33 PM Changing Ethnicity to Other
11/28/2022 04:08:33 PM Changing Ethnicity to Other
11/28/2022 04:08:33 PM Changing Ethnicity to Other
11/28/2022 04:08:33 PM Changing Ethnicity to Other
11/28/2022 04:08:33 PM Changing male | female to other
11/28/2022 04:08:33 PM Changing male | female to other
11/28/2022 04:08:33 PM Changing Race to other and moving data to Race Specify
11/28/2022 04:08:33 PM Changing Race to other and moving data to Race Specify
11/28/2022 04:08:33 PM Changing Ethnicity to Other
11/28/2022 04:08:33 PM Changing Ethnicity to Other
11/28/2022 04:08:33 PM Changing male | female to other
11/28/2022 04:08:33 PM Changing Race to other and moving data to Race Specify
11/28/2022 04:08:33 PM Changing Ethnicity to Other
11/28/2022 04:08:34 PM Changing male | female to other
11/28/2022 04:08:34 PM Changing male | female to other
11/28/2022 04:08:34 PM Changing Race to other and moving data to Race Specify
11/28/2022 04:08:34 PM Changing Race to other and moving data to Race Specify
11/28/2022 04:08:34 PM Changing Ethnicity to Other
11/28/2022 04:08:34 PM Changing Ethnicity to Other
11/28/2022 04:08:34 PM [inclusion exclusion]: Changing Yes => Inclusion
11/28/2022 04:08:35 PM [inclusion exclusion]: Changing Yes => Inclusion
11/28/2022 04:08:35 PM [inclusion exclusion]: Changing Yes => Inclusion
11/28/2022 04:08:35 PM [inclusion exclusion]: Changing Yes => Inclusion
11/28/2022 04:08:35 PM [inclusion exclusion]: Changing Yes => Inclusion
11/28/2022 04:08:35 PM Changing male | female to other
11/28/2022 04:08:35 PM Changing male | female to other
11/28/2022 04:08:35 PM Changing Race to other and moving data to Race Specify
11/28/2022 04:08:35 PM Changing Race to other and moving data to Race Specify
11/28/2022 04:08:35 PM Changing Ethnicity to Other
11/28/2022 04:08:35 PM Changing Ethnicity to Other
11/28/2022 04:08:36 PM [inclusion exclusion]: Changing Yes => Inclusion
11/28/2022 04:08:36 PM Changing male | female to other
11/28/2022 04:08:36 PM Changing Race to other and moving data to Race Specify
11/28/2022 04:08:36 PM Changing Ethnicity to Other
11/28/2022 04:08:36 PM Changing male | female to other
11/28/2022 04:08:36 PM Changing male | female to other
11/28/2022 04:08:36 PM Changing male | female to other
11/28/2022 04:08:36 PM Changing male | female to other
11/28/2022 04:08:36 PM Changing male | female to other
11/28/2022 04:08:36 PM Changing male | female to other
11/28/2022 04:08:36 PM Changing Race to other and moving data to Race Specify
11/28/2022 04:08:36 PM Changing Race to other and moving data to Race Specify
11/28/2022 04:08:36 PM Changing Race to other and moving data to Race Specify
11/28/2022 04:08:36 PM Changing Race to other and moving data to Race Specify
11/28/2022 04:08:36 PM Changing Race to other and moving data to Race Specify
11/28/2022 04:08:36 PM Changing Race to other and moving data to Race Specify
11/28/2022 04:08:36 PM Changing Ethnicity to Other
11/28/2022 04:08:36 PM Changing Ethnicity to Other
11/28/2022 04:08:36 PM Changing Ethnicity to Other
11/28/2022 04:08:36 PM Changing Ethnicity to Other
11/28/2022 04:08:36 PM Changing Ethnicity to Other
11/28/2022 04:08:36 PM Changing Ethnicity to Other
11/28/2022 04:08:36 PM [inclusion exclusion]: Changing Yes => Inclusion
11/28/2022 04:08:36 PM [inclusion exclusion]: Changing Yes => Inclusion
11/28/2022 04:08:37 PM Changing male | female to other
11/28/2022 04:08:37 PM Changing male | female to other
11/28/2022 04:08:37 PM Changing Race to other and moving data to Race Specify
11/28/2022 04:08:37 PM Changing Race to other and moving data to Race Specify
11/28/2022 04:08:37 PM Changing Ethnicity to Other
11/28/2022 04:08:37 PM Changing Ethnicity to Other
11/28/2022 04:08:37 PM [inclusion exclusion]: Redudant Unique ID
11/28/2022 04:08:37 PM Changing male | female to other
11/28/2022 04:08:37 PM Changing Race to other and moving data to Race Specify
11/28/2022 04:08:37 PM Changing Ethnicity to Other
11/28/2022 04:08:38 PM Changing male | female to other
11/28/2022 04:08:38 PM Changing male | female to other
11/28/2022 04:08:38 PM Changing Race to other and moving data to Race Specify
11/28/2022 04:08:38 PM Changing Race to other and moving data to Race Specify
11/28/2022 04:08:38 PM Changing Ethnicity to Other
11/28/2022 04:08:38 PM Changing Ethnicity to Other
11/28/2022 04:08:38 PM Changing male | female to other
11/28/2022 04:08:38 PM Changing Race to other and moving data to Race Specify
11/28/2022 04:08:38 PM Changing Ethnicity to Other
11/28/2022 04:08:39 PM Changing male | female to other
11/28/2022 04:08:39 PM Changing Race to other and moving data to Race Specify
11/28/2022 04:08:39 PM Changing Ethnicity to Other
11/28/2022 04:08:39 PM Changing male | female to other
11/28/2022 04:08:39 PM Changing male | female to other
11/28/2022 04:08:39 PM Changing male | female to other
11/28/2022 04:08:39 PM Changing male | female to other
11/28/2022 04:08:39 PM Changing Race to other and moving data to Race Specify
11/28/2022 04:08:39 PM Changing Race to other and moving data to Race Specify
11/28/2022 04:08:39 PM Changing Race to other and moving data to Race Specify
11/28/2022 04:08:39 PM Changing Race to other and moving data to Race Specify
11/28/2022 04:08:39 PM Changing Ethnicity to Other
11/28/2022 04:08:39 PM Changing Ethnicity to Other
11/28/2022 04:08:39 PM Changing Ethnicity to Other
11/28/2022 04:08:39 PM Changing Ethnicity to Other
11/28/2022 04:08:39 PM Changing male | female to other
11/28/2022 04:08:39 PM Changing male | female to other
11/28/2022 04:08:39 PM Changing Race to other and moving data to Race Specify
11/28/2022 04:08:39 PM Changing Race to other and moving data to Race Specify
11/28/2022 04:08:39 PM Changing Ethnicity to Other
11/28/2022 04:08:39 PM Changing Ethnicity to Other
11/28/2022 04:08:40 PM Changing male | female to other
11/28/2022 04:08:40 PM Changing male | female to other
11/28/2022 04:08:40 PM Changing male | female to other
11/28/2022 04:08:40 PM Changing Ethnicity to Other
11/28/2022 04:08:40 PM Changing Ethnicity to Other
11/28/2022 04:08:40 PM Changing Ethnicity to Other
