02/07/2023 01:05:24 PM 
PMID: 35915094
02/07/2023 01:14:18 PM 
PMID: 34047304
02/07/2023 01:14:18 PM WARNING:: [Sex_at_Birth] Changing 'male | female' to 'other'
02/07/2023 01:14:18 PM WARNING:: [Sex_at_Birth] Changing 'male | female' to 'other'
02/07/2023 01:14:18 PM Warning:: [Race] Changing 'Race' to 'other' and moving data to [Race Specify]
02/07/2023 01:14:18 PM Warning:: [Race] Changing 'Race' to 'other' and moving data to [Race Specify]
02/07/2023 01:14:18 PM Warning:: [Ethnicity] Changing list to other in ImmPort Templates
02/07/2023 01:14:18 PM Warning:: [Ethnicity] Changing list to other in ImmPort Templates
02/07/2023 01:14:23 PM INFO:: [User Change] COVID-19 => Covid-19
02/07/2023 01:14:23 PM [INFO]:: [Fuzzy] Native Hawaian or other Pacific Islander => Native Hawaiian or Other Pacific Islander : score 96
02/07/2023 01:14:23 PM [INFO]:: [Fuzzy] American Indian/Alaskan Native => American Indian or Alaska Native : score 90
02/07/2023 01:14:23 PM INFO:: [Fuzzy] Closest Match Found. Changing Partially Vaccinated => Partially vaccinated
02/07/2023 01:14:23 PM [INFO]:: [Fuzzy] Pfizer BioNTech COVID-19 vaccine ; VO:0004987 => Pfizer BioNTech COVID-19 vaccine; VO:0004987 : score 99
02/07/2023 01:14:23 PM [INFO]:: [Fuzzy] Native Hawaian or other Pacific Islander => Native Hawaiian or Other Pacific Islander : score 96
02/07/2023 01:14:23 PM [INFO]:: [Fuzzy] American Indian/Alaskan Native => American Indian or Alaska Native : score 90
02/07/2023 01:14:23 PM INFO:: [Fuzzy] Closest Match Found. Changing Partially Vaccinated => Partially vaccinated
02/07/2023 01:14:23 PM [INFO]:: [Fuzzy] Pfizer BioNTech COVID-19 vaccine ; VO:0004987 => Pfizer BioNTech COVID-19 vaccine; VO:0004987 : score 99
02/07/2023 01:16:08 PM 
PMID: 33915337
02/07/2023 01:16:08 PM Warning:: [Race] Changing 'Race' to 'other' and moving data to [Race Specify]
02/07/2023 01:16:08 PM Warning:: [Race] Changing 'Race' to 'other' and moving data to [Race Specify]
02/07/2023 01:16:08 PM Warning:: [Race] Changing 'Race' to 'other' and moving data to [Race Specify]
02/07/2023 01:16:08 PM Warning:: [Ethnicity] Changing list to other in ImmPort Templates
02/07/2023 01:16:08 PM Warning:: [Ethnicity] Changing list to other in ImmPort Templates
02/07/2023 01:16:08 PM Warning:: [Ethnicity] Changing list to other in ImmPort Templates
02/07/2023 01:16:18 PM [INFO]:: [Fuzzy] Post-acute Sequelae of COVID-20 => Post-acute Sequelae of COVID-19 : score 94
02/07/2023 01:16:18 PM [INFO]:: [Fuzzy] SARS-CoV-2 spike => SARS-CoV-2 : score 77
02/07/2023 01:43:52 PM Note: NumExpr detected 16 cores but "NUMEXPR_MAX_THREADS" not set, so enforcing safe limit of 8.
02/07/2023 01:43:52 PM NumExpr defaulting to 8 threads.
02/07/2023 01:44:54 PM diff parser start
02/07/2023 01:44:54 PM line_lengths old: 1; new: 1
02/07/2023 01:44:54 PM -> code[replace] old[1:1] new[1:1]
02/07/2023 01:44:54 PM parse_part from 1 to 1 (to 0 in part parser)
02/07/2023 01:44:54 PM diff parser end
02/07/2023 01:47:46 PM diff parser start
02/07/2023 01:47:46 PM line_lengths old: 1; new: 19
02/07/2023 01:47:46 PM -> code[replace] old[1:1] new[1:19]
02/07/2023 01:47:46 PM parse_part from 1 to 19 (to 18 in part parser)
02/07/2023 01:47:46 PM diff parser end
02/07/2023 01:47:46 PM pickle loaded: /Users/liualg/opt/anaconda3/lib/python3.8/os.py
02/07/2023 01:47:48 PM diff parser start
02/07/2023 01:47:48 PM line_lengths old: 19; new: 19
02/07/2023 01:47:48 PM -> code[equal] old[1:18] new[1:18]
02/07/2023 01:47:48 PM copy old[1:18] new[1:18]
02/07/2023 01:47:48 PM -> code[replace] old[19:19] new[19:19]
02/07/2023 01:47:48 PM parse_part from 19 to 19 (to 18 in part parser)
02/07/2023 01:47:48 PM diff parser end
02/07/2023 01:47:51 PM diff parser start
02/07/2023 01:47:51 PM line_lengths old: 19; new: 19
02/07/2023 01:47:51 PM -> code[equal] old[1:18] new[1:18]
02/07/2023 01:47:51 PM copy old[1:18] new[1:18]
02/07/2023 01:47:51 PM -> code[replace] old[19:19] new[19:19]
02/07/2023 01:47:51 PM parse_part from 19 to 19 (to 18 in part parser)
02/07/2023 01:47:51 PM diff parser end
02/07/2023 01:47:52 PM diff parser start
02/07/2023 01:47:52 PM line_lengths old: 19; new: 19
02/07/2023 01:47:52 PM -> code[equal] old[1:18] new[1:18]
02/07/2023 01:47:52 PM copy old[1:18] new[1:18]
02/07/2023 01:47:52 PM -> code[replace] old[19:19] new[19:19]
02/07/2023 01:47:52 PM parse_part from 19 to 19 (to 18 in part parser)
02/07/2023 01:47:52 PM diff parser end
02/07/2023 01:47:59 PM diff parser start
02/07/2023 01:47:59 PM line_lengths old: 19; new: 19
02/07/2023 01:47:59 PM -> code[equal] old[1:18] new[1:18]
02/07/2023 01:47:59 PM copy old[1:18] new[1:18]
02/07/2023 01:47:59 PM -> code[replace] old[19:19] new[19:19]
02/07/2023 01:47:59 PM parse_part from 19 to 19 (to 18 in part parser)
02/07/2023 01:47:59 PM diff parser end
02/07/2023 01:48:01 PM diff parser start
02/07/2023 01:48:01 PM line_lengths old: 19; new: 19
02/07/2023 01:48:01 PM -> code[equal] old[1:18] new[1:18]
02/07/2023 01:48:01 PM copy old[1:18] new[1:18]
02/07/2023 01:48:01 PM -> code[replace] old[19:19] new[19:19]
02/07/2023 01:48:01 PM parse_part from 19 to 19 (to 18 in part parser)
02/07/2023 01:48:01 PM diff parser end
02/07/2023 01:48:02 PM diff parser start
02/07/2023 01:48:02 PM line_lengths old: 19; new: 19
02/07/2023 01:48:02 PM -> code[equal] old[1:18] new[1:18]
02/07/2023 01:48:02 PM copy old[1:18] new[1:18]
02/07/2023 01:48:02 PM -> code[replace] old[19:19] new[19:19]
02/07/2023 01:48:02 PM parse_part from 19 to 19 (to 18 in part parser)
02/07/2023 01:48:02 PM diff parser end
02/07/2023 01:48:03 PM diff parser start
02/07/2023 01:48:03 PM line_lengths old: 19; new: 19
02/07/2023 01:48:03 PM -> code[equal] old[1:18] new[1:18]
02/07/2023 01:48:03 PM copy old[1:18] new[1:18]
02/07/2023 01:48:03 PM -> code[replace] old[19:19] new[19:19]
02/07/2023 01:48:03 PM parse_part from 19 to 19 (to 18 in part parser)
02/07/2023 01:48:03 PM diff parser end
02/07/2023 01:48:09 PM diff parser start
02/07/2023 01:48:09 PM line_lengths old: 19; new: 19
02/07/2023 01:48:09 PM -> code[equal] old[1:18] new[1:18]
02/07/2023 01:48:09 PM copy old[1:18] new[1:18]
02/07/2023 01:48:09 PM -> code[replace] old[19:19] new[19:19]
02/07/2023 01:48:09 PM parse_part from 19 to 19 (to 18 in part parser)
02/07/2023 01:48:09 PM diff parser end
02/07/2023 01:48:09 PM pickle loaded: /Users/liualg/opt/anaconda3/lib/python3.8/site-packages/jedi/third_party/typeshed/stdlib/2and3/builtins.pyi
02/07/2023 01:48:09 PM pickle loaded: /Users/liualg/opt/anaconda3/lib/python3.8/site-packages/jedi/third_party/typeshed/stdlib/3/sys.pyi
02/07/2023 01:48:20 PM diff parser start
02/07/2023 01:48:20 PM line_lengths old: 19; new: 19
02/07/2023 01:48:20 PM -> code[equal] old[1:18] new[1:18]
02/07/2023 01:48:20 PM copy old[1:18] new[1:18]
02/07/2023 01:48:20 PM -> code[replace] old[19:19] new[19:19]
02/07/2023 01:48:20 PM parse_part from 19 to 19 (to 18 in part parser)
02/07/2023 01:48:20 PM diff parser end
02/07/2023 01:48:22 PM diff parser start
02/07/2023 01:48:22 PM line_lengths old: 19; new: 19
02/07/2023 01:48:22 PM -> code[equal] old[1:18] new[1:18]
02/07/2023 01:48:22 PM copy old[1:18] new[1:18]
02/07/2023 01:48:22 PM -> code[replace] old[19:19] new[19:19]
02/07/2023 01:48:22 PM parse_part from 19 to 19 (to 18 in part parser)
02/07/2023 01:48:22 PM diff parser end
02/07/2023 01:48:23 PM diff parser start
02/07/2023 01:48:23 PM line_lengths old: 19; new: 19
02/07/2023 01:48:23 PM -> code[equal] old[1:18] new[1:18]
02/07/2023 01:48:23 PM copy old[1:18] new[1:18]
02/07/2023 01:48:23 PM -> code[replace] old[19:19] new[19:19]
02/07/2023 01:48:23 PM parse_part from 19 to 19 (to 18 in part parser)
02/07/2023 01:48:23 PM diff parser end
02/07/2023 04:16:43 PM 
PMID: 35795812
02/07/2023 04:16:43 PM WARNING:: [Sex_at_Birth] Changing 'male | female' to 'other'
02/07/2023 04:16:43 PM Warning:: [Race] Changing 'Race' to 'other' and moving data to [Race Specify]
02/07/2023 04:16:43 PM Warning:: [Ethnicity] Changing list to other in ImmPort Templates
02/07/2023 04:34:35 PM Note: NumExpr detected 16 cores but "NUMEXPR_MAX_THREADS" not set, so enforcing safe limit of 8.
02/07/2023 04:34:35 PM NumExpr defaulting to 8 threads.
02/07/2023 04:48:57 PM 
PMID: 35877413
02/07/2023 04:48:57 PM WARNING:: [Sex_at_Birth] Changing 'male | female' to 'other'
02/07/2023 04:48:57 PM WARNING:: [Sex_at_Birth] Changing 'male | female' to 'other'
02/07/2023 04:48:57 PM Warning:: [Race] Changing 'Race' to 'other' and moving data to [Race Specify]
02/07/2023 04:48:57 PM Warning:: [Race] Changing 'Race' to 'other' and moving data to [Race Specify]
02/07/2023 04:48:57 PM Warning:: [Ethnicity] Changing list to other in ImmPort Templates
02/07/2023 04:48:57 PM Warning:: [Ethnicity] Changing list to other in ImmPort Templates
02/07/2023 04:54:05 PM 
PMID: 35795812
02/07/2023 04:54:06 PM WARNING:: [Sex_at_Birth] Changing 'male | female' to 'other'
02/07/2023 04:54:06 PM Warning:: [Race] Changing 'Race' to 'other' and moving data to [Race Specify]
02/07/2023 04:54:06 PM Warning:: [Ethnicity] Changing list to other in ImmPort Templates
02/07/2023 04:54:10 PM 
PMID: 35795812
02/07/2023 04:54:10 PM WARNING:: [Sex_at_Birth] Changing 'male | female' to 'other'
02/07/2023 04:54:10 PM Warning:: [Race] Changing 'Race' to 'other' and moving data to [Race Specify]
02/07/2023 04:54:10 PM Warning:: [Ethnicity] Changing list to other in ImmPort Templates
02/07/2023 04:54:18 PM 
PMID: 35289114
02/07/2023 04:54:18 PM WARNING:: [inclusion exclusion] Changing Yes => Inclusion
02/07/2023 04:55:02 PM 
PMID: 35289114
02/07/2023 04:55:02 PM WARNING:: [inclusion exclusion] Changing Yes => Inclusion
