05/15/2023 02:35:41 PM 
PMID: 33893169
05/15/2023 02:35:41 PM WARNING:: [Sex_at_Birth] Changing 'male | female' to 'other'
05/15/2023 02:35:41 PM WARNING:: [Sex_at_Birth] Changing 'male | female' to 'other'
05/15/2023 02:35:41 PM Warning:: [Race] Changing 'Race' to 'other' and moving data to [Race Specify]
05/15/2023 02:35:41 PM Warning:: [Race] Changing 'Race' to 'other' and moving data to [Race Specify]
05/15/2023 02:35:41 PM Warning:: [Ethnicity] Changing list to other in ImmPort Templates
05/15/2023 02:35:41 PM Warning:: [Ethnicity] Changing list to other in ImmPort Templates
05/15/2023 02:35:42 PM INFO:: [Fuzzy] Closest Match Found. Changing HCoVs - Seasonal (OC43 => HCoVs - Seasonal (OC43, HKU-1, NL63, 229E)
05/15/2023 02:35:42 PM INFO:: [Fuzzy] Closest Match Found. Changing HKU-1 => HCoVs - Seasonal (OC43, HKU-1, NL63, 229E)
05/15/2023 02:35:42 PM INFO:: [Fuzzy] Closest Match Found. Changing NL63 => HCoVs - Seasonal (OC43, HKU-1, NL63, 229E)
05/15/2023 02:35:42 PM INFO:: [Fuzzy] Closest Match Found. Changing 229E) => HCoVs - Seasonal (OC43, HKU-1, NL63, 229E)
05/15/2023 02:35:42 PM INFO:: [Fuzzy] Closest Match Found. Changing Not Specified => Not specified
05/15/2023 02:35:42 PM INFO:: [Fuzzy] Closest Match Found. Changing uninfected => Uninfected
05/15/2023 02:35:42 PM INFO:: [Fuzzy] Closest Match Found. Changing HCoVs - Seasonal (OC43 => HCoVs - Seasonal (OC43, HKU-1, NL63, 229E)
05/15/2023 02:35:42 PM INFO:: [Fuzzy] Closest Match Found. Changing HKU-1 => HCoVs - Seasonal (OC43, HKU-1, NL63, 229E)
05/15/2023 02:35:42 PM INFO:: [Fuzzy] Closest Match Found. Changing NL63 => HCoVs - Seasonal (OC43, HKU-1, NL63, 229E)
05/15/2023 02:35:42 PM INFO:: [Fuzzy] Closest Match Found. Changing 229E) => HCoVs - Seasonal (OC43, HKU-1, NL63, 229E)
05/15/2023 02:35:56 PM 
PMID: 33893169
05/15/2023 02:35:56 PM WARNING:: [Sex_at_Birth] Changing 'male | female' to 'other'
05/15/2023 02:35:56 PM WARNING:: [Sex_at_Birth] Changing 'male | female' to 'other'
05/15/2023 02:35:56 PM Warning:: [Race] Changing 'Race' to 'other' and moving data to [Race Specify]
05/15/2023 02:35:56 PM Warning:: [Race] Changing 'Race' to 'other' and moving data to [Race Specify]
05/15/2023 02:35:56 PM Warning:: [Ethnicity] Changing list to other in ImmPort Templates
05/15/2023 02:35:56 PM Warning:: [Ethnicity] Changing list to other in ImmPort Templates
05/15/2023 02:35:57 PM INFO:: [Fuzzy] Closest Match Found. Changing HCoVs - Seasonal (OC43 => HCoVs - Seasonal (OC43, HKU-1, NL63, 229E)
05/15/2023 02:35:57 PM INFO:: [Fuzzy] Closest Match Found. Changing HKU-1 => HCoVs - Seasonal (OC43, HKU-1, NL63, 229E)
05/15/2023 02:35:57 PM INFO:: [Fuzzy] Closest Match Found. Changing NL63 => HCoVs - Seasonal (OC43, HKU-1, NL63, 229E)
05/15/2023 02:35:57 PM INFO:: [Fuzzy] Closest Match Found. Changing 229E) => HCoVs - Seasonal (OC43, HKU-1, NL63, 229E)
05/15/2023 02:35:57 PM INFO:: [Fuzzy] Closest Match Found. Changing Not Specified => Not specified
05/15/2023 02:35:57 PM INFO:: [Fuzzy] Closest Match Found. Changing uninfected => Uninfected
05/15/2023 02:35:57 PM INFO:: [Fuzzy] Closest Match Found. Changing HCoVs - Seasonal (OC43 => HCoVs - Seasonal (OC43, HKU-1, NL63, 229E)
05/15/2023 02:35:57 PM INFO:: [Fuzzy] Closest Match Found. Changing HKU-1 => HCoVs - Seasonal (OC43, HKU-1, NL63, 229E)
05/15/2023 02:35:57 PM INFO:: [Fuzzy] Closest Match Found. Changing NL63 => HCoVs - Seasonal (OC43, HKU-1, NL63, 229E)
05/15/2023 02:35:57 PM INFO:: [Fuzzy] Closest Match Found. Changing 229E) => HCoVs - Seasonal (OC43, HKU-1, NL63, 229E)
05/15/2023 02:36:17 PM 
PMID: 34230917
05/15/2023 02:36:17 PM WARNING:: [Sex_at_Birth] Changing 'male | female' to 'other'
05/15/2023 02:36:17 PM WARNING:: [Sex_at_Birth] Changing 'male | female' to 'other'
05/15/2023 02:36:17 PM WARNING:: [Sex_at_Birth] Changing 'male | female' to 'other'
05/15/2023 02:36:17 PM Warning:: [Race] Changing 'Race' to 'other' and moving data to [Race Specify]
05/15/2023 02:36:17 PM Warning:: [Race] Changing 'Race' to 'other' and moving data to [Race Specify]
05/15/2023 02:36:17 PM Warning:: [Race] Changing 'Race' to 'other' and moving data to [Race Specify]
05/15/2023 02:36:17 PM Warning:: [Ethnicity] Changing list to other in ImmPort Templates
05/15/2023 02:36:17 PM Warning:: [Ethnicity] Changing list to other in ImmPort Templates
05/15/2023 02:36:17 PM Warning:: [Ethnicity] Changing list to other in ImmPort Templates
05/15/2023 02:36:21 PM INFO:: [User Change] Covid-19 => COVID-19
05/15/2023 02:36:21 PM [INFO]:: [Fuzzy] Moderna COVID-19 vaccine ; VO:0005157 => Moderna COVID-19 vaccine; VO:0005157 : score 99
05/15/2023 02:36:21 PM [INFO]:: [Fuzzy] Pfizer BioNTech COVID-19 vaccine ; VO:0004987 => Pfizer BioNTech COVID-19 vaccine; VO:0004987 : score 99
05/15/2023 02:37:42 PM 
PMID: 34230917
05/15/2023 02:37:42 PM WARNING:: [Sex_at_Birth] Changing 'male | female' to 'other'
05/15/2023 02:37:42 PM WARNING:: [Sex_at_Birth] Changing 'male | female' to 'other'
05/15/2023 02:37:42 PM WARNING:: [Sex_at_Birth] Changing 'male | female' to 'other'
05/15/2023 02:37:42 PM Warning:: [Race] Changing 'Race' to 'other' and moving data to [Race Specify]
05/15/2023 02:37:42 PM Warning:: [Race] Changing 'Race' to 'other' and moving data to [Race Specify]
05/15/2023 02:37:42 PM Warning:: [Race] Changing 'Race' to 'other' and moving data to [Race Specify]
05/15/2023 02:37:42 PM Warning:: [Ethnicity] Changing list to other in ImmPort Templates
05/15/2023 02:37:42 PM Warning:: [Ethnicity] Changing list to other in ImmPort Templates
05/15/2023 02:37:42 PM Warning:: [Ethnicity] Changing list to other in ImmPort Templates
05/15/2023 02:37:42 PM [INFO]:: [Fuzzy] Moderna COVID-19 vaccine ; VO:0005157 => Moderna COVID-19 vaccine; VO:0005157 : score 99
05/15/2023 02:37:42 PM [INFO]:: [Fuzzy] Pfizer BioNTech COVID-19 vaccine ; VO:0004987 => Pfizer BioNTech COVID-19 vaccine; VO:0004987 : score 99
05/15/2023 02:53:54 PM 
PMID: 34230917
05/15/2023 02:53:54 PM WARNING:: [Sex_at_Birth] Changing 'male | female' to 'other'
05/15/2023 02:53:54 PM WARNING:: [Sex_at_Birth] Changing 'male | female' to 'other'
05/15/2023 02:53:54 PM WARNING:: [Sex_at_Birth] Changing 'male | female' to 'other'
05/15/2023 02:53:54 PM Warning:: [Race] Changing 'Race' to 'other' and moving data to [Race Specify]
05/15/2023 02:53:54 PM Warning:: [Race] Changing 'Race' to 'other' and moving data to [Race Specify]
05/15/2023 02:53:54 PM Warning:: [Race] Changing 'Race' to 'other' and moving data to [Race Specify]
05/15/2023 02:53:54 PM Warning:: [Ethnicity] Changing list to other in ImmPort Templates
05/15/2023 02:53:54 PM Warning:: [Ethnicity] Changing list to other in ImmPort Templates
05/15/2023 02:53:54 PM Warning:: [Ethnicity] Changing list to other in ImmPort Templates
05/15/2023 02:53:55 PM [INFO]:: [Fuzzy] Moderna COVID-19 vaccine ; VO:0005157 => Moderna COVID-19 vaccine; VO:0005157 : score 99
05/15/2023 02:53:55 PM [INFO]:: [Fuzzy] Pfizer BioNTech COVID-19 vaccine ; VO:0004987 => Pfizer BioNTech COVID-19 vaccine; VO:0004987 : score 99
05/15/2023 02:57:16 PM 
PMID: 33893169
05/15/2023 02:57:16 PM WARNING:: [Sex_at_Birth] Changing 'male | female' to 'other'
05/15/2023 02:57:16 PM WARNING:: [Sex_at_Birth] Changing 'male | female' to 'other'
05/15/2023 02:57:16 PM Warning:: [Race] Changing 'Race' to 'other' and moving data to [Race Specify]
05/15/2023 02:57:16 PM Warning:: [Race] Changing 'Race' to 'other' and moving data to [Race Specify]
05/15/2023 02:57:16 PM Warning:: [Ethnicity] Changing list to other in ImmPort Templates
05/15/2023 02:57:16 PM Warning:: [Ethnicity] Changing list to other in ImmPort Templates
05/15/2023 02:57:17 PM INFO:: [Fuzzy] Closest Match Found. Changing HCoVs - Seasonal (OC43 => HCoVs - Seasonal (OC43, HKU-1, NL63, 229E)
05/15/2023 02:57:17 PM INFO:: [Fuzzy] Closest Match Found. Changing HKU-1 => HCoVs - Seasonal (OC43, HKU-1, NL63, 229E)
05/15/2023 02:57:17 PM INFO:: [Fuzzy] Closest Match Found. Changing NL63 => HCoVs - Seasonal (OC43, HKU-1, NL63, 229E)
05/15/2023 02:57:17 PM INFO:: [Fuzzy] Closest Match Found. Changing 229E) => HCoVs - Seasonal (OC43, HKU-1, NL63, 229E)
05/15/2023 02:57:17 PM INFO:: [Fuzzy] Closest Match Found. Changing Not Specified => Not specified
05/15/2023 02:57:17 PM INFO:: [Fuzzy] Closest Match Found. Changing uninfected => Uninfected
05/15/2023 02:57:17 PM INFO:: [Fuzzy] Closest Match Found. Changing HCoVs - Seasonal (OC43 => HCoVs - Seasonal (OC43, HKU-1, NL63, 229E)
05/15/2023 02:57:17 PM INFO:: [Fuzzy] Closest Match Found. Changing HKU-1 => HCoVs - Seasonal (OC43, HKU-1, NL63, 229E)
05/15/2023 02:57:17 PM INFO:: [Fuzzy] Closest Match Found. Changing NL63 => HCoVs - Seasonal (OC43, HKU-1, NL63, 229E)
05/15/2023 02:57:17 PM INFO:: [Fuzzy] Closest Match Found. Changing 229E) => HCoVs - Seasonal (OC43, HKU-1, NL63, 229E)
