08/01/2023 09:38:16 AM 
PMID: 35881018
08/01/2023 09:38:16 AM WARNING:: [Sex_at_Birth] Changing 'male | female' to 'other'
08/01/2023 09:38:16 AM WARNING:: [Sex_at_Birth] Changing 'male | female' to 'other'
08/01/2023 09:38:16 AM WARNING:: [Sex_at_Birth] Changing 'male | female' to 'other'
08/01/2023 09:38:16 AM WARNING:: [Sex_at_Birth] Changing 'male | female' to 'other'
08/01/2023 09:38:16 AM WARNING:: [Sex_at_Birth] Changing 'male | female' to 'other'
08/01/2023 09:38:16 AM WARNING:: [Sex_at_Birth] Changing 'male | female' to 'other'
08/01/2023 09:38:16 AM Warning:: [Race] Changing 'Race' to 'other' and moving data to [Race Specify]
08/01/2023 09:38:16 AM Warning:: [Race] Changing 'Race' to 'other' and moving data to [Race Specify]
08/01/2023 09:38:16 AM Warning:: [Race] Changing 'Race' to 'other' and moving data to [Race Specify]
08/01/2023 09:38:16 AM Warning:: [Race] Changing 'Race' to 'other' and moving data to [Race Specify]
08/01/2023 09:38:16 AM Warning:: [Race] Changing 'Race' to 'other' and moving data to [Race Specify]
08/01/2023 09:38:16 AM Warning:: [Race] Changing 'Race' to 'other' and moving data to [Race Specify]
08/01/2023 09:38:16 AM Warning:: [Ethnicity] Changing list to other in ImmPort Templates
08/01/2023 09:38:16 AM Warning:: [Ethnicity] Changing list to other in ImmPort Templates
08/01/2023 09:38:16 AM Warning:: [Ethnicity] Changing list to other in ImmPort Templates
08/01/2023 09:38:16 AM Warning:: [Ethnicity] Changing list to other in ImmPort Templates
08/01/2023 09:38:16 AM Warning:: [Ethnicity] Changing list to other in ImmPort Templates
08/01/2023 09:38:16 AM Warning:: [Ethnicity] Changing list to other in ImmPort Templates
08/01/2023 12:00:48 PM 
PMID: 35881018
08/01/2023 12:00:48 PM WARNING:: [Sex_at_Birth] Changing 'male | female' to 'other'
08/01/2023 12:00:48 PM WARNING:: [Sex_at_Birth] Changing 'male | female' to 'other'
08/01/2023 12:00:48 PM WARNING:: [Sex_at_Birth] Changing 'male | female' to 'other'
08/01/2023 12:00:48 PM WARNING:: [Sex_at_Birth] Changing 'male | female' to 'other'
08/01/2023 12:00:48 PM WARNING:: [Sex_at_Birth] Changing 'male | female' to 'other'
08/01/2023 12:00:48 PM WARNING:: [Sex_at_Birth] Changing 'male | female' to 'other'
08/01/2023 12:00:48 PM Warning:: [Race] Changing 'Race' to 'other' and moving data to [Race Specify]
08/01/2023 12:00:48 PM Warning:: [Race] Changing 'Race' to 'other' and moving data to [Race Specify]
08/01/2023 12:00:48 PM Warning:: [Race] Changing 'Race' to 'other' and moving data to [Race Specify]
08/01/2023 12:00:48 PM Warning:: [Race] Changing 'Race' to 'other' and moving data to [Race Specify]
08/01/2023 12:00:48 PM Warning:: [Race] Changing 'Race' to 'other' and moving data to [Race Specify]
08/01/2023 12:00:48 PM Warning:: [Race] Changing 'Race' to 'other' and moving data to [Race Specify]
08/01/2023 12:00:48 PM Warning:: [Ethnicity] Changing list to other in ImmPort Templates
08/01/2023 12:00:48 PM Warning:: [Ethnicity] Changing list to other in ImmPort Templates
08/01/2023 12:00:48 PM Warning:: [Ethnicity] Changing list to other in ImmPort Templates
08/01/2023 12:00:48 PM Warning:: [Ethnicity] Changing list to other in ImmPort Templates
08/01/2023 12:00:48 PM Warning:: [Ethnicity] Changing list to other in ImmPort Templates
08/01/2023 12:00:48 PM Warning:: [Ethnicity] Changing list to other in ImmPort Templates
08/01/2023 12:24:11 PM 
PMID: 33589825
08/01/2023 12:24:12 PM WARNING:: [Sex_at_Birth] Changing 'male | female' to 'other'
08/01/2023 12:24:12 PM WARNING:: [Sex_at_Birth] Changing 'male | female' to 'other'
08/01/2023 12:24:12 PM WARNING:: [Sex_at_Birth] Changing 'male | female' to 'other'
08/01/2023 12:24:12 PM WARNING:: [Sex_at_Birth] Changing 'male | female' to 'other'
08/01/2023 12:24:12 PM WARNING:: [Sex_at_Birth] Changing 'male | female' to 'other'
08/01/2023 12:24:12 PM Warning:: [Race] Changing 'Race' to 'other' and moving data to [Race Specify]
08/01/2023 12:24:12 PM Warning:: [Race] Changing 'Race' to 'other' and moving data to [Race Specify]
08/01/2023 12:24:12 PM Warning:: [Race] Changing 'Race' to 'other' and moving data to [Race Specify]
08/01/2023 12:24:12 PM Warning:: [Race] Changing 'Race' to 'other' and moving data to [Race Specify]
08/01/2023 12:24:12 PM Warning:: [Race] Changing 'Race' to 'other' and moving data to [Race Specify]
08/01/2023 12:24:12 PM Warning:: [Ethnicity] Changing list to other in ImmPort Templates
08/01/2023 12:24:12 PM Warning:: [Ethnicity] Changing list to other in ImmPort Templates
08/01/2023 12:24:12 PM Warning:: [Ethnicity] Changing list to other in ImmPort Templates
08/01/2023 12:24:12 PM Warning:: [Ethnicity] Changing list to other in ImmPort Templates
08/01/2023 12:24:12 PM Warning:: [Ethnicity] Changing list to other in ImmPort Templates
08/01/2023 12:26:14 PM 
PMID: 36056073
08/01/2023 12:26:14 PM WARNING:: [Sex_at_Birth] Changing 'male | female' to 'other'
08/01/2023 12:26:14 PM WARNING:: [Sex_at_Birth] Changing 'male | female' to 'other'
08/01/2023 12:26:14 PM Warning:: [Race] Changing 'Race' to 'other' and moving data to [Race Specify]
08/01/2023 12:26:14 PM Warning:: [Race] Changing 'Race' to 'other' and moving data to [Race Specify]
08/01/2023 12:26:14 PM Warning:: [Race] Changing 'Race' to 'other' and moving data to [Race Specify]
08/01/2023 12:26:14 PM Warning:: [Ethnicity] Changing list to other in ImmPort Templates
08/01/2023 12:26:14 PM Warning:: [Ethnicity] Changing list to other in ImmPort Templates
08/01/2023 12:26:14 PM Warning:: [Ethnicity] Changing list to other in ImmPort Templates
08/01/2023 12:26:34 PM INFO:: [User Change] Not Specified => Not Applicable
08/01/2023 12:36:46 PM 
PMID: 36056073
08/01/2023 12:36:46 PM WARNING:: [Sex_at_Birth] Changing 'male | female' to 'other'
08/01/2023 12:36:46 PM WARNING:: [Sex_at_Birth] Changing 'male | female' to 'other'
08/01/2023 12:36:46 PM Warning:: [Race] Changing 'Race' to 'other' and moving data to [Race Specify]
08/01/2023 12:36:46 PM Warning:: [Race] Changing 'Race' to 'other' and moving data to [Race Specify]
08/01/2023 12:36:46 PM Warning:: [Race] Changing 'Race' to 'other' and moving data to [Race Specify]
08/01/2023 12:36:46 PM Warning:: [Ethnicity] Changing list to other in ImmPort Templates
08/01/2023 12:36:46 PM Warning:: [Ethnicity] Changing list to other in ImmPort Templates
08/01/2023 12:36:46 PM Warning:: [Ethnicity] Changing list to other in ImmPort Templates
08/01/2023 12:36:49 PM INFO:: [User Change] Not Specified => Not Applicable
08/01/2023 12:38:50 PM 
PMID: 33589825
08/01/2023 12:38:50 PM WARNING:: [Sex_at_Birth] Changing 'male | female' to 'other'
08/01/2023 12:38:50 PM WARNING:: [Sex_at_Birth] Changing 'male | female' to 'other'
08/01/2023 12:38:50 PM WARNING:: [Sex_at_Birth] Changing 'male | female' to 'other'
08/01/2023 12:38:50 PM WARNING:: [Sex_at_Birth] Changing 'male | female' to 'other'
08/01/2023 12:38:50 PM WARNING:: [Sex_at_Birth] Changing 'male | female' to 'other'
08/01/2023 12:38:50 PM Warning:: [Race] Changing 'Race' to 'other' and moving data to [Race Specify]
08/01/2023 12:38:50 PM Warning:: [Race] Changing 'Race' to 'other' and moving data to [Race Specify]
08/01/2023 12:38:50 PM Warning:: [Race] Changing 'Race' to 'other' and moving data to [Race Specify]
08/01/2023 12:38:50 PM Warning:: [Race] Changing 'Race' to 'other' and moving data to [Race Specify]
08/01/2023 12:38:50 PM Warning:: [Race] Changing 'Race' to 'other' and moving data to [Race Specify]
08/01/2023 12:38:50 PM Warning:: [Ethnicity] Changing list to other in ImmPort Templates
08/01/2023 12:38:50 PM Warning:: [Ethnicity] Changing list to other in ImmPort Templates
08/01/2023 12:38:50 PM Warning:: [Ethnicity] Changing list to other in ImmPort Templates
08/01/2023 12:38:50 PM Warning:: [Ethnicity] Changing list to other in ImmPort Templates
08/01/2023 12:38:50 PM Warning:: [Ethnicity] Changing list to other in ImmPort Templates
08/01/2023 12:49:47 PM 
PMID: 33589825
08/01/2023 12:49:47 PM WARNING:: [Sex_at_Birth] Changing 'male | female' to 'other'
08/01/2023 12:49:47 PM WARNING:: [Sex_at_Birth] Changing 'male | female' to 'other'
08/01/2023 12:49:47 PM WARNING:: [Sex_at_Birth] Changing 'male | female' to 'other'
08/01/2023 12:49:47 PM WARNING:: [Sex_at_Birth] Changing 'male | female' to 'other'
08/01/2023 12:49:47 PM WARNING:: [Sex_at_Birth] Changing 'male | female' to 'other'
08/01/2023 12:49:47 PM Warning:: [Race] Changing 'Race' to 'other' and moving data to [Race Specify]
08/01/2023 12:49:47 PM Warning:: [Race] Changing 'Race' to 'other' and moving data to [Race Specify]
08/01/2023 12:49:47 PM Warning:: [Race] Changing 'Race' to 'other' and moving data to [Race Specify]
08/01/2023 12:49:47 PM Warning:: [Race] Changing 'Race' to 'other' and moving data to [Race Specify]
08/01/2023 12:49:47 PM Warning:: [Race] Changing 'Race' to 'other' and moving data to [Race Specify]
08/01/2023 12:49:47 PM Warning:: [Ethnicity] Changing list to other in ImmPort Templates
08/01/2023 12:49:47 PM Warning:: [Ethnicity] Changing list to other in ImmPort Templates
08/01/2023 12:49:47 PM Warning:: [Ethnicity] Changing list to other in ImmPort Templates
08/01/2023 12:49:47 PM Warning:: [Ethnicity] Changing list to other in ImmPort Templates
08/01/2023 12:49:47 PM Warning:: [Ethnicity] Changing list to other in ImmPort Templates
08/01/2023 12:49:49 PM INFO:: [User Change] Not Specified => Not Applicable
08/01/2023 12:49:49 PM INFO:: [Fuzzy] Closest Match Found. Changing Cell mediated immunoassay => Cell Mediated Immunoassay
08/01/2023 12:49:49 PM INFO:: [Fuzzy] Closest Match Found. Changing Cell mediated immunoassay => Cell Mediated Immunoassay
08/01/2023 12:49:54 PM INFO:: [User Change] RT-PCR => PCR
08/01/2023 12:54:09 PM 
PMID: 33589825
08/01/2023 12:54:09 PM WARNING:: [Sex_at_Birth] Changing 'male | female' to 'other'
08/01/2023 12:54:09 PM WARNING:: [Sex_at_Birth] Changing 'male | female' to 'other'
08/01/2023 12:54:09 PM WARNING:: [Sex_at_Birth] Changing 'male | female' to 'other'
08/01/2023 12:54:09 PM WARNING:: [Sex_at_Birth] Changing 'male | female' to 'other'
08/01/2023 12:54:09 PM WARNING:: [Sex_at_Birth] Changing 'male | female' to 'other'
08/01/2023 12:54:09 PM Warning:: [Race] Changing 'Race' to 'other' and moving data to [Race Specify]
08/01/2023 12:54:09 PM Warning:: [Race] Changing 'Race' to 'other' and moving data to [Race Specify]
08/01/2023 12:54:09 PM Warning:: [Race] Changing 'Race' to 'other' and moving data to [Race Specify]
08/01/2023 12:54:09 PM Warning:: [Race] Changing 'Race' to 'other' and moving data to [Race Specify]
08/01/2023 12:54:09 PM Warning:: [Race] Changing 'Race' to 'other' and moving data to [Race Specify]
08/01/2023 12:54:09 PM Warning:: [Ethnicity] Changing list to other in ImmPort Templates
08/01/2023 12:54:09 PM Warning:: [Ethnicity] Changing list to other in ImmPort Templates
08/01/2023 12:54:09 PM Warning:: [Ethnicity] Changing list to other in ImmPort Templates
08/01/2023 12:54:09 PM Warning:: [Ethnicity] Changing list to other in ImmPort Templates
08/01/2023 12:54:09 PM Warning:: [Ethnicity] Changing list to other in ImmPort Templates
08/01/2023 12:54:15 PM INFO:: [User Change] Not Specified => Not Applicable
08/01/2023 12:54:15 PM INFO:: [Fuzzy] Closest Match Found. Changing Cell mediated immunoassay => Cell Mediated Immunoassay
08/01/2023 12:54:15 PM INFO:: [Fuzzy] Closest Match Found. Changing Cell mediated immunoassay => Cell Mediated Immunoassay
08/01/2023 12:57:51 PM 
PMID: 33589825
08/01/2023 12:57:51 PM WARNING:: [Sex_at_Birth] Changing 'male | female' to 'other'
08/01/2023 12:57:51 PM WARNING:: [Sex_at_Birth] Changing 'male | female' to 'other'
08/01/2023 12:57:51 PM WARNING:: [Sex_at_Birth] Changing 'male | female' to 'other'
08/01/2023 12:57:51 PM WARNING:: [Sex_at_Birth] Changing 'male | female' to 'other'
08/01/2023 12:57:51 PM WARNING:: [Sex_at_Birth] Changing 'male | female' to 'other'
08/01/2023 12:57:51 PM Warning:: [Race] Changing 'Race' to 'other' and moving data to [Race Specify]
08/01/2023 12:57:51 PM Warning:: [Race] Changing 'Race' to 'other' and moving data to [Race Specify]
08/01/2023 12:57:51 PM Warning:: [Race] Changing 'Race' to 'other' and moving data to [Race Specify]
08/01/2023 12:57:51 PM Warning:: [Race] Changing 'Race' to 'other' and moving data to [Race Specify]
08/01/2023 12:57:51 PM Warning:: [Race] Changing 'Race' to 'other' and moving data to [Race Specify]
08/01/2023 12:57:51 PM Warning:: [Ethnicity] Changing list to other in ImmPort Templates
08/01/2023 12:57:51 PM Warning:: [Ethnicity] Changing list to other in ImmPort Templates
08/01/2023 12:57:51 PM Warning:: [Ethnicity] Changing list to other in ImmPort Templates
08/01/2023 12:57:51 PM Warning:: [Ethnicity] Changing list to other in ImmPort Templates
08/01/2023 12:57:51 PM Warning:: [Ethnicity] Changing list to other in ImmPort Templates
08/01/2023 12:59:27 PM INFO:: [User Change] Not Specified => Not Applicable
08/01/2023 12:59:27 PM INFO:: [Fuzzy] Closest Match Found. Changing Cell mediated immunoassay => Cell Mediated Immunoassay
08/01/2023 12:59:27 PM INFO:: [Fuzzy] Closest Match Found. Changing Cell mediated immunoassay => Cell Mediated Immunoassay
08/01/2023 12:59:32 PM 
PMID: 33589825
08/01/2023 12:59:33 PM WARNING:: [Sex_at_Birth] Changing 'male | female' to 'other'
08/01/2023 12:59:33 PM WARNING:: [Sex_at_Birth] Changing 'male | female' to 'other'
08/01/2023 12:59:33 PM WARNING:: [Sex_at_Birth] Changing 'male | female' to 'other'
08/01/2023 12:59:33 PM WARNING:: [Sex_at_Birth] Changing 'male | female' to 'other'
08/01/2023 12:59:33 PM WARNING:: [Sex_at_Birth] Changing 'male | female' to 'other'
08/01/2023 12:59:33 PM Warning:: [Race] Changing 'Race' to 'other' and moving data to [Race Specify]
08/01/2023 12:59:33 PM Warning:: [Race] Changing 'Race' to 'other' and moving data to [Race Specify]
08/01/2023 12:59:33 PM Warning:: [Race] Changing 'Race' to 'other' and moving data to [Race Specify]
08/01/2023 12:59:33 PM Warning:: [Race] Changing 'Race' to 'other' and moving data to [Race Specify]
08/01/2023 12:59:33 PM Warning:: [Race] Changing 'Race' to 'other' and moving data to [Race Specify]
08/01/2023 12:59:33 PM Warning:: [Ethnicity] Changing list to other in ImmPort Templates
08/01/2023 12:59:33 PM Warning:: [Ethnicity] Changing list to other in ImmPort Templates
08/01/2023 12:59:33 PM Warning:: [Ethnicity] Changing list to other in ImmPort Templates
08/01/2023 12:59:33 PM Warning:: [Ethnicity] Changing list to other in ImmPort Templates
08/01/2023 12:59:33 PM Warning:: [Ethnicity] Changing list to other in ImmPort Templates
08/01/2023 12:59:35 PM INFO:: [User Change] Not Specified => Not Applicable
08/01/2023 12:59:35 PM INFO:: [Fuzzy] Closest Match Found. Changing Cell mediated immunoassay => Cell Mediated Immunoassay
08/01/2023 12:59:35 PM INFO:: [Fuzzy] Closest Match Found. Changing Cell mediated immunoassay => Cell Mediated Immunoassay
08/01/2023 01:57:09 PM 
PMID: 33720347
08/01/2023 01:57:09 PM WARNING:: [Sex_at_Birth] Changing 'male | female' to 'other'
08/01/2023 01:57:09 PM Warning:: [Race] Changing 'Race' to 'other' and moving data to [Race Specify]
08/01/2023 01:57:09 PM Warning:: [Ethnicity] Changing list to other in ImmPort Templates
08/01/2023 02:04:27 PM INFO:: [User Change] Not Specified => Not Applicable
08/01/2023 02:06:11 PM 
PMID: 33720347
08/01/2023 02:06:11 PM WARNING:: [Sex_at_Birth] Changing 'male | female' to 'other'
08/01/2023 02:06:11 PM Warning:: [Race] Changing 'Race' to 'other' and moving data to [Race Specify]
08/01/2023 02:06:11 PM Warning:: [Ethnicity] Changing list to other in ImmPort Templates
08/01/2023 02:06:32 PM INFO:: [User Change] Not Specified => Not Applicable
08/01/2023 02:06:37 PM 
PMID: 33720347
08/01/2023 02:06:37 PM WARNING:: [Sex_at_Birth] Changing 'male | female' to 'other'
08/01/2023 02:06:37 PM Warning:: [Race] Changing 'Race' to 'other' and moving data to [Race Specify]
08/01/2023 02:06:37 PM Warning:: [Ethnicity] Changing list to other in ImmPort Templates
08/01/2023 02:06:38 PM INFO:: [User Change] Not Specified => Not Applicable
08/01/2023 02:14:26 PM 
PMID: 34824251
08/01/2023 02:14:26 PM WARNING:: [Sex_at_Birth] Changing 'male | female' to 'other'
08/01/2023 02:14:26 PM WARNING:: [Sex_at_Birth] Changing 'male | female' to 'other'
08/01/2023 02:14:26 PM Warning:: [Race] Changing 'Race' to 'other' and moving data to [Race Specify]
08/01/2023 02:14:26 PM Warning:: [Race] Changing 'Race' to 'other' and moving data to [Race Specify]
08/01/2023 02:14:26 PM Warning:: [Ethnicity] Changing list to other in ImmPort Templates
08/01/2023 02:14:26 PM Warning:: [Ethnicity] Changing list to other in ImmPort Templates
08/01/2023 02:14:41 PM [INFO]:: [Fuzzy] ​JSON Summary Description => JSON Summary Description : score 94
08/01/2023 02:15:22 PM INFO:: [User Change] Not Specified => Not Applicable
08/01/2023 03:12:11 PM 
PMID: 33932848
08/01/2023 03:12:11 PM WARNING:: [Sex_at_Birth] Changing 'male | female' to 'other'
08/01/2023 03:12:11 PM WARNING:: [Sex_at_Birth] Changing 'male | female' to 'other'
08/01/2023 03:12:11 PM WARNING:: [Sex_at_Birth] Changing 'male | female' to 'other'
08/01/2023 03:12:11 PM Warning:: [Race] Changing 'Race' to 'other' and moving data to [Race Specify]
08/01/2023 03:12:11 PM Warning:: [Race] Changing 'Race' to 'other' and moving data to [Race Specify]
08/01/2023 03:12:11 PM Warning:: [Race] Changing 'Race' to 'other' and moving data to [Race Specify]
08/01/2023 03:12:11 PM Warning:: [Ethnicity] Changing list to other in ImmPort Templates
08/01/2023 03:12:11 PM Warning:: [Ethnicity] Changing list to other in ImmPort Templates
08/01/2023 03:12:11 PM Warning:: [Ethnicity] Changing list to other in ImmPort Templates
08/01/2023 03:12:17 PM [INFO]:: [Fuzzy] ​JSON Summary Description => JSON Summary Description : score 94
08/01/2023 03:12:21 PM INFO:: [User Change] Covid-19 => COVID-19
08/01/2023 03:14:30 PM 
PMID: 33932848
08/01/2023 03:14:30 PM WARNING:: [Sex_at_Birth] Changing 'male | female' to 'other'
08/01/2023 03:14:30 PM WARNING:: [Sex_at_Birth] Changing 'male | female' to 'other'
08/01/2023 03:14:30 PM WARNING:: [Sex_at_Birth] Changing 'male | female' to 'other'
08/01/2023 03:14:30 PM Warning:: [Race] Changing 'Race' to 'other' and moving data to [Race Specify]
08/01/2023 03:14:30 PM Warning:: [Race] Changing 'Race' to 'other' and moving data to [Race Specify]
08/01/2023 03:14:30 PM Warning:: [Race] Changing 'Race' to 'other' and moving data to [Race Specify]
08/01/2023 03:14:30 PM Warning:: [Ethnicity] Changing list to other in ImmPort Templates
08/01/2023 03:14:30 PM Warning:: [Ethnicity] Changing list to other in ImmPort Templates
08/01/2023 03:14:30 PM Warning:: [Ethnicity] Changing list to other in ImmPort Templates
08/01/2023 03:14:31 PM [INFO]:: [Fuzzy] ​JSON Summary Description => JSON Summary Description : score 94
08/01/2023 03:15:22 PM INFO:: [User Change] Covid-19 => COVID-19
08/01/2023 03:15:33 PM 
PMID: 33932848
08/01/2023 03:15:33 PM WARNING:: [Sex_at_Birth] Changing 'male | female' to 'other'
08/01/2023 03:15:33 PM WARNING:: [Sex_at_Birth] Changing 'male | female' to 'other'
08/01/2023 03:15:33 PM WARNING:: [Sex_at_Birth] Changing 'male | female' to 'other'
08/01/2023 03:15:33 PM Warning:: [Race] Changing 'Race' to 'other' and moving data to [Race Specify]
08/01/2023 03:15:33 PM Warning:: [Race] Changing 'Race' to 'other' and moving data to [Race Specify]
08/01/2023 03:15:33 PM Warning:: [Race] Changing 'Race' to 'other' and moving data to [Race Specify]
08/01/2023 03:15:33 PM Warning:: [Ethnicity] Changing list to other in ImmPort Templates
08/01/2023 03:15:33 PM Warning:: [Ethnicity] Changing list to other in ImmPort Templates
08/01/2023 03:15:33 PM Warning:: [Ethnicity] Changing list to other in ImmPort Templates
08/01/2023 03:15:33 PM [INFO]:: [Fuzzy] ​JSON Summary Description => JSON Summary Description : score 94
08/01/2023 03:15:35 PM INFO:: [User Change] Covid-19 => COVID-19
08/01/2023 03:43:03 PM 
PMID: 34812429
08/01/2023 03:43:03 PM WARNING:: [Sex_at_Birth] Changing 'male | female' to 'other'
08/01/2023 03:43:03 PM WARNING:: [Sex_at_Birth] Changing 'male | female' to 'other'
08/01/2023 03:43:03 PM Warning:: [Race] Changing 'Race' to 'other' and moving data to [Race Specify]
08/01/2023 03:43:03 PM Warning:: [Race] Changing 'Race' to 'other' and moving data to [Race Specify]
08/01/2023 03:43:03 PM Warning:: [Ethnicity] Changing list to other in ImmPort Templates
08/01/2023 03:43:03 PM Warning:: [Ethnicity] Changing list to other in ImmPort Templates
08/01/2023 03:43:24 PM [INFO]:: [Fuzzy] ​JSON Summary Description => JSON Summary Description : score 94
08/01/2023 03:50:11 PM 
PMID: 34812429
08/01/2023 03:50:11 PM WARNING:: [Sex_at_Birth] Changing 'male | female' to 'other'
08/01/2023 03:50:11 PM WARNING:: [Sex_at_Birth] Changing 'male | female' to 'other'
08/01/2023 03:50:11 PM Warning:: [Race] Changing 'Race' to 'other' and moving data to [Race Specify]
08/01/2023 03:50:11 PM Warning:: [Race] Changing 'Race' to 'other' and moving data to [Race Specify]
08/01/2023 03:50:11 PM Warning:: [Ethnicity] Changing list to other in ImmPort Templates
08/01/2023 03:50:11 PM Warning:: [Ethnicity] Changing list to other in ImmPort Templates
08/01/2023 03:50:11 PM [INFO]:: [Fuzzy] ​JSON Summary Description => JSON Summary Description : score 94
