10/20/2022 11:16:14 AM Changing male | female to other
10/20/2022 11:16:14 AM Changing male | female to other
10/20/2022 11:16:14 AM Changing male | female to other
10/20/2022 11:16:14 AM Changing male | female to other
10/20/2022 11:16:14 AM Changing Race to other and moving data to Race Specify
10/20/2022 11:16:14 AM Changing Race to other and moving data to Race Specify
10/20/2022 11:16:14 AM Changing Race to other and moving data to Race Specify
10/20/2022 11:16:14 AM Changing Race to other and moving data to Race Specify
10/20/2022 11:16:14 AM Changing Ethnicity to Other
10/20/2022 11:16:14 AM Changing Ethnicity to Other
10/20/2022 11:16:14 AM Changing Ethnicity to Other
10/20/2022 11:16:14 AM Changing Ethnicity to Other
10/20/2022 11:16:15 AM Changing male | female to other
10/20/2022 11:16:15 AM Changing Race to other and moving data to Race Specify
10/20/2022 11:16:15 AM Changing Ethnicity to Other
10/20/2022 11:16:16 AM Changing male | female to other
10/20/2022 11:16:16 AM Changing male | female to other
10/20/2022 11:16:16 AM Changing male | female to other
10/20/2022 11:16:16 AM Changing Race to other and moving data to Race Specify
10/20/2022 11:16:16 AM Changing Race to other and moving data to Race Specify
10/20/2022 11:16:16 AM Changing Race to other and moving data to Race Specify
10/20/2022 11:16:16 AM Changing Ethnicity to Other
10/20/2022 11:16:16 AM Changing Ethnicity to Other
10/20/2022 11:16:16 AM Changing Ethnicity to Other
10/20/2022 11:16:16 AM Changing male | female to other
10/20/2022 11:16:16 AM Changing male | female to other
10/20/2022 11:16:16 AM Changing Race to other and moving data to Race Specify
10/20/2022 11:16:16 AM Changing Race to other and moving data to Race Specify
10/20/2022 11:16:16 AM Changing Race to other and moving data to Race Specify
10/20/2022 11:16:16 AM Changing Ethnicity to Other
10/20/2022 11:16:16 AM Changing Ethnicity to Other
10/20/2022 11:16:16 AM Changing Ethnicity to Other
10/20/2022 11:16:17 AM Changing male | female to other
10/20/2022 11:16:17 AM Changing male | female to other
10/20/2022 11:16:17 AM Changing male | female to other
10/20/2022 11:16:17 AM Changing male | female to other
10/20/2022 11:16:17 AM Changing male | female to other
10/20/2022 11:16:17 AM Changing Race to other and moving data to Race Specify
10/20/2022 11:16:17 AM Changing Race to other and moving data to Race Specify
10/20/2022 11:16:17 AM Changing Race to other and moving data to Race Specify
10/20/2022 11:16:17 AM Changing Race to other and moving data to Race Specify
10/20/2022 11:16:17 AM Changing Race to other and moving data to Race Specify
10/20/2022 11:16:17 AM Changing Ethnicity to Other
10/20/2022 11:16:17 AM Changing Ethnicity to Other
10/20/2022 11:16:17 AM Changing Ethnicity to Other
10/20/2022 11:16:17 AM Changing Ethnicity to Other
10/20/2022 11:16:17 AM Changing Ethnicity to Other
10/20/2022 11:16:18 AM Changing male | female to other
10/20/2022 11:16:18 AM Changing male | female to other
10/20/2022 11:16:18 AM Changing male | female to other
10/20/2022 11:16:18 AM Changing Ethnicity to Other
10/20/2022 11:16:18 AM Changing Ethnicity to Other
10/20/2022 11:16:18 AM Changing Ethnicity to Other
10/20/2022 11:16:19 AM Changing male | female to other
10/20/2022 11:16:19 AM Changing male | female to other
10/20/2022 11:16:19 AM Changing male | female to other
10/20/2022 11:16:19 AM Changing male | female to other
10/20/2022 11:16:19 AM Changing male | female to other
10/20/2022 11:16:19 AM Changing Race to other and moving data to Race Specify
10/20/2022 11:16:19 AM Changing Race to other and moving data to Race Specify
10/20/2022 11:16:19 AM Changing Race to other and moving data to Race Specify
10/20/2022 11:16:19 AM Changing Race to other and moving data to Race Specify
10/20/2022 11:16:19 AM Changing Race to other and moving data to Race Specify
10/20/2022 11:16:19 AM Changing Ethnicity to Other
10/20/2022 11:16:19 AM Changing Ethnicity to Other
10/20/2022 11:16:19 AM Changing Ethnicity to Other
10/20/2022 11:16:19 AM Changing Ethnicity to Other
10/20/2022 11:16:19 AM Changing Ethnicity to Other
10/20/2022 11:16:20 AM Changing male | female to other
10/20/2022 11:16:20 AM Changing Race to other and moving data to Race Specify
10/20/2022 11:16:20 AM Changing Ethnicity to Other
10/20/2022 11:16:21 AM Changing Race to other and moving data to Race Specify
10/20/2022 11:16:21 AM Changing Race to other and moving data to Race Specify
10/20/2022 11:16:21 AM Changing Race to other and moving data to Race Specify
10/20/2022 11:16:21 AM Changing Race to other and moving data to Race Specify
10/20/2022 11:16:21 AM Changing Race to other and moving data to Race Specify
10/20/2022 11:16:21 AM Changing Race to other and moving data to Race Specify
10/20/2022 11:16:21 AM Changing Race to other and moving data to Race Specify
10/20/2022 11:16:21 AM Changing Race to other and moving data to Race Specify
10/20/2022 11:16:21 AM Changing Ethnicity to Other
10/20/2022 11:16:21 AM Changing Ethnicity to Other
10/20/2022 11:16:21 AM Changing Ethnicity to Other
10/20/2022 11:16:21 AM Changing Ethnicity to Other
10/20/2022 11:16:21 AM Changing Ethnicity to Other
10/20/2022 11:16:21 AM Changing Ethnicity to Other
10/20/2022 11:16:21 AM Changing Ethnicity to Other
10/20/2022 11:16:21 AM Changing Ethnicity to Other
10/20/2022 11:16:22 AM Changing male | female to other
10/20/2022 11:16:22 AM Changing male | female to other
10/20/2022 11:16:22 AM Changing Race to other and moving data to Race Specify
10/20/2022 11:16:22 AM Changing Ethnicity to Other
10/20/2022 11:16:22 AM Changing Ethnicity to Other
10/20/2022 11:16:23 AM Changing male | female to other
10/20/2022 11:16:23 AM Changing male | female to other
10/20/2022 11:16:23 AM Changing male | female to other
10/20/2022 11:16:23 AM Changing Race to other and moving data to Race Specify
10/20/2022 11:16:23 AM Changing Race to other and moving data to Race Specify
10/20/2022 11:16:23 AM Changing Race to other and moving data to Race Specify
10/20/2022 11:16:23 AM Changing Ethnicity to Other
10/20/2022 11:16:23 AM Changing Ethnicity to Other
10/20/2022 11:16:23 AM Changing Ethnicity to Other
10/20/2022 11:16:25 AM Changing male | female to other
10/20/2022 11:16:25 AM Changing Race to other and moving data to Race Specify
10/20/2022 11:16:25 AM Changing Ethnicity to Other
10/20/2022 11:16:25 AM Changing Ethnicity to Other
10/20/2022 11:16:26 AM Changing male | female to other
10/20/2022 11:16:26 AM Changing male | female to other
10/20/2022 11:16:26 AM Changing male | female to other
10/20/2022 11:16:26 AM Changing male | female to other
10/20/2022 11:16:26 AM Changing Race to other and moving data to Race Specify
10/20/2022 11:16:26 AM Changing Race to other and moving data to Race Specify
10/20/2022 11:16:26 AM Changing Race to other and moving data to Race Specify
10/20/2022 11:16:26 AM Changing Race to other and moving data to Race Specify
10/20/2022 11:16:26 AM Changing Ethnicity to Other
10/20/2022 11:16:26 AM Changing Ethnicity to Other
10/20/2022 11:16:26 AM Changing Ethnicity to Other
10/20/2022 11:16:26 AM Changing Ethnicity to Other
10/20/2022 11:16:27 AM Changing Ethnicity to Other
10/20/2022 11:16:27 AM Changing Ethnicity to Other
10/20/2022 11:16:27 AM Changing Ethnicity to Other
10/20/2022 11:16:27 AM Changing Ethnicity to Other
10/20/2022 11:16:28 AM Changing male | female to other
10/20/2022 11:16:28 AM Changing male | female to other
10/20/2022 11:16:28 AM Changing male | female to other
10/20/2022 11:16:28 AM Changing male | female to other
10/20/2022 11:16:28 AM Changing male | female to other
10/20/2022 11:16:28 AM Changing male | female to other
10/20/2022 11:16:28 AM Changing Race to other and moving data to Race Specify
10/20/2022 11:16:28 AM Changing Race to other and moving data to Race Specify
10/20/2022 11:16:28 AM Changing Race to other and moving data to Race Specify
10/20/2022 11:16:28 AM Changing Race to other and moving data to Race Specify
10/20/2022 11:16:28 AM Changing Race to other and moving data to Race Specify
10/20/2022 11:16:28 AM Changing Race to other and moving data to Race Specify
10/20/2022 11:16:28 AM Changing Ethnicity to Other
10/20/2022 11:16:28 AM Changing Ethnicity to Other
10/20/2022 11:16:28 AM Changing Ethnicity to Other
10/20/2022 11:16:28 AM Changing Ethnicity to Other
10/20/2022 11:16:28 AM Changing Ethnicity to Other
10/20/2022 11:16:28 AM Changing Ethnicity to Other
10/20/2022 11:16:29 AM Changing Race to other and moving data to Race Specify
10/20/2022 11:16:29 AM Changing Race to other and moving data to Race Specify
10/20/2022 11:16:29 AM Changing Race to other and moving data to Race Specify
10/20/2022 11:16:29 AM Changing Race to other and moving data to Race Specify
10/20/2022 11:16:29 AM Changing Race to other and moving data to Race Specify
10/20/2022 11:16:29 AM Changing Ethnicity to Other
10/20/2022 11:16:29 AM Changing Ethnicity to Other
10/20/2022 11:16:29 AM Changing Ethnicity to Other
10/20/2022 11:16:29 AM Changing Ethnicity to Other
10/20/2022 11:16:29 AM Changing Ethnicity to Other
10/20/2022 11:16:30 AM Changing male | female to other
10/20/2022 11:16:30 AM Changing Race to other and moving data to Race Specify
10/20/2022 11:16:30 AM Changing Ethnicity to Other
10/20/2022 11:16:31 AM Changing Race to other and moving data to Race Specify
10/20/2022 11:16:31 AM Changing Race to other and moving data to Race Specify
10/20/2022 11:16:31 AM Changing Race to other and moving data to Race Specify
10/20/2022 11:16:31 AM Changing Race to other and moving data to Race Specify
10/20/2022 11:16:31 AM Changing Ethnicity to Other
10/20/2022 11:16:31 AM Changing Ethnicity to Other
10/20/2022 11:16:31 AM Changing Ethnicity to Other
10/20/2022 11:16:31 AM Changing Ethnicity to Other
10/20/2022 11:16:32 AM Changing male | female to other
10/20/2022 11:16:32 AM Changing male | female to other
10/20/2022 11:16:32 AM Changing male | female to other
10/20/2022 11:16:32 AM Changing male | female to other
10/20/2022 11:16:32 AM Changing male | female to other
10/20/2022 11:16:32 AM Changing Race to other and moving data to Race Specify
10/20/2022 11:16:32 AM Changing Race to other and moving data to Race Specify
10/20/2022 11:16:32 AM Changing Race to other and moving data to Race Specify
10/20/2022 11:16:32 AM Changing Race to other and moving data to Race Specify
10/20/2022 11:16:32 AM Changing Race to other and moving data to Race Specify
10/20/2022 11:16:32 AM Changing Ethnicity to Other
10/20/2022 11:16:32 AM Changing Ethnicity to Other
10/20/2022 11:16:32 AM Changing Ethnicity to Other
10/20/2022 11:16:32 AM Changing Ethnicity to Other
10/20/2022 11:16:32 AM Changing Ethnicity to Other
10/20/2022 11:16:33 AM Changing Race to other and moving data to Race Specify
10/20/2022 11:16:33 AM Changing Ethnicity to Other
10/20/2022 11:16:33 AM Changing Ethnicity to Other
10/20/2022 11:16:33 AM Changing Ethnicity to Other
10/20/2022 11:16:33 AM Changing Ethnicity to Other
10/20/2022 11:16:33 AM Changing male | female to other
10/20/2022 11:16:33 AM Changing Ethnicity to Other
10/20/2022 11:16:35 AM Changing male | female to other
10/20/2022 11:16:35 AM Changing male | female to other
10/20/2022 11:16:35 AM Changing Race to other and moving data to Race Specify
10/20/2022 11:16:35 AM Changing Race to other and moving data to Race Specify
10/20/2022 11:16:35 AM Changing Ethnicity to Other
10/20/2022 11:16:35 AM Changing Ethnicity to Other
10/20/2022 11:16:38 AM Changing male | female to other
10/20/2022 11:16:38 AM Changing male | female to other
10/20/2022 11:16:38 AM Changing male | female to other
10/20/2022 11:16:38 AM Changing Race to other and moving data to Race Specify
10/20/2022 11:16:38 AM Changing Race to other and moving data to Race Specify
10/20/2022 11:16:38 AM Changing Race to other and moving data to Race Specify
10/20/2022 11:16:38 AM Changing Ethnicity to Other
10/20/2022 11:16:38 AM Changing Ethnicity to Other
10/20/2022 11:16:38 AM Changing Ethnicity to Other
10/20/2022 11:16:39 AM Changing male | female to other
10/20/2022 11:16:39 AM Changing male | female to other
10/20/2022 11:16:39 AM Changing male | female to other
10/20/2022 11:16:39 AM Changing male | female to other
10/20/2022 11:16:39 AM Changing male | female to other
10/20/2022 11:16:39 AM Changing male | female to other
10/20/2022 11:16:39 AM Changing male | female to other
10/20/2022 11:16:39 AM Changing male | female to other
10/20/2022 11:16:39 AM Changing Race to other and moving data to Race Specify
10/20/2022 11:16:39 AM Changing Race to other and moving data to Race Specify
10/20/2022 11:16:39 AM Changing Race to other and moving data to Race Specify
10/20/2022 11:16:39 AM Changing Race to other and moving data to Race Specify
10/20/2022 11:16:39 AM Changing Race to other and moving data to Race Specify
10/20/2022 11:16:39 AM Changing Race to other and moving data to Race Specify
10/20/2022 11:16:39 AM Changing Race to other and moving data to Race Specify
10/20/2022 11:16:39 AM Changing Race to other and moving data to Race Specify
10/20/2022 11:16:39 AM Changing Ethnicity to Other
10/20/2022 11:16:39 AM Changing Ethnicity to Other
10/20/2022 11:16:39 AM Changing Ethnicity to Other
10/20/2022 11:16:39 AM Changing Ethnicity to Other
10/20/2022 11:16:39 AM Changing Ethnicity to Other
10/20/2022 11:16:39 AM Changing Ethnicity to Other
10/20/2022 11:16:39 AM Changing Ethnicity to Other
10/20/2022 11:16:39 AM Changing Ethnicity to Other
10/20/2022 11:16:40 AM Changing male | female to other
10/20/2022 11:16:40 AM Changing male | female to other
10/20/2022 11:16:40 AM Changing male | female to other
10/20/2022 11:16:40 AM Changing male | female to other
10/20/2022 11:16:40 AM Changing Race to other and moving data to Race Specify
10/20/2022 11:16:40 AM Changing Race to other and moving data to Race Specify
10/20/2022 11:16:40 AM Changing Race to other and moving data to Race Specify
10/20/2022 11:16:40 AM Changing Race to other and moving data to Race Specify
10/20/2022 11:16:40 AM Changing Ethnicity to Other
10/20/2022 11:16:40 AM Changing Ethnicity to Other
10/20/2022 11:16:40 AM Changing Ethnicity to Other
10/20/2022 11:16:40 AM Changing Ethnicity to Other
10/20/2022 11:19:41 AM Changing male | female to other
10/20/2022 11:19:41 AM Changing male | female to other
10/20/2022 11:19:41 AM Changing male | female to other
10/20/2022 11:19:41 AM Changing male | female to other
10/20/2022 11:19:41 AM Changing male | female to other
10/20/2022 11:19:41 AM Changing Race to other and moving data to Race Specify
10/20/2022 11:19:41 AM Changing Race to other and moving data to Race Specify
10/20/2022 11:19:41 AM Changing Race to other and moving data to Race Specify
10/20/2022 11:19:41 AM Changing Race to other and moving data to Race Specify
10/20/2022 11:19:41 AM Changing Race to other and moving data to Race Specify
10/20/2022 11:19:41 AM Changing Ethnicity to Other
10/20/2022 11:19:41 AM Changing Ethnicity to Other
10/20/2022 11:19:41 AM Changing Ethnicity to Other
10/20/2022 11:19:41 AM Changing Ethnicity to Other
10/20/2022 11:19:41 AM Changing Ethnicity to Other
10/20/2022 11:19:42 AM Changing male | female to other
10/20/2022 11:19:42 AM Changing Race to other and moving data to Race Specify
10/20/2022 11:19:42 AM Changing Ethnicity to Other
10/20/2022 11:19:43 AM Changing male | female to other
10/20/2022 11:19:43 AM Changing male | female to other
10/20/2022 11:19:43 AM Changing Race to other and moving data to Race Specify
10/20/2022 11:19:43 AM Changing Race to other and moving data to Race Specify
10/20/2022 11:19:43 AM Changing Ethnicity to Other
10/20/2022 11:19:43 AM Changing Ethnicity to Other
10/20/2022 11:19:44 AM Changing Ethnicity to Other
10/20/2022 11:19:45 AM Changing male | female to other
10/20/2022 11:19:45 AM Changing male | female to other
10/20/2022 11:19:45 AM Changing male | female to other
10/20/2022 11:19:45 AM Changing Race to other and moving data to Race Specify
10/20/2022 11:19:45 AM Changing Race to other and moving data to Race Specify
10/20/2022 11:19:45 AM Changing Race to other and moving data to Race Specify
10/20/2022 11:19:45 AM Changing Ethnicity to Other
10/20/2022 11:19:45 AM Changing Ethnicity to Other
10/20/2022 11:19:45 AM Changing Ethnicity to Other
10/20/2022 11:19:46 AM Changing male | female to other
10/20/2022 11:19:46 AM Changing male | female to other
10/20/2022 11:19:46 AM Changing male | female to other
10/20/2022 11:19:46 AM Changing male | female to other
10/20/2022 11:19:46 AM Changing male | female to other
10/20/2022 11:19:46 AM Changing male | female to other
10/20/2022 11:19:46 AM Changing Race to other and moving data to Race Specify
10/20/2022 11:19:46 AM Changing Race to other and moving data to Race Specify
10/20/2022 11:19:46 AM Changing Race to other and moving data to Race Specify
10/20/2022 11:19:46 AM Changing Race to other and moving data to Race Specify
10/20/2022 11:19:46 AM Changing Race to other and moving data to Race Specify
10/20/2022 11:19:46 AM Changing Race to other and moving data to Race Specify
10/20/2022 11:19:46 AM Changing Ethnicity to Other
10/20/2022 11:19:46 AM Changing Ethnicity to Other
10/20/2022 11:19:46 AM Changing Ethnicity to Other
10/20/2022 11:19:46 AM Changing Ethnicity to Other
10/20/2022 11:19:46 AM Changing Ethnicity to Other
10/20/2022 11:19:46 AM Changing Ethnicity to Other
10/20/2022 11:19:48 AM Changing male | female to other
10/20/2022 11:19:48 AM Changing male | female to other
10/20/2022 11:19:48 AM Changing male | female to other
10/20/2022 11:19:48 AM Changing male | female to other
10/20/2022 11:19:48 AM Changing Race to other and moving data to Race Specify
10/20/2022 11:19:48 AM Changing Race to other and moving data to Race Specify
10/20/2022 11:19:48 AM Changing Race to other and moving data to Race Specify
10/20/2022 11:19:48 AM Changing Race to other and moving data to Race Specify
10/20/2022 11:19:48 AM Changing Ethnicity to Other
10/20/2022 11:19:48 AM Changing Ethnicity to Other
10/20/2022 11:19:48 AM Changing Ethnicity to Other
10/20/2022 11:19:48 AM Changing Ethnicity to Other
10/20/2022 11:19:49 AM Changing male | female to other
10/20/2022 11:19:49 AM Changing male | female to other
10/20/2022 11:19:49 AM Changing Race to other and moving data to Race Specify
10/20/2022 11:19:49 AM Changing Race to other and moving data to Race Specify
10/20/2022 11:19:49 AM Changing Ethnicity to Other
10/20/2022 11:19:49 AM Changing Ethnicity to Other
10/20/2022 11:19:50 AM Changing male | female to other
10/20/2022 11:19:50 AM Changing Race to other and moving data to Race Specify
10/20/2022 11:19:50 AM Changing Ethnicity to Other
10/20/2022 11:19:51 AM Changing male | female to other
10/20/2022 11:19:51 AM Changing male | female to other
10/20/2022 11:19:51 AM Changing male | female to other
10/20/2022 11:19:51 AM Changing male | female to other
10/20/2022 11:19:51 AM Changing male | female to other
10/20/2022 11:19:51 AM Changing Race to other and moving data to Race Specify
10/20/2022 11:19:51 AM Changing Race to other and moving data to Race Specify
10/20/2022 11:19:51 AM Changing Race to other and moving data to Race Specify
10/20/2022 11:19:51 AM Changing Race to other and moving data to Race Specify
10/20/2022 11:19:51 AM Changing Race to other and moving data to Race Specify
10/20/2022 11:19:51 AM Changing Ethnicity to Other
10/20/2022 11:19:51 AM Changing Ethnicity to Other
10/20/2022 11:19:51 AM Changing Ethnicity to Other
10/20/2022 11:19:51 AM Changing Ethnicity to Other
10/20/2022 11:19:51 AM Changing Ethnicity to Other
10/20/2022 11:19:52 AM Changing male | female to other
10/20/2022 11:19:52 AM Changing Race to other and moving data to Race Specify
10/20/2022 11:19:52 AM Changing Ethnicity to Other
10/20/2022 11:19:54 AM Changing male | female to other
10/20/2022 11:19:54 AM Changing male | female to other
10/20/2022 11:19:54 AM Changing male | female to other
10/20/2022 11:19:54 AM Changing Race to other and moving data to Race Specify
10/20/2022 11:19:54 AM Changing Race to other and moving data to Race Specify
10/20/2022 11:19:54 AM Changing Race to other and moving data to Race Specify
10/20/2022 11:19:54 AM Changing Ethnicity to Other
10/20/2022 11:19:54 AM Changing Ethnicity to Other
10/20/2022 11:19:54 AM Changing Ethnicity to Other
10/20/2022 11:19:55 AM Changing male | female to other
10/20/2022 11:19:55 AM Changing male | female to other
10/20/2022 11:19:55 AM Changing male | female to other
10/20/2022 11:19:55 AM Changing Ethnicity to Other
10/20/2022 11:19:55 AM Changing Ethnicity to Other
10/20/2022 11:19:55 AM Changing Ethnicity to Other
10/20/2022 11:19:55 AM Changing Race to other and moving data to Race Specify
10/20/2022 11:19:55 AM Changing Ethnicity to Other
10/20/2022 11:19:55 AM Changing Ethnicity to Other
10/20/2022 11:19:55 AM Changing Ethnicity to Other
10/20/2022 11:19:57 AM Changing male | female to other
10/20/2022 11:19:57 AM Changing male | female to other
10/20/2022 11:19:57 AM Changing male | female to other
10/20/2022 11:19:57 AM Changing Race to other and moving data to Race Specify
10/20/2022 11:19:57 AM Changing Race to other and moving data to Race Specify
10/20/2022 11:19:57 AM Changing Race to other and moving data to Race Specify
10/20/2022 11:19:57 AM Changing Ethnicity to Other
10/20/2022 11:19:57 AM Changing Ethnicity to Other
10/20/2022 11:19:57 AM Changing Ethnicity to Other
10/20/2022 11:19:58 AM Changing male | female to other
10/20/2022 11:19:58 AM Changing male | female to other
10/20/2022 11:19:58 AM Changing Race to other and moving data to Race Specify
10/20/2022 11:19:58 AM Changing Race to other and moving data to Race Specify
10/20/2022 11:19:58 AM Changing Ethnicity to Other
10/20/2022 11:19:58 AM Changing Ethnicity to Other
10/20/2022 11:19:59 AM Changing male | female to other
10/20/2022 11:19:59 AM Changing male | female to other
10/20/2022 11:19:59 AM Changing male | female to other
10/20/2022 11:19:59 AM Changing Race to other and moving data to Race Specify
10/20/2022 11:19:59 AM Changing Race to other and moving data to Race Specify
10/20/2022 11:19:59 AM Changing Race to other and moving data to Race Specify
10/20/2022 11:19:59 AM Changing Ethnicity to Other
10/20/2022 11:19:59 AM Changing Ethnicity to Other
10/20/2022 11:19:59 AM Changing Ethnicity to Other
10/20/2022 11:24:04 AM Changing male | female to other
10/20/2022 11:24:04 AM Changing male | female to other
10/20/2022 11:24:04 AM Changing male | female to other
10/20/2022 11:24:04 AM Changing Race to other and moving data to Race Specify
10/20/2022 11:24:04 AM Changing Race to other and moving data to Race Specify
10/20/2022 11:24:04 AM Changing Race to other and moving data to Race Specify
10/20/2022 11:24:04 AM Changing Ethnicity to Other
10/20/2022 11:24:04 AM Changing Ethnicity to Other
10/20/2022 11:24:04 AM Changing Ethnicity to Other
10/20/2022 11:24:07 AM Changing male | female to other
10/20/2022 11:24:07 AM Changing Race to other and moving data to Race Specify
10/20/2022 11:24:07 AM Changing Ethnicity to Other
10/20/2022 11:24:07 AM Changing male | female to other
10/20/2022 11:24:07 AM Changing male | female to other
10/20/2022 11:24:07 AM Changing Race to other and moving data to Race Specify
10/20/2022 11:24:07 AM Changing Race to other and moving data to Race Specify
10/20/2022 11:24:07 AM Changing Ethnicity to Other
10/20/2022 11:24:07 AM Changing Ethnicity to Other
10/20/2022 11:24:08 AM Changing Ethnicity to Other
10/20/2022 11:24:08 AM Changing Ethnicity to Other
10/20/2022 11:24:08 AM Changing Ethnicity to Other
10/20/2022 11:24:08 AM Changing Ethnicity to Other
10/20/2022 11:24:09 AM Changing male | female to other
10/20/2022 11:24:09 AM Changing male | female to other
10/20/2022 11:24:09 AM Changing male | female to other
10/20/2022 11:24:09 AM Changing male | female to other
10/20/2022 11:24:09 AM Changing male | female to other
10/20/2022 11:24:09 AM Changing Race to other and moving data to Race Specify
10/20/2022 11:24:09 AM Changing Race to other and moving data to Race Specify
10/20/2022 11:24:09 AM Changing Race to other and moving data to Race Specify
10/20/2022 11:24:09 AM Changing Race to other and moving data to Race Specify
10/20/2022 11:24:09 AM Changing Race to other and moving data to Race Specify
10/20/2022 11:24:09 AM Changing Ethnicity to Other
10/20/2022 11:24:09 AM Changing Ethnicity to Other
10/20/2022 11:24:09 AM Changing Ethnicity to Other
10/20/2022 11:24:09 AM Changing Ethnicity to Other
10/20/2022 11:24:09 AM Changing Ethnicity to Other
10/20/2022 11:24:10 AM Changing male | female to other
10/20/2022 11:24:10 AM Changing male | female to other
10/20/2022 11:24:10 AM Changing male | female to other
10/20/2022 11:24:10 AM Changing male | female to other
10/20/2022 11:24:10 AM Changing Race to other and moving data to Race Specify
10/20/2022 11:24:10 AM Changing Race to other and moving data to Race Specify
10/20/2022 11:24:10 AM Changing Race to other and moving data to Race Specify
10/20/2022 11:24:10 AM Changing Race to other and moving data to Race Specify
10/20/2022 11:24:10 AM Changing Ethnicity to Other
10/20/2022 11:24:10 AM Changing Ethnicity to Other
10/20/2022 11:24:10 AM Changing Ethnicity to Other
10/20/2022 11:24:10 AM Changing Ethnicity to Other
10/20/2022 11:24:11 AM Changing male | female to other
10/20/2022 11:24:11 AM Changing Race to other and moving data to Race Specify
10/20/2022 11:24:11 AM Changing Ethnicity to Other
10/20/2022 12:08:51 PM Changing male | female to other
10/20/2022 12:08:51 PM Changing male | female to other
10/20/2022 12:08:51 PM Changing male | female to other
10/20/2022 12:08:51 PM Changing Ethnicity to Other
10/20/2022 12:08:51 PM Changing Ethnicity to Other
10/20/2022 12:08:51 PM Changing Ethnicity to Other
