03/11/2024 09:16:24 AM 
PMID: 34594341
03/11/2024 09:16:24 AM WARNING:: [Sex_at_Birth] Changing 'male | female' to 'other'
03/11/2024 09:16:24 AM WARNING:: [Sex_at_Birth] Changing 'male | female' to 'other'
03/11/2024 09:16:24 AM Warning:: [Race] Changing 'Race' to 'other' and moving data to [Race Specify]
03/11/2024 09:16:24 AM Warning:: [Race] Changing 'Race' to 'other' and moving data to [Race Specify]
03/11/2024 09:16:24 AM Warning:: [Ethnicity] Changing list to other in ImmPort Templates
03/11/2024 09:16:24 AM Warning:: [Ethnicity] Changing list to other in ImmPort Templates
03/11/2024 09:23:02 AM 
PMID: 34861167
03/11/2024 09:23:02 AM WARNING:: [Sex_at_Birth] Changing 'male | female' to 'other'
03/11/2024 09:23:02 AM WARNING:: [Sex_at_Birth] Changing 'male | female' to 'other'
03/11/2024 09:23:02 AM Warning:: [Race] Changing 'Race' to 'other' and moving data to [Race Specify]
03/11/2024 09:23:02 AM Warning:: [Ethnicity] Changing list to other in ImmPort Templates
03/11/2024 09:23:11 AM INFO:: [Fuzzy] Closest Match Found. Changing SARS-CoV-2 Epsilon; B.1.427 => SARS-CoV-2 Epsilon; B.1.427 / B.1.429
03/11/2024 09:23:11 AM INFO:: [Fuzzy] Closest Match Found. Changing B.1.429 => SARS-CoV-2 Epsilon; B.1.427 / B.1.429
03/11/2024 09:23:11 AM [INFO]:: [Fuzzy] Sinopharm (BBIBP-CorV); VO:0005167 => Sinopharm (BBIBP-CorV); VO:0005166 : score 97
03/11/2024 09:23:39 AM 
PMID: 32678685
03/11/2024 09:23:39 AM WARNING:: [Sex_at_Birth] Changing 'male | female' to 'other'
03/11/2024 09:24:04 AM 
PMID: 32941787
03/11/2024 09:24:04 AM WARNING:: [Sex_at_Birth] Changing 'male | female' to 'other'
03/11/2024 09:24:04 AM WARNING:: [Sex_at_Birth] Changing 'male | female' to 'other'
03/11/2024 09:24:04 AM Warning:: [Race] Changing 'Race' to 'other' and moving data to [Race Specify]
03/11/2024 09:24:04 AM Warning:: [Race] Changing 'Race' to 'other' and moving data to [Race Specify]
03/11/2024 09:24:04 AM Warning:: [Ethnicity] Changing list to other in ImmPort Templates
03/11/2024 09:24:04 AM Warning:: [Ethnicity] Changing list to other in ImmPort Templates
03/11/2024 09:24:32 AM 
PMID: 37264688
03/11/2024 09:24:32 AM WARNING:: [Sex_at_Birth] Changing 'male | female' to 'other'
03/11/2024 09:24:32 AM WARNING:: [Sex_at_Birth] Changing 'male | female' to 'other'
03/11/2024 09:24:32 AM WARNING:: [Sex_at_Birth] Changing 'male | female' to 'other'
03/11/2024 09:24:32 AM Warning:: [Race] Changing 'Race' to 'other' and moving data to [Race Specify]
03/11/2024 09:24:32 AM Warning:: [Race] Changing 'Race' to 'other' and moving data to [Race Specify]
03/11/2024 09:24:32 AM Warning:: [Race] Changing 'Race' to 'other' and moving data to [Race Specify]
03/11/2024 09:24:32 AM Warning:: [Ethnicity] Changing list to other in ImmPort Templates
03/11/2024 09:24:32 AM Warning:: [Ethnicity] Changing list to other in ImmPort Templates
03/11/2024 09:24:32 AM Warning:: [Ethnicity] Changing list to other in ImmPort Templates
03/11/2024 09:33:25 AM 
PMID: 33767426
03/11/2024 09:33:32 AM INFO:: [User Change] Not Specified => Not Applicable
03/11/2024 02:21:40 PM 
PMID: 35857529
03/11/2024 02:21:40 PM WARNING:: [Sex_at_Birth] Changing 'male | female' to 'other'
03/11/2024 02:21:40 PM WARNING:: [Sex_at_Birth] Changing 'male | female' to 'other'
03/11/2024 02:21:40 PM WARNING:: [Sex_at_Birth] Changing 'male | female' to 'other'
03/11/2024 02:21:40 PM WARNING:: [Sex_at_Birth] Changing 'male | female' to 'other'
03/11/2024 02:21:40 PM WARNING:: [Sex_at_Birth] Changing 'male | female' to 'other'
03/11/2024 02:21:40 PM WARNING:: [Sex_at_Birth] Changing 'male | female' to 'other'
03/11/2024 02:21:40 PM WARNING:: [Sex_at_Birth] Changing 'male | female' to 'other'
03/11/2024 02:21:40 PM WARNING:: [Sex_at_Birth] Changing 'male | female' to 'other'
03/11/2024 02:21:40 PM WARNING:: [Sex_at_Birth] Changing 'male | female' to 'other'
03/11/2024 02:21:40 PM WARNING:: [Sex_at_Birth] Changing 'male | female' to 'other'
03/11/2024 02:21:40 PM WARNING:: [Sex_at_Birth] Changing 'male | female' to 'other'
03/11/2024 02:21:40 PM WARNING:: [Sex_at_Birth] Changing 'male | female' to 'other'
03/11/2024 02:21:40 PM WARNING:: [Sex_at_Birth] Changing 'male | female' to 'other'
03/11/2024 02:21:40 PM WARNING:: [Sex_at_Birth] Changing 'male | female' to 'other'
03/11/2024 02:21:40 PM Warning:: [Race] Changing 'Race' to 'other' and moving data to [Race Specify]
03/11/2024 02:21:40 PM Warning:: [Race] Changing 'Race' to 'other' and moving data to [Race Specify]
03/11/2024 02:21:40 PM Warning:: [Race] Changing 'Race' to 'other' and moving data to [Race Specify]
03/11/2024 02:21:40 PM Warning:: [Race] Changing 'Race' to 'other' and moving data to [Race Specify]
03/11/2024 02:21:40 PM Warning:: [Race] Changing 'Race' to 'other' and moving data to [Race Specify]
03/11/2024 02:21:40 PM Warning:: [Race] Changing 'Race' to 'other' and moving data to [Race Specify]
03/11/2024 02:21:40 PM Warning:: [Race] Changing 'Race' to 'other' and moving data to [Race Specify]
03/11/2024 02:21:40 PM Warning:: [Race] Changing 'Race' to 'other' and moving data to [Race Specify]
03/11/2024 02:21:40 PM Warning:: [Race] Changing 'Race' to 'other' and moving data to [Race Specify]
03/11/2024 02:21:40 PM Warning:: [Race] Changing 'Race' to 'other' and moving data to [Race Specify]
03/11/2024 02:21:40 PM Warning:: [Race] Changing 'Race' to 'other' and moving data to [Race Specify]
03/11/2024 02:21:40 PM Warning:: [Race] Changing 'Race' to 'other' and moving data to [Race Specify]
03/11/2024 02:21:40 PM Warning:: [Race] Changing 'Race' to 'other' and moving data to [Race Specify]
03/11/2024 02:21:40 PM Warning:: [Race] Changing 'Race' to 'other' and moving data to [Race Specify]
03/11/2024 02:21:40 PM Warning:: [Ethnicity] Changing list to other in ImmPort Templates
03/11/2024 02:21:40 PM Warning:: [Ethnicity] Changing list to other in ImmPort Templates
03/11/2024 02:21:40 PM Warning:: [Ethnicity] Changing list to other in ImmPort Templates
03/11/2024 02:21:40 PM Warning:: [Ethnicity] Changing list to other in ImmPort Templates
03/11/2024 02:21:40 PM Warning:: [Ethnicity] Changing list to other in ImmPort Templates
03/11/2024 02:21:40 PM Warning:: [Ethnicity] Changing list to other in ImmPort Templates
03/11/2024 02:21:40 PM Warning:: [Ethnicity] Changing list to other in ImmPort Templates
03/11/2024 02:21:40 PM Warning:: [Ethnicity] Changing list to other in ImmPort Templates
03/11/2024 02:21:40 PM Warning:: [Ethnicity] Changing list to other in ImmPort Templates
03/11/2024 02:21:40 PM Warning:: [Ethnicity] Changing list to other in ImmPort Templates
03/11/2024 02:21:40 PM Warning:: [Ethnicity] Changing list to other in ImmPort Templates
03/11/2024 02:21:40 PM Warning:: [Ethnicity] Changing list to other in ImmPort Templates
03/11/2024 02:21:40 PM Warning:: [Ethnicity] Changing list to other in ImmPort Templates
03/11/2024 02:21:40 PM Warning:: [Ethnicity] Changing list to other in ImmPort Templates
03/11/2024 02:22:08 PM 
PMID: 33822097
03/11/2024 02:22:08 PM WARNING:: [Sex_at_Birth] Changing 'male | female' to 'other'
03/11/2024 02:22:08 PM WARNING:: [Sex_at_Birth] Changing 'male | female' to 'other'
03/11/2024 02:22:08 PM WARNING:: [Sex_at_Birth] Changing 'male | female' to 'other'
03/11/2024 02:22:08 PM WARNING:: [Sex_at_Birth] Changing 'male | female' to 'other'
03/11/2024 02:22:08 PM WARNING:: [Sex_at_Birth] Changing 'male | female' to 'other'
03/11/2024 02:22:08 PM Warning:: [Race] Changing 'Race' to 'other' and moving data to [Race Specify]
03/11/2024 02:22:08 PM Warning:: [Race] Changing 'Race' to 'other' and moving data to [Race Specify]
03/11/2024 02:22:08 PM Warning:: [Race] Changing 'Race' to 'other' and moving data to [Race Specify]
03/11/2024 02:22:08 PM Warning:: [Race] Changing 'Race' to 'other' and moving data to [Race Specify]
03/11/2024 02:22:08 PM Warning:: [Race] Changing 'Race' to 'other' and moving data to [Race Specify]
03/11/2024 02:22:08 PM Warning:: [Ethnicity] Changing list to other in ImmPort Templates
03/11/2024 02:22:08 PM Warning:: [Ethnicity] Changing list to other in ImmPort Templates
03/11/2024 02:22:08 PM Warning:: [Ethnicity] Changing list to other in ImmPort Templates
03/11/2024 02:22:08 PM Warning:: [Ethnicity] Changing list to other in ImmPort Templates
03/11/2024 02:22:08 PM Warning:: [Ethnicity] Changing list to other in ImmPort Templates
03/11/2024 02:22:36 PM INFO:: [Fuzzy] Closest Match Found. Changing HCoVs - Seasonal (OC43 => HCoVs - Seasonal (OC43, HKU-1, NL63, 229E)
03/11/2024 02:22:36 PM INFO:: [Fuzzy] Closest Match Found. Changing HKU-1 => HCoVs - Seasonal (OC43, HKU-1, NL63, 229E)
03/11/2024 02:22:36 PM INFO:: [Fuzzy] Closest Match Found. Changing NL63 => HCoVs - Seasonal (OC43, HKU-1, NL63, 229E)
03/11/2024 02:22:36 PM INFO:: [Fuzzy] Closest Match Found. Changing 229E) => HCoVs - Seasonal (OC43, HKU-1, NL63, 229E)
03/11/2024 02:22:50 PM INFO:: [User Change] Common cold Coronavirus (NL63 => HCoVs - Seasonal (OC43, HKU-1, NL63, 229E)
03/11/2024 02:22:50 PM INFO:: [Fuzzy] Closest Match Found. Changing 229E => HCoVs - Seasonal (OC43, HKU-1, NL63, 229E)
03/11/2024 02:23:02 PM INFO:: [User Change] HKU1 => HCoVs - Seasonal (OC43, HKU-1, NL63, 229E)
03/11/2024 02:23:07 PM INFO:: [User Change] OC43) => HCoVs - Seasonal (OC43, HKU-1, NL63, 229E)
03/11/2024 02:23:08 PM Previous Input: Virus Target, Common cold Coronavirus (NL63 => HCoVs - Seasonal (OC43, HKU-1, NL63, 229E)
03/11/2024 02:23:08 PM INFO:: [Fuzzy] Closest Match Found. Changing 229E => HCoVs - Seasonal (OC43, HKU-1, NL63, 229E)
03/11/2024 02:23:08 PM Previous Input: Virus Target, HKU1 => HCoVs - Seasonal (OC43, HKU-1, NL63, 229E)
03/11/2024 02:23:08 PM Previous Input: Virus Target, OC43) => HCoVs - Seasonal (OC43, HKU-1, NL63, 229E)
03/11/2024 02:23:08 PM Previous Input: Virus Target, Common cold Coronavirus (NL63 => HCoVs - Seasonal (OC43, HKU-1, NL63, 229E)
03/11/2024 02:23:08 PM INFO:: [Fuzzy] Closest Match Found. Changing 229E => HCoVs - Seasonal (OC43, HKU-1, NL63, 229E)
03/11/2024 02:23:08 PM Previous Input: Virus Target, HKU1 => HCoVs - Seasonal (OC43, HKU-1, NL63, 229E)
03/11/2024 02:23:08 PM Previous Input: Virus Target, OC43) => HCoVs - Seasonal (OC43, HKU-1, NL63, 229E)
03/11/2024 02:23:08 PM Previous Input: Virus Target, Common cold Coronavirus (NL63 => HCoVs - Seasonal (OC43, HKU-1, NL63, 229E)
03/11/2024 02:23:08 PM INFO:: [Fuzzy] Closest Match Found. Changing 229E => HCoVs - Seasonal (OC43, HKU-1, NL63, 229E)
03/11/2024 02:23:08 PM Previous Input: Virus Target, HKU1 => HCoVs - Seasonal (OC43, HKU-1, NL63, 229E)
03/11/2024 02:23:08 PM Previous Input: Virus Target, OC43) => HCoVs - Seasonal (OC43, HKU-1, NL63, 229E)
03/11/2024 02:23:08 PM Previous Input: Virus Target, Common cold Coronavirus (NL63 => HCoVs - Seasonal (OC43, HKU-1, NL63, 229E)
03/11/2024 02:23:08 PM INFO:: [Fuzzy] Closest Match Found. Changing 229E => HCoVs - Seasonal (OC43, HKU-1, NL63, 229E)
03/11/2024 02:23:08 PM Previous Input: Virus Target, HKU1 => HCoVs - Seasonal (OC43, HKU-1, NL63, 229E)
03/11/2024 02:23:08 PM Previous Input: Virus Target, OC43) => HCoVs - Seasonal (OC43, HKU-1, NL63, 229E)
03/11/2024 02:23:24 PM 
PMID: 36480499
03/11/2024 02:23:24 PM WARNING:: [Sex_at_Birth] Changing 'male | female' to 'other'
03/11/2024 02:23:24 PM WARNING:: [Sex_at_Birth] Changing 'male | female' to 'other'
03/11/2024 02:23:24 PM Warning:: [Race] Changing 'Race' to 'other' and moving data to [Race Specify]
03/11/2024 02:23:24 PM Warning:: [Race] Changing 'Race' to 'other' and moving data to [Race Specify]
03/11/2024 02:23:24 PM Warning:: [Ethnicity] Changing list to other in ImmPort Templates
03/11/2024 02:23:24 PM Warning:: [Ethnicity] Changing list to other in ImmPort Templates
03/11/2024 02:28:42 PM INFO:: [User Change] Not Specified => Not Applicable
03/11/2024 02:28:52 PM 
PMID: 33798476
03/11/2024 02:28:52 PM Warning:: [Race] Changing 'Race' to 'other' and moving data to [Race Specify]
03/11/2024 02:28:52 PM Warning:: [Race] Changing 'Race' to 'other' and moving data to [Race Specify]
03/11/2024 02:28:52 PM Warning:: [Ethnicity] Changing list to other in ImmPort Templates
03/11/2024 02:28:52 PM Warning:: [Ethnicity] Changing list to other in ImmPort Templates
03/11/2024 02:29:42 PM 
PMID: 34951746
03/11/2024 02:29:42 PM WARNING:: [Sex_at_Birth] Changing 'male | female' to 'other'
03/11/2024 02:29:42 PM WARNING:: [Sex_at_Birth] Changing 'male | female' to 'other'
03/11/2024 02:29:42 PM Warning:: [Race] Changing 'Race' to 'other' and moving data to [Race Specify]
03/11/2024 02:29:42 PM Warning:: [Race] Changing 'Race' to 'other' and moving data to [Race Specify]
03/11/2024 02:29:42 PM Warning:: [Ethnicity] Changing list to other in ImmPort Templates
03/11/2024 02:29:42 PM Warning:: [Ethnicity] Changing list to other in ImmPort Templates
03/11/2024 02:47:51 PM 
PMID: 35764089
03/11/2024 02:47:51 PM WARNING:: [Sex_at_Birth] Changing 'male | female' to 'other'
03/11/2024 02:47:51 PM WARNING:: [Sex_at_Birth] Changing 'male | female' to 'other'
03/11/2024 02:47:51 PM WARNING:: [Sex_at_Birth] Changing 'male | female' to 'other'
03/11/2024 02:47:51 PM WARNING:: [Sex_at_Birth] Changing 'male | female' to 'other'
03/11/2024 02:47:51 PM Warning:: [Race] Changing 'Race' to 'other' and moving data to [Race Specify]
03/11/2024 02:47:51 PM Warning:: [Race] Changing 'Race' to 'other' and moving data to [Race Specify]
03/11/2024 02:47:51 PM Warning:: [Race] Changing 'Race' to 'other' and moving data to [Race Specify]
03/11/2024 02:47:51 PM Warning:: [Race] Changing 'Race' to 'other' and moving data to [Race Specify]
03/11/2024 02:47:51 PM Warning:: [Ethnicity] Changing list to other in ImmPort Templates
03/11/2024 02:47:51 PM Warning:: [Ethnicity] Changing list to other in ImmPort Templates
03/11/2024 02:47:51 PM Warning:: [Ethnicity] Changing list to other in ImmPort Templates
03/11/2024 02:47:51 PM Warning:: [Ethnicity] Changing list to other in ImmPort Templates
03/11/2024 02:47:51 PM [INFO]:: [Fuzzy] Moderna COVID-19 vaccine ; VO:0005157 => Moderna COVID-19 vaccine; VO:0005157 : score 99
03/11/2024 02:47:51 PM [INFO]:: [Fuzzy] Pfizer BioNTech COVID-19 vaccine ; VO:0004987 => Pfizer BioNTech COVID-19 vaccine; VO:0004987 : score 99
03/11/2024 02:48:12 PM 
PMID: 35764089
03/11/2024 02:48:12 PM WARNING:: [Sex_at_Birth] Changing 'male | female' to 'other'
03/11/2024 02:48:12 PM WARNING:: [Sex_at_Birth] Changing 'male | female' to 'other'
03/11/2024 02:48:12 PM WARNING:: [Sex_at_Birth] Changing 'male | female' to 'other'
03/11/2024 02:48:12 PM WARNING:: [Sex_at_Birth] Changing 'male | female' to 'other'
03/11/2024 02:48:12 PM Warning:: [Race] Changing 'Race' to 'other' and moving data to [Race Specify]
03/11/2024 02:48:12 PM Warning:: [Race] Changing 'Race' to 'other' and moving data to [Race Specify]
03/11/2024 02:48:12 PM Warning:: [Race] Changing 'Race' to 'other' and moving data to [Race Specify]
03/11/2024 02:48:12 PM Warning:: [Race] Changing 'Race' to 'other' and moving data to [Race Specify]
03/11/2024 02:48:12 PM Warning:: [Ethnicity] Changing list to other in ImmPort Templates
03/11/2024 02:48:12 PM Warning:: [Ethnicity] Changing list to other in ImmPort Templates
03/11/2024 02:48:12 PM Warning:: [Ethnicity] Changing list to other in ImmPort Templates
03/11/2024 02:48:12 PM Warning:: [Ethnicity] Changing list to other in ImmPort Templates
03/11/2024 02:48:13 PM [INFO]:: [Fuzzy] Moderna COVID-19 vaccine ; VO:0005157 => Moderna COVID-19 vaccine; VO:0005157 : score 99
03/11/2024 02:48:13 PM [INFO]:: [Fuzzy] Pfizer BioNTech COVID-19 vaccine ; VO:0004987 => Pfizer BioNTech COVID-19 vaccine; VO:0004987 : score 99
03/11/2024 03:07:52 PM 
PMID: 34594341
03/11/2024 03:07:52 PM WARNING:: [Sex_at_Birth] Changing 'male | female' to 'other'
03/11/2024 03:07:52 PM WARNING:: [Sex_at_Birth] Changing 'male | female' to 'other'
03/11/2024 03:07:52 PM Warning:: [Race] Changing 'Race' to 'other' and moving data to [Race Specify]
03/11/2024 03:07:52 PM Warning:: [Race] Changing 'Race' to 'other' and moving data to [Race Specify]
03/11/2024 03:07:52 PM Warning:: [Ethnicity] Changing list to other in ImmPort Templates
03/11/2024 03:07:52 PM Warning:: [Ethnicity] Changing list to other in ImmPort Templates
03/11/2024 03:10:36 PM 
PMID: 34594341
03/11/2024 03:10:36 PM WARNING:: [Sex_at_Birth] Changing 'male | female' to 'other'
03/11/2024 03:10:36 PM WARNING:: [Sex_at_Birth] Changing 'male | female' to 'other'
03/11/2024 03:10:36 PM Warning:: [Race] Changing 'Race' to 'other' and moving data to [Race Specify]
03/11/2024 03:10:36 PM Warning:: [Race] Changing 'Race' to 'other' and moving data to [Race Specify]
03/11/2024 03:10:36 PM Warning:: [Ethnicity] Changing list to other in ImmPort Templates
03/11/2024 03:10:36 PM Warning:: [Ethnicity] Changing list to other in ImmPort Templates
03/11/2024 03:12:40 PM 
PMID: 34594341
03/11/2024 03:12:40 PM WARNING:: [Sex_at_Birth] Changing 'male | female' to 'other'
03/11/2024 03:12:40 PM WARNING:: [Sex_at_Birth] Changing 'male | female' to 'other'
03/11/2024 03:12:40 PM Warning:: [Race] Changing 'Race' to 'other' and moving data to [Race Specify]
03/11/2024 03:12:40 PM Warning:: [Race] Changing 'Race' to 'other' and moving data to [Race Specify]
03/11/2024 03:12:40 PM Warning:: [Ethnicity] Changing list to other in ImmPort Templates
03/11/2024 03:12:40 PM Warning:: [Ethnicity] Changing list to other in ImmPort Templates
03/11/2024 03:16:26 PM 
PMID: 32941787
03/11/2024 03:16:26 PM WARNING:: [Sex_at_Birth] Changing 'male | female' to 'other'
03/11/2024 03:16:26 PM WARNING:: [Sex_at_Birth] Changing 'male | female' to 'other'
03/11/2024 03:16:26 PM Warning:: [Race] Changing 'Race' to 'other' and moving data to [Race Specify]
03/11/2024 03:16:26 PM Warning:: [Race] Changing 'Race' to 'other' and moving data to [Race Specify]
03/11/2024 03:16:26 PM Warning:: [Ethnicity] Changing list to other in ImmPort Templates
03/11/2024 03:16:26 PM Warning:: [Ethnicity] Changing list to other in ImmPort Templates
03/11/2024 03:32:07 PM 
PMID: 33822097
03/11/2024 03:32:07 PM WARNING:: [Sex_at_Birth] Changing 'male | female' to 'other'
03/11/2024 03:32:07 PM WARNING:: [Sex_at_Birth] Changing 'male | female' to 'other'
03/11/2024 03:32:07 PM WARNING:: [Sex_at_Birth] Changing 'male | female' to 'other'
03/11/2024 03:32:07 PM WARNING:: [Sex_at_Birth] Changing 'male | female' to 'other'
03/11/2024 03:32:07 PM WARNING:: [Sex_at_Birth] Changing 'male | female' to 'other'
03/11/2024 03:32:07 PM Warning:: [Race] Changing 'Race' to 'other' and moving data to [Race Specify]
03/11/2024 03:32:07 PM Warning:: [Race] Changing 'Race' to 'other' and moving data to [Race Specify]
03/11/2024 03:32:07 PM Warning:: [Race] Changing 'Race' to 'other' and moving data to [Race Specify]
03/11/2024 03:32:07 PM Warning:: [Race] Changing 'Race' to 'other' and moving data to [Race Specify]
03/11/2024 03:32:07 PM Warning:: [Race] Changing 'Race' to 'other' and moving data to [Race Specify]
03/11/2024 03:32:07 PM Warning:: [Ethnicity] Changing list to other in ImmPort Templates
03/11/2024 03:32:07 PM Warning:: [Ethnicity] Changing list to other in ImmPort Templates
03/11/2024 03:32:07 PM Warning:: [Ethnicity] Changing list to other in ImmPort Templates
03/11/2024 03:32:07 PM Warning:: [Ethnicity] Changing list to other in ImmPort Templates
03/11/2024 03:32:07 PM Warning:: [Ethnicity] Changing list to other in ImmPort Templates
03/11/2024 03:32:07 PM INFO:: [Fuzzy] Closest Match Found. Changing HCoVs - Seasonal (OC43 => HCoVs - Seasonal (OC43, HKU-1, NL63, 229E)
03/11/2024 03:32:07 PM INFO:: [Fuzzy] Closest Match Found. Changing HKU-1 => HCoVs - Seasonal (OC43, HKU-1, NL63, 229E)
03/11/2024 03:32:07 PM INFO:: [Fuzzy] Closest Match Found. Changing NL63 => HCoVs - Seasonal (OC43, HKU-1, NL63, 229E)
03/11/2024 03:32:07 PM INFO:: [Fuzzy] Closest Match Found. Changing 229E) => HCoVs - Seasonal (OC43, HKU-1, NL63, 229E)
03/11/2024 03:32:12 PM INFO:: [User Change] Common cold Coronavirus (NL63 => HCoVs - Seasonal (OC43, HKU-1, NL63, 229E)
03/11/2024 03:32:12 PM INFO:: [Fuzzy] Closest Match Found. Changing 229E => HCoVs - Seasonal (OC43, HKU-1, NL63, 229E)
03/11/2024 03:32:21 PM INFO:: [User Change] HKU1 => HCoVs - Seasonal (OC43, HKU-1, NL63, 229E)
03/11/2024 03:32:23 PM INFO:: [User Change] OC43) => HCoVs - Seasonal (OC43, HKU-1, NL63, 229E)
03/11/2024 03:32:23 PM Previous Input: Virus Target, Common cold Coronavirus (NL63 => HCoVs - Seasonal (OC43, HKU-1, NL63, 229E)
03/11/2024 03:32:23 PM INFO:: [Fuzzy] Closest Match Found. Changing 229E => HCoVs - Seasonal (OC43, HKU-1, NL63, 229E)
03/11/2024 03:32:23 PM Previous Input: Virus Target, HKU1 => HCoVs - Seasonal (OC43, HKU-1, NL63, 229E)
03/11/2024 03:32:23 PM Previous Input: Virus Target, OC43) => HCoVs - Seasonal (OC43, HKU-1, NL63, 229E)
03/11/2024 03:32:23 PM Previous Input: Virus Target, Common cold Coronavirus (NL63 => HCoVs - Seasonal (OC43, HKU-1, NL63, 229E)
03/11/2024 03:32:23 PM INFO:: [Fuzzy] Closest Match Found. Changing 229E => HCoVs - Seasonal (OC43, HKU-1, NL63, 229E)
03/11/2024 03:32:23 PM Previous Input: Virus Target, HKU1 => HCoVs - Seasonal (OC43, HKU-1, NL63, 229E)
03/11/2024 03:32:23 PM Previous Input: Virus Target, OC43) => HCoVs - Seasonal (OC43, HKU-1, NL63, 229E)
03/11/2024 03:32:23 PM Previous Input: Virus Target, Common cold Coronavirus (NL63 => HCoVs - Seasonal (OC43, HKU-1, NL63, 229E)
03/11/2024 03:32:23 PM INFO:: [Fuzzy] Closest Match Found. Changing 229E => HCoVs - Seasonal (OC43, HKU-1, NL63, 229E)
03/11/2024 03:32:23 PM Previous Input: Virus Target, HKU1 => HCoVs - Seasonal (OC43, HKU-1, NL63, 229E)
03/11/2024 03:32:23 PM Previous Input: Virus Target, OC43) => HCoVs - Seasonal (OC43, HKU-1, NL63, 229E)
03/11/2024 03:32:23 PM Previous Input: Virus Target, Common cold Coronavirus (NL63 => HCoVs - Seasonal (OC43, HKU-1, NL63, 229E)
03/11/2024 03:32:23 PM INFO:: [Fuzzy] Closest Match Found. Changing 229E => HCoVs - Seasonal (OC43, HKU-1, NL63, 229E)
03/11/2024 03:32:23 PM Previous Input: Virus Target, HKU1 => HCoVs - Seasonal (OC43, HKU-1, NL63, 229E)
03/11/2024 03:32:23 PM Previous Input: Virus Target, OC43) => HCoVs - Seasonal (OC43, HKU-1, NL63, 229E)
03/11/2024 03:37:35 PM 
PMID: 36480499
03/11/2024 03:37:35 PM WARNING:: [Sex_at_Birth] Changing 'male | female' to 'other'
03/11/2024 03:37:35 PM WARNING:: [Sex_at_Birth] Changing 'male | female' to 'other'
03/11/2024 03:37:35 PM Warning:: [Race] Changing 'Race' to 'other' and moving data to [Race Specify]
03/11/2024 03:37:35 PM Warning:: [Race] Changing 'Race' to 'other' and moving data to [Race Specify]
03/11/2024 03:37:35 PM Warning:: [Ethnicity] Changing list to other in ImmPort Templates
03/11/2024 03:37:35 PM Warning:: [Ethnicity] Changing list to other in ImmPort Templates
03/11/2024 03:38:42 PM INFO:: [User Change] Not Specified => Not Applicable
03/11/2024 03:39:49 PM 
PMID: 36480499
03/11/2024 03:39:49 PM WARNING:: [Sex_at_Birth] Changing 'male | female' to 'other'
03/11/2024 03:39:49 PM WARNING:: [Sex_at_Birth] Changing 'male | female' to 'other'
03/11/2024 03:39:49 PM Warning:: [Race] Changing 'Race' to 'other' and moving data to [Race Specify]
03/11/2024 03:39:49 PM Warning:: [Race] Changing 'Race' to 'other' and moving data to [Race Specify]
03/11/2024 03:39:49 PM Warning:: [Ethnicity] Changing list to other in ImmPort Templates
03/11/2024 03:39:49 PM Warning:: [Ethnicity] Changing list to other in ImmPort Templates
03/11/2024 03:39:50 PM INFO:: [User Change] Not Specified => Not Applicable
