10/18/2023 10:32:14 PM INFO:: [User Change] Not Specified => Not Applicable
10/18/2023 10:32:16 PM [INFO]:: [Fuzzy] ​JSON Summary Description => JSON Summary Description : score 94
10/18/2023 10:32:16 PM INFO:: [Fuzzy] Closest Match Found. Changing HCoVs - Seasonal (OC43 => HCoVs - Seasonal (OC43, HKU-1, NL63, 229E)
10/18/2023 10:32:16 PM INFO:: [Fuzzy] Closest Match Found. Changing HKU-1 => HCoVs - Seasonal (OC43, HKU-1, NL63, 229E)
10/18/2023 10:32:16 PM INFO:: [Fuzzy] Closest Match Found. Changing NL63 => HCoVs - Seasonal (OC43, HKU-1, NL63, 229E)
10/18/2023 10:32:16 PM INFO:: [Fuzzy] Closest Match Found. Changing 229E) => HCoVs - Seasonal (OC43, HKU-1, NL63, 229E)
10/18/2023 10:32:16 PM INFO:: [Fuzzy] Closest Match Found. Changing HCoVs - Seasonal (OC43 => HCoVs - Seasonal (OC43, HKU-1, NL63, 229E)
10/18/2023 10:32:16 PM INFO:: [Fuzzy] Closest Match Found. Changing HKU-1 => HCoVs - Seasonal (OC43, HKU-1, NL63, 229E)
10/18/2023 10:32:16 PM INFO:: [Fuzzy] Closest Match Found. Changing NL63 => HCoVs - Seasonal (OC43, HKU-1, NL63, 229E)
10/18/2023 10:32:16 PM INFO:: [Fuzzy] Closest Match Found. Changing 229E) => HCoVs - Seasonal (OC43, HKU-1, NL63, 229E)
10/18/2023 10:32:16 PM INFO:: [Fuzzy] Closest Match Found. Changing HCoVs - Seasonal (OC43 => HCoVs - Seasonal (OC43, HKU-1, NL63, 229E)
10/18/2023 10:32:16 PM INFO:: [Fuzzy] Closest Match Found. Changing HKU-1 => HCoVs - Seasonal (OC43, HKU-1, NL63, 229E)
10/18/2023 10:32:16 PM INFO:: [Fuzzy] Closest Match Found. Changing NL63 => HCoVs - Seasonal (OC43, HKU-1, NL63, 229E)
10/18/2023 10:32:16 PM INFO:: [Fuzzy] Closest Match Found. Changing 229E) => HCoVs - Seasonal (OC43, HKU-1, NL63, 229E)
10/18/2023 10:32:18 PM Previous Input: Virus Target, Not Specified => Not Applicable
10/18/2023 10:32:19 PM [INFO]:: [Fuzzy] ​JSON Summary Description => JSON Summary Description : score 94
10/18/2023 10:32:21 PM [INFO]:: [Fuzzy] ​JSON Summary Description => JSON Summary Description : score 94
10/18/2023 10:32:21 PM [INFO]:: [Fuzzy] Computational Modelling => Computational Modeling : score 98
10/18/2023 10:32:21 PM Previous Input: Virus Target, Not Specified => Not Applicable
10/18/2023 10:32:22 PM [INFO]:: [Fuzzy] ​JSON Summary Description => JSON Summary Description : score 94
10/18/2023 10:32:24 PM [INFO]:: [Fuzzy] ​JSON Summary Description => JSON Summary Description : score 94
10/18/2023 10:32:25 PM [INFO]:: [Fuzzy] ​JSON Summary Description => JSON Summary Description : score 94
10/18/2023 10:32:27 PM [INFO]:: [Fuzzy] ​JSON Summary Description => JSON Summary Description : score 94
10/18/2023 10:32:28 PM [INFO]:: [Fuzzy] ​JSON Summary Description => JSON Summary Description : score 94
10/18/2023 10:32:28 PM [INFO]:: [Fuzzy] Computational Modelling => Computational Modeling : score 98
10/18/2023 10:32:32 PM INFO:: [User Change] Covid-19 => COVID-19
10/18/2023 10:32:32 PM Previous Input: Virus Target, Not Specified => Not Applicable
10/18/2023 10:32:35 PM [INFO]:: [Fuzzy] ​JSON Summary Description => JSON Summary Description : score 94
10/18/2023 10:32:35 PM Previous Input: Reported Health Condition, Covid-19 => COVID-19
10/18/2023 10:32:36 PM Previous Input: Virus Target, Not Specified => Not Applicable
10/18/2023 10:32:38 PM [INFO]:: [Fuzzy] ​JSON Summary Description => JSON Summary Description : score 94
10/18/2023 10:32:40 PM [INFO]:: [Fuzzy] ​JSON Summary Description => JSON Summary Description : score 94
10/18/2023 10:32:40 PM Previous Input: Virus Target, Not Specified => Not Applicable
10/18/2023 10:32:41 PM [INFO]:: [Fuzzy] ​JSON Summary Description => JSON Summary Description : score 94
10/18/2023 10:32:41 PM [INFO]:: [Fuzzy] Computational Modelling => Computational Modeling : score 98
10/18/2023 10:32:41 PM Previous Input: Virus Target, Not Specified => Not Applicable
10/18/2023 10:32:43 PM [INFO]:: [Fuzzy] ​JSON Summary Description => JSON Summary Description : score 94
10/18/2023 10:32:43 PM Previous Input: Virus Target, Not Specified => Not Applicable
10/18/2023 10:32:44 PM [INFO]:: [Fuzzy] ​JSON Summary Description => JSON Summary Description : score 94
10/18/2023 10:32:44 PM Previous Input: Virus Target, Not Specified => Not Applicable
10/18/2023 10:32:46 PM [INFO]:: [Fuzzy] ​JSON Summary Description => JSON Summary Description : score 94
10/18/2023 10:32:46 PM Previous Input: Virus Target, Not Specified => Not Applicable
10/18/2023 10:32:47 PM [INFO]:: [Fuzzy] ​JSON Summary Description => JSON Summary Description : score 94
10/18/2023 10:32:47 PM Previous Input: Virus Target, Not Specified => Not Applicable
10/18/2023 10:32:49 PM [INFO]:: [Fuzzy] ​JSON Summary Description => JSON Summary Description : score 94
10/18/2023 10:32:49 PM Previous Input: Virus Target, Not Specified => Not Applicable
10/18/2023 10:41:43 PM Previous Input: Virus Target, Not Specified => Not Applicable
10/18/2023 10:41:43 PM [INFO]:: [Fuzzy] ​JSON Summary Description => JSON Summary Description : score 94
10/18/2023 10:41:43 PM INFO:: [Fuzzy] Closest Match Found. Changing HCoVs - Seasonal (OC43 => HCoVs - Seasonal (OC43, HKU-1, NL63, 229E)
10/18/2023 10:41:43 PM INFO:: [Fuzzy] Closest Match Found. Changing HKU-1 => HCoVs - Seasonal (OC43, HKU-1, NL63, 229E)
10/18/2023 10:41:43 PM INFO:: [Fuzzy] Closest Match Found. Changing NL63 => HCoVs - Seasonal (OC43, HKU-1, NL63, 229E)
10/18/2023 10:41:43 PM INFO:: [Fuzzy] Closest Match Found. Changing 229E) => HCoVs - Seasonal (OC43, HKU-1, NL63, 229E)
10/18/2023 10:41:43 PM INFO:: [Fuzzy] Closest Match Found. Changing HCoVs - Seasonal (OC43 => HCoVs - Seasonal (OC43, HKU-1, NL63, 229E)
10/18/2023 10:41:43 PM INFO:: [Fuzzy] Closest Match Found. Changing HKU-1 => HCoVs - Seasonal (OC43, HKU-1, NL63, 229E)
10/18/2023 10:41:43 PM INFO:: [Fuzzy] Closest Match Found. Changing NL63 => HCoVs - Seasonal (OC43, HKU-1, NL63, 229E)
10/18/2023 10:41:43 PM INFO:: [Fuzzy] Closest Match Found. Changing 229E) => HCoVs - Seasonal (OC43, HKU-1, NL63, 229E)
10/18/2023 10:41:43 PM INFO:: [Fuzzy] Closest Match Found. Changing HCoVs - Seasonal (OC43 => HCoVs - Seasonal (OC43, HKU-1, NL63, 229E)
10/18/2023 10:41:43 PM INFO:: [Fuzzy] Closest Match Found. Changing HKU-1 => HCoVs - Seasonal (OC43, HKU-1, NL63, 229E)
10/18/2023 10:41:43 PM INFO:: [Fuzzy] Closest Match Found. Changing NL63 => HCoVs - Seasonal (OC43, HKU-1, NL63, 229E)
10/18/2023 10:41:43 PM INFO:: [Fuzzy] Closest Match Found. Changing 229E) => HCoVs - Seasonal (OC43, HKU-1, NL63, 229E)
10/18/2023 10:41:43 PM Previous Input: Virus Target, Not Specified => Not Applicable
10/18/2023 10:41:44 PM [INFO]:: [Fuzzy] ​JSON Summary Description => JSON Summary Description : score 94
10/18/2023 10:41:44 PM [INFO]:: [Fuzzy] ​JSON Summary Description => JSON Summary Description : score 94
10/18/2023 10:41:44 PM [INFO]:: [Fuzzy] Computational Modelling => Computational Modeling : score 98
10/18/2023 10:41:44 PM Previous Input: Virus Target, Not Specified => Not Applicable
10/18/2023 10:41:44 PM [INFO]:: [Fuzzy] ​JSON Summary Description => JSON Summary Description : score 94
10/18/2023 10:41:45 PM [INFO]:: [Fuzzy] ​JSON Summary Description => JSON Summary Description : score 94
10/18/2023 10:41:45 PM [INFO]:: [Fuzzy] ​JSON Summary Description => JSON Summary Description : score 94
10/18/2023 10:41:46 PM [INFO]:: [Fuzzy] ​JSON Summary Description => JSON Summary Description : score 94
10/18/2023 10:41:46 PM [INFO]:: [Fuzzy] ​JSON Summary Description => JSON Summary Description : score 94
10/18/2023 10:41:46 PM [INFO]:: [Fuzzy] Computational Modelling => Computational Modeling : score 98
10/18/2023 10:41:46 PM Previous Input: Reported Health Condition, Covid-19 => COVID-19
10/18/2023 10:41:46 PM Previous Input: Virus Target, Not Specified => Not Applicable
10/18/2023 10:41:46 PM [INFO]:: [Fuzzy] ​JSON Summary Description => JSON Summary Description : score 94
10/18/2023 10:41:46 PM Previous Input: Reported Health Condition, Covid-19 => COVID-19
10/18/2023 10:41:47 PM Previous Input: Virus Target, Not Specified => Not Applicable
10/18/2023 10:41:47 PM [INFO]:: [Fuzzy] ​JSON Summary Description => JSON Summary Description : score 94
10/18/2023 10:41:47 PM [INFO]:: [Fuzzy] ​JSON Summary Description => JSON Summary Description : score 94
10/18/2023 10:41:47 PM Previous Input: Virus Target, Not Specified => Not Applicable
10/18/2023 10:41:48 PM [INFO]:: [Fuzzy] ​JSON Summary Description => JSON Summary Description : score 94
10/18/2023 10:41:48 PM [INFO]:: [Fuzzy] Computational Modelling => Computational Modeling : score 98
10/18/2023 10:41:48 PM Previous Input: Virus Target, Not Specified => Not Applicable
10/18/2023 10:41:48 PM [INFO]:: [Fuzzy] ​JSON Summary Description => JSON Summary Description : score 94
10/18/2023 10:41:48 PM Previous Input: Virus Target, Not Specified => Not Applicable
10/18/2023 10:41:48 PM [INFO]:: [Fuzzy] ​JSON Summary Description => JSON Summary Description : score 94
10/18/2023 10:41:48 PM Previous Input: Virus Target, Not Specified => Not Applicable
10/18/2023 10:41:49 PM [INFO]:: [Fuzzy] ​JSON Summary Description => JSON Summary Description : score 94
10/18/2023 10:41:49 PM Previous Input: Virus Target, Not Specified => Not Applicable
10/18/2023 10:41:49 PM [INFO]:: [Fuzzy] ​JSON Summary Description => JSON Summary Description : score 94
10/18/2023 10:41:49 PM Previous Input: Virus Target, Not Specified => Not Applicable
10/18/2023 10:41:49 PM [INFO]:: [Fuzzy] ​JSON Summary Description => JSON Summary Description : score 94
10/18/2023 10:41:49 PM Previous Input: Virus Target, Not Specified => Not Applicable
10/18/2023 10:41:49 PM Previous Input: Reported Health Condition, Covid-19 => COVID-19
10/18/2023 10:41:49 PM Previous Input: Virus Target, Not Specified => Not Applicable
10/18/2023 10:41:50 PM INFO:: [Fuzzy] Closest Match Found. Changing Nasal Swab => Nasal Swab or Nose Specimen
10/18/2023 10:41:51 PM [INFO]:: [Fuzzy] SARS-CoV-2 Omicron => SARS-CoV-2 Omicron; B.1.1.529 : score 77
