01/14/2025 11:48:31 AM 
PMID: 38308155 ####################
01/14/2025 11:48:31 AM WARNING:: [Sex_at_Birth] Changing 'male | female' to 'other'
01/14/2025 11:48:31 AM Warning:: [Race] Changing 'Race' to 'other' and moving data to [Race Specify]
01/14/2025 11:48:31 AM Warning:: [Ethnicity] Changing list to other in ImmPort Templates
01/14/2025 11:48:36 AM INFO:: [User Change] Not Specified => Not Applicable
01/14/2025 11:49:13 AM 
PMID: 38566610 ####################
01/14/2025 11:49:30 AM 
PMID: 38350990 ####################
01/14/2025 11:49:51 AM 
PMID: 38961063 ####################
01/14/2025 11:49:51 AM [planned visit]: PMID38961063_visit-04 has reached character limit (275 > 125)
01/14/2025 11:50:08 AM 
PMID: 38299308 ####################
01/14/2025 11:50:26 AM 
PMID: 38580714 ####################
01/14/2025 11:50:26 AM WARNING:: [Sex_at_Birth] Changing 'male | female' to 'other'
01/14/2025 11:50:26 AM WARNING:: [Sex_at_Birth] Changing 'male | female' to 'other'
01/14/2025 11:50:26 AM WARNING:: [Sex_at_Birth] Changing 'male | female' to 'other'
01/14/2025 11:50:26 AM WARNING:: [Sex_at_Birth] Changing 'male | female' to 'other'
01/14/2025 11:50:26 AM Warning:: [Race] Changing 'Race' to 'other' and moving data to [Race Specify]
01/14/2025 11:50:26 AM Warning:: [Race] Changing 'Race' to 'other' and moving data to [Race Specify]
01/14/2025 11:50:26 AM Warning:: [Race] Changing 'Race' to 'other' and moving data to [Race Specify]
01/14/2025 11:50:26 AM Warning:: [Race] Changing 'Race' to 'other' and moving data to [Race Specify]
01/14/2025 11:50:26 AM Warning:: [Ethnicity] Changing list to other in ImmPort Templates
01/14/2025 11:50:26 AM Warning:: [Ethnicity] Changing list to other in ImmPort Templates
01/14/2025 11:50:26 AM Warning:: [Ethnicity] Changing list to other in ImmPort Templates
01/14/2025 11:50:26 AM Warning:: [Ethnicity] Changing list to other in ImmPort Templates
01/14/2025 11:52:32 AM 
PMID: 39339912 ####################
01/14/2025 11:52:47 AM 
PMID: 38566610 ####################
01/14/2025 01:11:41 PM 
PMID: 38580714 ####################
01/14/2025 01:11:41 PM WARNING:: [Sex_at_Birth] Changing 'male | female' to 'other'
01/14/2025 01:11:41 PM WARNING:: [Sex_at_Birth] Changing 'male | female' to 'other'
01/14/2025 01:11:41 PM WARNING:: [Sex_at_Birth] Changing 'male | female' to 'other'
01/14/2025 01:11:41 PM WARNING:: [Sex_at_Birth] Changing 'male | female' to 'other'
01/14/2025 01:11:41 PM Warning:: [Race] Changing 'Race' to 'other' and moving data to [Race Specify]
01/14/2025 01:11:41 PM Warning:: [Race] Changing 'Race' to 'other' and moving data to [Race Specify]
01/14/2025 01:11:41 PM Warning:: [Race] Changing 'Race' to 'other' and moving data to [Race Specify]
01/14/2025 01:11:41 PM Warning:: [Race] Changing 'Race' to 'other' and moving data to [Race Specify]
01/14/2025 01:11:41 PM Warning:: [Ethnicity] Changing list to other in ImmPort Templates
01/14/2025 01:11:41 PM Warning:: [Ethnicity] Changing list to other in ImmPort Templates
01/14/2025 01:11:41 PM Warning:: [Ethnicity] Changing list to other in ImmPort Templates
01/14/2025 01:11:41 PM Warning:: [Ethnicity] Changing list to other in ImmPort Templates
01/14/2025 01:42:38 PM 
PMID: 38566610 ####################
01/14/2025 01:42:38 PM WARNING:: [Sex_at_Birth] Changing 'male | female' to 'other'
01/14/2025 01:42:38 PM Warning:: [Race] Changing 'Race' to 'other' and moving data to [Race Specify]
01/14/2025 01:42:38 PM Warning:: [Ethnicity] Changing list to other in ImmPort Templates
01/14/2025 02:17:20 PM 
PMID: 38350990 ####################
01/14/2025 02:19:27 PM 
PMID: 38350990 ####################
01/14/2025 02:19:45 PM 
PMID: 38350990 ####################
01/14/2025 02:19:53 PM 
PMID: 38350990 ####################
01/14/2025 02:20:11 PM 
PMID: 38350990 ####################
01/14/2025 02:20:28 PM 
PMID: 38350990 ####################
01/14/2025 02:22:06 PM 
PMID: 38350990 ####################
01/14/2025 02:22:16 PM 
PMID: 38350990 ####################
01/14/2025 02:22:16 PM WARNING:: [Sex_at_Birth] Changing 'male | female' to 'other'
01/14/2025 02:22:16 PM WARNING:: [Sex_at_Birth] Changing 'male | female' to 'other'
01/14/2025 02:22:16 PM WARNING:: [Sex_at_Birth] Changing 'male | female' to 'other'
01/14/2025 02:22:16 PM Warning:: [Race] Changing 'Race' to 'other' and moving data to [Race Specify]
01/14/2025 02:22:16 PM Warning:: [Race] Changing 'Race' to 'other' and moving data to [Race Specify]
01/14/2025 02:22:16 PM Warning:: [Race] Changing 'Race' to 'other' and moving data to [Race Specify]
01/14/2025 02:22:16 PM Warning:: [Ethnicity] Changing list to other in ImmPort Templates
01/14/2025 02:22:16 PM Warning:: [Ethnicity] Changing list to other in ImmPort Templates
01/14/2025 02:22:16 PM Warning:: [Ethnicity] Changing list to other in ImmPort Templates
01/14/2025 02:22:22 PM INFO:: [User Change] Not Specified => Not Applicable
01/14/2025 02:24:28 PM 
PMID: 38350990 ####################
01/14/2025 02:24:28 PM WARNING:: [Sex_at_Birth] Changing 'male | female' to 'other'
01/14/2025 02:24:28 PM WARNING:: [Sex_at_Birth] Changing 'male | female' to 'other'
01/14/2025 02:24:28 PM WARNING:: [Sex_at_Birth] Changing 'male | female' to 'other'
01/14/2025 02:24:28 PM Warning:: [Race] Changing 'Race' to 'other' and moving data to [Race Specify]
01/14/2025 02:24:28 PM Warning:: [Race] Changing 'Race' to 'other' and moving data to [Race Specify]
01/14/2025 02:24:28 PM Warning:: [Race] Changing 'Race' to 'other' and moving data to [Race Specify]
01/14/2025 02:24:28 PM Warning:: [Ethnicity] Changing list to other in ImmPort Templates
01/14/2025 02:24:28 PM Warning:: [Ethnicity] Changing list to other in ImmPort Templates
01/14/2025 02:24:28 PM Warning:: [Ethnicity] Changing list to other in ImmPort Templates
01/14/2025 02:24:30 PM INFO:: [User Change] Not Specified => Not Applicable
01/14/2025 02:26:08 PM 
PMID: 38961063 ####################
01/14/2025 02:26:08 PM [planned visit]: PMID38961063_visit-04 has reached character limit (275 > 125)
01/14/2025 02:26:21 PM 
PMID: 38299308 ####################
01/14/2025 02:27:25 PM 
PMID: 38299308 ####################
01/14/2025 02:27:25 PM WARNING:: [Sex_at_Birth] Changing 'male | female' to 'other'
01/14/2025 02:27:25 PM WARNING:: [Sex_at_Birth] Changing 'male | female' to 'other'
01/14/2025 02:27:25 PM WARNING:: [Sex_at_Birth] Changing 'male | female' to 'other'
01/14/2025 02:27:25 PM WARNING:: [Sex_at_Birth] Changing 'male | female' to 'other'
01/14/2025 02:27:25 PM Warning:: [Race] Changing 'Race' to 'other' and moving data to [Race Specify]
01/14/2025 02:27:25 PM Warning:: [Race] Changing 'Race' to 'other' and moving data to [Race Specify]
01/14/2025 02:27:25 PM Warning:: [Race] Changing 'Race' to 'other' and moving data to [Race Specify]
01/14/2025 02:27:25 PM Warning:: [Race] Changing 'Race' to 'other' and moving data to [Race Specify]
01/14/2025 02:27:25 PM Warning:: [Ethnicity] Changing list to other in ImmPort Templates
01/14/2025 02:27:25 PM Warning:: [Ethnicity] Changing list to other in ImmPort Templates
01/14/2025 02:27:25 PM Warning:: [Ethnicity] Changing list to other in ImmPort Templates
01/14/2025 02:27:25 PM Warning:: [Ethnicity] Changing list to other in ImmPort Templates
01/14/2025 02:27:36 PM INFO:: [User Change] Not Specified => Not Applicable
01/14/2025 02:31:03 PM 
PMID: 39339912 ####################
01/14/2025 02:31:03 PM WARNING:: [Sex_at_Birth] Changing 'male | female' to 'other'
01/14/2025 02:31:03 PM Warning:: [Race] Changing 'Race' to 'other' and moving data to [Race Specify]
01/14/2025 02:31:03 PM Warning:: [Race] Changing 'Race' to 'other' and moving data to [Race Specify]
01/14/2025 02:31:03 PM Warning:: [Race] Changing 'Race' to 'other' and moving data to [Race Specify]
01/14/2025 02:31:03 PM Warning:: [Ethnicity] Changing list to other in ImmPort Templates
01/14/2025 02:31:03 PM Warning:: [Ethnicity] Changing list to other in ImmPort Templates
01/14/2025 02:31:03 PM Warning:: [Ethnicity] Changing list to other in ImmPort Templates
01/14/2025 02:32:18 PM 
PMID: 39339912 ####################
01/14/2025 02:32:18 PM WARNING:: [Sex_at_Birth] Changing 'male | female' to 'other'
01/14/2025 02:32:18 PM Warning:: [Race] Changing 'Race' to 'other' and moving data to [Race Specify]
01/14/2025 02:32:18 PM Warning:: [Race] Changing 'Race' to 'other' and moving data to [Race Specify]
01/14/2025 02:32:18 PM Warning:: [Race] Changing 'Race' to 'other' and moving data to [Race Specify]
01/14/2025 02:32:18 PM Warning:: [Ethnicity] Changing list to other in ImmPort Templates
01/14/2025 02:32:18 PM Warning:: [Ethnicity] Changing list to other in ImmPort Templates
01/14/2025 02:32:18 PM Warning:: [Ethnicity] Changing list to other in ImmPort Templates
01/14/2025 03:00:34 PM 
PMID: 38961063 ####################
