02/01/2023 09:19:11 AM 
PMID: 35092678
02/01/2023 09:19:11 AM WARNING:: [Sex_at_Birth] Changing 'male | female' to 'other'
02/01/2023 09:19:11 AM Warning:: [Race] Changing 'Race' to 'other' and moving data to [Race Specify]
02/01/2023 09:19:11 AM Warning:: [Ethnicity] Changing list to other in ImmPort Templates
02/01/2023 09:19:52 AM 
PMID: 35632708
02/01/2023 10:39:25 AM 
PMID: 35877413
02/01/2023 10:39:25 AM WARNING:: [Sex_at_Birth] Changing 'male | female' to 'other'
02/01/2023 10:39:25 AM WARNING:: [Sex_at_Birth] Changing 'male | female' to 'other'
02/01/2023 10:39:25 AM Warning:: [Race] Changing 'Race' to 'other' and moving data to [Race Specify]
02/01/2023 10:39:25 AM Warning:: [Race] Changing 'Race' to 'other' and moving data to [Race Specify]
02/01/2023 10:39:25 AM Warning:: [Ethnicity] Changing list to other in ImmPort Templates
02/01/2023 10:39:25 AM Warning:: [Ethnicity] Changing list to other in ImmPort Templates
02/01/2023 10:39:35 AM INFO:: [User Change] Survival => Moderate
02/01/2023 10:39:56 AM INFO:: [User Change] Intubation within 30 days => Severe
02/01/2023 10:40:08 AM INFO:: [User Change] Intubation or mortality within 30 days => Severe
02/01/2023 10:41:28 AM 
PMID: 35877413
02/01/2023 10:41:28 AM WARNING:: [Sex_at_Birth] Changing 'male | female' to 'other'
02/01/2023 10:41:28 AM WARNING:: [Sex_at_Birth] Changing 'male | female' to 'other'
02/01/2023 10:41:28 AM Warning:: [Race] Changing 'Race' to 'other' and moving data to [Race Specify]
02/01/2023 10:41:28 AM Warning:: [Race] Changing 'Race' to 'other' and moving data to [Race Specify]
02/01/2023 10:41:28 AM Warning:: [Ethnicity] Changing list to other in ImmPort Templates
02/01/2023 10:41:28 AM Warning:: [Ethnicity] Changing list to other in ImmPort Templates
02/01/2023 10:41:41 AM INFO:: [User Change] Survival => Unknown
02/01/2023 10:43:02 AM 
PMID: 35877413
02/01/2023 10:43:02 AM WARNING:: [Sex_at_Birth] Changing 'male | female' to 'other'
02/01/2023 10:43:02 AM WARNING:: [Sex_at_Birth] Changing 'male | female' to 'other'
02/01/2023 10:43:02 AM Warning:: [Race] Changing 'Race' to 'other' and moving data to [Race Specify]
02/01/2023 10:43:02 AM Warning:: [Race] Changing 'Race' to 'other' and moving data to [Race Specify]
02/01/2023 10:43:02 AM Warning:: [Ethnicity] Changing list to other in ImmPort Templates
02/01/2023 10:43:02 AM Warning:: [Ethnicity] Changing list to other in ImmPort Templates
02/01/2023 10:43:23 AM INFO:: [User Change] Survival => Moderate
02/01/2023 10:43:35 AM INFO:: [User Change] Intubation within 30 days => Unknown
02/01/2023 10:43:38 AM INFO:: [User Change] Intubation or mortality within 30 days => Severe
02/01/2023 10:45:25 AM 
PMID: 35877413
02/01/2023 10:45:25 AM WARNING:: [Sex_at_Birth] Changing 'male | female' to 'other'
02/01/2023 10:45:25 AM WARNING:: [Sex_at_Birth] Changing 'male | female' to 'other'
02/01/2023 10:45:25 AM Warning:: [Race] Changing 'Race' to 'other' and moving data to [Race Specify]
02/01/2023 10:45:25 AM Warning:: [Race] Changing 'Race' to 'other' and moving data to [Race Specify]
02/01/2023 10:45:25 AM Warning:: [Ethnicity] Changing list to other in ImmPort Templates
02/01/2023 10:45:25 AM Warning:: [Ethnicity] Changing list to other in ImmPort Templates
02/01/2023 10:45:34 AM INFO:: [User Change] Survival => Mild
02/01/2023 10:45:37 AM INFO:: [User Change] Intubation within 30 days => Asymptomatic
02/01/2023 10:45:38 AM INFO:: [User Change] Intubation or mortality within 30 days => Moderate
