10/16/2023 12:09:29 PM 
PMID: 34664987
10/16/2023 12:09:29 PM Warning:: [Race] Changing 'Race' to 'other' and moving data to [Race Specify]
10/16/2023 12:09:29 PM Warning:: [Race] Changing 'Race' to 'other' and moving data to [Race Specify]
10/16/2023 12:09:29 PM Warning:: [Race] Changing 'Race' to 'other' and moving data to [Race Specify]
10/16/2023 12:09:29 PM Warning:: [Race] Changing 'Race' to 'other' and moving data to [Race Specify]
10/16/2023 12:09:29 PM Warning:: [Ethnicity] Changing list to other in ImmPort Templates
10/16/2023 12:09:29 PM Warning:: [Ethnicity] Changing list to other in ImmPort Templates
10/16/2023 12:09:29 PM Warning:: [Ethnicity] Changing list to other in ImmPort Templates
10/16/2023 12:09:29 PM Warning:: [Ethnicity] Changing list to other in ImmPort Templates
10/16/2023 12:09:29 PM Error:: [planned visit] Same order number used more than once
10/16/2023 01:48:43 PM 
PMID: 35233550
10/16/2023 01:48:43 PM WARNING:: [Sex_at_Birth] Changing 'male | female' to 'other'
10/16/2023 01:48:43 PM WARNING:: [Sex_at_Birth] Changing 'male | female' to 'other'
10/16/2023 01:48:43 PM WARNING:: [Sex_at_Birth] Changing 'male | female' to 'other'
10/16/2023 01:48:43 PM WARNING:: [Sex_at_Birth] Changing 'male | female' to 'other'
10/16/2023 01:48:43 PM Warning:: [Race] Changing 'Race' to 'other' and moving data to [Race Specify]
10/16/2023 01:48:43 PM Warning:: [Race] Changing 'Race' to 'other' and moving data to [Race Specify]
10/16/2023 01:48:43 PM Warning:: [Race] Changing 'Race' to 'other' and moving data to [Race Specify]
10/16/2023 01:48:43 PM Warning:: [Race] Changing 'Race' to 'other' and moving data to [Race Specify]
10/16/2023 01:48:43 PM Warning:: [Ethnicity] Changing list to other in ImmPort Templates
10/16/2023 01:48:43 PM Warning:: [Ethnicity] Changing list to other in ImmPort Templates
10/16/2023 01:48:43 PM Warning:: [Ethnicity] Changing list to other in ImmPort Templates
10/16/2023 01:48:43 PM Warning:: [Ethnicity] Changing list to other in ImmPort Templates
10/16/2023 01:50:25 PM 
PMID: 35233550
10/16/2023 01:50:25 PM WARNING:: [Sex_at_Birth] Changing 'male | female' to 'other'
10/16/2023 01:50:25 PM WARNING:: [Sex_at_Birth] Changing 'male | female' to 'other'
10/16/2023 01:50:25 PM WARNING:: [Sex_at_Birth] Changing 'male | female' to 'other'
10/16/2023 01:50:25 PM WARNING:: [Sex_at_Birth] Changing 'male | female' to 'other'
10/16/2023 01:50:25 PM Warning:: [Race] Changing 'Race' to 'other' and moving data to [Race Specify]
10/16/2023 01:50:25 PM Warning:: [Race] Changing 'Race' to 'other' and moving data to [Race Specify]
10/16/2023 01:50:25 PM Warning:: [Race] Changing 'Race' to 'other' and moving data to [Race Specify]
10/16/2023 01:50:25 PM Warning:: [Race] Changing 'Race' to 'other' and moving data to [Race Specify]
10/16/2023 01:50:25 PM Warning:: [Ethnicity] Changing list to other in ImmPort Templates
10/16/2023 01:50:25 PM Warning:: [Ethnicity] Changing list to other in ImmPort Templates
10/16/2023 01:50:25 PM Warning:: [Ethnicity] Changing list to other in ImmPort Templates
10/16/2023 01:50:25 PM Warning:: [Ethnicity] Changing list to other in ImmPort Templates
10/16/2023 01:51:06 PM 
PMID: 35798000
10/16/2023 01:51:06 PM WARNING:: [Sex_at_Birth] Changing 'male | female' to 'other'
10/16/2023 01:51:06 PM WARNING:: [Sex_at_Birth] Changing 'male | female' to 'other'
10/16/2023 01:51:06 PM WARNING:: [Sex_at_Birth] Changing 'male | female' to 'other'
10/16/2023 01:51:06 PM WARNING:: [Sex_at_Birth] Changing 'male | female' to 'other'
10/16/2023 01:51:06 PM WARNING:: [Sex_at_Birth] Changing 'male | female' to 'other'
10/16/2023 01:51:06 PM WARNING:: [Sex_at_Birth] Changing 'male | female' to 'other'
10/16/2023 01:51:06 PM Warning:: [Race] Changing 'Race' to 'other' and moving data to [Race Specify]
10/16/2023 01:51:06 PM Warning:: [Race] Changing 'Race' to 'other' and moving data to [Race Specify]
10/16/2023 01:51:06 PM Warning:: [Race] Changing 'Race' to 'other' and moving data to [Race Specify]
10/16/2023 01:51:06 PM Warning:: [Race] Changing 'Race' to 'other' and moving data to [Race Specify]
10/16/2023 01:51:06 PM Warning:: [Race] Changing 'Race' to 'other' and moving data to [Race Specify]
10/16/2023 01:51:06 PM Warning:: [Race] Changing 'Race' to 'other' and moving data to [Race Specify]
10/16/2023 01:51:06 PM Warning:: [Ethnicity] Changing list to other in ImmPort Templates
10/16/2023 01:51:06 PM Warning:: [Ethnicity] Changing list to other in ImmPort Templates
10/16/2023 01:51:06 PM Warning:: [Ethnicity] Changing list to other in ImmPort Templates
10/16/2023 01:51:06 PM Warning:: [Ethnicity] Changing list to other in ImmPort Templates
10/16/2023 01:51:06 PM Warning:: [Ethnicity] Changing list to other in ImmPort Templates
10/16/2023 01:51:06 PM Warning:: [Ethnicity] Changing list to other in ImmPort Templates
10/16/2023 01:51:20 PM INFO:: [User Change] Covid-19 => COVID-19
10/16/2023 01:51:27 PM INFO:: [User Change] Pfizer-BioNTech => Pfizer-BioNTech SARS-CoV-2 vaccine
10/16/2023 01:51:30 PM INFO:: [User Change] Moderna => Moderna SARS-CoV-2 vaccine
10/16/2023 01:51:30 PM INFO:: [Fuzzy] Closest Match Found. Changing Johnson & Johnson => Johnson & Johnson SARS-CoV-2 vaccine
10/16/2023 01:51:30 PM [INFO]:: [Fuzzy] Moderna COVID-19 vaccine ; VO:0005157 => Moderna COVID-19 vaccine; VO:0005157 : score 99
10/16/2023 01:51:30 PM [INFO]:: [Fuzzy] Pfizer BioNTech COVID-19 vaccine ; VO:0004987 => Pfizer BioNTech COVID-19 vaccine; VO:0004987 : score 99
10/16/2023 01:51:30 PM [INFO]:: [Fuzzy] Pfizer BioNTech COVID-19 vaccine ; VO:0004987 => Pfizer BioNTech COVID-19 vaccine; VO:0004987 : score 99
10/16/2023 01:51:30 PM [INFO]:: [Fuzzy] Pfizer BioNTech COVID-19 vaccine ; VO:0004987 => Pfizer BioNTech COVID-19 vaccine; VO:0004987 : score 99
10/16/2023 01:51:30 PM [INFO]:: [Fuzzy] Moderna COVID-19 vaccine ; VO:0005157 => Moderna COVID-19 vaccine; VO:0005157 : score 99
10/16/2023 01:51:49 PM 
PMID: 35666264
10/16/2023 01:52:17 PM 
PMID: 36044897
10/16/2023 02:03:24 PM 
PMID: 36454813
10/16/2023 02:03:51 PM 
PMID: 35590141
10/16/2023 02:03:51 PM WARNING:: [Sex_at_Birth] Changing 'male | female' to 'other'
10/16/2023 02:03:51 PM Warning:: [Race] Changing 'Race' to 'other' and moving data to [Race Specify]
10/16/2023 02:03:51 PM Warning:: [Ethnicity] Changing list to other in ImmPort Templates
10/16/2023 02:51:47 PM 
PMID: 35666264
10/16/2023 02:52:51 PM 
PMID: 35666264
10/16/2023 03:05:11 PM 
PMID: 34664987
10/16/2023 03:05:11 PM Warning:: [Race] Changing 'Race' to 'other' and moving data to [Race Specify]
10/16/2023 03:05:11 PM Warning:: [Race] Changing 'Race' to 'other' and moving data to [Race Specify]
10/16/2023 03:05:11 PM Warning:: [Race] Changing 'Race' to 'other' and moving data to [Race Specify]
10/16/2023 03:05:11 PM Warning:: [Race] Changing 'Race' to 'other' and moving data to [Race Specify]
10/16/2023 03:05:11 PM Warning:: [Ethnicity] Changing list to other in ImmPort Templates
10/16/2023 03:05:11 PM Warning:: [Ethnicity] Changing list to other in ImmPort Templates
10/16/2023 03:05:11 PM Warning:: [Ethnicity] Changing list to other in ImmPort Templates
10/16/2023 03:05:11 PM Warning:: [Ethnicity] Changing list to other in ImmPort Templates
10/16/2023 03:05:30 PM INFO:: [User Change] Not Specified => Not Applicable
10/16/2023 03:05:30 PM [INFO]:: [Fuzzy] SARS-CoV-3 => SARS-CoV-1 : score 90
10/16/2023 03:12:57 PM 
PMID: 36454813
10/16/2023 03:13:08 PM INFO:: [Fuzzy] Closest Match Found. Changing Nasal Swab => Nasal Swab or Nose Specimen
10/16/2023 03:13:09 PM INFO:: [Fuzzy] Closest Match Found. Changing Nasal Swab => Nasal Swab or Nose Specimen
10/16/2023 03:19:46 PM 
PMID: 34664987
10/16/2023 03:19:46 PM Warning:: [Race] Changing 'Race' to 'other' and moving data to [Race Specify]
10/16/2023 03:19:46 PM Warning:: [Race] Changing 'Race' to 'other' and moving data to [Race Specify]
10/16/2023 03:19:46 PM Warning:: [Race] Changing 'Race' to 'other' and moving data to [Race Specify]
10/16/2023 03:19:46 PM Warning:: [Race] Changing 'Race' to 'other' and moving data to [Race Specify]
10/16/2023 03:19:46 PM Warning:: [Ethnicity] Changing list to other in ImmPort Templates
10/16/2023 03:19:46 PM Warning:: [Ethnicity] Changing list to other in ImmPort Templates
10/16/2023 03:19:46 PM Warning:: [Ethnicity] Changing list to other in ImmPort Templates
10/16/2023 03:19:46 PM Warning:: [Ethnicity] Changing list to other in ImmPort Templates
10/16/2023 03:19:49 PM INFO:: [User Change] Not Specified => Not Applicable
10/16/2023 03:19:49 PM [INFO]:: [Fuzzy] SARS-CoV-3 => SARS-CoV-1 : score 90
10/16/2023 03:20:46 PM 
PMID: 34664987
10/16/2023 03:20:46 PM Warning:: [Race] Changing 'Race' to 'other' and moving data to [Race Specify]
10/16/2023 03:20:46 PM Warning:: [Race] Changing 'Race' to 'other' and moving data to [Race Specify]
10/16/2023 03:20:46 PM Warning:: [Race] Changing 'Race' to 'other' and moving data to [Race Specify]
10/16/2023 03:20:46 PM Warning:: [Race] Changing 'Race' to 'other' and moving data to [Race Specify]
10/16/2023 03:20:46 PM Warning:: [Ethnicity] Changing list to other in ImmPort Templates
10/16/2023 03:20:46 PM Warning:: [Ethnicity] Changing list to other in ImmPort Templates
10/16/2023 03:20:46 PM Warning:: [Ethnicity] Changing list to other in ImmPort Templates
10/16/2023 03:20:46 PM Warning:: [Ethnicity] Changing list to other in ImmPort Templates
10/16/2023 03:20:48 PM INFO:: [User Change] Not Specified => Not Applicable
10/16/2023 03:20:57 PM 
PMID: 36454813
10/16/2023 03:20:58 PM INFO:: [Fuzzy] Closest Match Found. Changing Nasal Swab => Nasal Swab or Nose Specimen
10/16/2023 03:20:58 PM INFO:: [Fuzzy] Closest Match Found. Changing Nasal Swab => Nasal Swab or Nose Specimen
10/16/2023 03:21:16 PM 
PMID: 36044897
10/16/2023 03:26:17 PM 
PMID: 36044897
10/16/2023 03:27:40 PM 
PMID: 36044897
10/16/2023 03:32:02 PM 
PMID: 35666264
10/16/2023 03:33:48 PM 
PMID: 35666264
10/16/2023 03:35:27 PM 
PMID: 36044897
10/16/2023 03:40:57 PM 
PMID: 36044897
10/16/2023 03:41:35 PM 
PMID: 36044897
10/16/2023 04:03:02 PM 
PMID: 36044897
10/16/2023 04:04:15 PM 
PMID: 36044897
10/16/2023 04:04:26 PM INFO:: [Fuzzy] Closest Match Found. Changing SARS-CoV-2 Epsilon; B.1.427 => SARS-CoV-2 Epsilon; B.1.427 / B.1.429
10/16/2023 04:04:26 PM INFO:: [Fuzzy] Closest Match Found. Changing B.1.429 => SARS-CoV-2 Epsilon; B.1.427 / B.1.429
10/16/2023 04:04:26 PM [INFO]:: [Fuzzy] SARS-CoV-2 WA1/2020 (D614 variant) => SARS-CoV-2 WA1/2020 (D614G variant) : score 99
10/16/2023 04:59:47 PM 
PMID: 35233550
10/16/2023 04:59:47 PM WARNING:: [Sex_at_Birth] Changing 'male | female' to 'other'
10/16/2023 04:59:47 PM WARNING:: [Sex_at_Birth] Changing 'male | female' to 'other'
10/16/2023 04:59:47 PM WARNING:: [Sex_at_Birth] Changing 'male | female' to 'other'
10/16/2023 04:59:47 PM WARNING:: [Sex_at_Birth] Changing 'male | female' to 'other'
10/16/2023 04:59:47 PM Warning:: [Race] Changing 'Race' to 'other' and moving data to [Race Specify]
10/16/2023 04:59:47 PM Warning:: [Race] Changing 'Race' to 'other' and moving data to [Race Specify]
10/16/2023 04:59:47 PM Warning:: [Race] Changing 'Race' to 'other' and moving data to [Race Specify]
10/16/2023 04:59:47 PM Warning:: [Race] Changing 'Race' to 'other' and moving data to [Race Specify]
10/16/2023 04:59:47 PM Warning:: [Ethnicity] Changing list to other in ImmPort Templates
10/16/2023 04:59:47 PM Warning:: [Ethnicity] Changing list to other in ImmPort Templates
10/16/2023 04:59:47 PM Warning:: [Ethnicity] Changing list to other in ImmPort Templates
10/16/2023 04:59:47 PM Warning:: [Ethnicity] Changing list to other in ImmPort Templates
10/16/2023 05:02:15 PM 
PMID: 35798000
10/16/2023 05:02:15 PM WARNING:: [Sex_at_Birth] Changing 'male | female' to 'other'
10/16/2023 05:02:15 PM WARNING:: [Sex_at_Birth] Changing 'male | female' to 'other'
10/16/2023 05:02:15 PM WARNING:: [Sex_at_Birth] Changing 'male | female' to 'other'
10/16/2023 05:02:15 PM WARNING:: [Sex_at_Birth] Changing 'male | female' to 'other'
10/16/2023 05:02:15 PM WARNING:: [Sex_at_Birth] Changing 'male | female' to 'other'
10/16/2023 05:02:15 PM WARNING:: [Sex_at_Birth] Changing 'male | female' to 'other'
10/16/2023 05:02:15 PM Warning:: [Race] Changing 'Race' to 'other' and moving data to [Race Specify]
10/16/2023 05:02:15 PM Warning:: [Race] Changing 'Race' to 'other' and moving data to [Race Specify]
10/16/2023 05:02:15 PM Warning:: [Race] Changing 'Race' to 'other' and moving data to [Race Specify]
10/16/2023 05:02:15 PM Warning:: [Race] Changing 'Race' to 'other' and moving data to [Race Specify]
10/16/2023 05:02:15 PM Warning:: [Race] Changing 'Race' to 'other' and moving data to [Race Specify]
10/16/2023 05:02:15 PM Warning:: [Race] Changing 'Race' to 'other' and moving data to [Race Specify]
10/16/2023 05:02:15 PM Warning:: [Ethnicity] Changing list to other in ImmPort Templates
10/16/2023 05:02:15 PM Warning:: [Ethnicity] Changing list to other in ImmPort Templates
10/16/2023 05:02:15 PM Warning:: [Ethnicity] Changing list to other in ImmPort Templates
10/16/2023 05:02:15 PM Warning:: [Ethnicity] Changing list to other in ImmPort Templates
10/16/2023 05:02:15 PM Warning:: [Ethnicity] Changing list to other in ImmPort Templates
10/16/2023 05:02:15 PM Warning:: [Ethnicity] Changing list to other in ImmPort Templates
10/16/2023 05:02:18 PM INFO:: [User Change] Covid-19 => COVID-19
10/16/2023 05:02:24 PM INFO:: [User Change] Pfizer-BioNTech => Pfizer-BioNTech SARS-CoV-2 vaccine
10/16/2023 05:02:26 PM INFO:: [User Change] Moderna => Moderna SARS-CoV-2 vaccine
10/16/2023 05:02:26 PM INFO:: [Fuzzy] Closest Match Found. Changing Johnson & Johnson => Johnson & Johnson SARS-CoV-2 vaccine
10/16/2023 05:02:26 PM [INFO]:: [Fuzzy] Moderna COVID-19 vaccine ; VO:0005157 => Moderna COVID-19 vaccine; VO:0005157 : score 99
10/16/2023 05:02:26 PM [INFO]:: [Fuzzy] Pfizer BioNTech COVID-19 vaccine ; VO:0004987 => Pfizer BioNTech COVID-19 vaccine; VO:0004987 : score 99
10/16/2023 05:02:26 PM [INFO]:: [Fuzzy] Pfizer BioNTech COVID-19 vaccine ; VO:0004987 => Pfizer BioNTech COVID-19 vaccine; VO:0004987 : score 99
10/16/2023 05:02:26 PM [INFO]:: [Fuzzy] Pfizer BioNTech COVID-19 vaccine ; VO:0004987 => Pfizer BioNTech COVID-19 vaccine; VO:0004987 : score 99
10/16/2023 05:02:26 PM [INFO]:: [Fuzzy] Moderna COVID-19 vaccine ; VO:0005157 => Moderna COVID-19 vaccine; VO:0005157 : score 99
