05/02/2023 10:39:23 AM 
PMID: 36069925
05/02/2023 10:39:23 AM WARNING:: [Sex_at_Birth] Changing 'male | female' to 'other'
05/02/2023 10:39:23 AM WARNING:: [Sex_at_Birth] Changing 'male | female' to 'other'
05/02/2023 10:39:23 AM WARNING:: [Sex_at_Birth] Changing 'male | female' to 'other'
05/02/2023 10:39:23 AM Warning:: [Race] Changing 'Race' to 'other' and moving data to [Race Specify]
05/02/2023 10:39:23 AM Warning:: [Race] Changing 'Race' to 'other' and moving data to [Race Specify]
05/02/2023 10:39:23 AM Warning:: [Race] Changing 'Race' to 'other' and moving data to [Race Specify]
05/02/2023 10:39:23 AM Warning:: [Ethnicity] Changing list to other in ImmPort Templates
05/02/2023 10:39:23 AM Warning:: [Ethnicity] Changing list to other in ImmPort Templates
05/02/2023 10:39:23 AM Warning:: [Ethnicity] Changing list to other in ImmPort Templates
05/02/2023 10:39:24 AM [INFO]:: [Fuzzy] ​JSON Summary Description => JSON Summary Description : score 94
05/02/2023 10:39:32 AM 
PMID: 34607452
05/02/2023 10:39:32 AM WARNING:: [Sex_at_Birth] Changing 'male | female' to 'other'
05/02/2023 10:39:32 AM WARNING:: [Sex_at_Birth] Changing 'male | female' to 'other'
05/02/2023 10:39:32 AM WARNING:: [Sex_at_Birth] Changing 'male | female' to 'other'
05/02/2023 10:39:32 AM Warning:: [Race] Changing 'Race' to 'other' and moving data to [Race Specify]
05/02/2023 10:39:32 AM Warning:: [Race] Changing 'Race' to 'other' and moving data to [Race Specify]
05/02/2023 10:39:32 AM Warning:: [Race] Changing 'Race' to 'other' and moving data to [Race Specify]
05/02/2023 10:39:32 AM Warning:: [Ethnicity] Changing list to other in ImmPort Templates
05/02/2023 10:39:32 AM Warning:: [Ethnicity] Changing list to other in ImmPort Templates
05/02/2023 10:39:32 AM Warning:: [Ethnicity] Changing list to other in ImmPort Templates
05/02/2023 10:39:33 AM [INFO]:: [Fuzzy] ​JSON Summary Description => JSON Summary Description : score 94
05/02/2023 10:39:44 AM 
PMID: 35380510
05/02/2023 10:39:44 AM WARNING:: [Sex_at_Birth] Changing 'male | female' to 'other'
05/02/2023 10:39:44 AM Warning:: [Race] Changing 'Race' to 'other' and moving data to [Race Specify]
05/02/2023 10:39:44 AM Warning:: [Ethnicity] Changing list to other in ImmPort Templates
05/02/2023 10:39:47 AM [INFO]:: [Fuzzy] ​JSON Summary Description => JSON Summary Description : score 94
05/02/2023 10:39:56 AM INFO:: [User Change] Other => No Research Focus Specified
05/02/2023 10:39:58 AM INFO:: [User Change] Covid-19 => COVID-19
05/02/2023 10:40:06 AM 
PMID: 34644239
05/02/2023 10:40:06 AM WARNING:: [Sex_at_Birth] Changing 'male | female' to 'other'
05/02/2023 10:40:06 AM Warning:: [Race] Changing 'Race' to 'other' and moving data to [Race Specify]
05/02/2023 10:40:06 AM Warning:: [Ethnicity] Changing list to other in ImmPort Templates
05/02/2023 10:40:07 AM [INFO]:: [Fuzzy] ​JSON Summary Description => JSON Summary Description : score 94
05/02/2023 10:40:15 AM INFO:: [User Change] Other => No Research Focus Specified
05/02/2023 10:40:27 AM 
PMID: 35335012
05/02/2023 10:40:27 AM WARNING:: [Sex_at_Birth] Changing 'male | female' to 'other'
05/02/2023 10:40:27 AM Warning:: [Race] Changing 'Race' to 'other' and moving data to [Race Specify]
05/02/2023 10:40:27 AM Warning:: [Ethnicity] Changing list to other in ImmPort Templates
05/02/2023 10:40:30 AM [INFO]:: [Fuzzy] ​JSON Summary Description => JSON Summary Description : score 94
05/02/2023 10:40:32 AM INFO:: [User Change] Other => No Research Focus Specified
05/02/2023 10:40:34 AM INFO:: [User Change] Covid-19 => COVID-19
05/02/2023 10:40:44 AM 
PMID: 35055463
05/02/2023 10:40:44 AM WARNING:: [Sex_at_Birth] Changing 'male | female' to 'other'
05/02/2023 10:40:44 AM Warning:: [Race] Changing 'Race' to 'other' and moving data to [Race Specify]
05/02/2023 10:40:44 AM Warning:: [Ethnicity] Changing list to other in ImmPort Templates
05/02/2023 10:40:47 AM [INFO]:: [Fuzzy] ​JSON Summary Description => JSON Summary Description : score 94
05/02/2023 10:40:50 AM INFO:: [User Change] Other => No Research Focus Specified
05/02/2023 11:13:11 AM 
PMID: 35380510
05/02/2023 11:13:11 AM WARNING:: [Sex_at_Birth] Changing 'male | female' to 'other'
05/02/2023 11:13:11 AM Warning:: [Race] Changing 'Race' to 'other' and moving data to [Race Specify]
05/02/2023 11:13:11 AM Warning:: [Ethnicity] Changing list to other in ImmPort Templates
05/02/2023 11:13:11 AM [INFO]:: [Fuzzy] ​JSON Summary Description => JSON Summary Description : score 94
05/02/2023 11:13:14 AM INFO:: [User Change] Other => No Research Focus Specified
05/02/2023 11:13:21 AM 
PMID: 35335012
05/02/2023 11:13:21 AM WARNING:: [Sex_at_Birth] Changing 'male | female' to 'other'
05/02/2023 11:13:21 AM Warning:: [Race] Changing 'Race' to 'other' and moving data to [Race Specify]
05/02/2023 11:13:21 AM Warning:: [Ethnicity] Changing list to other in ImmPort Templates
05/02/2023 11:13:22 AM [INFO]:: [Fuzzy] ​JSON Summary Description => JSON Summary Description : score 94
05/02/2023 11:13:24 AM INFO:: [User Change] Other => No Research Focus Specified
05/02/2023 11:22:23 AM 
PMID: 35857583
05/02/2023 11:22:23 AM WARNING:: [Sex_at_Birth] Changing 'male | female' to 'other'
05/02/2023 11:22:23 AM WARNING:: [Sex_at_Birth] Changing 'male | female' to 'other'
05/02/2023 11:22:23 AM WARNING:: [Sex_at_Birth] Changing 'male | female' to 'other'
05/02/2023 11:22:23 AM Warning:: [Race] Changing 'Race' to 'other' and moving data to [Race Specify]
05/02/2023 11:22:23 AM Warning:: [Race] Changing 'Race' to 'other' and moving data to [Race Specify]
05/02/2023 11:22:23 AM Warning:: [Race] Changing 'Race' to 'other' and moving data to [Race Specify]
05/02/2023 11:22:23 AM Warning:: [Ethnicity] Changing list to other in ImmPort Templates
05/02/2023 11:22:23 AM Warning:: [Ethnicity] Changing list to other in ImmPort Templates
05/02/2023 11:22:23 AM Warning:: [Ethnicity] Changing list to other in ImmPort Templates
05/02/2023 11:22:58 AM 
PMID: 35857583
05/02/2023 11:22:58 AM WARNING:: [Sex_at_Birth] Changing 'male | female' to 'other'
05/02/2023 11:22:58 AM WARNING:: [Sex_at_Birth] Changing 'male | female' to 'other'
05/02/2023 11:22:58 AM WARNING:: [Sex_at_Birth] Changing 'male | female' to 'other'
05/02/2023 11:22:58 AM Warning:: [Race] Changing 'Race' to 'other' and moving data to [Race Specify]
05/02/2023 11:22:58 AM Warning:: [Race] Changing 'Race' to 'other' and moving data to [Race Specify]
05/02/2023 11:22:58 AM Warning:: [Race] Changing 'Race' to 'other' and moving data to [Race Specify]
05/02/2023 11:22:58 AM Warning:: [Ethnicity] Changing list to other in ImmPort Templates
05/02/2023 11:22:58 AM Warning:: [Ethnicity] Changing list to other in ImmPort Templates
05/02/2023 11:22:58 AM Warning:: [Ethnicity] Changing list to other in ImmPort Templates
05/02/2023 11:22:59 AM [INFO]:: [Fuzzy] ​JSON Summary Description => JSON Summary Description : score 94
05/02/2023 11:26:43 AM 
PMID: 36069925
05/02/2023 11:26:43 AM WARNING:: [Sex_at_Birth] Changing 'male | female' to 'other'
05/02/2023 11:26:43 AM WARNING:: [Sex_at_Birth] Changing 'male | female' to 'other'
05/02/2023 11:26:43 AM WARNING:: [Sex_at_Birth] Changing 'male | female' to 'other'
05/02/2023 11:26:43 AM Warning:: [Race] Changing 'Race' to 'other' and moving data to [Race Specify]
05/02/2023 11:26:43 AM Warning:: [Race] Changing 'Race' to 'other' and moving data to [Race Specify]
05/02/2023 11:26:43 AM Warning:: [Race] Changing 'Race' to 'other' and moving data to [Race Specify]
05/02/2023 11:26:43 AM Warning:: [Ethnicity] Changing list to other in ImmPort Templates
05/02/2023 11:26:43 AM Warning:: [Ethnicity] Changing list to other in ImmPort Templates
05/02/2023 11:26:43 AM Warning:: [Ethnicity] Changing list to other in ImmPort Templates
05/02/2023 11:26:44 AM [INFO]:: [Fuzzy] ​JSON Summary Description => JSON Summary Description : score 94
05/02/2023 11:28:18 AM 
PMID: 34607452
05/02/2023 11:28:18 AM WARNING:: [Sex_at_Birth] Changing 'male | female' to 'other'
05/02/2023 11:28:18 AM WARNING:: [Sex_at_Birth] Changing 'male | female' to 'other'
05/02/2023 11:28:18 AM WARNING:: [Sex_at_Birth] Changing 'male | female' to 'other'
05/02/2023 11:28:18 AM Warning:: [Race] Changing 'Race' to 'other' and moving data to [Race Specify]
05/02/2023 11:28:18 AM Warning:: [Race] Changing 'Race' to 'other' and moving data to [Race Specify]
05/02/2023 11:28:18 AM Warning:: [Race] Changing 'Race' to 'other' and moving data to [Race Specify]
05/02/2023 11:28:18 AM Warning:: [Ethnicity] Changing list to other in ImmPort Templates
05/02/2023 11:28:18 AM Warning:: [Ethnicity] Changing list to other in ImmPort Templates
05/02/2023 11:28:18 AM Warning:: [Ethnicity] Changing list to other in ImmPort Templates
05/02/2023 11:28:19 AM [INFO]:: [Fuzzy] ​JSON Summary Description => JSON Summary Description : score 94
