05/08/2024 12:52:37 AM 
PMID: 36889306
05/08/2024 12:52:37 AM WARNING:: [Sex_at_Birth] Changing 'male | female' to 'other'
05/08/2024 12:52:37 AM WARNING:: [Sex_at_Birth] Changing 'male | female' to 'other'
05/08/2024 12:52:37 AM WARNING:: [Sex_at_Birth] Changing 'male | female' to 'other'
05/08/2024 12:52:37 AM WARNING:: [Sex_at_Birth] Changing 'male | female' to 'other'
05/08/2024 12:52:37 AM Warning:: [Race] Changing 'Race' to 'other' and moving data to [Race Specify]
05/08/2024 12:52:37 AM Warning:: [Race] Changing 'Race' to 'other' and moving data to [Race Specify]
05/08/2024 12:52:37 AM Warning:: [Race] Changing 'Race' to 'other' and moving data to [Race Specify]
05/08/2024 12:52:37 AM Warning:: [Race] Changing 'Race' to 'other' and moving data to [Race Specify]
05/08/2024 12:52:37 AM Warning:: [Ethnicity] Changing list to other in ImmPort Templates
05/08/2024 12:52:37 AM Warning:: [Ethnicity] Changing list to other in ImmPort Templates
05/08/2024 12:52:37 AM Warning:: [Ethnicity] Changing list to other in ImmPort Templates
05/08/2024 12:52:37 AM Warning:: [Ethnicity] Changing list to other in ImmPort Templates
05/08/2024 12:53:38 AM 
PMID: 36889306
05/08/2024 12:53:38 AM WARNING:: [Sex_at_Birth] Changing 'male | female' to 'other'
05/08/2024 12:53:38 AM WARNING:: [Sex_at_Birth] Changing 'male | female' to 'other'
05/08/2024 12:53:38 AM WARNING:: [Sex_at_Birth] Changing 'male | female' to 'other'
05/08/2024 12:53:38 AM WARNING:: [Sex_at_Birth] Changing 'male | female' to 'other'
05/08/2024 12:53:38 AM Warning:: [Race] Changing 'Race' to 'other' and moving data to [Race Specify]
05/08/2024 12:53:38 AM Warning:: [Race] Changing 'Race' to 'other' and moving data to [Race Specify]
05/08/2024 12:53:38 AM Warning:: [Race] Changing 'Race' to 'other' and moving data to [Race Specify]
05/08/2024 12:53:38 AM Warning:: [Race] Changing 'Race' to 'other' and moving data to [Race Specify]
05/08/2024 12:53:38 AM Warning:: [Ethnicity] Changing list to other in ImmPort Templates
05/08/2024 12:53:38 AM Warning:: [Ethnicity] Changing list to other in ImmPort Templates
05/08/2024 12:53:38 AM Warning:: [Ethnicity] Changing list to other in ImmPort Templates
05/08/2024 12:53:38 AM Warning:: [Ethnicity] Changing list to other in ImmPort Templates
05/08/2024 12:53:58 AM 
PMID: 34605900
05/08/2024 12:53:58 AM WARNING:: [Sex_at_Birth] Changing 'male | female' to 'other'
05/08/2024 12:53:58 AM WARNING:: [Sex_at_Birth] Changing 'male | female' to 'other'
05/08/2024 12:53:58 AM WARNING:: [Sex_at_Birth] Changing 'male | female' to 'other'
05/08/2024 12:53:58 AM Warning:: [Race] Changing 'Race' to 'other' and moving data to [Race Specify]
05/08/2024 12:53:58 AM Warning:: [Race] Changing 'Race' to 'other' and moving data to [Race Specify]
05/08/2024 12:53:58 AM Warning:: [Race] Changing 'Race' to 'other' and moving data to [Race Specify]
05/08/2024 12:53:58 AM Warning:: [Ethnicity] Changing list to other in ImmPort Templates
05/08/2024 12:53:58 AM Warning:: [Ethnicity] Changing list to other in ImmPort Templates
05/08/2024 12:53:58 AM Warning:: [Ethnicity] Changing list to other in ImmPort Templates
05/08/2024 12:54:07 AM INFO:: [User Change] Not Specified => Not Applicable
05/08/2024 12:56:21 PM 
PMID: 36975207
05/08/2024 12:56:21 PM WARNING:: [Sex_at_Birth] Changing 'male | female' to 'other'
05/08/2024 12:56:21 PM Warning:: [Race] Changing 'Race' to 'other' and moving data to [Race Specify]
05/08/2024 12:56:21 PM Warning:: [Ethnicity] Changing list to other in ImmPort Templates
05/08/2024 01:01:15 PM 
PMID: 34096051
05/08/2024 01:01:15 PM Warning:: [Race] Changing 'Race' to 'other' and moving data to [Race Specify]
05/08/2024 01:01:15 PM Warning:: [Race] Changing 'Race' to 'other' and moving data to [Race Specify]
05/08/2024 01:01:15 PM Warning:: [Ethnicity] Changing list to other in ImmPort Templates
05/08/2024 01:01:15 PM Warning:: [Ethnicity] Changing list to other in ImmPort Templates
05/08/2024 01:01:15 PM Error:: [planned visit] Same order number used more than once
05/08/2024 01:01:39 PM 
PMID: 35976000
05/08/2024 01:01:39 PM WARNING:: [Sex_at_Birth] Changing 'male | female' to 'other'
05/08/2024 01:01:39 PM WARNING:: [Sex_at_Birth] Changing 'male | female' to 'other'
05/08/2024 01:01:39 PM Warning:: [Race] Changing 'Race' to 'other' and moving data to [Race Specify]
05/08/2024 01:01:39 PM Warning:: [Race] Changing 'Race' to 'other' and moving data to [Race Specify]
05/08/2024 01:01:39 PM Warning:: [Ethnicity] Changing list to other in ImmPort Templates
05/08/2024 01:01:39 PM Warning:: [Ethnicity] Changing list to other in ImmPort Templates
05/08/2024 01:01:44 PM INFO:: [Fuzzy] Closest Match Found. Changing HCoVs - Seasonal (OC43 => HCoVs - Seasonal (OC43, HKU-1, NL63, 229E)
05/08/2024 01:01:44 PM INFO:: [Fuzzy] Closest Match Found. Changing HKU-1 => HCoVs - Seasonal (OC43, HKU-1, NL63, 229E)
05/08/2024 01:01:44 PM INFO:: [Fuzzy] Closest Match Found. Changing NL63 => HCoVs - Seasonal (OC43, HKU-1, NL63, 229E)
05/08/2024 01:01:44 PM INFO:: [Fuzzy] Closest Match Found. Changing 229E) => HCoVs - Seasonal (OC43, HKU-1, NL63, 229E)
05/08/2024 01:01:44 PM [INFO]:: [Fuzzy] Pfizer BioNTech COVID-19 vaccine ; VO:0004987 => Pfizer BioNTech COVID-19 vaccine; VO:0004987 : score 99
05/08/2024 01:01:44 PM [INFO]:: [Fuzzy] Pfizer BioNTech COVID-19 vaccine ; VO:0004988 => Pfizer BioNTech COVID-19 vaccine; VO:0004987 : score 97
05/08/2024 01:01:44 PM INFO:: [Fuzzy] Closest Match Found. Changing HCoVs - Seasonal (OC43 => HCoVs - Seasonal (OC43, HKU-1, NL63, 229E)
05/08/2024 01:01:44 PM INFO:: [Fuzzy] Closest Match Found. Changing HKU-1 => HCoVs - Seasonal (OC43, HKU-1, NL63, 229E)
05/08/2024 01:01:44 PM INFO:: [Fuzzy] Closest Match Found. Changing NL63 => HCoVs - Seasonal (OC43, HKU-1, NL63, 229E)
05/08/2024 01:01:44 PM INFO:: [Fuzzy] Closest Match Found. Changing 229E) => HCoVs - Seasonal (OC43, HKU-1, NL63, 229E)
05/08/2024 01:41:15 PM 
PMID: 12345678
05/08/2024 01:41:15 PM [study personnel]: Same Personnel ID used
05/08/2024 01:41:43 PM 
PMID: 12345678
05/08/2024 01:41:43 PM [study personnel]: Same Personnel ID used
05/08/2024 01:42:49 PM 
PMID: 12345678
05/08/2024 01:43:23 PM 
PMID: 12345678
05/08/2024 01:44:39 PM 
PMID: 12345678
05/08/2024 02:46:21 PM 
PMID: 35262027
05/08/2024 02:46:21 PM WARNING:: [Sex_at_Birth] Changing 'male | female' to 'other'
05/08/2024 02:46:21 PM Warning:: [Race] Changing 'Race' to 'other' and moving data to [Race Specify]
05/08/2024 02:46:21 PM Warning:: [Ethnicity] Changing list to other in ImmPort Templates
05/08/2024 02:46:29 PM INFO:: [User Change] Covid-19 => COVID-19
05/08/2024 02:46:43 PM INFO:: [User Change] Black or African American | White | Other Race => Placebo Comparator Arm
05/08/2024 02:46:52 PM INFO:: [User Change] Household Income => Post-acute sequelae of COVID-19 (>= 4 weeks)
05/08/2024 02:46:55 PM INFO:: [User Change] na => Surface Plasmon Resonance
05/08/2024 02:46:56 PM INFO:: [User Change] Full Length Spike Trimer => Nasal Swab or Nose Specimen
05/08/2024 02:46:57 PM INFO:: [User Change] Research Use Only => Convalescent
05/08/2024 02:46:58 PM INFO:: [User Change] components from multiple manufacturers => Full Length Spike Trimer
05/08/2024 02:47:01 PM INFO:: [User Change] Arbitrary Unit => Hepatitis
05/08/2024 02:48:00 PM 
PMID: 35262027
05/08/2024 02:48:00 PM WARNING:: [Sex_at_Birth] Changing 'male | female' to 'other'
05/08/2024 02:48:00 PM Warning:: [Race] Changing 'Race' to 'other' and moving data to [Race Specify]
05/08/2024 02:48:00 PM Warning:: [Ethnicity] Changing list to other in ImmPort Templates
05/08/2024 02:48:02 PM INFO:: [User Change] Covid-19 => COVID-19
05/08/2024 02:50:16 PM 
PMID: 35262027
05/08/2024 02:50:16 PM WARNING:: [Sex_at_Birth] Changing 'male | female' to 'other'
05/08/2024 02:50:16 PM Warning:: [Race] Changing 'Race' to 'other' and moving data to [Race Specify]
05/08/2024 02:50:16 PM Warning:: [Ethnicity] Changing list to other in ImmPort Templates
05/08/2024 02:50:17 PM INFO:: [User Change] Covid-19 => COVID-19
05/08/2024 02:51:07 PM 
PMID: 35262027
05/08/2024 02:51:07 PM WARNING:: [Sex_at_Birth] Changing 'male | female' to 'other'
05/08/2024 02:51:07 PM Warning:: [Race] Changing 'Race' to 'other' and moving data to [Race Specify]
05/08/2024 02:51:07 PM Warning:: [Ethnicity] Changing list to other in ImmPort Templates
05/08/2024 02:51:09 PM INFO:: [User Change] Covid-19 => COVID-19
05/08/2024 02:52:01 PM INFO:: [User Change] Black or African American | White | Other Race => Placebo Comparator Arm
05/08/2024 02:52:02 PM INFO:: [User Change] Household Income => Post-acute sequelae of COVID-19 (>= 4 weeks)
05/08/2024 02:52:02 PM INFO:: [User Change] na => Surface Plasmon Resonance
05/08/2024 02:52:02 PM INFO:: [User Change] Full Length Spike Trimer => Nasal Swab or Nose Specimen
05/08/2024 02:52:03 PM INFO:: [User Change] Research Use Only => Convalescent
05/08/2024 02:52:03 PM INFO:: [User Change] components from multiple manufacturers => Full Length Spike Trimer
05/08/2024 02:52:04 PM INFO:: [User Change] Arbitrary Unit => Hepatitis
05/08/2024 02:52:09 PM 
PMID: 35262027
05/08/2024 02:52:09 PM WARNING:: [Sex_at_Birth] Changing 'male | female' to 'other'
05/08/2024 02:52:09 PM Warning:: [Race] Changing 'Race' to 'other' and moving data to [Race Specify]
05/08/2024 02:52:09 PM Warning:: [Ethnicity] Changing list to other in ImmPort Templates
05/08/2024 02:52:11 PM INFO:: [User Change] Covid-19 => COVID-19
05/08/2024 02:52:13 PM INFO:: [User Change] Black or African American | White | Other Race => Placebo Comparator Arm
05/08/2024 02:58:56 PM 
PMID: 38620871
05/08/2024 02:58:56 PM Warning:: [Race] Changing 'Race' to 'other' and moving data to [Race Specify]
05/08/2024 02:58:56 PM Warning:: [Ethnicity] Changing list to other in ImmPort Templates
05/08/2024 02:58:56 PM [INFO]:: [Fuzzy] X-linked agammaglobulinemia (XLA) => X-linked agammaglobulinemia : score 90
05/08/2024 03:00:11 PM 
PMID: 34726473
05/08/2024 03:00:11 PM INFO:: [Fuzzy] Closest Match Found. Changing SARS-CoV-2 Epsilon; B.1.427 => SARS-CoV-2 Epsilon; B.1.427 / B.1.429
05/08/2024 03:00:11 PM INFO:: [Fuzzy] Closest Match Found. Changing B.1.429 => SARS-CoV-2 Epsilon; B.1.427 / B.1.429
05/08/2024 03:00:11 PM INFO:: [Fuzzy] Closest Match Found. Changing SARS-CoV-2 MA15 => SARS-CoV-2 MA15 [mouse adapted]
05/08/2024 03:00:11 PM [INFO]:: [Fuzzy] Biolayer interferometry => Bio-layer Interferometry Assay : score 83
05/08/2024 03:00:11 PM INFO:: [Fuzzy] Closest Match Found. Changing SARS-CoV-2 MA15 => SARS-CoV-2 MA15 [mouse adapted]
05/08/2024 03:00:11 PM INFO:: [Fuzzy] Closest Match Found. Changing SARS-CoV-2 MA15 => SARS-CoV-2 MA15 [mouse adapted]
05/08/2024 03:02:03 PM 
PMID: 34726473
05/08/2024 03:02:03 PM INFO:: [Fuzzy] Closest Match Found. Changing SARS-CoV-2 Epsilon; B.1.427 => SARS-CoV-2 Epsilon; B.1.427 / B.1.429
05/08/2024 03:02:03 PM INFO:: [Fuzzy] Closest Match Found. Changing B.1.429 => SARS-CoV-2 Epsilon; B.1.427 / B.1.429
05/08/2024 03:02:03 PM INFO:: [Fuzzy] Closest Match Found. Changing SARS-CoV-2 MA15 => SARS-CoV-2 MA15 [mouse adapted]
05/08/2024 03:02:03 PM INFO:: [Fuzzy] Closest Match Found. Changing SARS-CoV-2 MA15 => SARS-CoV-2 MA15 [mouse adapted]
05/08/2024 03:02:03 PM INFO:: [Fuzzy] Closest Match Found. Changing SARS-CoV-2 MA15 => SARS-CoV-2 MA15 [mouse adapted]
05/08/2024 03:30:50 PM 
PMID: 12345678
05/08/2024 03:30:50 PM [study personnel]: Same Personnel ID used
05/08/2024 03:31:46 PM 
PMID: 12345678
05/08/2024 03:33:05 PM 
PMID: 12345678
05/08/2024 03:33:05 PM [file names]: Redudant names: file names
05/08/2024 03:40:09 PM 
PMID: 12345678
05/08/2024 03:40:09 PM WARNING:: [Sex_at_Birth] Changing 'male | female' to 'other'
05/08/2024 03:40:09 PM Warning:: [Race] Changing 'Race' to 'other' and moving data to [Race Specify]
05/08/2024 03:40:09 PM Warning:: [Ethnicity] Changing list to other in ImmPort Templates
05/08/2024 03:42:46 PM 
PMID: 12345678
05/08/2024 03:42:46 PM WARNING:: [Sex_at_Birth] Changing 'male | female' to 'other'
05/08/2024 03:42:46 PM Warning:: [Race] Changing 'Race' to 'other' and moving data to [Race Specify]
05/08/2024 03:42:46 PM Warning:: [Ethnicity] Changing list to other in ImmPort Templates
05/08/2024 03:44:15 PM INFO:: [User Change] Case Series | Prospective Cohort => Prospective Cohort
05/08/2024 03:44:15 PM INFO:: [Fuzzy] Closest Match Found. Changing Immunosuppressive Disorder => Immunosuppressive Disorder 
05/08/2024 03:44:15 PM [INFO]:: [Fuzzy] Lung Disease => Lung Disease
 : score 96
05/08/2024 03:44:17 PM INFO:: [User Change] Not Specified => Not Applicable
05/08/2024 03:44:17 PM INFO:: [Fuzzy] Closest Match Found. Changing SARS-CoV-2 Epsilon; B.1.427 => SARS-CoV-2 Epsilon; B.1.427 / B.1.429
05/08/2024 03:44:17 PM INFO:: [Fuzzy] Closest Match Found. Changing B.1.429 => SARS-CoV-2 Epsilon; B.1.427 / B.1.429
05/08/2024 03:44:17 PM INFO:: [Fuzzy] Closest Match Found. Changing SARS-CoV-2 Lambda; => SARS-CoV-2 Lambda; C.37
05/08/2024 03:44:17 PM [INFO]:: [Fuzzy] SARS-CoV-2 OmicrA micron variant CA.3.1 => SARS-CoV-2 Omicron variant CA.3.1 : score 92
05/08/2024 03:44:17 PM INFO:: [Fuzzy] Closest Match Found. Changing Not specified => Not Specified
05/08/2024 03:44:17 PM INFO:: [Fuzzy] Closest Match Found. Changing Full Length spike Trimer => Full Length Spike Trimer
05/08/2024 03:44:17 PM INFO:: [Fuzzy] Closest Match Found. Changing Full Length spike Trimer => Full Length Spike Trimer
05/08/2024 03:44:17 PM INFO:: [Fuzzy] Closest Match Found. Changing spike => Full Length Spike Trimer
05/08/2024 03:44:17 PM INFO:: [Fuzzy] Closest Match Found. Changing spike => Full Length Spike Trimer
05/08/2024 03:44:17 PM INFO:: [Fuzzy] Closest Match Found. Changing RBD => Receptor Binding Domain (RBD)
05/08/2024 03:44:17 PM INFO:: [Fuzzy] Closest Match Found. Changing Full Length spike Trimer => Full Length Spike Trimer
05/08/2024 03:44:17 PM INFO:: [Fuzzy] Closest Match Found. Changing spike => Full Length Spike Trimer
05/08/2024 03:44:17 PM INFO:: [Fuzzy] Closest Match Found. Changing spike => Full Length Spike Trimer
05/08/2024 03:54:10 PM 
PMID: 12345678
05/08/2024 03:54:10 PM WARNING:: [Sex_at_Birth] Changing 'male | female' to 'other'
05/08/2024 03:54:10 PM Warning:: [Race] Changing 'Race' to 'other' and moving data to [Race Specify]
05/08/2024 03:54:10 PM Warning:: [Ethnicity] Changing list to other in ImmPort Templates
05/08/2024 03:54:10 PM INFO:: [Fuzzy] Closest Match Found. Changing Immunosuppressive Disorder => Immunosuppressive Disorder 
05/08/2024 03:54:10 PM [INFO]:: [Fuzzy] Lung Disease => Lung Disease
 : score 96
05/08/2024 03:54:13 PM INFO:: [User Change] Not Specified => Not Applicable
05/08/2024 03:54:13 PM INFO:: [Fuzzy] Closest Match Found. Changing SARS-CoV-2 Epsilon; B.1.427 => SARS-CoV-2 Epsilon; B.1.427 / B.1.429
05/08/2024 03:54:13 PM INFO:: [Fuzzy] Closest Match Found. Changing B.1.429 => SARS-CoV-2 Epsilon; B.1.427 / B.1.429
05/08/2024 03:54:13 PM INFO:: [Fuzzy] Closest Match Found. Changing SARS-CoV-2 Lambda; => SARS-CoV-2 Lambda; C.37
05/08/2024 03:54:13 PM [INFO]:: [Fuzzy] SARS-CoV-2 OmicrA micron variant CA.3.1 => SARS-CoV-2 Omicron variant CA.3.1 : score 92
05/08/2024 03:54:13 PM INFO:: [Fuzzy] Closest Match Found. Changing Not specified => Not Specified
05/08/2024 03:54:13 PM INFO:: [Fuzzy] Closest Match Found. Changing Full Length spike Trimer => Full Length Spike Trimer
05/08/2024 03:54:13 PM INFO:: [Fuzzy] Closest Match Found. Changing Full Length spike Trimer => Full Length Spike Trimer
05/08/2024 03:54:13 PM INFO:: [Fuzzy] Closest Match Found. Changing spike => Full Length Spike Trimer
05/08/2024 03:54:13 PM INFO:: [Fuzzy] Closest Match Found. Changing spike => Full Length Spike Trimer
05/08/2024 03:54:13 PM INFO:: [Fuzzy] Closest Match Found. Changing RBD => Receptor Binding Domain (RBD)
05/08/2024 03:54:13 PM INFO:: [Fuzzy] Closest Match Found. Changing Full Length spike Trimer => Full Length Spike Trimer
05/08/2024 03:54:13 PM INFO:: [Fuzzy] Closest Match Found. Changing spike => Full Length Spike Trimer
05/08/2024 03:54:13 PM INFO:: [Fuzzy] Closest Match Found. Changing spike => Full Length Spike Trimer
05/08/2024 03:55:09 PM 
PMID: 12345678
05/08/2024 03:55:09 PM WARNING:: [Sex_at_Birth] Changing 'male | female' to 'other'
05/08/2024 03:55:09 PM Warning:: [Race] Changing 'Race' to 'other' and moving data to [Race Specify]
05/08/2024 03:55:09 PM Warning:: [Ethnicity] Changing list to other in ImmPort Templates
05/08/2024 03:55:09 PM INFO:: [Fuzzy] Closest Match Found. Changing Immunosuppressive Disorder => Immunosuppressive Disorder 
05/08/2024 03:55:09 PM [INFO]:: [Fuzzy] Lung Disease => Lung Disease
 : score 96
05/08/2024 03:55:11 PM INFO:: [User Change] Not Specified => Not Applicable
05/08/2024 03:55:11 PM INFO:: [Fuzzy] Closest Match Found. Changing SARS-CoV-2 Epsilon; B.1.427 => SARS-CoV-2 Epsilon; B.1.427 / B.1.429
05/08/2024 03:55:11 PM INFO:: [Fuzzy] Closest Match Found. Changing B.1.429 => SARS-CoV-2 Epsilon; B.1.427 / B.1.429
05/08/2024 03:55:11 PM INFO:: [Fuzzy] Closest Match Found. Changing SARS-CoV-2 Lambda; => SARS-CoV-2 Lambda; C.37
05/08/2024 03:55:11 PM [INFO]:: [Fuzzy] SARS-CoV-2 OmicrA micron variant CA.3.1 => SARS-CoV-2 Omicron variant CA.3.1 : score 92
05/08/2024 03:55:11 PM INFO:: [Fuzzy] Closest Match Found. Changing Not specified => Not Specified
05/08/2024 03:55:11 PM INFO:: [Fuzzy] Closest Match Found. Changing Full Length spike Trimer => Full Length Spike Trimer
05/08/2024 03:55:11 PM INFO:: [Fuzzy] Closest Match Found. Changing Full Length spike Trimer => Full Length Spike Trimer
05/08/2024 03:55:11 PM INFO:: [Fuzzy] Closest Match Found. Changing spike => Full Length Spike Trimer
05/08/2024 03:55:11 PM INFO:: [Fuzzy] Closest Match Found. Changing spike => Full Length Spike Trimer
05/08/2024 03:55:11 PM INFO:: [Fuzzy] Closest Match Found. Changing RBD => Receptor Binding Domain (RBD)
05/08/2024 03:55:11 PM INFO:: [Fuzzy] Closest Match Found. Changing Full Length spike Trimer => Full Length Spike Trimer
05/08/2024 03:55:11 PM INFO:: [Fuzzy] Closest Match Found. Changing spike => Full Length Spike Trimer
05/08/2024 03:55:11 PM INFO:: [Fuzzy] Closest Match Found. Changing spike => Full Length Spike Trimer
05/08/2024 03:55:11 PM INFO:: [Fuzzy] Closest Match Found. Changing Full Length spike Trimer => Full Length Spike Trimer
05/08/2024 03:55:40 PM INFO:: [User Change] HCoV-229E => HCoVs - Seasonal (OC43, HKU-1, NL63, 229E)
05/08/2024 03:55:40 PM INFO:: [Fuzzy] Closest Match Found. Changing Full Length spike Trimer => Full Length Spike Trimer
05/08/2024 03:55:52 PM INFO:: [User Change] HCoV-HKU1 => HCoVs - Seasonal (OC43, HKU-1, NL63, 229E)
05/08/2024 03:55:52 PM INFO:: [Fuzzy] Closest Match Found. Changing Full Length spike Trimer => Full Length Spike Trimer
05/08/2024 03:56:40 PM INFO:: [User Change] HCoV-NL63 => HCoVs - Seasonal (OC43, HKU-1, NL63, 229E)
05/08/2024 03:56:40 PM INFO:: [Fuzzy] Closest Match Found. Changing Full Length spike Trimer => Full Length Spike Trimer
05/08/2024 03:56:50 PM INFO:: [User Change] HCoV-OC43 => HCoVs - Seasonal (OC43, HKU-1, NL63, 229E)
05/08/2024 03:56:50 PM [INFO]:: [Fuzzy] Multiplex flow immunoassay => Multiplex Immunoassay : score 85
05/08/2024 03:56:50 PM INFO:: [Fuzzy] Closest Match Found. Changing Full Length spike Trimer => Full Length Spike Trimer
05/08/2024 03:56:50 PM INFO:: [Fuzzy] Closest Match Found. Changing Full Length spike Trimer => Full Length Spike Trimer
05/08/2024 03:56:50 PM INFO:: [Fuzzy] Closest Match Found. Changing Full Length spike Trimer => Full Length Spike Trimer
05/08/2024 03:56:50 PM [INFO]:: [Fuzzy] Multiplex flow immunoassay => Multiplex Immunoassay : score 85
05/08/2024 03:56:50 PM [INFO]:: [Fuzzy] Multiplex flow immunoassay => Multiplex Immunoassay : score 85
05/08/2024 03:56:50 PM INFO:: [Fuzzy] Closest Match Found. Changing CMV antigens => CMV Antigens
05/08/2024 03:57:03 PM INFO:: [User Change] CMV antigens => CMV
05/08/2024 03:57:03 PM INFO:: [Fuzzy] Closest Match Found. Changing Full Length spike Trimer => Full Length Spike Trimer
05/08/2024 03:57:03 PM Previous Input: Virus Target, HCoV-229E => HCoVs - Seasonal (OC43, HKU-1, NL63, 229E)
05/08/2024 03:57:03 PM INFO:: [Fuzzy] Closest Match Found. Changing Full Length spike Trimer => Full Length Spike Trimer
05/08/2024 03:57:03 PM Previous Input: Virus Target, HCoV-HKU1 => HCoVs - Seasonal (OC43, HKU-1, NL63, 229E)
05/08/2024 03:57:03 PM INFO:: [Fuzzy] Closest Match Found. Changing Full Length spike Trimer => Full Length Spike Trimer
05/08/2024 03:57:03 PM Previous Input: Virus Target, HCoV-NL63 => HCoVs - Seasonal (OC43, HKU-1, NL63, 229E)
05/08/2024 03:57:03 PM INFO:: [Fuzzy] Closest Match Found. Changing Full Length spike Trimer => Full Length Spike Trimer
05/08/2024 03:57:03 PM Previous Input: Virus Target, HCoV-OC43 => HCoVs - Seasonal (OC43, HKU-1, NL63, 229E)
05/08/2024 03:58:56 PM INFO:: [User Change] HIV => HIV-1
05/08/2024 03:59:04 PM INFO:: [User Change] CMV virus lysate => CMV Antigens
05/08/2024 04:00:10 PM INFO:: [User Change] EBV NA-1 => VCA
05/08/2024 04:00:10 PM INFO:: [Fuzzy] Closest Match Found. Changing Full Length spike Trimer => Full Length Spike Trimer
05/08/2024 04:00:10 PM INFO:: [Fuzzy] Closest Match Found. Changing Full Length spike Trimer => Full Length Spike Trimer
05/08/2024 04:00:10 PM INFO:: [Fuzzy] Closest Match Found. Changing Full Length spike Trimer => Full Length Spike Trimer
05/08/2024 04:00:10 PM INFO:: [Fuzzy] Closest Match Found. Changing spike => Full Length Spike Trimer
05/08/2024 04:00:10 PM Previous Input: Virus Target, HCoV-229E => HCoVs - Seasonal (OC43, HKU-1, NL63, 229E)
05/08/2024 04:00:10 PM INFO:: [Fuzzy] Closest Match Found. Changing spike => Full Length Spike Trimer
05/08/2024 04:00:10 PM Previous Input: Virus Target, HCoV-HKU1 => HCoVs - Seasonal (OC43, HKU-1, NL63, 229E)
05/08/2024 04:00:10 PM INFO:: [Fuzzy] Closest Match Found. Changing spike => Full Length Spike Trimer
05/08/2024 04:00:10 PM Previous Input: Virus Target, HCoV-NL63 => HCoVs - Seasonal (OC43, HKU-1, NL63, 229E)
05/08/2024 04:00:10 PM INFO:: [Fuzzy] Closest Match Found. Changing spike => Full Length Spike Trimer
05/08/2024 04:00:10 PM Previous Input: Virus Target, HCoV-OC43 => HCoVs - Seasonal (OC43, HKU-1, NL63, 229E)
05/08/2024 04:01:19 PM INFO:: [User Change] hCMV => CMV Antigens
05/08/2024 04:01:57 PM INFO:: [User Change] EBV Viral Capsid Antigen => CMV Antigens
05/08/2024 04:01:57 PM Previous Input: SARS-CoV-2 Antigen, EBV Viral Capsid Antigen => CMV Antigens
05/08/2024 04:02:20 PM INFO:: [User Change] EBV early antigen diffuse => CMV Antigens
05/08/2024 04:02:32 PM INFO:: [User Change] EBV Nuclear antigen - 1 => Core antigen
05/08/2024 04:02:32 PM INFO:: [Fuzzy] Closest Match Found. Changing Full Length spike Trimer => Full Length Spike Trimer
05/08/2024 04:02:32 PM INFO:: [Fuzzy] Closest Match Found. Changing Full Length spike Trimer => Full Length Spike Trimer
05/08/2024 04:02:54 PM INFO:: [User Change] hepatitis B Core Antigen => Core antigen
05/08/2024 04:02:54 PM INFO:: [Fuzzy] Closest Match Found. Changing Full Length spike Trimer => Full Length Spike Trimer
05/08/2024 04:02:54 PM Previous Input: Virus Target, HCoV-229E => HCoVs - Seasonal (OC43, HKU-1, NL63, 229E)
05/08/2024 04:02:54 PM INFO:: [Fuzzy] Closest Match Found. Changing Full Length spike Trimer => Full Length Spike Trimer
05/08/2024 04:02:54 PM Previous Input: Virus Target, HCoV-HKU1 => HCoVs - Seasonal (OC43, HKU-1, NL63, 229E)
05/08/2024 04:02:54 PM INFO:: [Fuzzy] Closest Match Found. Changing Full Length spike Trimer => Full Length Spike Trimer
05/08/2024 04:02:54 PM Previous Input: Virus Target, HCoV-NL63 => HCoVs - Seasonal (OC43, HKU-1, NL63, 229E)
05/08/2024 04:02:54 PM INFO:: [Fuzzy] Closest Match Found. Changing Full Length spike Trimer => Full Length Spike Trimer
05/08/2024 04:02:54 PM Previous Input: Virus Target, HCoV-OC43 => HCoVs - Seasonal (OC43, HKU-1, NL63, 229E)
05/08/2024 04:03:31 PM 
PMID: 12345678
05/08/2024 04:03:31 PM WARNING:: [Sex_at_Birth] Changing 'male | female' to 'other'
05/08/2024 04:03:31 PM Warning:: [Race] Changing 'Race' to 'other' and moving data to [Race Specify]
05/08/2024 04:03:31 PM Warning:: [Ethnicity] Changing list to other in ImmPort Templates
05/08/2024 04:03:31 PM INFO:: [Fuzzy] Closest Match Found. Changing Immunosuppressive Disorder => Immunosuppressive Disorder 
05/08/2024 04:03:31 PM [INFO]:: [Fuzzy] Lung Disease => Lung Disease
 : score 96
05/08/2024 04:03:34 PM INFO:: [User Change] Not Specified => Not Applicable
05/08/2024 04:03:34 PM INFO:: [Fuzzy] Closest Match Found. Changing SARS-CoV-2 Epsilon; B.1.427 => SARS-CoV-2 Epsilon; B.1.427 / B.1.429
05/08/2024 04:03:34 PM INFO:: [Fuzzy] Closest Match Found. Changing B.1.429 => SARS-CoV-2 Epsilon; B.1.427 / B.1.429
05/08/2024 04:03:34 PM INFO:: [Fuzzy] Closest Match Found. Changing SARS-CoV-2 Lambda; => SARS-CoV-2 Lambda; C.37
05/08/2024 04:03:34 PM [INFO]:: [Fuzzy] SARS-CoV-2 OmicrA micron variant CA.3.1 => SARS-CoV-2 Omicron variant CA.3.1 : score 92
05/08/2024 04:03:34 PM INFO:: [Fuzzy] Closest Match Found. Changing Not specified => Not Specified
05/08/2024 04:03:34 PM INFO:: [Fuzzy] Closest Match Found. Changing Full Length spike Trimer => Full Length Spike Trimer
05/08/2024 04:03:34 PM INFO:: [Fuzzy] Closest Match Found. Changing Full Length spike Trimer => Full Length Spike Trimer
05/08/2024 04:03:34 PM INFO:: [Fuzzy] Closest Match Found. Changing spike => Full Length Spike Trimer
05/08/2024 04:03:34 PM INFO:: [Fuzzy] Closest Match Found. Changing spike => Full Length Spike Trimer
05/08/2024 04:03:34 PM INFO:: [Fuzzy] Closest Match Found. Changing RBD => Receptor Binding Domain (RBD)
05/08/2024 04:03:34 PM INFO:: [Fuzzy] Closest Match Found. Changing Full Length spike Trimer => Full Length Spike Trimer
05/08/2024 04:03:34 PM INFO:: [Fuzzy] Closest Match Found. Changing spike => Full Length Spike Trimer
05/08/2024 04:03:34 PM INFO:: [Fuzzy] Closest Match Found. Changing spike => Full Length Spike Trimer
05/08/2024 04:03:34 PM INFO:: [Fuzzy] Closest Match Found. Changing Full Length spike Trimer => Full Length Spike Trimer
05/08/2024 04:04:03 PM INFO:: [User Change] HCoV-229E => HCoVs - Seasonal (OC43, HKU-1, NL63, 229E)
05/08/2024 04:04:03 PM INFO:: [Fuzzy] Closest Match Found. Changing Full Length spike Trimer => Full Length Spike Trimer
05/08/2024 04:04:12 PM INFO:: [User Change] HCoV-HKU1 => HCoVs - Seasonal (OC43, HKU-1, NL63, 229E)
05/08/2024 04:04:12 PM INFO:: [Fuzzy] Closest Match Found. Changing Full Length spike Trimer => Full Length Spike Trimer
05/08/2024 04:04:19 PM INFO:: [User Change] HCoV-NL63 => HCoVs - Seasonal (OC43, HKU-1, NL63, 229E)
05/08/2024 04:04:19 PM INFO:: [Fuzzy] Closest Match Found. Changing Full Length spike Trimer => Full Length Spike Trimer
05/08/2024 04:04:28 PM INFO:: [User Change] HCoV-OC43 => HCoVs - Seasonal (OC43, HKU-1, NL63, 229E)
05/08/2024 04:04:28 PM [INFO]:: [Fuzzy] Multiplex flow immunoassay => Multiplex Immunoassay : score 85
05/08/2024 04:04:28 PM INFO:: [Fuzzy] Closest Match Found. Changing Full Length spike Trimer => Full Length Spike Trimer
05/08/2024 04:04:28 PM INFO:: [Fuzzy] Closest Match Found. Changing Full Length spike Trimer => Full Length Spike Trimer
05/08/2024 04:04:28 PM INFO:: [Fuzzy] Closest Match Found. Changing Full Length spike Trimer => Full Length Spike Trimer
05/08/2024 04:04:28 PM [INFO]:: [Fuzzy] Multiplex flow immunoassay => Multiplex Immunoassay : score 85
05/08/2024 04:04:28 PM [INFO]:: [Fuzzy] Multiplex flow immunoassay => Multiplex Immunoassay : score 85
05/08/2024 04:04:28 PM INFO:: [Fuzzy] Closest Match Found. Changing CMV antigens => CMV Antigens
05/08/2024 04:04:36 PM INFO:: [User Change] CMV antigens => CMV
05/08/2024 04:04:36 PM INFO:: [Fuzzy] Closest Match Found. Changing Full Length spike Trimer => Full Length Spike Trimer
05/08/2024 04:04:36 PM Previous Input: Virus Target, HCoV-229E => HCoVs - Seasonal (OC43, HKU-1, NL63, 229E)
05/08/2024 04:04:36 PM INFO:: [Fuzzy] Closest Match Found. Changing Full Length spike Trimer => Full Length Spike Trimer
05/08/2024 04:04:36 PM Previous Input: Virus Target, HCoV-HKU1 => HCoVs - Seasonal (OC43, HKU-1, NL63, 229E)
05/08/2024 04:04:36 PM INFO:: [Fuzzy] Closest Match Found. Changing Full Length spike Trimer => Full Length Spike Trimer
05/08/2024 04:04:36 PM Previous Input: Virus Target, HCoV-NL63 => HCoVs - Seasonal (OC43, HKU-1, NL63, 229E)
05/08/2024 04:04:36 PM INFO:: [Fuzzy] Closest Match Found. Changing Full Length spike Trimer => Full Length Spike Trimer
05/08/2024 04:04:36 PM Previous Input: Virus Target, HCoV-OC43 => HCoVs - Seasonal (OC43, HKU-1, NL63, 229E)
05/08/2024 04:04:43 PM INFO:: [User Change] CMV virus lysate => CMV Antigens
05/08/2024 04:04:43 PM INFO:: [Fuzzy] Closest Match Found. Changing Full Length spike Trimer => Full Length Spike Trimer
05/08/2024 04:04:43 PM INFO:: [Fuzzy] Closest Match Found. Changing Full Length spike Trimer => Full Length Spike Trimer
05/08/2024 04:04:43 PM INFO:: [Fuzzy] Closest Match Found. Changing Full Length spike Trimer => Full Length Spike Trimer
05/08/2024 04:04:43 PM INFO:: [Fuzzy] Closest Match Found. Changing spike => Full Length Spike Trimer
05/08/2024 04:04:43 PM Previous Input: Virus Target, HCoV-229E => HCoVs - Seasonal (OC43, HKU-1, NL63, 229E)
05/08/2024 04:04:43 PM INFO:: [Fuzzy] Closest Match Found. Changing spike => Full Length Spike Trimer
05/08/2024 04:04:43 PM Previous Input: Virus Target, HCoV-HKU1 => HCoVs - Seasonal (OC43, HKU-1, NL63, 229E)
05/08/2024 04:04:43 PM INFO:: [Fuzzy] Closest Match Found. Changing spike => Full Length Spike Trimer
05/08/2024 04:04:43 PM Previous Input: Virus Target, HCoV-NL63 => HCoVs - Seasonal (OC43, HKU-1, NL63, 229E)
05/08/2024 04:04:43 PM INFO:: [Fuzzy] Closest Match Found. Changing spike => Full Length Spike Trimer
05/08/2024 04:04:43 PM Previous Input: Virus Target, HCoV-OC43 => HCoVs - Seasonal (OC43, HKU-1, NL63, 229E)
05/08/2024 04:04:46 PM INFO:: [User Change] hCMV => CMV Antigens
05/08/2024 04:05:37 PM INFO:: [User Change] EBV Viral Capsid Antigen => EBV NA-1
05/08/2024 04:05:37 PM Previous Input: SARS-CoV-2 Antigen, EBV Viral Capsid Antigen => EBV NA-1
05/08/2024 04:06:29 PM INFO:: [User Change] EBV early antigen diffuse => CMV Antigens
05/08/2024 04:06:32 PM INFO:: [User Change] EBV Nuclear antigen - 1 => Core antigen
05/08/2024 04:06:32 PM INFO:: [Fuzzy] Closest Match Found. Changing Full Length spike Trimer => Full Length Spike Trimer
05/08/2024 04:06:32 PM INFO:: [Fuzzy] Closest Match Found. Changing Full Length spike Trimer => Full Length Spike Trimer
05/08/2024 04:06:33 PM INFO:: [User Change] hepatitis B Core Antigen => Core antigen
05/08/2024 04:06:33 PM INFO:: [Fuzzy] Closest Match Found. Changing Full Length spike Trimer => Full Length Spike Trimer
05/08/2024 04:06:33 PM Previous Input: Virus Target, HCoV-229E => HCoVs - Seasonal (OC43, HKU-1, NL63, 229E)
05/08/2024 04:06:33 PM INFO:: [Fuzzy] Closest Match Found. Changing Full Length spike Trimer => Full Length Spike Trimer
05/08/2024 04:06:33 PM Previous Input: Virus Target, HCoV-HKU1 => HCoVs - Seasonal (OC43, HKU-1, NL63, 229E)
05/08/2024 04:06:33 PM INFO:: [Fuzzy] Closest Match Found. Changing Full Length spike Trimer => Full Length Spike Trimer
05/08/2024 04:06:33 PM Previous Input: Virus Target, HCoV-NL63 => HCoVs - Seasonal (OC43, HKU-1, NL63, 229E)
05/08/2024 04:06:33 PM INFO:: [Fuzzy] Closest Match Found. Changing Full Length spike Trimer => Full Length Spike Trimer
05/08/2024 04:06:33 PM Previous Input: Virus Target, HCoV-OC43 => HCoVs - Seasonal (OC43, HKU-1, NL63, 229E)
05/08/2024 04:06:46 PM 
PMID: 12345678
05/08/2024 04:06:46 PM WARNING:: [Sex_at_Birth] Changing 'male | female' to 'other'
05/08/2024 04:06:46 PM Warning:: [Race] Changing 'Race' to 'other' and moving data to [Race Specify]
05/08/2024 04:06:46 PM Warning:: [Ethnicity] Changing list to other in ImmPort Templates
05/08/2024 04:06:46 PM INFO:: [Fuzzy] Closest Match Found. Changing Immunosuppressive Disorder => Immunosuppressive Disorder 
05/08/2024 04:06:46 PM [INFO]:: [Fuzzy] Lung Disease => Lung Disease
 : score 96
05/08/2024 04:06:48 PM INFO:: [User Change] Not Specified => Not Applicable
05/08/2024 04:06:48 PM INFO:: [Fuzzy] Closest Match Found. Changing SARS-CoV-2 Epsilon; B.1.427 => SARS-CoV-2 Epsilon; B.1.427 / B.1.429
05/08/2024 04:06:48 PM INFO:: [Fuzzy] Closest Match Found. Changing B.1.429 => SARS-CoV-2 Epsilon; B.1.427 / B.1.429
05/08/2024 04:06:48 PM INFO:: [Fuzzy] Closest Match Found. Changing SARS-CoV-2 Lambda; => SARS-CoV-2 Lambda; C.37
05/08/2024 04:06:48 PM [INFO]:: [Fuzzy] SARS-CoV-2 OmicrA micron variant CA.3.1 => SARS-CoV-2 Omicron variant CA.3.1 : score 92
05/08/2024 04:06:48 PM INFO:: [Fuzzy] Closest Match Found. Changing Not specified => Not Specified
05/08/2024 04:06:48 PM INFO:: [Fuzzy] Closest Match Found. Changing Full Length spike Trimer => Full Length Spike Trimer
05/08/2024 04:06:48 PM INFO:: [Fuzzy] Closest Match Found. Changing Full Length spike Trimer => Full Length Spike Trimer
05/08/2024 04:06:48 PM INFO:: [Fuzzy] Closest Match Found. Changing spike => Full Length Spike Trimer
05/08/2024 04:06:48 PM INFO:: [Fuzzy] Closest Match Found. Changing spike => Full Length Spike Trimer
05/08/2024 04:06:48 PM INFO:: [Fuzzy] Closest Match Found. Changing RBD => Receptor Binding Domain (RBD)
05/08/2024 04:06:48 PM INFO:: [Fuzzy] Closest Match Found. Changing Full Length spike Trimer => Full Length Spike Trimer
05/08/2024 04:06:48 PM INFO:: [Fuzzy] Closest Match Found. Changing spike => Full Length Spike Trimer
05/08/2024 04:06:48 PM INFO:: [Fuzzy] Closest Match Found. Changing spike => Full Length Spike Trimer
05/08/2024 04:06:48 PM INFO:: [Fuzzy] Closest Match Found. Changing Full Length spike Trimer => Full Length Spike Trimer
05/08/2024 04:07:10 PM INFO:: [User Change] HCoV-229E => HCoVs - Seasonal (OC43, HKU-1, NL63, 229E)
05/08/2024 04:07:10 PM INFO:: [Fuzzy] Closest Match Found. Changing Full Length spike Trimer => Full Length Spike Trimer
05/08/2024 04:07:38 PM INFO:: [User Change] HCoV-HKU1 => HCoVs - Seasonal (OC43, HKU-1, NL63, 229E)
05/08/2024 04:07:38 PM INFO:: [Fuzzy] Closest Match Found. Changing Full Length spike Trimer => Full Length Spike Trimer
05/08/2024 04:07:49 PM INFO:: [User Change] HCoV-NL63 => HCoVs - Seasonal (OC43, HKU-1, NL63, 229E)
05/08/2024 04:07:49 PM INFO:: [Fuzzy] Closest Match Found. Changing Full Length spike Trimer => Full Length Spike Trimer
05/08/2024 04:07:56 PM INFO:: [User Change] HCoV-OC43 => HCoVs - Seasonal (OC43, HKU-1, NL63, 229E)
05/08/2024 04:07:56 PM [INFO]:: [Fuzzy] Multiplex flow immunoassay => Multiplex Immunoassay : score 85
05/08/2024 04:07:56 PM INFO:: [Fuzzy] Closest Match Found. Changing Full Length spike Trimer => Full Length Spike Trimer
05/08/2024 04:07:56 PM INFO:: [Fuzzy] Closest Match Found. Changing Full Length spike Trimer => Full Length Spike Trimer
05/08/2024 04:07:56 PM INFO:: [Fuzzy] Closest Match Found. Changing Full Length spike Trimer => Full Length Spike Trimer
05/08/2024 04:07:56 PM [INFO]:: [Fuzzy] Multiplex flow immunoassay => Multiplex Immunoassay : score 85
05/08/2024 04:07:56 PM [INFO]:: [Fuzzy] Multiplex flow immunoassay => Multiplex Immunoassay : score 85
05/08/2024 04:07:56 PM INFO:: [Fuzzy] Closest Match Found. Changing CMV antigens => CMV Antigens
05/08/2024 04:07:59 PM INFO:: [User Change] CMV antigens => CMV
05/08/2024 04:07:59 PM INFO:: [Fuzzy] Closest Match Found. Changing Full Length spike Trimer => Full Length Spike Trimer
05/08/2024 04:07:59 PM Previous Input: Virus Target, HCoV-229E => HCoVs - Seasonal (OC43, HKU-1, NL63, 229E)
05/08/2024 04:07:59 PM INFO:: [Fuzzy] Closest Match Found. Changing Full Length spike Trimer => Full Length Spike Trimer
05/08/2024 04:07:59 PM Previous Input: Virus Target, HCoV-HKU1 => HCoVs - Seasonal (OC43, HKU-1, NL63, 229E)
05/08/2024 04:07:59 PM INFO:: [Fuzzy] Closest Match Found. Changing Full Length spike Trimer => Full Length Spike Trimer
05/08/2024 04:07:59 PM Previous Input: Virus Target, HCoV-NL63 => HCoVs - Seasonal (OC43, HKU-1, NL63, 229E)
05/08/2024 04:07:59 PM INFO:: [Fuzzy] Closest Match Found. Changing Full Length spike Trimer => Full Length Spike Trimer
05/08/2024 04:07:59 PM Previous Input: Virus Target, HCoV-OC43 => HCoVs - Seasonal (OC43, HKU-1, NL63, 229E)
05/08/2024 04:08:05 PM INFO:: [User Change] CMV virus lysate => CMV Antigens
05/08/2024 04:08:05 PM INFO:: [Fuzzy] Closest Match Found. Changing Full Length spike Trimer => Full Length Spike Trimer
05/08/2024 04:08:05 PM INFO:: [Fuzzy] Closest Match Found. Changing Full Length spike Trimer => Full Length Spike Trimer
05/08/2024 04:08:05 PM INFO:: [Fuzzy] Closest Match Found. Changing Full Length spike Trimer => Full Length Spike Trimer
05/08/2024 04:08:05 PM INFO:: [Fuzzy] Closest Match Found. Changing spike => Full Length Spike Trimer
05/08/2024 04:08:05 PM Previous Input: Virus Target, HCoV-229E => HCoVs - Seasonal (OC43, HKU-1, NL63, 229E)
05/08/2024 04:08:05 PM INFO:: [Fuzzy] Closest Match Found. Changing spike => Full Length Spike Trimer
05/08/2024 04:08:05 PM Previous Input: Virus Target, HCoV-HKU1 => HCoVs - Seasonal (OC43, HKU-1, NL63, 229E)
05/08/2024 04:08:05 PM INFO:: [Fuzzy] Closest Match Found. Changing spike => Full Length Spike Trimer
05/08/2024 04:08:05 PM Previous Input: Virus Target, HCoV-NL63 => HCoVs - Seasonal (OC43, HKU-1, NL63, 229E)
05/08/2024 04:08:05 PM INFO:: [Fuzzy] Closest Match Found. Changing spike => Full Length Spike Trimer
05/08/2024 04:08:05 PM Previous Input: Virus Target, HCoV-OC43 => HCoVs - Seasonal (OC43, HKU-1, NL63, 229E)
05/08/2024 04:08:07 PM INFO:: [User Change] hCMV => CMV Antigens
05/08/2024 04:08:07 PM INFO:: [Fuzzy] Closest Match Found. Changing Full Length spike Trimer => Full Length Spike Trimer
05/08/2024 04:08:07 PM INFO:: [Fuzzy] Closest Match Found. Changing Full Length spike Trimer => Full Length Spike Trimer
05/08/2024 04:08:07 PM INFO:: [Fuzzy] Closest Match Found. Changing Full Length spike Trimer => Full Length Spike Trimer
05/08/2024 04:08:07 PM Previous Input: Virus Target, HCoV-229E => HCoVs - Seasonal (OC43, HKU-1, NL63, 229E)
05/08/2024 04:08:07 PM INFO:: [Fuzzy] Closest Match Found. Changing Full Length spike Trimer => Full Length Spike Trimer
05/08/2024 04:08:07 PM Previous Input: Virus Target, HCoV-HKU1 => HCoVs - Seasonal (OC43, HKU-1, NL63, 229E)
05/08/2024 04:08:07 PM INFO:: [Fuzzy] Closest Match Found. Changing Full Length spike Trimer => Full Length Spike Trimer
05/08/2024 04:08:07 PM Previous Input: Virus Target, HCoV-NL63 => HCoVs - Seasonal (OC43, HKU-1, NL63, 229E)
05/08/2024 04:08:07 PM INFO:: [Fuzzy] Closest Match Found. Changing Full Length spike Trimer => Full Length Spike Trimer
05/08/2024 04:08:07 PM Previous Input: Virus Target, HCoV-OC43 => HCoVs - Seasonal (OC43, HKU-1, NL63, 229E)
05/08/2024 04:17:17 PM 
PMID: 12345678
05/08/2024 04:17:17 PM WARNING:: [Sex_at_Birth] Changing 'male | female' to 'other'
05/08/2024 04:17:17 PM Warning:: [Race] Changing 'Race' to 'other' and moving data to [Race Specify]
05/08/2024 04:17:17 PM Warning:: [Ethnicity] Changing list to other in ImmPort Templates
05/08/2024 04:17:17 PM INFO:: [Fuzzy] Closest Match Found. Changing Immunosuppressive Disorder => Immunosuppressive Disorder 
05/08/2024 04:17:17 PM [INFO]:: [Fuzzy] Lung Disease => Lung Disease
 : score 96
05/08/2024 04:17:22 PM INFO:: [User Change] Not Specified => Not Applicable
05/08/2024 04:17:22 PM INFO:: [Fuzzy] Closest Match Found. Changing SARS-CoV-2 Epsilon; B.1.427 => SARS-CoV-2 Epsilon; B.1.427 / B.1.429
05/08/2024 04:17:22 PM INFO:: [Fuzzy] Closest Match Found. Changing B.1.429 => SARS-CoV-2 Epsilon; B.1.427 / B.1.429
05/08/2024 04:17:22 PM INFO:: [Fuzzy] Closest Match Found. Changing SARS-CoV-2 Lambda; => SARS-CoV-2 Lambda; C.37
05/08/2024 04:17:22 PM [INFO]:: [Fuzzy] SARS-CoV-2 OmicrA micron variant CA.3.1 => SARS-CoV-2 Omicron variant CA.3.1 : score 92
05/08/2024 04:17:22 PM INFO:: [Fuzzy] Closest Match Found. Changing Not specified => Not Specified
05/08/2024 04:17:22 PM INFO:: [Fuzzy] Closest Match Found. Changing Full Length spike Trimer => Full Length Spike Trimer
05/08/2024 04:17:22 PM INFO:: [Fuzzy] Closest Match Found. Changing Full Length spike Trimer => Full Length Spike Trimer
05/08/2024 04:17:22 PM INFO:: [Fuzzy] Closest Match Found. Changing spike => Full Length Spike Trimer
05/08/2024 04:17:22 PM INFO:: [Fuzzy] Closest Match Found. Changing spike => Full Length Spike Trimer
05/08/2024 04:17:22 PM INFO:: [Fuzzy] Closest Match Found. Changing RBD => Receptor Binding Domain (RBD)
05/08/2024 04:17:22 PM INFO:: [Fuzzy] Closest Match Found. Changing Full Length spike Trimer => Full Length Spike Trimer
05/08/2024 04:17:22 PM INFO:: [Fuzzy] Closest Match Found. Changing spike => Full Length Spike Trimer
05/08/2024 04:17:22 PM INFO:: [Fuzzy] Closest Match Found. Changing spike => Full Length Spike Trimer
05/08/2024 04:17:22 PM INFO:: [Fuzzy] Closest Match Found. Changing Full Length spike Trimer => Full Length Spike Trimer
05/08/2024 04:17:32 PM INFO:: [User Change] HCoV-229E => HCoVs - Seasonal (OC43, HKU-1, NL63, 229E)
05/08/2024 04:17:32 PM INFO:: [Fuzzy] Closest Match Found. Changing Full Length spike Trimer => Full Length Spike Trimer
05/08/2024 04:17:40 PM INFO:: [User Change] HCoV-HKU1 => HCoVs - Seasonal (OC43, HKU-1, NL63, 229E)
05/08/2024 04:17:40 PM INFO:: [Fuzzy] Closest Match Found. Changing Full Length spike Trimer => Full Length Spike Trimer
05/08/2024 04:17:47 PM INFO:: [User Change] HCoV-NL63 => HCoVs - Seasonal (OC43, HKU-1, NL63, 229E)
05/08/2024 04:17:47 PM INFO:: [Fuzzy] Closest Match Found. Changing Full Length spike Trimer => Full Length Spike Trimer
05/08/2024 04:17:53 PM INFO:: [User Change] HCoV-OC43 => HCoVs - Seasonal (OC43, HKU-1, NL63, 229E)
05/08/2024 04:17:53 PM [INFO]:: [Fuzzy] Multiplex flow immunoassay => Multiplex Immunoassay : score 85
05/08/2024 04:17:53 PM INFO:: [Fuzzy] Closest Match Found. Changing Full Length spike Trimer => Full Length Spike Trimer
05/08/2024 04:17:53 PM INFO:: [Fuzzy] Closest Match Found. Changing Full Length spike Trimer => Full Length Spike Trimer
05/08/2024 04:17:53 PM INFO:: [Fuzzy] Closest Match Found. Changing Full Length spike Trimer => Full Length Spike Trimer
05/08/2024 04:17:53 PM [INFO]:: [Fuzzy] Multiplex flow immunoassay => Multiplex Immunoassay : score 85
05/08/2024 04:17:53 PM [INFO]:: [Fuzzy] Multiplex flow immunoassay => Multiplex Immunoassay : score 85
05/08/2024 04:17:53 PM INFO:: [Fuzzy] Closest Match Found. Changing CMV antigens => CMV Antigens
05/08/2024 04:18:01 PM INFO:: [User Change] CMV antigens => CMV
05/08/2024 04:18:01 PM INFO:: [Fuzzy] Closest Match Found. Changing Full Length spike Trimer => Full Length Spike Trimer
05/08/2024 04:18:01 PM Previous Input: Virus Target, HCoV-229E => HCoVs - Seasonal (OC43, HKU-1, NL63, 229E)
05/08/2024 04:18:01 PM INFO:: [Fuzzy] Closest Match Found. Changing Full Length spike Trimer => Full Length Spike Trimer
05/08/2024 04:18:01 PM Previous Input: Virus Target, HCoV-HKU1 => HCoVs - Seasonal (OC43, HKU-1, NL63, 229E)
05/08/2024 04:18:01 PM INFO:: [Fuzzy] Closest Match Found. Changing Full Length spike Trimer => Full Length Spike Trimer
05/08/2024 04:18:01 PM Previous Input: Virus Target, HCoV-NL63 => HCoVs - Seasonal (OC43, HKU-1, NL63, 229E)
05/08/2024 04:18:01 PM INFO:: [Fuzzy] Closest Match Found. Changing Full Length spike Trimer => Full Length Spike Trimer
05/08/2024 04:18:01 PM Previous Input: Virus Target, HCoV-OC43 => HCoVs - Seasonal (OC43, HKU-1, NL63, 229E)
05/08/2024 04:18:05 PM INFO:: [User Change] CMV virus lysate => CMV Antigens
05/08/2024 04:18:05 PM INFO:: [Fuzzy] Closest Match Found. Changing Full Length spike Trimer => Full Length Spike Trimer
05/08/2024 04:18:05 PM INFO:: [Fuzzy] Closest Match Found. Changing Full Length spike Trimer => Full Length Spike Trimer
05/08/2024 04:18:05 PM INFO:: [Fuzzy] Closest Match Found. Changing Full Length spike Trimer => Full Length Spike Trimer
05/08/2024 04:18:05 PM INFO:: [Fuzzy] Closest Match Found. Changing spike => Full Length Spike Trimer
05/08/2024 04:18:05 PM Previous Input: Virus Target, HCoV-229E => HCoVs - Seasonal (OC43, HKU-1, NL63, 229E)
05/08/2024 04:18:05 PM INFO:: [Fuzzy] Closest Match Found. Changing spike => Full Length Spike Trimer
05/08/2024 04:18:05 PM Previous Input: Virus Target, HCoV-HKU1 => HCoVs - Seasonal (OC43, HKU-1, NL63, 229E)
05/08/2024 04:18:05 PM INFO:: [Fuzzy] Closest Match Found. Changing spike => Full Length Spike Trimer
05/08/2024 04:18:05 PM Previous Input: Virus Target, HCoV-NL63 => HCoVs - Seasonal (OC43, HKU-1, NL63, 229E)
05/08/2024 04:18:05 PM INFO:: [Fuzzy] Closest Match Found. Changing spike => Full Length Spike Trimer
05/08/2024 04:18:05 PM Previous Input: Virus Target, HCoV-OC43 => HCoVs - Seasonal (OC43, HKU-1, NL63, 229E)
05/08/2024 04:18:08 PM INFO:: [User Change] hCMV => CMV Antigens
05/08/2024 04:18:08 PM INFO:: [Fuzzy] Closest Match Found. Changing EBV early antigen diffuse => EBV Early Antigen Diffuse
05/08/2024 04:18:08 PM INFO:: [Fuzzy] Closest Match Found. Changing EBV Nuclear antigen - 1 => EBV Nuclear Antigen - 1
05/08/2024 04:18:08 PM INFO:: [Fuzzy] Closest Match Found. Changing Full Length spike Trimer => Full Length Spike Trimer
05/08/2024 04:18:08 PM INFO:: [Fuzzy] Closest Match Found. Changing Full Length spike Trimer => Full Length Spike Trimer
05/08/2024 04:18:08 PM INFO:: [Fuzzy] Closest Match Found. Changing hepatitis B Core Antigen => Hepatitis B Core Antigen
05/08/2024 04:18:08 PM INFO:: [Fuzzy] Closest Match Found. Changing Full Length spike Trimer => Full Length Spike Trimer
05/08/2024 04:18:08 PM Previous Input: Virus Target, HCoV-229E => HCoVs - Seasonal (OC43, HKU-1, NL63, 229E)
05/08/2024 04:18:08 PM INFO:: [Fuzzy] Closest Match Found. Changing Full Length spike Trimer => Full Length Spike Trimer
05/08/2024 04:18:08 PM Previous Input: Virus Target, HCoV-HKU1 => HCoVs - Seasonal (OC43, HKU-1, NL63, 229E)
05/08/2024 04:18:08 PM INFO:: [Fuzzy] Closest Match Found. Changing Full Length spike Trimer => Full Length Spike Trimer
05/08/2024 04:18:08 PM Previous Input: Virus Target, HCoV-NL63 => HCoVs - Seasonal (OC43, HKU-1, NL63, 229E)
05/08/2024 04:18:08 PM INFO:: [Fuzzy] Closest Match Found. Changing Full Length spike Trimer => Full Length Spike Trimer
05/08/2024 04:18:08 PM Previous Input: Virus Target, HCoV-OC43 => HCoVs - Seasonal (OC43, HKU-1, NL63, 229E)
05/08/2024 06:28:32 PM 
PMID: 12345678
05/08/2024 06:28:32 PM WARNING:: [Sex_at_Birth] Changing 'male | female' to 'other'
05/08/2024 06:28:32 PM Warning:: [Race] Changing 'Race' to 'other' and moving data to [Race Specify]
05/08/2024 06:28:32 PM Warning:: [Ethnicity] Changing list to other in ImmPort Templates
05/08/2024 06:28:33 PM INFO:: [Fuzzy] Closest Match Found. Changing Immunosuppressive Disorder => Immunosuppressive Disorder 
05/08/2024 06:28:33 PM [INFO]:: [Fuzzy] Lung Disease => Lung Disease
 : score 96
05/08/2024 06:28:36 PM INFO:: [User Change] Not Specified => Not Applicable
05/08/2024 06:28:36 PM INFO:: [Fuzzy] Closest Match Found. Changing SARS-CoV-2 Epsilon; B.1.427 => SARS-CoV-2 Epsilon; B.1.427 / B.1.429
05/08/2024 06:28:36 PM INFO:: [Fuzzy] Closest Match Found. Changing B.1.429 => SARS-CoV-2 Epsilon; B.1.427 / B.1.429
05/08/2024 06:28:36 PM INFO:: [Fuzzy] Closest Match Found. Changing SARS-CoV-2 Lambda; => SARS-CoV-2 Lambda; C.37
05/08/2024 06:28:36 PM [INFO]:: [Fuzzy] SARS-CoV-2 OmicrA micron variant CA.3.1 => SARS-CoV-2 Omicron variant CA.3.1 : score 92
05/08/2024 06:28:36 PM INFO:: [Fuzzy] Closest Match Found. Changing Not specified => Not Specified
05/08/2024 06:28:36 PM INFO:: [Fuzzy] Closest Match Found. Changing Full Length spike Trimer => Full Length Spike Trimer
05/08/2024 06:28:36 PM INFO:: [Fuzzy] Closest Match Found. Changing Full Length spike Trimer => Full Length Spike Trimer
05/08/2024 06:28:36 PM INFO:: [Fuzzy] Closest Match Found. Changing spike => Full Length Spike Trimer
05/08/2024 06:28:36 PM INFO:: [Fuzzy] Closest Match Found. Changing spike => Full Length Spike Trimer
05/08/2024 06:28:36 PM INFO:: [Fuzzy] Closest Match Found. Changing RBD => Receptor Binding Domain (RBD)
05/08/2024 06:28:36 PM INFO:: [Fuzzy] Closest Match Found. Changing Full Length spike Trimer => Full Length Spike Trimer
05/08/2024 06:28:36 PM INFO:: [Fuzzy] Closest Match Found. Changing spike => Full Length Spike Trimer
05/08/2024 06:28:36 PM INFO:: [Fuzzy] Closest Match Found. Changing spike => Full Length Spike Trimer
05/08/2024 06:28:36 PM INFO:: [Fuzzy] Closest Match Found. Changing Full Length spike Trimer => Full Length Spike Trimer
05/08/2024 06:28:39 PM INFO:: [User Change] HCoV-229E => HCoVs - Seasonal (OC43, HKU-1, NL63, 229E)
05/08/2024 06:28:39 PM INFO:: [Fuzzy] Closest Match Found. Changing Full Length spike Trimer => Full Length Spike Trimer
05/08/2024 06:28:44 PM INFO:: [User Change] HCoV-HKU1 => HCoVs - Seasonal (OC43, HKU-1, NL63, 229E)
05/08/2024 06:28:44 PM INFO:: [Fuzzy] Closest Match Found. Changing Full Length spike Trimer => Full Length Spike Trimer
05/08/2024 06:28:45 PM INFO:: [User Change] HCoV-NL63 => HCoVs - Seasonal (OC43, HKU-1, NL63, 229E)
05/08/2024 06:28:45 PM INFO:: [Fuzzy] Closest Match Found. Changing Full Length spike Trimer => Full Length Spike Trimer
05/08/2024 06:28:47 PM INFO:: [User Change] HCoV-OC43 => HCoVs - Seasonal (OC43, HKU-1, NL63, 229E)
05/08/2024 06:28:47 PM [INFO]:: [Fuzzy] Multiplex flow immunoassay => Multiplex Immunoassay : score 85
05/08/2024 06:28:47 PM INFO:: [Fuzzy] Closest Match Found. Changing Full Length spike Trimer => Full Length Spike Trimer
05/08/2024 06:28:47 PM INFO:: [Fuzzy] Closest Match Found. Changing Full Length spike Trimer => Full Length Spike Trimer
05/08/2024 06:28:47 PM INFO:: [Fuzzy] Closest Match Found. Changing Full Length spike Trimer => Full Length Spike Trimer
05/08/2024 06:28:47 PM [INFO]:: [Fuzzy] Multiplex flow immunoassay => Multiplex Immunoassay : score 85
05/08/2024 06:28:47 PM [INFO]:: [Fuzzy] Multiplex flow immunoassay => Multiplex Immunoassay : score 85
05/08/2024 06:28:47 PM INFO:: [Fuzzy] Closest Match Found. Changing CMV antigens => CMV Antigens
05/08/2024 06:28:48 PM INFO:: [User Change] CMV antigens => CMV
05/08/2024 06:28:48 PM INFO:: [Fuzzy] Closest Match Found. Changing Full Length spike Trimer => Full Length Spike Trimer
05/08/2024 06:28:48 PM Previous Input: Virus Target, HCoV-229E => HCoVs - Seasonal (OC43, HKU-1, NL63, 229E)
05/08/2024 06:28:48 PM INFO:: [Fuzzy] Closest Match Found. Changing Full Length spike Trimer => Full Length Spike Trimer
05/08/2024 06:28:48 PM Previous Input: Virus Target, HCoV-HKU1 => HCoVs - Seasonal (OC43, HKU-1, NL63, 229E)
05/08/2024 06:28:48 PM INFO:: [Fuzzy] Closest Match Found. Changing Full Length spike Trimer => Full Length Spike Trimer
05/08/2024 06:28:48 PM Previous Input: Virus Target, HCoV-NL63 => HCoVs - Seasonal (OC43, HKU-1, NL63, 229E)
05/08/2024 06:28:48 PM INFO:: [Fuzzy] Closest Match Found. Changing Full Length spike Trimer => Full Length Spike Trimer
05/08/2024 06:28:48 PM Previous Input: Virus Target, HCoV-OC43 => HCoVs - Seasonal (OC43, HKU-1, NL63, 229E)
05/08/2024 06:28:49 PM INFO:: [User Change] CMV virus lysate => CMV Antigens
05/08/2024 06:28:49 PM INFO:: [Fuzzy] Closest Match Found. Changing Full Length spike Trimer => Full Length Spike Trimer
05/08/2024 06:28:49 PM INFO:: [Fuzzy] Closest Match Found. Changing Full Length spike Trimer => Full Length Spike Trimer
05/08/2024 06:28:49 PM INFO:: [Fuzzy] Closest Match Found. Changing Full Length spike Trimer => Full Length Spike Trimer
05/08/2024 06:28:49 PM INFO:: [Fuzzy] Closest Match Found. Changing spike => Full Length Spike Trimer
05/08/2024 06:28:49 PM Previous Input: Virus Target, HCoV-229E => HCoVs - Seasonal (OC43, HKU-1, NL63, 229E)
05/08/2024 06:28:49 PM INFO:: [Fuzzy] Closest Match Found. Changing spike => Full Length Spike Trimer
05/08/2024 06:28:49 PM Previous Input: Virus Target, HCoV-HKU1 => HCoVs - Seasonal (OC43, HKU-1, NL63, 229E)
05/08/2024 06:28:49 PM INFO:: [Fuzzy] Closest Match Found. Changing spike => Full Length Spike Trimer
05/08/2024 06:28:49 PM Previous Input: Virus Target, HCoV-NL63 => HCoVs - Seasonal (OC43, HKU-1, NL63, 229E)
05/08/2024 06:28:49 PM INFO:: [Fuzzy] Closest Match Found. Changing spike => Full Length Spike Trimer
05/08/2024 06:28:49 PM Previous Input: Virus Target, HCoV-OC43 => HCoVs - Seasonal (OC43, HKU-1, NL63, 229E)
05/08/2024 06:28:51 PM INFO:: [User Change] hCMV => CMV Antigens
05/08/2024 06:28:51 PM INFO:: [Fuzzy] Closest Match Found. Changing EBV early antigen diffuse => EBV Early Antigen Diffuse
05/08/2024 06:28:51 PM INFO:: [Fuzzy] Closest Match Found. Changing EBV Nuclear antigen - 1 => EBV Nuclear Antigen - 1
05/08/2024 06:28:51 PM INFO:: [Fuzzy] Closest Match Found. Changing Full Length spike Trimer => Full Length Spike Trimer
05/08/2024 06:28:51 PM INFO:: [Fuzzy] Closest Match Found. Changing Full Length spike Trimer => Full Length Spike Trimer
05/08/2024 06:28:51 PM INFO:: [Fuzzy] Closest Match Found. Changing hepatitis B Core Antigen => Hepatitis B Core Antigen
05/08/2024 06:28:51 PM INFO:: [Fuzzy] Closest Match Found. Changing Full Length spike Trimer => Full Length Spike Trimer
05/08/2024 06:28:51 PM Previous Input: Virus Target, HCoV-229E => HCoVs - Seasonal (OC43, HKU-1, NL63, 229E)
05/08/2024 06:28:51 PM INFO:: [Fuzzy] Closest Match Found. Changing Full Length spike Trimer => Full Length Spike Trimer
05/08/2024 06:28:51 PM Previous Input: Virus Target, HCoV-HKU1 => HCoVs - Seasonal (OC43, HKU-1, NL63, 229E)
05/08/2024 06:28:51 PM INFO:: [Fuzzy] Closest Match Found. Changing Full Length spike Trimer => Full Length Spike Trimer
05/08/2024 06:28:51 PM Previous Input: Virus Target, HCoV-NL63 => HCoVs - Seasonal (OC43, HKU-1, NL63, 229E)
05/08/2024 06:28:51 PM INFO:: [Fuzzy] Closest Match Found. Changing Full Length spike Trimer => Full Length Spike Trimer
05/08/2024 06:28:51 PM Previous Input: Virus Target, HCoV-OC43 => HCoVs - Seasonal (OC43, HKU-1, NL63, 229E)
05/08/2024 06:37:56 PM 
PMID: 12345678
05/08/2024 06:37:56 PM WARNING:: [Sex_at_Birth] Changing 'male | female' to 'other'
05/08/2024 06:37:56 PM Warning:: [Race] Changing 'Race' to 'other' and moving data to [Race Specify]
05/08/2024 06:37:56 PM Warning:: [Ethnicity] Changing list to other in ImmPort Templates
05/08/2024 06:37:57 PM INFO:: [Fuzzy] Closest Match Found. Changing Immunosuppressive Disorder => Immunosuppressive Disorder 
05/08/2024 06:37:57 PM [INFO]:: [Fuzzy] Lung Disease => Lung Disease
 : score 96
05/08/2024 06:37:59 PM INFO:: [User Change] Not Specified => Not Applicable
05/08/2024 06:37:59 PM INFO:: [Fuzzy] Closest Match Found. Changing SARS-CoV-2 Epsilon; B.1.427 => SARS-CoV-2 Epsilon; B.1.427 / B.1.429
05/08/2024 06:37:59 PM INFO:: [Fuzzy] Closest Match Found. Changing B.1.429 => SARS-CoV-2 Epsilon; B.1.427 / B.1.429
05/08/2024 06:37:59 PM INFO:: [Fuzzy] Closest Match Found. Changing SARS-CoV-2 Lambda; => SARS-CoV-2 Lambda; C.37
05/08/2024 06:37:59 PM [INFO]:: [Fuzzy] SARS-CoV-2 OmicrA micron variant CA.3.1 => SARS-CoV-2 Omicron variant CA.3.1 : score 92
05/08/2024 06:37:59 PM INFO:: [Fuzzy] Closest Match Found. Changing Not specified => Not Specified
05/08/2024 06:37:59 PM INFO:: [Fuzzy] Closest Match Found. Changing Full Length spike Trimer => Full Length Spike Trimer
05/08/2024 06:37:59 PM INFO:: [Fuzzy] Closest Match Found. Changing Full Length spike Trimer => Full Length Spike Trimer
05/08/2024 06:37:59 PM INFO:: [Fuzzy] Closest Match Found. Changing spike => Full Length Spike Trimer
05/08/2024 06:37:59 PM INFO:: [Fuzzy] Closest Match Found. Changing spike => Full Length Spike Trimer
05/08/2024 06:37:59 PM INFO:: [Fuzzy] Closest Match Found. Changing RBD => Receptor Binding Domain (RBD)
05/08/2024 06:37:59 PM INFO:: [Fuzzy] Closest Match Found. Changing Full Length spike Trimer => Full Length Spike Trimer
05/08/2024 06:37:59 PM INFO:: [Fuzzy] Closest Match Found. Changing spike => Full Length Spike Trimer
05/08/2024 06:37:59 PM INFO:: [Fuzzy] Closest Match Found. Changing spike => Full Length Spike Trimer
05/08/2024 06:37:59 PM INFO:: [Fuzzy] Closest Match Found. Changing Full Length spike Trimer => Full Length Spike Trimer
05/08/2024 06:38:03 PM INFO:: [User Change] HCoV-229E => HCoVs - Seasonal (OC43, HKU-1, NL63, 229E)
05/08/2024 06:38:03 PM INFO:: [Fuzzy] Closest Match Found. Changing Full Length spike Trimer => Full Length Spike Trimer
05/08/2024 06:38:06 PM INFO:: [User Change] HCoV-HKU1 => HCoVs - Seasonal (OC43, HKU-1, NL63, 229E)
05/08/2024 06:38:06 PM INFO:: [Fuzzy] Closest Match Found. Changing Full Length spike Trimer => Full Length Spike Trimer
05/08/2024 06:38:07 PM INFO:: [User Change] HCoV-NL63 => HCoVs - Seasonal (OC43, HKU-1, NL63, 229E)
05/08/2024 06:38:07 PM INFO:: [Fuzzy] Closest Match Found. Changing Full Length spike Trimer => Full Length Spike Trimer
05/08/2024 06:38:09 PM INFO:: [User Change] HCoV-OC43 => HCoVs - Seasonal (OC43, HKU-1, NL63, 229E)
05/08/2024 06:38:09 PM [INFO]:: [Fuzzy] Multiplex flow immunoassay => Multiplex Immunoassay : score 85
05/08/2024 06:38:09 PM INFO:: [Fuzzy] Closest Match Found. Changing Full Length spike Trimer => Full Length Spike Trimer
05/08/2024 06:38:09 PM INFO:: [Fuzzy] Closest Match Found. Changing Full Length spike Trimer => Full Length Spike Trimer
05/08/2024 06:38:09 PM INFO:: [Fuzzy] Closest Match Found. Changing Full Length spike Trimer => Full Length Spike Trimer
05/08/2024 06:38:09 PM [INFO]:: [Fuzzy] Multiplex flow immunoassay => Multiplex Immunoassay : score 85
05/08/2024 06:38:09 PM [INFO]:: [Fuzzy] Multiplex flow immunoassay => Multiplex Immunoassay : score 85
05/08/2024 06:38:09 PM INFO:: [Fuzzy] Closest Match Found. Changing CMV antigens => CMV Antigens
05/08/2024 06:38:10 PM INFO:: [User Change] CMV antigens => CMV
05/08/2024 06:38:10 PM INFO:: [Fuzzy] Closest Match Found. Changing Full Length spike Trimer => Full Length Spike Trimer
05/08/2024 06:38:10 PM Previous Input: Virus Target, HCoV-229E => HCoVs - Seasonal (OC43, HKU-1, NL63, 229E)
05/08/2024 06:38:10 PM INFO:: [Fuzzy] Closest Match Found. Changing Full Length spike Trimer => Full Length Spike Trimer
05/08/2024 06:38:10 PM Previous Input: Virus Target, HCoV-HKU1 => HCoVs - Seasonal (OC43, HKU-1, NL63, 229E)
05/08/2024 06:38:10 PM INFO:: [Fuzzy] Closest Match Found. Changing Full Length spike Trimer => Full Length Spike Trimer
05/08/2024 06:38:10 PM Previous Input: Virus Target, HCoV-NL63 => HCoVs - Seasonal (OC43, HKU-1, NL63, 229E)
05/08/2024 06:38:10 PM INFO:: [Fuzzy] Closest Match Found. Changing Full Length spike Trimer => Full Length Spike Trimer
05/08/2024 06:38:10 PM Previous Input: Virus Target, HCoV-OC43 => HCoVs - Seasonal (OC43, HKU-1, NL63, 229E)
05/08/2024 06:38:11 PM INFO:: [User Change] CMV virus lysate => CMV Antigens
05/08/2024 06:38:11 PM INFO:: [Fuzzy] Closest Match Found. Changing Full Length spike Trimer => Full Length Spike Trimer
05/08/2024 06:38:11 PM INFO:: [Fuzzy] Closest Match Found. Changing Full Length spike Trimer => Full Length Spike Trimer
05/08/2024 06:38:11 PM INFO:: [Fuzzy] Closest Match Found. Changing Full Length spike Trimer => Full Length Spike Trimer
05/08/2024 06:38:11 PM INFO:: [Fuzzy] Closest Match Found. Changing spike => Full Length Spike Trimer
05/08/2024 06:38:11 PM Previous Input: Virus Target, HCoV-229E => HCoVs - Seasonal (OC43, HKU-1, NL63, 229E)
05/08/2024 06:38:11 PM INFO:: [Fuzzy] Closest Match Found. Changing spike => Full Length Spike Trimer
05/08/2024 06:38:11 PM Previous Input: Virus Target, HCoV-HKU1 => HCoVs - Seasonal (OC43, HKU-1, NL63, 229E)
05/08/2024 06:38:11 PM INFO:: [Fuzzy] Closest Match Found. Changing spike => Full Length Spike Trimer
05/08/2024 06:38:11 PM Previous Input: Virus Target, HCoV-NL63 => HCoVs - Seasonal (OC43, HKU-1, NL63, 229E)
05/08/2024 06:38:11 PM INFO:: [Fuzzy] Closest Match Found. Changing spike => Full Length Spike Trimer
05/08/2024 06:38:11 PM Previous Input: Virus Target, HCoV-OC43 => HCoVs - Seasonal (OC43, HKU-1, NL63, 229E)
05/08/2024 06:38:12 PM INFO:: [User Change] hCMV => CMV Antigens
05/08/2024 06:38:12 PM INFO:: [Fuzzy] Closest Match Found. Changing EBV early antigen diffuse => EBV Early Antigen Diffuse
05/08/2024 06:38:12 PM INFO:: [Fuzzy] Closest Match Found. Changing EBV Nuclear antigen - 1 => EBV Nuclear Antigen - 1
05/08/2024 06:38:12 PM INFO:: [Fuzzy] Closest Match Found. Changing Full Length spike Trimer => Full Length Spike Trimer
05/08/2024 06:38:12 PM INFO:: [Fuzzy] Closest Match Found. Changing Full Length spike Trimer => Full Length Spike Trimer
05/08/2024 06:38:12 PM INFO:: [Fuzzy] Closest Match Found. Changing hepatitis B Core Antigen => Hepatitis B Core Antigen
05/08/2024 06:38:12 PM INFO:: [Fuzzy] Closest Match Found. Changing Full Length spike Trimer => Full Length Spike Trimer
05/08/2024 06:38:12 PM Previous Input: Virus Target, HCoV-229E => HCoVs - Seasonal (OC43, HKU-1, NL63, 229E)
05/08/2024 06:38:12 PM INFO:: [Fuzzy] Closest Match Found. Changing Full Length spike Trimer => Full Length Spike Trimer
05/08/2024 06:38:12 PM Previous Input: Virus Target, HCoV-HKU1 => HCoVs - Seasonal (OC43, HKU-1, NL63, 229E)
05/08/2024 06:38:12 PM INFO:: [Fuzzy] Closest Match Found. Changing Full Length spike Trimer => Full Length Spike Trimer
05/08/2024 06:38:12 PM Previous Input: Virus Target, HCoV-NL63 => HCoVs - Seasonal (OC43, HKU-1, NL63, 229E)
05/08/2024 06:38:12 PM INFO:: [Fuzzy] Closest Match Found. Changing Full Length spike Trimer => Full Length Spike Trimer
05/08/2024 06:38:12 PM Previous Input: Virus Target, HCoV-OC43 => HCoVs - Seasonal (OC43, HKU-1, NL63, 229E)
