08/07/2024 03:51:48 PM 
PMID: XXXX
08/07/2024 03:51:48 PM WARNING:: [Sex_at_Birth] Changing 'male | female' to 'other'
08/07/2024 03:51:48 PM WARNING:: [Sex_at_Birth] Changing 'male | female' to 'other'
08/07/2024 03:51:48 PM Warning:: [Race] Changing 'Race' to 'other' and moving data to [Race Specify]
08/07/2024 03:51:48 PM Warning:: [Race] Changing 'Race' to 'other' and moving data to [Race Specify]
08/07/2024 03:51:48 PM Warning:: [Ethnicity] Changing list to other in ImmPort Templates
08/07/2024 03:51:48 PM Warning:: [Ethnicity] Changing list to other in ImmPort Templates
08/07/2024 03:56:57 PM 
PMID: XXXX
08/07/2024 03:56:57 PM WARNING:: [Sex_at_Birth] Changing 'male | female' to 'other'
08/07/2024 03:56:57 PM WARNING:: [Sex_at_Birth] Changing 'male | female' to 'other'
08/07/2024 03:56:57 PM Warning:: [Race] Changing 'Race' to 'other' and moving data to [Race Specify]
08/07/2024 03:56:57 PM Warning:: [Race] Changing 'Race' to 'other' and moving data to [Race Specify]
08/07/2024 03:56:57 PM Warning:: [Ethnicity] Changing list to other in ImmPort Templates
08/07/2024 03:56:57 PM Warning:: [Ethnicity] Changing list to other in ImmPort Templates
08/07/2024 04:04:49 PM 
PMID: XXXX
08/07/2024 04:04:49 PM WARNING:: [Sex_at_Birth] Changing 'male | female' to 'other'
08/07/2024 04:04:49 PM WARNING:: [Sex_at_Birth] Changing 'male | female' to 'other'
08/07/2024 04:04:49 PM Warning:: [Race] Changing 'Race' to 'other' and moving data to [Race Specify]
08/07/2024 04:04:49 PM Warning:: [Race] Changing 'Race' to 'other' and moving data to [Race Specify]
08/07/2024 04:04:49 PM Warning:: [Ethnicity] Changing list to other in ImmPort Templates
08/07/2024 04:04:49 PM Warning:: [Ethnicity] Changing list to other in ImmPort Templates
08/07/2024 04:07:24 PM 
PMID: XXXX
08/07/2024 04:07:24 PM WARNING:: [Sex_at_Birth] Changing 'male | female' to 'other'
08/07/2024 04:07:24 PM WARNING:: [Sex_at_Birth] Changing 'male | female' to 'other'
08/07/2024 04:07:24 PM Warning:: [Race] Changing 'Race' to 'other' and moving data to [Race Specify]
08/07/2024 04:07:24 PM Warning:: [Race] Changing 'Race' to 'other' and moving data to [Race Specify]
08/07/2024 04:07:24 PM Warning:: [Ethnicity] Changing list to other in ImmPort Templates
08/07/2024 04:07:24 PM Warning:: [Ethnicity] Changing list to other in ImmPort Templates
08/07/2024 04:30:13 PM 
PMID: XXXX
08/07/2024 04:30:13 PM WARNING:: [Sex_at_Birth] Changing 'male | female' to 'other'
08/07/2024 04:30:13 PM WARNING:: [Sex_at_Birth] Changing 'male | female' to 'other'
08/07/2024 04:30:13 PM Warning:: [Race] Changing 'Race' to 'other' and moving data to [Race Specify]
08/07/2024 04:30:13 PM Warning:: [Race] Changing 'Race' to 'other' and moving data to [Race Specify]
08/07/2024 04:30:13 PM Warning:: [Ethnicity] Changing list to other in ImmPort Templates
08/07/2024 04:30:13 PM Warning:: [Ethnicity] Changing list to other in ImmPort Templates
08/07/2024 04:43:59 PM 
PMID: XXXX
08/07/2024 04:43:59 PM WARNING:: [Sex_at_Birth] Changing 'male | female' to 'other'
08/07/2024 04:43:59 PM WARNING:: [Sex_at_Birth] Changing 'male | female' to 'other'
08/07/2024 04:43:59 PM Warning:: [Race] Changing 'Race' to 'other' and moving data to [Race Specify]
08/07/2024 04:43:59 PM Warning:: [Race] Changing 'Race' to 'other' and moving data to [Race Specify]
08/07/2024 04:43:59 PM Warning:: [Ethnicity] Changing list to other in ImmPort Templates
08/07/2024 04:43:59 PM Warning:: [Ethnicity] Changing list to other in ImmPort Templates
