05/03/2022 08:32:21 AM diff parser start
05/03/2022 08:32:21 AM line_lengths old: 1; new: 1
05/03/2022 08:32:21 AM -> code[replace] old[1:1] new[1:1]
05/03/2022 08:32:21 AM parse_part from 1 to 1 (to 0 in part parser)
05/03/2022 08:32:21 AM diff parser end
05/03/2022 08:32:21 AM pickle loaded: /Users/liualg/opt/anaconda3/lib/python3.8/site-packages/jedi/third_party/typeshed/stdlib/2and3/builtins.pyi
05/03/2022 08:32:39 AM diff parser start
05/03/2022 08:32:39 AM line_lengths old: 1; new: 24
05/03/2022 08:32:39 AM -> code[replace] old[1:1] new[1:24]
05/03/2022 08:32:39 AM parse_part from 1 to 24 (to 23 in part parser)
05/03/2022 08:32:39 AM diff parser end
05/03/2022 08:32:39 AM pickle loaded: /Users/liualg/opt/anaconda3/lib/python3.8/typing.py
05/03/2022 08:32:39 AM pickle loaded: /Users/liualg/opt/anaconda3/lib/python3.8/site-packages/jedi/third_party/typeshed/stdlib/3/typing.pyi
05/03/2022 08:32:39 AM pickle loaded: /Users/liualg/opt/anaconda3/lib/python3.8/abc.py
05/03/2022 08:32:39 AM pickle loaded: /Users/liualg/opt/anaconda3/lib/python3.8/site-packages/jedi/third_party/typeshed/stdlib/3/abc.pyi
05/03/2022 08:32:39 AM pickle loaded: /Users/liualg/opt/anaconda3/lib/python3.8/site-packages/jedi/third_party/typeshed/stdlib/3/sys.pyi
05/03/2022 08:32:44 AM diff parser start
05/03/2022 08:32:44 AM line_lengths old: 24; new: 24
05/03/2022 08:32:44 AM -> code[equal] old[1:23] new[1:23]
05/03/2022 08:32:44 AM parse_part from 1 to 24 (to 23 in part parser)
05/03/2022 08:32:44 AM -> code[replace] old[24:24] new[24:24]
05/03/2022 08:32:44 AM diff parser end
05/03/2022 08:32:46 AM diff parser start
05/03/2022 08:32:46 AM line_lengths old: 24; new: 24
05/03/2022 08:32:46 AM -> code[equal] old[1:23] new[1:23]
05/03/2022 08:32:46 AM parse_part from 1 to 24 (to 23 in part parser)
05/03/2022 08:32:46 AM -> code[replace] old[24:24] new[24:24]
05/03/2022 08:32:46 AM diff parser end
05/03/2022 08:32:51 AM diff parser start
05/03/2022 08:32:51 AM line_lengths old: 24; new: 24
05/03/2022 08:32:51 AM -> code[equal] old[1:23] new[1:23]
05/03/2022 08:32:51 AM parse_part from 1 to 24 (to 23 in part parser)
05/03/2022 08:32:51 AM -> code[replace] old[24:24] new[24:24]
05/03/2022 08:32:51 AM diff parser end
05/04/2022 11:38:52 AM diff parser start
05/04/2022 11:38:52 AM line_lengths old: 24; new: 1
05/04/2022 11:38:52 AM -> code[replace] old[1:24] new[1:1]
05/04/2022 11:38:52 AM parse_part from 1 to 1 (to 0 in part parser)
05/04/2022 11:38:52 AM diff parser end
05/04/2022 11:38:53 AM diff parser start
05/04/2022 11:38:53 AM line_lengths old: 1; new: 1
05/04/2022 11:38:53 AM -> code[replace] old[1:1] new[1:1]
05/04/2022 11:38:53 AM parse_part from 1 to 1 (to 0 in part parser)
05/04/2022 11:38:53 AM diff parser end
