09/17/2024 11:44:55 AM 
PMID: 37104041 ####################
09/17/2024 11:50:09 AM 
PMID: 37104041 ####################
09/17/2024 11:50:09 AM WARNING:: [Sex_at_Birth] Changing 'male | female' to 'other'
09/17/2024 11:50:09 AM WARNING:: [Sex_at_Birth] Changing 'male | female' to 'other'
09/17/2024 11:50:09 AM WARNING:: [Sex_at_Birth] Changing 'male | female' to 'other'
09/17/2024 11:50:09 AM Warning:: [Race] Changing 'Race' to 'other' and moving data to [Race Specify]
09/17/2024 11:50:09 AM Warning:: [Race] Changing 'Race' to 'other' and moving data to [Race Specify]
09/17/2024 11:50:09 AM Warning:: [Race] Changing 'Race' to 'other' and moving data to [Race Specify]
09/17/2024 11:50:09 AM Warning:: [Ethnicity] Changing list to other in ImmPort Templates
09/17/2024 11:50:09 AM Warning:: [Ethnicity] Changing list to other in ImmPort Templates
09/17/2024 11:50:09 AM Warning:: [Ethnicity] Changing list to other in ImmPort Templates
09/17/2024 11:50:49 AM 
PMID: 37104041 ####################
09/17/2024 11:50:49 AM WARNING:: [Sex_at_Birth] Changing 'male | female' to 'other'
09/17/2024 11:50:49 AM WARNING:: [Sex_at_Birth] Changing 'male | female' to 'other'
09/17/2024 11:50:49 AM WARNING:: [Sex_at_Birth] Changing 'male | female' to 'other'
09/17/2024 11:50:49 AM Warning:: [Race] Changing 'Race' to 'other' and moving data to [Race Specify]
09/17/2024 11:50:49 AM Warning:: [Race] Changing 'Race' to 'other' and moving data to [Race Specify]
09/17/2024 11:50:49 AM Warning:: [Race] Changing 'Race' to 'other' and moving data to [Race Specify]
09/17/2024 11:50:49 AM Warning:: [Ethnicity] Changing list to other in ImmPort Templates
09/17/2024 11:50:49 AM Warning:: [Ethnicity] Changing list to other in ImmPort Templates
09/17/2024 11:50:49 AM Warning:: [Ethnicity] Changing list to other in ImmPort Templates
09/17/2024 11:51:55 AM 
PMID: 37104041 ####################
09/17/2024 11:51:55 AM WARNING:: [Sex_at_Birth] Changing 'male | female' to 'other'
09/17/2024 11:51:55 AM WARNING:: [Sex_at_Birth] Changing 'male | female' to 'other'
09/17/2024 11:51:55 AM WARNING:: [Sex_at_Birth] Changing 'male | female' to 'other'
09/17/2024 11:51:55 AM Warning:: [Race] Changing 'Race' to 'other' and moving data to [Race Specify]
09/17/2024 11:51:55 AM Warning:: [Race] Changing 'Race' to 'other' and moving data to [Race Specify]
09/17/2024 11:51:55 AM Warning:: [Race] Changing 'Race' to 'other' and moving data to [Race Specify]
09/17/2024 11:51:55 AM Warning:: [Ethnicity] Changing list to other in ImmPort Templates
09/17/2024 11:51:55 AM Warning:: [Ethnicity] Changing list to other in ImmPort Templates
09/17/2024 11:51:55 AM Warning:: [Ethnicity] Changing list to other in ImmPort Templates
09/17/2024 11:52:47 AM 
PMID: 37104041 ####################
09/17/2024 11:52:47 AM WARNING:: [Sex_at_Birth] Changing 'male | female' to 'other'
09/17/2024 11:52:47 AM WARNING:: [Sex_at_Birth] Changing 'male | female' to 'other'
09/17/2024 11:52:47 AM WARNING:: [Sex_at_Birth] Changing 'male | female' to 'other'
09/17/2024 11:52:47 AM Warning:: [Race] Changing 'Race' to 'other' and moving data to [Race Specify]
09/17/2024 11:52:47 AM Warning:: [Race] Changing 'Race' to 'other' and moving data to [Race Specify]
09/17/2024 11:52:47 AM Warning:: [Race] Changing 'Race' to 'other' and moving data to [Race Specify]
09/17/2024 11:52:47 AM Warning:: [Ethnicity] Changing list to other in ImmPort Templates
09/17/2024 11:52:47 AM Warning:: [Ethnicity] Changing list to other in ImmPort Templates
09/17/2024 11:52:47 AM Warning:: [Ethnicity] Changing list to other in ImmPort Templates
09/17/2024 12:10:19 PM 
PMID: 36630611 ####################
09/17/2024 12:10:19 PM WARNING:: [Sex_at_Birth] Changing 'male | female' to 'other'
09/17/2024 12:10:19 PM WARNING:: [Sex_at_Birth] Changing 'male | female' to 'other'
09/17/2024 12:10:19 PM Warning:: [Race] Changing 'Race' to 'other' and moving data to [Race Specify]
09/17/2024 12:10:19 PM Warning:: [Race] Changing 'Race' to 'other' and moving data to [Race Specify]
09/17/2024 12:10:19 PM Warning:: [Ethnicity] Changing list to other in ImmPort Templates
09/17/2024 12:10:19 PM Warning:: [Ethnicity] Changing list to other in ImmPort Templates
