09/09/2024 10:16:24 AM 
PMID: 37520727 ####################
09/09/2024 11:00:04 AM 
PMID: 38900738 ####################
09/09/2024 11:00:04 AM WARNING:: [Sex_at_Birth] Changing 'male | female' to 'other'
09/09/2024 11:00:04 AM Warning:: [Race] Changing 'Race' to 'other' and moving data to [Race Specify]
09/09/2024 11:00:04 AM Warning:: [Ethnicity] Changing list to other in ImmPort Templates
09/09/2024 11:00:08 AM INFO:: [User Change] Chemiluminescence Immunoassay (CLIA) => Chemiluminescent Assay
09/09/2024 11:00:08 AM INFO:: [Fuzzy] Closest Match Found. Changing Post-Vaccination => Post-vaccination
09/09/2024 11:00:18 AM 
PMID: 37520727 ####################
09/09/2024 11:03:18 AM 
PMID: 37520727 ####################
09/09/2024 11:04:41 AM 
PMID: 37520727 ####################
09/09/2024 11:05:30 AM 
PMID: 37520727 ####################
09/09/2024 11:06:05 AM 
PMID: 37520727 ####################
09/09/2024 11:07:10 AM 
PMID: 37520727 ####################
09/09/2024 11:07:48 AM 
PMID: 37520727 ####################
09/09/2024 11:08:17 AM 
PMID: 37520727 ####################
09/09/2024 11:08:47 AM 
PMID: 37520727 ####################
09/09/2024 11:09:50 AM 
PMID: 37520727 ####################
09/09/2024 11:09:59 AM 
PMID: 37520727 ####################
09/09/2024 11:10:18 AM 
PMID: 37520727 ####################
09/09/2024 11:10:38 AM 
PMID: 37520727 ####################
09/09/2024 11:10:46 AM 
PMID: 37520727 ####################
09/09/2024 11:11:13 AM 
PMID: 37520727 ####################
09/09/2024 11:11:32 AM 
PMID: 37520727 ####################
09/09/2024 11:12:08 AM 
PMID: 37520727 ####################
09/09/2024 11:12:42 AM 
PMID: 37520727 ####################
09/09/2024 11:14:03 AM 
PMID: 37520727 ####################
09/09/2024 11:15:10 AM 
PMID: 37520727 ####################
09/09/2024 11:16:05 AM 
PMID: 36781879 ####################
09/09/2024 11:16:05 AM ERROR:: [Subject human] Check user defined ID
09/09/2024 11:16:59 AM 
PMID: 36781879 ####################
09/09/2024 11:16:59 AM WARNING:: [Sex_at_Birth] Changing 'male | female' to 'other'
09/09/2024 11:16:59 AM WARNING:: [Sex_at_Birth] Changing 'male | female' to 'other'
09/09/2024 11:16:59 AM Warning:: [Race] Changing 'Race' to 'other' and moving data to [Race Specify]
09/09/2024 11:16:59 AM Warning:: [Race] Changing 'Race' to 'other' and moving data to [Race Specify]
09/09/2024 11:16:59 AM Warning:: [Ethnicity] Changing list to other in ImmPort Templates
09/09/2024 11:16:59 AM Warning:: [Ethnicity] Changing list to other in ImmPort Templates
09/09/2024 11:18:31 AM 
PMID: 36781879 ####################
09/09/2024 11:18:31 AM WARNING:: [Sex_at_Birth] Changing 'male | female' to 'other'
09/09/2024 11:18:31 AM WARNING:: [Sex_at_Birth] Changing 'male | female' to 'other'
09/09/2024 11:18:31 AM Warning:: [Race] Changing 'Race' to 'other' and moving data to [Race Specify]
09/09/2024 11:18:31 AM Warning:: [Race] Changing 'Race' to 'other' and moving data to [Race Specify]
09/09/2024 11:18:31 AM Warning:: [Ethnicity] Changing list to other in ImmPort Templates
09/09/2024 11:18:31 AM Warning:: [Ethnicity] Changing list to other in ImmPort Templates
09/09/2024 11:19:49 AM 
PMID: 36781879 ####################
09/09/2024 11:19:49 AM WARNING:: [Sex_at_Birth] Changing 'male | female' to 'other'
09/09/2024 11:19:49 AM WARNING:: [Sex_at_Birth] Changing 'male | female' to 'other'
09/09/2024 11:19:49 AM Warning:: [Race] Changing 'Race' to 'other' and moving data to [Race Specify]
09/09/2024 11:19:49 AM Warning:: [Race] Changing 'Race' to 'other' and moving data to [Race Specify]
09/09/2024 11:19:49 AM Warning:: [Ethnicity] Changing list to other in ImmPort Templates
09/09/2024 11:19:49 AM Warning:: [Ethnicity] Changing list to other in ImmPort Templates
09/09/2024 11:20:18 AM 
PMID: 36781879 ####################
09/09/2024 11:20:18 AM WARNING:: [Sex_at_Birth] Changing 'male | female' to 'other'
09/09/2024 11:20:18 AM WARNING:: [Sex_at_Birth] Changing 'male | female' to 'other'
09/09/2024 11:20:18 AM Warning:: [Race] Changing 'Race' to 'other' and moving data to [Race Specify]
09/09/2024 11:20:18 AM Warning:: [Race] Changing 'Race' to 'other' and moving data to [Race Specify]
09/09/2024 11:20:18 AM Warning:: [Ethnicity] Changing list to other in ImmPort Templates
09/09/2024 11:20:18 AM Warning:: [Ethnicity] Changing list to other in ImmPort Templates
09/09/2024 11:21:17 AM 
PMID: 36781879 ####################
09/09/2024 11:21:17 AM WARNING:: [Sex_at_Birth] Changing 'male | female' to 'other'
09/09/2024 11:21:17 AM WARNING:: [Sex_at_Birth] Changing 'male | female' to 'other'
09/09/2024 11:21:17 AM Warning:: [Race] Changing 'Race' to 'other' and moving data to [Race Specify]
09/09/2024 11:21:17 AM Warning:: [Race] Changing 'Race' to 'other' and moving data to [Race Specify]
09/09/2024 11:21:17 AM Warning:: [Ethnicity] Changing list to other in ImmPort Templates
09/09/2024 11:21:17 AM Warning:: [Ethnicity] Changing list to other in ImmPort Templates
09/09/2024 10:28:35 PM 
PMID: 37082529 ####################
09/09/2024 10:28:35 PM WARNING:: [Sex_at_Birth] Changing 'male | female' to 'other'
09/09/2024 10:28:35 PM Warning:: [Race] Changing 'Race' to 'other' and moving data to [Race Specify]
09/09/2024 10:28:35 PM Warning:: [Ethnicity] Changing list to other in ImmPort Templates
09/09/2024 10:29:07 PM 
PMID: 37819267 ####################
09/09/2024 10:29:07 PM WARNING:: [Sex_at_Birth] Changing 'male | female' to 'other'
09/09/2024 10:29:07 PM WARNING:: [Sex_at_Birth] Changing 'male | female' to 'other'
09/09/2024 10:29:07 PM WARNING:: [Sex_at_Birth] Changing 'male | female' to 'other'
09/09/2024 10:29:07 PM Warning:: [Race] Changing 'Race' to 'other' and moving data to [Race Specify]
09/09/2024 10:29:07 PM Warning:: [Race] Changing 'Race' to 'other' and moving data to [Race Specify]
09/09/2024 10:29:07 PM Warning:: [Race] Changing 'Race' to 'other' and moving data to [Race Specify]
09/09/2024 10:29:07 PM Warning:: [Ethnicity] Changing list to other in ImmPort Templates
09/09/2024 10:29:07 PM Warning:: [Ethnicity] Changing list to other in ImmPort Templates
09/09/2024 10:29:07 PM Warning:: [Ethnicity] Changing list to other in ImmPort Templates
09/09/2024 10:29:07 PM Error:: [planned visit] Same order number used more than once
