05/04/2023 09:21:46 AM 
PMID: 35389888
05/04/2023 09:21:46 AM WARNING:: [Sex_at_Birth] Changing 'male | female' to 'other'
05/04/2023 09:21:46 AM WARNING:: [Sex_at_Birth] Changing 'male | female' to 'other'
05/04/2023 09:21:46 AM WARNING:: [Sex_at_Birth] Changing 'male | female' to 'other'
05/04/2023 09:21:46 AM WARNING:: [Sex_at_Birth] Changing 'male | female' to 'other'
05/04/2023 09:21:46 AM WARNING:: [Sex_at_Birth] Changing 'male | female' to 'other'
05/04/2023 09:21:46 AM Warning:: [Race] Changing 'Race' to 'other' and moving data to [Race Specify]
05/04/2023 09:21:46 AM Warning:: [Race] Changing 'Race' to 'other' and moving data to [Race Specify]
05/04/2023 09:21:46 AM Warning:: [Race] Changing 'Race' to 'other' and moving data to [Race Specify]
05/04/2023 09:21:46 AM Warning:: [Race] Changing 'Race' to 'other' and moving data to [Race Specify]
05/04/2023 09:21:46 AM Warning:: [Race] Changing 'Race' to 'other' and moving data to [Race Specify]
05/04/2023 09:21:46 AM Warning:: [Ethnicity] Changing list to other in ImmPort Templates
05/04/2023 09:21:46 AM Warning:: [Ethnicity] Changing list to other in ImmPort Templates
05/04/2023 09:21:46 AM Warning:: [Ethnicity] Changing list to other in ImmPort Templates
05/04/2023 09:21:46 AM Warning:: [Ethnicity] Changing list to other in ImmPort Templates
05/04/2023 09:21:46 AM Warning:: [Ethnicity] Changing list to other in ImmPort Templates
05/04/2023 09:21:47 AM [INFO]:: [Fuzzy] Pfizer BioNTech COVID-19 vaccine ; VO:0004987 => Pfizer BioNTech COVID-19 vaccine; VO:0004987 : score 99
05/04/2023 09:21:47 AM [INFO]:: [Fuzzy] Moderna COVID-19 vaccine ; VO:0005157 => Moderna COVID-19 vaccine; VO:0005157 : score 99
05/04/2023 09:21:47 AM [INFO]:: [Fuzzy] Pfizer BioNTech COVID-19 vaccine ; VO:0004987 => Pfizer BioNTech COVID-19 vaccine; VO:0004987 : score 99
05/04/2023 09:21:47 AM [INFO]:: [Fuzzy] Moderna COVID-19 vaccine ; VO:0005157 => Moderna COVID-19 vaccine; VO:0005157 : score 99
05/04/2023 09:21:47 AM [INFO]:: [Fuzzy] Pfizer BioNTech COVID-19 vaccine ; VO:0004987 => Pfizer BioNTech COVID-19 vaccine; VO:0004987 : score 99
05/04/2023 09:21:47 AM [INFO]:: [Fuzzy] Moderna COVID-19 vaccine ; VO:0005157 => Moderna COVID-19 vaccine; VO:0005157 : score 99
05/04/2023 09:21:47 AM [INFO]:: [Fuzzy] Pfizer BioNTech COVID-19 vaccine ; VO:0004987 => Pfizer BioNTech COVID-19 vaccine; VO:0004987 : score 99
05/04/2023 09:21:47 AM [INFO]:: [Fuzzy] Pfizer BioNTech COVID-19 vaccine ; VO:0004987 => Pfizer BioNTech COVID-19 vaccine; VO:0004987 : score 99
05/04/2023 09:21:47 AM [INFO]:: [Fuzzy] Moderna COVID-19 vaccine ; VO:0005157 => Moderna COVID-19 vaccine; VO:0005157 : score 99
05/04/2023 09:21:47 AM INFO:: [Fuzzy] Closest Match Found. Changing Virus Neutralization Assay => Pseudovirus Neutralization Assay
05/04/2023 09:25:19 AM 
PMID: 35389888
05/04/2023 09:25:20 AM WARNING:: [Sex_at_Birth] Changing 'male | female' to 'other'
05/04/2023 09:25:20 AM WARNING:: [Sex_at_Birth] Changing 'male | female' to 'other'
05/04/2023 09:25:20 AM WARNING:: [Sex_at_Birth] Changing 'male | female' to 'other'
05/04/2023 09:25:20 AM WARNING:: [Sex_at_Birth] Changing 'male | female' to 'other'
05/04/2023 09:25:20 AM WARNING:: [Sex_at_Birth] Changing 'male | female' to 'other'
05/04/2023 09:25:20 AM Warning:: [Race] Changing 'Race' to 'other' and moving data to [Race Specify]
05/04/2023 09:25:20 AM Warning:: [Race] Changing 'Race' to 'other' and moving data to [Race Specify]
05/04/2023 09:25:20 AM Warning:: [Race] Changing 'Race' to 'other' and moving data to [Race Specify]
05/04/2023 09:25:20 AM Warning:: [Race] Changing 'Race' to 'other' and moving data to [Race Specify]
05/04/2023 09:25:20 AM Warning:: [Race] Changing 'Race' to 'other' and moving data to [Race Specify]
05/04/2023 09:25:20 AM Warning:: [Ethnicity] Changing list to other in ImmPort Templates
05/04/2023 09:25:20 AM Warning:: [Ethnicity] Changing list to other in ImmPort Templates
05/04/2023 09:25:20 AM Warning:: [Ethnicity] Changing list to other in ImmPort Templates
05/04/2023 09:25:20 AM Warning:: [Ethnicity] Changing list to other in ImmPort Templates
05/04/2023 09:25:20 AM Warning:: [Ethnicity] Changing list to other in ImmPort Templates
05/04/2023 09:25:20 AM [INFO]:: [Fuzzy] Pfizer BioNTech COVID-19 vaccine ; VO:0004987 => Pfizer BioNTech COVID-19 vaccine; VO:0004987 : score 99
05/04/2023 09:25:20 AM [INFO]:: [Fuzzy] Moderna COVID-19 vaccine ; VO:0005157 => Moderna COVID-19 vaccine; VO:0005157 : score 99
05/04/2023 09:25:20 AM [INFO]:: [Fuzzy] Pfizer BioNTech COVID-19 vaccine ; VO:0004987 => Pfizer BioNTech COVID-19 vaccine; VO:0004987 : score 99
05/04/2023 09:25:20 AM [INFO]:: [Fuzzy] Moderna COVID-19 vaccine ; VO:0005157 => Moderna COVID-19 vaccine; VO:0005157 : score 99
05/04/2023 09:25:20 AM [INFO]:: [Fuzzy] Pfizer BioNTech COVID-19 vaccine ; VO:0004987 => Pfizer BioNTech COVID-19 vaccine; VO:0004987 : score 99
05/04/2023 09:25:20 AM [INFO]:: [Fuzzy] Moderna COVID-19 vaccine ; VO:0005157 => Moderna COVID-19 vaccine; VO:0005157 : score 99
05/04/2023 09:25:20 AM [INFO]:: [Fuzzy] Pfizer BioNTech COVID-19 vaccine ; VO:0004987 => Pfizer BioNTech COVID-19 vaccine; VO:0004987 : score 99
05/04/2023 09:25:20 AM [INFO]:: [Fuzzy] Pfizer BioNTech COVID-19 vaccine ; VO:0004987 => Pfizer BioNTech COVID-19 vaccine; VO:0004987 : score 99
05/04/2023 09:25:20 AM [INFO]:: [Fuzzy] Moderna COVID-19 vaccine ; VO:0005157 => Moderna COVID-19 vaccine; VO:0005157 : score 99
05/04/2023 09:26:50 AM 
PMID: 35389888
05/04/2023 09:26:50 AM WARNING:: [Sex_at_Birth] Changing 'male | female' to 'other'
05/04/2023 09:26:50 AM WARNING:: [Sex_at_Birth] Changing 'male | female' to 'other'
05/04/2023 09:26:50 AM WARNING:: [Sex_at_Birth] Changing 'male | female' to 'other'
05/04/2023 09:26:50 AM WARNING:: [Sex_at_Birth] Changing 'male | female' to 'other'
05/04/2023 09:26:50 AM WARNING:: [Sex_at_Birth] Changing 'male | female' to 'other'
05/04/2023 09:26:50 AM Warning:: [Race] Changing 'Race' to 'other' and moving data to [Race Specify]
05/04/2023 09:26:50 AM Warning:: [Race] Changing 'Race' to 'other' and moving data to [Race Specify]
05/04/2023 09:26:50 AM Warning:: [Race] Changing 'Race' to 'other' and moving data to [Race Specify]
05/04/2023 09:26:50 AM Warning:: [Race] Changing 'Race' to 'other' and moving data to [Race Specify]
05/04/2023 09:26:50 AM Warning:: [Race] Changing 'Race' to 'other' and moving data to [Race Specify]
05/04/2023 09:26:50 AM Warning:: [Ethnicity] Changing list to other in ImmPort Templates
05/04/2023 09:26:50 AM Warning:: [Ethnicity] Changing list to other in ImmPort Templates
05/04/2023 09:26:50 AM Warning:: [Ethnicity] Changing list to other in ImmPort Templates
05/04/2023 09:26:50 AM Warning:: [Ethnicity] Changing list to other in ImmPort Templates
05/04/2023 09:26:50 AM Warning:: [Ethnicity] Changing list to other in ImmPort Templates
05/04/2023 09:26:51 AM [INFO]:: [Fuzzy] Pfizer BioNTech COVID-19 vaccine ; VO:0004987 => Pfizer BioNTech COVID-19 vaccine; VO:0004987 : score 99
05/04/2023 09:26:51 AM [INFO]:: [Fuzzy] Moderna COVID-19 vaccine ; VO:0005157 => Moderna COVID-19 vaccine; VO:0005157 : score 99
05/04/2023 09:26:51 AM [INFO]:: [Fuzzy] Pfizer BioNTech COVID-19 vaccine ; VO:0004987 => Pfizer BioNTech COVID-19 vaccine; VO:0004987 : score 99
05/04/2023 09:26:51 AM [INFO]:: [Fuzzy] Moderna COVID-19 vaccine ; VO:0005157 => Moderna COVID-19 vaccine; VO:0005157 : score 99
05/04/2023 09:26:51 AM [INFO]:: [Fuzzy] Pfizer BioNTech COVID-19 vaccine ; VO:0004987 => Pfizer BioNTech COVID-19 vaccine; VO:0004987 : score 99
05/04/2023 09:26:51 AM [INFO]:: [Fuzzy] Moderna COVID-19 vaccine ; VO:0005157 => Moderna COVID-19 vaccine; VO:0005157 : score 99
05/04/2023 09:26:51 AM [INFO]:: [Fuzzy] Pfizer BioNTech COVID-19 vaccine ; VO:0004987 => Pfizer BioNTech COVID-19 vaccine; VO:0004987 : score 99
05/04/2023 09:26:51 AM [INFO]:: [Fuzzy] Pfizer BioNTech COVID-19 vaccine ; VO:0004987 => Pfizer BioNTech COVID-19 vaccine; VO:0004987 : score 99
05/04/2023 09:26:51 AM [INFO]:: [Fuzzy] Moderna COVID-19 vaccine ; VO:0005157 => Moderna COVID-19 vaccine; VO:0005157 : score 99
05/04/2023 09:28:32 AM 
PMID: 35526534
05/04/2023 09:28:32 AM WARNING:: [Sex_at_Birth] Changing 'male | female' to 'other'
05/04/2023 09:28:32 AM WARNING:: [Sex_at_Birth] Changing 'male | female' to 'other'
05/04/2023 09:28:32 AM WARNING:: [Sex_at_Birth] Changing 'male | female' to 'other'
05/04/2023 09:28:32 AM WARNING:: [Sex_at_Birth] Changing 'male | female' to 'other'
05/04/2023 09:28:32 AM WARNING:: [Sex_at_Birth] Changing 'male | female' to 'other'
05/04/2023 09:28:32 AM Warning:: [Race] Changing 'Race' to 'other' and moving data to [Race Specify]
05/04/2023 09:28:32 AM Warning:: [Race] Changing 'Race' to 'other' and moving data to [Race Specify]
05/04/2023 09:28:32 AM Warning:: [Race] Changing 'Race' to 'other' and moving data to [Race Specify]
05/04/2023 09:28:32 AM Warning:: [Race] Changing 'Race' to 'other' and moving data to [Race Specify]
05/04/2023 09:28:32 AM Warning:: [Race] Changing 'Race' to 'other' and moving data to [Race Specify]
05/04/2023 09:28:32 AM Warning:: [Ethnicity] Changing list to other in ImmPort Templates
05/04/2023 09:28:32 AM Warning:: [Ethnicity] Changing list to other in ImmPort Templates
05/04/2023 09:28:32 AM Warning:: [Ethnicity] Changing list to other in ImmPort Templates
05/04/2023 09:28:32 AM Warning:: [Ethnicity] Changing list to other in ImmPort Templates
05/04/2023 09:28:32 AM Warning:: [Ethnicity] Changing list to other in ImmPort Templates
05/04/2023 09:28:36 AM INFO:: [User Change] Not Specified => No Intervention Arm
05/04/2023 09:28:36 AM [INFO]:: [Fuzzy] Moderna COVID-19 vaccine ; VO:0005157 => Moderna COVID-19 vaccine; VO:0005157 : score 99
05/04/2023 09:28:36 AM [INFO]:: [Fuzzy] Pfizer BioNTech COVID-19 vaccine ; VO:0004987 => Pfizer BioNTech COVID-19 vaccine; VO:0004987 : score 99
05/04/2023 09:28:36 AM Previous Input: Arm Type [ImmPort only], Not Specified => No Intervention Arm
05/04/2023 09:28:36 AM [INFO]:: [Fuzzy] Moderna COVID-19 vaccine ; VO:0005157 => Moderna COVID-19 vaccine; VO:0005157 : score 99
05/04/2023 09:28:36 AM [INFO]:: [Fuzzy] Pfizer BioNTech COVID-19 vaccine ; VO:0004988 => Pfizer BioNTech COVID-19 vaccine; VO:0004987 : score 97
05/04/2023 09:28:36 AM Previous Input: Arm Type [ImmPort only], Not Specified => No Intervention Arm
05/04/2023 09:28:36 AM [INFO]:: [Fuzzy] Moderna COVID-19 vaccine ; VO:0005157 => Moderna COVID-19 vaccine; VO:0005157 : score 99
05/04/2023 09:28:36 AM [INFO]:: [Fuzzy] Pfizer BioNTech COVID-19 vaccine ; VO:0004989 => Pfizer BioNTech COVID-19 vaccine; VO:0004987 : score 97
05/04/2023 09:28:36 AM Previous Input: Arm Type [ImmPort only], Not Specified => No Intervention Arm
05/04/2023 09:28:36 AM [INFO]:: [Fuzzy] Moderna COVID-19 vaccine ; VO:0005157 => Moderna COVID-19 vaccine; VO:0005157 : score 99
05/04/2023 09:28:36 AM [INFO]:: [Fuzzy] Pfizer BioNTech COVID-19 vaccine ; VO:0004990 => Pfizer BioNTech COVID-19 vaccine; VO:0004987 : score 94
05/04/2023 09:28:36 AM Previous Input: Arm Type [ImmPort only], Not Specified => No Intervention Arm
05/04/2023 09:28:36 AM [INFO]:: [Fuzzy] Moderna COVID-19 vaccine ; VO:0005157 => Moderna COVID-19 vaccine; VO:0005157 : score 99
05/04/2023 09:28:36 AM [INFO]:: [Fuzzy] Pfizer BioNTech COVID-19 vaccine ; VO:0004987 => Pfizer BioNTech COVID-19 vaccine; VO:0004987 : score 99
05/04/2023 09:28:36 AM [INFO]:: [Fuzzy] SARS-CoV-2 BA.1 => SARS-CoV-1 : score 80
05/04/2023 09:28:43 AM INFO:: [User Change] SARS-CoV-2 B.1.1.529.1.1 => SARS-CoV-2 Omicron; B.1.1.529
05/04/2023 09:28:43 AM [INFO]:: [Fuzzy] SARS-CoV-2 BA.2 => SARS-CoV-2 : score 80
05/04/2023 09:28:43 AM [INFO]:: [Fuzzy] SARS-CoV-2 BA.1 => SARS-CoV-1 : score 80
05/04/2023 09:28:43 AM Previous Input: Virus Strain, SARS-CoV-2 B.1.1.529.1.1 => SARS-CoV-2 Omicron; B.1.1.529
05/04/2023 09:28:43 AM [INFO]:: [Fuzzy] SARS-CoV-2 BA.2 => SARS-CoV-2 : score 80
05/04/2023 09:28:43 AM [INFO]:: [Fuzzy] SARS-CoV-2 BA.1 => SARS-CoV-1 : score 80
05/04/2023 09:28:43 AM Previous Input: Virus Strain, SARS-CoV-2 B.1.1.529.1.1 => SARS-CoV-2 Omicron; B.1.1.529
05/04/2023 09:28:43 AM [INFO]:: [Fuzzy] SARS-CoV-2 BA.2 => SARS-CoV-2 : score 80
05/04/2023 09:31:15 AM 
PMID: 35584183
05/04/2023 09:31:15 AM WARNING:: [Sex_at_Birth] Changing 'male | female' to 'other'
05/04/2023 09:31:15 AM WARNING:: [Sex_at_Birth] Changing 'male | female' to 'other'
05/04/2023 09:31:15 AM WARNING:: [Sex_at_Birth] Changing 'male | female' to 'other'
05/04/2023 09:31:15 AM Warning:: [Race] Changing 'Race' to 'other' and moving data to [Race Specify]
05/04/2023 09:31:15 AM Warning:: [Race] Changing 'Race' to 'other' and moving data to [Race Specify]
05/04/2023 09:31:15 AM Warning:: [Race] Changing 'Race' to 'other' and moving data to [Race Specify]
05/04/2023 09:31:15 AM Warning:: [Ethnicity] Changing list to other in ImmPort Templates
05/04/2023 09:31:15 AM Warning:: [Ethnicity] Changing list to other in ImmPort Templates
05/04/2023 09:31:15 AM Warning:: [Ethnicity] Changing list to other in ImmPort Templates
05/04/2023 09:31:15 AM [INFO]:: [Fuzzy] Pfizer BioNTech COVID-19 vaccine ; VO:0004987 => Pfizer BioNTech COVID-19 vaccine; VO:0004987 : score 99
05/04/2023 09:31:15 AM [INFO]:: [Fuzzy] Moderna COVID-19 vaccine ; VO:0005157 => Moderna COVID-19 vaccine; VO:0005157 : score 99
05/04/2023 09:31:15 AM [INFO]:: [Fuzzy] Pfizer BioNTech COVID-19 vaccine ; VO:0004987 => Pfizer BioNTech COVID-19 vaccine; VO:0004987 : score 99
05/04/2023 09:31:15 AM [INFO]:: [Fuzzy] Moderna COVID-19 vaccine ; VO:0005158 => Moderna COVID-19 vaccine; VO:0005157 : score 96
05/04/2023 09:31:15 AM [INFO]:: [Fuzzy] Pfizer BioNTech COVID-19 vaccine ; VO:0004987 => Pfizer BioNTech COVID-19 vaccine; VO:0004987 : score 99
05/04/2023 09:31:15 AM [INFO]:: [Fuzzy] Moderna COVID-19 vaccine ; VO:0005158 => Moderna COVID-19 vaccine; VO:0005157 : score 96
05/04/2023 09:34:46 AM 
PMID: 35584183
05/04/2023 09:34:46 AM WARNING:: [Sex_at_Birth] Changing 'male | female' to 'other'
05/04/2023 09:34:46 AM WARNING:: [Sex_at_Birth] Changing 'male | female' to 'other'
05/04/2023 09:34:46 AM WARNING:: [Sex_at_Birth] Changing 'male | female' to 'other'
05/04/2023 09:34:46 AM Warning:: [Race] Changing 'Race' to 'other' and moving data to [Race Specify]
05/04/2023 09:34:46 AM Warning:: [Race] Changing 'Race' to 'other' and moving data to [Race Specify]
05/04/2023 09:34:46 AM Warning:: [Race] Changing 'Race' to 'other' and moving data to [Race Specify]
05/04/2023 09:34:46 AM Warning:: [Ethnicity] Changing list to other in ImmPort Templates
05/04/2023 09:34:46 AM Warning:: [Ethnicity] Changing list to other in ImmPort Templates
05/04/2023 09:34:46 AM Warning:: [Ethnicity] Changing list to other in ImmPort Templates
05/04/2023 09:34:47 AM [INFO]:: [Fuzzy] Pfizer BioNTech COVID-19 vaccine ; VO:0004987 => Pfizer BioNTech COVID-19 vaccine; VO:0004987 : score 99
05/04/2023 09:34:47 AM [INFO]:: [Fuzzy] Moderna COVID-19 vaccine ; VO:0005157 => Moderna COVID-19 vaccine; VO:0005157 : score 99
05/04/2023 09:34:47 AM [INFO]:: [Fuzzy] Pfizer BioNTech COVID-19 vaccine ; VO:0004987 => Pfizer BioNTech COVID-19 vaccine; VO:0004987 : score 99
05/04/2023 09:34:47 AM [INFO]:: [Fuzzy] Moderna COVID-19 vaccine ; VO:0005158 => Moderna COVID-19 vaccine; VO:0005157 : score 96
05/04/2023 09:34:47 AM [INFO]:: [Fuzzy] Pfizer BioNTech COVID-19 vaccine ; VO:0004987 => Pfizer BioNTech COVID-19 vaccine; VO:0004987 : score 99
05/04/2023 09:34:47 AM [INFO]:: [Fuzzy] Moderna COVID-19 vaccine ; VO:0005158 => Moderna COVID-19 vaccine; VO:0005157 : score 96
05/04/2023 09:36:10 AM 
PMID: 36213181
05/04/2023 09:36:10 AM WARNING:: [Sex_at_Birth] Changing 'male | female' to 'other'
05/04/2023 09:36:10 AM Warning:: [Race] Changing 'Race' to 'other' and moving data to [Race Specify]
05/04/2023 09:36:10 AM Warning:: [Ethnicity] Changing list to other in ImmPort Templates
05/04/2023 09:36:20 AM INFO:: [User Change] Not Specified => Not Applicable
05/04/2023 09:47:36 AM 
PMID: 35436146
05/04/2023 09:47:36 AM WARNING:: [Sex_at_Birth] Changing 'male | female' to 'other'
05/04/2023 09:47:36 AM WARNING:: [Sex_at_Birth] Changing 'male | female' to 'other'
05/04/2023 09:47:36 AM WARNING:: [Sex_at_Birth] Changing 'male | female' to 'other'
05/04/2023 09:47:36 AM Warning:: [Race] Changing 'Race' to 'other' and moving data to [Race Specify]
05/04/2023 09:47:36 AM Warning:: [Race] Changing 'Race' to 'other' and moving data to [Race Specify]
05/04/2023 09:47:36 AM Warning:: [Ethnicity] Changing list to other in ImmPort Templates
05/04/2023 09:47:36 AM Warning:: [Ethnicity] Changing list to other in ImmPort Templates
05/04/2023 09:47:36 AM Warning:: [Ethnicity] Changing list to other in ImmPort Templates
05/04/2023 09:47:44 AM INFO:: [User Change] Immune Response | Vaccine Response => Vaccine Response
05/04/2023 09:48:38 AM INFO:: [User Change] Covid-19 => COVID-19
05/04/2023 09:48:46 AM INFO:: [User Change] Non-Hodgkin lymphoma => Lymphoma
05/04/2023 11:59:26 AM 
PMID: 35430229
05/04/2023 11:59:26 AM Warning:: [Race] Changing 'Race' to 'other' and moving data to [Race Specify]
05/04/2023 11:59:26 AM Warning:: [Race] Changing 'Race' to 'other' and moving data to [Race Specify]
05/04/2023 11:59:26 AM Warning:: [Ethnicity] Changing list to other in ImmPort Templates
05/04/2023 11:59:26 AM Warning:: [Ethnicity] Changing list to other in ImmPort Templates
05/04/2023 11:59:29 AM INFO:: [User Change] Vaccine Response | Pregnancy | Immune Response => Vaccine Response
05/04/2023 11:59:29 AM [INFO]:: [Fuzzy] Moderna COVID-19 vaccine ; VO:0005157 => Moderna COVID-19 vaccine; VO:0005157 : score 99
05/04/2023 11:59:29 AM [INFO]:: [Fuzzy] Pfizer BioNTech COVID-19 vaccine ; VO:0004987 => Pfizer BioNTech COVID-19 vaccine; VO:0004987 : score 99
05/04/2023 12:02:03 PM 
PMID: 35614113
05/04/2023 12:02:03 PM WARNING:: [Sex_at_Birth] Changing 'male | female' to 'other'
05/04/2023 12:02:03 PM WARNING:: [Sex_at_Birth] Changing 'male | female' to 'other'
05/04/2023 12:02:03 PM Warning:: [Race] Changing 'Race' to 'other' and moving data to [Race Specify]
05/04/2023 12:02:03 PM Warning:: [Race] Changing 'Race' to 'other' and moving data to [Race Specify]
05/04/2023 12:02:03 PM Warning:: [Ethnicity] Changing list to other in ImmPort Templates
05/04/2023 12:02:03 PM Warning:: [Ethnicity] Changing list to other in ImmPort Templates
05/04/2023 12:02:03 PM [planned visit]: PMID35614113_visit-02 has reached character limit (130 > 125)
05/04/2023 12:02:28 PM 
PMID: 35879545
05/04/2023 12:02:29 PM Error:: [planned visit] Same order number used more than once
05/04/2023 12:02:49 PM 
PMID: 35436146
05/04/2023 12:02:49 PM WARNING:: [Sex_at_Birth] Changing 'male | female' to 'other'
05/04/2023 12:02:49 PM WARNING:: [Sex_at_Birth] Changing 'male | female' to 'other'
05/04/2023 12:02:49 PM WARNING:: [Sex_at_Birth] Changing 'male | female' to 'other'
05/04/2023 12:02:49 PM Warning:: [Race] Changing 'Race' to 'other' and moving data to [Race Specify]
05/04/2023 12:02:49 PM Warning:: [Race] Changing 'Race' to 'other' and moving data to [Race Specify]
05/04/2023 12:02:49 PM Warning:: [Ethnicity] Changing list to other in ImmPort Templates
05/04/2023 12:02:49 PM Warning:: [Ethnicity] Changing list to other in ImmPort Templates
05/04/2023 12:02:49 PM Warning:: [Ethnicity] Changing list to other in ImmPort Templates
05/04/2023 12:02:55 PM INFO:: [User Change] Immune Response | Vaccine Response => Vaccine Response
05/04/2023 12:02:57 PM INFO:: [User Change] Covid-19 => COVID-19
05/04/2023 12:02:59 PM INFO:: [User Change] Non-Hodgkin lymphoma => Lymphoma
05/04/2023 12:03:21 PM INFO:: [User Change] Chronic lymphocytic leukemia => Leukemia
05/04/2023 12:03:21 PM [INFO]:: [Fuzzy] Moderna COVID-19 vaccine ; VO:0005157 => Moderna COVID-19 vaccine; VO:0005157 : score 99
05/04/2023 12:03:21 PM [INFO]:: [Fuzzy] Pfizer BioNTech COVID-19 vaccine ; VO:0004987 => Pfizer BioNTech COVID-19 vaccine; VO:0004987 : score 99
05/04/2023 12:03:21 PM INFO:: [Fuzzy] Closest Match Found. Changing Negative control => Negative Control
05/04/2023 12:03:21 PM [INFO]:: [Fuzzy] Moderna COVID-19 vaccine ; VO:0005157 => Moderna COVID-19 vaccine; VO:0005157 : score 99
05/04/2023 12:03:21 PM [INFO]:: [Fuzzy] Pfizer BioNTech COVID-19 vaccine ; VO:0004987 => Pfizer BioNTech COVID-19 vaccine; VO:0004987 : score 99
05/04/2023 12:03:21 PM [INFO]:: [Fuzzy] Moderna COVID-19 vaccine ; VO:0005157 => Moderna COVID-19 vaccine; VO:0005157 : score 99
05/04/2023 12:03:21 PM [INFO]:: [Fuzzy] Pfizer BioNTech COVID-19 vaccine ; VO:0004987 => Pfizer BioNTech COVID-19 vaccine; VO:0004987 : score 99
05/04/2023 12:03:21 PM [INFO]:: [Fuzzy] SARS-CoV-2 WA1/2020 (D614 variant) => SARS-CoV-2 WA1/2020 (D614G variant) : score 99
05/04/2023 12:03:21 PM [INFO]:: [Fuzzy] SARS-CoV-2 Delta (B.1.617.2) => SARS-CoV-2 Delta; B.1.617.2 : score 95
05/04/2023 12:03:21 PM [INFO]:: [Fuzzy] SARS-CoV-2 Omicron (B.1.1.529) => SARS-CoV-2 Omicron; B.1.1.529 : score 95
05/04/2023 12:03:21 PM [INFO]:: [Fuzzy] SARS-CoV-2 WA1/2020 (D614 variant) => SARS-CoV-2 WA1/2020 (D614G variant) : score 99
05/04/2023 12:03:21 PM [INFO]:: [Fuzzy] SARS-CoV-2 Delta (B.1.617.2) => SARS-CoV-2 Delta; B.1.617.2 : score 95
05/04/2023 12:03:21 PM [INFO]:: [Fuzzy] SARS-CoV-2 Omicron (B.1.1.529) => SARS-CoV-2 Omicron; B.1.1.529 : score 95
05/04/2023 12:05:22 PM 
PMID: 35436146
05/04/2023 12:05:22 PM WARNING:: [Sex_at_Birth] Changing 'male | female' to 'other'
05/04/2023 12:05:22 PM WARNING:: [Sex_at_Birth] Changing 'male | female' to 'other'
05/04/2023 12:05:22 PM WARNING:: [Sex_at_Birth] Changing 'male | female' to 'other'
05/04/2023 12:05:22 PM Warning:: [Race] Changing 'Race' to 'other' and moving data to [Race Specify]
05/04/2023 12:05:22 PM Warning:: [Race] Changing 'Race' to 'other' and moving data to [Race Specify]
05/04/2023 12:05:22 PM Warning:: [Ethnicity] Changing list to other in ImmPort Templates
05/04/2023 12:05:22 PM Warning:: [Ethnicity] Changing list to other in ImmPort Templates
05/04/2023 12:05:22 PM Warning:: [Ethnicity] Changing list to other in ImmPort Templates
05/04/2023 12:05:35 PM 
PMID: 35879545
05/04/2023 12:05:35 PM ERROR:: [arm_or_cohort] Arm type missing
05/04/2023 12:06:44 PM 
PMID: 35430229
05/04/2023 12:06:44 PM Warning:: [Race] Changing 'Race' to 'other' and moving data to [Race Specify]
05/04/2023 12:06:44 PM Warning:: [Race] Changing 'Race' to 'other' and moving data to [Race Specify]
05/04/2023 12:06:44 PM Warning:: [Ethnicity] Changing list to other in ImmPort Templates
05/04/2023 12:06:44 PM Warning:: [Ethnicity] Changing list to other in ImmPort Templates
05/04/2023 12:07:05 PM 
PMID: 35614113
05/04/2023 12:07:05 PM WARNING:: [Sex_at_Birth] Changing 'male | female' to 'other'
05/04/2023 12:07:05 PM WARNING:: [Sex_at_Birth] Changing 'male | female' to 'other'
05/04/2023 12:07:05 PM Warning:: [Race] Changing 'Race' to 'other' and moving data to [Race Specify]
05/04/2023 12:07:05 PM Warning:: [Race] Changing 'Race' to 'other' and moving data to [Race Specify]
05/04/2023 12:07:05 PM Warning:: [Ethnicity] Changing list to other in ImmPort Templates
05/04/2023 12:07:05 PM Warning:: [Ethnicity] Changing list to other in ImmPort Templates
05/04/2023 12:07:05 PM [planned visit]: PMID35614113_visit-02 has reached character limit (130 > 125)
05/04/2023 12:07:50 PM 
PMID: 35614113
05/04/2023 12:07:51 PM WARNING:: [Sex_at_Birth] Changing 'male | female' to 'other'
05/04/2023 12:07:51 PM WARNING:: [Sex_at_Birth] Changing 'male | female' to 'other'
05/04/2023 12:07:51 PM Warning:: [Race] Changing 'Race' to 'other' and moving data to [Race Specify]
05/04/2023 12:07:51 PM Warning:: [Race] Changing 'Race' to 'other' and moving data to [Race Specify]
05/04/2023 12:07:51 PM Warning:: [Ethnicity] Changing list to other in ImmPort Templates
05/04/2023 12:07:51 PM Warning:: [Ethnicity] Changing list to other in ImmPort Templates
05/04/2023 12:08:00 PM [INFO]:: [Fuzzy] Not Applicable | Other => Not Applicable : score 78
05/04/2023 12:08:00 PM [INFO]:: [Fuzzy] Moderna COVID-19 vaccine ; VO:0005157 => Moderna COVID-19 vaccine; VO:0005157 : score 99
05/04/2023 12:08:00 PM [INFO]:: [Fuzzy] Pfizer BioNTech COVID-19 vaccine ; VO:0004987 => Pfizer BioNTech COVID-19 vaccine; VO:0004987 : score 99
05/04/2023 12:08:00 PM [INFO]:: [Fuzzy] SARS‑CoV‑2 => SARS-CoV-2 : score 80
05/04/2023 12:08:00 PM [INFO]:: [Fuzzy] SARS‑CoV‑2 => SARS-CoV-2 : score 80
05/04/2023 12:09:11 PM 
PMID: 35614113
05/04/2023 12:09:11 PM WARNING:: [Sex_at_Birth] Changing 'male | female' to 'other'
05/04/2023 12:09:11 PM WARNING:: [Sex_at_Birth] Changing 'male | female' to 'other'
05/04/2023 12:09:11 PM Warning:: [Race] Changing 'Race' to 'other' and moving data to [Race Specify]
05/04/2023 12:09:11 PM Warning:: [Race] Changing 'Race' to 'other' and moving data to [Race Specify]
05/04/2023 12:09:11 PM Warning:: [Ethnicity] Changing list to other in ImmPort Templates
05/04/2023 12:09:11 PM Warning:: [Ethnicity] Changing list to other in ImmPort Templates
05/04/2023 12:09:12 PM [INFO]:: [Fuzzy] Not Applicable | Other => Not Applicable : score 78
05/04/2023 12:09:12 PM [INFO]:: [Fuzzy] Moderna COVID-19 vaccine ; VO:0005157 => Moderna COVID-19 vaccine; VO:0005157 : score 99
05/04/2023 12:09:12 PM [INFO]:: [Fuzzy] Pfizer BioNTech COVID-19 vaccine ; VO:0004987 => Pfizer BioNTech COVID-19 vaccine; VO:0004987 : score 99
05/04/2023 12:09:12 PM [INFO]:: [Fuzzy] SARS‑CoV‑2 => SARS-CoV-2 : score 80
05/04/2023 12:09:12 PM [INFO]:: [Fuzzy] SARS‑CoV‑2 => SARS-CoV-2 : score 80
05/04/2023 12:16:28 PM 
PMID: 36135380
05/04/2023 12:16:28 PM WARNING:: [Sex_at_Birth] Changing 'male | female' to 'other'
05/04/2023 12:16:28 PM WARNING:: [Sex_at_Birth] Changing 'male | female' to 'other'
05/04/2023 12:16:28 PM Warning:: [Race] Changing 'Race' to 'other' and moving data to [Race Specify]
05/04/2023 12:16:28 PM Warning:: [Race] Changing 'Race' to 'other' and moving data to [Race Specify]
05/04/2023 12:16:28 PM Warning:: [Ethnicity] Changing list to other in ImmPort Templates
05/04/2023 12:16:28 PM Warning:: [Ethnicity] Changing list to other in ImmPort Templates
05/04/2023 12:16:29 PM [INFO]:: [Fuzzy] SARS-CoV-2 WA1/2020 (D614 variant) => SARS-CoV-2 WA1/2020 (D614G variant) : score 99
05/04/2023 12:16:29 PM [INFO]:: [Fuzzy] SARS-CoV-2 WA1/2020 (D614 variant) => SARS-CoV-2 WA1/2020 (D614G variant) : score 99
05/04/2023 12:16:29 PM [INFO]:: [Fuzzy] SARS-CoV-2 WA1/2020 (D614 variant) => SARS-CoV-2 WA1/2020 (D614G variant) : score 99
05/04/2023 12:16:29 PM [INFO]:: [Fuzzy] SARS-CoV-2 WA1/2020 (D614 variant) => SARS-CoV-2 WA1/2020 (D614G variant) : score 99
05/04/2023 04:30:21 PM 
PMID: 35430229
05/04/2023 04:30:22 PM Warning:: [Race] Changing 'Race' to 'other' and moving data to [Race Specify]
05/04/2023 04:30:22 PM Warning:: [Race] Changing 'Race' to 'other' and moving data to [Race Specify]
05/04/2023 04:30:22 PM Warning:: [Ethnicity] Changing list to other in ImmPort Templates
05/04/2023 04:30:22 PM Warning:: [Ethnicity] Changing list to other in ImmPort Templates
05/04/2023 04:30:22 PM [INFO]:: [Fuzzy] Moderna COVID-19 vaccine ; VO:0005157 => Moderna COVID-19 vaccine; VO:0005157 : score 99
05/04/2023 04:30:22 PM [INFO]:: [Fuzzy] Pfizer BioNTech COVID-19 vaccine ; VO:0004987 => Pfizer BioNTech COVID-19 vaccine; VO:0004987 : score 99
05/04/2023 04:30:43 PM 
PMID: 35879545
