05/09/2023 11:11:26 AM 
PMID: 34230917
05/09/2023 11:11:26 AM WARNING:: [Sex_at_Birth] Changing 'male | female' to 'other'
05/09/2023 11:11:26 AM WARNING:: [Sex_at_Birth] Changing 'male | female' to 'other'
05/09/2023 11:11:26 AM WARNING:: [Sex_at_Birth] Changing 'male | female' to 'other'
05/09/2023 11:11:26 AM Warning:: [Race] Changing 'Race' to 'other' and moving data to [Race Specify]
05/09/2023 11:11:26 AM Warning:: [Race] Changing 'Race' to 'other' and moving data to [Race Specify]
05/09/2023 11:11:26 AM Warning:: [Race] Changing 'Race' to 'other' and moving data to [Race Specify]
05/09/2023 11:11:26 AM Warning:: [Ethnicity] Changing list to other in ImmPort Templates
05/09/2023 11:11:26 AM Warning:: [Ethnicity] Changing list to other in ImmPort Templates
05/09/2023 11:11:26 AM Warning:: [Ethnicity] Changing list to other in ImmPort Templates
05/09/2023 11:11:29 AM INFO:: [User Change] Covid-19 => COVID-19
05/09/2023 11:12:32 AM 
PMID: 34230917
05/09/2023 11:12:32 AM WARNING:: [Sex_at_Birth] Changing 'male | female' to 'other'
05/09/2023 11:12:32 AM WARNING:: [Sex_at_Birth] Changing 'male | female' to 'other'
05/09/2023 11:12:32 AM WARNING:: [Sex_at_Birth] Changing 'male | female' to 'other'
05/09/2023 11:12:32 AM Warning:: [Race] Changing 'Race' to 'other' and moving data to [Race Specify]
05/09/2023 11:12:32 AM Warning:: [Race] Changing 'Race' to 'other' and moving data to [Race Specify]
05/09/2023 11:12:32 AM Warning:: [Race] Changing 'Race' to 'other' and moving data to [Race Specify]
05/09/2023 11:12:32 AM Warning:: [Ethnicity] Changing list to other in ImmPort Templates
05/09/2023 11:12:32 AM Warning:: [Ethnicity] Changing list to other in ImmPort Templates
05/09/2023 11:12:32 AM Warning:: [Ethnicity] Changing list to other in ImmPort Templates
05/09/2023 11:16:13 AM 
PMID: 34230917
05/09/2023 11:16:13 AM WARNING:: [Sex_at_Birth] Changing 'male | female' to 'other'
05/09/2023 11:16:13 AM WARNING:: [Sex_at_Birth] Changing 'male | female' to 'other'
05/09/2023 11:16:13 AM WARNING:: [Sex_at_Birth] Changing 'male | female' to 'other'
05/09/2023 11:16:13 AM Warning:: [Race] Changing 'Race' to 'other' and moving data to [Race Specify]
05/09/2023 11:16:13 AM Warning:: [Race] Changing 'Race' to 'other' and moving data to [Race Specify]
05/09/2023 11:16:13 AM Warning:: [Race] Changing 'Race' to 'other' and moving data to [Race Specify]
05/09/2023 11:16:13 AM Warning:: [Ethnicity] Changing list to other in ImmPort Templates
05/09/2023 11:16:13 AM Warning:: [Ethnicity] Changing list to other in ImmPort Templates
05/09/2023 11:16:13 AM Warning:: [Ethnicity] Changing list to other in ImmPort Templates
05/09/2023 11:18:08 AM 
PMID: 34230917
05/09/2023 11:18:08 AM WARNING:: [Sex_at_Birth] Changing 'male | female' to 'other'
05/09/2023 11:18:08 AM WARNING:: [Sex_at_Birth] Changing 'male | female' to 'other'
05/09/2023 11:18:08 AM WARNING:: [Sex_at_Birth] Changing 'male | female' to 'other'
05/09/2023 11:18:08 AM Warning:: [Race] Changing 'Race' to 'other' and moving data to [Race Specify]
05/09/2023 11:18:08 AM Warning:: [Race] Changing 'Race' to 'other' and moving data to [Race Specify]
05/09/2023 11:18:08 AM Warning:: [Race] Changing 'Race' to 'other' and moving data to [Race Specify]
05/09/2023 11:18:08 AM Warning:: [Ethnicity] Changing list to other in ImmPort Templates
05/09/2023 11:18:08 AM Warning:: [Ethnicity] Changing list to other in ImmPort Templates
05/09/2023 11:18:08 AM Warning:: [Ethnicity] Changing list to other in ImmPort Templates
05/09/2023 11:18:09 AM [INFO]:: [Fuzzy] Moderna COVID-19 vaccine ; VO:0005157 => Moderna COVID-19 vaccine; VO:0005157 : score 99
05/09/2023 11:18:09 AM [INFO]:: [Fuzzy] Pfizer BioNTech COVID-19 vaccine ; VO:0004987 => Pfizer BioNTech COVID-19 vaccine; VO:0004987 : score 99
05/09/2023 11:18:31 AM 
PMID: 34230917
05/09/2023 11:18:31 AM WARNING:: [Sex_at_Birth] Changing 'male | female' to 'other'
05/09/2023 11:18:31 AM WARNING:: [Sex_at_Birth] Changing 'male | female' to 'other'
05/09/2023 11:18:31 AM WARNING:: [Sex_at_Birth] Changing 'male | female' to 'other'
05/09/2023 11:18:31 AM Warning:: [Race] Changing 'Race' to 'other' and moving data to [Race Specify]
05/09/2023 11:18:31 AM Warning:: [Race] Changing 'Race' to 'other' and moving data to [Race Specify]
05/09/2023 11:18:31 AM Warning:: [Race] Changing 'Race' to 'other' and moving data to [Race Specify]
05/09/2023 11:18:31 AM Warning:: [Ethnicity] Changing list to other in ImmPort Templates
05/09/2023 11:18:31 AM Warning:: [Ethnicity] Changing list to other in ImmPort Templates
05/09/2023 11:18:31 AM Warning:: [Ethnicity] Changing list to other in ImmPort Templates
05/09/2023 11:18:32 AM [INFO]:: [Fuzzy] Moderna COVID-19 vaccine ; VO:0005157 => Moderna COVID-19 vaccine; VO:0005157 : score 99
05/09/2023 11:18:32 AM [INFO]:: [Fuzzy] Pfizer BioNTech COVID-19 vaccine ; VO:0004987 => Pfizer BioNTech COVID-19 vaccine; VO:0004987 : score 99
05/09/2023 11:18:43 AM 
PMID: 34230917
05/09/2023 11:18:43 AM WARNING:: [Sex_at_Birth] Changing 'male | female' to 'other'
05/09/2023 11:18:43 AM WARNING:: [Sex_at_Birth] Changing 'male | female' to 'other'
05/09/2023 11:18:43 AM WARNING:: [Sex_at_Birth] Changing 'male | female' to 'other'
05/09/2023 11:18:43 AM Warning:: [Race] Changing 'Race' to 'other' and moving data to [Race Specify]
05/09/2023 11:18:43 AM Warning:: [Race] Changing 'Race' to 'other' and moving data to [Race Specify]
05/09/2023 11:18:43 AM Warning:: [Race] Changing 'Race' to 'other' and moving data to [Race Specify]
05/09/2023 11:18:43 AM Warning:: [Ethnicity] Changing list to other in ImmPort Templates
05/09/2023 11:18:43 AM Warning:: [Ethnicity] Changing list to other in ImmPort Templates
05/09/2023 11:18:43 AM Warning:: [Ethnicity] Changing list to other in ImmPort Templates
05/09/2023 11:18:43 AM [INFO]:: [Fuzzy] Moderna COVID-19 vaccine ; VO:0005157 => Moderna COVID-19 vaccine; VO:0005157 : score 99
05/09/2023 11:18:43 AM [INFO]:: [Fuzzy] Pfizer BioNTech COVID-19 vaccine ; VO:0004987 => Pfizer BioNTech COVID-19 vaccine; VO:0004987 : score 99
05/09/2023 11:19:51 AM 
PMID: 34230917
05/09/2023 11:19:51 AM WARNING:: [Sex_at_Birth] Changing 'male | female' to 'other'
05/09/2023 11:19:51 AM WARNING:: [Sex_at_Birth] Changing 'male | female' to 'other'
05/09/2023 11:19:51 AM WARNING:: [Sex_at_Birth] Changing 'male | female' to 'other'
05/09/2023 11:19:51 AM Warning:: [Race] Changing 'Race' to 'other' and moving data to [Race Specify]
05/09/2023 11:19:51 AM Warning:: [Race] Changing 'Race' to 'other' and moving data to [Race Specify]
05/09/2023 11:19:51 AM Warning:: [Race] Changing 'Race' to 'other' and moving data to [Race Specify]
05/09/2023 11:19:51 AM Warning:: [Ethnicity] Changing list to other in ImmPort Templates
05/09/2023 11:19:51 AM Warning:: [Ethnicity] Changing list to other in ImmPort Templates
05/09/2023 11:19:51 AM Warning:: [Ethnicity] Changing list to other in ImmPort Templates
05/09/2023 11:19:52 AM [INFO]:: [Fuzzy] Moderna COVID-19 vaccine ; VO:0005157 => Moderna COVID-19 vaccine; VO:0005157 : score 99
05/09/2023 11:19:52 AM [INFO]:: [Fuzzy] Pfizer BioNTech COVID-19 vaccine ; VO:0004987 => Pfizer BioNTech COVID-19 vaccine; VO:0004987 : score 99
05/09/2023 11:20:10 AM 
PMID: 34230917
05/09/2023 11:20:10 AM WARNING:: [Sex_at_Birth] Changing 'male | female' to 'other'
05/09/2023 11:20:10 AM WARNING:: [Sex_at_Birth] Changing 'male | female' to 'other'
05/09/2023 11:20:10 AM WARNING:: [Sex_at_Birth] Changing 'male | female' to 'other'
05/09/2023 11:20:10 AM Warning:: [Race] Changing 'Race' to 'other' and moving data to [Race Specify]
05/09/2023 11:20:10 AM Warning:: [Race] Changing 'Race' to 'other' and moving data to [Race Specify]
05/09/2023 11:20:10 AM Warning:: [Race] Changing 'Race' to 'other' and moving data to [Race Specify]
05/09/2023 11:20:10 AM Warning:: [Ethnicity] Changing list to other in ImmPort Templates
05/09/2023 11:20:10 AM Warning:: [Ethnicity] Changing list to other in ImmPort Templates
05/09/2023 11:20:10 AM Warning:: [Ethnicity] Changing list to other in ImmPort Templates
05/09/2023 11:20:11 AM [INFO]:: [Fuzzy] Moderna COVID-19 vaccine ; VO:0005157 => Moderna COVID-19 vaccine; VO:0005157 : score 99
05/09/2023 11:20:11 AM [INFO]:: [Fuzzy] Pfizer BioNTech COVID-19 vaccine ; VO:0004987 => Pfizer BioNTech COVID-19 vaccine; VO:0004987 : score 99
05/09/2023 11:20:57 AM 
PMID: 34230917
05/09/2023 11:20:57 AM WARNING:: [Sex_at_Birth] Changing 'male | female' to 'other'
05/09/2023 11:20:57 AM WARNING:: [Sex_at_Birth] Changing 'male | female' to 'other'
05/09/2023 11:20:57 AM WARNING:: [Sex_at_Birth] Changing 'male | female' to 'other'
05/09/2023 11:20:57 AM Warning:: [Race] Changing 'Race' to 'other' and moving data to [Race Specify]
05/09/2023 11:20:57 AM Warning:: [Race] Changing 'Race' to 'other' and moving data to [Race Specify]
05/09/2023 11:20:57 AM Warning:: [Race] Changing 'Race' to 'other' and moving data to [Race Specify]
05/09/2023 11:20:57 AM Warning:: [Ethnicity] Changing list to other in ImmPort Templates
05/09/2023 11:20:57 AM Warning:: [Ethnicity] Changing list to other in ImmPort Templates
05/09/2023 11:20:57 AM Warning:: [Ethnicity] Changing list to other in ImmPort Templates
05/09/2023 11:20:58 AM [INFO]:: [Fuzzy] Moderna COVID-19 vaccine ; VO:0005157 => Moderna COVID-19 vaccine; VO:0005157 : score 99
05/09/2023 11:20:58 AM [INFO]:: [Fuzzy] Pfizer BioNTech COVID-19 vaccine ; VO:0004987 => Pfizer BioNTech COVID-19 vaccine; VO:0004987 : score 99
05/09/2023 11:22:38 AM 
PMID: 34230917
05/09/2023 11:22:38 AM WARNING:: [Sex_at_Birth] Changing 'male | female' to 'other'
05/09/2023 11:22:38 AM WARNING:: [Sex_at_Birth] Changing 'male | female' to 'other'
05/09/2023 11:22:38 AM WARNING:: [Sex_at_Birth] Changing 'male | female' to 'other'
05/09/2023 11:22:38 AM Warning:: [Race] Changing 'Race' to 'other' and moving data to [Race Specify]
05/09/2023 11:22:38 AM Warning:: [Race] Changing 'Race' to 'other' and moving data to [Race Specify]
05/09/2023 11:22:38 AM Warning:: [Race] Changing 'Race' to 'other' and moving data to [Race Specify]
05/09/2023 11:22:38 AM Warning:: [Ethnicity] Changing list to other in ImmPort Templates
05/09/2023 11:22:38 AM Warning:: [Ethnicity] Changing list to other in ImmPort Templates
05/09/2023 11:22:38 AM Warning:: [Ethnicity] Changing list to other in ImmPort Templates
05/09/2023 11:22:38 AM [INFO]:: [Fuzzy] Moderna COVID-19 vaccine ; VO:0005157 => Moderna COVID-19 vaccine; VO:0005157 : score 99
05/09/2023 11:22:38 AM [INFO]:: [Fuzzy] Pfizer BioNTech COVID-19 vaccine ; VO:0004987 => Pfizer BioNTech COVID-19 vaccine; VO:0004987 : score 99
05/09/2023 11:23:04 AM 
PMID: 34230917
05/09/2023 11:23:04 AM WARNING:: [Sex_at_Birth] Changing 'male | female' to 'other'
05/09/2023 11:23:04 AM WARNING:: [Sex_at_Birth] Changing 'male | female' to 'other'
05/09/2023 11:23:04 AM WARNING:: [Sex_at_Birth] Changing 'male | female' to 'other'
05/09/2023 11:23:04 AM Warning:: [Race] Changing 'Race' to 'other' and moving data to [Race Specify]
05/09/2023 11:23:04 AM Warning:: [Race] Changing 'Race' to 'other' and moving data to [Race Specify]
05/09/2023 11:23:04 AM Warning:: [Race] Changing 'Race' to 'other' and moving data to [Race Specify]
05/09/2023 11:23:04 AM Warning:: [Ethnicity] Changing list to other in ImmPort Templates
05/09/2023 11:23:04 AM Warning:: [Ethnicity] Changing list to other in ImmPort Templates
05/09/2023 11:23:04 AM Warning:: [Ethnicity] Changing list to other in ImmPort Templates
05/09/2023 11:23:05 AM [INFO]:: [Fuzzy] Moderna COVID-19 vaccine ; VO:0005157 => Moderna COVID-19 vaccine; VO:0005157 : score 99
05/09/2023 11:23:05 AM [INFO]:: [Fuzzy] Pfizer BioNTech COVID-19 vaccine ; VO:0004987 => Pfizer BioNTech COVID-19 vaccine; VO:0004987 : score 99
