04/26/2023 10:05:39 AM 
PMID: 35857583
04/26/2023 10:05:39 AM WARNING:: [Sex_at_Birth] Changing 'male | female' to 'other'
04/26/2023 10:05:39 AM WARNING:: [Sex_at_Birth] Changing 'male | female' to 'other'
04/26/2023 10:05:39 AM WARNING:: [Sex_at_Birth] Changing 'male | female' to 'other'
04/26/2023 10:05:39 AM Warning:: [Race] Changing 'Race' to 'other' and moving data to [Race Specify]
04/26/2023 10:05:39 AM Warning:: [Race] Changing 'Race' to 'other' and moving data to [Race Specify]
04/26/2023 10:05:39 AM Warning:: [Race] Changing 'Race' to 'other' and moving data to [Race Specify]
04/26/2023 10:05:39 AM Warning:: [Ethnicity] Changing list to other in ImmPort Templates
04/26/2023 10:05:39 AM Warning:: [Ethnicity] Changing list to other in ImmPort Templates
04/26/2023 10:05:39 AM Warning:: [Ethnicity] Changing list to other in ImmPort Templates
04/26/2023 10:07:57 AM 
PMID: 35857583
04/26/2023 10:07:57 AM WARNING:: [Sex_at_Birth] Changing 'male | female' to 'other'
04/26/2023 10:07:57 AM WARNING:: [Sex_at_Birth] Changing 'male | female' to 'other'
04/26/2023 10:07:57 AM WARNING:: [Sex_at_Birth] Changing 'male | female' to 'other'
04/26/2023 10:07:57 AM Warning:: [Race] Changing 'Race' to 'other' and moving data to [Race Specify]
04/26/2023 10:07:57 AM Warning:: [Race] Changing 'Race' to 'other' and moving data to [Race Specify]
04/26/2023 10:07:57 AM Warning:: [Race] Changing 'Race' to 'other' and moving data to [Race Specify]
04/26/2023 10:07:57 AM Warning:: [Ethnicity] Changing list to other in ImmPort Templates
04/26/2023 10:07:57 AM Warning:: [Ethnicity] Changing list to other in ImmPort Templates
04/26/2023 10:07:57 AM Warning:: [Ethnicity] Changing list to other in ImmPort Templates
04/26/2023 10:15:48 AM 
PMID: 35857583
04/26/2023 10:15:48 AM WARNING:: [Sex_at_Birth] Changing 'male | female' to 'other'
04/26/2023 10:15:48 AM WARNING:: [Sex_at_Birth] Changing 'male | female' to 'other'
04/26/2023 10:15:48 AM WARNING:: [Sex_at_Birth] Changing 'male | female' to 'other'
04/26/2023 10:15:48 AM Warning:: [Race] Changing 'Race' to 'other' and moving data to [Race Specify]
04/26/2023 10:15:48 AM Warning:: [Race] Changing 'Race' to 'other' and moving data to [Race Specify]
04/26/2023 10:15:48 AM Warning:: [Race] Changing 'Race' to 'other' and moving data to [Race Specify]
04/26/2023 10:15:48 AM Warning:: [Ethnicity] Changing list to other in ImmPort Templates
04/26/2023 10:15:48 AM Warning:: [Ethnicity] Changing list to other in ImmPort Templates
04/26/2023 10:15:48 AM Warning:: [Ethnicity] Changing list to other in ImmPort Templates
04/26/2023 10:17:05 AM 
PMID: 35857583
04/26/2023 10:17:05 AM WARNING:: [Sex_at_Birth] Changing 'male | female' to 'other'
04/26/2023 10:17:05 AM WARNING:: [Sex_at_Birth] Changing 'male | female' to 'other'
04/26/2023 10:17:05 AM WARNING:: [Sex_at_Birth] Changing 'male | female' to 'other'
04/26/2023 10:17:05 AM Warning:: [Race] Changing 'Race' to 'other' and moving data to [Race Specify]
04/26/2023 10:17:05 AM Warning:: [Race] Changing 'Race' to 'other' and moving data to [Race Specify]
04/26/2023 10:17:05 AM Warning:: [Race] Changing 'Race' to 'other' and moving data to [Race Specify]
04/26/2023 10:17:05 AM Warning:: [Ethnicity] Changing list to other in ImmPort Templates
04/26/2023 10:17:05 AM Warning:: [Ethnicity] Changing list to other in ImmPort Templates
04/26/2023 10:17:05 AM Warning:: [Ethnicity] Changing list to other in ImmPort Templates
04/26/2023 10:18:32 AM 
PMID: 35857583
04/26/2023 10:18:32 AM WARNING:: [Sex_at_Birth] Changing 'male | female' to 'other'
04/26/2023 10:18:32 AM WARNING:: [Sex_at_Birth] Changing 'male | female' to 'other'
04/26/2023 10:18:32 AM WARNING:: [Sex_at_Birth] Changing 'male | female' to 'other'
04/26/2023 10:18:32 AM Warning:: [Race] Changing 'Race' to 'other' and moving data to [Race Specify]
04/26/2023 10:18:32 AM Warning:: [Race] Changing 'Race' to 'other' and moving data to [Race Specify]
04/26/2023 10:18:32 AM Warning:: [Race] Changing 'Race' to 'other' and moving data to [Race Specify]
04/26/2023 10:18:32 AM Warning:: [Ethnicity] Changing list to other in ImmPort Templates
04/26/2023 10:18:32 AM Warning:: [Ethnicity] Changing list to other in ImmPort Templates
04/26/2023 10:18:32 AM Warning:: [Ethnicity] Changing list to other in ImmPort Templates
04/26/2023 10:29:54 AM 
PMID: 35857583
04/26/2023 10:29:54 AM WARNING:: [Sex_at_Birth] Changing 'male | female' to 'other'
04/26/2023 10:29:54 AM WARNING:: [Sex_at_Birth] Changing 'male | female' to 'other'
04/26/2023 10:29:54 AM WARNING:: [Sex_at_Birth] Changing 'male | female' to 'other'
04/26/2023 10:29:54 AM Warning:: [Race] Changing 'Race' to 'other' and moving data to [Race Specify]
04/26/2023 10:29:54 AM Warning:: [Race] Changing 'Race' to 'other' and moving data to [Race Specify]
04/26/2023 10:29:54 AM Warning:: [Race] Changing 'Race' to 'other' and moving data to [Race Specify]
04/26/2023 10:29:54 AM Warning:: [Ethnicity] Changing list to other in ImmPort Templates
04/26/2023 10:29:54 AM Warning:: [Ethnicity] Changing list to other in ImmPort Templates
04/26/2023 10:29:54 AM Warning:: [Ethnicity] Changing list to other in ImmPort Templates
04/26/2023 10:45:00 AM 
PMID: 35857583
04/26/2023 10:45:00 AM WARNING:: [Sex_at_Birth] Changing 'male | female' to 'other'
04/26/2023 10:45:00 AM WARNING:: [Sex_at_Birth] Changing 'male | female' to 'other'
04/26/2023 10:45:00 AM WARNING:: [Sex_at_Birth] Changing 'male | female' to 'other'
04/26/2023 10:45:00 AM Warning:: [Race] Changing 'Race' to 'other' and moving data to [Race Specify]
04/26/2023 10:45:00 AM Warning:: [Race] Changing 'Race' to 'other' and moving data to [Race Specify]
04/26/2023 10:45:00 AM Warning:: [Race] Changing 'Race' to 'other' and moving data to [Race Specify]
04/26/2023 10:45:00 AM Warning:: [Ethnicity] Changing list to other in ImmPort Templates
04/26/2023 10:45:00 AM Warning:: [Ethnicity] Changing list to other in ImmPort Templates
04/26/2023 10:45:00 AM Warning:: [Ethnicity] Changing list to other in ImmPort Templates
04/26/2023 10:48:08 AM 
PMID: 35857583
04/26/2023 10:48:08 AM WARNING:: [Sex_at_Birth] Changing 'male | female' to 'other'
04/26/2023 10:48:08 AM WARNING:: [Sex_at_Birth] Changing 'male | female' to 'other'
04/26/2023 10:48:08 AM WARNING:: [Sex_at_Birth] Changing 'male | female' to 'other'
04/26/2023 10:48:08 AM Warning:: [Race] Changing 'Race' to 'other' and moving data to [Race Specify]
04/26/2023 10:48:08 AM Warning:: [Race] Changing 'Race' to 'other' and moving data to [Race Specify]
04/26/2023 10:48:08 AM Warning:: [Race] Changing 'Race' to 'other' and moving data to [Race Specify]
04/26/2023 10:48:08 AM Warning:: [Ethnicity] Changing list to other in ImmPort Templates
04/26/2023 10:48:08 AM Warning:: [Ethnicity] Changing list to other in ImmPort Templates
04/26/2023 10:48:08 AM Warning:: [Ethnicity] Changing list to other in ImmPort Templates
04/26/2023 10:48:38 AM 
PMID: 35857583
04/26/2023 10:48:38 AM WARNING:: [Sex_at_Birth] Changing 'male | female' to 'other'
04/26/2023 10:48:38 AM WARNING:: [Sex_at_Birth] Changing 'male | female' to 'other'
04/26/2023 10:48:38 AM WARNING:: [Sex_at_Birth] Changing 'male | female' to 'other'
04/26/2023 10:48:38 AM Warning:: [Race] Changing 'Race' to 'other' and moving data to [Race Specify]
04/26/2023 10:48:38 AM Warning:: [Race] Changing 'Race' to 'other' and moving data to [Race Specify]
04/26/2023 10:48:38 AM Warning:: [Race] Changing 'Race' to 'other' and moving data to [Race Specify]
04/26/2023 10:48:38 AM Warning:: [Ethnicity] Changing list to other in ImmPort Templates
04/26/2023 10:48:38 AM Warning:: [Ethnicity] Changing list to other in ImmPort Templates
04/26/2023 10:48:38 AM Warning:: [Ethnicity] Changing list to other in ImmPort Templates
04/26/2023 01:01:23 PM 
PMID: 35857583
04/26/2023 01:01:23 PM WARNING:: [Sex_at_Birth] Changing 'male | female' to 'other'
04/26/2023 01:01:23 PM WARNING:: [Sex_at_Birth] Changing 'male | female' to 'other'
04/26/2023 01:01:23 PM WARNING:: [Sex_at_Birth] Changing 'male | female' to 'other'
04/26/2023 01:01:23 PM Warning:: [Race] Changing 'Race' to 'other' and moving data to [Race Specify]
04/26/2023 01:01:23 PM Warning:: [Race] Changing 'Race' to 'other' and moving data to [Race Specify]
04/26/2023 01:01:23 PM Warning:: [Race] Changing 'Race' to 'other' and moving data to [Race Specify]
04/26/2023 01:01:23 PM Warning:: [Ethnicity] Changing list to other in ImmPort Templates
04/26/2023 01:01:23 PM Warning:: [Ethnicity] Changing list to other in ImmPort Templates
04/26/2023 01:01:23 PM Warning:: [Ethnicity] Changing list to other in ImmPort Templates
04/26/2023 01:01:54 PM 
PMID: 35857583
04/26/2023 01:01:54 PM WARNING:: [Sex_at_Birth] Changing 'male | female' to 'other'
04/26/2023 01:01:54 PM WARNING:: [Sex_at_Birth] Changing 'male | female' to 'other'
04/26/2023 01:01:54 PM WARNING:: [Sex_at_Birth] Changing 'male | female' to 'other'
04/26/2023 01:01:54 PM Warning:: [Race] Changing 'Race' to 'other' and moving data to [Race Specify]
04/26/2023 01:01:54 PM Warning:: [Race] Changing 'Race' to 'other' and moving data to [Race Specify]
04/26/2023 01:01:54 PM Warning:: [Race] Changing 'Race' to 'other' and moving data to [Race Specify]
04/26/2023 01:01:54 PM Warning:: [Ethnicity] Changing list to other in ImmPort Templates
04/26/2023 01:01:54 PM Warning:: [Ethnicity] Changing list to other in ImmPort Templates
04/26/2023 01:01:54 PM Warning:: [Ethnicity] Changing list to other in ImmPort Templates
04/26/2023 01:01:55 PM [INFO]:: [Fuzzy] ​JSON Summary Description => Study Summary Description : score 80
04/26/2023 01:03:59 PM 
PMID: 35857583
04/26/2023 01:03:59 PM WARNING:: [Sex_at_Birth] Changing 'male | female' to 'other'
04/26/2023 01:03:59 PM WARNING:: [Sex_at_Birth] Changing 'male | female' to 'other'
04/26/2023 01:03:59 PM WARNING:: [Sex_at_Birth] Changing 'male | female' to 'other'
04/26/2023 01:03:59 PM Warning:: [Race] Changing 'Race' to 'other' and moving data to [Race Specify]
04/26/2023 01:03:59 PM Warning:: [Race] Changing 'Race' to 'other' and moving data to [Race Specify]
04/26/2023 01:03:59 PM Warning:: [Race] Changing 'Race' to 'other' and moving data to [Race Specify]
04/26/2023 01:03:59 PM Warning:: [Ethnicity] Changing list to other in ImmPort Templates
04/26/2023 01:03:59 PM Warning:: [Ethnicity] Changing list to other in ImmPort Templates
04/26/2023 01:03:59 PM Warning:: [Ethnicity] Changing list to other in ImmPort Templates
04/26/2023 01:04:23 PM 
PMID: 35857583
04/26/2023 01:04:23 PM WARNING:: [Sex_at_Birth] Changing 'male | female' to 'other'
04/26/2023 01:04:23 PM WARNING:: [Sex_at_Birth] Changing 'male | female' to 'other'
04/26/2023 01:04:23 PM WARNING:: [Sex_at_Birth] Changing 'male | female' to 'other'
04/26/2023 01:04:23 PM Warning:: [Race] Changing 'Race' to 'other' and moving data to [Race Specify]
04/26/2023 01:04:23 PM Warning:: [Race] Changing 'Race' to 'other' and moving data to [Race Specify]
04/26/2023 01:04:23 PM Warning:: [Race] Changing 'Race' to 'other' and moving data to [Race Specify]
04/26/2023 01:04:23 PM Warning:: [Ethnicity] Changing list to other in ImmPort Templates
04/26/2023 01:04:23 PM Warning:: [Ethnicity] Changing list to other in ImmPort Templates
04/26/2023 01:04:23 PM Warning:: [Ethnicity] Changing list to other in ImmPort Templates
04/26/2023 01:04:24 PM [INFO]:: [Fuzzy] ​JSON Summary Description => JSON Summary Description : score 94
04/26/2023 01:04:57 PM 
PMID: 34607452
04/26/2023 01:04:57 PM WARNING:: [Sex_at_Birth] Changing 'male | female' to 'other'
04/26/2023 01:04:57 PM WARNING:: [Sex_at_Birth] Changing 'male | female' to 'other'
04/26/2023 01:04:57 PM WARNING:: [Sex_at_Birth] Changing 'male | female' to 'other'
04/26/2023 01:04:57 PM Warning:: [Race] Changing 'Race' to 'other' and moving data to [Race Specify]
04/26/2023 01:04:57 PM Warning:: [Race] Changing 'Race' to 'other' and moving data to [Race Specify]
04/26/2023 01:04:57 PM Warning:: [Race] Changing 'Race' to 'other' and moving data to [Race Specify]
04/26/2023 01:04:57 PM Warning:: [Ethnicity] Changing list to other in ImmPort Templates
04/26/2023 01:04:57 PM Warning:: [Ethnicity] Changing list to other in ImmPort Templates
04/26/2023 01:04:57 PM Warning:: [Ethnicity] Changing list to other in ImmPort Templates
04/26/2023 01:05:10 PM [INFO]:: [Fuzzy] ​JSON Summary Description => JSON Summary Description : score 94
04/26/2023 01:07:12 PM 
PMID: 34607452
04/26/2023 01:07:13 PM WARNING:: [Sex_at_Birth] Changing 'male | female' to 'other'
04/26/2023 01:07:13 PM WARNING:: [Sex_at_Birth] Changing 'male | female' to 'other'
04/26/2023 01:07:13 PM WARNING:: [Sex_at_Birth] Changing 'male | female' to 'other'
04/26/2023 01:07:13 PM Warning:: [Race] Changing 'Race' to 'other' and moving data to [Race Specify]
04/26/2023 01:07:13 PM Warning:: [Race] Changing 'Race' to 'other' and moving data to [Race Specify]
04/26/2023 01:07:13 PM Warning:: [Race] Changing 'Race' to 'other' and moving data to [Race Specify]
04/26/2023 01:07:13 PM Warning:: [Ethnicity] Changing list to other in ImmPort Templates
04/26/2023 01:07:13 PM Warning:: [Ethnicity] Changing list to other in ImmPort Templates
04/26/2023 01:07:13 PM Warning:: [Ethnicity] Changing list to other in ImmPort Templates
04/26/2023 01:07:13 PM [INFO]:: [Fuzzy] ​JSON Summary Description => JSON Summary Description : score 94
04/26/2023 01:07:45 PM 
PMID: 34607452
04/26/2023 01:07:45 PM WARNING:: [Sex_at_Birth] Changing 'male | female' to 'other'
04/26/2023 01:07:45 PM WARNING:: [Sex_at_Birth] Changing 'male | female' to 'other'
04/26/2023 01:07:45 PM WARNING:: [Sex_at_Birth] Changing 'male | female' to 'other'
04/26/2023 01:07:45 PM Warning:: [Race] Changing 'Race' to 'other' and moving data to [Race Specify]
04/26/2023 01:07:45 PM Warning:: [Race] Changing 'Race' to 'other' and moving data to [Race Specify]
04/26/2023 01:07:45 PM Warning:: [Race] Changing 'Race' to 'other' and moving data to [Race Specify]
04/26/2023 01:07:45 PM Warning:: [Ethnicity] Changing list to other in ImmPort Templates
04/26/2023 01:07:45 PM Warning:: [Ethnicity] Changing list to other in ImmPort Templates
04/26/2023 01:07:45 PM Warning:: [Ethnicity] Changing list to other in ImmPort Templates
04/26/2023 01:07:45 PM [INFO]:: [Fuzzy] ​JSON Summary Description => JSON Summary Description : score 94
04/26/2023 01:10:18 PM 
PMID: 36240764
04/26/2023 01:10:18 PM WARNING:: [Sex_at_Birth] Changing 'male | female' to 'other'
04/26/2023 01:10:18 PM WARNING:: [Sex_at_Birth] Changing 'male | female' to 'other'
04/26/2023 01:10:18 PM Warning:: [Race] Changing 'Race' to 'other' and moving data to [Race Specify]
04/26/2023 01:10:18 PM Warning:: [Race] Changing 'Race' to 'other' and moving data to [Race Specify]
04/26/2023 01:10:18 PM Warning:: [Ethnicity] Changing list to other in ImmPort Templates
04/26/2023 01:10:18 PM Warning:: [Ethnicity] Changing list to other in ImmPort Templates
04/26/2023 01:10:30 PM [INFO]:: [Fuzzy] ​JSON Summary Description => JSON Summary Description : score 94
04/26/2023 01:11:17 PM 
PMID: 36476380
04/26/2023 01:11:17 PM WARNING:: [Sex_at_Birth] Changing 'male | female' to 'other'
04/26/2023 01:11:17 PM WARNING:: [Sex_at_Birth] Changing 'male | female' to 'other'
04/26/2023 01:11:17 PM WARNING:: [Sex_at_Birth] Changing 'male | female' to 'other'
04/26/2023 01:11:17 PM Warning:: [Race] Changing 'Race' to 'other' and moving data to [Race Specify]
04/26/2023 01:11:17 PM Warning:: [Race] Changing 'Race' to 'other' and moving data to [Race Specify]
04/26/2023 01:11:17 PM Warning:: [Race] Changing 'Race' to 'other' and moving data to [Race Specify]
04/26/2023 01:11:17 PM Warning:: [Ethnicity] Changing list to other in ImmPort Templates
04/26/2023 01:11:17 PM Warning:: [Ethnicity] Changing list to other in ImmPort Templates
04/26/2023 01:11:17 PM Warning:: [Ethnicity] Changing list to other in ImmPort Templates
04/26/2023 01:11:34 PM 
PMID: 34644239
04/26/2023 01:11:34 PM WARNING:: [Sex_at_Birth] Changing 'male | female' to 'other'
04/26/2023 01:11:34 PM Warning:: [Race] Changing 'Race' to 'other' and moving data to [Race Specify]
04/26/2023 01:11:34 PM Warning:: [Ethnicity] Changing list to other in ImmPort Templates
04/26/2023 01:12:25 PM 
PMID: 34644239
04/26/2023 01:12:25 PM WARNING:: [Sex_at_Birth] Changing 'male | female' to 'other'
04/26/2023 01:12:25 PM Warning:: [Race] Changing 'Race' to 'other' and moving data to [Race Specify]
04/26/2023 01:12:25 PM Warning:: [Ethnicity] Changing list to other in ImmPort Templates
04/26/2023 01:12:36 PM [INFO]:: [Fuzzy] ​JSON Summary Description => JSON Summary Description : score 94
04/26/2023 01:12:49 PM INFO:: [User Change] Other => No Research Focus Specified
04/26/2023 01:14:07 PM 
PMID: 36314635
04/26/2023 01:15:26 PM 
PMID: 36314635
04/26/2023 01:15:26 PM WARNING:: [Sex_at_Birth] Changing 'male | female' to 'other'
04/26/2023 01:15:26 PM WARNING:: [Sex_at_Birth] Changing 'male | female' to 'other'
04/26/2023 01:15:26 PM WARNING:: [Sex_at_Birth] Changing 'male | female' to 'other'
04/26/2023 01:15:26 PM WARNING:: [Sex_at_Birth] Changing 'male | female' to 'other'
04/26/2023 01:15:26 PM WARNING:: [Sex_at_Birth] Changing 'male | female' to 'other'
04/26/2023 01:15:26 PM Warning:: [Race] Changing 'Race' to 'other' and moving data to [Race Specify]
04/26/2023 01:15:26 PM Warning:: [Race] Changing 'Race' to 'other' and moving data to [Race Specify]
04/26/2023 01:15:26 PM Warning:: [Race] Changing 'Race' to 'other' and moving data to [Race Specify]
04/26/2023 01:15:26 PM Warning:: [Race] Changing 'Race' to 'other' and moving data to [Race Specify]
04/26/2023 01:15:26 PM Warning:: [Race] Changing 'Race' to 'other' and moving data to [Race Specify]
04/26/2023 01:15:26 PM Warning:: [Ethnicity] Changing list to other in ImmPort Templates
04/26/2023 01:15:26 PM Warning:: [Ethnicity] Changing list to other in ImmPort Templates
04/26/2023 01:15:26 PM Warning:: [Ethnicity] Changing list to other in ImmPort Templates
04/26/2023 01:15:26 PM Warning:: [Ethnicity] Changing list to other in ImmPort Templates
04/26/2023 01:15:26 PM Warning:: [Ethnicity] Changing list to other in ImmPort Templates
04/26/2023 01:16:12 PM [INFO]:: [Fuzzy] ​JSON Summary Description => JSON Summary Description : score 94
04/26/2023 01:16:21 PM INFO:: [User Change] Not Specified => Not Applicable
04/26/2023 01:16:39 PM 
PMID: 34687733
04/26/2023 01:16:39 PM ERROR:: [Subject human] Check user defined ID
04/26/2023 01:16:39 PM ERROR:: [Subject human] Check user defined ID
04/26/2023 01:17:23 PM 
PMID: 34687733
04/26/2023 01:17:23 PM WARNING:: [Sex_at_Birth] Changing 'male | female' to 'other'
04/26/2023 01:17:23 PM WARNING:: [Sex_at_Birth] Changing 'male | female' to 'other'
04/26/2023 01:17:23 PM WARNING:: [Sex_at_Birth] Changing 'male | female' to 'other'
04/26/2023 01:17:23 PM WARNING:: [Sex_at_Birth] Changing 'male | female' to 'other'
04/26/2023 01:17:23 PM WARNING:: [Sex_at_Birth] Changing 'male | female' to 'other'
04/26/2023 01:17:23 PM WARNING:: [Sex_at_Birth] Changing 'male | female' to 'other'
04/26/2023 01:17:23 PM Warning:: [Race] Changing 'Race' to 'other' and moving data to [Race Specify]
04/26/2023 01:17:23 PM Warning:: [Race] Changing 'Race' to 'other' and moving data to [Race Specify]
04/26/2023 01:17:23 PM Warning:: [Race] Changing 'Race' to 'other' and moving data to [Race Specify]
04/26/2023 01:17:23 PM Warning:: [Race] Changing 'Race' to 'other' and moving data to [Race Specify]
04/26/2023 01:17:23 PM Warning:: [Race] Changing 'Race' to 'other' and moving data to [Race Specify]
04/26/2023 01:17:23 PM Warning:: [Race] Changing 'Race' to 'other' and moving data to [Race Specify]
04/26/2023 01:17:23 PM Warning:: [Ethnicity] Changing list to other in ImmPort Templates
04/26/2023 01:17:23 PM Warning:: [Ethnicity] Changing list to other in ImmPort Templates
04/26/2023 01:17:23 PM Warning:: [Ethnicity] Changing list to other in ImmPort Templates
04/26/2023 01:17:23 PM Warning:: [Ethnicity] Changing list to other in ImmPort Templates
04/26/2023 01:17:23 PM Warning:: [Ethnicity] Changing list to other in ImmPort Templates
04/26/2023 01:17:23 PM Warning:: [Ethnicity] Changing list to other in ImmPort Templates
04/26/2023 01:17:37 PM [INFO]:: [Fuzzy] ​JSON Summary Description => JSON Summary Description : score 94
04/26/2023 01:17:43 PM INFO:: [User Change] Not Specified => Not Applicable
04/26/2023 01:27:07 PM 
PMID: 35389888
04/26/2023 01:27:07 PM WARNING:: [Sex_at_Birth] Changing 'male | female' to 'other'
04/26/2023 01:27:07 PM WARNING:: [Sex_at_Birth] Changing 'male | female' to 'other'
04/26/2023 01:27:07 PM WARNING:: [Sex_at_Birth] Changing 'male | female' to 'other'
04/26/2023 01:27:07 PM WARNING:: [Sex_at_Birth] Changing 'male | female' to 'other'
04/26/2023 01:27:07 PM WARNING:: [Sex_at_Birth] Changing 'male | female' to 'other'
04/26/2023 01:27:07 PM Warning:: [Race] Changing 'Race' to 'other' and moving data to [Race Specify]
04/26/2023 01:27:07 PM Warning:: [Race] Changing 'Race' to 'other' and moving data to [Race Specify]
04/26/2023 01:27:07 PM Warning:: [Race] Changing 'Race' to 'other' and moving data to [Race Specify]
04/26/2023 01:27:07 PM Warning:: [Race] Changing 'Race' to 'other' and moving data to [Race Specify]
04/26/2023 01:27:07 PM Warning:: [Race] Changing 'Race' to 'other' and moving data to [Race Specify]
04/26/2023 01:27:07 PM Warning:: [Ethnicity] Changing list to other in ImmPort Templates
04/26/2023 01:27:07 PM Warning:: [Ethnicity] Changing list to other in ImmPort Templates
04/26/2023 01:27:07 PM Warning:: [Ethnicity] Changing list to other in ImmPort Templates
04/26/2023 01:27:07 PM Warning:: [Ethnicity] Changing list to other in ImmPort Templates
04/26/2023 01:27:07 PM Warning:: [Ethnicity] Changing list to other in ImmPort Templates
04/26/2023 01:27:52 PM [INFO]:: [Fuzzy] Pfizer BioNTech COVID-19 vaccine ; VO:0004987 => Pfizer BioNTech COVID-19 vaccine; VO:0004987 : score 99
04/26/2023 01:27:52 PM [INFO]:: [Fuzzy] Moderna COVID-19 vaccine ; VO:0005157 => Moderna COVID-19 vaccine; VO:0005157 : score 99
04/26/2023 01:27:52 PM [INFO]:: [Fuzzy] Pfizer BioNTech COVID-19 vaccine ; VO:0004987 => Pfizer BioNTech COVID-19 vaccine; VO:0004987 : score 99
04/26/2023 01:27:52 PM [INFO]:: [Fuzzy] Moderna COVID-19 vaccine ; VO:0005157 => Moderna COVID-19 vaccine; VO:0005157 : score 99
04/26/2023 01:27:52 PM [INFO]:: [Fuzzy] Pfizer BioNTech COVID-19 vaccine ; VO:0004987 => Pfizer BioNTech COVID-19 vaccine; VO:0004987 : score 99
04/26/2023 01:27:52 PM [INFO]:: [Fuzzy] Moderna COVID-19 vaccine ; VO:0005157 => Moderna COVID-19 vaccine; VO:0005157 : score 99
04/26/2023 01:27:52 PM [INFO]:: [Fuzzy] Pfizer BioNTech COVID-19 vaccine ; VO:0004987 => Pfizer BioNTech COVID-19 vaccine; VO:0004987 : score 99
04/26/2023 01:27:52 PM [INFO]:: [Fuzzy] Pfizer BioNTech COVID-19 vaccine ; VO:0004987 => Pfizer BioNTech COVID-19 vaccine; VO:0004987 : score 99
04/26/2023 01:27:52 PM [INFO]:: [Fuzzy] Moderna COVID-19 vaccine ; VO:0005157 => Moderna COVID-19 vaccine; VO:0005157 : score 99
04/26/2023 01:27:52 PM INFO:: [Fuzzy] Closest Match Found. Changing Virus Neutralization Assay => Pseudovirus Neutralization Assay
04/26/2023 01:33:30 PM INFO:: [User Change] ELISpot Assay => ELISPOT
04/26/2023 01:33:43 PM 
PMID: 35526534
04/26/2023 01:34:17 PM 
PMID: 35584183
04/26/2023 01:34:17 PM WARNING:: [Sex_at_Birth] Changing 'male | female' to 'other'
04/26/2023 01:34:17 PM WARNING:: [Sex_at_Birth] Changing 'male | female' to 'other'
04/26/2023 01:34:17 PM WARNING:: [Sex_at_Birth] Changing 'male | female' to 'other'
04/26/2023 01:34:17 PM Warning:: [Race] Changing 'Race' to 'other' and moving data to [Race Specify]
04/26/2023 01:34:17 PM Warning:: [Race] Changing 'Race' to 'other' and moving data to [Race Specify]
04/26/2023 01:34:17 PM Warning:: [Race] Changing 'Race' to 'other' and moving data to [Race Specify]
04/26/2023 01:34:17 PM Warning:: [Ethnicity] Changing list to other in ImmPort Templates
04/26/2023 01:34:17 PM Warning:: [Ethnicity] Changing list to other in ImmPort Templates
04/26/2023 01:34:17 PM Warning:: [Ethnicity] Changing list to other in ImmPort Templates
04/26/2023 01:34:39 PM 
PMID: 36213181
04/26/2023 01:34:39 PM WARNING:: [Sex_at_Birth] Changing 'male | female' to 'other'
04/26/2023 01:34:39 PM Warning:: [Race] Changing 'Race' to 'other' and moving data to [Race Specify]
04/26/2023 01:34:39 PM Warning:: [Ethnicity] Changing list to other in ImmPort Templates
04/26/2023 01:34:54 PM INFO:: [User Change] Not Specified => Not Applicable
04/26/2023 01:35:16 PM 
PMID: 33971664
04/26/2023 01:35:16 PM WARNING:: [Sex_at_Birth] Changing 'male | female' to 'other'
04/26/2023 01:35:16 PM WARNING:: [Sex_at_Birth] Changing 'male | female' to 'other'
04/26/2023 01:35:16 PM WARNING:: [Sex_at_Birth] Changing 'male | female' to 'other'
04/26/2023 01:35:16 PM WARNING:: [Sex_at_Birth] Changing 'male | female' to 'other'
04/26/2023 01:35:16 PM WARNING:: [Sex_at_Birth] Changing 'male | female' to 'other'
04/26/2023 01:35:16 PM Warning:: [Race] Changing 'Race' to 'other' and moving data to [Race Specify]
04/26/2023 01:35:16 PM Warning:: [Race] Changing 'Race' to 'other' and moving data to [Race Specify]
04/26/2023 01:35:16 PM Warning:: [Race] Changing 'Race' to 'other' and moving data to [Race Specify]
04/26/2023 01:35:16 PM Warning:: [Race] Changing 'Race' to 'other' and moving data to [Race Specify]
04/26/2023 01:35:16 PM Warning:: [Race] Changing 'Race' to 'other' and moving data to [Race Specify]
04/26/2023 01:35:16 PM Warning:: [Ethnicity] Changing list to other in ImmPort Templates
04/26/2023 01:35:16 PM Warning:: [Ethnicity] Changing list to other in ImmPort Templates
04/26/2023 01:35:16 PM Warning:: [Ethnicity] Changing list to other in ImmPort Templates
04/26/2023 01:35:16 PM Warning:: [Ethnicity] Changing list to other in ImmPort Templates
04/26/2023 01:35:16 PM Warning:: [Ethnicity] Changing list to other in ImmPort Templates
04/26/2023 01:45:09 PM 
PMID: 33971664
04/26/2023 01:45:10 PM WARNING:: [Sex_at_Birth] Changing 'male | female' to 'other'
04/26/2023 01:45:10 PM WARNING:: [Sex_at_Birth] Changing 'male | female' to 'other'
04/26/2023 01:45:10 PM WARNING:: [Sex_at_Birth] Changing 'male | female' to 'other'
04/26/2023 01:45:10 PM WARNING:: [Sex_at_Birth] Changing 'male | female' to 'other'
04/26/2023 01:45:10 PM WARNING:: [Sex_at_Birth] Changing 'male | female' to 'other'
04/26/2023 01:45:10 PM Warning:: [Race] Changing 'Race' to 'other' and moving data to [Race Specify]
04/26/2023 01:45:10 PM Warning:: [Race] Changing 'Race' to 'other' and moving data to [Race Specify]
04/26/2023 01:45:10 PM Warning:: [Race] Changing 'Race' to 'other' and moving data to [Race Specify]
04/26/2023 01:45:10 PM Warning:: [Race] Changing 'Race' to 'other' and moving data to [Race Specify]
04/26/2023 01:45:10 PM Warning:: [Race] Changing 'Race' to 'other' and moving data to [Race Specify]
04/26/2023 01:45:10 PM Warning:: [Ethnicity] Changing list to other in ImmPort Templates
04/26/2023 01:45:10 PM Warning:: [Ethnicity] Changing list to other in ImmPort Templates
04/26/2023 01:45:10 PM Warning:: [Ethnicity] Changing list to other in ImmPort Templates
04/26/2023 01:45:10 PM Warning:: [Ethnicity] Changing list to other in ImmPort Templates
04/26/2023 01:45:10 PM Warning:: [Ethnicity] Changing list to other in ImmPort Templates
04/26/2023 01:45:20 PM 
PMID: 33971664
04/26/2023 01:45:20 PM WARNING:: [Sex_at_Birth] Changing 'male | female' to 'other'
04/26/2023 01:45:20 PM WARNING:: [Sex_at_Birth] Changing 'male | female' to 'other'
04/26/2023 01:45:20 PM WARNING:: [Sex_at_Birth] Changing 'male | female' to 'other'
04/26/2023 01:45:20 PM WARNING:: [Sex_at_Birth] Changing 'male | female' to 'other'
04/26/2023 01:45:20 PM WARNING:: [Sex_at_Birth] Changing 'male | female' to 'other'
04/26/2023 01:45:20 PM Warning:: [Race] Changing 'Race' to 'other' and moving data to [Race Specify]
04/26/2023 01:45:20 PM Warning:: [Race] Changing 'Race' to 'other' and moving data to [Race Specify]
04/26/2023 01:45:20 PM Warning:: [Race] Changing 'Race' to 'other' and moving data to [Race Specify]
04/26/2023 01:45:20 PM Warning:: [Race] Changing 'Race' to 'other' and moving data to [Race Specify]
04/26/2023 01:45:20 PM Warning:: [Race] Changing 'Race' to 'other' and moving data to [Race Specify]
04/26/2023 01:45:20 PM Warning:: [Ethnicity] Changing list to other in ImmPort Templates
04/26/2023 01:45:20 PM Warning:: [Ethnicity] Changing list to other in ImmPort Templates
04/26/2023 01:45:20 PM Warning:: [Ethnicity] Changing list to other in ImmPort Templates
04/26/2023 01:45:20 PM Warning:: [Ethnicity] Changing list to other in ImmPort Templates
04/26/2023 01:45:20 PM Warning:: [Ethnicity] Changing list to other in ImmPort Templates
04/26/2023 01:45:35 PM 
PMID: 33971664
04/26/2023 01:45:35 PM WARNING:: [Sex_at_Birth] Changing 'male | female' to 'other'
04/26/2023 01:45:35 PM WARNING:: [Sex_at_Birth] Changing 'male | female' to 'other'
04/26/2023 01:45:35 PM WARNING:: [Sex_at_Birth] Changing 'male | female' to 'other'
04/26/2023 01:45:35 PM WARNING:: [Sex_at_Birth] Changing 'male | female' to 'other'
04/26/2023 01:45:35 PM WARNING:: [Sex_at_Birth] Changing 'male | female' to 'other'
04/26/2023 01:45:35 PM Warning:: [Race] Changing 'Race' to 'other' and moving data to [Race Specify]
04/26/2023 01:45:35 PM Warning:: [Race] Changing 'Race' to 'other' and moving data to [Race Specify]
04/26/2023 01:45:35 PM Warning:: [Race] Changing 'Race' to 'other' and moving data to [Race Specify]
04/26/2023 01:45:35 PM Warning:: [Race] Changing 'Race' to 'other' and moving data to [Race Specify]
04/26/2023 01:45:35 PM Warning:: [Race] Changing 'Race' to 'other' and moving data to [Race Specify]
04/26/2023 01:45:35 PM Warning:: [Ethnicity] Changing list to other in ImmPort Templates
04/26/2023 01:45:35 PM Warning:: [Ethnicity] Changing list to other in ImmPort Templates
04/26/2023 01:45:35 PM Warning:: [Ethnicity] Changing list to other in ImmPort Templates
04/26/2023 01:45:35 PM Warning:: [Ethnicity] Changing list to other in ImmPort Templates
04/26/2023 01:45:35 PM Warning:: [Ethnicity] Changing list to other in ImmPort Templates
04/26/2023 01:47:43 PM 
PMID: 33795870
04/26/2023 01:47:43 PM WARNING:: [Sex_at_Birth] Changing 'male | female' to 'other'
04/26/2023 01:47:43 PM Warning:: [Race] Changing 'Race' to 'other' and moving data to [Race Specify]
04/26/2023 01:47:43 PM Warning:: [Ethnicity] Changing list to other in ImmPort Templates
04/26/2023 01:47:58 PM [INFO]:: [Fuzzy] ​JSON Summary Description => JSON Summary Description : score 94
04/26/2023 01:48:01 PM INFO:: [User Change] Not Specified => Not Applicable
04/26/2023 01:53:23 PM 
PMID: 35879545
04/26/2023 01:54:45 PM 
PMID: 35879545
04/26/2023 01:55:36 PM 
PMID: 35879545
04/26/2023 01:55:59 PM 
PMID: 35879545
04/26/2023 01:57:12 PM 
PMID: 35879545
04/26/2023 01:58:01 PM 
PMID: 35879545
04/26/2023 01:59:49 PM 
PMID: 36069925
04/26/2023 01:59:49 PM WARNING:: [Sex_at_Birth] Changing 'male | female' to 'other'
04/26/2023 01:59:49 PM WARNING:: [Sex_at_Birth] Changing 'male | female' to 'other'
04/26/2023 01:59:49 PM WARNING:: [Sex_at_Birth] Changing 'male | female' to 'other'
04/26/2023 01:59:49 PM Warning:: [Race] Changing 'Race' to 'other' and moving data to [Race Specify]
04/26/2023 01:59:49 PM Warning:: [Race] Changing 'Race' to 'other' and moving data to [Race Specify]
04/26/2023 01:59:49 PM Warning:: [Race] Changing 'Race' to 'other' and moving data to [Race Specify]
04/26/2023 01:59:49 PM Warning:: [Ethnicity] Changing list to other in ImmPort Templates
04/26/2023 01:59:49 PM Warning:: [Ethnicity] Changing list to other in ImmPort Templates
04/26/2023 01:59:49 PM Warning:: [Ethnicity] Changing list to other in ImmPort Templates
04/26/2023 01:59:52 PM [INFO]:: [Fuzzy] ​JSON Summary Description => JSON Summary Description : score 94
04/26/2023 02:05:23 PM Note: NumExpr detected 16 cores but "NUMEXPR_MAX_THREADS" not set, so enforcing safe limit of 8.
04/26/2023 02:05:23 PM NumExpr defaulting to 8 threads.
04/26/2023 02:43:35 PM 
PMID: 34056628
04/26/2023 02:43:35 PM WARNING:: [Sex_at_Birth] Changing 'male | female' to 'other'
04/26/2023 02:43:35 PM Warning:: [Race] Changing 'Race' to 'other' and moving data to [Race Specify]
04/26/2023 02:43:35 PM Warning:: [Ethnicity] Changing list to other in ImmPort Templates
04/26/2023 02:43:43 PM [INFO]:: [Fuzzy] ​JSON Summary Description => JSON Summary Description : score 94
04/26/2023 02:43:55 PM INFO:: [User Change] HCoV-OC43 => HCoVs - Seasonal (OC43, HKU-1, NL63, 229E)
04/26/2023 02:44:02 PM INFO:: [User Change] HCoV-HKU1 => HCoVs - Seasonal (OC43, HKU-1, NL63, 229E)
04/26/2023 02:44:02 PM Previous Input: Virus Strain, HCoV-OC43 => HCoVs - Seasonal (OC43, HKU-1, NL63, 229E)
04/26/2023 02:44:02 PM Previous Input: Virus Strain, HCoV-HKU1 => HCoVs - Seasonal (OC43, HKU-1, NL63, 229E)
04/26/2023 02:44:23 PM 
PMID: 33495307
04/26/2023 02:44:37 PM [INFO]:: [Fuzzy] ​JSON Summary Description => JSON Summary Description : score 94
04/26/2023 02:44:37 PM INFO:: [Fuzzy] Closest Match Found. Changing Not Specified => Not specified
04/26/2023 02:44:37 PM INFO:: [Fuzzy] Closest Match Found. Changing Not Specified => Not specified
04/26/2023 02:44:37 PM INFO:: [Fuzzy] Closest Match Found. Changing Not Specified => Not specified
04/26/2023 02:48:15 PM 
PMID: 35430229
04/26/2023 02:48:15 PM Warning:: [Race] Changing 'Race' to 'other' and moving data to [Race Specify]
04/26/2023 02:48:15 PM Warning:: [Race] Changing 'Race' to 'other' and moving data to [Race Specify]
04/26/2023 02:48:15 PM Warning:: [Ethnicity] Changing list to other in ImmPort Templates
04/26/2023 02:48:15 PM Warning:: [Ethnicity] Changing list to other in ImmPort Templates
04/26/2023 02:48:27 PM INFO:: [User Change] Vaccine Response | Pregnancy | Immune Response => Vaccine Response
04/26/2023 02:48:27 PM [INFO]:: [Fuzzy] Moderna COVID-19 vaccine ; VO:0005157 => Moderna COVID-19 vaccine; VO:0005157 : score 99
04/26/2023 02:48:27 PM [INFO]:: [Fuzzy] Pfizer BioNTech COVID-19 vaccine ; VO:0004987 => Pfizer BioNTech COVID-19 vaccine; VO:0004987 : score 99
04/26/2023 02:48:27 PM [INFO]:: [Fuzzy] SARS-CoV-2 D614G => SARS-CoV-1 : score 77
04/26/2023 02:48:32 PM INFO:: [User Change] B1.117 => SARS-CoV-2 Alpha; B.1.1.7
04/26/2023 02:48:35 PM INFO:: [User Change] B1.351 => SARS-CoV-2 Beta; B.1.351
04/26/2023 02:48:35 PM INFO:: [Fuzzy] Closest Match Found. Changing B.1.617.2 => SARS-CoV-2 Delta; B.1.617.2
04/26/2023 02:48:42 PM INFO:: [User Change] and B1.529 => SARS-CoV-2 Omicron; B.1.1.529
04/26/2023 02:50:59 PM 
PMID: 35430229
04/26/2023 02:50:59 PM Warning:: [Race] Changing 'Race' to 'other' and moving data to [Race Specify]
04/26/2023 02:50:59 PM Warning:: [Race] Changing 'Race' to 'other' and moving data to [Race Specify]
04/26/2023 02:50:59 PM Warning:: [Ethnicity] Changing list to other in ImmPort Templates
04/26/2023 02:50:59 PM Warning:: [Ethnicity] Changing list to other in ImmPort Templates
04/26/2023 02:51:03 PM INFO:: [User Change] Vaccine Response | Pregnancy | Immune Response => Vaccine Response
04/26/2023 02:51:03 PM [INFO]:: [Fuzzy] Moderna COVID-19 vaccine ; VO:0005157 => Moderna COVID-19 vaccine; VO:0005157 : score 99
04/26/2023 02:51:03 PM [INFO]:: [Fuzzy] Pfizer BioNTech COVID-19 vaccine ; VO:0004987 => Pfizer BioNTech COVID-19 vaccine; VO:0004987 : score 99
04/26/2023 02:51:48 PM 
PMID: 35614113
04/26/2023 02:51:48 PM WARNING:: [Sex_at_Birth] Changing 'male | female' to 'other'
04/26/2023 02:51:48 PM WARNING:: [Sex_at_Birth] Changing 'male | female' to 'other'
04/26/2023 02:51:48 PM Warning:: [Race] Changing 'Race' to 'other' and moving data to [Race Specify]
04/26/2023 02:51:48 PM Warning:: [Race] Changing 'Race' to 'other' and moving data to [Race Specify]
04/26/2023 02:51:48 PM Warning:: [Ethnicity] Changing list to other in ImmPort Templates
04/26/2023 02:51:48 PM Warning:: [Ethnicity] Changing list to other in ImmPort Templates
04/26/2023 02:51:48 PM Error:: [planned visit] Same order number used more than once
04/26/2023 02:52:56 PM 
PMID: 36644323
04/26/2023 02:52:56 PM WARNING:: [Sex_at_Birth] Changing 'male | female' to 'other'
04/26/2023 02:52:56 PM WARNING:: [Sex_at_Birth] Changing 'male | female' to 'other'
04/26/2023 02:52:56 PM Warning:: [Race] Changing 'Race' to 'other' and moving data to [Race Specify]
04/26/2023 02:52:56 PM Warning:: [Race] Changing 'Race' to 'other' and moving data to [Race Specify]
04/26/2023 02:52:56 PM Warning:: [Ethnicity] Changing list to other in ImmPort Templates
04/26/2023 02:52:56 PM Warning:: [Ethnicity] Changing list to other in ImmPort Templates
04/26/2023 02:53:22 PM [INFO]:: [Fuzzy] ​JSON Summary Description => JSON Summary Description : score 94
04/26/2023 02:53:33 PM INFO:: [User Change] Covid-19 => COVID-19
04/26/2023 02:53:38 PM INFO:: [User Change] Non-Hodgkin lymphoma => Lymphoma
04/26/2023 02:56:39 PM 
PMID: 34669512
04/26/2023 02:56:39 PM WARNING:: [inclusion exclusion] Changing Yes => Inclusion
04/26/2023 02:56:39 PM WARNING:: [inclusion exclusion] Changing Yes => Inclusion
04/26/2023 02:56:39 PM WARNING:: [Sex_at_Birth] Changing 'male | female' to 'other'
04/26/2023 02:56:39 PM WARNING:: [Sex_at_Birth] Changing 'male | female' to 'other'
04/26/2023 02:56:39 PM Warning:: [Race] Changing 'Race' to 'other' and moving data to [Race Specify]
04/26/2023 02:56:39 PM Warning:: [Race] Changing 'Race' to 'other' and moving data to [Race Specify]
04/26/2023 02:56:39 PM Warning:: [Ethnicity] Changing list to other in ImmPort Templates
04/26/2023 02:56:39 PM Warning:: [Ethnicity] Changing list to other in ImmPort Templates
04/26/2023 02:59:47 PM 
PMID: 34669512
04/26/2023 02:59:47 PM WARNING:: [inclusion exclusion] Changing Yes => Inclusion
04/26/2023 02:59:47 PM WARNING:: [inclusion exclusion] Changing Yes => Inclusion
04/26/2023 02:59:47 PM WARNING:: [Sex_at_Birth] Changing 'male | female' to 'other'
04/26/2023 02:59:47 PM WARNING:: [Sex_at_Birth] Changing 'male | female' to 'other'
04/26/2023 02:59:47 PM Warning:: [Race] Changing 'Race' to 'other' and moving data to [Race Specify]
04/26/2023 02:59:47 PM Warning:: [Race] Changing 'Race' to 'other' and moving data to [Race Specify]
04/26/2023 02:59:47 PM Warning:: [Ethnicity] Changing list to other in ImmPort Templates
04/26/2023 02:59:47 PM Warning:: [Ethnicity] Changing list to other in ImmPort Templates
04/26/2023 02:59:50 PM INFO:: [User Change] Covid-19 => COVID-19
04/26/2023 02:59:50 PM [INFO]:: [Fuzzy] SARS-CoV-2 Wuhan / 2020 => SARS-CoV-2 Wuhan/2020 : score 95
04/26/2023 03:00:01 PM INFO:: [User Change] coronavirus strain => HCoVs - Seasonal (OC43, HKU-1, NL63, 229E)
04/26/2023 03:00:09 PM INFO:: [User Change] HCoV-NL63 => HCoVs - Seasonal (OC43, HKU-1, NL63, 229E)
04/26/2023 03:00:29 PM 
PMID: 33495307
04/26/2023 03:00:30 PM [INFO]:: [Fuzzy] ​JSON Summary Description => JSON Summary Description : score 94
04/26/2023 03:00:30 PM INFO:: [Fuzzy] Closest Match Found. Changing Not Specified => Not specified
04/26/2023 03:00:30 PM INFO:: [Fuzzy] Closest Match Found. Changing Not Specified => Not specified
04/26/2023 03:00:30 PM INFO:: [Fuzzy] Closest Match Found. Changing Not Specified => Not specified
04/26/2023 03:00:44 PM 
PMID: 34242577
04/26/2023 03:00:44 PM WARNING:: [Sex_at_Birth] Changing 'male | female' to 'other'
04/26/2023 03:00:44 PM WARNING:: [Sex_at_Birth] Changing 'male | female' to 'other'
04/26/2023 03:00:44 PM WARNING:: [Sex_at_Birth] Changing 'male | female' to 'other'
04/26/2023 03:00:44 PM WARNING:: [Sex_at_Birth] Changing 'male | female' to 'other'
04/26/2023 03:00:44 PM Warning:: [Race] Changing 'Race' to 'other' and moving data to [Race Specify]
04/26/2023 03:00:44 PM Warning:: [Race] Changing 'Race' to 'other' and moving data to [Race Specify]
04/26/2023 03:00:44 PM Warning:: [Race] Changing 'Race' to 'other' and moving data to [Race Specify]
04/26/2023 03:00:44 PM Warning:: [Race] Changing 'Race' to 'other' and moving data to [Race Specify]
04/26/2023 03:00:44 PM Warning:: [Ethnicity] Changing list to other in ImmPort Templates
04/26/2023 03:00:44 PM Warning:: [Ethnicity] Changing list to other in ImmPort Templates
04/26/2023 03:00:44 PM Warning:: [Ethnicity] Changing list to other in ImmPort Templates
04/26/2023 03:00:44 PM Warning:: [Ethnicity] Changing list to other in ImmPort Templates
04/26/2023 03:00:44 PM [planned visit]: PMID34242577_visit-02 has reached character limit (133 > 125)
04/26/2023 03:01:13 PM 
PMID: 34624208
04/26/2023 03:01:13 PM WARNING:: [Sex_at_Birth] Changing 'male | female' to 'other'
04/26/2023 03:01:13 PM WARNING:: [Sex_at_Birth] Changing 'male | female' to 'other'
04/26/2023 03:01:13 PM WARNING:: [Sex_at_Birth] Changing 'male | female' to 'other'
04/26/2023 03:01:13 PM WARNING:: [Sex_at_Birth] Changing 'male | female' to 'other'
04/26/2023 03:01:13 PM WARNING:: [Sex_at_Birth] Changing 'male | female' to 'other'
04/26/2023 03:01:13 PM Warning:: [Race] Changing 'Race' to 'other' and moving data to [Race Specify]
04/26/2023 03:01:13 PM Warning:: [Race] Changing 'Race' to 'other' and moving data to [Race Specify]
04/26/2023 03:01:13 PM Warning:: [Race] Changing 'Race' to 'other' and moving data to [Race Specify]
04/26/2023 03:01:13 PM Warning:: [Race] Changing 'Race' to 'other' and moving data to [Race Specify]
04/26/2023 03:01:13 PM Warning:: [Race] Changing 'Race' to 'other' and moving data to [Race Specify]
04/26/2023 03:01:13 PM Warning:: [Ethnicity] Changing list to other in ImmPort Templates
04/26/2023 03:01:13 PM Warning:: [Ethnicity] Changing list to other in ImmPort Templates
04/26/2023 03:01:13 PM Warning:: [Ethnicity] Changing list to other in ImmPort Templates
04/26/2023 03:01:13 PM Warning:: [Ethnicity] Changing list to other in ImmPort Templates
04/26/2023 03:01:13 PM Warning:: [Ethnicity] Changing list to other in ImmPort Templates
04/26/2023 03:01:23 PM [INFO]:: [Fuzzy] ​JSON Summary Description => JSON Summary Description : score 94
04/26/2023 03:01:23 PM INFO:: [Fuzzy] Closest Match Found. Changing Not Specified => Not specified
04/26/2023 03:01:23 PM INFO:: [Fuzzy] Closest Match Found. Changing Not Specified => Not specified
04/26/2023 03:01:23 PM INFO:: [Fuzzy] Closest Match Found. Changing Not Specified => Not specified
04/26/2023 03:01:23 PM INFO:: [Fuzzy] Closest Match Found. Changing Not Specified => Not specified
04/26/2023 03:01:23 PM INFO:: [Fuzzy] Closest Match Found. Changing Not Specified => Not specified
04/26/2023 03:01:23 PM INFO:: [Fuzzy] Closest Match Found. Changing Not Specified => Not specified
04/26/2023 03:01:23 PM INFO:: [Fuzzy] Closest Match Found. Changing Not Specified => Not specified
04/26/2023 03:01:23 PM INFO:: [Fuzzy] Closest Match Found. Changing Not Specified => Not specified
04/26/2023 03:01:23 PM INFO:: [Fuzzy] Closest Match Found. Changing Not Specified => Not specified
04/26/2023 03:01:23 PM INFO:: [Fuzzy] Closest Match Found. Changing Not Specified => Not specified
04/26/2023 03:01:47 PM 
PMID: 36135380
04/26/2023 03:01:47 PM WARNING:: [Sex_at_Birth] Changing 'male | female' to 'other'
04/26/2023 03:01:47 PM WARNING:: [Sex_at_Birth] Changing 'male | female' to 'other'
04/26/2023 03:01:47 PM Warning:: [Race] Changing 'Race' to 'other' and moving data to [Race Specify]
04/26/2023 03:01:47 PM Warning:: [Race] Changing 'Race' to 'other' and moving data to [Race Specify]
04/26/2023 03:01:47 PM Warning:: [Ethnicity] Changing list to other in ImmPort Templates
04/26/2023 03:01:47 PM Warning:: [Ethnicity] Changing list to other in ImmPort Templates
04/26/2023 03:01:47 PM [planned visit]: PMID36135380_visit-02 has reached character limit (136 > 125)
04/26/2023 03:03:13 PM 
PMID: 36135380
04/26/2023 03:03:13 PM WARNING:: [Sex_at_Birth] Changing 'male | female' to 'other'
04/26/2023 03:03:13 PM WARNING:: [Sex_at_Birth] Changing 'male | female' to 'other'
04/26/2023 03:03:13 PM Warning:: [Race] Changing 'Race' to 'other' and moving data to [Race Specify]
04/26/2023 03:03:13 PM Warning:: [Race] Changing 'Race' to 'other' and moving data to [Race Specify]
04/26/2023 03:03:13 PM Warning:: [Ethnicity] Changing list to other in ImmPort Templates
04/26/2023 03:03:13 PM Warning:: [Ethnicity] Changing list to other in ImmPort Templates
04/26/2023 03:03:13 PM [planned visit]: PMID36135380_visit-04 has reached character limit (127 > 125)
04/26/2023 03:03:37 PM 
PMID: 36135380
04/26/2023 03:03:37 PM WARNING:: [Sex_at_Birth] Changing 'male | female' to 'other'
04/26/2023 03:03:37 PM WARNING:: [Sex_at_Birth] Changing 'male | female' to 'other'
04/26/2023 03:03:37 PM Warning:: [Race] Changing 'Race' to 'other' and moving data to [Race Specify]
04/26/2023 03:03:37 PM Warning:: [Race] Changing 'Race' to 'other' and moving data to [Race Specify]
04/26/2023 03:03:37 PM Warning:: [Ethnicity] Changing list to other in ImmPort Templates
04/26/2023 03:03:37 PM Warning:: [Ethnicity] Changing list to other in ImmPort Templates
04/26/2023 03:03:37 PM [planned visit]: PMID36135380_visit-04 has reached character limit (127 > 125)
04/26/2023 03:04:33 PM 
PMID: 36135380
04/26/2023 03:04:33 PM WARNING:: [Sex_at_Birth] Changing 'male | female' to 'other'
04/26/2023 03:04:33 PM WARNING:: [Sex_at_Birth] Changing 'male | female' to 'other'
04/26/2023 03:04:33 PM Warning:: [Race] Changing 'Race' to 'other' and moving data to [Race Specify]
04/26/2023 03:04:33 PM Warning:: [Race] Changing 'Race' to 'other' and moving data to [Race Specify]
04/26/2023 03:04:33 PM Warning:: [Ethnicity] Changing list to other in ImmPort Templates
04/26/2023 03:04:33 PM Warning:: [Ethnicity] Changing list to other in ImmPort Templates
04/26/2023 03:04:33 PM [planned visit]: PMID36135380_visit-05 has reached character limit (126 > 125)
04/26/2023 03:05:05 PM 
PMID: 36135380
04/26/2023 03:05:06 PM WARNING:: [Sex_at_Birth] Changing 'male | female' to 'other'
04/26/2023 03:05:06 PM WARNING:: [Sex_at_Birth] Changing 'male | female' to 'other'
04/26/2023 03:05:06 PM Warning:: [Race] Changing 'Race' to 'other' and moving data to [Race Specify]
04/26/2023 03:05:06 PM Warning:: [Race] Changing 'Race' to 'other' and moving data to [Race Specify]
04/26/2023 03:05:06 PM Warning:: [Ethnicity] Changing list to other in ImmPort Templates
04/26/2023 03:05:06 PM Warning:: [Ethnicity] Changing list to other in ImmPort Templates
04/26/2023 03:05:12 PM INFO:: [User Change] Covid-19 => COVID-19
04/26/2023 03:05:12 PM [INFO]:: [Fuzzy] SARS-CoV-2 WA1/2020 (D614 variant) => SARS-CoV-2 WA1/2020 (D614G variant) : score 99
04/26/2023 03:05:12 PM [INFO]:: [Fuzzy] SARS-CoV-2 WA1/2020 (D614 variant) => SARS-CoV-2 WA1/2020 (D614G variant) : score 99
04/26/2023 03:05:12 PM [INFO]:: [Fuzzy] SARS-CoV-2 WA1/2020 (D614 variant) => SARS-CoV-2 WA1/2020 (D614G variant) : score 99
04/26/2023 03:05:41 PM 
PMID: 35436146
04/26/2023 03:05:41 PM WARNING:: [Sex_at_Birth] Changing 'male | female' to 'other'
04/26/2023 03:05:41 PM WARNING:: [Sex_at_Birth] Changing 'male | female' to 'other'
04/26/2023 03:05:41 PM WARNING:: [Sex_at_Birth] Changing 'male | female' to 'other'
04/26/2023 03:05:41 PM Warning:: [Race] Changing 'Race' to 'other' and moving data to [Race Specify]
04/26/2023 03:05:41 PM Warning:: [Race] Changing 'Race' to 'other' and moving data to [Race Specify]
04/26/2023 03:05:41 PM Warning:: [Ethnicity] Changing list to other in ImmPort Templates
04/26/2023 03:05:41 PM Warning:: [Ethnicity] Changing list to other in ImmPort Templates
04/26/2023 03:05:41 PM Warning:: [Ethnicity] Changing list to other in ImmPort Templates
04/26/2023 03:05:59 PM INFO:: [User Change] Immune Response | Vaccine Response => Vaccine Response
04/26/2023 03:06:02 PM INFO:: [User Change] Covid-19 => COVID-19
04/26/2023 03:06:22 PM 
PMID: 36644323
04/26/2023 03:06:22 PM WARNING:: [Sex_at_Birth] Changing 'male | female' to 'other'
04/26/2023 03:06:22 PM WARNING:: [Sex_at_Birth] Changing 'male | female' to 'other'
04/26/2023 03:06:22 PM Warning:: [Race] Changing 'Race' to 'other' and moving data to [Race Specify]
04/26/2023 03:06:22 PM Warning:: [Race] Changing 'Race' to 'other' and moving data to [Race Specify]
04/26/2023 03:06:22 PM Warning:: [Ethnicity] Changing list to other in ImmPort Templates
04/26/2023 03:06:22 PM Warning:: [Ethnicity] Changing list to other in ImmPort Templates
04/26/2023 03:06:22 PM [INFO]:: [Fuzzy] ​JSON Summary Description => JSON Summary Description : score 94
04/26/2023 03:06:29 PM INFO:: [User Change] Covid-19 => COVID-19
04/26/2023 03:06:54 PM 
PMID: 34242577
04/26/2023 03:06:54 PM WARNING:: [Sex_at_Birth] Changing 'male | female' to 'other'
04/26/2023 03:06:54 PM WARNING:: [Sex_at_Birth] Changing 'male | female' to 'other'
04/26/2023 03:06:54 PM WARNING:: [Sex_at_Birth] Changing 'male | female' to 'other'
04/26/2023 03:06:54 PM WARNING:: [Sex_at_Birth] Changing 'male | female' to 'other'
04/26/2023 03:06:54 PM Warning:: [Race] Changing 'Race' to 'other' and moving data to [Race Specify]
04/26/2023 03:06:54 PM Warning:: [Race] Changing 'Race' to 'other' and moving data to [Race Specify]
04/26/2023 03:06:54 PM Warning:: [Race] Changing 'Race' to 'other' and moving data to [Race Specify]
04/26/2023 03:06:54 PM Warning:: [Race] Changing 'Race' to 'other' and moving data to [Race Specify]
04/26/2023 03:06:54 PM Warning:: [Ethnicity] Changing list to other in ImmPort Templates
04/26/2023 03:06:54 PM Warning:: [Ethnicity] Changing list to other in ImmPort Templates
04/26/2023 03:06:54 PM Warning:: [Ethnicity] Changing list to other in ImmPort Templates
04/26/2023 03:06:54 PM Warning:: [Ethnicity] Changing list to other in ImmPort Templates
04/26/2023 03:06:54 PM [planned visit]: PMID34242577_visit-02 has reached character limit (133 > 125)
04/26/2023 03:26:09 PM 
PMID: 35313451
04/26/2023 03:26:09 PM [planned visit]: PMID35313451_visit-01 has reached character limit (132 > 125)
04/26/2023 03:29:23 PM 
PMID: 35526534
04/26/2023 03:29:36 PM 
PMID: 35584183
04/26/2023 03:29:36 PM WARNING:: [Sex_at_Birth] Changing 'male | female' to 'other'
04/26/2023 03:29:36 PM WARNING:: [Sex_at_Birth] Changing 'male | female' to 'other'
04/26/2023 03:29:36 PM WARNING:: [Sex_at_Birth] Changing 'male | female' to 'other'
04/26/2023 03:29:36 PM Warning:: [Race] Changing 'Race' to 'other' and moving data to [Race Specify]
04/26/2023 03:29:36 PM Warning:: [Race] Changing 'Race' to 'other' and moving data to [Race Specify]
04/26/2023 03:29:36 PM Warning:: [Race] Changing 'Race' to 'other' and moving data to [Race Specify]
04/26/2023 03:29:36 PM Warning:: [Ethnicity] Changing list to other in ImmPort Templates
04/26/2023 03:29:36 PM Warning:: [Ethnicity] Changing list to other in ImmPort Templates
04/26/2023 03:29:36 PM Warning:: [Ethnicity] Changing list to other in ImmPort Templates
04/26/2023 03:30:00 PM 
PMID: 36476380
04/26/2023 03:30:00 PM WARNING:: [Sex_at_Birth] Changing 'male | female' to 'other'
04/26/2023 03:30:00 PM WARNING:: [Sex_at_Birth] Changing 'male | female' to 'other'
04/26/2023 03:30:00 PM WARNING:: [Sex_at_Birth] Changing 'male | female' to 'other'
04/26/2023 03:30:00 PM Warning:: [Race] Changing 'Race' to 'other' and moving data to [Race Specify]
04/26/2023 03:30:00 PM Warning:: [Race] Changing 'Race' to 'other' and moving data to [Race Specify]
04/26/2023 03:30:00 PM Warning:: [Race] Changing 'Race' to 'other' and moving data to [Race Specify]
04/26/2023 03:30:00 PM Warning:: [Ethnicity] Changing list to other in ImmPort Templates
04/26/2023 03:30:00 PM Warning:: [Ethnicity] Changing list to other in ImmPort Templates
04/26/2023 03:30:00 PM Warning:: [Ethnicity] Changing list to other in ImmPort Templates
04/26/2023 03:35:07 PM 
PMID: 36476380
04/26/2023 03:35:07 PM WARNING:: [Sex_at_Birth] Changing 'male | female' to 'other'
04/26/2023 03:35:07 PM WARNING:: [Sex_at_Birth] Changing 'male | female' to 'other'
04/26/2023 03:35:07 PM WARNING:: [Sex_at_Birth] Changing 'male | female' to 'other'
04/26/2023 03:35:07 PM Warning:: [Race] Changing 'Race' to 'other' and moving data to [Race Specify]
04/26/2023 03:35:07 PM Warning:: [Race] Changing 'Race' to 'other' and moving data to [Race Specify]
04/26/2023 03:35:07 PM Warning:: [Race] Changing 'Race' to 'other' and moving data to [Race Specify]
04/26/2023 03:35:07 PM Warning:: [Ethnicity] Changing list to other in ImmPort Templates
04/26/2023 03:35:07 PM Warning:: [Ethnicity] Changing list to other in ImmPort Templates
04/26/2023 03:35:07 PM Warning:: [Ethnicity] Changing list to other in ImmPort Templates
04/26/2023 03:35:18 PM [INFO]:: [Fuzzy] ​JSON Summary Description => JSON Summary Description : score 94
04/26/2023 03:35:18 PM INFO:: [Fuzzy] Closest Match Found. Changing Not Specified => Not specified
04/26/2023 03:35:18 PM INFO:: [Fuzzy] Closest Match Found. Changing Not Specified => Not specified
04/26/2023 03:41:09 PM 
PMID: 34242577
04/26/2023 03:41:09 PM WARNING:: [Sex_at_Birth] Changing 'male | female' to 'other'
04/26/2023 03:41:09 PM WARNING:: [Sex_at_Birth] Changing 'male | female' to 'other'
04/26/2023 03:41:09 PM WARNING:: [Sex_at_Birth] Changing 'male | female' to 'other'
04/26/2023 03:41:09 PM WARNING:: [Sex_at_Birth] Changing 'male | female' to 'other'
04/26/2023 03:41:09 PM Warning:: [Race] Changing 'Race' to 'other' and moving data to [Race Specify]
04/26/2023 03:41:09 PM Warning:: [Race] Changing 'Race' to 'other' and moving data to [Race Specify]
04/26/2023 03:41:09 PM Warning:: [Race] Changing 'Race' to 'other' and moving data to [Race Specify]
04/26/2023 03:41:09 PM Warning:: [Race] Changing 'Race' to 'other' and moving data to [Race Specify]
04/26/2023 03:41:09 PM Warning:: [Ethnicity] Changing list to other in ImmPort Templates
04/26/2023 03:41:09 PM Warning:: [Ethnicity] Changing list to other in ImmPort Templates
04/26/2023 03:41:09 PM Warning:: [Ethnicity] Changing list to other in ImmPort Templates
04/26/2023 03:41:09 PM Warning:: [Ethnicity] Changing list to other in ImmPort Templates
04/26/2023 03:41:09 PM [planned visit]: PMID34242577_visit-02 has reached character limit (128 > 125)
04/26/2023 03:45:49 PM 
PMID: 34242577
04/26/2023 03:45:49 PM WARNING:: [Sex_at_Birth] Changing 'male | female' to 'other'
04/26/2023 03:45:49 PM WARNING:: [Sex_at_Birth] Changing 'male | female' to 'other'
04/26/2023 03:45:49 PM WARNING:: [Sex_at_Birth] Changing 'male | female' to 'other'
04/26/2023 03:45:49 PM WARNING:: [Sex_at_Birth] Changing 'male | female' to 'other'
04/26/2023 03:45:49 PM Warning:: [Race] Changing 'Race' to 'other' and moving data to [Race Specify]
04/26/2023 03:45:49 PM Warning:: [Race] Changing 'Race' to 'other' and moving data to [Race Specify]
04/26/2023 03:45:49 PM Warning:: [Race] Changing 'Race' to 'other' and moving data to [Race Specify]
04/26/2023 03:45:49 PM Warning:: [Race] Changing 'Race' to 'other' and moving data to [Race Specify]
04/26/2023 03:45:49 PM Warning:: [Ethnicity] Changing list to other in ImmPort Templates
04/26/2023 03:45:49 PM Warning:: [Ethnicity] Changing list to other in ImmPort Templates
04/26/2023 03:45:49 PM Warning:: [Ethnicity] Changing list to other in ImmPort Templates
04/26/2023 03:45:49 PM Warning:: [Ethnicity] Changing list to other in ImmPort Templates
04/26/2023 03:45:49 PM [planned visit]: PMID34242577_visit-02 has reached character limit (126 > 125)
04/26/2023 03:49:15 PM 
PMID: 34242577
04/26/2023 03:49:15 PM WARNING:: [Sex_at_Birth] Changing 'male | female' to 'other'
04/26/2023 03:49:15 PM WARNING:: [Sex_at_Birth] Changing 'male | female' to 'other'
04/26/2023 03:49:15 PM WARNING:: [Sex_at_Birth] Changing 'male | female' to 'other'
04/26/2023 03:49:15 PM WARNING:: [Sex_at_Birth] Changing 'male | female' to 'other'
04/26/2023 03:49:15 PM Warning:: [Race] Changing 'Race' to 'other' and moving data to [Race Specify]
04/26/2023 03:49:15 PM Warning:: [Race] Changing 'Race' to 'other' and moving data to [Race Specify]
04/26/2023 03:49:15 PM Warning:: [Race] Changing 'Race' to 'other' and moving data to [Race Specify]
04/26/2023 03:49:15 PM Warning:: [Race] Changing 'Race' to 'other' and moving data to [Race Specify]
04/26/2023 03:49:15 PM Warning:: [Ethnicity] Changing list to other in ImmPort Templates
04/26/2023 03:49:15 PM Warning:: [Ethnicity] Changing list to other in ImmPort Templates
04/26/2023 03:49:15 PM Warning:: [Ethnicity] Changing list to other in ImmPort Templates
04/26/2023 03:49:15 PM Warning:: [Ethnicity] Changing list to other in ImmPort Templates
04/26/2023 03:49:15 PM [planned visit]: PMID34242577_visit-07 has reached character limit (131 > 125)
04/26/2023 03:49:36 PM 
PMID: 34242577
04/26/2023 03:49:36 PM WARNING:: [Sex_at_Birth] Changing 'male | female' to 'other'
04/26/2023 03:49:36 PM WARNING:: [Sex_at_Birth] Changing 'male | female' to 'other'
04/26/2023 03:49:36 PM WARNING:: [Sex_at_Birth] Changing 'male | female' to 'other'
04/26/2023 03:49:36 PM WARNING:: [Sex_at_Birth] Changing 'male | female' to 'other'
04/26/2023 03:49:36 PM Warning:: [Race] Changing 'Race' to 'other' and moving data to [Race Specify]
04/26/2023 03:49:36 PM Warning:: [Race] Changing 'Race' to 'other' and moving data to [Race Specify]
04/26/2023 03:49:36 PM Warning:: [Race] Changing 'Race' to 'other' and moving data to [Race Specify]
04/26/2023 03:49:36 PM Warning:: [Race] Changing 'Race' to 'other' and moving data to [Race Specify]
04/26/2023 03:49:36 PM Warning:: [Ethnicity] Changing list to other in ImmPort Templates
04/26/2023 03:49:36 PM Warning:: [Ethnicity] Changing list to other in ImmPort Templates
04/26/2023 03:49:36 PM Warning:: [Ethnicity] Changing list to other in ImmPort Templates
04/26/2023 03:49:36 PM Warning:: [Ethnicity] Changing list to other in ImmPort Templates
04/26/2023 03:49:36 PM [planned visit]: PMID34242577_visit-07 has reached character limit (126 > 125)
04/26/2023 03:51:54 PM 
PMID: 34242577
04/26/2023 03:51:54 PM WARNING:: [Sex_at_Birth] Changing 'male | female' to 'other'
04/26/2023 03:51:54 PM WARNING:: [Sex_at_Birth] Changing 'male | female' to 'other'
04/26/2023 03:51:54 PM WARNING:: [Sex_at_Birth] Changing 'male | female' to 'other'
04/26/2023 03:51:54 PM WARNING:: [Sex_at_Birth] Changing 'male | female' to 'other'
04/26/2023 03:51:54 PM Warning:: [Race] Changing 'Race' to 'other' and moving data to [Race Specify]
04/26/2023 03:51:54 PM Warning:: [Race] Changing 'Race' to 'other' and moving data to [Race Specify]
04/26/2023 03:51:54 PM Warning:: [Race] Changing 'Race' to 'other' and moving data to [Race Specify]
04/26/2023 03:51:54 PM Warning:: [Race] Changing 'Race' to 'other' and moving data to [Race Specify]
04/26/2023 03:51:54 PM Warning:: [Ethnicity] Changing list to other in ImmPort Templates
04/26/2023 03:51:54 PM Warning:: [Ethnicity] Changing list to other in ImmPort Templates
04/26/2023 03:51:54 PM Warning:: [Ethnicity] Changing list to other in ImmPort Templates
04/26/2023 03:51:54 PM Warning:: [Ethnicity] Changing list to other in ImmPort Templates
04/26/2023 03:52:15 PM [INFO]:: [Fuzzy] ​JSON Summary Description => JSON Summary Description : score 94
04/26/2023 03:52:15 PM INFO:: [Fuzzy] Closest Match Found. Changing Not Specified => Not specified
04/26/2023 03:52:15 PM INFO:: [Fuzzy] Closest Match Found. Changing Not Specified => Not specified
04/26/2023 03:52:15 PM INFO:: [Fuzzy] Closest Match Found. Changing Not Specified => Not specified
04/26/2023 03:52:15 PM INFO:: [Fuzzy] Closest Match Found. Changing Not Specified => Not specified
04/26/2023 03:52:15 PM INFO:: [Fuzzy] Closest Match Found. Changing Not Specified => Not specified
04/26/2023 03:52:15 PM INFO:: [Fuzzy] Closest Match Found. Changing Not Specified => Not specified
04/26/2023 03:52:15 PM INFO:: [Fuzzy] Closest Match Found. Changing Not Specified => Not specified
04/26/2023 03:52:15 PM INFO:: [Fuzzy] Closest Match Found. Changing Not Specified => Not specified
04/26/2023 03:52:15 PM INFO:: [Fuzzy] Closest Match Found. Changing Not Specified => Not specified
04/26/2023 03:52:15 PM INFO:: [Fuzzy] Closest Match Found. Changing Not Specified => Not specified
04/26/2023 03:52:15 PM INFO:: [Fuzzy] Closest Match Found. Changing Not Specified => Not specified
04/26/2023 03:52:15 PM INFO:: [Fuzzy] Closest Match Found. Changing Not Specified => Not specified
04/26/2023 03:52:15 PM INFO:: [Fuzzy] Closest Match Found. Changing Not Specified => Not specified
04/26/2023 03:52:15 PM INFO:: [Fuzzy] Closest Match Found. Changing Not Specified => Not specified
04/26/2023 03:52:15 PM INFO:: [Fuzzy] Closest Match Found. Changing Not Specified => Not specified
04/26/2023 03:52:15 PM INFO:: [Fuzzy] Closest Match Found. Changing Not Specified => Not specified
04/26/2023 03:52:15 PM INFO:: [Fuzzy] Closest Match Found. Changing Not Specified => Not specified
04/26/2023 03:52:15 PM INFO:: [Fuzzy] Closest Match Found. Changing Not Specified => Not specified
04/26/2023 03:52:15 PM INFO:: [Fuzzy] Closest Match Found. Changing Not Specified => Not specified
04/26/2023 03:52:15 PM INFO:: [Fuzzy] Closest Match Found. Changing Not Specified => Not specified
04/26/2023 03:52:15 PM INFO:: [Fuzzy] Closest Match Found. Changing Not Specified => Not specified
04/26/2023 03:52:15 PM INFO:: [Fuzzy] Closest Match Found. Changing Not Specified => Not specified
04/26/2023 03:52:15 PM INFO:: [Fuzzy] Closest Match Found. Changing Not Specified => Not specified
04/26/2023 03:52:15 PM INFO:: [Fuzzy] Closest Match Found. Changing Not Specified => Not specified
04/26/2023 03:53:28 PM 
PMID: 33971664
04/26/2023 03:53:28 PM WARNING:: [Sex_at_Birth] Changing 'male | female' to 'other'
04/26/2023 03:53:28 PM WARNING:: [Sex_at_Birth] Changing 'male | female' to 'other'
04/26/2023 03:53:28 PM WARNING:: [Sex_at_Birth] Changing 'male | female' to 'other'
04/26/2023 03:53:28 PM WARNING:: [Sex_at_Birth] Changing 'male | female' to 'other'
04/26/2023 03:53:28 PM WARNING:: [Sex_at_Birth] Changing 'male | female' to 'other'
04/26/2023 03:53:28 PM Warning:: [Race] Changing 'Race' to 'other' and moving data to [Race Specify]
04/26/2023 03:53:28 PM Warning:: [Race] Changing 'Race' to 'other' and moving data to [Race Specify]
04/26/2023 03:53:28 PM Warning:: [Race] Changing 'Race' to 'other' and moving data to [Race Specify]
04/26/2023 03:53:28 PM Warning:: [Race] Changing 'Race' to 'other' and moving data to [Race Specify]
04/26/2023 03:53:28 PM Warning:: [Race] Changing 'Race' to 'other' and moving data to [Race Specify]
04/26/2023 03:53:28 PM Warning:: [Ethnicity] Changing list to other in ImmPort Templates
04/26/2023 03:53:28 PM Warning:: [Ethnicity] Changing list to other in ImmPort Templates
04/26/2023 03:53:28 PM Warning:: [Ethnicity] Changing list to other in ImmPort Templates
04/26/2023 03:53:28 PM Warning:: [Ethnicity] Changing list to other in ImmPort Templates
04/26/2023 03:53:28 PM Warning:: [Ethnicity] Changing list to other in ImmPort Templates
04/26/2023 04:06:29 PM 
PMID: 33971664
04/26/2023 04:06:29 PM WARNING:: [Sex_at_Birth] Changing 'male | female' to 'other'
04/26/2023 04:06:29 PM WARNING:: [Sex_at_Birth] Changing 'male | female' to 'other'
04/26/2023 04:06:29 PM WARNING:: [Sex_at_Birth] Changing 'male | female' to 'other'
04/26/2023 04:06:29 PM WARNING:: [Sex_at_Birth] Changing 'male | female' to 'other'
04/26/2023 04:06:29 PM WARNING:: [Sex_at_Birth] Changing 'male | female' to 'other'
04/26/2023 04:06:29 PM Warning:: [Race] Changing 'Race' to 'other' and moving data to [Race Specify]
04/26/2023 04:06:29 PM Warning:: [Race] Changing 'Race' to 'other' and moving data to [Race Specify]
04/26/2023 04:06:29 PM Warning:: [Race] Changing 'Race' to 'other' and moving data to [Race Specify]
04/26/2023 04:06:29 PM Warning:: [Race] Changing 'Race' to 'other' and moving data to [Race Specify]
04/26/2023 04:06:29 PM Warning:: [Race] Changing 'Race' to 'other' and moving data to [Race Specify]
04/26/2023 04:06:29 PM Warning:: [Ethnicity] Changing list to other in ImmPort Templates
04/26/2023 04:06:29 PM Warning:: [Ethnicity] Changing list to other in ImmPort Templates
04/26/2023 04:06:29 PM Warning:: [Ethnicity] Changing list to other in ImmPort Templates
04/26/2023 04:06:29 PM Warning:: [Ethnicity] Changing list to other in ImmPort Templates
04/26/2023 04:06:29 PM Warning:: [Ethnicity] Changing list to other in ImmPort Templates
04/26/2023 04:08:15 PM 
PMID: 33971664
04/26/2023 04:08:15 PM WARNING:: [Sex_at_Birth] Changing 'male | female' to 'other'
04/26/2023 04:08:15 PM WARNING:: [Sex_at_Birth] Changing 'male | female' to 'other'
04/26/2023 04:08:15 PM WARNING:: [Sex_at_Birth] Changing 'male | female' to 'other'
04/26/2023 04:08:15 PM WARNING:: [Sex_at_Birth] Changing 'male | female' to 'other'
04/26/2023 04:08:15 PM WARNING:: [Sex_at_Birth] Changing 'male | female' to 'other'
04/26/2023 04:08:15 PM Warning:: [Race] Changing 'Race' to 'other' and moving data to [Race Specify]
04/26/2023 04:08:15 PM Warning:: [Race] Changing 'Race' to 'other' and moving data to [Race Specify]
04/26/2023 04:08:15 PM Warning:: [Race] Changing 'Race' to 'other' and moving data to [Race Specify]
04/26/2023 04:08:15 PM Warning:: [Race] Changing 'Race' to 'other' and moving data to [Race Specify]
04/26/2023 04:08:15 PM Warning:: [Race] Changing 'Race' to 'other' and moving data to [Race Specify]
04/26/2023 04:08:15 PM Warning:: [Ethnicity] Changing list to other in ImmPort Templates
04/26/2023 04:08:15 PM Warning:: [Ethnicity] Changing list to other in ImmPort Templates
04/26/2023 04:08:15 PM Warning:: [Ethnicity] Changing list to other in ImmPort Templates
04/26/2023 04:08:15 PM Warning:: [Ethnicity] Changing list to other in ImmPort Templates
04/26/2023 04:08:15 PM Warning:: [Ethnicity] Changing list to other in ImmPort Templates
04/26/2023 04:08:34 PM 
PMID: 33971664
04/26/2023 04:08:34 PM WARNING:: [Sex_at_Birth] Changing 'male | female' to 'other'
04/26/2023 04:08:34 PM WARNING:: [Sex_at_Birth] Changing 'male | female' to 'other'
04/26/2023 04:08:34 PM WARNING:: [Sex_at_Birth] Changing 'male | female' to 'other'
04/26/2023 04:08:34 PM WARNING:: [Sex_at_Birth] Changing 'male | female' to 'other'
04/26/2023 04:08:34 PM WARNING:: [Sex_at_Birth] Changing 'male | female' to 'other'
04/26/2023 04:08:34 PM Warning:: [Race] Changing 'Race' to 'other' and moving data to [Race Specify]
04/26/2023 04:08:34 PM Warning:: [Race] Changing 'Race' to 'other' and moving data to [Race Specify]
04/26/2023 04:08:34 PM Warning:: [Race] Changing 'Race' to 'other' and moving data to [Race Specify]
04/26/2023 04:08:34 PM Warning:: [Race] Changing 'Race' to 'other' and moving data to [Race Specify]
04/26/2023 04:08:34 PM Warning:: [Race] Changing 'Race' to 'other' and moving data to [Race Specify]
04/26/2023 04:08:34 PM Warning:: [Ethnicity] Changing list to other in ImmPort Templates
04/26/2023 04:08:34 PM Warning:: [Ethnicity] Changing list to other in ImmPort Templates
04/26/2023 04:08:34 PM Warning:: [Ethnicity] Changing list to other in ImmPort Templates
04/26/2023 04:08:34 PM Warning:: [Ethnicity] Changing list to other in ImmPort Templates
04/26/2023 04:08:34 PM Warning:: [Ethnicity] Changing list to other in ImmPort Templates
04/26/2023 04:09:04 PM 
PMID: 33971664
04/26/2023 04:09:04 PM WARNING:: [Sex_at_Birth] Changing 'male | female' to 'other'
04/26/2023 04:09:04 PM WARNING:: [Sex_at_Birth] Changing 'male | female' to 'other'
04/26/2023 04:09:04 PM WARNING:: [Sex_at_Birth] Changing 'male | female' to 'other'
04/26/2023 04:09:04 PM WARNING:: [Sex_at_Birth] Changing 'male | female' to 'other'
04/26/2023 04:09:04 PM WARNING:: [Sex_at_Birth] Changing 'male | female' to 'other'
04/26/2023 04:09:04 PM Warning:: [Race] Changing 'Race' to 'other' and moving data to [Race Specify]
04/26/2023 04:09:04 PM Warning:: [Race] Changing 'Race' to 'other' and moving data to [Race Specify]
04/26/2023 04:09:04 PM Warning:: [Race] Changing 'Race' to 'other' and moving data to [Race Specify]
04/26/2023 04:09:04 PM Warning:: [Race] Changing 'Race' to 'other' and moving data to [Race Specify]
04/26/2023 04:09:04 PM Warning:: [Race] Changing 'Race' to 'other' and moving data to [Race Specify]
04/26/2023 04:09:04 PM Warning:: [Ethnicity] Changing list to other in ImmPort Templates
04/26/2023 04:09:04 PM Warning:: [Ethnicity] Changing list to other in ImmPort Templates
04/26/2023 04:09:04 PM Warning:: [Ethnicity] Changing list to other in ImmPort Templates
04/26/2023 04:09:04 PM Warning:: [Ethnicity] Changing list to other in ImmPort Templates
04/26/2023 04:09:04 PM Warning:: [Ethnicity] Changing list to other in ImmPort Templates
04/26/2023 04:09:14 PM 
PMID: 33971664
04/26/2023 04:09:14 PM WARNING:: [Sex_at_Birth] Changing 'male | female' to 'other'
04/26/2023 04:09:14 PM WARNING:: [Sex_at_Birth] Changing 'male | female' to 'other'
04/26/2023 04:09:14 PM WARNING:: [Sex_at_Birth] Changing 'male | female' to 'other'
04/26/2023 04:09:14 PM WARNING:: [Sex_at_Birth] Changing 'male | female' to 'other'
04/26/2023 04:09:14 PM WARNING:: [Sex_at_Birth] Changing 'male | female' to 'other'
04/26/2023 04:09:14 PM Warning:: [Race] Changing 'Race' to 'other' and moving data to [Race Specify]
04/26/2023 04:09:14 PM Warning:: [Race] Changing 'Race' to 'other' and moving data to [Race Specify]
04/26/2023 04:09:14 PM Warning:: [Race] Changing 'Race' to 'other' and moving data to [Race Specify]
04/26/2023 04:09:14 PM Warning:: [Race] Changing 'Race' to 'other' and moving data to [Race Specify]
04/26/2023 04:09:14 PM Warning:: [Race] Changing 'Race' to 'other' and moving data to [Race Specify]
04/26/2023 04:09:14 PM Warning:: [Ethnicity] Changing list to other in ImmPort Templates
04/26/2023 04:09:14 PM Warning:: [Ethnicity] Changing list to other in ImmPort Templates
04/26/2023 04:09:14 PM Warning:: [Ethnicity] Changing list to other in ImmPort Templates
04/26/2023 04:09:14 PM Warning:: [Ethnicity] Changing list to other in ImmPort Templates
04/26/2023 04:09:14 PM Warning:: [Ethnicity] Changing list to other in ImmPort Templates
04/26/2023 04:10:45 PM 
PMID: 33971664
04/26/2023 04:10:45 PM WARNING:: [Sex_at_Birth] Changing 'male | female' to 'other'
04/26/2023 04:10:45 PM WARNING:: [Sex_at_Birth] Changing 'male | female' to 'other'
04/26/2023 04:10:45 PM WARNING:: [Sex_at_Birth] Changing 'male | female' to 'other'
04/26/2023 04:10:45 PM WARNING:: [Sex_at_Birth] Changing 'male | female' to 'other'
04/26/2023 04:10:45 PM WARNING:: [Sex_at_Birth] Changing 'male | female' to 'other'
04/26/2023 04:10:45 PM Warning:: [Race] Changing 'Race' to 'other' and moving data to [Race Specify]
04/26/2023 04:10:45 PM Warning:: [Race] Changing 'Race' to 'other' and moving data to [Race Specify]
04/26/2023 04:10:45 PM Warning:: [Race] Changing 'Race' to 'other' and moving data to [Race Specify]
04/26/2023 04:10:45 PM Warning:: [Race] Changing 'Race' to 'other' and moving data to [Race Specify]
04/26/2023 04:10:45 PM Warning:: [Race] Changing 'Race' to 'other' and moving data to [Race Specify]
04/26/2023 04:10:45 PM Warning:: [Ethnicity] Changing list to other in ImmPort Templates
04/26/2023 04:10:45 PM Warning:: [Ethnicity] Changing list to other in ImmPort Templates
04/26/2023 04:10:45 PM Warning:: [Ethnicity] Changing list to other in ImmPort Templates
04/26/2023 04:10:45 PM Warning:: [Ethnicity] Changing list to other in ImmPort Templates
04/26/2023 04:10:45 PM Warning:: [Ethnicity] Changing list to other in ImmPort Templates
04/26/2023 04:11:18 PM 
PMID: 33971664
04/26/2023 04:11:18 PM WARNING:: [Sex_at_Birth] Changing 'male | female' to 'other'
04/26/2023 04:11:18 PM WARNING:: [Sex_at_Birth] Changing 'male | female' to 'other'
04/26/2023 04:11:18 PM WARNING:: [Sex_at_Birth] Changing 'male | female' to 'other'
04/26/2023 04:11:18 PM WARNING:: [Sex_at_Birth] Changing 'male | female' to 'other'
04/26/2023 04:11:18 PM WARNING:: [Sex_at_Birth] Changing 'male | female' to 'other'
04/26/2023 04:11:18 PM Warning:: [Race] Changing 'Race' to 'other' and moving data to [Race Specify]
04/26/2023 04:11:18 PM Warning:: [Race] Changing 'Race' to 'other' and moving data to [Race Specify]
04/26/2023 04:11:18 PM Warning:: [Race] Changing 'Race' to 'other' and moving data to [Race Specify]
04/26/2023 04:11:18 PM Warning:: [Race] Changing 'Race' to 'other' and moving data to [Race Specify]
04/26/2023 04:11:18 PM Warning:: [Race] Changing 'Race' to 'other' and moving data to [Race Specify]
04/26/2023 04:11:18 PM Warning:: [Ethnicity] Changing list to other in ImmPort Templates
04/26/2023 04:11:18 PM Warning:: [Ethnicity] Changing list to other in ImmPort Templates
04/26/2023 04:11:18 PM Warning:: [Ethnicity] Changing list to other in ImmPort Templates
04/26/2023 04:11:18 PM Warning:: [Ethnicity] Changing list to other in ImmPort Templates
04/26/2023 04:11:18 PM Warning:: [Ethnicity] Changing list to other in ImmPort Templates
04/26/2023 04:11:44 PM 
PMID: 33971664
04/26/2023 04:11:44 PM WARNING:: [Sex_at_Birth] Changing 'male | female' to 'other'
04/26/2023 04:11:44 PM WARNING:: [Sex_at_Birth] Changing 'male | female' to 'other'
04/26/2023 04:11:44 PM WARNING:: [Sex_at_Birth] Changing 'male | female' to 'other'
04/26/2023 04:11:44 PM WARNING:: [Sex_at_Birth] Changing 'male | female' to 'other'
04/26/2023 04:11:44 PM WARNING:: [Sex_at_Birth] Changing 'male | female' to 'other'
04/26/2023 04:11:44 PM Warning:: [Race] Changing 'Race' to 'other' and moving data to [Race Specify]
04/26/2023 04:11:44 PM Warning:: [Race] Changing 'Race' to 'other' and moving data to [Race Specify]
04/26/2023 04:11:44 PM Warning:: [Race] Changing 'Race' to 'other' and moving data to [Race Specify]
04/26/2023 04:11:44 PM Warning:: [Race] Changing 'Race' to 'other' and moving data to [Race Specify]
04/26/2023 04:11:44 PM Warning:: [Race] Changing 'Race' to 'other' and moving data to [Race Specify]
04/26/2023 04:11:44 PM Warning:: [Ethnicity] Changing list to other in ImmPort Templates
04/26/2023 04:11:44 PM Warning:: [Ethnicity] Changing list to other in ImmPort Templates
04/26/2023 04:11:44 PM Warning:: [Ethnicity] Changing list to other in ImmPort Templates
04/26/2023 04:11:44 PM Warning:: [Ethnicity] Changing list to other in ImmPort Templates
04/26/2023 04:11:44 PM Warning:: [Ethnicity] Changing list to other in ImmPort Templates
04/26/2023 04:12:47 PM 
PMID: 33971664
04/26/2023 04:12:47 PM WARNING:: [Sex_at_Birth] Changing 'male | female' to 'other'
04/26/2023 04:12:47 PM WARNING:: [Sex_at_Birth] Changing 'male | female' to 'other'
04/26/2023 04:12:47 PM WARNING:: [Sex_at_Birth] Changing 'male | female' to 'other'
04/26/2023 04:12:47 PM WARNING:: [Sex_at_Birth] Changing 'male | female' to 'other'
04/26/2023 04:12:47 PM WARNING:: [Sex_at_Birth] Changing 'male | female' to 'other'
04/26/2023 04:12:47 PM Warning:: [Race] Changing 'Race' to 'other' and moving data to [Race Specify]
04/26/2023 04:12:47 PM Warning:: [Race] Changing 'Race' to 'other' and moving data to [Race Specify]
04/26/2023 04:12:47 PM Warning:: [Race] Changing 'Race' to 'other' and moving data to [Race Specify]
04/26/2023 04:12:47 PM Warning:: [Race] Changing 'Race' to 'other' and moving data to [Race Specify]
04/26/2023 04:12:47 PM Warning:: [Race] Changing 'Race' to 'other' and moving data to [Race Specify]
04/26/2023 04:12:47 PM Warning:: [Ethnicity] Changing list to other in ImmPort Templates
04/26/2023 04:12:47 PM Warning:: [Ethnicity] Changing list to other in ImmPort Templates
04/26/2023 04:12:47 PM Warning:: [Ethnicity] Changing list to other in ImmPort Templates
04/26/2023 04:12:47 PM Warning:: [Ethnicity] Changing list to other in ImmPort Templates
04/26/2023 04:12:47 PM Warning:: [Ethnicity] Changing list to other in ImmPort Templates
04/26/2023 04:13:03 PM 
PMID: 33971664
04/26/2023 04:13:03 PM WARNING:: [Sex_at_Birth] Changing 'male | female' to 'other'
04/26/2023 04:13:03 PM WARNING:: [Sex_at_Birth] Changing 'male | female' to 'other'
04/26/2023 04:13:03 PM WARNING:: [Sex_at_Birth] Changing 'male | female' to 'other'
04/26/2023 04:13:03 PM WARNING:: [Sex_at_Birth] Changing 'male | female' to 'other'
04/26/2023 04:13:03 PM WARNING:: [Sex_at_Birth] Changing 'male | female' to 'other'
04/26/2023 04:13:03 PM Warning:: [Race] Changing 'Race' to 'other' and moving data to [Race Specify]
04/26/2023 04:13:03 PM Warning:: [Race] Changing 'Race' to 'other' and moving data to [Race Specify]
04/26/2023 04:13:03 PM Warning:: [Race] Changing 'Race' to 'other' and moving data to [Race Specify]
04/26/2023 04:13:03 PM Warning:: [Race] Changing 'Race' to 'other' and moving data to [Race Specify]
04/26/2023 04:13:03 PM Warning:: [Race] Changing 'Race' to 'other' and moving data to [Race Specify]
04/26/2023 04:13:03 PM Warning:: [Ethnicity] Changing list to other in ImmPort Templates
04/26/2023 04:13:03 PM Warning:: [Ethnicity] Changing list to other in ImmPort Templates
04/26/2023 04:13:03 PM Warning:: [Ethnicity] Changing list to other in ImmPort Templates
04/26/2023 04:13:03 PM Warning:: [Ethnicity] Changing list to other in ImmPort Templates
04/26/2023 04:13:03 PM Warning:: [Ethnicity] Changing list to other in ImmPort Templates
04/26/2023 04:13:44 PM 
PMID: 33971664
04/26/2023 04:13:44 PM WARNING:: [Sex_at_Birth] Changing 'male | female' to 'other'
04/26/2023 04:13:44 PM WARNING:: [Sex_at_Birth] Changing 'male | female' to 'other'
04/26/2023 04:13:44 PM WARNING:: [Sex_at_Birth] Changing 'male | female' to 'other'
04/26/2023 04:13:44 PM WARNING:: [Sex_at_Birth] Changing 'male | female' to 'other'
04/26/2023 04:13:44 PM WARNING:: [Sex_at_Birth] Changing 'male | female' to 'other'
04/26/2023 04:13:44 PM Warning:: [Race] Changing 'Race' to 'other' and moving data to [Race Specify]
04/26/2023 04:13:44 PM Warning:: [Race] Changing 'Race' to 'other' and moving data to [Race Specify]
04/26/2023 04:13:44 PM Warning:: [Race] Changing 'Race' to 'other' and moving data to [Race Specify]
04/26/2023 04:13:44 PM Warning:: [Race] Changing 'Race' to 'other' and moving data to [Race Specify]
04/26/2023 04:13:44 PM Warning:: [Race] Changing 'Race' to 'other' and moving data to [Race Specify]
04/26/2023 04:13:44 PM Warning:: [Ethnicity] Changing list to other in ImmPort Templates
04/26/2023 04:13:44 PM Warning:: [Ethnicity] Changing list to other in ImmPort Templates
04/26/2023 04:13:44 PM Warning:: [Ethnicity] Changing list to other in ImmPort Templates
04/26/2023 04:13:44 PM Warning:: [Ethnicity] Changing list to other in ImmPort Templates
04/26/2023 04:13:44 PM Warning:: [Ethnicity] Changing list to other in ImmPort Templates
04/26/2023 04:14:11 PM [INFO]:: [Fuzzy] ​JSON Summary Description => JSON Summary Description : score 94
04/26/2023 04:14:11 PM [INFO]:: [Fuzzy] WIV-1 => HIV-1 : score 80
04/26/2023 04:15:11 PM INFO:: [User Change] SHC014 => SARS-CoV-1
04/26/2023 04:15:26 PM 
PMID: 35584183
04/26/2023 04:15:26 PM WARNING:: [Sex_at_Birth] Changing 'male | female' to 'other'
04/26/2023 04:15:26 PM WARNING:: [Sex_at_Birth] Changing 'male | female' to 'other'
04/26/2023 04:15:26 PM WARNING:: [Sex_at_Birth] Changing 'male | female' to 'other'
04/26/2023 04:15:26 PM Warning:: [Race] Changing 'Race' to 'other' and moving data to [Race Specify]
04/26/2023 04:15:26 PM Warning:: [Race] Changing 'Race' to 'other' and moving data to [Race Specify]
04/26/2023 04:15:26 PM Warning:: [Race] Changing 'Race' to 'other' and moving data to [Race Specify]
04/26/2023 04:15:26 PM Warning:: [Ethnicity] Changing list to other in ImmPort Templates
04/26/2023 04:15:26 PM Warning:: [Ethnicity] Changing list to other in ImmPort Templates
04/26/2023 04:15:26 PM Warning:: [Ethnicity] Changing list to other in ImmPort Templates
04/26/2023 04:16:39 PM 
PMID: 35584183
04/26/2023 04:16:39 PM WARNING:: [Sex_at_Birth] Changing 'male | female' to 'other'
04/26/2023 04:16:39 PM WARNING:: [Sex_at_Birth] Changing 'male | female' to 'other'
04/26/2023 04:16:39 PM WARNING:: [Sex_at_Birth] Changing 'male | female' to 'other'
04/26/2023 04:16:39 PM Warning:: [Race] Changing 'Race' to 'other' and moving data to [Race Specify]
04/26/2023 04:16:39 PM Warning:: [Race] Changing 'Race' to 'other' and moving data to [Race Specify]
04/26/2023 04:16:39 PM Warning:: [Race] Changing 'Race' to 'other' and moving data to [Race Specify]
04/26/2023 04:16:39 PM Warning:: [Ethnicity] Changing list to other in ImmPort Templates
04/26/2023 04:16:39 PM Warning:: [Ethnicity] Changing list to other in ImmPort Templates
04/26/2023 04:16:39 PM Warning:: [Ethnicity] Changing list to other in ImmPort Templates
04/26/2023 04:16:52 PM [INFO]:: [Fuzzy] Pfizer BioNTech COVID-19 vaccine ; VO:0004987 => Pfizer BioNTech COVID-19 vaccine; VO:0004987 : score 99
04/26/2023 04:16:52 PM [INFO]:: [Fuzzy] Moderna COVID-19 vaccine ; VO:0005157 => Moderna COVID-19 vaccine; VO:0005157 : score 99
04/26/2023 04:16:53 PM [INFO]:: [Fuzzy] Pfizer BioNTech COVID-19 vaccine ; VO:0004987 => Pfizer BioNTech COVID-19 vaccine; VO:0004987 : score 99
04/26/2023 04:16:53 PM [INFO]:: [Fuzzy] Moderna COVID-19 vaccine ; VO:0005158 => Moderna COVID-19 vaccine; VO:0005157 : score 96
04/26/2023 04:16:53 PM [INFO]:: [Fuzzy] Pfizer BioNTech COVID-19 vaccine ; VO:0004987 => Pfizer BioNTech COVID-19 vaccine; VO:0004987 : score 99
04/26/2023 04:16:53 PM [INFO]:: [Fuzzy] Moderna COVID-19 vaccine ; VO:0005158 => Moderna COVID-19 vaccine; VO:0005157 : score 96
04/26/2023 04:24:06 PM 
PMID: 35584183
04/26/2023 04:24:06 PM WARNING:: [Sex_at_Birth] Changing 'male | female' to 'other'
04/26/2023 04:24:06 PM WARNING:: [Sex_at_Birth] Changing 'male | female' to 'other'
04/26/2023 04:24:06 PM WARNING:: [Sex_at_Birth] Changing 'male | female' to 'other'
04/26/2023 04:24:06 PM Warning:: [Race] Changing 'Race' to 'other' and moving data to [Race Specify]
04/26/2023 04:24:06 PM Warning:: [Race] Changing 'Race' to 'other' and moving data to [Race Specify]
04/26/2023 04:24:06 PM Warning:: [Race] Changing 'Race' to 'other' and moving data to [Race Specify]
04/26/2023 04:24:06 PM Warning:: [Ethnicity] Changing list to other in ImmPort Templates
04/26/2023 04:24:06 PM Warning:: [Ethnicity] Changing list to other in ImmPort Templates
04/26/2023 04:24:06 PM Warning:: [Ethnicity] Changing list to other in ImmPort Templates
04/26/2023 04:24:25 PM 
PMID: 35584183
04/26/2023 04:24:25 PM WARNING:: [Sex_at_Birth] Changing 'male | female' to 'other'
04/26/2023 04:24:25 PM WARNING:: [Sex_at_Birth] Changing 'male | female' to 'other'
04/26/2023 04:24:25 PM WARNING:: [Sex_at_Birth] Changing 'male | female' to 'other'
04/26/2023 04:24:25 PM Warning:: [Race] Changing 'Race' to 'other' and moving data to [Race Specify]
04/26/2023 04:24:25 PM Warning:: [Race] Changing 'Race' to 'other' and moving data to [Race Specify]
04/26/2023 04:24:25 PM Warning:: [Race] Changing 'Race' to 'other' and moving data to [Race Specify]
04/26/2023 04:24:25 PM Warning:: [Ethnicity] Changing list to other in ImmPort Templates
04/26/2023 04:24:25 PM Warning:: [Ethnicity] Changing list to other in ImmPort Templates
04/26/2023 04:24:25 PM Warning:: [Ethnicity] Changing list to other in ImmPort Templates
04/26/2023 04:30:20 PM 
PMID: 35584183
04/26/2023 04:30:20 PM WARNING:: [Sex_at_Birth] Changing 'male | female' to 'other'
04/26/2023 04:30:20 PM WARNING:: [Sex_at_Birth] Changing 'male | female' to 'other'
04/26/2023 04:30:20 PM WARNING:: [Sex_at_Birth] Changing 'male | female' to 'other'
04/26/2023 04:30:20 PM Warning:: [Race] Changing 'Race' to 'other' and moving data to [Race Specify]
04/26/2023 04:30:20 PM Warning:: [Race] Changing 'Race' to 'other' and moving data to [Race Specify]
04/26/2023 04:30:20 PM Warning:: [Race] Changing 'Race' to 'other' and moving data to [Race Specify]
04/26/2023 04:30:20 PM Warning:: [Ethnicity] Changing list to other in ImmPort Templates
04/26/2023 04:30:20 PM Warning:: [Ethnicity] Changing list to other in ImmPort Templates
04/26/2023 04:30:20 PM Warning:: [Ethnicity] Changing list to other in ImmPort Templates
04/26/2023 04:31:03 PM 
PMID: 35584183
04/26/2023 04:31:03 PM WARNING:: [Sex_at_Birth] Changing 'male | female' to 'other'
04/26/2023 04:31:03 PM WARNING:: [Sex_at_Birth] Changing 'male | female' to 'other'
04/26/2023 04:31:03 PM WARNING:: [Sex_at_Birth] Changing 'male | female' to 'other'
04/26/2023 04:31:03 PM Warning:: [Race] Changing 'Race' to 'other' and moving data to [Race Specify]
04/26/2023 04:31:03 PM Warning:: [Race] Changing 'Race' to 'other' and moving data to [Race Specify]
04/26/2023 04:31:03 PM Warning:: [Race] Changing 'Race' to 'other' and moving data to [Race Specify]
04/26/2023 04:31:03 PM Warning:: [Ethnicity] Changing list to other in ImmPort Templates
04/26/2023 04:31:03 PM Warning:: [Ethnicity] Changing list to other in ImmPort Templates
04/26/2023 04:31:03 PM Warning:: [Ethnicity] Changing list to other in ImmPort Templates
04/26/2023 04:31:24 PM 
PMID: 35584183
04/26/2023 04:31:24 PM WARNING:: [Sex_at_Birth] Changing 'male | female' to 'other'
04/26/2023 04:31:24 PM WARNING:: [Sex_at_Birth] Changing 'male | female' to 'other'
04/26/2023 04:31:24 PM WARNING:: [Sex_at_Birth] Changing 'male | female' to 'other'
04/26/2023 04:31:24 PM Warning:: [Race] Changing 'Race' to 'other' and moving data to [Race Specify]
04/26/2023 04:31:24 PM Warning:: [Race] Changing 'Race' to 'other' and moving data to [Race Specify]
04/26/2023 04:31:24 PM Warning:: [Race] Changing 'Race' to 'other' and moving data to [Race Specify]
04/26/2023 04:31:24 PM Warning:: [Ethnicity] Changing list to other in ImmPort Templates
04/26/2023 04:31:24 PM Warning:: [Ethnicity] Changing list to other in ImmPort Templates
04/26/2023 04:31:24 PM Warning:: [Ethnicity] Changing list to other in ImmPort Templates
04/26/2023 04:31:43 PM 
PMID: 35584183
04/26/2023 04:31:43 PM WARNING:: [Sex_at_Birth] Changing 'male | female' to 'other'
04/26/2023 04:31:43 PM WARNING:: [Sex_at_Birth] Changing 'male | female' to 'other'
04/26/2023 04:31:43 PM WARNING:: [Sex_at_Birth] Changing 'male | female' to 'other'
04/26/2023 04:31:43 PM Warning:: [Race] Changing 'Race' to 'other' and moving data to [Race Specify]
04/26/2023 04:31:43 PM Warning:: [Race] Changing 'Race' to 'other' and moving data to [Race Specify]
04/26/2023 04:31:43 PM Warning:: [Race] Changing 'Race' to 'other' and moving data to [Race Specify]
04/26/2023 04:31:43 PM Warning:: [Ethnicity] Changing list to other in ImmPort Templates
04/26/2023 04:31:43 PM Warning:: [Ethnicity] Changing list to other in ImmPort Templates
04/26/2023 04:31:43 PM Warning:: [Ethnicity] Changing list to other in ImmPort Templates
04/26/2023 04:32:07 PM 
PMID: 35584183
04/26/2023 04:32:07 PM WARNING:: [Sex_at_Birth] Changing 'male | female' to 'other'
04/26/2023 04:32:07 PM WARNING:: [Sex_at_Birth] Changing 'male | female' to 'other'
04/26/2023 04:32:07 PM WARNING:: [Sex_at_Birth] Changing 'male | female' to 'other'
04/26/2023 04:32:07 PM Warning:: [Race] Changing 'Race' to 'other' and moving data to [Race Specify]
04/26/2023 04:32:07 PM Warning:: [Race] Changing 'Race' to 'other' and moving data to [Race Specify]
04/26/2023 04:32:07 PM Warning:: [Race] Changing 'Race' to 'other' and moving data to [Race Specify]
04/26/2023 04:32:07 PM Warning:: [Ethnicity] Changing list to other in ImmPort Templates
04/26/2023 04:32:07 PM Warning:: [Ethnicity] Changing list to other in ImmPort Templates
04/26/2023 04:32:07 PM Warning:: [Ethnicity] Changing list to other in ImmPort Templates
04/26/2023 04:32:08 PM [INFO]:: [Fuzzy] Pfizer BioNTech COVID-19 vaccine ; VO:0004987 => Pfizer BioNTech COVID-19 vaccine; VO:0004987 : score 99
04/26/2023 04:32:08 PM [INFO]:: [Fuzzy] Moderna COVID-19 vaccine ; VO:0005157 => Moderna COVID-19 vaccine; VO:0005157 : score 99
04/26/2023 04:32:08 PM [INFO]:: [Fuzzy] Pfizer BioNTech COVID-19 vaccine ; VO:0004987 => Pfizer BioNTech COVID-19 vaccine; VO:0004987 : score 99
04/26/2023 04:32:08 PM [INFO]:: [Fuzzy] Moderna COVID-19 vaccine ; VO:0005158 => Moderna COVID-19 vaccine; VO:0005157 : score 96
04/26/2023 04:32:08 PM [INFO]:: [Fuzzy] Pfizer BioNTech COVID-19 vaccine ; VO:0004987 => Pfizer BioNTech COVID-19 vaccine; VO:0004987 : score 99
04/26/2023 04:32:08 PM [INFO]:: [Fuzzy] Moderna COVID-19 vaccine ; VO:0005158 => Moderna COVID-19 vaccine; VO:0005157 : score 96
04/26/2023 04:32:27 PM 
PMID: 35584183
04/26/2023 04:32:27 PM WARNING:: [Sex_at_Birth] Changing 'male | female' to 'other'
04/26/2023 04:32:27 PM WARNING:: [Sex_at_Birth] Changing 'male | female' to 'other'
04/26/2023 04:32:27 PM WARNING:: [Sex_at_Birth] Changing 'male | female' to 'other'
04/26/2023 04:32:27 PM Warning:: [Race] Changing 'Race' to 'other' and moving data to [Race Specify]
04/26/2023 04:32:27 PM Warning:: [Race] Changing 'Race' to 'other' and moving data to [Race Specify]
04/26/2023 04:32:27 PM Warning:: [Race] Changing 'Race' to 'other' and moving data to [Race Specify]
04/26/2023 04:32:27 PM Warning:: [Ethnicity] Changing list to other in ImmPort Templates
04/26/2023 04:32:27 PM Warning:: [Ethnicity] Changing list to other in ImmPort Templates
04/26/2023 04:32:27 PM Warning:: [Ethnicity] Changing list to other in ImmPort Templates
04/26/2023 04:32:28 PM [INFO]:: [Fuzzy] Pfizer BioNTech COVID-19 vaccine ; VO:0004987 => Pfizer BioNTech COVID-19 vaccine; VO:0004987 : score 99
04/26/2023 04:32:28 PM [INFO]:: [Fuzzy] Moderna COVID-19 vaccine ; VO:0005157 => Moderna COVID-19 vaccine; VO:0005157 : score 99
04/26/2023 04:32:28 PM [INFO]:: [Fuzzy] Pfizer BioNTech COVID-19 vaccine ; VO:0004987 => Pfizer BioNTech COVID-19 vaccine; VO:0004987 : score 99
04/26/2023 04:32:28 PM [INFO]:: [Fuzzy] Moderna COVID-19 vaccine ; VO:0005158 => Moderna COVID-19 vaccine; VO:0005157 : score 96
04/26/2023 04:32:28 PM [INFO]:: [Fuzzy] Pfizer BioNTech COVID-19 vaccine ; VO:0004987 => Pfizer BioNTech COVID-19 vaccine; VO:0004987 : score 99
04/26/2023 04:32:28 PM [INFO]:: [Fuzzy] Moderna COVID-19 vaccine ; VO:0005158 => Moderna COVID-19 vaccine; VO:0005157 : score 96
04/26/2023 04:33:40 PM 
PMID: 35526534
04/26/2023 04:45:29 PM 
PMID: 35313451
04/26/2023 04:45:29 PM [planned visit]: PMID35313451_visit-01 has reached character limit (132 > 125)
