04/27/2023 09:50:14 AM 
PMID: 35313451
04/27/2023 09:50:14 AM [planned visit]: PMID35313451_visit-01 has reached character limit (130 > 125)
04/27/2023 09:52:31 AM 
PMID: 35313451
04/27/2023 09:53:53 AM 
PMID: 35313451
04/27/2023 09:53:54 AM [INFO]:: [Fuzzy] SARS-CoV-2 WA1/2020 (D614 variant) => SARS-CoV-2 WA1/2020 (D614G variant) : score 99
04/27/2023 09:53:54 AM [INFO]:: [Fuzzy] SARS-CoV-2 Alpha (B.1.1.7) => SARS-CoV-2 Alpha; B.1.1.7 : score 94
04/27/2023 09:53:54 AM [INFO]:: [Fuzzy] SARS-CoV-2 Beta (B.1.351) => SARS-CoV-2 Beta; B.1.351 : score 94
04/27/2023 09:53:54 AM [INFO]:: [Fuzzy] SARS-CoV-2 Delta (B.1.617.2) => SARS-CoV-2 Delta; B.1.617.2 : score 95
04/27/2023 09:53:54 AM [INFO]:: [Fuzzy] SARS-CoV-2 Omicron (B.1.1.529) => SARS-CoV-2 Omicron; B.1.1.529 : score 95
04/27/2023 09:53:54 AM [INFO]:: [Fuzzy] SARS-CoV-2 WA1/2020 (D614 variant) => SARS-CoV-2 WA1/2020 (D614G variant) : score 99
04/27/2023 09:53:54 AM [INFO]:: [Fuzzy] SARS-CoV-2 Alpha (B.1.1.7) => SARS-CoV-2 Alpha; B.1.1.7 : score 94
04/27/2023 09:53:54 AM [INFO]:: [Fuzzy] SARS-CoV-2 Beta (B.1.351) => SARS-CoV-2 Beta; B.1.351 : score 94
04/27/2023 09:53:54 AM [INFO]:: [Fuzzy] SARS-CoV-2 Delta (B.1.617.2) => SARS-CoV-2 Delta; B.1.617.2 : score 95
04/27/2023 09:53:54 AM [INFO]:: [Fuzzy] SARS-CoV-2 Omicron (B.1.1.529) => SARS-CoV-2 Omicron; B.1.1.529 : score 95
04/27/2023 09:53:54 AM [INFO]:: [Fuzzy] SARS-CoV-2 WA1/2020 (D614 variant) => SARS-CoV-2 WA1/2020 (D614G variant) : score 99
04/27/2023 09:53:54 AM [INFO]:: [Fuzzy] SARS-CoV-2 Alpha (B.1.1.7) => SARS-CoV-2 Alpha; B.1.1.7 : score 94
04/27/2023 09:53:54 AM [INFO]:: [Fuzzy] SARS-CoV-2 Beta (B.1.351) => SARS-CoV-2 Beta; B.1.351 : score 94
04/27/2023 09:53:54 AM [INFO]:: [Fuzzy] SARS-CoV-2 Delta (B.1.617.2) => SARS-CoV-2 Delta; B.1.617.2 : score 95
04/27/2023 09:53:54 AM [INFO]:: [Fuzzy] SARS-CoV-2 Omicron (B.1.1.529) => SARS-CoV-2 Omicron; B.1.1.529 : score 95
04/27/2023 09:54:30 AM 
PMID: 35313451
04/27/2023 09:54:31 AM [INFO]:: [Fuzzy] SARS-CoV-2 WA1/2020 (D614 variant) => SARS-CoV-2 WA1/2020 (D614G variant) : score 99
04/27/2023 09:54:31 AM [INFO]:: [Fuzzy] SARS-CoV-2 Alpha (B.1.1.7) => SARS-CoV-2 Alpha; B.1.1.7 : score 94
04/27/2023 09:54:31 AM [INFO]:: [Fuzzy] SARS-CoV-2 Beta (B.1.351) => SARS-CoV-2 Beta; B.1.351 : score 94
04/27/2023 09:54:31 AM [INFO]:: [Fuzzy] SARS-CoV-2 Delta (B.1.617.2) => SARS-CoV-2 Delta; B.1.617.2 : score 95
04/27/2023 09:54:31 AM [INFO]:: [Fuzzy] SARS-CoV-2 Omicron (B.1.1.529) => SARS-CoV-2 Omicron; B.1.1.529 : score 95
04/27/2023 09:54:31 AM [INFO]:: [Fuzzy] SARS-CoV-2 WA1/2020 (D614 variant) => SARS-CoV-2 WA1/2020 (D614G variant) : score 99
04/27/2023 09:54:31 AM [INFO]:: [Fuzzy] SARS-CoV-2 Alpha (B.1.1.7) => SARS-CoV-2 Alpha; B.1.1.7 : score 94
04/27/2023 09:54:31 AM [INFO]:: [Fuzzy] SARS-CoV-2 Beta (B.1.351) => SARS-CoV-2 Beta; B.1.351 : score 94
04/27/2023 09:54:31 AM [INFO]:: [Fuzzy] SARS-CoV-2 Delta (B.1.617.2) => SARS-CoV-2 Delta; B.1.617.2 : score 95
04/27/2023 09:54:31 AM [INFO]:: [Fuzzy] SARS-CoV-2 Omicron (B.1.1.529) => SARS-CoV-2 Omicron; B.1.1.529 : score 95
04/27/2023 09:54:31 AM [INFO]:: [Fuzzy] SARS-CoV-2 WA1/2020 (D614 variant) => SARS-CoV-2 WA1/2020 (D614G variant) : score 99
04/27/2023 09:54:31 AM [INFO]:: [Fuzzy] SARS-CoV-2 Alpha (B.1.1.7) => SARS-CoV-2 Alpha; B.1.1.7 : score 94
04/27/2023 09:54:31 AM [INFO]:: [Fuzzy] SARS-CoV-2 Beta (B.1.351) => SARS-CoV-2 Beta; B.1.351 : score 94
04/27/2023 09:54:31 AM [INFO]:: [Fuzzy] SARS-CoV-2 Delta (B.1.617.2) => SARS-CoV-2 Delta; B.1.617.2 : score 95
04/27/2023 09:54:31 AM [INFO]:: [Fuzzy] SARS-CoV-2 Omicron (B.1.1.529) => SARS-CoV-2 Omicron; B.1.1.529 : score 95
04/27/2023 09:55:41 AM 
PMID: 35389888
04/27/2023 09:55:41 AM WARNING:: [Sex_at_Birth] Changing 'male | female' to 'other'
04/27/2023 09:55:41 AM WARNING:: [Sex_at_Birth] Changing 'male | female' to 'other'
04/27/2023 09:55:41 AM WARNING:: [Sex_at_Birth] Changing 'male | female' to 'other'
04/27/2023 09:55:41 AM WARNING:: [Sex_at_Birth] Changing 'male | female' to 'other'
04/27/2023 09:55:41 AM WARNING:: [Sex_at_Birth] Changing 'male | female' to 'other'
04/27/2023 09:55:41 AM Warning:: [Race] Changing 'Race' to 'other' and moving data to [Race Specify]
04/27/2023 09:55:41 AM Warning:: [Race] Changing 'Race' to 'other' and moving data to [Race Specify]
04/27/2023 09:55:41 AM Warning:: [Race] Changing 'Race' to 'other' and moving data to [Race Specify]
04/27/2023 09:55:41 AM Warning:: [Race] Changing 'Race' to 'other' and moving data to [Race Specify]
04/27/2023 09:55:41 AM Warning:: [Race] Changing 'Race' to 'other' and moving data to [Race Specify]
04/27/2023 09:55:41 AM Warning:: [Ethnicity] Changing list to other in ImmPort Templates
04/27/2023 09:55:41 AM Warning:: [Ethnicity] Changing list to other in ImmPort Templates
04/27/2023 09:55:41 AM Warning:: [Ethnicity] Changing list to other in ImmPort Templates
04/27/2023 09:55:41 AM Warning:: [Ethnicity] Changing list to other in ImmPort Templates
04/27/2023 09:55:41 AM Warning:: [Ethnicity] Changing list to other in ImmPort Templates
04/27/2023 09:55:42 AM [INFO]:: [Fuzzy] Pfizer BioNTech COVID-19 vaccine ; VO:0004987 => Pfizer BioNTech COVID-19 vaccine; VO:0004987 : score 99
04/27/2023 09:55:42 AM [INFO]:: [Fuzzy] Moderna COVID-19 vaccine ; VO:0005157 => Moderna COVID-19 vaccine; VO:0005157 : score 99
04/27/2023 09:55:42 AM [INFO]:: [Fuzzy] Pfizer BioNTech COVID-19 vaccine ; VO:0004987 => Pfizer BioNTech COVID-19 vaccine; VO:0004987 : score 99
04/27/2023 09:55:42 AM [INFO]:: [Fuzzy] Moderna COVID-19 vaccine ; VO:0005157 => Moderna COVID-19 vaccine; VO:0005157 : score 99
04/27/2023 09:55:42 AM [INFO]:: [Fuzzy] Pfizer BioNTech COVID-19 vaccine ; VO:0004987 => Pfizer BioNTech COVID-19 vaccine; VO:0004987 : score 99
04/27/2023 09:55:42 AM [INFO]:: [Fuzzy] Moderna COVID-19 vaccine ; VO:0005157 => Moderna COVID-19 vaccine; VO:0005157 : score 99
04/27/2023 09:55:42 AM [INFO]:: [Fuzzy] Pfizer BioNTech COVID-19 vaccine ; VO:0004987 => Pfizer BioNTech COVID-19 vaccine; VO:0004987 : score 99
04/27/2023 09:55:42 AM [INFO]:: [Fuzzy] Pfizer BioNTech COVID-19 vaccine ; VO:0004987 => Pfizer BioNTech COVID-19 vaccine; VO:0004987 : score 99
04/27/2023 09:55:42 AM [INFO]:: [Fuzzy] Moderna COVID-19 vaccine ; VO:0005157 => Moderna COVID-19 vaccine; VO:0005157 : score 99
04/27/2023 09:55:42 AM INFO:: [Fuzzy] Closest Match Found. Changing Virus Neutralization Assay => Pseudovirus Neutralization Assay
04/27/2023 09:56:01 AM 
PMID: 35526534
04/27/2023 10:01:33 AM 
PMID: 35526534
04/27/2023 10:01:34 AM WARNING:: [Sex_at_Birth] Changing 'male | female' to 'other'
04/27/2023 10:01:34 AM WARNING:: [Sex_at_Birth] Changing 'male | female' to 'other'
04/27/2023 10:01:34 AM WARNING:: [Sex_at_Birth] Changing 'male | female' to 'other'
04/27/2023 10:01:34 AM WARNING:: [Sex_at_Birth] Changing 'male | female' to 'other'
04/27/2023 10:01:34 AM WARNING:: [Sex_at_Birth] Changing 'male | female' to 'other'
04/27/2023 10:01:34 AM Warning:: [Race] Changing 'Race' to 'other' and moving data to [Race Specify]
04/27/2023 10:01:34 AM Warning:: [Race] Changing 'Race' to 'other' and moving data to [Race Specify]
04/27/2023 10:01:34 AM Warning:: [Race] Changing 'Race' to 'other' and moving data to [Race Specify]
04/27/2023 10:01:34 AM Warning:: [Race] Changing 'Race' to 'other' and moving data to [Race Specify]
04/27/2023 10:01:34 AM Warning:: [Race] Changing 'Race' to 'other' and moving data to [Race Specify]
04/27/2023 10:01:34 AM Warning:: [Ethnicity] Changing list to other in ImmPort Templates
04/27/2023 10:01:34 AM Warning:: [Ethnicity] Changing list to other in ImmPort Templates
04/27/2023 10:01:34 AM Warning:: [Ethnicity] Changing list to other in ImmPort Templates
04/27/2023 10:01:34 AM Warning:: [Ethnicity] Changing list to other in ImmPort Templates
04/27/2023 10:01:34 AM Warning:: [Ethnicity] Changing list to other in ImmPort Templates
04/27/2023 10:01:34 AM Error:: [planned visit] Same order number used more than once
04/27/2023 10:02:32 AM 
PMID: 35526534
04/27/2023 10:02:32 AM WARNING:: [Sex_at_Birth] Changing 'male | female' to 'other'
04/27/2023 10:02:32 AM WARNING:: [Sex_at_Birth] Changing 'male | female' to 'other'
04/27/2023 10:02:32 AM WARNING:: [Sex_at_Birth] Changing 'male | female' to 'other'
04/27/2023 10:02:32 AM WARNING:: [Sex_at_Birth] Changing 'male | female' to 'other'
04/27/2023 10:02:32 AM WARNING:: [Sex_at_Birth] Changing 'male | female' to 'other'
04/27/2023 10:02:32 AM Warning:: [Race] Changing 'Race' to 'other' and moving data to [Race Specify]
04/27/2023 10:02:32 AM Warning:: [Race] Changing 'Race' to 'other' and moving data to [Race Specify]
04/27/2023 10:02:32 AM Warning:: [Race] Changing 'Race' to 'other' and moving data to [Race Specify]
04/27/2023 10:02:32 AM Warning:: [Race] Changing 'Race' to 'other' and moving data to [Race Specify]
04/27/2023 10:02:32 AM Warning:: [Race] Changing 'Race' to 'other' and moving data to [Race Specify]
04/27/2023 10:02:32 AM Warning:: [Ethnicity] Changing list to other in ImmPort Templates
04/27/2023 10:02:32 AM Warning:: [Ethnicity] Changing list to other in ImmPort Templates
04/27/2023 10:02:32 AM Warning:: [Ethnicity] Changing list to other in ImmPort Templates
04/27/2023 10:02:32 AM Warning:: [Ethnicity] Changing list to other in ImmPort Templates
04/27/2023 10:02:32 AM Warning:: [Ethnicity] Changing list to other in ImmPort Templates
04/27/2023 10:03:16 AM INFO:: [User Change] Not Specified => Other
04/27/2023 10:03:16 AM [INFO]:: [Fuzzy] Moderna COVID-19 vaccine ; VO:0005157 => Moderna COVID-19 vaccine; VO:0005157 : score 99
04/27/2023 10:03:16 AM [INFO]:: [Fuzzy] Pfizer BioNTech COVID-19 vaccine ; VO:0004987 => Pfizer BioNTech COVID-19 vaccine; VO:0004987 : score 99
04/27/2023 10:03:16 AM Previous Input: Arm Type [ImmPort only], Not Specified => Other
04/27/2023 10:03:16 AM [INFO]:: [Fuzzy] Moderna COVID-19 vaccine ; VO:0005157 => Moderna COVID-19 vaccine; VO:0005157 : score 99
04/27/2023 10:03:16 AM [INFO]:: [Fuzzy] Pfizer BioNTech COVID-19 vaccine ; VO:0004988 => Pfizer BioNTech COVID-19 vaccine; VO:0004987 : score 97
04/27/2023 10:03:16 AM Previous Input: Arm Type [ImmPort only], Not Specified => Other
04/27/2023 10:03:16 AM [INFO]:: [Fuzzy] Moderna COVID-19 vaccine ; VO:0005157 => Moderna COVID-19 vaccine; VO:0005157 : score 99
04/27/2023 10:03:16 AM [INFO]:: [Fuzzy] Pfizer BioNTech COVID-19 vaccine ; VO:0004989 => Pfizer BioNTech COVID-19 vaccine; VO:0004987 : score 97
04/27/2023 10:03:16 AM Previous Input: Arm Type [ImmPort only], Not Specified => Other
04/27/2023 10:03:16 AM [INFO]:: [Fuzzy] Moderna COVID-19 vaccine ; VO:0005157 => Moderna COVID-19 vaccine; VO:0005157 : score 99
04/27/2023 10:03:16 AM [INFO]:: [Fuzzy] Pfizer BioNTech COVID-19 vaccine ; VO:0004990 => Pfizer BioNTech COVID-19 vaccine; VO:0004987 : score 94
04/27/2023 10:03:16 AM Previous Input: Arm Type [ImmPort only], Not Specified => Other
04/27/2023 10:03:16 AM [INFO]:: [Fuzzy] Moderna COVID-19 vaccine ; VO:0005157 => Moderna COVID-19 vaccine; VO:0005157 : score 99
04/27/2023 10:03:16 AM [INFO]:: [Fuzzy] Pfizer BioNTech COVID-19 vaccine ; VO:0004987 => Pfizer BioNTech COVID-19 vaccine; VO:0004987 : score 99
04/27/2023 10:03:16 AM [INFO]:: [Fuzzy] SARS-CoV-2 BA.1 => SARS-CoV-1 : score 80
04/27/2023 10:03:22 AM INFO:: [User Change] SARS-CoV-2 B.1.1.529.1.1 => SARS-CoV-2 Omicron; B.1.1.529
04/27/2023 10:03:22 AM [INFO]:: [Fuzzy] SARS-CoV-2 BA.2 => SARS-CoV-2 : score 80
04/27/2023 10:03:22 AM [INFO]:: [Fuzzy] SARS-CoV-2 BA.1 => SARS-CoV-1 : score 80
04/27/2023 10:03:22 AM Previous Input: Virus Strain, SARS-CoV-2 B.1.1.529.1.1 => SARS-CoV-2 Omicron; B.1.1.529
04/27/2023 10:03:22 AM [INFO]:: [Fuzzy] SARS-CoV-2 BA.2 => SARS-CoV-2 : score 80
04/27/2023 10:03:22 AM [INFO]:: [Fuzzy] SARS-CoV-2 BA.1 => SARS-CoV-1 : score 80
04/27/2023 10:03:22 AM Previous Input: Virus Strain, SARS-CoV-2 B.1.1.529.1.1 => SARS-CoV-2 Omicron; B.1.1.529
04/27/2023 10:03:22 AM [INFO]:: [Fuzzy] SARS-CoV-2 BA.2 => SARS-CoV-2 : score 80
04/27/2023 01:01:52 PM 
PMID: 33893169
04/27/2023 01:02:01 PM 
PMID: 34230917
04/27/2023 01:02:41 PM 
PMID: 34230917
04/27/2023 01:02:50 PM 
PMID: 33893169
04/27/2023 01:02:50 PM WARNING:: [Sex_at_Birth] Changing 'male | female' to 'other'
04/27/2023 01:02:50 PM WARNING:: [Sex_at_Birth] Changing 'male | female' to 'other'
04/27/2023 01:02:50 PM Warning:: [Race] Changing 'Race' to 'other' and moving data to [Race Specify]
04/27/2023 01:02:50 PM Warning:: [Race] Changing 'Race' to 'other' and moving data to [Race Specify]
04/27/2023 01:02:50 PM Warning:: [Ethnicity] Changing list to other in ImmPort Templates
04/27/2023 01:02:50 PM Warning:: [Ethnicity] Changing list to other in ImmPort Templates
04/27/2023 01:02:52 PM INFO:: [Fuzzy] Closest Match Found. Changing HCoVs - Seasonal (OC43 => HCoVs - Seasonal (OC43, HKU-1, NL63, 229E)
04/27/2023 01:02:52 PM INFO:: [Fuzzy] Closest Match Found. Changing HKU-1 => HCoVs - Seasonal (OC43, HKU-1, NL63, 229E)
04/27/2023 01:02:52 PM INFO:: [Fuzzy] Closest Match Found. Changing NL63 => HCoVs - Seasonal (OC43, HKU-1, NL63, 229E)
04/27/2023 01:02:52 PM INFO:: [Fuzzy] Closest Match Found. Changing 229E) => HCoVs - Seasonal (OC43, HKU-1, NL63, 229E)
04/27/2023 01:02:52 PM INFO:: [Fuzzy] Closest Match Found. Changing Not Specified => Not specified
04/27/2023 01:02:52 PM INFO:: [Fuzzy] Closest Match Found. Changing uninfected => Uninfected
04/27/2023 01:02:52 PM INFO:: [Fuzzy] Closest Match Found. Changing serum => Serum
04/27/2023 01:02:52 PM INFO:: [Fuzzy] Closest Match Found. Changing HCoVs - Seasonal (OC43 => HCoVs - Seasonal (OC43, HKU-1, NL63, 229E)
04/27/2023 01:02:52 PM INFO:: [Fuzzy] Closest Match Found. Changing HKU-1 => HCoVs - Seasonal (OC43, HKU-1, NL63, 229E)
04/27/2023 01:02:52 PM INFO:: [Fuzzy] Closest Match Found. Changing NL63 => HCoVs - Seasonal (OC43, HKU-1, NL63, 229E)
04/27/2023 01:02:52 PM INFO:: [Fuzzy] Closest Match Found. Changing 229E) => HCoVs - Seasonal (OC43, HKU-1, NL63, 229E)
04/27/2023 01:03:25 PM 
PMID: 34230917
04/27/2023 01:03:25 PM WARNING:: [Sex_at_Birth] Changing 'male | female' to 'other'
04/27/2023 01:03:25 PM WARNING:: [Sex_at_Birth] Changing 'male | female' to 'other'
04/27/2023 01:03:25 PM WARNING:: [Sex_at_Birth] Changing 'male | female' to 'other'
04/27/2023 01:03:25 PM Warning:: [Race] Changing 'Race' to 'other' and moving data to [Race Specify]
04/27/2023 01:03:25 PM Warning:: [Race] Changing 'Race' to 'other' and moving data to [Race Specify]
04/27/2023 01:03:25 PM Warning:: [Race] Changing 'Race' to 'other' and moving data to [Race Specify]
04/27/2023 01:03:25 PM Warning:: [Ethnicity] Changing list to other in ImmPort Templates
04/27/2023 01:03:25 PM Warning:: [Ethnicity] Changing list to other in ImmPort Templates
04/27/2023 01:03:25 PM Warning:: [Ethnicity] Changing list to other in ImmPort Templates
04/27/2023 01:03:43 PM INFO:: [User Change] Covid-19 => COVID-19
04/27/2023 01:03:43 PM [INFO]:: [Fuzzy] Moderna COVID-19 vaccine ; VO:0005157 => Moderna COVID-19 vaccine; VO:0005157 : score 99
04/27/2023 01:03:43 PM [INFO]:: [Fuzzy] Pfizer BioNTech COVID-19 vaccine ; VO:0004987 => Pfizer BioNTech COVID-19 vaccine; VO:0004987 : score 99
04/27/2023 02:21:35 PM 
PMID: 35436146
04/27/2023 02:21:35 PM WARNING:: [Sex_at_Birth] Changing 'male | female' to 'other'
04/27/2023 02:21:35 PM WARNING:: [Sex_at_Birth] Changing 'male | female' to 'other'
04/27/2023 02:21:35 PM WARNING:: [Sex_at_Birth] Changing 'male | female' to 'other'
04/27/2023 02:21:35 PM Warning:: [Race] Changing 'Race' to 'other' and moving data to [Race Specify]
04/27/2023 02:21:35 PM Warning:: [Race] Changing 'Race' to 'other' and moving data to [Race Specify]
04/27/2023 02:21:35 PM Warning:: [Ethnicity] Changing list to other in ImmPort Templates
04/27/2023 02:21:35 PM Warning:: [Ethnicity] Changing list to other in ImmPort Templates
04/27/2023 02:21:35 PM Warning:: [Ethnicity] Changing list to other in ImmPort Templates
04/27/2023 02:21:42 PM INFO:: [User Change] Immune Response | Vaccine Response => Vaccine Response
04/27/2023 02:21:44 PM INFO:: [User Change] Covid-19 => COVID-19
04/27/2023 02:21:48 PM INFO:: [User Change] Non-Hodgkin lymphoma => Lymphoma
04/27/2023 02:22:18 PM INFO:: [User Change] Chronic lymphocytic leukemia => Leukemia
04/27/2023 02:22:18 PM [INFO]:: [Fuzzy] Moderna COVID-19 vaccine ; VO:0005157 => Moderna COVID-19 vaccine; VO:0005157 : score 99
04/27/2023 02:22:18 PM [INFO]:: [Fuzzy] Pfizer BioNTech COVID-19 vaccine ; VO:0004987 => Pfizer BioNTech COVID-19 vaccine; VO:0004987 : score 99
04/27/2023 02:22:18 PM INFO:: [Fuzzy] Closest Match Found. Changing Negative control => Negative Control
04/27/2023 02:22:18 PM [INFO]:: [Fuzzy] Moderna COVID-19 vaccine ; VO:0005157 => Moderna COVID-19 vaccine; VO:0005157 : score 99
04/27/2023 02:22:18 PM [INFO]:: [Fuzzy] Pfizer BioNTech COVID-19 vaccine ; VO:0004987 => Pfizer BioNTech COVID-19 vaccine; VO:0004987 : score 99
04/27/2023 02:22:18 PM [INFO]:: [Fuzzy] Moderna COVID-19 vaccine ; VO:0005157 => Moderna COVID-19 vaccine; VO:0005157 : score 99
04/27/2023 02:22:18 PM [INFO]:: [Fuzzy] Pfizer BioNTech COVID-19 vaccine ; VO:0004987 => Pfizer BioNTech COVID-19 vaccine; VO:0004987 : score 99
04/27/2023 02:22:18 PM [INFO]:: [Fuzzy] SARS-CoV-2 WA1/2020 (D614 variant) => SARS-CoV-2 WA1/2020 (D614G variant) : score 99
04/27/2023 02:22:18 PM [INFO]:: [Fuzzy] SARS-CoV-2 Delta (B.1.617.2) => SARS-CoV-2 Delta; B.1.617.2 : score 95
04/27/2023 02:22:18 PM [INFO]:: [Fuzzy] SARS-CoV-2 Omicron (B.1.1.529) => SARS-CoV-2 Omicron; B.1.1.529 : score 95
04/27/2023 02:22:18 PM [INFO]:: [Fuzzy] SARS-CoV-2 WA1/2020 (D614 variant) => SARS-CoV-2 WA1/2020 (D614G variant) : score 99
04/27/2023 02:22:18 PM [INFO]:: [Fuzzy] SARS-CoV-2 Delta (B.1.617.2) => SARS-CoV-2 Delta; B.1.617.2 : score 95
04/27/2023 02:22:18 PM [INFO]:: [Fuzzy] SARS-CoV-2 Omicron (B.1.1.529) => SARS-CoV-2 Omicron; B.1.1.529 : score 95
04/27/2023 02:22:32 PM 
PMID: 36644323
04/27/2023 02:22:32 PM WARNING:: [Sex_at_Birth] Changing 'male | female' to 'other'
04/27/2023 02:22:32 PM WARNING:: [Sex_at_Birth] Changing 'male | female' to 'other'
04/27/2023 02:22:32 PM Warning:: [Race] Changing 'Race' to 'other' and moving data to [Race Specify]
04/27/2023 02:22:32 PM Warning:: [Race] Changing 'Race' to 'other' and moving data to [Race Specify]
04/27/2023 02:22:32 PM Warning:: [Ethnicity] Changing list to other in ImmPort Templates
04/27/2023 02:22:32 PM Warning:: [Ethnicity] Changing list to other in ImmPort Templates
04/27/2023 02:22:33 PM [INFO]:: [Fuzzy] ​JSON Summary Description => JSON Summary Description : score 94
04/27/2023 02:22:36 PM INFO:: [User Change] Covid-19 => COVID-19
04/27/2023 02:22:39 PM INFO:: [User Change] Non-Hodgkin lymphoma => Lymphoma
04/27/2023 02:22:57 PM INFO:: [User Change] Chronic lymphocytic leukemia => Leukemia
04/27/2023 02:22:57 PM [INFO]:: [Fuzzy] Pfizer BioNTech COVID-19 vaccine ; VO:0004987 => Pfizer BioNTech COVID-19 vaccine; VO:0004987 : score 99
04/27/2023 02:22:57 PM [INFO]:: [Fuzzy] Pfizer BioNTech COVID-19 vaccine ; VO:0004987 => Pfizer BioNTech COVID-19 vaccine; VO:0004987 : score 99
04/27/2023 03:23:46 PM 
PMID: 35879545
04/27/2023 04:14:54 PM 
PMID: 33971664
04/27/2023 04:14:54 PM WARNING:: [Sex_at_Birth] Changing 'male | female' to 'other'
04/27/2023 04:14:54 PM WARNING:: [Sex_at_Birth] Changing 'male | female' to 'other'
04/27/2023 04:14:54 PM WARNING:: [Sex_at_Birth] Changing 'male | female' to 'other'
04/27/2023 04:14:54 PM WARNING:: [Sex_at_Birth] Changing 'male | female' to 'other'
04/27/2023 04:14:54 PM WARNING:: [Sex_at_Birth] Changing 'male | female' to 'other'
04/27/2023 04:14:54 PM Warning:: [Race] Changing 'Race' to 'other' and moving data to [Race Specify]
04/27/2023 04:14:54 PM Warning:: [Race] Changing 'Race' to 'other' and moving data to [Race Specify]
04/27/2023 04:14:54 PM Warning:: [Race] Changing 'Race' to 'other' and moving data to [Race Specify]
04/27/2023 04:14:54 PM Warning:: [Race] Changing 'Race' to 'other' and moving data to [Race Specify]
04/27/2023 04:14:54 PM Warning:: [Race] Changing 'Race' to 'other' and moving data to [Race Specify]
04/27/2023 04:14:54 PM Warning:: [Ethnicity] Changing list to other in ImmPort Templates
04/27/2023 04:14:54 PM Warning:: [Ethnicity] Changing list to other in ImmPort Templates
04/27/2023 04:14:54 PM Warning:: [Ethnicity] Changing list to other in ImmPort Templates
04/27/2023 04:14:54 PM Warning:: [Ethnicity] Changing list to other in ImmPort Templates
04/27/2023 04:14:54 PM Warning:: [Ethnicity] Changing list to other in ImmPort Templates
04/27/2023 04:14:55 PM [INFO]:: [Fuzzy] ​JSON Summary Description => JSON Summary Description : score 94
04/27/2023 04:14:55 PM [INFO]:: [Fuzzy] WIV-1 => HIV-1 : score 80
04/27/2023 04:16:25 PM 
PMID: 33971664
04/27/2023 04:16:26 PM WARNING:: [Sex_at_Birth] Changing 'male | female' to 'other'
04/27/2023 04:16:26 PM WARNING:: [Sex_at_Birth] Changing 'male | female' to 'other'
04/27/2023 04:16:26 PM WARNING:: [Sex_at_Birth] Changing 'male | female' to 'other'
04/27/2023 04:16:26 PM WARNING:: [Sex_at_Birth] Changing 'male | female' to 'other'
04/27/2023 04:16:26 PM WARNING:: [Sex_at_Birth] Changing 'male | female' to 'other'
04/27/2023 04:16:26 PM Warning:: [Race] Changing 'Race' to 'other' and moving data to [Race Specify]
04/27/2023 04:16:26 PM Warning:: [Race] Changing 'Race' to 'other' and moving data to [Race Specify]
04/27/2023 04:16:26 PM Warning:: [Race] Changing 'Race' to 'other' and moving data to [Race Specify]
04/27/2023 04:16:26 PM Warning:: [Race] Changing 'Race' to 'other' and moving data to [Race Specify]
04/27/2023 04:16:26 PM Warning:: [Race] Changing 'Race' to 'other' and moving data to [Race Specify]
04/27/2023 04:16:26 PM Warning:: [Ethnicity] Changing list to other in ImmPort Templates
04/27/2023 04:16:26 PM Warning:: [Ethnicity] Changing list to other in ImmPort Templates
04/27/2023 04:16:26 PM Warning:: [Ethnicity] Changing list to other in ImmPort Templates
04/27/2023 04:16:26 PM Warning:: [Ethnicity] Changing list to other in ImmPort Templates
04/27/2023 04:16:26 PM Warning:: [Ethnicity] Changing list to other in ImmPort Templates
04/27/2023 04:16:26 PM [INFO]:: [Fuzzy] ​JSON Summary Description => JSON Summary Description : score 94
04/27/2023 04:16:27 PM [INFO]:: [Fuzzy] WIV-1 => HIV-1 : score 80
04/27/2023 04:16:30 PM INFO:: [User Change] SHC014 // passing look up check
04/27/2023 04:16:30 PM Previous Input: Virus Strain, SHC014 => 
04/27/2023 04:17:25 PM 
PMID: 33971664
04/27/2023 04:17:25 PM WARNING:: [Sex_at_Birth] Changing 'male | female' to 'other'
04/27/2023 04:17:25 PM WARNING:: [Sex_at_Birth] Changing 'male | female' to 'other'
04/27/2023 04:17:25 PM WARNING:: [Sex_at_Birth] Changing 'male | female' to 'other'
04/27/2023 04:17:25 PM WARNING:: [Sex_at_Birth] Changing 'male | female' to 'other'
04/27/2023 04:17:25 PM WARNING:: [Sex_at_Birth] Changing 'male | female' to 'other'
04/27/2023 04:17:25 PM Warning:: [Race] Changing 'Race' to 'other' and moving data to [Race Specify]
04/27/2023 04:17:25 PM Warning:: [Race] Changing 'Race' to 'other' and moving data to [Race Specify]
04/27/2023 04:17:25 PM Warning:: [Race] Changing 'Race' to 'other' and moving data to [Race Specify]
04/27/2023 04:17:25 PM Warning:: [Race] Changing 'Race' to 'other' and moving data to [Race Specify]
04/27/2023 04:17:25 PM Warning:: [Race] Changing 'Race' to 'other' and moving data to [Race Specify]
04/27/2023 04:17:25 PM Warning:: [Ethnicity] Changing list to other in ImmPort Templates
04/27/2023 04:17:25 PM Warning:: [Ethnicity] Changing list to other in ImmPort Templates
04/27/2023 04:17:25 PM Warning:: [Ethnicity] Changing list to other in ImmPort Templates
04/27/2023 04:17:25 PM Warning:: [Ethnicity] Changing list to other in ImmPort Templates
04/27/2023 04:17:25 PM Warning:: [Ethnicity] Changing list to other in ImmPort Templates
04/27/2023 04:17:26 PM [INFO]:: [Fuzzy] ​JSON Summary Description => JSON Summary Description : score 94
04/27/2023 04:17:26 PM [INFO]:: [Fuzzy] WIV-1 => HIV-1 : score 80
04/27/2023 04:17:30 PM INFO:: [User Change] SHC014, passing look up check
04/27/2023 04:17:30 PM Previous Input: Virus Strain, SHC014 => 
04/27/2023 04:34:16 PM 
PMID: 33971664
04/27/2023 04:34:16 PM WARNING:: [Sex_at_Birth] Changing 'male | female' to 'other'
04/27/2023 04:34:16 PM WARNING:: [Sex_at_Birth] Changing 'male | female' to 'other'
04/27/2023 04:34:16 PM WARNING:: [Sex_at_Birth] Changing 'male | female' to 'other'
04/27/2023 04:34:16 PM WARNING:: [Sex_at_Birth] Changing 'male | female' to 'other'
04/27/2023 04:34:16 PM WARNING:: [Sex_at_Birth] Changing 'male | female' to 'other'
04/27/2023 04:34:16 PM Warning:: [Race] Changing 'Race' to 'other' and moving data to [Race Specify]
04/27/2023 04:34:16 PM Warning:: [Race] Changing 'Race' to 'other' and moving data to [Race Specify]
04/27/2023 04:34:16 PM Warning:: [Race] Changing 'Race' to 'other' and moving data to [Race Specify]
04/27/2023 04:34:16 PM Warning:: [Race] Changing 'Race' to 'other' and moving data to [Race Specify]
04/27/2023 04:34:16 PM Warning:: [Race] Changing 'Race' to 'other' and moving data to [Race Specify]
04/27/2023 04:34:16 PM Warning:: [Ethnicity] Changing list to other in ImmPort Templates
04/27/2023 04:34:16 PM Warning:: [Ethnicity] Changing list to other in ImmPort Templates
04/27/2023 04:34:16 PM Warning:: [Ethnicity] Changing list to other in ImmPort Templates
04/27/2023 04:34:16 PM Warning:: [Ethnicity] Changing list to other in ImmPort Templates
04/27/2023 04:34:16 PM Warning:: [Ethnicity] Changing list to other in ImmPort Templates
04/27/2023 04:34:17 PM [INFO]:: [Fuzzy] ​JSON Summary Description => JSON Summary Description : score 94
04/27/2023 04:34:17 PM [INFO]:: [Fuzzy] WIV-1 => HIV-1 : score 80
04/27/2023 04:35:00 PM 
PMID: 33971664
04/27/2023 04:35:00 PM WARNING:: [Sex_at_Birth] Changing 'male | female' to 'other'
04/27/2023 04:35:00 PM WARNING:: [Sex_at_Birth] Changing 'male | female' to 'other'
04/27/2023 04:35:00 PM WARNING:: [Sex_at_Birth] Changing 'male | female' to 'other'
04/27/2023 04:35:00 PM WARNING:: [Sex_at_Birth] Changing 'male | female' to 'other'
04/27/2023 04:35:00 PM WARNING:: [Sex_at_Birth] Changing 'male | female' to 'other'
04/27/2023 04:35:00 PM Warning:: [Race] Changing 'Race' to 'other' and moving data to [Race Specify]
04/27/2023 04:35:00 PM Warning:: [Race] Changing 'Race' to 'other' and moving data to [Race Specify]
04/27/2023 04:35:00 PM Warning:: [Race] Changing 'Race' to 'other' and moving data to [Race Specify]
04/27/2023 04:35:00 PM Warning:: [Race] Changing 'Race' to 'other' and moving data to [Race Specify]
04/27/2023 04:35:00 PM Warning:: [Race] Changing 'Race' to 'other' and moving data to [Race Specify]
04/27/2023 04:35:00 PM Warning:: [Ethnicity] Changing list to other in ImmPort Templates
04/27/2023 04:35:00 PM Warning:: [Ethnicity] Changing list to other in ImmPort Templates
04/27/2023 04:35:00 PM Warning:: [Ethnicity] Changing list to other in ImmPort Templates
04/27/2023 04:35:00 PM Warning:: [Ethnicity] Changing list to other in ImmPort Templates
04/27/2023 04:35:00 PM Warning:: [Ethnicity] Changing list to other in ImmPort Templates
04/27/2023 04:35:01 PM [INFO]:: [Fuzzy] ​JSON Summary Description => JSON Summary Description : score 94
04/27/2023 04:35:01 PM [INFO]:: [Fuzzy] WIV-1 => HIV-1 : score 80
04/27/2023 04:35:06 PM INFO:: [User Change] SHC014, passing look up check
04/27/2023 04:35:06 PM Previous Input: Virus Strain, SHC014 => 
04/27/2023 04:39:56 PM 
PMID: 33971664
04/27/2023 04:39:56 PM WARNING:: [Sex_at_Birth] Changing 'male | female' to 'other'
04/27/2023 04:39:56 PM WARNING:: [Sex_at_Birth] Changing 'male | female' to 'other'
04/27/2023 04:39:56 PM WARNING:: [Sex_at_Birth] Changing 'male | female' to 'other'
04/27/2023 04:39:56 PM WARNING:: [Sex_at_Birth] Changing 'male | female' to 'other'
04/27/2023 04:39:56 PM WARNING:: [Sex_at_Birth] Changing 'male | female' to 'other'
04/27/2023 04:39:56 PM Warning:: [Race] Changing 'Race' to 'other' and moving data to [Race Specify]
04/27/2023 04:39:56 PM Warning:: [Race] Changing 'Race' to 'other' and moving data to [Race Specify]
04/27/2023 04:39:56 PM Warning:: [Race] Changing 'Race' to 'other' and moving data to [Race Specify]
04/27/2023 04:39:56 PM Warning:: [Race] Changing 'Race' to 'other' and moving data to [Race Specify]
04/27/2023 04:39:56 PM Warning:: [Race] Changing 'Race' to 'other' and moving data to [Race Specify]
04/27/2023 04:39:56 PM Warning:: [Ethnicity] Changing list to other in ImmPort Templates
04/27/2023 04:39:56 PM Warning:: [Ethnicity] Changing list to other in ImmPort Templates
04/27/2023 04:39:56 PM Warning:: [Ethnicity] Changing list to other in ImmPort Templates
04/27/2023 04:39:56 PM Warning:: [Ethnicity] Changing list to other in ImmPort Templates
04/27/2023 04:39:56 PM Warning:: [Ethnicity] Changing list to other in ImmPort Templates
04/27/2023 04:39:57 PM [INFO]:: [Fuzzy] ​JSON Summary Description => JSON Summary Description : score 94
04/27/2023 04:39:57 PM [INFO]:: [Fuzzy] WIV-1 => HIV-1 : score 80
04/27/2023 04:39:59 PM INFO:: [User Change] SHC014, passing look up check
04/27/2023 04:40:05 PM INFO:: [User Change] SHC014, passing look up check
04/27/2023 04:43:10 PM 
PMID: 33971664
04/27/2023 04:43:10 PM WARNING:: [Sex_at_Birth] Changing 'male | female' to 'other'
04/27/2023 04:43:10 PM WARNING:: [Sex_at_Birth] Changing 'male | female' to 'other'
04/27/2023 04:43:10 PM WARNING:: [Sex_at_Birth] Changing 'male | female' to 'other'
04/27/2023 04:43:10 PM WARNING:: [Sex_at_Birth] Changing 'male | female' to 'other'
04/27/2023 04:43:10 PM WARNING:: [Sex_at_Birth] Changing 'male | female' to 'other'
04/27/2023 04:43:10 PM Warning:: [Race] Changing 'Race' to 'other' and moving data to [Race Specify]
04/27/2023 04:43:10 PM Warning:: [Race] Changing 'Race' to 'other' and moving data to [Race Specify]
04/27/2023 04:43:10 PM Warning:: [Race] Changing 'Race' to 'other' and moving data to [Race Specify]
04/27/2023 04:43:10 PM Warning:: [Race] Changing 'Race' to 'other' and moving data to [Race Specify]
04/27/2023 04:43:10 PM Warning:: [Race] Changing 'Race' to 'other' and moving data to [Race Specify]
04/27/2023 04:43:10 PM Warning:: [Ethnicity] Changing list to other in ImmPort Templates
04/27/2023 04:43:10 PM Warning:: [Ethnicity] Changing list to other in ImmPort Templates
04/27/2023 04:43:10 PM Warning:: [Ethnicity] Changing list to other in ImmPort Templates
04/27/2023 04:43:10 PM Warning:: [Ethnicity] Changing list to other in ImmPort Templates
04/27/2023 04:43:10 PM Warning:: [Ethnicity] Changing list to other in ImmPort Templates
04/27/2023 04:43:11 PM [INFO]:: [Fuzzy] ​JSON Summary Description => JSON Summary Description : score 94
04/27/2023 04:43:11 PM [INFO]:: [Fuzzy] WIV-1 => HIV-1 : score 80
04/27/2023 04:43:13 PM INFO:: [User Change] SHC014, passing look up check
04/27/2023 04:43:13 PM Previous Input: Virus Strain, SHC014 => 
04/27/2023 04:44:10 PM 
PMID: 33971664
04/27/2023 04:44:10 PM WARNING:: [Sex_at_Birth] Changing 'male | female' to 'other'
04/27/2023 04:44:10 PM WARNING:: [Sex_at_Birth] Changing 'male | female' to 'other'
04/27/2023 04:44:10 PM WARNING:: [Sex_at_Birth] Changing 'male | female' to 'other'
04/27/2023 04:44:10 PM WARNING:: [Sex_at_Birth] Changing 'male | female' to 'other'
04/27/2023 04:44:10 PM WARNING:: [Sex_at_Birth] Changing 'male | female' to 'other'
04/27/2023 04:44:10 PM Warning:: [Race] Changing 'Race' to 'other' and moving data to [Race Specify]
04/27/2023 04:44:10 PM Warning:: [Race] Changing 'Race' to 'other' and moving data to [Race Specify]
04/27/2023 04:44:10 PM Warning:: [Race] Changing 'Race' to 'other' and moving data to [Race Specify]
04/27/2023 04:44:10 PM Warning:: [Race] Changing 'Race' to 'other' and moving data to [Race Specify]
04/27/2023 04:44:10 PM Warning:: [Race] Changing 'Race' to 'other' and moving data to [Race Specify]
04/27/2023 04:44:10 PM Warning:: [Ethnicity] Changing list to other in ImmPort Templates
04/27/2023 04:44:10 PM Warning:: [Ethnicity] Changing list to other in ImmPort Templates
04/27/2023 04:44:10 PM Warning:: [Ethnicity] Changing list to other in ImmPort Templates
04/27/2023 04:44:10 PM Warning:: [Ethnicity] Changing list to other in ImmPort Templates
04/27/2023 04:44:10 PM Warning:: [Ethnicity] Changing list to other in ImmPort Templates
04/27/2023 04:44:11 PM [INFO]:: [Fuzzy] ​JSON Summary Description => JSON Summary Description : score 94
04/27/2023 04:44:11 PM [INFO]:: [Fuzzy] WIV-1 => HIV-1 : score 80
04/27/2023 04:44:13 PM INFO:: [User Change] SHC014, passing look up check
04/27/2023 04:44:13 PM Previous Input: Virus Strain, SHC014 => 
