02/09/2024 12:23:20 PM 
PMID: 36351430
02/09/2024 12:23:20 PM WARNING:: [Sex_at_Birth] Changing 'male | female' to 'other'
02/09/2024 12:23:20 PM WARNING:: [Sex_at_Birth] Changing 'male | female' to 'other'
02/09/2024 12:23:20 PM Warning:: [Race] Changing 'Race' to 'other' and moving data to [Race Specify]
02/09/2024 12:23:20 PM Warning:: [Race] Changing 'Race' to 'other' and moving data to [Race Specify]
02/09/2024 12:23:20 PM Warning:: [Ethnicity] Changing list to other in ImmPort Templates
02/09/2024 12:23:20 PM Warning:: [Ethnicity] Changing list to other in ImmPort Templates
02/09/2024 12:23:44 PM INFO:: [Fuzzy] Closest Match Found. Changing SARS-CoV-2 Epsilon; B.1.427 => SARS-CoV-2 Epsilon; B.1.427 / B.1.429
02/09/2024 12:23:44 PM INFO:: [Fuzzy] Closest Match Found. Changing B.1.429 => SARS-CoV-2 Epsilon; B.1.427 / B.1.429
02/09/2024 12:23:44 PM [INFO]:: [Fuzzy] Neutrophils => Neutrophil : score 95
02/09/2024 12:23:44 PM [INFO]:: [Fuzzy] Glycan Profiling => Glycan profiliing : score 91
02/09/2024 12:52:01 PM 
PMID: 37452024
02/09/2024 12:52:01 PM WARNING:: [Sex_at_Birth] Changing 'male | female' to 'other'
02/09/2024 12:52:01 PM WARNING:: [Sex_at_Birth] Changing 'male | female' to 'other'
02/09/2024 12:52:01 PM Warning:: [Race] Changing 'Race' to 'other' and moving data to [Race Specify]
02/09/2024 12:52:01 PM Warning:: [Race] Changing 'Race' to 'other' and moving data to [Race Specify]
02/09/2024 12:52:01 PM Warning:: [Ethnicity] Changing list to other in ImmPort Templates
02/09/2024 12:52:01 PM Warning:: [Ethnicity] Changing list to other in ImmPort Templates
02/09/2024 12:52:28 PM INFO:: [User Change] Not Specified => Not Applicable
02/09/2024 12:52:59 PM 
PMID: 37796985
02/09/2024 12:52:59 PM [planned visit]: PMID37796985_visit-13 has reached character limit (146 > 125)
02/09/2024 12:53:56 PM 
PMID: 37104089
02/09/2024 12:53:56 PM WARNING:: [Sex_at_Birth] Changing 'male | female' to 'other'
02/09/2024 12:53:56 PM WARNING:: [Sex_at_Birth] Changing 'male | female' to 'other'
02/09/2024 12:53:56 PM WARNING:: [Sex_at_Birth] Changing 'male | female' to 'other'
02/09/2024 12:53:56 PM Warning:: [Race] Changing 'Race' to 'other' and moving data to [Race Specify]
02/09/2024 12:53:56 PM Warning:: [Race] Changing 'Race' to 'other' and moving data to [Race Specify]
02/09/2024 12:53:56 PM Warning:: [Race] Changing 'Race' to 'other' and moving data to [Race Specify]
02/09/2024 12:53:56 PM Warning:: [Ethnicity] Changing list to other in ImmPort Templates
02/09/2024 12:53:56 PM Warning:: [Ethnicity] Changing list to other in ImmPort Templates
02/09/2024 12:53:56 PM Warning:: [Ethnicity] Changing list to other in ImmPort Templates
02/09/2024 12:53:56 PM [planned visit]: PMID37104089_visit-01 has reached character limit (132 > 125)
02/09/2024 12:59:36 PM 
PMID: 37104089
02/09/2024 12:59:36 PM WARNING:: [Sex_at_Birth] Changing 'male | female' to 'other'
02/09/2024 12:59:36 PM WARNING:: [Sex_at_Birth] Changing 'male | female' to 'other'
02/09/2024 12:59:36 PM WARNING:: [Sex_at_Birth] Changing 'male | female' to 'other'
02/09/2024 12:59:36 PM Warning:: [Race] Changing 'Race' to 'other' and moving data to [Race Specify]
02/09/2024 12:59:36 PM Warning:: [Race] Changing 'Race' to 'other' and moving data to [Race Specify]
02/09/2024 12:59:36 PM Warning:: [Race] Changing 'Race' to 'other' and moving data to [Race Specify]
02/09/2024 12:59:36 PM Warning:: [Ethnicity] Changing list to other in ImmPort Templates
02/09/2024 12:59:36 PM Warning:: [Ethnicity] Changing list to other in ImmPort Templates
02/09/2024 12:59:36 PM Warning:: [Ethnicity] Changing list to other in ImmPort Templates
02/09/2024 12:59:36 PM [planned visit]: PMID37104089_visit-01 has reached character limit (132 > 125)
02/09/2024 01:01:08 PM 
PMID: 37104089
02/09/2024 01:01:08 PM WARNING:: [Sex_at_Birth] Changing 'male | female' to 'other'
02/09/2024 01:01:08 PM WARNING:: [Sex_at_Birth] Changing 'male | female' to 'other'
02/09/2024 01:01:08 PM WARNING:: [Sex_at_Birth] Changing 'male | female' to 'other'
02/09/2024 01:01:08 PM Warning:: [Race] Changing 'Race' to 'other' and moving data to [Race Specify]
02/09/2024 01:01:08 PM Warning:: [Race] Changing 'Race' to 'other' and moving data to [Race Specify]
02/09/2024 01:01:08 PM Warning:: [Race] Changing 'Race' to 'other' and moving data to [Race Specify]
02/09/2024 01:01:08 PM Warning:: [Ethnicity] Changing list to other in ImmPort Templates
02/09/2024 01:01:08 PM Warning:: [Ethnicity] Changing list to other in ImmPort Templates
02/09/2024 01:01:08 PM Warning:: [Ethnicity] Changing list to other in ImmPort Templates
02/09/2024 01:01:20 PM [INFO]:: [Fuzzy] SARS-CoV-2 Omicron variant XBB.1 => SARS-CoV-2 Omicron variant XBB.1.5 : score 97
02/09/2024 01:01:20 PM [INFO]:: [Fuzzy] SARS-CoV-2 Omicron variant XBB-S486P => SARS-CoV-2 Omicron variant XBB : score 91
02/09/2024 01:01:58 PM INFO:: [User Change] SARS-CoV-2 Omicron variant BQ.1.1 SARS-CoV-2 Omicron variant CH.1.1 => SARS-CoV-2 Omicron variant BQ.1.1
02/09/2024 01:01:58 PM [INFO]:: [Fuzzy] SARS-CoV-2 Omicron variant CA.3.1 => SARS-CoV-2 Omicron variant CA.1 : score 97
02/09/2024 01:01:58 PM [INFO]:: [Fuzzy] SARS-CoV-2 Omicron variant BA.2.75.2 D1199N => SARS-CoV-2 Omicron variant BA.2.75.2 : score 91
02/09/2024 01:01:58 PM INFO:: [Fuzzy] Closest Match Found. Changing uninfected => Uninfected
02/09/2024 01:01:58 PM [INFO]:: [Fuzzy] SARS-CoV-2 Omicron variant XBB.1 => SARS-CoV-2 Omicron variant XBB.1.5 : score 97
02/09/2024 01:01:58 PM [INFO]:: [Fuzzy] SARS-CoV-2 Omicron variant XBB-S486P => SARS-CoV-2 Omicron variant XBB : score 91
02/09/2024 01:01:58 PM [INFO]:: [Fuzzy] SARS-CoV-2 Omicron variant CH.1.1 => SARS-CoV-2 Omicron variant BA.1.1 : score 94
02/09/2024 01:01:58 PM [INFO]:: [Fuzzy] SARS-CoV-2 Omicron variant CA.3.1 => SARS-CoV-2 Omicron variant CA.1 : score 97
02/09/2024 01:01:58 PM [INFO]:: [Fuzzy] SARS-CoV-2 Omicron variant BA.2.75.2 D1199N => SARS-CoV-2 Omicron variant BA.2.75.2 : score 91
02/09/2024 01:01:58 PM [INFO]:: [Fuzzy] SARS-CoV-2 Omicron variant XBB.1 => SARS-CoV-2 Omicron variant XBB.1.5 : score 97
02/09/2024 01:01:58 PM [INFO]:: [Fuzzy] SARS-CoV-2 Omicron variant XBB-S486P => SARS-CoV-2 Omicron variant XBB : score 91
02/09/2024 01:01:58 PM [INFO]:: [Fuzzy] SARS-CoV-2 Omicron variant CH.1.1 => SARS-CoV-2 Omicron variant BA.1.1 : score 94
02/09/2024 01:01:58 PM [INFO]:: [Fuzzy] SARS-CoV-2 Omicron variant CA.3.1 => SARS-CoV-2 Omicron variant CA.1 : score 97
02/09/2024 01:01:58 PM [INFO]:: [Fuzzy] SARS-CoV-2 Omicron variant BA.2.75.2 D1199N => SARS-CoV-2 Omicron variant BA.2.75.2 : score 91
02/09/2024 01:01:58 PM [INFO]:: [Fuzzy] SARS-CoV-2 Omicron variant XBB.1 => SARS-CoV-2 Omicron variant XBB.1.5 : score 97
02/09/2024 01:01:58 PM [INFO]:: [Fuzzy] SARS-CoV-2 Omicron variant XBB-S486P => SARS-CoV-2 Omicron variant XBB : score 91
02/09/2024 01:01:58 PM [INFO]:: [Fuzzy] SARS-CoV-2 Omicron variant CH.1.1 => SARS-CoV-2 Omicron variant BA.1.1 : score 94
02/09/2024 01:01:58 PM [INFO]:: [Fuzzy] SARS-CoV-2 Omicron variant CA.3.1 => SARS-CoV-2 Omicron variant CA.1 : score 97
02/09/2024 01:01:58 PM [INFO]:: [Fuzzy] SARS-CoV-2 Omicron variant BA.2.75.2 D1199N => SARS-CoV-2 Omicron variant BA.2.75.2 : score 91
02/09/2024 01:01:58 PM [INFO]:: [Fuzzy] SARS-CoV-2 Omicron variant XBB.1 => SARS-CoV-2 Omicron variant XBB.1.5 : score 97
02/09/2024 01:01:58 PM [INFO]:: [Fuzzy] SARS-CoV-2 Omicron variant XBB-S486P => SARS-CoV-2 Omicron variant XBB : score 91
02/09/2024 01:01:58 PM [INFO]:: [Fuzzy] SARS-CoV-2 Omicron variant CH.1.1 => SARS-CoV-2 Omicron variant BA.1.1 : score 94
02/09/2024 01:01:58 PM [INFO]:: [Fuzzy] SARS-CoV-2 Omicron variant CA.3.1 => SARS-CoV-2 Omicron variant CA.1 : score 97
02/09/2024 01:01:58 PM [INFO]:: [Fuzzy] SARS-CoV-2 Omicron variant BA.2.75.2 D1199N => SARS-CoV-2 Omicron variant BA.2.75.2 : score 91
02/09/2024 01:01:58 PM [INFO]:: [Fuzzy] SARS-CoV-2 Omicron variant XBB.1 => SARS-CoV-2 Omicron variant XBB.1.5 : score 97
02/09/2024 01:01:58 PM [INFO]:: [Fuzzy] SARS-CoV-2 Omicron variant XBB-S486P => SARS-CoV-2 Omicron variant XBB : score 91
02/09/2024 01:01:58 PM [INFO]:: [Fuzzy] SARS-CoV-2 Omicron variant CH.1.1 => SARS-CoV-2 Omicron variant BA.1.1 : score 94
02/09/2024 01:01:58 PM [INFO]:: [Fuzzy] SARS-CoV-2 Omicron variant CA.3.1 => SARS-CoV-2 Omicron variant CA.1 : score 97
02/09/2024 01:01:58 PM [INFO]:: [Fuzzy] SARS-CoV-2 Omicron variant BA.2.75.2 D1199N => SARS-CoV-2 Omicron variant BA.2.75.2 : score 91
02/09/2024 01:10:33 PM 
PMID: 37796985
02/09/2024 01:11:40 PM 
PMID: 36882240
02/09/2024 01:11:40 PM WARNING:: [Sex_at_Birth] Changing 'male | female' to 'other'
02/09/2024 01:11:40 PM WARNING:: [Sex_at_Birth] Changing 'male | female' to 'other'
02/09/2024 01:11:40 PM WARNING:: [Sex_at_Birth] Changing 'male | female' to 'other'
02/09/2024 01:11:40 PM Warning:: [Race] Changing 'Race' to 'other' and moving data to [Race Specify]
02/09/2024 01:11:40 PM Warning:: [Race] Changing 'Race' to 'other' and moving data to [Race Specify]
02/09/2024 01:11:40 PM Warning:: [Race] Changing 'Race' to 'other' and moving data to [Race Specify]
02/09/2024 01:11:40 PM Warning:: [Ethnicity] Changing list to other in ImmPort Templates
02/09/2024 01:11:40 PM Warning:: [Ethnicity] Changing list to other in ImmPort Templates
02/09/2024 01:11:40 PM Warning:: [Ethnicity] Changing list to other in ImmPort Templates
02/09/2024 01:14:30 PM INFO:: [User Change] Not Specified => Not Applicable
02/09/2024 01:15:10 PM 
PMID: 35464463
02/09/2024 01:15:10 PM WARNING:: [Sex_at_Birth] Changing 'male | female' to 'other'
02/09/2024 01:15:10 PM WARNING:: [Sex_at_Birth] Changing 'male | female' to 'other'
02/09/2024 01:15:10 PM Warning:: [Race] Changing 'Race' to 'other' and moving data to [Race Specify]
02/09/2024 01:15:10 PM Warning:: [Race] Changing 'Race' to 'other' and moving data to [Race Specify]
02/09/2024 01:15:10 PM Warning:: [Ethnicity] Changing list to other in ImmPort Templates
02/09/2024 01:15:10 PM Warning:: [Ethnicity] Changing list to other in ImmPort Templates
02/09/2024 01:15:34 PM INFO:: [User Change] Not Specified => Not Applicable
02/09/2024 01:15:38 PM 
PMID: 34308124
02/09/2024 01:15:38 PM WARNING:: [Sex_at_Birth] Changing 'male | female' to 'other'
02/09/2024 01:15:38 PM Warning:: [Race] Changing 'Race' to 'other' and moving data to [Race Specify]
02/09/2024 01:15:38 PM Warning:: [Ethnicity] Changing list to other in ImmPort Templates
02/09/2024 01:15:52 PM INFO:: [User Change] Not Specified => Not Applicable
02/09/2024 01:15:54 PM 
PMID: 37494473
02/09/2024 01:15:54 PM WARNING:: [Sex_at_Birth] Changing 'male | female' to 'other'
02/09/2024 01:15:54 PM WARNING:: [Sex_at_Birth] Changing 'male | female' to 'other'
02/09/2024 01:15:54 PM WARNING:: [Sex_at_Birth] Changing 'male | female' to 'other'
02/09/2024 01:15:54 PM Warning:: [Race] Changing 'Race' to 'other' and moving data to [Race Specify]
02/09/2024 01:15:54 PM Warning:: [Race] Changing 'Race' to 'other' and moving data to [Race Specify]
02/09/2024 01:15:54 PM Warning:: [Race] Changing 'Race' to 'other' and moving data to [Race Specify]
02/09/2024 01:15:54 PM Warning:: [Ethnicity] Changing list to other in ImmPort Templates
02/09/2024 01:15:54 PM Warning:: [Ethnicity] Changing list to other in ImmPort Templates
02/09/2024 01:15:54 PM Warning:: [Ethnicity] Changing list to other in ImmPort Templates
02/09/2024 01:16:14 PM 
PMID: 37749254
02/09/2024 01:17:14 PM INFO:: [Fuzzy] Closest Match Found. Changing SARS-CoV-2 MA10 => SARS-CoV-2 MA10 [mouse adapted]
02/09/2024 01:17:14 PM INFO:: [Fuzzy] Closest Match Found. Changing SARS-CoV-2 MA10 => SARS-CoV-2 MA10 [mouse adapted]
02/09/2024 01:20:03 PM INFO:: [User Change] Not Specified => Not Applicable
02/09/2024 06:29:45 PM 
PMID: 37494473
02/09/2024 06:29:45 PM WARNING:: [Sex_at_Birth] Changing 'male | female' to 'other'
02/09/2024 06:29:45 PM WARNING:: [Sex_at_Birth] Changing 'male | female' to 'other'
02/09/2024 06:29:45 PM WARNING:: [Sex_at_Birth] Changing 'male | female' to 'other'
02/09/2024 06:29:45 PM Warning:: [Race] Changing 'Race' to 'other' and moving data to [Race Specify]
02/09/2024 06:29:45 PM Warning:: [Race] Changing 'Race' to 'other' and moving data to [Race Specify]
02/09/2024 06:29:45 PM Warning:: [Race] Changing 'Race' to 'other' and moving data to [Race Specify]
02/09/2024 06:29:45 PM Warning:: [Ethnicity] Changing list to other in ImmPort Templates
02/09/2024 06:29:45 PM Warning:: [Ethnicity] Changing list to other in ImmPort Templates
02/09/2024 06:29:45 PM Warning:: [Ethnicity] Changing list to other in ImmPort Templates
02/09/2024 06:29:49 PM INFO:: [User Change] Not Specified => Not Applicable
02/09/2024 06:29:50 PM 
PMID: 37749254
02/09/2024 06:29:51 PM INFO:: [Fuzzy] Closest Match Found. Changing SARS-CoV-2 MA10 => SARS-CoV-2 MA10 [mouse adapted]
02/09/2024 06:29:51 PM INFO:: [Fuzzy] Closest Match Found. Changing SARS-CoV-2 MA10 => SARS-CoV-2 MA10 [mouse adapted]
02/09/2024 06:29:57 PM INFO:: [User Change] Pangolin Coronavirus (PgCoV) => PgCoV (pangolin)
02/09/2024 06:29:57 PM Previous Input: Virus Target, Pangolin Coronavirus (PgCoV) => PgCoV (pangolin)
02/09/2024 06:30:01 PM INFO:: [User Change] Northern Blot => Other
02/09/2024 06:30:01 PM Previous Input: Virus Target, Pangolin Coronavirus (PgCoV) => PgCoV (pangolin)
02/09/2024 06:30:01 PM Previous Input: Virus Target, Pangolin Coronavirus (PgCoV) => PgCoV (pangolin)
02/09/2024 06:30:01 PM Previous Input: Virus Target, Pangolin Coronavirus (PgCoV) => PgCoV (pangolin)
02/09/2024 06:30:01 PM Previous Input: Virus Target, Pangolin Coronavirus (PgCoV) => PgCoV (pangolin)
02/09/2024 06:30:01 PM INFO:: [Fuzzy] Closest Match Found. Changing SARS-CoV-2 MA10 => SARS-CoV-2 MA10 [mouse adapted]
02/09/2024 06:30:01 PM Previous Input: Virus Target, Pangolin Coronavirus (PgCoV) => PgCoV (pangolin)
02/09/2024 06:30:51 PM INFO:: [User Change] Phage Immunoprecipitation sequencing (PhIP-seq) => Immunoprecipitation
02/09/2024 06:34:16 PM 
PMID: 35587682
02/09/2024 06:34:16 PM WARNING:: [Sex_at_Birth] Changing 'male | female' to 'other'
02/09/2024 06:34:18 PM 
PMID: 37287128
02/09/2024 06:34:18 PM WARNING:: [Sex_at_Birth] Changing 'male | female' to 'other'
02/09/2024 06:34:18 PM WARNING:: [Sex_at_Birth] Changing 'male | female' to 'other'
02/09/2024 06:34:18 PM Warning:: [Race] Changing 'Race' to 'other' and moving data to [Race Specify]
02/09/2024 06:34:18 PM Warning:: [Race] Changing 'Race' to 'other' and moving data to [Race Specify]
02/09/2024 06:34:18 PM Warning:: [Ethnicity] Changing list to other in ImmPort Templates
02/09/2024 06:34:18 PM Warning:: [Ethnicity] Changing list to other in ImmPort Templates
02/09/2024 06:36:00 PM INFO:: [User Change] Sickle cell disease => Peptic Ulcer Disease
02/09/2024 06:36:11 PM 
PMID: 37494473
02/09/2024 06:36:11 PM WARNING:: [Sex_at_Birth] Changing 'male | female' to 'other'
02/09/2024 06:36:11 PM WARNING:: [Sex_at_Birth] Changing 'male | female' to 'other'
02/09/2024 06:36:11 PM WARNING:: [Sex_at_Birth] Changing 'male | female' to 'other'
02/09/2024 06:36:11 PM Warning:: [Race] Changing 'Race' to 'other' and moving data to [Race Specify]
02/09/2024 06:36:11 PM Warning:: [Race] Changing 'Race' to 'other' and moving data to [Race Specify]
02/09/2024 06:36:11 PM Warning:: [Race] Changing 'Race' to 'other' and moving data to [Race Specify]
02/09/2024 06:36:11 PM Warning:: [Ethnicity] Changing list to other in ImmPort Templates
02/09/2024 06:36:11 PM Warning:: [Ethnicity] Changing list to other in ImmPort Templates
02/09/2024 06:36:11 PM Warning:: [Ethnicity] Changing list to other in ImmPort Templates
02/09/2024 06:36:15 PM INFO:: [User Change] Not Specified => Not Applicable
02/09/2024 06:36:19 PM INFO:: [User Change] Phage Immunoprecipitation sequencing (PhIP-seq) => Immunoprecipitation
02/09/2024 06:36:29 PM INFO:: [User Change] Other => Not Applicable
02/09/2024 06:37:36 PM 
PMID: 35587682
02/09/2024 06:37:37 PM WARNING:: [Sex_at_Birth] Changing 'male | female' to 'other'
02/09/2024 06:38:29 PM 
PMID: 33692201
02/09/2024 06:39:29 PM INFO:: [User Change] Not Specified => Not Applicable
02/09/2024 06:39:29 PM INFO:: [Fuzzy] Closest Match Found. Changing HCoVs - Seasonal (OC43 => HCoVs - Seasonal (OC43, HKU-1, NL63, 229E)
02/09/2024 06:39:29 PM INFO:: [Fuzzy] Closest Match Found. Changing HKU-1 => HCoVs - Seasonal (OC43, HKU-1, NL63, 229E)
02/09/2024 06:39:29 PM INFO:: [Fuzzy] Closest Match Found. Changing NL63 => HCoVs - Seasonal (OC43, HKU-1, NL63, 229E)
02/09/2024 06:39:29 PM INFO:: [Fuzzy] Closest Match Found. Changing 229E) => HCoVs - Seasonal (OC43, HKU-1, NL63, 229E)
02/09/2024 06:39:29 PM INFO:: [Fuzzy] Closest Match Found. Changing HCoVs - Seasonal (OC43 => HCoVs - Seasonal (OC43, HKU-1, NL63, 229E)
02/09/2024 06:39:29 PM INFO:: [Fuzzy] Closest Match Found. Changing HKU-1 => HCoVs - Seasonal (OC43, HKU-1, NL63, 229E)
02/09/2024 06:39:29 PM INFO:: [Fuzzy] Closest Match Found. Changing NL63 => HCoVs - Seasonal (OC43, HKU-1, NL63, 229E)
02/09/2024 06:39:29 PM INFO:: [Fuzzy] Closest Match Found. Changing 229E) => HCoVs - Seasonal (OC43, HKU-1, NL63, 229E)
02/09/2024 06:40:14 PM 
PMID: 37872011
02/09/2024 06:40:14 PM WARNING:: [Sex_at_Birth] Changing 'male | female' to 'other'
02/09/2024 06:40:14 PM WARNING:: [Sex_at_Birth] Changing 'male | female' to 'other'
02/09/2024 06:40:14 PM Warning:: [Race] Changing 'Race' to 'other' and moving data to [Race Specify]
02/09/2024 06:40:14 PM Warning:: [Race] Changing 'Race' to 'other' and moving data to [Race Specify]
02/09/2024 06:40:14 PM Warning:: [Ethnicity] Changing list to other in ImmPort Templates
02/09/2024 06:40:14 PM Warning:: [Ethnicity] Changing list to other in ImmPort Templates
