09/10/2024 10:24:56 AM 
PMID: 38900738 ####################
09/10/2024 10:24:56 AM WARNING:: [Sex_at_Birth] Changing 'male | female' to 'other'
09/10/2024 10:24:56 AM Warning:: [Race] Changing 'Race' to 'other' and moving data to [Race Specify]
09/10/2024 10:24:56 AM Warning:: [Ethnicity] Changing list to other in ImmPort Templates
09/10/2024 10:24:58 AM INFO:: [User Change] Chemiluminescence Immunoassay (CLIA) => Chemiluminescent Assay
09/10/2024 10:24:58 AM INFO:: [Fuzzy] Closest Match Found. Changing Post-Vaccination => Post-vaccination
09/10/2024 10:25:16 AM 
PMID: 38312474 ####################
09/10/2024 10:25:16 AM WARNING:: [Sex_at_Birth] Changing 'male | female' to 'other'
09/10/2024 10:25:16 AM WARNING:: [Sex_at_Birth] Changing 'male | female' to 'other'
09/10/2024 10:25:16 AM WARNING:: [Sex_at_Birth] Changing 'male | female' to 'other'
09/10/2024 10:25:16 AM WARNING:: [Sex_at_Birth] Changing 'male | female' to 'other'
09/10/2024 10:25:16 AM Warning:: [Race] Changing 'Race' to 'other' and moving data to [Race Specify]
09/10/2024 10:25:16 AM Warning:: [Race] Changing 'Race' to 'other' and moving data to [Race Specify]
09/10/2024 10:25:16 AM Warning:: [Race] Changing 'Race' to 'other' and moving data to [Race Specify]
09/10/2024 10:25:16 AM Warning:: [Race] Changing 'Race' to 'other' and moving data to [Race Specify]
09/10/2024 10:25:16 AM Warning:: [Ethnicity] Changing list to other in ImmPort Templates
09/10/2024 10:25:16 AM Warning:: [Ethnicity] Changing list to other in ImmPort Templates
09/10/2024 10:25:16 AM Warning:: [Ethnicity] Changing list to other in ImmPort Templates
09/10/2024 10:25:16 AM Warning:: [Ethnicity] Changing list to other in ImmPort Templates
09/10/2024 10:25:27 AM INFO:: [User Change] Not Specified => Not Applicable
09/10/2024 10:25:46 AM 
PMID: 38112467 ####################
09/10/2024 10:25:46 AM WARNING:: [Sex_at_Birth] Changing 'male | female' to 'other'
09/10/2024 10:25:46 AM WARNING:: [Sex_at_Birth] Changing 'male | female' to 'other'
09/10/2024 10:25:46 AM WARNING:: [Sex_at_Birth] Changing 'male | female' to 'other'
09/10/2024 10:25:46 AM WARNING:: [Sex_at_Birth] Changing 'male | female' to 'other'
09/10/2024 10:25:46 AM WARNING:: [Sex_at_Birth] Changing 'male | female' to 'other'
09/10/2024 10:25:46 AM WARNING:: [Sex_at_Birth] Changing 'male | female' to 'other'
09/10/2024 10:26:05 AM 
PMID: 36115801 ####################
09/10/2024 10:26:05 AM WARNING:: [Sex_at_Birth] Changing 'male | female' to 'other'
09/10/2024 10:26:05 AM WARNING:: [Sex_at_Birth] Changing 'male | female' to 'other'
09/10/2024 10:26:05 AM Warning:: [Race] Changing 'Race' to 'other' and moving data to [Race Specify]
09/10/2024 10:26:05 AM Warning:: [Race] Changing 'Race' to 'other' and moving data to [Race Specify]
09/10/2024 10:26:05 AM Warning:: [Ethnicity] Changing list to other in ImmPort Templates
09/10/2024 10:26:05 AM Warning:: [Ethnicity] Changing list to other in ImmPort Templates
09/10/2024 10:26:05 AM ERROR:: [planned visit] Check user defined ID
09/10/2024 12:53:36 PM 
PMID: 36173112 ####################
09/10/2024 12:53:36 PM WARNING:: [Sex_at_Birth] Changing 'male | female' to 'other'
09/10/2024 12:53:36 PM WARNING:: [Sex_at_Birth] Changing 'male | female' to 'other'
09/10/2024 12:53:36 PM WARNING:: [Sex_at_Birth] Changing 'male | female' to 'other'
09/10/2024 12:53:36 PM Warning:: [Race] Changing 'Race' to 'other' and moving data to [Race Specify]
09/10/2024 12:53:36 PM Warning:: [Race] Changing 'Race' to 'other' and moving data to [Race Specify]
09/10/2024 12:53:36 PM Warning:: [Race] Changing 'Race' to 'other' and moving data to [Race Specify]
09/10/2024 12:53:36 PM Warning:: [Ethnicity] Changing list to other in ImmPort Templates
09/10/2024 12:53:36 PM Warning:: [Ethnicity] Changing list to other in ImmPort Templates
09/10/2024 12:53:36 PM Warning:: [Ethnicity] Changing list to other in ImmPort Templates
09/10/2024 12:54:09 PM 
PMID: 37872311 ####################
09/10/2024 12:54:09 PM WARNING:: [Sex_at_Birth] Changing 'male | female' to 'other'
09/10/2024 12:54:09 PM WARNING:: [Sex_at_Birth] Changing 'male | female' to 'other'
09/10/2024 12:54:09 PM WARNING:: [Sex_at_Birth] Changing 'male | female' to 'other'
09/10/2024 12:54:09 PM WARNING:: [Sex_at_Birth] Changing 'male | female' to 'other'
09/10/2024 12:54:09 PM Warning:: [Race] Changing 'Race' to 'other' and moving data to [Race Specify]
09/10/2024 12:54:09 PM Warning:: [Race] Changing 'Race' to 'other' and moving data to [Race Specify]
09/10/2024 12:54:09 PM Warning:: [Race] Changing 'Race' to 'other' and moving data to [Race Specify]
09/10/2024 12:54:09 PM Warning:: [Race] Changing 'Race' to 'other' and moving data to [Race Specify]
09/10/2024 12:54:09 PM Warning:: [Ethnicity] Changing list to other in ImmPort Templates
09/10/2024 12:54:09 PM Warning:: [Ethnicity] Changing list to other in ImmPort Templates
09/10/2024 12:54:09 PM Warning:: [Ethnicity] Changing list to other in ImmPort Templates
09/10/2024 12:54:09 PM Warning:: [Ethnicity] Changing list to other in ImmPort Templates
09/10/2024 12:54:09 PM ERROR:: [planned visit] Check user defined ID
09/10/2024 12:54:35 PM 
PMID: 38096903 ####################
09/10/2024 12:54:35 PM ERROR:: [planned visit] Check user defined ID
09/10/2024 12:54:53 PM 
PMID: 36115801 ####################
09/10/2024 12:54:53 PM WARNING:: [Sex_at_Birth] Changing 'male | female' to 'other'
09/10/2024 12:54:53 PM WARNING:: [Sex_at_Birth] Changing 'male | female' to 'other'
09/10/2024 12:54:53 PM Warning:: [Race] Changing 'Race' to 'other' and moving data to [Race Specify]
09/10/2024 12:54:53 PM Warning:: [Race] Changing 'Race' to 'other' and moving data to [Race Specify]
09/10/2024 12:54:53 PM Warning:: [Ethnicity] Changing list to other in ImmPort Templates
09/10/2024 12:54:53 PM Warning:: [Ethnicity] Changing list to other in ImmPort Templates
09/10/2024 12:54:53 PM ERROR:: [planned visit] Check user defined ID
09/10/2024 12:55:13 PM 
PMID: 36861088 ####################
09/10/2024 12:55:13 PM WARNING:: [Sex_at_Birth] Changing 'male | female' to 'other'
09/10/2024 12:55:13 PM WARNING:: [Sex_at_Birth] Changing 'male | female' to 'other'
09/10/2024 12:55:13 PM Warning:: [Race] Changing 'Race' to 'other' and moving data to [Race Specify]
09/10/2024 12:55:13 PM Warning:: [Race] Changing 'Race' to 'other' and moving data to [Race Specify]
09/10/2024 12:55:13 PM Warning:: [Ethnicity] Changing list to other in ImmPort Templates
09/10/2024 12:55:13 PM Warning:: [Ethnicity] Changing list to other in ImmPort Templates
09/10/2024 12:55:14 PM [INFO]:: [Fuzzy] Pfizer BioNTech COVID-19 vaccine; VO:0004988 => Pfizer BioNTech COVID-19 vaccine; VO:0004987 : score 98
09/10/2024 12:55:34 PM 
PMID: 39052608 ####################
09/10/2024 12:55:34 PM WARNING:: [Sex_at_Birth] Changing 'male | female' to 'other'
09/10/2024 12:55:34 PM WARNING:: [Sex_at_Birth] Changing 'male | female' to 'other'
09/10/2024 12:55:34 PM WARNING:: [Sex_at_Birth] Changing 'male | female' to 'other'
09/10/2024 12:55:34 PM WARNING:: [Sex_at_Birth] Changing 'male | female' to 'other'
09/10/2024 12:55:34 PM Warning:: [Race] Changing 'Race' to 'other' and moving data to [Race Specify]
09/10/2024 12:55:34 PM Warning:: [Race] Changing 'Race' to 'other' and moving data to [Race Specify]
09/10/2024 12:55:34 PM Warning:: [Race] Changing 'Race' to 'other' and moving data to [Race Specify]
09/10/2024 12:55:34 PM Warning:: [Race] Changing 'Race' to 'other' and moving data to [Race Specify]
09/10/2024 12:55:34 PM Warning:: [Ethnicity] Changing list to other in ImmPort Templates
09/10/2024 12:55:34 PM Warning:: [Ethnicity] Changing list to other in ImmPort Templates
09/10/2024 12:55:34 PM Warning:: [Ethnicity] Changing list to other in ImmPort Templates
09/10/2024 12:55:34 PM Warning:: [Ethnicity] Changing list to other in ImmPort Templates
09/10/2024 12:56:06 PM 
PMID: 39052608 ####################
09/10/2024 12:56:06 PM WARNING:: [Sex_at_Birth] Changing 'male | female' to 'other'
09/10/2024 12:56:06 PM WARNING:: [Sex_at_Birth] Changing 'male | female' to 'other'
09/10/2024 12:56:06 PM WARNING:: [Sex_at_Birth] Changing 'male | female' to 'other'
09/10/2024 12:56:06 PM WARNING:: [Sex_at_Birth] Changing 'male | female' to 'other'
09/10/2024 12:56:06 PM Warning:: [Race] Changing 'Race' to 'other' and moving data to [Race Specify]
09/10/2024 12:56:06 PM Warning:: [Race] Changing 'Race' to 'other' and moving data to [Race Specify]
09/10/2024 12:56:06 PM Warning:: [Race] Changing 'Race' to 'other' and moving data to [Race Specify]
09/10/2024 12:56:06 PM Warning:: [Race] Changing 'Race' to 'other' and moving data to [Race Specify]
09/10/2024 12:56:06 PM Warning:: [Ethnicity] Changing list to other in ImmPort Templates
09/10/2024 12:56:06 PM Warning:: [Ethnicity] Changing list to other in ImmPort Templates
09/10/2024 12:56:06 PM Warning:: [Ethnicity] Changing list to other in ImmPort Templates
09/10/2024 12:56:06 PM Warning:: [Ethnicity] Changing list to other in ImmPort Templates
09/10/2024 12:56:47 PM INFO:: [User Change] outcomes. => Substance Use
09/10/2024 12:56:47 PM INFO:: [Fuzzy] Closest Match Found. Changing HCoVs - Seasonal (OC43 => HCoVs - Seasonal (OC43, HKU-1, NL63, 229E)
09/10/2024 12:56:47 PM INFO:: [Fuzzy] Closest Match Found. Changing HKU-1 => HCoVs - Seasonal (OC43, HKU-1, NL63, 229E)
09/10/2024 12:56:47 PM INFO:: [Fuzzy] Closest Match Found. Changing NL63 => HCoVs - Seasonal (OC43, HKU-1, NL63, 229E)
09/10/2024 12:56:47 PM INFO:: [Fuzzy] Closest Match Found. Changing 229E) => HCoVs - Seasonal (OC43, HKU-1, NL63, 229E)
09/10/2024 12:56:47 PM INFO:: [Fuzzy] Closest Match Found. Changing HCoVs - Seasonal (OC43 => HCoVs - Seasonal (OC43, HKU-1, NL63, 229E)
09/10/2024 12:56:47 PM INFO:: [Fuzzy] Closest Match Found. Changing HKU-1 => HCoVs - Seasonal (OC43, HKU-1, NL63, 229E)
09/10/2024 12:56:47 PM INFO:: [Fuzzy] Closest Match Found. Changing NL63 => HCoVs - Seasonal (OC43, HKU-1, NL63, 229E)
09/10/2024 12:56:47 PM INFO:: [Fuzzy] Closest Match Found. Changing 229E) => HCoVs - Seasonal (OC43, HKU-1, NL63, 229E)
09/10/2024 12:56:47 PM INFO:: [Fuzzy] Closest Match Found. Changing HCoVs - Seasonal (OC43 => HCoVs - Seasonal (OC43, HKU-1, NL63, 229E)
09/10/2024 12:56:47 PM INFO:: [Fuzzy] Closest Match Found. Changing HKU-1 => HCoVs - Seasonal (OC43, HKU-1, NL63, 229E)
09/10/2024 12:56:47 PM INFO:: [Fuzzy] Closest Match Found. Changing NL63 => HCoVs - Seasonal (OC43, HKU-1, NL63, 229E)
09/10/2024 12:56:47 PM INFO:: [Fuzzy] Closest Match Found. Changing 229E) => HCoVs - Seasonal (OC43, HKU-1, NL63, 229E)
09/10/2024 12:57:35 PM 
PMID: 36115801 ####################
09/10/2024 12:57:35 PM WARNING:: [Sex_at_Birth] Changing 'male | female' to 'other'
09/10/2024 12:57:35 PM WARNING:: [Sex_at_Birth] Changing 'male | female' to 'other'
09/10/2024 12:57:35 PM Warning:: [Race] Changing 'Race' to 'other' and moving data to [Race Specify]
09/10/2024 12:57:35 PM Warning:: [Race] Changing 'Race' to 'other' and moving data to [Race Specify]
09/10/2024 12:57:35 PM Warning:: [Ethnicity] Changing list to other in ImmPort Templates
09/10/2024 12:57:35 PM Warning:: [Ethnicity] Changing list to other in ImmPort Templates
09/10/2024 12:57:38 PM INFO:: [User Change] Not Specified => Not Applicable
09/10/2024 12:58:31 PM 
PMID: 38096903 ####################
09/10/2024 12:58:53 PM 
PMID: 38096903 ####################
09/10/2024 12:59:06 PM 
PMID: 38096903 ####################
09/10/2024 12:59:29 PM INFO:: [User Change] Electrochemiluminescence Immunoassay (eCLIA) => Chemiluminescent Assay
09/10/2024 01:01:00 PM 
PMID: 37819267 ####################
09/10/2024 01:01:00 PM WARNING:: [Sex_at_Birth] Changing 'male | female' to 'other'
09/10/2024 01:01:00 PM WARNING:: [Sex_at_Birth] Changing 'male | female' to 'other'
09/10/2024 01:01:00 PM WARNING:: [Sex_at_Birth] Changing 'male | female' to 'other'
09/10/2024 01:01:00 PM Warning:: [Race] Changing 'Race' to 'other' and moving data to [Race Specify]
09/10/2024 01:01:00 PM Warning:: [Race] Changing 'Race' to 'other' and moving data to [Race Specify]
09/10/2024 01:01:00 PM Warning:: [Race] Changing 'Race' to 'other' and moving data to [Race Specify]
09/10/2024 01:01:00 PM Warning:: [Ethnicity] Changing list to other in ImmPort Templates
09/10/2024 01:01:00 PM Warning:: [Ethnicity] Changing list to other in ImmPort Templates
09/10/2024 01:01:00 PM Warning:: [Ethnicity] Changing list to other in ImmPort Templates
09/10/2024 01:01:32 PM 
PMID: 37819267 ####################
09/10/2024 01:01:32 PM WARNING:: [Sex_at_Birth] Changing 'male | female' to 'other'
09/10/2024 01:01:32 PM WARNING:: [Sex_at_Birth] Changing 'male | female' to 'other'
09/10/2024 01:01:32 PM WARNING:: [Sex_at_Birth] Changing 'male | female' to 'other'
09/10/2024 01:01:32 PM Warning:: [Race] Changing 'Race' to 'other' and moving data to [Race Specify]
09/10/2024 01:01:32 PM Warning:: [Race] Changing 'Race' to 'other' and moving data to [Race Specify]
09/10/2024 01:01:32 PM Warning:: [Race] Changing 'Race' to 'other' and moving data to [Race Specify]
09/10/2024 01:01:32 PM Warning:: [Ethnicity] Changing list to other in ImmPort Templates
09/10/2024 01:01:32 PM Warning:: [Ethnicity] Changing list to other in ImmPort Templates
09/10/2024 01:01:32 PM Warning:: [Ethnicity] Changing list to other in ImmPort Templates
09/10/2024 01:01:41 PM [INFO]:: [Fuzzy] vaccinated => Vaccinated : score 90
09/10/2024 01:01:41 PM INFO:: [Fuzzy] Closest Match Found. Changing Not Vaccinated => Not vaccinated
09/10/2024 01:01:41 PM [INFO]:: [Fuzzy] vaccinated => Vaccinated : score 90
09/10/2024 01:01:41 PM INFO:: [Fuzzy] Closest Match Found. Changing Not Vaccinated => Not vaccinated
09/10/2024 01:01:41 PM [INFO]:: [Fuzzy] vaccinated => Vaccinated : score 90
09/10/2024 01:01:41 PM [INFO]:: [Fuzzy] SARS-ACoV-2 WA1/2020 (D614G variant) => SARS-CoV-2 WA1/2020 (D614G variant) : score 99
09/10/2024 01:01:41 PM [INFO]:: [Fuzzy] SARS-CoV-2 Omicron variant XBB.1.5 variants => SARS-CoV-2 Omicron variant XBB.1.5 : score 88
09/10/2024 01:01:41 PM [INFO]:: [Fuzzy] SARS-ACoV-2 WA1/2020 (D614G variant) => SARS-CoV-2 WA1/2020 (D614G variant) : score 99
09/10/2024 01:01:41 PM [INFO]:: [Fuzzy] SARS-CoV-2 Omicron variant XBB.1.5 variants => SARS-CoV-2 Omicron variant XBB.1.5 : score 88
09/10/2024 01:01:42 PM [INFO]:: [Fuzzy] SARS-ACoV-2 WA1/2020 (D614G variant) => SARS-CoV-2 WA1/2020 (D614G variant) : score 99
09/10/2024 01:01:42 PM [INFO]:: [Fuzzy] SARS-CoV-2 Omicron variant XBB.1.5 variants => SARS-CoV-2 Omicron variant XBB.1.5 : score 88
09/10/2024 01:01:42 PM [INFO]:: [Fuzzy] SARS-ACoV-2 WA1/2020 (D614G variant) => SARS-CoV-2 WA1/2020 (D614G variant) : score 99
09/10/2024 01:01:42 PM [INFO]:: [Fuzzy] SARS-CoV-2 Omicron variant XBB.1.5 variants => SARS-CoV-2 Omicron variant XBB.1.5 : score 88
09/10/2024 01:03:17 PM 
PMID: 37819267 ####################
09/10/2024 01:03:41 PM 
PMID: 37819267 ####################
09/10/2024 01:05:00 PM 
PMID: 37819267 ####################
09/10/2024 01:05:00 PM WARNING:: [Sex_at_Birth] Changing 'male | female' to 'other'
09/10/2024 01:05:00 PM WARNING:: [Sex_at_Birth] Changing 'male | female' to 'other'
09/10/2024 01:05:00 PM WARNING:: [Sex_at_Birth] Changing 'male | female' to 'other'
09/10/2024 01:05:00 PM Warning:: [Race] Changing 'Race' to 'other' and moving data to [Race Specify]
09/10/2024 01:05:00 PM Warning:: [Race] Changing 'Race' to 'other' and moving data to [Race Specify]
09/10/2024 01:05:00 PM Warning:: [Race] Changing 'Race' to 'other' and moving data to [Race Specify]
09/10/2024 01:05:00 PM Warning:: [Ethnicity] Changing list to other in ImmPort Templates
09/10/2024 01:05:00 PM Warning:: [Ethnicity] Changing list to other in ImmPort Templates
09/10/2024 01:05:00 PM Warning:: [Ethnicity] Changing list to other in ImmPort Templates
09/10/2024 01:05:00 PM [INFO]:: [Fuzzy] vaccinated => Vaccinated : score 90
09/10/2024 01:05:00 PM INFO:: [Fuzzy] Closest Match Found. Changing Not Vaccinated => Not vaccinated
09/10/2024 01:05:00 PM [INFO]:: [Fuzzy] vaccinated => Vaccinated : score 90
09/10/2024 01:05:00 PM INFO:: [Fuzzy] Closest Match Found. Changing Not Vaccinated => Not vaccinated
09/10/2024 01:05:00 PM [INFO]:: [Fuzzy] vaccinated => Vaccinated : score 90
09/10/2024 01:05:00 PM [INFO]:: [Fuzzy] SARS-ACoV-2 WA1/2020 (D614G variant) => SARS-CoV-2 WA1/2020 (D614G variant) : score 99
09/10/2024 01:05:00 PM [INFO]:: [Fuzzy] SARS-CoV-2 Omicron variant XBB.1.5 variants => SARS-CoV-2 Omicron variant XBB.1.5 : score 88
09/10/2024 01:05:00 PM [INFO]:: [Fuzzy] SARS-ACoV-2 WA1/2020 (D614G variant) => SARS-CoV-2 WA1/2020 (D614G variant) : score 99
09/10/2024 01:05:00 PM [INFO]:: [Fuzzy] SARS-CoV-2 Omicron variant XBB.1.5 variants => SARS-CoV-2 Omicron variant XBB.1.5 : score 88
09/10/2024 01:05:00 PM [INFO]:: [Fuzzy] SARS-ACoV-2 WA1/2020 (D614G variant) => SARS-CoV-2 WA1/2020 (D614G variant) : score 99
09/10/2024 01:05:00 PM [INFO]:: [Fuzzy] SARS-CoV-2 Omicron variant XBB.1.5 variants => SARS-CoV-2 Omicron variant XBB.1.5 : score 88
09/10/2024 01:05:00 PM [INFO]:: [Fuzzy] SARS-ACoV-2 WA1/2020 (D614G variant) => SARS-CoV-2 WA1/2020 (D614G variant) : score 99
09/10/2024 01:05:00 PM [INFO]:: [Fuzzy] SARS-CoV-2 Omicron variant XBB.1.5 variants => SARS-CoV-2 Omicron variant XBB.1.5 : score 88
09/10/2024 01:07:09 PM 
PMID: 37872311 ####################
09/10/2024 01:07:09 PM WARNING:: [Sex_at_Birth] Changing 'male | female' to 'other'
09/10/2024 01:07:09 PM WARNING:: [Sex_at_Birth] Changing 'male | female' to 'other'
09/10/2024 01:07:09 PM WARNING:: [Sex_at_Birth] Changing 'male | female' to 'other'
09/10/2024 01:07:09 PM WARNING:: [Sex_at_Birth] Changing 'male | female' to 'other'
09/10/2024 01:07:09 PM Warning:: [Race] Changing 'Race' to 'other' and moving data to [Race Specify]
09/10/2024 01:07:09 PM Warning:: [Race] Changing 'Race' to 'other' and moving data to [Race Specify]
09/10/2024 01:07:09 PM Warning:: [Race] Changing 'Race' to 'other' and moving data to [Race Specify]
09/10/2024 01:07:09 PM Warning:: [Race] Changing 'Race' to 'other' and moving data to [Race Specify]
09/10/2024 01:07:09 PM Warning:: [Ethnicity] Changing list to other in ImmPort Templates
09/10/2024 01:07:09 PM Warning:: [Ethnicity] Changing list to other in ImmPort Templates
09/10/2024 01:07:09 PM Warning:: [Ethnicity] Changing list to other in ImmPort Templates
09/10/2024 01:07:09 PM Warning:: [Ethnicity] Changing list to other in ImmPort Templates
09/10/2024 01:10:04 PM INFO:: [User Change] Not Specified => Not Applicable
09/10/2024 03:52:14 PM 
PMID: 37520727 ####################
09/10/2024 03:59:21 PM 
PMID: 37520727 ####################
09/10/2024 04:14:14 PM 
PMID: 36115801 ####################
09/10/2024 04:14:14 PM WARNING:: [Sex_at_Birth] Changing 'male | female' to 'other'
09/10/2024 04:14:14 PM WARNING:: [Sex_at_Birth] Changing 'male | female' to 'other'
09/10/2024 04:14:14 PM Warning:: [Race] Changing 'Race' to 'other' and moving data to [Race Specify]
09/10/2024 04:14:14 PM Warning:: [Race] Changing 'Race' to 'other' and moving data to [Race Specify]
09/10/2024 04:14:14 PM Warning:: [Ethnicity] Changing list to other in ImmPort Templates
09/10/2024 04:14:14 PM Warning:: [Ethnicity] Changing list to other in ImmPort Templates
09/10/2024 04:14:16 PM INFO:: [User Change] Not Specified => Not Applicable
09/10/2024 04:15:30 PM 
PMID: 38096903 ####################
09/10/2024 04:15:32 PM INFO:: [User Change] Electrochemiluminescence Immunoassay (eCLIA) => Chemiluminescent Assay
09/10/2024 04:16:57 PM 
PMID: 37082529 ####################
09/10/2024 04:16:57 PM WARNING:: [Sex_at_Birth] Changing 'male | female' to 'other'
09/10/2024 04:16:57 PM Warning:: [Race] Changing 'Race' to 'other' and moving data to [Race Specify]
09/10/2024 04:16:57 PM Warning:: [Ethnicity] Changing list to other in ImmPort Templates
09/10/2024 04:19:45 PM 
PMID: 36861088 ####################
09/10/2024 04:19:45 PM WARNING:: [Sex_at_Birth] Changing 'male | female' to 'other'
09/10/2024 04:19:45 PM WARNING:: [Sex_at_Birth] Changing 'male | female' to 'other'
09/10/2024 04:19:45 PM Warning:: [Race] Changing 'Race' to 'other' and moving data to [Race Specify]
09/10/2024 04:19:45 PM Warning:: [Race] Changing 'Race' to 'other' and moving data to [Race Specify]
09/10/2024 04:19:45 PM Warning:: [Ethnicity] Changing list to other in ImmPort Templates
09/10/2024 04:19:45 PM Warning:: [Ethnicity] Changing list to other in ImmPort Templates
09/10/2024 04:19:45 PM [INFO]:: [Fuzzy] Pfizer BioNTech COVID-19 vaccine; VO:0004988 => Pfizer BioNTech COVID-19 vaccine; VO:0004987 : score 98
09/10/2024 04:22:59 PM 
PMID: 36861088 ####################
09/10/2024 04:22:59 PM WARNING:: [Sex_at_Birth] Changing 'male | female' to 'other'
09/10/2024 04:22:59 PM WARNING:: [Sex_at_Birth] Changing 'male | female' to 'other'
09/10/2024 04:22:59 PM Warning:: [Race] Changing 'Race' to 'other' and moving data to [Race Specify]
09/10/2024 04:22:59 PM Warning:: [Race] Changing 'Race' to 'other' and moving data to [Race Specify]
09/10/2024 04:22:59 PM Warning:: [Ethnicity] Changing list to other in ImmPort Templates
09/10/2024 04:22:59 PM Warning:: [Ethnicity] Changing list to other in ImmPort Templates
09/10/2024 04:22:59 PM [INFO]:: [Fuzzy] Pfizer BioNTech COVID-19 vaccine; VO:0004988 => Pfizer BioNTech COVID-19 vaccine; VO:0004987 : score 98
09/10/2024 04:24:43 PM 
PMID: 37819267 ####################
09/10/2024 04:24:43 PM WARNING:: [Sex_at_Birth] Changing 'male | female' to 'other'
09/10/2024 04:24:43 PM WARNING:: [Sex_at_Birth] Changing 'male | female' to 'other'
09/10/2024 04:24:43 PM WARNING:: [Sex_at_Birth] Changing 'male | female' to 'other'
09/10/2024 04:24:43 PM Warning:: [Race] Changing 'Race' to 'other' and moving data to [Race Specify]
09/10/2024 04:24:43 PM Warning:: [Race] Changing 'Race' to 'other' and moving data to [Race Specify]
09/10/2024 04:24:43 PM Warning:: [Race] Changing 'Race' to 'other' and moving data to [Race Specify]
09/10/2024 04:24:43 PM Warning:: [Ethnicity] Changing list to other in ImmPort Templates
09/10/2024 04:24:43 PM Warning:: [Ethnicity] Changing list to other in ImmPort Templates
09/10/2024 04:24:43 PM Warning:: [Ethnicity] Changing list to other in ImmPort Templates
09/10/2024 04:24:43 PM [INFO]:: [Fuzzy] vaccinated => Vaccinated : score 90
09/10/2024 04:24:43 PM INFO:: [Fuzzy] Closest Match Found. Changing Not Vaccinated => Not vaccinated
09/10/2024 04:24:43 PM [INFO]:: [Fuzzy] vaccinated => Vaccinated : score 90
09/10/2024 04:24:43 PM INFO:: [Fuzzy] Closest Match Found. Changing Not Vaccinated => Not vaccinated
09/10/2024 04:24:43 PM [INFO]:: [Fuzzy] vaccinated => Vaccinated : score 90
09/10/2024 04:24:43 PM [INFO]:: [Fuzzy] SARS-ACoV-2 WA1/2020 (D614G variant) => SARS-CoV-2 WA1/2020 (D614G variant) : score 99
09/10/2024 04:24:43 PM [INFO]:: [Fuzzy] SARS-CoV-2 Omicron variant XBB.1.5 variants => SARS-CoV-2 Omicron variant XBB.1.5 : score 88
09/10/2024 04:24:43 PM [INFO]:: [Fuzzy] SARS-ACoV-2 WA1/2020 (D614G variant) => SARS-CoV-2 WA1/2020 (D614G variant) : score 99
09/10/2024 04:24:43 PM [INFO]:: [Fuzzy] SARS-CoV-2 Omicron variant XBB.1.5 variants => SARS-CoV-2 Omicron variant XBB.1.5 : score 88
09/10/2024 04:24:43 PM [INFO]:: [Fuzzy] SARS-ACoV-2 WA1/2020 (D614G variant) => SARS-CoV-2 WA1/2020 (D614G variant) : score 99
09/10/2024 04:24:43 PM [INFO]:: [Fuzzy] SARS-CoV-2 Omicron variant XBB.1.5 variants => SARS-CoV-2 Omicron variant XBB.1.5 : score 88
09/10/2024 04:24:43 PM [INFO]:: [Fuzzy] SARS-ACoV-2 WA1/2020 (D614G variant) => SARS-CoV-2 WA1/2020 (D614G variant) : score 99
09/10/2024 04:24:43 PM [INFO]:: [Fuzzy] SARS-CoV-2 Omicron variant XBB.1.5 variants => SARS-CoV-2 Omicron variant XBB.1.5 : score 88
09/10/2024 04:26:41 PM 
PMID: 37514950 ####################
09/10/2024 04:26:41 PM WARNING:: [Sex_at_Birth] Changing 'male | female' to 'other'
09/10/2024 04:26:41 PM WARNING:: [Sex_at_Birth] Changing 'male | female' to 'other'
09/10/2024 04:26:41 PM Warning:: [Race] Changing 'Race' to 'other' and moving data to [Race Specify]
09/10/2024 04:26:41 PM Warning:: [Race] Changing 'Race' to 'other' and moving data to [Race Specify]
09/10/2024 04:26:41 PM Warning:: [Ethnicity] Changing list to other in ImmPort Templates
09/10/2024 04:26:41 PM Warning:: [Ethnicity] Changing list to other in ImmPort Templates
09/10/2024 04:26:43 PM INFO:: [User Change] Not Specified => Not Applicable
09/10/2024 04:31:10 PM 
PMID: 37777967 ####################
09/10/2024 04:32:10 PM 
PMID: 37777967 ####################
09/10/2024 04:32:28 PM 
PMID: 37777967 ####################
09/10/2024 04:33:14 PM 
PMID: 37777967 ####################
09/10/2024 04:33:14 PM WARNING:: [Sex_at_Birth] Changing 'male | female' to 'other'
09/10/2024 04:33:14 PM WARNING:: [Sex_at_Birth] Changing 'male | female' to 'other'
09/10/2024 04:33:14 PM WARNING:: [Sex_at_Birth] Changing 'male | female' to 'other'
09/10/2024 04:33:14 PM Warning:: [Race] Changing 'Race' to 'other' and moving data to [Race Specify]
09/10/2024 04:33:14 PM Warning:: [Race] Changing 'Race' to 'other' and moving data to [Race Specify]
09/10/2024 04:33:14 PM Warning:: [Race] Changing 'Race' to 'other' and moving data to [Race Specify]
09/10/2024 04:33:14 PM Warning:: [Ethnicity] Changing list to other in ImmPort Templates
09/10/2024 04:33:14 PM Warning:: [Ethnicity] Changing list to other in ImmPort Templates
09/10/2024 04:33:14 PM Warning:: [Ethnicity] Changing list to other in ImmPort Templates
