11/09/2022 03:46:12 PM diff parser start
11/09/2022 03:46:12 PM line_lengths old: 1; new: 4
11/09/2022 03:46:12 PM -> code[replace] old[1:1] new[1:4]
11/09/2022 03:46:12 PM parse_part from 1 to 4 (to 3 in part parser)
11/09/2022 03:46:12 PM diff parser end
11/09/2022 03:46:12 PM pickle loaded: /Users/liualg/opt/anaconda3/lib/python3.8/posixpath.py
11/09/2022 03:46:12 PM pickle loaded: /Users/liualg/opt/anaconda3/lib/python3.8/site-packages/jedi/third_party/typeshed/stdlib/2and3/builtins.pyi
11/09/2022 03:46:12 PM pickle loaded: /Users/liualg/opt/anaconda3/lib/python3.8/site-packages/jedi/third_party/typeshed/stdlib/3/sys.pyi
11/09/2022 03:46:13 PM diff parser start
11/09/2022 03:46:13 PM line_lengths old: 4; new: 4
11/09/2022 03:46:13 PM -> code[equal] old[1:3] new[1:3]
11/09/2022 03:46:13 PM copy old[1:2] new[1:2]
11/09/2022 03:46:13 PM parse_part from 3 to 4 (to 3 in part parser)
11/09/2022 03:46:13 PM -> code[replace] old[4:4] new[4:4]
11/09/2022 03:46:13 PM diff parser end
11/09/2022 03:46:16 PM diff parser start
11/09/2022 03:46:16 PM line_lengths old: 4; new: 4
11/09/2022 03:46:16 PM -> code[equal] old[1:3] new[1:3]
11/09/2022 03:46:16 PM copy old[1:2] new[1:2]
11/09/2022 03:46:16 PM parse_part from 3 to 4 (to 3 in part parser)
11/09/2022 03:46:16 PM -> code[replace] old[4:4] new[4:4]
11/09/2022 03:46:16 PM diff parser end
11/09/2022 03:46:34 PM diff parser start
11/09/2022 03:46:34 PM line_lengths old: 4; new: 5
11/09/2022 03:46:34 PM -> code[equal] old[1:3] new[1:3]
11/09/2022 03:46:34 PM copy old[1:2] new[1:2]
11/09/2022 03:46:34 PM parse_part from 3 to 4 (to 4 in part parser)
11/09/2022 03:46:34 PM -> code[replace] old[4:4] new[4:5]
11/09/2022 03:46:34 PM parse_part from 5 to 5 (to 4 in part parser)
11/09/2022 03:46:34 PM diff parser end
11/09/2022 03:46:34 PM pickle loaded: /Users/liualg/opt/anaconda3/lib/python3.8/site-packages/pandas/__init__.py
11/09/2022 03:46:34 PM pickle loaded: /Users/liualg/opt/anaconda3/lib/python3.8/site-packages/pandas/io/excel/_base.py
11/09/2022 03:46:56 PM diff parser start
11/09/2022 03:46:56 PM line_lengths old: 5; new: 5
11/09/2022 03:46:56 PM -> code[equal] old[1:1] new[1:1]
11/09/2022 03:46:56 PM copy old[1:1] new[1:1]
11/09/2022 03:46:56 PM -> code[replace] old[2:2] new[2:2]
11/09/2022 03:46:56 PM parse_part from 2 to 2 (to 3 in part parser)
11/09/2022 03:46:56 PM -> code[equal] old[3:4] new[3:4]
11/09/2022 03:46:56 PM copy old[4:4] new[3:4]
11/09/2022 03:46:56 PM -> code[replace] old[5:5] new[5:5]
11/09/2022 03:46:56 PM parse_part from 5 to 5 (to 4 in part parser)
11/09/2022 03:46:56 PM diff parser end
11/09/2022 05:05:59 PM diff parser start
11/09/2022 05:05:59 PM line_lengths old: 5; new: 4
11/09/2022 05:05:59 PM -> code[replace] old[1:5] new[1:4]
11/09/2022 05:05:59 PM parse_part from 1 to 4 (to 3 in part parser)
11/09/2022 05:05:59 PM diff parser end
