03/13/2024 08:58:51 AM 
PMID: 34688034
03/13/2024 09:13:40 AM 
PMID: 35857529
03/13/2024 09:13:41 AM WARNING:: [Sex_at_Birth] Changing 'male | female' to 'other'
03/13/2024 09:13:41 AM WARNING:: [Sex_at_Birth] Changing 'male | female' to 'other'
03/13/2024 09:13:41 AM WARNING:: [Sex_at_Birth] Changing 'male | female' to 'other'
03/13/2024 09:13:41 AM WARNING:: [Sex_at_Birth] Changing 'male | female' to 'other'
03/13/2024 09:13:41 AM WARNING:: [Sex_at_Birth] Changing 'male | female' to 'other'
03/13/2024 09:13:41 AM WARNING:: [Sex_at_Birth] Changing 'male | female' to 'other'
03/13/2024 09:13:41 AM WARNING:: [Sex_at_Birth] Changing 'male | female' to 'other'
03/13/2024 09:13:41 AM WARNING:: [Sex_at_Birth] Changing 'male | female' to 'other'
03/13/2024 09:13:41 AM WARNING:: [Sex_at_Birth] Changing 'male | female' to 'other'
03/13/2024 09:13:41 AM WARNING:: [Sex_at_Birth] Changing 'male | female' to 'other'
03/13/2024 09:13:41 AM WARNING:: [Sex_at_Birth] Changing 'male | female' to 'other'
03/13/2024 09:13:41 AM WARNING:: [Sex_at_Birth] Changing 'male | female' to 'other'
03/13/2024 09:13:41 AM WARNING:: [Sex_at_Birth] Changing 'male | female' to 'other'
03/13/2024 09:13:41 AM WARNING:: [Sex_at_Birth] Changing 'male | female' to 'other'
03/13/2024 09:13:41 AM Warning:: [Race] Changing 'Race' to 'other' and moving data to [Race Specify]
03/13/2024 09:13:41 AM Warning:: [Race] Changing 'Race' to 'other' and moving data to [Race Specify]
03/13/2024 09:13:41 AM Warning:: [Race] Changing 'Race' to 'other' and moving data to [Race Specify]
03/13/2024 09:13:41 AM Warning:: [Race] Changing 'Race' to 'other' and moving data to [Race Specify]
03/13/2024 09:13:41 AM Warning:: [Race] Changing 'Race' to 'other' and moving data to [Race Specify]
03/13/2024 09:13:41 AM Warning:: [Race] Changing 'Race' to 'other' and moving data to [Race Specify]
03/13/2024 09:13:41 AM Warning:: [Race] Changing 'Race' to 'other' and moving data to [Race Specify]
03/13/2024 09:13:41 AM Warning:: [Race] Changing 'Race' to 'other' and moving data to [Race Specify]
03/13/2024 09:13:41 AM Warning:: [Race] Changing 'Race' to 'other' and moving data to [Race Specify]
03/13/2024 09:13:41 AM Warning:: [Race] Changing 'Race' to 'other' and moving data to [Race Specify]
03/13/2024 09:13:41 AM Warning:: [Race] Changing 'Race' to 'other' and moving data to [Race Specify]
03/13/2024 09:13:41 AM Warning:: [Race] Changing 'Race' to 'other' and moving data to [Race Specify]
03/13/2024 09:13:41 AM Warning:: [Race] Changing 'Race' to 'other' and moving data to [Race Specify]
03/13/2024 09:13:41 AM Warning:: [Race] Changing 'Race' to 'other' and moving data to [Race Specify]
03/13/2024 09:13:41 AM Warning:: [Ethnicity] Changing list to other in ImmPort Templates
03/13/2024 09:13:41 AM Warning:: [Ethnicity] Changing list to other in ImmPort Templates
03/13/2024 09:13:41 AM Warning:: [Ethnicity] Changing list to other in ImmPort Templates
03/13/2024 09:13:41 AM Warning:: [Ethnicity] Changing list to other in ImmPort Templates
03/13/2024 09:13:41 AM Warning:: [Ethnicity] Changing list to other in ImmPort Templates
03/13/2024 09:13:41 AM Warning:: [Ethnicity] Changing list to other in ImmPort Templates
03/13/2024 09:13:41 AM Warning:: [Ethnicity] Changing list to other in ImmPort Templates
03/13/2024 09:13:41 AM Warning:: [Ethnicity] Changing list to other in ImmPort Templates
03/13/2024 09:13:41 AM Warning:: [Ethnicity] Changing list to other in ImmPort Templates
03/13/2024 09:13:41 AM Warning:: [Ethnicity] Changing list to other in ImmPort Templates
03/13/2024 09:13:41 AM Warning:: [Ethnicity] Changing list to other in ImmPort Templates
03/13/2024 09:13:41 AM Warning:: [Ethnicity] Changing list to other in ImmPort Templates
03/13/2024 09:13:41 AM Warning:: [Ethnicity] Changing list to other in ImmPort Templates
03/13/2024 09:13:41 AM Warning:: [Ethnicity] Changing list to other in ImmPort Templates
03/13/2024 09:20:30 AM 
PMID: 35102312
03/13/2024 09:20:30 AM WARNING:: [Sex_at_Birth] Changing 'male | female' to 'other'
03/13/2024 09:20:30 AM WARNING:: [Sex_at_Birth] Changing 'male | female' to 'other'
03/13/2024 09:20:30 AM Warning:: [Race] Changing 'Race' to 'other' and moving data to [Race Specify]
03/13/2024 09:20:30 AM Warning:: [Race] Changing 'Race' to 'other' and moving data to [Race Specify]
03/13/2024 09:20:30 AM Warning:: [Ethnicity] Changing list to other in ImmPort Templates
03/13/2024 09:20:30 AM Warning:: [Ethnicity] Changing list to other in ImmPort Templates
03/13/2024 09:27:26 AM 
PMID: 35102312
03/13/2024 09:27:26 AM WARNING:: [Sex_at_Birth] Changing 'male | female' to 'other'
03/13/2024 09:27:26 AM WARNING:: [Sex_at_Birth] Changing 'male | female' to 'other'
03/13/2024 09:27:26 AM Warning:: [Race] Changing 'Race' to 'other' and moving data to [Race Specify]
03/13/2024 09:27:26 AM Warning:: [Race] Changing 'Race' to 'other' and moving data to [Race Specify]
03/13/2024 09:27:26 AM Warning:: [Ethnicity] Changing list to other in ImmPort Templates
03/13/2024 09:27:26 AM Warning:: [Ethnicity] Changing list to other in ImmPort Templates
03/13/2024 09:32:50 AM 
PMID: 37863065
03/13/2024 09:32:50 AM WARNING:: [Sex_at_Birth] Changing 'male | female' to 'other'
03/13/2024 09:32:50 AM Warning:: [Race] Changing 'Race' to 'other' and moving data to [Race Specify]
03/13/2024 09:32:50 AM Warning:: [Ethnicity] Changing list to other in ImmPort Templates
03/13/2024 09:32:51 AM INFO:: [Fuzzy] Closest Match Found. Changing SARS-CoV-2 Epsilon; B.1.427 => SARS-CoV-2 Epsilon; B.1.427 / B.1.429
03/13/2024 09:32:51 AM INFO:: [Fuzzy] Closest Match Found. Changing B.1.429 => SARS-CoV-2 Epsilon; B.1.427 / B.1.429
03/13/2024 09:34:25 AM 
PMID: 37863065
03/13/2024 09:34:25 AM WARNING:: [Sex_at_Birth] Changing 'male | female' to 'other'
03/13/2024 09:34:25 AM Warning:: [Race] Changing 'Race' to 'other' and moving data to [Race Specify]
03/13/2024 09:34:25 AM Warning:: [Ethnicity] Changing list to other in ImmPort Templates
03/13/2024 09:34:26 AM INFO:: [Fuzzy] Closest Match Found. Changing SARS-CoV-2 Epsilon; B.1.427 => SARS-CoV-2 Epsilon; B.1.427 / B.1.429
03/13/2024 09:34:26 AM INFO:: [Fuzzy] Closest Match Found. Changing B.1.429 => SARS-CoV-2 Epsilon; B.1.427 / B.1.429
03/13/2024 09:35:09 AM 
PMID: 37863065
03/13/2024 09:35:09 AM WARNING:: [Sex_at_Birth] Changing 'male | female' to 'other'
03/13/2024 09:35:09 AM Warning:: [Race] Changing 'Race' to 'other' and moving data to [Race Specify]
03/13/2024 09:35:09 AM Warning:: [Ethnicity] Changing list to other in ImmPort Templates
03/13/2024 09:35:09 AM INFO:: [Fuzzy] Closest Match Found. Changing SARS-CoV-2 Epsilon; B.1.427 => SARS-CoV-2 Epsilon; B.1.427 / B.1.429
03/13/2024 09:35:09 AM INFO:: [Fuzzy] Closest Match Found. Changing B.1.429 => SARS-CoV-2 Epsilon; B.1.427 / B.1.429
03/13/2024 09:37:23 AM 
PMID: 34688034
03/13/2024 09:37:43 AM 
PMID: 32678685
03/13/2024 09:37:43 AM WARNING:: [Sex_at_Birth] Changing 'male | female' to 'other'
03/13/2024 09:39:23 AM 
PMID: 37264688
03/13/2024 09:39:23 AM WARNING:: [Sex_at_Birth] Changing 'male | female' to 'other'
03/13/2024 09:39:23 AM WARNING:: [Sex_at_Birth] Changing 'male | female' to 'other'
03/13/2024 09:39:23 AM WARNING:: [Sex_at_Birth] Changing 'male | female' to 'other'
03/13/2024 09:39:23 AM Warning:: [Race] Changing 'Race' to 'other' and moving data to [Race Specify]
03/13/2024 09:39:23 AM Warning:: [Race] Changing 'Race' to 'other' and moving data to [Race Specify]
03/13/2024 09:39:23 AM Warning:: [Race] Changing 'Race' to 'other' and moving data to [Race Specify]
03/13/2024 09:39:23 AM Warning:: [Ethnicity] Changing list to other in ImmPort Templates
03/13/2024 09:39:23 AM Warning:: [Ethnicity] Changing list to other in ImmPort Templates
03/13/2024 09:39:23 AM Warning:: [Ethnicity] Changing list to other in ImmPort Templates
03/13/2024 09:41:14 AM 
PMID: 37264688
03/13/2024 09:41:14 AM WARNING:: [Sex_at_Birth] Changing 'male | female' to 'other'
03/13/2024 09:41:14 AM WARNING:: [Sex_at_Birth] Changing 'male | female' to 'other'
03/13/2024 09:41:14 AM WARNING:: [Sex_at_Birth] Changing 'male | female' to 'other'
03/13/2024 09:41:14 AM Warning:: [Race] Changing 'Race' to 'other' and moving data to [Race Specify]
03/13/2024 09:41:14 AM Warning:: [Race] Changing 'Race' to 'other' and moving data to [Race Specify]
03/13/2024 09:41:14 AM Warning:: [Race] Changing 'Race' to 'other' and moving data to [Race Specify]
03/13/2024 09:41:14 AM Warning:: [Ethnicity] Changing list to other in ImmPort Templates
03/13/2024 09:41:14 AM Warning:: [Ethnicity] Changing list to other in ImmPort Templates
03/13/2024 09:41:14 AM Warning:: [Ethnicity] Changing list to other in ImmPort Templates
03/13/2024 09:44:16 AM 
PMID: 37264688
03/13/2024 09:44:16 AM WARNING:: [Sex_at_Birth] Changing 'male | female' to 'other'
03/13/2024 09:44:16 AM WARNING:: [Sex_at_Birth] Changing 'male | female' to 'other'
03/13/2024 09:44:16 AM WARNING:: [Sex_at_Birth] Changing 'male | female' to 'other'
03/13/2024 09:44:16 AM Warning:: [Race] Changing 'Race' to 'other' and moving data to [Race Specify]
03/13/2024 09:44:16 AM Warning:: [Race] Changing 'Race' to 'other' and moving data to [Race Specify]
03/13/2024 09:44:16 AM Warning:: [Race] Changing 'Race' to 'other' and moving data to [Race Specify]
03/13/2024 09:44:16 AM Warning:: [Ethnicity] Changing list to other in ImmPort Templates
03/13/2024 09:44:16 AM Warning:: [Ethnicity] Changing list to other in ImmPort Templates
03/13/2024 09:44:16 AM Warning:: [Ethnicity] Changing list to other in ImmPort Templates
03/13/2024 09:44:37 AM 
PMID: 37264688
03/13/2024 09:44:37 AM WARNING:: [Sex_at_Birth] Changing 'male | female' to 'other'
03/13/2024 09:44:37 AM WARNING:: [Sex_at_Birth] Changing 'male | female' to 'other'
03/13/2024 09:44:37 AM WARNING:: [Sex_at_Birth] Changing 'male | female' to 'other'
03/13/2024 09:44:37 AM Warning:: [Race] Changing 'Race' to 'other' and moving data to [Race Specify]
03/13/2024 09:44:37 AM Warning:: [Race] Changing 'Race' to 'other' and moving data to [Race Specify]
03/13/2024 09:44:37 AM Warning:: [Race] Changing 'Race' to 'other' and moving data to [Race Specify]
03/13/2024 09:44:37 AM Warning:: [Ethnicity] Changing list to other in ImmPort Templates
03/13/2024 09:44:37 AM Warning:: [Ethnicity] Changing list to other in ImmPort Templates
03/13/2024 09:44:37 AM Warning:: [Ethnicity] Changing list to other in ImmPort Templates
03/13/2024 09:50:08 AM 
PMID: 32678685
03/13/2024 09:50:08 AM WARNING:: [Sex_at_Birth] Changing 'male | female' to 'other'
03/13/2024 09:51:52 AM 
PMID: 32678685
03/13/2024 09:51:52 AM WARNING:: [Sex_at_Birth] Changing 'male | female' to 'other'
03/13/2024 09:56:28 AM 
PMID: 32678685
03/13/2024 09:56:28 AM WARNING:: [Sex_at_Birth] Changing 'male | female' to 'other'
03/13/2024 09:56:28 AM Warning:: [Race] Changing 'Race' to 'other' and moving data to [Race Specify]
03/13/2024 09:56:28 AM Warning:: [Ethnicity] Changing list to other in ImmPort Templates
03/13/2024 09:57:54 AM 
PMID: 32678685
03/13/2024 09:57:54 AM WARNING:: [Sex_at_Birth] Changing 'male | female' to 'other'
03/13/2024 09:57:54 AM Warning:: [Race] Changing 'Race' to 'other' and moving data to [Race Specify]
03/13/2024 09:57:54 AM Warning:: [Ethnicity] Changing list to other in ImmPort Templates
03/13/2024 09:59:00 AM 
PMID: 32678685
03/13/2024 09:59:00 AM WARNING:: [Sex_at_Birth] Changing 'male | female' to 'other'
03/13/2024 09:59:00 AM Warning:: [Race] Changing 'Race' to 'other' and moving data to [Race Specify]
03/13/2024 09:59:00 AM Warning:: [Ethnicity] Changing list to other in ImmPort Templates
03/13/2024 10:00:18 AM 
PMID: 32678685
03/13/2024 10:00:18 AM WARNING:: [Sex_at_Birth] Changing 'male | female' to 'other'
03/13/2024 10:00:18 AM Warning:: [Race] Changing 'Race' to 'other' and moving data to [Race Specify]
03/13/2024 10:00:18 AM Warning:: [Ethnicity] Changing list to other in ImmPort Templates
03/13/2024 10:01:41 AM 
PMID: 32678685
03/13/2024 10:01:41 AM WARNING:: [Sex_at_Birth] Changing 'male | female' to 'other'
03/13/2024 10:01:41 AM Warning:: [Race] Changing 'Race' to 'other' and moving data to [Race Specify]
03/13/2024 10:01:41 AM Warning:: [Ethnicity] Changing list to other in ImmPort Templates
03/13/2024 10:02:04 AM 
PMID: 34688034
03/13/2024 10:02:52 AM 
PMID: 34688034
03/13/2024 10:02:52 AM WARNING:: [Sex_at_Birth] Changing 'male | female' to 'other'
03/13/2024 10:02:52 AM Warning:: [Race] Changing 'Race' to 'other' and moving data to [Race Specify]
03/13/2024 10:02:52 AM Warning:: [Ethnicity] Changing list to other in ImmPort Templates
03/13/2024 10:03:17 AM 
PMID: 34688034
03/13/2024 10:03:17 AM WARNING:: [Sex_at_Birth] Changing 'male | female' to 'other'
03/13/2024 10:03:17 AM Warning:: [Race] Changing 'Race' to 'other' and moving data to [Race Specify]
03/13/2024 10:03:17 AM Warning:: [Ethnicity] Changing list to other in ImmPort Templates
03/13/2024 10:03:44 AM 
PMID: 34688034
03/13/2024 10:03:44 AM WARNING:: [Sex_at_Birth] Changing 'male | female' to 'other'
03/13/2024 10:03:44 AM Warning:: [Race] Changing 'Race' to 'other' and moving data to [Race Specify]
03/13/2024 10:03:44 AM Warning:: [Ethnicity] Changing list to other in ImmPort Templates
03/13/2024 10:03:52 AM [INFO]:: [Fuzzy] SARS-CoV-2 Delta; B.1.617.1 => SARS-CoV-2 Delta; B.1.617.2 : score 96
03/13/2024 10:03:52 AM [INFO]:: [Fuzzy] SARS-CoV-2 A.23.1 => SARS-CoV-2 EG.5.1 : score 82
03/13/2024 10:03:52 AM [INFO]:: [Fuzzy] SARS-CoV-2 Delta; B.1.617.1 => SARS-CoV-2 Delta; B.1.617.2 : score 96
03/13/2024 10:03:52 AM [INFO]:: [Fuzzy] SARS-CoV-2 A.23.1 => SARS-CoV-2 EG.5.1 : score 82
03/13/2024 10:10:25 AM 
PMID: 36192374
03/13/2024 10:10:26 AM INFO:: [Fuzzy] Closest Match Found. Changing SARS-CoV-2 MA10 => SARS-CoV-2 MA10 [mouse adapted]
03/13/2024 10:10:26 AM [INFO]:: [Fuzzy] SARS-CoV-2 B.1.1.1 => SARS-CoV-2 B.1.2 : score 88
03/13/2024 10:10:26 AM [INFO]:: [Fuzzy] SARS-CoV-2 A.23.1 => SARS-CoV-2 EG.5.1 : score 82
03/13/2024 10:10:26 AM [INFO]:: [Fuzzy] SARS-CoV-2 R.1 => SARS-CoV-2 B.1.2 : score 87
03/13/2024 10:10:26 AM INFO:: [Fuzzy] Closest Match Found. Changing SARS-CoV-2 MA10 => SARS-CoV-2 MA10 [mouse adapted]
03/13/2024 10:10:26 AM INFO:: [Fuzzy] Closest Match Found. Changing SARS-CoV-2 MA10 => SARS-CoV-2 MA10 [mouse adapted]
03/13/2024 10:10:26 AM [INFO]:: [Fuzzy] Cryo-Electron Microscopy => Cryo-Eectron Microscopy : score 98
03/13/2024 10:46:47 AM 
PMID: 36192374
03/13/2024 10:46:47 AM INFO:: [Fuzzy] Closest Match Found. Changing SARS-CoV-2 MA10 => SARS-CoV-2 MA10 [mouse adapted]
03/13/2024 10:46:47 AM [INFO]:: [Fuzzy] SARS-CoV-2 B.1.1.1 => SARS-CoV-2 B.1.2 : score 88
03/13/2024 10:46:47 AM [INFO]:: [Fuzzy] SARS-CoV-2 A.23.1 => SARS-CoV-2 EG.5.1 : score 82
03/13/2024 10:46:47 AM [INFO]:: [Fuzzy] SARS-CoV-2 R.1 => SARS-CoV-2 B.1.2 : score 87
03/13/2024 10:46:47 AM INFO:: [Fuzzy] Closest Match Found. Changing SARS-CoV-2 MA10 => SARS-CoV-2 MA10 [mouse adapted]
03/13/2024 10:46:47 AM INFO:: [Fuzzy] Closest Match Found. Changing SARS-CoV-2 MA10 => SARS-CoV-2 MA10 [mouse adapted]
03/13/2024 10:46:47 AM [INFO]:: [Fuzzy] Cryo-Electron Microscopy => Cryo-Eectron Microscopy : score 98
03/13/2024 10:47:45 AM 
PMID: 34688034
03/13/2024 10:47:46 AM WARNING:: [Sex_at_Birth] Changing 'male | female' to 'other'
03/13/2024 10:47:46 AM Warning:: [Race] Changing 'Race' to 'other' and moving data to [Race Specify]
03/13/2024 10:47:46 AM Warning:: [Ethnicity] Changing list to other in ImmPort Templates
03/13/2024 10:47:46 AM [INFO]:: [Fuzzy] SARS-CoV-2 Delta; B.1.617.1 => SARS-CoV-2 Delta; B.1.617.2 : score 96
03/13/2024 10:47:46 AM [INFO]:: [Fuzzy] SARS-CoV-2 A.23.1 => SARS-CoV-2 EG.5.1 : score 82
03/13/2024 10:47:46 AM [INFO]:: [Fuzzy] SARS-CoV-2 Delta; B.1.617.1 => SARS-CoV-2 Delta; B.1.617.2 : score 96
03/13/2024 10:47:46 AM [INFO]:: [Fuzzy] SARS-CoV-2 A.23.1 => SARS-CoV-2 EG.5.1 : score 82
03/13/2024 10:49:37 AM 
PMID: 34688034
03/13/2024 10:49:37 AM WARNING:: [Sex_at_Birth] Changing 'male | female' to 'other'
03/13/2024 10:49:37 AM Warning:: [Race] Changing 'Race' to 'other' and moving data to [Race Specify]
03/13/2024 10:49:37 AM Warning:: [Ethnicity] Changing list to other in ImmPort Templates
03/13/2024 10:49:37 AM [INFO]:: [Fuzzy] SARS-CoV-2 Delta; B.1.617.1 => SARS-CoV-2 Delta; B.1.617.2 : score 96
03/13/2024 10:49:37 AM [INFO]:: [Fuzzy] SARS-CoV-2 A.23.1 => SARS-CoV-2 EG.5.1 : score 82
03/13/2024 10:49:37 AM [INFO]:: [Fuzzy] SARS-CoV-2 Delta; B.1.617.1 => SARS-CoV-2 Delta; B.1.617.2 : score 96
03/13/2024 10:49:37 AM [INFO]:: [Fuzzy] SARS-CoV-2 A.23.1 => SARS-CoV-2 EG.5.1 : score 82
03/13/2024 10:49:49 AM 
PMID: 34688034
03/13/2024 10:49:49 AM WARNING:: [Sex_at_Birth] Changing 'male | female' to 'other'
03/13/2024 10:49:49 AM Warning:: [Race] Changing 'Race' to 'other' and moving data to [Race Specify]
03/13/2024 10:49:49 AM Warning:: [Ethnicity] Changing list to other in ImmPort Templates
03/13/2024 10:49:50 AM [INFO]:: [Fuzzy] SARS-CoV-2 Delta; B.1.617.1 => SARS-CoV-2 Delta; B.1.617.2 : score 96
03/13/2024 10:49:50 AM [INFO]:: [Fuzzy] SARS-CoV-2 A.23.1 => SARS-CoV-2 EG.5.1 : score 82
03/13/2024 10:49:50 AM [INFO]:: [Fuzzy] SARS-CoV-2 Delta; B.1.617.1 => SARS-CoV-2 Delta; B.1.617.2 : score 96
03/13/2024 10:49:50 AM [INFO]:: [Fuzzy] SARS-CoV-2 A.23.1 => SARS-CoV-2 EG.5.1 : score 82
03/13/2024 10:50:37 AM 
PMID: 34688034
03/13/2024 10:50:37 AM WARNING:: [Sex_at_Birth] Changing 'male | female' to 'other'
03/13/2024 10:50:37 AM Warning:: [Race] Changing 'Race' to 'other' and moving data to [Race Specify]
03/13/2024 10:50:37 AM Warning:: [Ethnicity] Changing list to other in ImmPort Templates
03/13/2024 10:50:37 AM [INFO]:: [Fuzzy] SARS-CoV-2 Delta; B.1.617.1 => SARS-CoV-2 Delta; B.1.617.2 : score 96
03/13/2024 10:50:37 AM [INFO]:: [Fuzzy] SARS-CoV-2 A.23.1 => SARS-CoV-2 EG.5.1 : score 82
03/13/2024 10:50:37 AM [INFO]:: [Fuzzy] SARS-CoV-2 Delta; B.1.617.1 => SARS-CoV-2 Delta; B.1.617.2 : score 96
03/13/2024 10:50:37 AM [INFO]:: [Fuzzy] SARS-CoV-2 A.23.1 => SARS-CoV-2 EG.5.1 : score 82
03/13/2024 10:51:10 AM 
PMID: 34688034
03/13/2024 10:51:10 AM WARNING:: [Sex_at_Birth] Changing 'male | female' to 'other'
03/13/2024 10:51:10 AM Warning:: [Race] Changing 'Race' to 'other' and moving data to [Race Specify]
03/13/2024 10:51:10 AM Warning:: [Ethnicity] Changing list to other in ImmPort Templates
03/13/2024 10:51:11 AM [INFO]:: [Fuzzy] SARS-CoV-2 Delta; B.1.617.1 => SARS-CoV-2 Delta; B.1.617.2 : score 96
03/13/2024 10:51:11 AM [INFO]:: [Fuzzy] SARS-CoV-2 A.23.1 => SARS-CoV-2 EG.5.1 : score 82
03/13/2024 10:51:11 AM [INFO]:: [Fuzzy] SARS-CoV-2 Delta; B.1.617.1 => SARS-CoV-2 Delta; B.1.617.2 : score 96
03/13/2024 10:51:11 AM [INFO]:: [Fuzzy] SARS-CoV-2 A.23.1 => SARS-CoV-2 EG.5.1 : score 82
03/13/2024 10:54:29 AM 
PMID: 34688034
03/13/2024 10:54:29 AM WARNING:: [Sex_at_Birth] Changing 'male | female' to 'other'
03/13/2024 10:54:29 AM Warning:: [Race] Changing 'Race' to 'other' and moving data to [Race Specify]
03/13/2024 10:54:29 AM Warning:: [Ethnicity] Changing list to other in ImmPort Templates
03/13/2024 10:55:08 AM 
PMID: 34688034
03/13/2024 10:55:08 AM WARNING:: [Sex_at_Birth] Changing 'male | female' to 'other'
03/13/2024 10:55:08 AM Warning:: [Race] Changing 'Race' to 'other' and moving data to [Race Specify]
03/13/2024 10:55:08 AM Warning:: [Ethnicity] Changing list to other in ImmPort Templates
03/13/2024 10:57:11 AM 
PMID: 34862384
03/13/2024 10:57:27 AM INFO:: [User Change] Not Specified => Not Applicable
03/13/2024 10:57:27 AM INFO:: [Fuzzy] Closest Match Found. Changing X-Ray Crystallography => X-ray Crystallography
03/13/2024 10:57:27 AM [INFO]:: [Fuzzy] Cryo-Electron Microscopy => Cryo-Eectron Microscopy : score 98
03/13/2024 11:03:41 AM 
PMID: 34862384
03/13/2024 11:03:44 AM INFO:: [User Change] Not Specified => Not Applicable
03/13/2024 11:03:44 AM INFO:: [Fuzzy] Closest Match Found. Changing X-Ray Crystallography => X-ray Crystallography
03/13/2024 11:06:02 AM 
PMID: 34862384
03/13/2024 11:06:57 AM INFO:: [User Change] Not Specified => Not Applicable
03/13/2024 11:06:57 AM INFO:: [Fuzzy] Closest Match Found. Changing X-Ray Crystallography => X-ray Crystallography
03/13/2024 11:42:01 AM 
PMID: 34942634
03/13/2024 11:42:30 AM [INFO]:: [Fuzzy] SARS-CoV-2 B => SARS-CoV-2 B.1.2 : score 86
03/13/2024 11:42:30 AM [INFO]:: [Fuzzy] SARS-CoV-2 B.1.13 => SARS-CoV-2 B.1.1.1 : score 91
03/13/2024 11:42:30 AM [INFO]:: [Fuzzy] SARS-CoV-2 B => SARS-CoV-2 B.1.2 : score 86
03/13/2024 11:42:30 AM [INFO]:: [Fuzzy] SARS-CoV-2 B.1.13 => SARS-CoV-2 B.1.1.1 : score 91
03/13/2024 11:42:30 AM [INFO]:: [Fuzzy] SARS-CoV-2 B => SARS-CoV-2 B.1.2 : score 86
03/13/2024 11:42:30 AM [INFO]:: [Fuzzy] SARS-CoV-2 B.1.13 => SARS-CoV-2 B.1.1.1 : score 91
03/13/2024 11:42:30 AM [INFO]:: [Fuzzy] SARS-CoV-2 B => SARS-CoV-2 B.1.2 : score 86
03/13/2024 11:42:30 AM [INFO]:: [Fuzzy] SARS-CoV-2 B.1.13 => SARS-CoV-2 B.1.1.1 : score 91
03/13/2024 11:42:30 AM [INFO]:: [Fuzzy] SARS-CoV-2 B => SARS-CoV-2 B.1.2 : score 86
03/13/2024 11:42:30 AM [INFO]:: [Fuzzy] SARS-CoV-2 B.1.13 => SARS-CoV-2 B.1.1.1 : score 91
03/13/2024 11:42:30 AM [INFO]:: [Fuzzy] SARS-CoV-2 B => SARS-CoV-2 B.1.2 : score 86
03/13/2024 11:42:30 AM [INFO]:: [Fuzzy] SARS-CoV-2 B.1.13 => SARS-CoV-2 B.1.1.1 : score 91
03/13/2024 11:42:30 AM [INFO]:: [Fuzzy] SARS-CoV-2 B => SARS-CoV-2 B.1.2 : score 86
03/13/2024 11:42:30 AM [INFO]:: [Fuzzy] SARS-CoV-2 B => SARS-CoV-2 B.1.2 : score 86
03/13/2024 11:44:05 AM 
PMID: 34942634
03/13/2024 01:54:55 PM 
PMID: 34862384
03/13/2024 01:56:37 PM INFO:: [User Change] Not Specified => Not Applicable
03/13/2024 06:08:02 PM No such comm target registered: jupyter.widget.control
03/13/2024 06:08:02 PM No such comm: 7d8c92ac-58a4-4b3a-983d-758aaa2c9da3
03/13/2024 06:08:02 PM Current comms: []
03/13/2024 10:15:50 PM No such comm target registered: jupyter.widget.control
03/13/2024 10:15:50 PM No such comm: bbe57709-b5ee-4a2d-a3f6-2b368405d22f
03/13/2024 10:15:50 PM Current comms: []
03/14/2024 01:22:10 AM No such comm target registered: jupyter.widget.control
03/14/2024 01:22:10 AM No such comm: 1ba7e958-d6c9-4c83-8b5a-b9d4f4eb86cf
03/14/2024 01:22:10 AM Current comms: []
