05/03/2023 10:33:16 AM 
PMID: 35857583
05/03/2023 10:33:16 AM WARNING:: [Sex_at_Birth] Changing 'male | female' to 'other'
05/03/2023 10:33:16 AM WARNING:: [Sex_at_Birth] Changing 'male | female' to 'other'
05/03/2023 10:33:16 AM WARNING:: [Sex_at_Birth] Changing 'male | female' to 'other'
05/03/2023 10:33:16 AM Warning:: [Race] Changing 'Race' to 'other' and moving data to [Race Specify]
05/03/2023 10:33:16 AM Warning:: [Race] Changing 'Race' to 'other' and moving data to [Race Specify]
05/03/2023 10:33:16 AM Warning:: [Race] Changing 'Race' to 'other' and moving data to [Race Specify]
05/03/2023 10:33:16 AM Warning:: [Ethnicity] Changing list to other in ImmPort Templates
05/03/2023 10:33:16 AM Warning:: [Ethnicity] Changing list to other in ImmPort Templates
05/03/2023 10:33:16 AM Warning:: [Ethnicity] Changing list to other in ImmPort Templates
05/03/2023 10:33:17 AM [INFO]:: [Fuzzy] ​JSON Summary Description => JSON Summary Description : score 94
05/03/2023 10:34:24 AM 
PMID: 36069925
05/03/2023 10:34:24 AM WARNING:: [Sex_at_Birth] Changing 'male | female' to 'other'
05/03/2023 10:34:24 AM WARNING:: [Sex_at_Birth] Changing 'male | female' to 'other'
05/03/2023 10:34:24 AM WARNING:: [Sex_at_Birth] Changing 'male | female' to 'other'
05/03/2023 10:34:24 AM Warning:: [Race] Changing 'Race' to 'other' and moving data to [Race Specify]
05/03/2023 10:34:24 AM Warning:: [Race] Changing 'Race' to 'other' and moving data to [Race Specify]
05/03/2023 10:34:24 AM Warning:: [Race] Changing 'Race' to 'other' and moving data to [Race Specify]
05/03/2023 10:34:24 AM Warning:: [Ethnicity] Changing list to other in ImmPort Templates
05/03/2023 10:34:24 AM Warning:: [Ethnicity] Changing list to other in ImmPort Templates
05/03/2023 10:34:24 AM Warning:: [Ethnicity] Changing list to other in ImmPort Templates
05/03/2023 10:34:24 AM [INFO]:: [Fuzzy] ​JSON Summary Description => JSON Summary Description : score 94
05/03/2023 10:35:07 AM 
PMID: 34607452
05/03/2023 10:35:07 AM WARNING:: [Sex_at_Birth] Changing 'male | female' to 'other'
05/03/2023 10:35:07 AM WARNING:: [Sex_at_Birth] Changing 'male | female' to 'other'
05/03/2023 10:35:07 AM WARNING:: [Sex_at_Birth] Changing 'male | female' to 'other'
05/03/2023 10:35:07 AM Warning:: [Race] Changing 'Race' to 'other' and moving data to [Race Specify]
05/03/2023 10:35:07 AM Warning:: [Race] Changing 'Race' to 'other' and moving data to [Race Specify]
05/03/2023 10:35:07 AM Warning:: [Race] Changing 'Race' to 'other' and moving data to [Race Specify]
05/03/2023 10:35:07 AM Warning:: [Ethnicity] Changing list to other in ImmPort Templates
05/03/2023 10:35:07 AM Warning:: [Ethnicity] Changing list to other in ImmPort Templates
05/03/2023 10:35:07 AM Warning:: [Ethnicity] Changing list to other in ImmPort Templates
05/03/2023 10:35:08 AM [INFO]:: [Fuzzy] ​JSON Summary Description => JSON Summary Description : score 94
05/03/2023 10:37:19 AM 
PMID: 35380510
05/03/2023 10:37:19 AM WARNING:: [Sex_at_Birth] Changing 'male | female' to 'other'
05/03/2023 10:37:19 AM Warning:: [Race] Changing 'Race' to 'other' and moving data to [Race Specify]
05/03/2023 10:37:19 AM Warning:: [Ethnicity] Changing list to other in ImmPort Templates
05/03/2023 10:37:20 AM [INFO]:: [Fuzzy] ​JSON Summary Description => JSON Summary Description : score 94
05/03/2023 10:37:32 AM INFO:: [User Change] Other => No Research Focus Specified
05/03/2023 10:40:06 AM 
PMID: 35380510
05/03/2023 10:40:06 AM WARNING:: [Sex_at_Birth] Changing 'male | female' to 'other'
05/03/2023 10:40:06 AM Warning:: [Race] Changing 'Race' to 'other' and moving data to [Race Specify]
05/03/2023 10:40:06 AM Warning:: [Ethnicity] Changing list to other in ImmPort Templates
05/03/2023 10:40:06 AM [INFO]:: [Fuzzy] ​JSON Summary Description => JSON Summary Description : score 94
05/03/2023 10:41:58 AM 
PMID: 34644239
05/03/2023 10:41:58 AM WARNING:: [Sex_at_Birth] Changing 'male | female' to 'other'
05/03/2023 10:41:58 AM Warning:: [Race] Changing 'Race' to 'other' and moving data to [Race Specify]
05/03/2023 10:41:58 AM Warning:: [Ethnicity] Changing list to other in ImmPort Templates
05/03/2023 10:41:59 AM [INFO]:: [Fuzzy] ​JSON Summary Description => JSON Summary Description : score 94
05/03/2023 10:42:32 AM 
PMID: 34644239
05/03/2023 10:42:32 AM WARNING:: [Sex_at_Birth] Changing 'male | female' to 'other'
05/03/2023 10:42:32 AM Warning:: [Race] Changing 'Race' to 'other' and moving data to [Race Specify]
05/03/2023 10:42:32 AM Warning:: [Ethnicity] Changing list to other in ImmPort Templates
05/03/2023 10:42:33 AM [INFO]:: [Fuzzy] ​JSON Summary Description => JSON Summary Description : score 94
05/03/2023 10:44:12 AM 
PMID: 34644239
05/03/2023 10:44:12 AM WARNING:: [Sex_at_Birth] Changing 'male | female' to 'other'
05/03/2023 10:44:12 AM Warning:: [Race] Changing 'Race' to 'other' and moving data to [Race Specify]
05/03/2023 10:44:12 AM Warning:: [Ethnicity] Changing list to other in ImmPort Templates
05/03/2023 10:44:12 AM [INFO]:: [Fuzzy] ​JSON Summary Description => JSON Summary Description : score 94
05/03/2023 10:45:10 AM 
PMID: 35335012
05/03/2023 10:45:10 AM WARNING:: [Sex_at_Birth] Changing 'male | female' to 'other'
05/03/2023 10:45:10 AM Warning:: [Race] Changing 'Race' to 'other' and moving data to [Race Specify]
05/03/2023 10:45:10 AM Warning:: [Ethnicity] Changing list to other in ImmPort Templates
05/03/2023 10:45:10 AM [INFO]:: [Fuzzy] ​JSON Summary Description => JSON Summary Description : score 94
05/03/2023 10:46:43 AM INFO:: [User Change] Other => No Research Focus Specified
05/03/2023 10:47:12 AM 
PMID: 35335012
05/03/2023 10:47:12 AM WARNING:: [Sex_at_Birth] Changing 'male | female' to 'other'
05/03/2023 10:47:12 AM Warning:: [Race] Changing 'Race' to 'other' and moving data to [Race Specify]
05/03/2023 10:47:12 AM Warning:: [Ethnicity] Changing list to other in ImmPort Templates
05/03/2023 10:47:13 AM [INFO]:: [Fuzzy] ​JSON Summary Description => JSON Summary Description : score 94
05/03/2023 11:51:53 AM 
PMID: 35055463
05/03/2023 11:51:53 AM WARNING:: [Sex_at_Birth] Changing 'male | female' to 'other'
05/03/2023 11:51:53 AM Warning:: [Race] Changing 'Race' to 'other' and moving data to [Race Specify]
05/03/2023 11:51:53 AM Warning:: [Ethnicity] Changing list to other in ImmPort Templates
05/03/2023 11:51:53 AM [INFO]:: [Fuzzy] ​JSON Summary Description => JSON Summary Description : score 94
05/03/2023 11:51:56 AM INFO:: [User Change] Other => No Research Focus Specified
05/03/2023 11:52:39 AM 
PMID: 35055463
05/03/2023 11:52:39 AM WARNING:: [Sex_at_Birth] Changing 'male | female' to 'other'
05/03/2023 11:52:39 AM Warning:: [Race] Changing 'Race' to 'other' and moving data to [Race Specify]
05/03/2023 11:52:39 AM Warning:: [Ethnicity] Changing list to other in ImmPort Templates
05/03/2023 11:52:39 AM [INFO]:: [Fuzzy] ​JSON Summary Description => JSON Summary Description : score 94
05/03/2023 11:53:35 AM 
PMID: 34687733
05/03/2023 11:53:35 AM WARNING:: [Sex_at_Birth] Changing 'male | female' to 'other'
05/03/2023 11:53:35 AM WARNING:: [Sex_at_Birth] Changing 'male | female' to 'other'
05/03/2023 11:53:35 AM WARNING:: [Sex_at_Birth] Changing 'male | female' to 'other'
05/03/2023 11:53:35 AM WARNING:: [Sex_at_Birth] Changing 'male | female' to 'other'
05/03/2023 11:53:35 AM WARNING:: [Sex_at_Birth] Changing 'male | female' to 'other'
05/03/2023 11:53:35 AM WARNING:: [Sex_at_Birth] Changing 'male | female' to 'other'
05/03/2023 11:53:35 AM Warning:: [Race] Changing 'Race' to 'other' and moving data to [Race Specify]
05/03/2023 11:53:35 AM Warning:: [Race] Changing 'Race' to 'other' and moving data to [Race Specify]
05/03/2023 11:53:35 AM Warning:: [Race] Changing 'Race' to 'other' and moving data to [Race Specify]
05/03/2023 11:53:35 AM Warning:: [Race] Changing 'Race' to 'other' and moving data to [Race Specify]
05/03/2023 11:53:35 AM Warning:: [Race] Changing 'Race' to 'other' and moving data to [Race Specify]
05/03/2023 11:53:35 AM Warning:: [Race] Changing 'Race' to 'other' and moving data to [Race Specify]
05/03/2023 11:53:35 AM Warning:: [Ethnicity] Changing list to other in ImmPort Templates
05/03/2023 11:53:35 AM Warning:: [Ethnicity] Changing list to other in ImmPort Templates
05/03/2023 11:53:35 AM Warning:: [Ethnicity] Changing list to other in ImmPort Templates
05/03/2023 11:53:35 AM Warning:: [Ethnicity] Changing list to other in ImmPort Templates
05/03/2023 11:53:35 AM Warning:: [Ethnicity] Changing list to other in ImmPort Templates
05/03/2023 11:53:35 AM Warning:: [Ethnicity] Changing list to other in ImmPort Templates
05/03/2023 11:53:37 AM [INFO]:: [Fuzzy] ​JSON Summary Description => JSON Summary Description : score 94
05/03/2023 11:53:42 AM INFO:: [User Change] Not Specified => Not Applicable
05/03/2023 11:55:07 AM 
PMID: 33795870
05/03/2023 11:55:07 AM WARNING:: [Sex_at_Birth] Changing 'male | female' to 'other'
05/03/2023 11:55:07 AM Warning:: [Race] Changing 'Race' to 'other' and moving data to [Race Specify]
05/03/2023 11:55:07 AM Warning:: [Ethnicity] Changing list to other in ImmPort Templates
05/03/2023 11:55:07 AM [INFO]:: [Fuzzy] ​JSON Summary Description => JSON Summary Description : score 94
05/03/2023 11:55:11 AM INFO:: [User Change] Not Specified => Not Applicable
05/03/2023 11:56:36 AM 
PMID: 33795870
05/03/2023 11:56:36 AM WARNING:: [Sex_at_Birth] Changing 'male | female' to 'other'
05/03/2023 11:56:36 AM Warning:: [Race] Changing 'Race' to 'other' and moving data to [Race Specify]
05/03/2023 11:56:36 AM Warning:: [Ethnicity] Changing list to other in ImmPort Templates
05/03/2023 11:56:37 AM [INFO]:: [Fuzzy] ​JSON Summary Description => JSON Summary Description : score 94
05/03/2023 11:57:07 AM INFO:: [User Change] Not Specified => Not Applicable
05/03/2023 11:58:05 AM 
PMID: 34587763
05/03/2023 11:58:05 AM WARNING:: [Sex_at_Birth] Changing 'male | female' to 'other'
05/03/2023 11:58:05 AM WARNING:: [Sex_at_Birth] Changing 'male | female' to 'other'
05/03/2023 11:58:05 AM WARNING:: [Sex_at_Birth] Changing 'male | female' to 'other'
05/03/2023 11:58:05 AM WARNING:: [Sex_at_Birth] Changing 'male | female' to 'other'
05/03/2023 11:58:05 AM Warning:: [Race] Changing 'Race' to 'other' and moving data to [Race Specify]
05/03/2023 11:58:05 AM Warning:: [Race] Changing 'Race' to 'other' and moving data to [Race Specify]
05/03/2023 11:58:05 AM Warning:: [Race] Changing 'Race' to 'other' and moving data to [Race Specify]
05/03/2023 11:58:05 AM Warning:: [Race] Changing 'Race' to 'other' and moving data to [Race Specify]
05/03/2023 11:58:05 AM Warning:: [Ethnicity] Changing list to other in ImmPort Templates
05/03/2023 11:58:05 AM Warning:: [Ethnicity] Changing list to other in ImmPort Templates
05/03/2023 11:58:05 AM Warning:: [Ethnicity] Changing list to other in ImmPort Templates
05/03/2023 11:58:05 AM Warning:: [Ethnicity] Changing list to other in ImmPort Templates
05/03/2023 11:58:05 AM [INFO]:: [Fuzzy] ​JSON Summary Description => JSON Summary Description : score 94
05/03/2023 11:58:08 AM INFO:: [User Change] Not Specified => Not Applicable
05/03/2023 11:58:58 AM 
PMID: 36191537
05/03/2023 11:58:58 AM WARNING:: [Sex_at_Birth] Changing 'male | female' to 'other'
05/03/2023 11:58:58 AM Warning:: [Race] Changing 'Race' to 'other' and moving data to [Race Specify]
05/03/2023 11:58:58 AM Warning:: [Ethnicity] Changing list to other in ImmPort Templates
05/03/2023 11:58:58 AM [INFO]:: [Fuzzy] ​JSON Summary Description => JSON Summary Description : score 94
05/03/2023 11:59:01 AM INFO:: [User Change] Covid-19 => COVID-19
05/03/2023 11:59:04 AM INFO:: [User Change] Not Specified => Not Applicable
05/03/2023 12:00:04 PM 
PMID: 36191537
05/03/2023 12:00:04 PM WARNING:: [Sex_at_Birth] Changing 'male | female' to 'other'
05/03/2023 12:00:04 PM Warning:: [Race] Changing 'Race' to 'other' and moving data to [Race Specify]
05/03/2023 12:00:04 PM Warning:: [Ethnicity] Changing list to other in ImmPort Templates
05/03/2023 12:00:04 PM [INFO]:: [Fuzzy] ​JSON Summary Description => JSON Summary Description : score 94
05/03/2023 12:00:14 PM INFO:: [User Change] Not Specified => Not Applicable
05/03/2023 12:55:46 PM 
PMID: 36191537
05/03/2023 12:55:46 PM WARNING:: [Sex_at_Birth] Changing 'male | female' to 'other'
05/03/2023 12:55:46 PM Warning:: [Race] Changing 'Race' to 'other' and moving data to [Race Specify]
05/03/2023 12:55:46 PM Warning:: [Ethnicity] Changing list to other in ImmPort Templates
05/03/2023 12:55:47 PM [INFO]:: [Fuzzy] ​JSON Summary Description => JSON Summary Description : score 94
05/03/2023 12:55:50 PM INFO:: [User Change] Not Specified => Not Applicable
05/03/2023 12:56:50 PM 
PMID: 36135380
05/03/2023 12:56:50 PM WARNING:: [Sex_at_Birth] Changing 'male | female' to 'other'
05/03/2023 12:56:50 PM WARNING:: [Sex_at_Birth] Changing 'male | female' to 'other'
05/03/2023 12:56:50 PM Warning:: [Race] Changing 'Race' to 'other' and moving data to [Race Specify]
05/03/2023 12:56:50 PM Warning:: [Race] Changing 'Race' to 'other' and moving data to [Race Specify]
05/03/2023 12:56:50 PM Warning:: [Ethnicity] Changing list to other in ImmPort Templates
05/03/2023 12:56:50 PM Warning:: [Ethnicity] Changing list to other in ImmPort Templates
05/03/2023 01:01:37 PM INFO:: [User Change] Covid-19 => COVID-19
05/03/2023 01:01:37 PM [INFO]:: [Fuzzy] SARS-CoV-2 WA1/2020 (D614 variant) => SARS-CoV-2 WA1/2020 (D614G variant) : score 99
05/03/2023 01:01:37 PM [INFO]:: [Fuzzy] SARS-CoV-2 WA1/2020 (D614 variant) => SARS-CoV-2 WA1/2020 (D614G variant) : score 99
05/03/2023 01:01:37 PM [INFO]:: [Fuzzy] SARS-CoV-2 WA1/2020 (D614 variant) => SARS-CoV-2 WA1/2020 (D614G variant) : score 99
05/03/2023 01:01:37 PM [INFO]:: [Fuzzy] SARS-CoV-2 WA1/2020 (D614 variant) => SARS-CoV-2 WA1/2020 (D614G variant) : score 99
05/03/2023 01:02:26 PM 
PMID: 36135380
05/03/2023 01:02:26 PM WARNING:: [Sex_at_Birth] Changing 'male | female' to 'other'
05/03/2023 01:02:26 PM WARNING:: [Sex_at_Birth] Changing 'male | female' to 'other'
05/03/2023 01:02:26 PM Warning:: [Race] Changing 'Race' to 'other' and moving data to [Race Specify]
05/03/2023 01:02:26 PM Warning:: [Race] Changing 'Race' to 'other' and moving data to [Race Specify]
05/03/2023 01:02:26 PM Warning:: [Ethnicity] Changing list to other in ImmPort Templates
05/03/2023 01:02:26 PM Warning:: [Ethnicity] Changing list to other in ImmPort Templates
05/03/2023 01:02:27 PM [INFO]:: [Fuzzy] SARS-CoV-2 WA1/2020 (D614 variant) => SARS-CoV-2 WA1/2020 (D614G variant) : score 99
05/03/2023 01:02:27 PM [INFO]:: [Fuzzy] SARS-CoV-2 WA1/2020 (D614 variant) => SARS-CoV-2 WA1/2020 (D614G variant) : score 99
05/03/2023 01:02:27 PM [INFO]:: [Fuzzy] SARS-CoV-2 WA1/2020 (D614 variant) => SARS-CoV-2 WA1/2020 (D614G variant) : score 99
05/03/2023 01:02:27 PM [INFO]:: [Fuzzy] SARS-CoV-2 WA1/2020 (D614 variant) => SARS-CoV-2 WA1/2020 (D614G variant) : score 99
05/03/2023 01:04:08 PM 
PMID: 36135380
05/03/2023 01:04:09 PM WARNING:: [Sex_at_Birth] Changing 'male | female' to 'other'
05/03/2023 01:04:09 PM WARNING:: [Sex_at_Birth] Changing 'male | female' to 'other'
05/03/2023 01:04:09 PM Warning:: [Race] Changing 'Race' to 'other' and moving data to [Race Specify]
05/03/2023 01:04:09 PM Warning:: [Race] Changing 'Race' to 'other' and moving data to [Race Specify]
05/03/2023 01:04:09 PM Warning:: [Ethnicity] Changing list to other in ImmPort Templates
05/03/2023 01:04:09 PM Warning:: [Ethnicity] Changing list to other in ImmPort Templates
05/03/2023 01:04:09 PM [INFO]:: [Fuzzy] SARS-CoV-2 WA1/2020 (D614 variant) => SARS-CoV-2 WA1/2020 (D614G variant) : score 99
05/03/2023 01:04:09 PM [INFO]:: [Fuzzy] SARS-CoV-2 WA1/2020 (D614 variant) => SARS-CoV-2 WA1/2020 (D614G variant) : score 99
05/03/2023 01:04:09 PM [INFO]:: [Fuzzy] SARS-CoV-2 WA1/2020 (D614 variant) => SARS-CoV-2 WA1/2020 (D614G variant) : score 99
05/03/2023 01:04:09 PM [INFO]:: [Fuzzy] SARS-CoV-2 WA1/2020 (D614 variant) => SARS-CoV-2 WA1/2020 (D614G variant) : score 99
05/03/2023 01:05:11 PM 
PMID: 36314635
05/03/2023 01:05:11 PM WARNING:: [Sex_at_Birth] Changing 'male | female' to 'other'
05/03/2023 01:05:11 PM WARNING:: [Sex_at_Birth] Changing 'male | female' to 'other'
05/03/2023 01:05:11 PM WARNING:: [Sex_at_Birth] Changing 'male | female' to 'other'
05/03/2023 01:05:11 PM WARNING:: [Sex_at_Birth] Changing 'male | female' to 'other'
05/03/2023 01:05:11 PM WARNING:: [Sex_at_Birth] Changing 'male | female' to 'other'
05/03/2023 01:05:11 PM Warning:: [Race] Changing 'Race' to 'other' and moving data to [Race Specify]
05/03/2023 01:05:11 PM Warning:: [Race] Changing 'Race' to 'other' and moving data to [Race Specify]
05/03/2023 01:05:11 PM Warning:: [Race] Changing 'Race' to 'other' and moving data to [Race Specify]
05/03/2023 01:05:11 PM Warning:: [Race] Changing 'Race' to 'other' and moving data to [Race Specify]
05/03/2023 01:05:11 PM Warning:: [Race] Changing 'Race' to 'other' and moving data to [Race Specify]
05/03/2023 01:05:11 PM Warning:: [Ethnicity] Changing list to other in ImmPort Templates
05/03/2023 01:05:11 PM Warning:: [Ethnicity] Changing list to other in ImmPort Templates
05/03/2023 01:05:11 PM Warning:: [Ethnicity] Changing list to other in ImmPort Templates
05/03/2023 01:05:11 PM Warning:: [Ethnicity] Changing list to other in ImmPort Templates
05/03/2023 01:05:11 PM Warning:: [Ethnicity] Changing list to other in ImmPort Templates
05/03/2023 01:05:12 PM [INFO]:: [Fuzzy] ​JSON Summary Description => JSON Summary Description : score 94
05/03/2023 01:07:39 PM 
PMID: 36314635
05/03/2023 01:07:39 PM WARNING:: [Sex_at_Birth] Changing 'male | female' to 'other'
05/03/2023 01:07:39 PM WARNING:: [Sex_at_Birth] Changing 'male | female' to 'other'
05/03/2023 01:07:39 PM WARNING:: [Sex_at_Birth] Changing 'male | female' to 'other'
05/03/2023 01:07:39 PM WARNING:: [Sex_at_Birth] Changing 'male | female' to 'other'
05/03/2023 01:07:39 PM WARNING:: [Sex_at_Birth] Changing 'male | female' to 'other'
05/03/2023 01:07:39 PM Warning:: [Race] Changing 'Race' to 'other' and moving data to [Race Specify]
05/03/2023 01:07:39 PM Warning:: [Race] Changing 'Race' to 'other' and moving data to [Race Specify]
05/03/2023 01:07:39 PM Warning:: [Race] Changing 'Race' to 'other' and moving data to [Race Specify]
05/03/2023 01:07:39 PM Warning:: [Race] Changing 'Race' to 'other' and moving data to [Race Specify]
05/03/2023 01:07:39 PM Warning:: [Race] Changing 'Race' to 'other' and moving data to [Race Specify]
05/03/2023 01:07:39 PM Warning:: [Ethnicity] Changing list to other in ImmPort Templates
05/03/2023 01:07:39 PM Warning:: [Ethnicity] Changing list to other in ImmPort Templates
05/03/2023 01:07:39 PM Warning:: [Ethnicity] Changing list to other in ImmPort Templates
05/03/2023 01:07:39 PM Warning:: [Ethnicity] Changing list to other in ImmPort Templates
05/03/2023 01:07:39 PM Warning:: [Ethnicity] Changing list to other in ImmPort Templates
05/03/2023 01:07:40 PM [INFO]:: [Fuzzy] ​JSON Summary Description => JSON Summary Description : score 94
05/03/2023 02:01:57 PM 
PMID: 35389888
05/03/2023 02:01:57 PM WARNING:: [Sex_at_Birth] Changing 'male | female' to 'other'
05/03/2023 02:01:57 PM WARNING:: [Sex_at_Birth] Changing 'male | female' to 'other'
05/03/2023 02:01:57 PM WARNING:: [Sex_at_Birth] Changing 'male | female' to 'other'
05/03/2023 02:01:57 PM WARNING:: [Sex_at_Birth] Changing 'male | female' to 'other'
05/03/2023 02:01:57 PM WARNING:: [Sex_at_Birth] Changing 'male | female' to 'other'
05/03/2023 02:01:57 PM Warning:: [Race] Changing 'Race' to 'other' and moving data to [Race Specify]
05/03/2023 02:01:57 PM Warning:: [Race] Changing 'Race' to 'other' and moving data to [Race Specify]
05/03/2023 02:01:57 PM Warning:: [Race] Changing 'Race' to 'other' and moving data to [Race Specify]
05/03/2023 02:01:57 PM Warning:: [Race] Changing 'Race' to 'other' and moving data to [Race Specify]
05/03/2023 02:01:57 PM Warning:: [Race] Changing 'Race' to 'other' and moving data to [Race Specify]
05/03/2023 02:01:57 PM Warning:: [Ethnicity] Changing list to other in ImmPort Templates
05/03/2023 02:01:57 PM Warning:: [Ethnicity] Changing list to other in ImmPort Templates
05/03/2023 02:01:57 PM Warning:: [Ethnicity] Changing list to other in ImmPort Templates
05/03/2023 02:01:57 PM Warning:: [Ethnicity] Changing list to other in ImmPort Templates
05/03/2023 02:01:57 PM Warning:: [Ethnicity] Changing list to other in ImmPort Templates
05/03/2023 02:01:57 PM [INFO]:: [Fuzzy] Pfizer BioNTech COVID-19 vaccine ; VO:0004987 => Pfizer BioNTech COVID-19 vaccine; VO:0004987 : score 99
05/03/2023 02:01:57 PM [INFO]:: [Fuzzy] Moderna COVID-19 vaccine ; VO:0005157 => Moderna COVID-19 vaccine; VO:0005157 : score 99
05/03/2023 02:01:57 PM [INFO]:: [Fuzzy] Pfizer BioNTech COVID-19 vaccine ; VO:0004987 => Pfizer BioNTech COVID-19 vaccine; VO:0004987 : score 99
05/03/2023 02:01:57 PM [INFO]:: [Fuzzy] Moderna COVID-19 vaccine ; VO:0005157 => Moderna COVID-19 vaccine; VO:0005157 : score 99
05/03/2023 02:01:57 PM [INFO]:: [Fuzzy] Pfizer BioNTech COVID-19 vaccine ; VO:0004987 => Pfizer BioNTech COVID-19 vaccine; VO:0004987 : score 99
05/03/2023 02:01:57 PM [INFO]:: [Fuzzy] Moderna COVID-19 vaccine ; VO:0005157 => Moderna COVID-19 vaccine; VO:0005157 : score 99
05/03/2023 02:01:57 PM [INFO]:: [Fuzzy] Pfizer BioNTech COVID-19 vaccine ; VO:0004987 => Pfizer BioNTech COVID-19 vaccine; VO:0004987 : score 99
05/03/2023 02:01:57 PM [INFO]:: [Fuzzy] Pfizer BioNTech COVID-19 vaccine ; VO:0004987 => Pfizer BioNTech COVID-19 vaccine; VO:0004987 : score 99
05/03/2023 02:01:57 PM [INFO]:: [Fuzzy] Moderna COVID-19 vaccine ; VO:0005157 => Moderna COVID-19 vaccine; VO:0005157 : score 99
05/03/2023 02:01:57 PM INFO:: [Fuzzy] Closest Match Found. Changing Virus Neutralization Assay => Pseudovirus Neutralization Assay
