02/14/2024 04:39:23 AM 
PMID: 37104089
02/14/2024 04:39:23 AM WARNING:: [Sex_at_Birth] Changing 'male | female' to 'other'
02/14/2024 04:39:23 AM WARNING:: [Sex_at_Birth] Changing 'male | female' to 'other'
02/14/2024 04:39:23 AM WARNING:: [Sex_at_Birth] Changing 'male | female' to 'other'
02/14/2024 04:39:23 AM Warning:: [Race] Changing 'Race' to 'other' and moving data to [Race Specify]
02/14/2024 04:39:23 AM Warning:: [Race] Changing 'Race' to 'other' and moving data to [Race Specify]
02/14/2024 04:39:23 AM Warning:: [Race] Changing 'Race' to 'other' and moving data to [Race Specify]
02/14/2024 04:39:23 AM Warning:: [Ethnicity] Changing list to other in ImmPort Templates
02/14/2024 04:39:23 AM Warning:: [Ethnicity] Changing list to other in ImmPort Templates
02/14/2024 04:39:23 AM Warning:: [Ethnicity] Changing list to other in ImmPort Templates
02/14/2024 04:39:28 AM INFO:: [User Change] SARS-CoV-2 Omicron variant BQ.1.1 SARS-CoV-2 Omicron variant CH.1.1 => SARS-CoV-2 Omicron variant BQ.1.1
02/14/2024 04:39:28 AM INFO:: [Fuzzy] Closest Match Found. Changing uninfected => Uninfected
02/14/2024 04:39:43 AM 
PMID: 37104089
02/14/2024 04:39:43 AM WARNING:: [Sex_at_Birth] Changing 'male | female' to 'other'
02/14/2024 04:39:43 AM WARNING:: [Sex_at_Birth] Changing 'male | female' to 'other'
02/14/2024 04:39:43 AM WARNING:: [Sex_at_Birth] Changing 'male | female' to 'other'
02/14/2024 04:39:43 AM Warning:: [Race] Changing 'Race' to 'other' and moving data to [Race Specify]
02/14/2024 04:39:43 AM Warning:: [Race] Changing 'Race' to 'other' and moving data to [Race Specify]
02/14/2024 04:39:43 AM Warning:: [Race] Changing 'Race' to 'other' and moving data to [Race Specify]
02/14/2024 04:39:43 AM Warning:: [Ethnicity] Changing list to other in ImmPort Templates
02/14/2024 04:39:43 AM Warning:: [Ethnicity] Changing list to other in ImmPort Templates
02/14/2024 04:39:43 AM Warning:: [Ethnicity] Changing list to other in ImmPort Templates
02/14/2024 04:39:51 AM INFO:: [User Change] SARS-CoV-2 Omicron variant BQ.1.1 SARS-CoV-2 Omicron variant CH.1.1 => SARS-CoV-2 Omicron variant BQ.1.1
02/14/2024 04:39:51 AM INFO:: [Fuzzy] Closest Match Found. Changing uninfected => Uninfected
02/14/2024 10:04:33 AM 
PMID: 37796985
02/14/2024 10:09:30 AM 
PMID: 37796985
02/14/2024 10:10:04 AM 
PMID: 37796985
02/14/2024 10:11:37 AM 
PMID: 37796985
