04/12/2024 10:33:15 AM 
PMID: 37322179
04/12/2024 10:33:15 AM WARNING:: [Sex_at_Birth] Changing 'male | female' to 'other'
04/12/2024 10:33:15 AM WARNING:: [Sex_at_Birth] Changing 'male | female' to 'other'
04/12/2024 10:33:15 AM Warning:: [Race] Changing 'Race' to 'other' and moving data to [Race Specify]
04/12/2024 10:33:15 AM Warning:: [Race] Changing 'Race' to 'other' and moving data to [Race Specify]
04/12/2024 10:33:15 AM Warning:: [Ethnicity] Changing list to other in ImmPort Templates
04/12/2024 10:33:15 AM Warning:: [Ethnicity] Changing list to other in ImmPort Templates
04/12/2024 10:33:34 AM INFO:: [Fuzzy] Closest Match Found. Changing HCoVs - Seasonal (OC43 => HCoVs - Seasonal (OC43, HKU-1, NL63, 229E)
04/12/2024 10:33:34 AM INFO:: [Fuzzy] Closest Match Found. Changing HKU-1 => HCoVs - Seasonal (OC43, HKU-1, NL63, 229E)
04/12/2024 10:33:34 AM INFO:: [Fuzzy] Closest Match Found. Changing NL63 => HCoVs - Seasonal (OC43, HKU-1, NL63, 229E)
04/12/2024 10:33:34 AM INFO:: [Fuzzy] Closest Match Found. Changing 229E) => HCoVs - Seasonal (OC43, HKU-1, NL63, 229E)
04/12/2024 10:33:34 AM INFO:: [Fuzzy] Closest Match Found. Changing HCoVs - Seasonal (OC43 => HCoVs - Seasonal (OC43, HKU-1, NL63, 229E)
04/12/2024 10:33:34 AM INFO:: [Fuzzy] Closest Match Found. Changing HKU-1 => HCoVs - Seasonal (OC43, HKU-1, NL63, 229E)
04/12/2024 10:33:34 AM INFO:: [Fuzzy] Closest Match Found. Changing NL63 => HCoVs - Seasonal (OC43, HKU-1, NL63, 229E)
04/12/2024 10:33:34 AM INFO:: [Fuzzy] Closest Match Found. Changing 229E) => HCoVs - Seasonal (OC43, HKU-1, NL63, 229E)
04/12/2024 10:33:34 AM INFO:: [Fuzzy] Closest Match Found. Changing Nasal Swab => Nasal Swab or Nose Specimen
04/12/2024 12:26:59 PM 
PMID: 37322179
04/12/2024 12:26:59 PM WARNING:: [Sex_at_Birth] Changing 'male | female' to 'other'
04/12/2024 12:26:59 PM WARNING:: [Sex_at_Birth] Changing 'male | female' to 'other'
04/12/2024 12:26:59 PM Warning:: [Race] Changing 'Race' to 'other' and moving data to [Race Specify]
04/12/2024 12:26:59 PM Warning:: [Race] Changing 'Race' to 'other' and moving data to [Race Specify]
04/12/2024 12:26:59 PM Warning:: [Ethnicity] Changing list to other in ImmPort Templates
04/12/2024 12:26:59 PM Warning:: [Ethnicity] Changing list to other in ImmPort Templates
04/12/2024 12:26:59 PM INFO:: [Fuzzy] Closest Match Found. Changing HCoVs - Seasonal (OC43 => HCoVs - Seasonal (OC43, HKU-1, NL63, 229E)
04/12/2024 12:26:59 PM INFO:: [Fuzzy] Closest Match Found. Changing HKU-1 => HCoVs - Seasonal (OC43, HKU-1, NL63, 229E)
04/12/2024 12:26:59 PM INFO:: [Fuzzy] Closest Match Found. Changing NL63 => HCoVs - Seasonal (OC43, HKU-1, NL63, 229E)
04/12/2024 12:26:59 PM INFO:: [Fuzzy] Closest Match Found. Changing 229E) => HCoVs - Seasonal (OC43, HKU-1, NL63, 229E)
04/12/2024 12:26:59 PM INFO:: [Fuzzy] Closest Match Found. Changing HCoVs - Seasonal (OC43 => HCoVs - Seasonal (OC43, HKU-1, NL63, 229E)
04/12/2024 12:26:59 PM INFO:: [Fuzzy] Closest Match Found. Changing HKU-1 => HCoVs - Seasonal (OC43, HKU-1, NL63, 229E)
04/12/2024 12:26:59 PM INFO:: [Fuzzy] Closest Match Found. Changing NL63 => HCoVs - Seasonal (OC43, HKU-1, NL63, 229E)
04/12/2024 12:26:59 PM INFO:: [Fuzzy] Closest Match Found. Changing 229E) => HCoVs - Seasonal (OC43, HKU-1, NL63, 229E)
04/12/2024 12:26:59 PM [INFO]:: [Fuzzy] Glycan profiling => Glycan profiliing : score 97
04/12/2024 12:26:59 PM INFO:: [Fuzzy] Closest Match Found. Changing Nasal Swab => Nasal Swab or Nose Specimen
04/12/2024 12:27:56 PM 
PMID: 37322179
04/12/2024 12:27:56 PM WARNING:: [Sex_at_Birth] Changing 'male | female' to 'other'
04/12/2024 12:27:56 PM WARNING:: [Sex_at_Birth] Changing 'male | female' to 'other'
04/12/2024 12:27:56 PM Warning:: [Race] Changing 'Race' to 'other' and moving data to [Race Specify]
04/12/2024 12:27:56 PM Warning:: [Race] Changing 'Race' to 'other' and moving data to [Race Specify]
04/12/2024 12:27:56 PM Warning:: [Ethnicity] Changing list to other in ImmPort Templates
04/12/2024 12:27:56 PM Warning:: [Ethnicity] Changing list to other in ImmPort Templates
04/12/2024 12:27:56 PM INFO:: [Fuzzy] Closest Match Found. Changing HCoVs - Seasonal (OC43 => HCoVs - Seasonal (OC43, HKU-1, NL63, 229E)
04/12/2024 12:27:56 PM INFO:: [Fuzzy] Closest Match Found. Changing HKU-1 => HCoVs - Seasonal (OC43, HKU-1, NL63, 229E)
04/12/2024 12:27:56 PM INFO:: [Fuzzy] Closest Match Found. Changing NL63 => HCoVs - Seasonal (OC43, HKU-1, NL63, 229E)
04/12/2024 12:27:56 PM INFO:: [Fuzzy] Closest Match Found. Changing 229E) => HCoVs - Seasonal (OC43, HKU-1, NL63, 229E)
04/12/2024 12:27:56 PM INFO:: [Fuzzy] Closest Match Found. Changing HCoVs - Seasonal (OC43 => HCoVs - Seasonal (OC43, HKU-1, NL63, 229E)
04/12/2024 12:27:56 PM INFO:: [Fuzzy] Closest Match Found. Changing HKU-1 => HCoVs - Seasonal (OC43, HKU-1, NL63, 229E)
04/12/2024 12:27:56 PM INFO:: [Fuzzy] Closest Match Found. Changing NL63 => HCoVs - Seasonal (OC43, HKU-1, NL63, 229E)
04/12/2024 12:27:56 PM INFO:: [Fuzzy] Closest Match Found. Changing 229E) => HCoVs - Seasonal (OC43, HKU-1, NL63, 229E)
04/12/2024 12:27:56 PM [INFO]:: [Fuzzy] Glycan profiling => Glycan profiliing : score 97
04/12/2024 12:27:56 PM INFO:: [Fuzzy] Closest Match Found. Changing Nasal Swab => Nasal Swab or Nose Specimen
04/12/2024 12:28:12 PM 
PMID: 37322179
04/12/2024 12:28:12 PM WARNING:: [Sex_at_Birth] Changing 'male | female' to 'other'
04/12/2024 12:28:12 PM WARNING:: [Sex_at_Birth] Changing 'male | female' to 'other'
04/12/2024 12:28:12 PM Warning:: [Race] Changing 'Race' to 'other' and moving data to [Race Specify]
04/12/2024 12:28:12 PM Warning:: [Race] Changing 'Race' to 'other' and moving data to [Race Specify]
04/12/2024 12:28:12 PM Warning:: [Ethnicity] Changing list to other in ImmPort Templates
04/12/2024 12:28:12 PM Warning:: [Ethnicity] Changing list to other in ImmPort Templates
04/12/2024 12:28:12 PM INFO:: [Fuzzy] Closest Match Found. Changing HCoVs - Seasonal (OC43 => HCoVs - Seasonal (OC43, HKU-1, NL63, 229E)
04/12/2024 12:28:12 PM INFO:: [Fuzzy] Closest Match Found. Changing HKU-1 => HCoVs - Seasonal (OC43, HKU-1, NL63, 229E)
04/12/2024 12:28:12 PM INFO:: [Fuzzy] Closest Match Found. Changing NL63 => HCoVs - Seasonal (OC43, HKU-1, NL63, 229E)
04/12/2024 12:28:12 PM INFO:: [Fuzzy] Closest Match Found. Changing 229E) => HCoVs - Seasonal (OC43, HKU-1, NL63, 229E)
04/12/2024 12:28:12 PM INFO:: [Fuzzy] Closest Match Found. Changing HCoVs - Seasonal (OC43 => HCoVs - Seasonal (OC43, HKU-1, NL63, 229E)
04/12/2024 12:28:12 PM INFO:: [Fuzzy] Closest Match Found. Changing HKU-1 => HCoVs - Seasonal (OC43, HKU-1, NL63, 229E)
04/12/2024 12:28:12 PM INFO:: [Fuzzy] Closest Match Found. Changing NL63 => HCoVs - Seasonal (OC43, HKU-1, NL63, 229E)
04/12/2024 12:28:12 PM INFO:: [Fuzzy] Closest Match Found. Changing 229E) => HCoVs - Seasonal (OC43, HKU-1, NL63, 229E)
04/12/2024 12:28:12 PM [INFO]:: [Fuzzy] Glycan profiling => Glycan profiliing : score 97
04/12/2024 12:28:12 PM INFO:: [Fuzzy] Closest Match Found. Changing Nasal Swab => Nasal Swab or Nose Specimen
04/12/2024 12:29:03 PM 
PMID: 37322179
04/12/2024 12:29:03 PM WARNING:: [Sex_at_Birth] Changing 'male | female' to 'other'
04/12/2024 12:29:03 PM WARNING:: [Sex_at_Birth] Changing 'male | female' to 'other'
04/12/2024 12:29:03 PM Warning:: [Race] Changing 'Race' to 'other' and moving data to [Race Specify]
04/12/2024 12:29:03 PM Warning:: [Race] Changing 'Race' to 'other' and moving data to [Race Specify]
04/12/2024 12:29:03 PM Warning:: [Ethnicity] Changing list to other in ImmPort Templates
04/12/2024 12:29:03 PM Warning:: [Ethnicity] Changing list to other in ImmPort Templates
04/12/2024 12:29:03 PM INFO:: [Fuzzy] Closest Match Found. Changing HCoVs - Seasonal (OC43 => HCoVs - Seasonal (OC43, HKU-1, NL63, 229E)
04/12/2024 12:29:03 PM INFO:: [Fuzzy] Closest Match Found. Changing HKU-1 => HCoVs - Seasonal (OC43, HKU-1, NL63, 229E)
04/12/2024 12:29:03 PM INFO:: [Fuzzy] Closest Match Found. Changing NL63 => HCoVs - Seasonal (OC43, HKU-1, NL63, 229E)
04/12/2024 12:29:03 PM INFO:: [Fuzzy] Closest Match Found. Changing 229E) => HCoVs - Seasonal (OC43, HKU-1, NL63, 229E)
04/12/2024 12:29:03 PM INFO:: [Fuzzy] Closest Match Found. Changing HCoVs - Seasonal (OC43 => HCoVs - Seasonal (OC43, HKU-1, NL63, 229E)
04/12/2024 12:29:03 PM INFO:: [Fuzzy] Closest Match Found. Changing HKU-1 => HCoVs - Seasonal (OC43, HKU-1, NL63, 229E)
04/12/2024 12:29:03 PM INFO:: [Fuzzy] Closest Match Found. Changing NL63 => HCoVs - Seasonal (OC43, HKU-1, NL63, 229E)
04/12/2024 12:29:03 PM INFO:: [Fuzzy] Closest Match Found. Changing 229E) => HCoVs - Seasonal (OC43, HKU-1, NL63, 229E)
04/12/2024 12:29:03 PM INFO:: [Fuzzy] Closest Match Found. Changing Nasal Swab => Nasal Swab or Nose Specimen
