09/05/2024 12:45:45 PM 
PMID: 37384638
09/05/2024 12:45:45 PM WARNING:: [Sex_at_Birth] Changing 'male | female' to 'other'
09/05/2024 12:45:45 PM WARNING:: [Sex_at_Birth] Changing 'male | female' to 'other'
09/05/2024 12:45:45 PM Warning:: [Race] Changing 'Race' to 'other' and moving data to [Race Specify]
09/05/2024 12:45:45 PM Warning:: [Race] Changing 'Race' to 'other' and moving data to [Race Specify]
09/05/2024 12:45:45 PM Warning:: [Ethnicity] Changing list to other in ImmPort Templates
09/05/2024 12:45:45 PM Warning:: [Ethnicity] Changing list to other in ImmPort Templates
09/05/2024 12:45:49 PM INFO:: [User Change] Chronic lymphocytic leukemia => Chronic Spontaneous Urticaria
09/05/2024 12:45:49 PM INFO:: [Fuzzy] Closest Match Found. Changing HCoVs - Seasonal (OC43 => HCoVs - Seasonal (OC43, HKU-1, NL63, 229E)
09/05/2024 12:45:49 PM INFO:: [Fuzzy] Closest Match Found. Changing HKU-1 => HCoVs - Seasonal (OC43, HKU-1, NL63, 229E)
09/05/2024 12:45:49 PM INFO:: [Fuzzy] Closest Match Found. Changing NL63 => HCoVs - Seasonal (OC43, HKU-1, NL63, 229E)
09/05/2024 12:45:49 PM INFO:: [Fuzzy] Closest Match Found. Changing 229E) => HCoVs - Seasonal (OC43, HKU-1, NL63, 229E)
09/05/2024 12:45:49 PM INFO:: [Fuzzy] Closest Match Found. Changing HCoVs - Seasonal (OC43 => HCoVs - Seasonal (OC43, HKU-1, NL63, 229E)
09/05/2024 12:45:49 PM INFO:: [Fuzzy] Closest Match Found. Changing HKU-1 => HCoVs - Seasonal (OC43, HKU-1, NL63, 229E)
09/05/2024 12:45:49 PM INFO:: [Fuzzy] Closest Match Found. Changing NL63 => HCoVs - Seasonal (OC43, HKU-1, NL63, 229E)
09/05/2024 12:45:49 PM INFO:: [Fuzzy] Closest Match Found. Changing 229E) => HCoVs - Seasonal (OC43, HKU-1, NL63, 229E)
09/05/2024 12:48:34 PM 
PMID: 37384638 ####################
09/05/2024 12:48:34 PM WARNING:: [Sex_at_Birth] Changing 'male | female' to 'other'
09/05/2024 12:48:34 PM WARNING:: [Sex_at_Birth] Changing 'male | female' to 'other'
09/05/2024 12:48:34 PM Warning:: [Race] Changing 'Race' to 'other' and moving data to [Race Specify]
09/05/2024 12:48:34 PM Warning:: [Race] Changing 'Race' to 'other' and moving data to [Race Specify]
09/05/2024 12:48:34 PM Warning:: [Ethnicity] Changing list to other in ImmPort Templates
09/05/2024 12:48:34 PM Warning:: [Ethnicity] Changing list to other in ImmPort Templates
09/05/2024 12:48:36 PM INFO:: [User Change] Chronic lymphocytic leukemia => Chronic Spontaneous Urticaria
09/05/2024 12:48:36 PM INFO:: [Fuzzy] Closest Match Found. Changing HCoVs - Seasonal (OC43 => HCoVs - Seasonal (OC43, HKU-1, NL63, 229E)
09/05/2024 12:48:36 PM INFO:: [Fuzzy] Closest Match Found. Changing HKU-1 => HCoVs - Seasonal (OC43, HKU-1, NL63, 229E)
09/05/2024 12:48:36 PM INFO:: [Fuzzy] Closest Match Found. Changing NL63 => HCoVs - Seasonal (OC43, HKU-1, NL63, 229E)
09/05/2024 12:48:36 PM INFO:: [Fuzzy] Closest Match Found. Changing 229E) => HCoVs - Seasonal (OC43, HKU-1, NL63, 229E)
09/05/2024 12:48:36 PM INFO:: [Fuzzy] Closest Match Found. Changing HCoVs - Seasonal (OC43 => HCoVs - Seasonal (OC43, HKU-1, NL63, 229E)
09/05/2024 12:48:36 PM INFO:: [Fuzzy] Closest Match Found. Changing HKU-1 => HCoVs - Seasonal (OC43, HKU-1, NL63, 229E)
09/05/2024 12:48:36 PM INFO:: [Fuzzy] Closest Match Found. Changing NL63 => HCoVs - Seasonal (OC43, HKU-1, NL63, 229E)
09/05/2024 12:48:36 PM INFO:: [Fuzzy] Closest Match Found. Changing 229E) => HCoVs - Seasonal (OC43, HKU-1, NL63, 229E)
