03/31/2023 11:29:14 AM 
PMID: 35289637
03/31/2023 11:29:14 AM ERROR:: Error [Subject Human] Check Assessment_Demographic_Data_Types_Collected
03/31/2023 11:29:14 AM ERROR:: Error [Subject Human] Check Assessment_Demographic_Data_Types_Collected
03/31/2023 11:43:51 AM INFO:: [Fuzzy] Closest Match Found. Changing Mass spectrometry => Mass Spectrometry
03/31/2023 11:44:05 AM INFO:: [User Change] Covid-19 => COVID-19
03/31/2023 11:44:05 AM INFO:: [Fuzzy] Closest Match Found. Changing HCoVs - Seasonal (OC43 => HCoVs - Seasonal (OC43, HKU-1, NL63, 229E)
03/31/2023 11:44:05 AM INFO:: [Fuzzy] Closest Match Found. Changing HKU-1 => HCoVs - Seasonal (OC43, HKU-1, NL63, 229E)
03/31/2023 11:44:05 AM INFO:: [Fuzzy] Closest Match Found. Changing NL63 => HCoVs - Seasonal (OC43, HKU-1, NL63, 229E)
03/31/2023 11:44:05 AM INFO:: [Fuzzy] Closest Match Found. Changing 229E) => HCoVs - Seasonal (OC43, HKU-1, NL63, 229E)
03/31/2023 11:44:05 AM INFO:: [Fuzzy] Closest Match Found. Changing HCoVs - Seasonal (OC43 => HCoVs - Seasonal (OC43, HKU-1, NL63, 229E)
03/31/2023 11:44:05 AM INFO:: [Fuzzy] Closest Match Found. Changing HKU-1 => HCoVs - Seasonal (OC43, HKU-1, NL63, 229E)
03/31/2023 11:44:05 AM INFO:: [Fuzzy] Closest Match Found. Changing NL63 => HCoVs - Seasonal (OC43, HKU-1, NL63, 229E)
03/31/2023 11:44:05 AM INFO:: [Fuzzy] Closest Match Found. Changing 229E) => HCoVs - Seasonal (OC43, HKU-1, NL63, 229E)
03/31/2023 11:44:09 AM INFO:: [User Change] Covid-19 => COVID-19
03/31/2023 11:44:09 AM [INFO]:: [Fuzzy] Pfizer BioNTech COVID-19 vaccine ; VO:0004987 => Pfizer BioNTech COVID-19 vaccine; VO:0004987 : score 99
03/31/2023 11:44:09 AM [INFO]:: [Fuzzy] Pfizer BioNTech COVID-19 vaccine ; VO:0004987 => Pfizer BioNTech COVID-19 vaccine; VO:0004987 : score 99
03/31/2023 11:44:09 AM [INFO]:: [Fuzzy] Pfizer BioNTech COVID-19 vaccine ; VO:0004987 => Pfizer BioNTech COVID-19 vaccine; VO:0004987 : score 99
03/31/2023 11:44:09 AM [INFO]:: [Fuzzy] SARS-CoV-2 Wuhan / 2020 => SARS-CoV-2 Wuhan/2020 : score 95
03/31/2023 11:44:09 AM [INFO]:: [Fuzzy] SARS-CoV-2 Omicron; B.1.1.529; BA.1 => SARS-CoV-2 Omicron; B.1.1.529 : score 91
03/31/2023 11:44:09 AM [INFO]:: [Fuzzy] SARS-CoV-2 Wuhan / 2020 => SARS-CoV-2 Wuhan/2020 : score 95
03/31/2023 11:44:09 AM [INFO]:: [Fuzzy] SARS-CoV-2 Omicron; B.1.1.529; BA.1 => SARS-CoV-2 Omicron; B.1.1.529 : score 91
03/31/2023 11:44:09 AM [INFO]:: [Fuzzy] SARS-CoV-2 Wuhan / 2020 => SARS-CoV-2 Wuhan/2020 : score 95
03/31/2023 11:44:09 AM [INFO]:: [Fuzzy] SARS-CoV-2 Omicron; B.1.1.529; BA.1 => SARS-CoV-2 Omicron; B.1.1.529 : score 91
03/31/2023 11:44:09 AM INFO:: [Fuzzy] Closest Match Found. Changing Peripheral blood => Peripheral Blood Mononuclear Cell (PBMC)
03/31/2023 11:44:09 AM [INFO]:: [Fuzzy] SARS-CoV-2 Wuhan / 2020 => SARS-CoV-2 Wuhan/2020 : score 95
03/31/2023 11:44:09 AM [INFO]:: [Fuzzy] SARS-CoV-2 Omicron; B.1.1.529; BA.1 => SARS-CoV-2 Omicron; B.1.1.529 : score 91
03/31/2023 11:44:55 AM INFO:: [User Change] PBMCs or inguinal LN cells => Blood: Sorted B-cells
03/31/2023 11:44:55 AM [INFO]:: [Fuzzy] SARS-CoV-2 Wuhan / 2020 => SARS-CoV-2 Wuhan/2020 : score 95
03/31/2023 11:44:55 AM [INFO]:: [Fuzzy] SARS-CoV-2 Omicron; B.1.1.529; BA.1 => SARS-CoV-2 Omicron; B.1.1.529 : score 91
03/31/2023 12:02:02 PM INFO:: [Fuzzy] Closest Match Found. Changing Mass spectrometry => Mass Spectrometry
03/31/2023 12:02:07 PM INFO:: [User Change] Covid-19 => COVID-19
03/31/2023 12:02:07 PM INFO:: [Fuzzy] Closest Match Found. Changing HCoVs - Seasonal (OC43 => HCoVs - Seasonal (OC43, HKU-1, NL63, 229E)
03/31/2023 12:02:07 PM INFO:: [Fuzzy] Closest Match Found. Changing HKU-1 => HCoVs - Seasonal (OC43, HKU-1, NL63, 229E)
03/31/2023 12:02:07 PM INFO:: [Fuzzy] Closest Match Found. Changing NL63 => HCoVs - Seasonal (OC43, HKU-1, NL63, 229E)
03/31/2023 12:02:07 PM INFO:: [Fuzzy] Closest Match Found. Changing 229E) => HCoVs - Seasonal (OC43, HKU-1, NL63, 229E)
03/31/2023 12:02:07 PM INFO:: [Fuzzy] Closest Match Found. Changing HCoVs - Seasonal (OC43 => HCoVs - Seasonal (OC43, HKU-1, NL63, 229E)
03/31/2023 12:02:07 PM INFO:: [Fuzzy] Closest Match Found. Changing HKU-1 => HCoVs - Seasonal (OC43, HKU-1, NL63, 229E)
03/31/2023 12:02:07 PM INFO:: [Fuzzy] Closest Match Found. Changing NL63 => HCoVs - Seasonal (OC43, HKU-1, NL63, 229E)
03/31/2023 12:02:07 PM INFO:: [Fuzzy] Closest Match Found. Changing 229E) => HCoVs - Seasonal (OC43, HKU-1, NL63, 229E)
03/31/2023 12:02:09 PM INFO:: [User Change] Covid-19 => COVID-19
03/31/2023 12:02:09 PM INFO:: [Fuzzy] Closest Match Found. Changing HCoVs - Seasonal (OC43 => HCoVs - Seasonal (OC43, HKU-1, NL63, 229E)
03/31/2023 12:02:09 PM INFO:: [Fuzzy] Closest Match Found. Changing HKU-1 => HCoVs - Seasonal (OC43, HKU-1, NL63, 229E)
03/31/2023 12:02:09 PM INFO:: [Fuzzy] Closest Match Found. Changing NL63 => HCoVs - Seasonal (OC43, HKU-1, NL63, 229E)
03/31/2023 12:02:09 PM INFO:: [Fuzzy] Closest Match Found. Changing 229E) => HCoVs - Seasonal (OC43, HKU-1, NL63, 229E)
03/31/2023 12:02:09 PM INFO:: [Fuzzy] Closest Match Found. Changing SARS-CoV-2 Epsilon; B.1.427 => SARS-CoV-2 Epsilon; B.1.427 / B.1.429
03/31/2023 12:02:09 PM INFO:: [Fuzzy] Closest Match Found. Changing SARS-CoV-2 Epsilon; B.1.427 => SARS-CoV-2 Epsilon; B.1.427 / B.1.429
03/31/2023 12:02:09 PM INFO:: [Fuzzy] Closest Match Found. Changing B.1.429 => SARS-CoV-2 Epsilon; B.1.427 / B.1.429
03/31/2023 12:02:09 PM [INFO]:: [Fuzzy] SARS-CoV-2; B.1.526.2 => SARS-CoV-2 Mu; B.1.621 : score 84
03/31/2023 12:02:09 PM INFO:: [Fuzzy] Closest Match Found. Changing SARS-CoV-2 Theta; p.3 => SARS-CoV-2 Theta; P.3
03/31/2023 12:02:09 PM [INFO]:: [Fuzzy] Pfizer BioNTech COVID-19 vaccine ; VO:0004987 => Pfizer BioNTech COVID-19 vaccine; VO:0004987 : score 99
03/31/2023 12:02:09 PM [INFO]:: [Fuzzy] Oxford–AstraZeneca COVID-19 vaccine; VO:0005158 => Moderna COVID-19 vaccine; VO:0005157 : score 80
03/31/2023 12:02:09 PM [INFO]:: [Fuzzy] Moderna COVID-19 vaccine ; VO:0005157 => Moderna COVID-19 vaccine; VO:0005157 : score 99
03/31/2023 12:02:09 PM [INFO]:: [Fuzzy] Pfizer BioNTech COVID-19 vaccine ; VO:0004987 => Pfizer BioNTech COVID-19 vaccine; VO:0004987 : score 99
03/31/2023 12:02:09 PM INFO:: [Fuzzy] Closest Match Found. Changing HCoVs - Seasonal (OC43 => HCoVs - Seasonal (OC43, HKU-1, NL63, 229E)
03/31/2023 12:02:09 PM INFO:: [Fuzzy] Closest Match Found. Changing HKU-1 => HCoVs - Seasonal (OC43, HKU-1, NL63, 229E)
03/31/2023 12:02:09 PM INFO:: [Fuzzy] Closest Match Found. Changing NL63 => HCoVs - Seasonal (OC43, HKU-1, NL63, 229E)
03/31/2023 12:02:09 PM INFO:: [Fuzzy] Closest Match Found. Changing 229E) => HCoVs - Seasonal (OC43, HKU-1, NL63, 229E)
03/31/2023 12:02:09 PM INFO:: [Fuzzy] Closest Match Found. Changing SARS-CoV-2 Epsilon; B.1.427 => SARS-CoV-2 Epsilon; B.1.427 / B.1.429
03/31/2023 12:02:09 PM INFO:: [Fuzzy] Closest Match Found. Changing SARS-CoV-2 Epsilon; B.1.427 => SARS-CoV-2 Epsilon; B.1.427 / B.1.429
03/31/2023 12:02:09 PM INFO:: [Fuzzy] Closest Match Found. Changing B.1.429 => SARS-CoV-2 Epsilon; B.1.427 / B.1.429
03/31/2023 12:02:09 PM [INFO]:: [Fuzzy] SARS-CoV-2; B.1.526.2 => SARS-CoV-2 Mu; B.1.621 : score 84
03/31/2023 12:02:09 PM INFO:: [Fuzzy] Closest Match Found. Changing SARS-CoV-2 Theta; p.3 => SARS-CoV-2 Theta; P.3
03/31/2023 12:03:02 PM INFO:: [Fuzzy] Closest Match Found. Changing Mass spectrometry => Mass Spectrometry
03/31/2023 12:03:04 PM INFO:: [User Change] Covid-19 => COVID-19
03/31/2023 12:03:04 PM INFO:: [Fuzzy] Closest Match Found. Changing HCoVs - Seasonal (OC43 => HCoVs - Seasonal (OC43, HKU-1, NL63, 229E)
03/31/2023 12:03:04 PM INFO:: [Fuzzy] Closest Match Found. Changing HKU-1 => HCoVs - Seasonal (OC43, HKU-1, NL63, 229E)
03/31/2023 12:03:04 PM INFO:: [Fuzzy] Closest Match Found. Changing NL63 => HCoVs - Seasonal (OC43, HKU-1, NL63, 229E)
03/31/2023 12:03:04 PM INFO:: [Fuzzy] Closest Match Found. Changing 229E) => HCoVs - Seasonal (OC43, HKU-1, NL63, 229E)
03/31/2023 12:03:04 PM INFO:: [Fuzzy] Closest Match Found. Changing SARS-CoV-2 Epsilon; B.1.427 => SARS-CoV-2 Epsilon; B.1.427 / B.1.429
03/31/2023 12:03:04 PM INFO:: [Fuzzy] Closest Match Found. Changing SARS-CoV-2 Epsilon; B.1.427 => SARS-CoV-2 Epsilon; B.1.427 / B.1.429
03/31/2023 12:03:04 PM INFO:: [Fuzzy] Closest Match Found. Changing B.1.429 => SARS-CoV-2 Epsilon; B.1.427 / B.1.429
03/31/2023 12:03:04 PM [INFO]:: [Fuzzy] SARS-CoV-2; B.1.526.2 => SARS-CoV-2 Mu; B.1.621 : score 84
03/31/2023 12:03:04 PM INFO:: [Fuzzy] Closest Match Found. Changing SARS-CoV-2 Theta; p.3 => SARS-CoV-2 Theta; P.3
03/31/2023 12:03:04 PM [INFO]:: [Fuzzy] Pfizer BioNTech COVID-19 vaccine ; VO:0004987 => Pfizer BioNTech COVID-19 vaccine; VO:0004987 : score 99
03/31/2023 12:03:04 PM [INFO]:: [Fuzzy] Oxford–AstraZeneca COVID-19 vaccine; VO:0005158 => Moderna COVID-19 vaccine; VO:0005157 : score 80
03/31/2023 12:03:04 PM [INFO]:: [Fuzzy] Moderna COVID-19 vaccine ; VO:0005157 => Moderna COVID-19 vaccine; VO:0005157 : score 99
03/31/2023 12:03:04 PM [INFO]:: [Fuzzy] Pfizer BioNTech COVID-19 vaccine ; VO:0004987 => Pfizer BioNTech COVID-19 vaccine; VO:0004987 : score 99
03/31/2023 12:03:04 PM INFO:: [Fuzzy] Closest Match Found. Changing HCoVs - Seasonal (OC43 => HCoVs - Seasonal (OC43, HKU-1, NL63, 229E)
03/31/2023 12:03:04 PM INFO:: [Fuzzy] Closest Match Found. Changing HKU-1 => HCoVs - Seasonal (OC43, HKU-1, NL63, 229E)
03/31/2023 12:03:04 PM INFO:: [Fuzzy] Closest Match Found. Changing NL63 => HCoVs - Seasonal (OC43, HKU-1, NL63, 229E)
03/31/2023 12:03:04 PM INFO:: [Fuzzy] Closest Match Found. Changing 229E) => HCoVs - Seasonal (OC43, HKU-1, NL63, 229E)
03/31/2023 12:03:04 PM INFO:: [Fuzzy] Closest Match Found. Changing SARS-CoV-2 Epsilon; B.1.427 => SARS-CoV-2 Epsilon; B.1.427 / B.1.429
03/31/2023 12:03:04 PM INFO:: [Fuzzy] Closest Match Found. Changing SARS-CoV-2 Epsilon; B.1.427 => SARS-CoV-2 Epsilon; B.1.427 / B.1.429
03/31/2023 12:03:04 PM INFO:: [Fuzzy] Closest Match Found. Changing B.1.429 => SARS-CoV-2 Epsilon; B.1.427 / B.1.429
03/31/2023 12:03:04 PM [INFO]:: [Fuzzy] SARS-CoV-2; B.1.526.2 => SARS-CoV-2 Mu; B.1.621 : score 84
03/31/2023 12:03:04 PM INFO:: [Fuzzy] Closest Match Found. Changing SARS-CoV-2 Theta; p.3 => SARS-CoV-2 Theta; P.3
03/31/2023 12:04:04 PM INFO:: [Fuzzy] Closest Match Found. Changing Mass spectrometry => Mass Spectrometry
03/31/2023 12:04:11 PM INFO:: [User Change] Other => Other Race
03/31/2023 12:04:15 PM INFO:: [User Change] Covid-19 => COVID-19
03/31/2023 12:04:19 PM INFO:: [User Change] Other => Other Race
03/31/2023 12:04:19 PM INFO:: [Fuzzy] Closest Match Found. Changing Not Specified => Not specified
03/31/2023 12:04:32 PM INFO:: [User Change] Not Specified => Unknown
03/31/2023 12:04:46 PM INFO:: [User Change] Not Specified => Unknown
03/31/2023 12:04:46 PM INFO:: [Fuzzy] Closest Match Found. Changing serum => Serum
03/31/2023 12:04:46 PM [INFO]:: [Fuzzy] blood => Blood : score 80
03/31/2023 12:04:46 PM INFO:: [Fuzzy] Closest Match Found. Changing HCoVs - Seasonal (OC43 => HCoVs - Seasonal (OC43, HKU-1, NL63, 229E)
03/31/2023 12:04:46 PM INFO:: [Fuzzy] Closest Match Found. Changing HKU-1 => HCoVs - Seasonal (OC43, HKU-1, NL63, 229E)
03/31/2023 12:04:46 PM INFO:: [Fuzzy] Closest Match Found. Changing NL63 => HCoVs - Seasonal (OC43, HKU-1, NL63, 229E)
03/31/2023 12:04:46 PM INFO:: [Fuzzy] Closest Match Found. Changing 229E) => HCoVs - Seasonal (OC43, HKU-1, NL63, 229E)
03/31/2023 12:04:46 PM INFO:: [Fuzzy] Closest Match Found. Changing serum => Serum
03/31/2023 12:04:46 PM [INFO]:: [Fuzzy] blood => Blood : score 80
03/31/2023 12:04:46 PM INFO:: [Fuzzy] Closest Match Found. Changing serum => Serum
03/31/2023 12:04:46 PM [INFO]:: [Fuzzy] blood => Blood : score 80
03/31/2023 12:04:53 PM INFO:: [User Change] Covid-19 => COVID-19
03/31/2023 12:04:58 PM INFO:: [User Change] Covid-19 => COVID-19
03/31/2023 12:05:00 PM [INFO]:: [Fuzzy] Moderna COVID-19 vaccine ; VO:0005157 => Moderna COVID-19 vaccine; VO:0005157 : score 99
03/31/2023 12:05:00 PM [INFO]:: [Fuzzy] Pfizer BioNTech COVID-19 vaccine ; VO:0004987 => Pfizer BioNTech COVID-19 vaccine; VO:0004987 : score 99
03/31/2023 12:05:00 PM [INFO]:: [Fuzzy] Moderna COVID-19 vaccine ; VO:0005157 => Moderna COVID-19 vaccine; VO:0005157 : score 99
03/31/2023 12:05:00 PM [INFO]:: [Fuzzy] Pfizer BioNTech COVID-19 vaccine ; VO:0004987 => Pfizer BioNTech COVID-19 vaccine; VO:0004987 : score 99
03/31/2023 12:05:00 PM [INFO]:: [Fuzzy] SARS-CoV-2 WA1/2020 (D614 variant) => SARS-CoV-2 WA1/2020 (D614G variant) : score 99
03/31/2023 12:05:00 PM [INFO]:: [Fuzzy] SARS-CoV-2 WA1/2020 (D614 variant) => SARS-CoV-2 WA1/2020 (D614G variant) : score 99
03/31/2023 12:05:00 PM [INFO]:: [Fuzzy] SARS-CoV-2 WA1/2020 (D614 variant) => SARS-CoV-2 WA1/2020 (D614G variant) : score 99
03/31/2023 12:05:00 PM [INFO]:: [Fuzzy] SARS-CoV-2 WA1/2020 (D614 variant) => SARS-CoV-2 WA1/2020 (D614G variant) : score 99
03/31/2023 12:05:00 PM [INFO]:: [Fuzzy] SARS-CoV-2 WA1/2020 (D614 variant) => SARS-CoV-2 WA1/2020 (D614G variant) : score 99
03/31/2023 12:05:00 PM [INFO]:: [Fuzzy] SARS-CoV-2 WA1/2020 (D614 variant) => SARS-CoV-2 WA1/2020 (D614G variant) : score 99
03/31/2023 12:05:00 PM INFO:: [Fuzzy] Closest Match Found. Changing Vaccine response => Vaccine Response
03/31/2023 12:05:12 PM INFO:: [User Change] Not Specified => Not Applicable
03/31/2023 12:30:52 PM INFO:: [User Change] Critical => Severe
03/31/2023 12:30:55 PM INFO:: [User Change] Critical => Severe
03/31/2023 12:30:55 PM [INFO]:: [Fuzzy] Pfizer BioNTech COVID-19 vaccine ; VO:0004987 => Pfizer BioNTech COVID-19 vaccine; VO:0004987 : score 99
03/31/2023 12:30:55 PM [INFO]:: [Fuzzy] Moderna COVID-19 vaccine ; VO:0005157 => Moderna COVID-19 vaccine; VO:0005157 : score 99
03/31/2023 12:30:55 PM INFO:: [Fuzzy] Closest Match Found. Changing nucleocapsid => Nucleocapsid
03/31/2023 12:30:55 PM INFO:: [Fuzzy] Closest Match Found. Changing nucleocapsid => Nucleocapsid
03/31/2023 12:31:03 PM INFO:: [User Change] Covid-19 => COVID-19
03/31/2023 12:31:04 PM INFO:: [User Change] Covid-19 => COVID-19
03/31/2023 12:31:08 PM INFO:: [User Change] Not Specified => Not Applicable
03/31/2023 12:31:08 PM INFO:: [Fuzzy] Closest Match Found. Changing African American => Black or African American
03/31/2023 12:31:08 PM INFO:: [Fuzzy] Closest Match Found. Changing Native Hawaiian => Native Hawaiian or Other Pacific Islander
03/31/2023 12:31:10 PM INFO:: [User Change] Other => Other Race
03/31/2023 12:31:10 PM INFO:: [Fuzzy] Closest Match Found. Changing African American => Black or African American
03/31/2023 12:31:10 PM INFO:: [Fuzzy] Closest Match Found. Changing Native Hawaiian => Native Hawaiian or Other Pacific Islander
03/31/2023 12:31:11 PM INFO:: [User Change] Other => Other Race
03/31/2023 12:31:11 PM INFO:: [Fuzzy] Closest Match Found. Changing African American => Black or African American
03/31/2023 12:31:11 PM INFO:: [Fuzzy] Closest Match Found. Changing Native Hawaiian => Native Hawaiian or Other Pacific Islander
03/31/2023 12:31:13 PM INFO:: [User Change] Other => Other Race
03/31/2023 12:31:13 PM INFO:: [Fuzzy] Closest Match Found. Changing HCoVs - Seasonal (OC43 => HCoVs - Seasonal (OC43, HKU-1, NL63, 229E)
03/31/2023 12:31:13 PM INFO:: [Fuzzy] Closest Match Found. Changing HKU-1 => HCoVs - Seasonal (OC43, HKU-1, NL63, 229E)
03/31/2023 12:31:13 PM INFO:: [Fuzzy] Closest Match Found. Changing NL63 => HCoVs - Seasonal (OC43, HKU-1, NL63, 229E)
03/31/2023 12:31:13 PM INFO:: [Fuzzy] Closest Match Found. Changing 229E) => HCoVs - Seasonal (OC43, HKU-1, NL63, 229E)
03/31/2023 12:31:15 PM INFO:: [User Change] Other => Other Race
03/31/2023 12:31:17 PM INFO:: [User Change] Other => Other Race
03/31/2023 12:31:19 PM INFO:: [User Change] Covid-19 => COVID-19
03/31/2023 12:31:19 PM [INFO]:: [Fuzzy] Western blottting => Western Blot : score 76
03/31/2023 12:31:56 PM INFO:: [Fuzzy] Closest Match Found. Changing Mass spectrometry => Mass Spectrometry
03/31/2023 12:32:19 PM INFO:: [User Change] Other => Other Race
03/31/2023 12:32:21 PM INFO:: [User Change] Covid-19 => COVID-19
03/31/2023 12:32:24 PM INFO:: [User Change] Other => Other Race
03/31/2023 12:32:24 PM INFO:: [Fuzzy] Closest Match Found. Changing Not Specified => Not specified
03/31/2023 12:32:36 PM INFO:: [User Change] Not Specified => N/A
03/31/2023 12:32:52 PM INFO:: [User Change] Not Specified => Unknown
03/31/2023 12:32:52 PM INFO:: [Fuzzy] Closest Match Found. Changing serum => Serum
03/31/2023 12:32:52 PM [INFO]:: [Fuzzy] blood => Blood : score 80
03/31/2023 12:32:52 PM INFO:: [Fuzzy] Closest Match Found. Changing HCoVs - Seasonal (OC43 => HCoVs - Seasonal (OC43, HKU-1, NL63, 229E)
03/31/2023 12:32:52 PM INFO:: [Fuzzy] Closest Match Found. Changing HKU-1 => HCoVs - Seasonal (OC43, HKU-1, NL63, 229E)
03/31/2023 12:32:52 PM INFO:: [Fuzzy] Closest Match Found. Changing NL63 => HCoVs - Seasonal (OC43, HKU-1, NL63, 229E)
03/31/2023 12:32:52 PM INFO:: [Fuzzy] Closest Match Found. Changing 229E) => HCoVs - Seasonal (OC43, HKU-1, NL63, 229E)
03/31/2023 12:32:52 PM INFO:: [Fuzzy] Closest Match Found. Changing serum => Serum
03/31/2023 12:32:52 PM [INFO]:: [Fuzzy] blood => Blood : score 80
03/31/2023 12:32:52 PM INFO:: [Fuzzy] Closest Match Found. Changing serum => Serum
03/31/2023 12:32:52 PM [INFO]:: [Fuzzy] blood => Blood : score 80
03/31/2023 12:32:55 PM INFO:: [User Change] Covid-19 => COVID-19
03/31/2023 12:32:57 PM INFO:: [User Change] Covid-19 => COVID-19
03/31/2023 12:32:57 PM [INFO]:: [Fuzzy] Moderna COVID-19 vaccine ; VO:0005157 => Moderna COVID-19 vaccine; VO:0005157 : score 99
03/31/2023 12:32:57 PM [INFO]:: [Fuzzy] Pfizer BioNTech COVID-19 vaccine ; VO:0004987 => Pfizer BioNTech COVID-19 vaccine; VO:0004987 : score 99
03/31/2023 12:32:57 PM [INFO]:: [Fuzzy] Moderna COVID-19 vaccine ; VO:0005157 => Moderna COVID-19 vaccine; VO:0005157 : score 99
03/31/2023 12:32:57 PM [INFO]:: [Fuzzy] Pfizer BioNTech COVID-19 vaccine ; VO:0004987 => Pfizer BioNTech COVID-19 vaccine; VO:0004987 : score 99
03/31/2023 12:32:57 PM [INFO]:: [Fuzzy] SARS-CoV-2 WA1/2020 (D614 variant) => SARS-CoV-2 WA1/2020 (D614G variant) : score 99
03/31/2023 12:32:57 PM [INFO]:: [Fuzzy] SARS-CoV-2 WA1/2020 (D614 variant) => SARS-CoV-2 WA1/2020 (D614G variant) : score 99
03/31/2023 12:32:57 PM [INFO]:: [Fuzzy] SARS-CoV-2 WA1/2020 (D614 variant) => SARS-CoV-2 WA1/2020 (D614G variant) : score 99
03/31/2023 12:32:57 PM [INFO]:: [Fuzzy] SARS-CoV-2 WA1/2020 (D614 variant) => SARS-CoV-2 WA1/2020 (D614G variant) : score 99
03/31/2023 12:32:57 PM [INFO]:: [Fuzzy] SARS-CoV-2 WA1/2020 (D614 variant) => SARS-CoV-2 WA1/2020 (D614G variant) : score 99
03/31/2023 12:32:57 PM [INFO]:: [Fuzzy] SARS-CoV-2 WA1/2020 (D614 variant) => SARS-CoV-2 WA1/2020 (D614G variant) : score 99
03/31/2023 12:32:57 PM INFO:: [Fuzzy] Closest Match Found. Changing Vaccine response => Vaccine Response
03/31/2023 12:33:02 PM INFO:: [User Change] Not Specified => Not Applicable
03/31/2023 12:33:12 PM INFO:: [User Change] Critical => Severe
03/31/2023 12:33:14 PM INFO:: [User Change] Critical => Severe
03/31/2023 12:33:14 PM [INFO]:: [Fuzzy] Pfizer BioNTech COVID-19 vaccine ; VO:0004987 => Pfizer BioNTech COVID-19 vaccine; VO:0004987 : score 99
03/31/2023 12:33:14 PM [INFO]:: [Fuzzy] Moderna COVID-19 vaccine ; VO:0005157 => Moderna COVID-19 vaccine; VO:0005157 : score 99
03/31/2023 12:33:14 PM INFO:: [Fuzzy] Closest Match Found. Changing nucleocapsid => Nucleocapsid
03/31/2023 12:33:14 PM INFO:: [Fuzzy] Closest Match Found. Changing nucleocapsid => Nucleocapsid
03/31/2023 12:33:16 PM INFO:: [User Change] Covid-19 => COVID-19
03/31/2023 12:33:19 PM INFO:: [User Change] Covid-19 => COVID-19
03/31/2023 12:33:29 PM INFO:: [User Change] Not Specified => Not Applicable
03/31/2023 12:33:29 PM INFO:: [Fuzzy] Closest Match Found. Changing African American => Black or African American
03/31/2023 12:33:29 PM INFO:: [Fuzzy] Closest Match Found. Changing Native Hawaiian => Native Hawaiian or Other Pacific Islander
03/31/2023 12:33:32 PM INFO:: [User Change] Other => Other Race
03/31/2023 12:33:32 PM INFO:: [Fuzzy] Closest Match Found. Changing African American => Black or African American
03/31/2023 12:33:32 PM INFO:: [Fuzzy] Closest Match Found. Changing Native Hawaiian => Native Hawaiian or Other Pacific Islander
03/31/2023 12:33:38 PM INFO:: [User Change] Other => Other Race
03/31/2023 12:33:38 PM INFO:: [Fuzzy] Closest Match Found. Changing African American => Black or African American
03/31/2023 12:33:38 PM INFO:: [Fuzzy] Closest Match Found. Changing Native Hawaiian => Native Hawaiian or Other Pacific Islander
03/31/2023 12:33:39 PM INFO:: [User Change] Other => Other Race
03/31/2023 12:33:39 PM INFO:: [Fuzzy] Closest Match Found. Changing HCoVs - Seasonal (OC43 => HCoVs - Seasonal (OC43, HKU-1, NL63, 229E)
03/31/2023 12:33:39 PM INFO:: [Fuzzy] Closest Match Found. Changing HKU-1 => HCoVs - Seasonal (OC43, HKU-1, NL63, 229E)
03/31/2023 12:33:39 PM INFO:: [Fuzzy] Closest Match Found. Changing NL63 => HCoVs - Seasonal (OC43, HKU-1, NL63, 229E)
03/31/2023 12:33:39 PM INFO:: [Fuzzy] Closest Match Found. Changing 229E) => HCoVs - Seasonal (OC43, HKU-1, NL63, 229E)
03/31/2023 12:33:41 PM INFO:: [User Change] Other => Other Race
03/31/2023 12:33:43 PM INFO:: [User Change] Other => Other Race
03/31/2023 12:33:47 PM INFO:: [User Change] Covid-19 => COVID-19
03/31/2023 12:33:48 PM [INFO]:: [Fuzzy] Western blottting => Western Blot : score 76
03/31/2023 12:33:48 PM [INFO]:: [Fuzzy] SARS-CoV-2 WA1/2020 (D614 variant) => SARS-CoV-2 WA1/2020 (D614G variant) : score 99
03/31/2023 12:33:48 PM [INFO]:: [Fuzzy] SARS-CoV-2 Lamda; C.37 => SARS-CoV-2 Lambda; C.37 : score 98
03/31/2023 12:33:48 PM [INFO]:: [Fuzzy] SARS-CoV-2 WA1/2020 (D614 variant) => SARS-CoV-2 WA1/2020 (D614G variant) : score 99
03/31/2023 12:33:48 PM [INFO]:: [Fuzzy] SARS-CoV-2 Lamda; C.37 => SARS-CoV-2 Lambda; C.37 : score 98
03/31/2023 12:33:48 PM INFO:: [Fuzzy] Closest Match Found. Changing SARS-CoV-2 WA1/2020 => SARS-CoV-2 WA1/2020 (D614G variant)
03/31/2023 12:33:48 PM [INFO]:: [Fuzzy] SARS-CoV-2 WA1/2020 (D614 variant) => SARS-CoV-2 WA1/2020 (D614G variant) : score 99
03/31/2023 12:33:48 PM [INFO]:: [Fuzzy] SARS-CoV-2 Lamda; C.37 => SARS-CoV-2 Lambda; C.37 : score 98
03/31/2023 12:33:54 PM INFO:: [User Change] Not Specified => Not Applicable
03/31/2023 12:33:58 PM INFO:: [User Change] Not Specified => Not Applicable
03/31/2023 12:34:04 PM INFO:: [User Change] Other => Other Race
03/31/2023 12:34:06 PM INFO:: [User Change] Other => Other Race
03/31/2023 12:34:07 PM INFO:: [User Change] Other => Other Race
03/31/2023 12:34:07 PM INFO:: [Fuzzy] Closest Match Found. Changing Nasal swab => Nasal Swab
03/31/2023 12:35:33 PM INFO:: [User Change] Rectal Swab => Other
03/31/2023 12:35:35 PM INFO:: [User Change] Not Specified => Not Applicable
03/31/2023 12:35:37 PM INFO:: [User Change] Covid-19 => COVID-19
03/31/2023 12:36:52 PM INFO:: [User Change] Other => Netherlands
03/31/2023 12:36:54 PM INFO:: [User Change] Other => Netherlands
03/31/2023 12:36:54 PM INFO:: [Fuzzy] Closest Match Found. Changing other => Other
03/31/2023 12:36:56 PM INFO:: [User Change] Not Specified => Not Applicable
03/31/2023 12:36:56 PM [INFO]:: [Fuzzy] Pfizer BioNTech COVID-19 vaccine ; VO:0004987 => Pfizer BioNTech COVID-19 vaccine; VO:0004987 : score 99
03/31/2023 12:36:56 PM [INFO]:: [Fuzzy] Moderna COVID-19 vaccine ; VO:0005157 => Moderna COVID-19 vaccine; VO:0005157 : score 99
03/31/2023 12:36:57 PM INFO:: [User Change] Not Specified => Not Applicable
03/31/2023 12:37:01 PM INFO:: [User Change] Not Specified => Not Applicable
03/31/2023 12:37:53 PM INFO:: [User Change] Fluorescent Antibody Procedure => Neutralizing Antibody Titer Assay
03/31/2023 12:37:56 PM INFO:: [User Change] Covid-19 => COVID-19
03/31/2023 12:37:56 PM INFO:: [Fuzzy] Closest Match Found. Changing HCoVs - Seasonal (OC43 => HCoVs - Seasonal (OC43, HKU-1, NL63, 229E)
03/31/2023 12:37:56 PM INFO:: [Fuzzy] Closest Match Found. Changing HKU-1 => HCoVs - Seasonal (OC43, HKU-1, NL63, 229E)
03/31/2023 12:37:56 PM INFO:: [Fuzzy] Closest Match Found. Changing NL63 => HCoVs - Seasonal (OC43, HKU-1, NL63, 229E)
03/31/2023 12:37:56 PM INFO:: [Fuzzy] Closest Match Found. Changing 229E) => HCoVs - Seasonal (OC43, HKU-1, NL63, 229E)
03/31/2023 12:38:32 PM INFO:: [User Change] Cell Line => Healthy Control
03/31/2023 12:38:35 PM INFO:: [User Change] Not specified => Other
03/31/2023 12:38:35 PM [INFO]:: [Fuzzy] SARS-Cov-2 => SARS-CoV-2 : score 90
03/31/2023 12:38:35 PM [INFO]:: [Fuzzy] SARS-Cov-2 => SARS-CoV-2 : score 90
03/31/2023 01:03:42 PM INFO:: [Fuzzy] Closest Match Found. Changing Mass spectrometry => Mass Spectrometry
03/31/2023 01:03:47 PM INFO:: [User Change] Covid-19 => COVID-19
03/31/2023 01:03:47 PM INFO:: [Fuzzy] Closest Match Found. Changing HCoVs - Seasonal (OC43 => HCoVs - Seasonal (OC43, HKU-1, NL63, 229E)
03/31/2023 01:03:47 PM INFO:: [Fuzzy] Closest Match Found. Changing HKU-1 => HCoVs - Seasonal (OC43, HKU-1, NL63, 229E)
03/31/2023 01:03:47 PM INFO:: [Fuzzy] Closest Match Found. Changing NL63 => HCoVs - Seasonal (OC43, HKU-1, NL63, 229E)
03/31/2023 01:03:47 PM INFO:: [Fuzzy] Closest Match Found. Changing 229E) => HCoVs - Seasonal (OC43, HKU-1, NL63, 229E)
03/31/2023 01:03:47 PM INFO:: [Fuzzy] Closest Match Found. Changing HCoVs - Seasonal (OC43 => HCoVs - Seasonal (OC43, HKU-1, NL63, 229E)
03/31/2023 01:03:47 PM INFO:: [Fuzzy] Closest Match Found. Changing HKU-1 => HCoVs - Seasonal (OC43, HKU-1, NL63, 229E)
03/31/2023 01:03:47 PM INFO:: [Fuzzy] Closest Match Found. Changing NL63 => HCoVs - Seasonal (OC43, HKU-1, NL63, 229E)
03/31/2023 01:03:47 PM INFO:: [Fuzzy] Closest Match Found. Changing 229E) => HCoVs - Seasonal (OC43, HKU-1, NL63, 229E)
03/31/2023 01:03:49 PM INFO:: [User Change] Covid-19 => COVID-19
03/31/2023 01:03:49 PM [INFO]:: [Fuzzy] Pfizer BioNTech COVID-19 vaccine ; VO:0004987 => Pfizer BioNTech COVID-19 vaccine; VO:0004987 : score 99
03/31/2023 01:03:49 PM [INFO]:: [Fuzzy] Pfizer BioNTech COVID-19 vaccine ; VO:0004987 => Pfizer BioNTech COVID-19 vaccine; VO:0004987 : score 99
03/31/2023 01:03:49 PM [INFO]:: [Fuzzy] Pfizer BioNTech COVID-19 vaccine ; VO:0004987 => Pfizer BioNTech COVID-19 vaccine; VO:0004987 : score 99
03/31/2023 01:03:49 PM [INFO]:: [Fuzzy] SARS-CoV-2 Wuhan / 2020 => SARS-CoV-2 Wuhan/2020 : score 95
03/31/2023 01:03:49 PM [INFO]:: [Fuzzy] SARS-CoV-2 Omicron; B.1.1.529; BA.1 => SARS-CoV-2 Omicron; B.1.1.529 : score 91
03/31/2023 01:03:49 PM [INFO]:: [Fuzzy] SARS-CoV-2 Wuhan / 2020 => SARS-CoV-2 Wuhan/2020 : score 95
03/31/2023 01:03:49 PM [INFO]:: [Fuzzy] SARS-CoV-2 Omicron; B.1.1.529; BA.1 => SARS-CoV-2 Omicron; B.1.1.529 : score 91
03/31/2023 01:03:49 PM [INFO]:: [Fuzzy] SARS-CoV-2 Wuhan / 2020 => SARS-CoV-2 Wuhan/2020 : score 95
03/31/2023 01:03:49 PM [INFO]:: [Fuzzy] SARS-CoV-2 Omicron; B.1.1.529; BA.1 => SARS-CoV-2 Omicron; B.1.1.529 : score 91
03/31/2023 01:03:49 PM INFO:: [Fuzzy] Closest Match Found. Changing Peripheral blood => Peripheral Blood Mononuclear Cell (PBMC)
03/31/2023 01:03:49 PM [INFO]:: [Fuzzy] SARS-CoV-2 Wuhan / 2020 => SARS-CoV-2 Wuhan/2020 : score 95
03/31/2023 01:03:49 PM [INFO]:: [Fuzzy] SARS-CoV-2 Omicron; B.1.1.529; BA.1 => SARS-CoV-2 Omicron; B.1.1.529 : score 91
03/31/2023 01:04:05 PM INFO:: [User Change] PBMCs or inguinal LN cells => Blood: Sorted B-cells
03/31/2023 01:04:05 PM [INFO]:: [Fuzzy] SARS-CoV-2 Wuhan / 2020 => SARS-CoV-2 Wuhan/2020 : score 95
03/31/2023 01:04:05 PM [INFO]:: [Fuzzy] SARS-CoV-2 Omicron; B.1.1.529; BA.1 => SARS-CoV-2 Omicron; B.1.1.529 : score 91
03/31/2023 01:04:17 PM INFO:: [User Change] bronchoalveolar lavage and nasal swab => Bronchoalveolar lavage
03/31/2023 01:04:17 PM [INFO]:: [Fuzzy] SARS-CoV-2 Wuhan / 2020 => SARS-CoV-2 Wuhan/2020 : score 95
03/31/2023 01:04:17 PM [INFO]:: [Fuzzy] SARS-CoV-2 Omicron; B.1.1.529; BA.1 => SARS-CoV-2 Omicron; B.1.1.529 : score 91
03/31/2023 01:04:17 PM [INFO]:: [Fuzzy] Neutralization Assay => Pseudovirus Neutralization Assay : score 77
03/31/2023 01:04:19 PM INFO:: [User Change] bronchoalveolar lavage and nasal swab => Bronchoalveolar lavage
03/31/2023 01:04:19 PM [INFO]:: [Fuzzy] Post-acute Sequelae of COVID-20 => Post-acute Sequelae of COVID-19 : score 94
03/31/2023 01:04:19 PM [INFO]:: [Fuzzy] SARS-CoV-2 Wuhan / 2020 => SARS-CoV-2 Wuhan/2020 : score 95
03/31/2023 01:04:19 PM [INFO]:: [Fuzzy] SARS-CoV-2 Omicron; B.1.1.529; BA.1 => SARS-CoV-2 Omicron; B.1.1.529 : score 91
03/31/2023 01:04:21 PM INFO:: [User Change] Covid-19 => COVID-19
03/31/2023 01:04:21 PM INFO:: [Fuzzy] Closest Match Found. Changing HCoVs - Seasonal (OC43 => HCoVs - Seasonal (OC43, HKU-1, NL63, 229E)
03/31/2023 01:04:21 PM INFO:: [Fuzzy] Closest Match Found. Changing HKU-1 => HCoVs - Seasonal (OC43, HKU-1, NL63, 229E)
03/31/2023 01:04:21 PM INFO:: [Fuzzy] Closest Match Found. Changing NL63 => HCoVs - Seasonal (OC43, HKU-1, NL63, 229E)
03/31/2023 01:04:21 PM INFO:: [Fuzzy] Closest Match Found. Changing 229E) => HCoVs - Seasonal (OC43, HKU-1, NL63, 229E)
03/31/2023 01:04:21 PM INFO:: [Fuzzy] Closest Match Found. Changing SARS-CoV-2 Epsilon; B.1.427 => SARS-CoV-2 Epsilon; B.1.427 / B.1.429
03/31/2023 01:04:21 PM INFO:: [Fuzzy] Closest Match Found. Changing SARS-CoV-2 Epsilon; B.1.427 => SARS-CoV-2 Epsilon; B.1.427 / B.1.429
03/31/2023 01:04:21 PM INFO:: [Fuzzy] Closest Match Found. Changing B.1.429 => SARS-CoV-2 Epsilon; B.1.427 / B.1.429
03/31/2023 01:04:21 PM [INFO]:: [Fuzzy] SARS-CoV-2; B.1.526.2 => SARS-CoV-2 Mu; B.1.621 : score 84
03/31/2023 01:04:21 PM INFO:: [Fuzzy] Closest Match Found. Changing SARS-CoV-2 Theta; p.3 => SARS-CoV-2 Theta; P.3
03/31/2023 01:04:21 PM [INFO]:: [Fuzzy] Pfizer BioNTech COVID-19 vaccine ; VO:0004987 => Pfizer BioNTech COVID-19 vaccine; VO:0004987 : score 99
03/31/2023 01:04:21 PM [INFO]:: [Fuzzy] Oxford–AstraZeneca COVID-19 vaccine; VO:0005158 => Moderna COVID-19 vaccine; VO:0005157 : score 80
03/31/2023 01:04:21 PM [INFO]:: [Fuzzy] Moderna COVID-19 vaccine ; VO:0005157 => Moderna COVID-19 vaccine; VO:0005157 : score 99
03/31/2023 01:04:21 PM [INFO]:: [Fuzzy] Pfizer BioNTech COVID-19 vaccine ; VO:0004987 => Pfizer BioNTech COVID-19 vaccine; VO:0004987 : score 99
03/31/2023 01:04:21 PM INFO:: [Fuzzy] Closest Match Found. Changing HCoVs - Seasonal (OC43 => HCoVs - Seasonal (OC43, HKU-1, NL63, 229E)
03/31/2023 01:04:21 PM INFO:: [Fuzzy] Closest Match Found. Changing HKU-1 => HCoVs - Seasonal (OC43, HKU-1, NL63, 229E)
03/31/2023 01:04:21 PM INFO:: [Fuzzy] Closest Match Found. Changing NL63 => HCoVs - Seasonal (OC43, HKU-1, NL63, 229E)
03/31/2023 01:04:21 PM INFO:: [Fuzzy] Closest Match Found. Changing 229E) => HCoVs - Seasonal (OC43, HKU-1, NL63, 229E)
03/31/2023 01:04:21 PM INFO:: [Fuzzy] Closest Match Found. Changing SARS-CoV-2 Epsilon; B.1.427 => SARS-CoV-2 Epsilon; B.1.427 / B.1.429
03/31/2023 01:04:21 PM INFO:: [Fuzzy] Closest Match Found. Changing SARS-CoV-2 Epsilon; B.1.427 => SARS-CoV-2 Epsilon; B.1.427 / B.1.429
03/31/2023 01:04:21 PM INFO:: [Fuzzy] Closest Match Found. Changing B.1.429 => SARS-CoV-2 Epsilon; B.1.427 / B.1.429
03/31/2023 01:04:21 PM [INFO]:: [Fuzzy] SARS-CoV-2; B.1.526.2 => SARS-CoV-2 Mu; B.1.621 : score 84
03/31/2023 01:04:21 PM INFO:: [Fuzzy] Closest Match Found. Changing SARS-CoV-2 Theta; p.3 => SARS-CoV-2 Theta; P.3
03/31/2023 01:05:43 PM INFO:: [Fuzzy] Closest Match Found. Changing Mass spectrometry => Mass Spectrometry
03/31/2023 01:05:46 PM INFO:: [User Change] Covid-19 => COVID-19
03/31/2023 01:05:46 PM INFO:: [Fuzzy] Closest Match Found. Changing HCoVs - Seasonal (OC43 => HCoVs - Seasonal (OC43, HKU-1, NL63, 229E)
03/31/2023 01:05:46 PM INFO:: [Fuzzy] Closest Match Found. Changing HKU-1 => HCoVs - Seasonal (OC43, HKU-1, NL63, 229E)
03/31/2023 01:05:46 PM INFO:: [Fuzzy] Closest Match Found. Changing NL63 => HCoVs - Seasonal (OC43, HKU-1, NL63, 229E)
03/31/2023 01:05:46 PM INFO:: [Fuzzy] Closest Match Found. Changing 229E) => HCoVs - Seasonal (OC43, HKU-1, NL63, 229E)
03/31/2023 01:05:46 PM INFO:: [Fuzzy] Closest Match Found. Changing HCoVs - Seasonal (OC43 => HCoVs - Seasonal (OC43, HKU-1, NL63, 229E)
03/31/2023 01:05:46 PM INFO:: [Fuzzy] Closest Match Found. Changing HKU-1 => HCoVs - Seasonal (OC43, HKU-1, NL63, 229E)
03/31/2023 01:05:46 PM INFO:: [Fuzzy] Closest Match Found. Changing NL63 => HCoVs - Seasonal (OC43, HKU-1, NL63, 229E)
03/31/2023 01:05:46 PM INFO:: [Fuzzy] Closest Match Found. Changing 229E) => HCoVs - Seasonal (OC43, HKU-1, NL63, 229E)
03/31/2023 01:05:49 PM INFO:: [User Change] Other => Other Race
03/31/2023 01:05:52 PM INFO:: [User Change] Covid-19 => COVID-19
03/31/2023 01:05:54 PM INFO:: [User Change] Other => Other Race
03/31/2023 01:05:54 PM INFO:: [Fuzzy] Closest Match Found. Changing Not Specified => Not specified
03/31/2023 01:07:23 PM INFO:: [User Change] Not Specified => Not vaccinated
03/31/2023 01:09:06 PM INFO:: [User Change] Not Specified => Unknown
03/31/2023 01:09:06 PM INFO:: [Fuzzy] Closest Match Found. Changing serum => Serum
03/31/2023 01:09:06 PM [INFO]:: [Fuzzy] blood => Blood : score 80
03/31/2023 01:09:06 PM INFO:: [Fuzzy] Closest Match Found. Changing HCoVs - Seasonal (OC43 => HCoVs - Seasonal (OC43, HKU-1, NL63, 229E)
03/31/2023 01:09:06 PM INFO:: [Fuzzy] Closest Match Found. Changing HKU-1 => HCoVs - Seasonal (OC43, HKU-1, NL63, 229E)
03/31/2023 01:09:06 PM INFO:: [Fuzzy] Closest Match Found. Changing NL63 => HCoVs - Seasonal (OC43, HKU-1, NL63, 229E)
03/31/2023 01:09:06 PM INFO:: [Fuzzy] Closest Match Found. Changing 229E) => HCoVs - Seasonal (OC43, HKU-1, NL63, 229E)
03/31/2023 01:09:06 PM INFO:: [Fuzzy] Closest Match Found. Changing serum => Serum
03/31/2023 01:09:06 PM [INFO]:: [Fuzzy] blood => Blood : score 80
03/31/2023 01:09:06 PM INFO:: [Fuzzy] Closest Match Found. Changing serum => Serum
03/31/2023 01:09:06 PM [INFO]:: [Fuzzy] blood => Blood : score 80
03/31/2023 01:09:10 PM INFO:: [User Change] Covid-19 => COVID-19
03/31/2023 01:09:12 PM INFO:: [User Change] Covid-19 => COVID-19
03/31/2023 01:09:15 PM [INFO]:: [Fuzzy] Moderna COVID-19 vaccine ; VO:0005157 => Moderna COVID-19 vaccine; VO:0005157 : score 99
03/31/2023 01:09:15 PM [INFO]:: [Fuzzy] Pfizer BioNTech COVID-19 vaccine ; VO:0004987 => Pfizer BioNTech COVID-19 vaccine; VO:0004987 : score 99
03/31/2023 01:09:15 PM [INFO]:: [Fuzzy] Moderna COVID-19 vaccine ; VO:0005157 => Moderna COVID-19 vaccine; VO:0005157 : score 99
03/31/2023 01:09:15 PM [INFO]:: [Fuzzy] Pfizer BioNTech COVID-19 vaccine ; VO:0004987 => Pfizer BioNTech COVID-19 vaccine; VO:0004987 : score 99
03/31/2023 01:09:15 PM [INFO]:: [Fuzzy] SARS-CoV-2 WA1/2020 (D614 variant) => SARS-CoV-2 WA1/2020 (D614G variant) : score 99
03/31/2023 01:09:15 PM [INFO]:: [Fuzzy] SARS-CoV-2 WA1/2020 (D614 variant) => SARS-CoV-2 WA1/2020 (D614G variant) : score 99
03/31/2023 01:09:15 PM [INFO]:: [Fuzzy] SARS-CoV-2 WA1/2020 (D614 variant) => SARS-CoV-2 WA1/2020 (D614G variant) : score 99
03/31/2023 01:09:15 PM [INFO]:: [Fuzzy] SARS-CoV-2 WA1/2020 (D614 variant) => SARS-CoV-2 WA1/2020 (D614G variant) : score 99
03/31/2023 01:09:15 PM [INFO]:: [Fuzzy] SARS-CoV-2 WA1/2020 (D614 variant) => SARS-CoV-2 WA1/2020 (D614G variant) : score 99
03/31/2023 01:09:15 PM [INFO]:: [Fuzzy] SARS-CoV-2 WA1/2020 (D614 variant) => SARS-CoV-2 WA1/2020 (D614G variant) : score 99
03/31/2023 01:09:15 PM INFO:: [Fuzzy] Closest Match Found. Changing Vaccine response => Vaccine Response
03/31/2023 01:09:49 PM INFO:: [User Change] Not Specified => Not Applicable
03/31/2023 01:10:51 PM INFO:: [User Change] Critical => Severe
03/31/2023 01:10:52 PM INFO:: [User Change] Critical => Severe
03/31/2023 01:10:52 PM [INFO]:: [Fuzzy] Pfizer BioNTech COVID-19 vaccine ; VO:0004987 => Pfizer BioNTech COVID-19 vaccine; VO:0004987 : score 99
03/31/2023 01:10:52 PM [INFO]:: [Fuzzy] Moderna COVID-19 vaccine ; VO:0005157 => Moderna COVID-19 vaccine; VO:0005157 : score 99
03/31/2023 01:10:52 PM INFO:: [Fuzzy] Closest Match Found. Changing nucleocapsid => Nucleocapsid
03/31/2023 01:10:52 PM INFO:: [Fuzzy] Closest Match Found. Changing nucleocapsid => Nucleocapsid
03/31/2023 01:12:00 PM INFO:: [User Change] Covid-19 => COVID-19
03/31/2023 01:12:08 PM INFO:: [User Change] Not Specified => Not Applicable
03/31/2023 01:12:08 PM INFO:: [Fuzzy] Closest Match Found. Changing African American => Black or African American
03/31/2023 01:12:08 PM INFO:: [Fuzzy] Closest Match Found. Changing Native Hawaiian => Native Hawaiian or Other Pacific Islander
03/31/2023 01:12:10 PM INFO:: [User Change] Other => Other Race
03/31/2023 01:12:10 PM INFO:: [Fuzzy] Closest Match Found. Changing African American => Black or African American
03/31/2023 01:12:10 PM INFO:: [Fuzzy] Closest Match Found. Changing Native Hawaiian => Native Hawaiian or Other Pacific Islander
03/31/2023 01:12:11 PM INFO:: [User Change] Other => Other Race
03/31/2023 01:12:11 PM INFO:: [Fuzzy] Closest Match Found. Changing African American => Black or African American
03/31/2023 01:12:11 PM INFO:: [Fuzzy] Closest Match Found. Changing Native Hawaiian => Native Hawaiian or Other Pacific Islander
03/31/2023 01:12:12 PM INFO:: [User Change] Other => Other Race
03/31/2023 01:12:12 PM INFO:: [Fuzzy] Closest Match Found. Changing HCoVs - Seasonal (OC43 => HCoVs - Seasonal (OC43, HKU-1, NL63, 229E)
03/31/2023 01:12:12 PM INFO:: [Fuzzy] Closest Match Found. Changing HKU-1 => HCoVs - Seasonal (OC43, HKU-1, NL63, 229E)
03/31/2023 01:12:12 PM INFO:: [Fuzzy] Closest Match Found. Changing NL63 => HCoVs - Seasonal (OC43, HKU-1, NL63, 229E)
03/31/2023 01:12:12 PM INFO:: [Fuzzy] Closest Match Found. Changing 229E) => HCoVs - Seasonal (OC43, HKU-1, NL63, 229E)
03/31/2023 01:12:15 PM INFO:: [User Change] Other => Other Race
03/31/2023 01:12:17 PM INFO:: [User Change] Other => Other Race
03/31/2023 01:12:20 PM INFO:: [User Change] Covid-19 => COVID-19
03/31/2023 01:12:20 PM [INFO]:: [Fuzzy] Western blottting => Western Blot : score 76
03/31/2023 01:13:57 PM [INFO]:: [Fuzzy] SARS-CoV-2 WA1/2020 (D614 variant) => SARS-CoV-2 WA1/2020 (D614G variant) : score 99
03/31/2023 01:13:57 PM [INFO]:: [Fuzzy] SARS-CoV-2 Lamda; C.37 => SARS-CoV-2 Lambda; C.37 : score 98
03/31/2023 01:13:57 PM [INFO]:: [Fuzzy] SARS-CoV-2 WA1/2020 (D614 variant) => SARS-CoV-2 WA1/2020 (D614G variant) : score 99
03/31/2023 01:13:57 PM [INFO]:: [Fuzzy] SARS-CoV-2 Lamda; C.37 => SARS-CoV-2 Lambda; C.37 : score 98
03/31/2023 01:13:57 PM INFO:: [Fuzzy] Closest Match Found. Changing SARS-CoV-2 WA1/2020 => SARS-CoV-2 WA1/2020 (D614G variant)
03/31/2023 01:13:57 PM [INFO]:: [Fuzzy] SARS-CoV-2 WA1/2020 (D614 variant) => SARS-CoV-2 WA1/2020 (D614G variant) : score 99
03/31/2023 01:13:57 PM [INFO]:: [Fuzzy] SARS-CoV-2 Lamda; C.37 => SARS-CoV-2 Lambda; C.37 : score 98
03/31/2023 01:14:00 PM INFO:: [User Change] Not Specified => Not Applicable
03/31/2023 01:14:05 PM INFO:: [User Change] Not Specified => Not Applicable
03/31/2023 01:14:06 PM INFO:: [User Change] Other => Other Race
03/31/2023 01:14:07 PM INFO:: [User Change] Other => Other Race
03/31/2023 01:14:09 PM INFO:: [User Change] Other => Other Race
03/31/2023 01:14:09 PM INFO:: [Fuzzy] Closest Match Found. Changing Nasal swab => Nasal Swab
03/31/2023 01:14:30 PM INFO:: [User Change] Rectal Swab => Nasal Swab
03/31/2023 01:14:34 PM INFO:: [User Change] Not Specified => Not Applicable
03/31/2023 01:14:36 PM INFO:: [User Change] Covid-19 => COVID-19
03/31/2023 01:14:48 PM INFO:: [User Change] Other => Netherlands
03/31/2023 01:14:50 PM INFO:: [User Change] Other => Netherlands
03/31/2023 01:14:50 PM INFO:: [Fuzzy] Closest Match Found. Changing other => Other
03/31/2023 01:14:55 PM INFO:: [User Change] Not Specified => Not Applicable
03/31/2023 01:14:55 PM [INFO]:: [Fuzzy] Pfizer BioNTech COVID-19 vaccine ; VO:0004987 => Pfizer BioNTech COVID-19 vaccine; VO:0004987 : score 99
03/31/2023 01:14:55 PM [INFO]:: [Fuzzy] Moderna COVID-19 vaccine ; VO:0005157 => Moderna COVID-19 vaccine; VO:0005157 : score 99
03/31/2023 01:14:58 PM INFO:: [User Change] Not Specified => Not Applicable
03/31/2023 01:15:02 PM INFO:: [User Change] Not Specified => Not Applicable
03/31/2023 01:15:25 PM INFO:: [User Change] Fluorescent Antibody Procedure => Neutralizing Antibody Titer Assay
03/31/2023 01:15:27 PM INFO:: [User Change] Covid-19 => COVID-19
03/31/2023 01:15:27 PM INFO:: [Fuzzy] Closest Match Found. Changing HCoVs - Seasonal (OC43 => HCoVs - Seasonal (OC43, HKU-1, NL63, 229E)
03/31/2023 01:15:27 PM INFO:: [Fuzzy] Closest Match Found. Changing HKU-1 => HCoVs - Seasonal (OC43, HKU-1, NL63, 229E)
03/31/2023 01:15:27 PM INFO:: [Fuzzy] Closest Match Found. Changing NL63 => HCoVs - Seasonal (OC43, HKU-1, NL63, 229E)
03/31/2023 01:15:27 PM INFO:: [Fuzzy] Closest Match Found. Changing 229E) => HCoVs - Seasonal (OC43, HKU-1, NL63, 229E)
03/31/2023 01:15:46 PM INFO:: [User Change] Cell Line => Healthy Control
03/31/2023 01:16:25 PM INFO:: [User Change] Not specified => Cell Line
03/31/2023 01:16:25 PM [INFO]:: [Fuzzy] SARS-Cov-2 => SARS-CoV-2 : score 90
03/31/2023 01:16:25 PM [INFO]:: [Fuzzy] SARS-Cov-2 => SARS-CoV-2 : score 90
03/31/2023 01:16:47 PM INFO:: [User Change] Immune Response | Vaccine Response => Vaccine Response
03/31/2023 01:16:49 PM INFO:: [User Change] Covid-19 => COVID-19
03/31/2023 01:16:51 PM INFO:: [User Change] Not Specified => Not Applicable
03/31/2023 01:16:51 PM INFO:: [Fuzzy] Closest Match Found. Changing Pfizer-BioNTech => Pfizer-BioNTech SARS-CoV-2 vaccine
03/31/2023 01:16:51 PM [INFO]:: [Fuzzy] Pfizer BioNTech COVID-19 vaccine ; VO:0004987 => Pfizer BioNTech COVID-19 vaccine; VO:0004987 : score 99
03/31/2023 01:16:51 PM [INFO]:: [Fuzzy] Pfizer BioNTech COVID-19 vaccine ; VO:0004987 => Pfizer BioNTech COVID-19 vaccine; VO:0004987 : score 99
03/31/2023 01:16:51 PM [INFO]:: [Fuzzy] Pfizer BioNTech COVID-19 vaccine ; VO:0004987 => Pfizer BioNTech COVID-19 vaccine; VO:0004987 : score 99
03/31/2023 01:17:41 PM INFO:: [User Change] PCR - Pre-vaccination => CRISPR Screening
03/31/2023 01:17:44 PM INFO:: [User Change] PCR - Post-vaccination => Pseudovirus Neutralization Assay
03/31/2023 01:17:46 PM INFO:: [User Change] Luminex - Pre-vaccination => Plaque Reduction Neutralization Assay
03/31/2023 01:17:47 PM INFO:: [User Change] Luminex - Post-vaccination => Chemiluminescent Assay
03/31/2023 01:17:47 PM [INFO]:: [Fuzzy] Pseudovirus Neutralization Assay - Pre-vaccination => Pseudovirus Neutralization Assay : score 78
03/31/2023 01:17:47 PM [INFO]:: [Fuzzy] Pseudovirus Neutralization Assay - Post-vaccination => Pseudovirus Neutralization Assay : score 77
03/31/2023 01:17:49 PM INFO:: [Fuzzy] Closest Match Found. Changing SARS-CoV-2 Epsilon; B.1.427 => SARS-CoV-2 Epsilon; B.1.427 / B.1.429
03/31/2023 01:17:49 PM INFO:: [Fuzzy] Closest Match Found. Changing B.1.429 => SARS-CoV-2 Epsilon; B.1.427 / B.1.429
03/31/2023 01:17:49 PM INFO:: [Fuzzy] Closest Match Found. Changing Cell line => Cell Line
03/31/2023 01:17:49 PM INFO:: [Fuzzy] Closest Match Found. Changing Not Specified => Not specified
03/31/2023 01:17:49 PM INFO:: [Fuzzy] Closest Match Found. Changing Cell line => Cell Line
03/31/2023 01:17:49 PM INFO:: [Fuzzy] Closest Match Found. Changing Not Specified => Not specified
03/31/2023 01:17:49 PM [INFO]:: [Fuzzy] SARS-CoV-2 WA1/2020 (D614 variant) => SARS-CoV-2 WA1/2020 (D614G variant) : score 99
03/31/2023 01:17:49 PM INFO:: [Fuzzy] Closest Match Found. Changing Virus Neutralization Assay => Pseudovirus Neutralization Assay
03/31/2023 01:17:49 PM [INFO]:: [Fuzzy] SARS-CoV-2 WA1/2020 (D614 variant) => SARS-CoV-2 WA1/2020 (D614G variant) : score 99
03/31/2023 01:17:49 PM INFO:: [Fuzzy] Closest Match Found. Changing SARS-CoV-2 Epsilon; B.1.427 => SARS-CoV-2 Epsilon; B.1.427 / B.1.429
03/31/2023 01:17:49 PM INFO:: [Fuzzy] Closest Match Found. Changing B.1.429 => SARS-CoV-2 Epsilon; B.1.427 / B.1.429
03/31/2023 01:17:49 PM INFO:: [Fuzzy] Closest Match Found. Changing SARS-CoV-2 WA1/2020 => SARS-CoV-2 WA1/2020 (D614G variant)
03/31/2023 01:18:22 PM INFO:: [User Change] B.1.1.7(alpha) => SARS-CoV-2 Alpha; B.1.1.7
03/31/2023 01:18:27 PM INFO:: [User Change] B.1.351 (beta) => SARS-CoV-2 Beta; B.1.351
03/31/2023 01:18:27 PM INFO:: [Fuzzy] Closest Match Found. Changing SARS-CoV-2 WA1/2020 => SARS-CoV-2 WA1/2020 (D614G variant)
03/31/2023 01:18:27 PM INFO:: [Fuzzy] Closest Match Found. Changing SARS-CoV-2 Epsilon; B.1.427 => SARS-CoV-2 Epsilon; B.1.427 / B.1.429
03/31/2023 01:18:27 PM INFO:: [Fuzzy] Closest Match Found. Changing B.1.429 => SARS-CoV-2 Epsilon; B.1.427 / B.1.429
03/31/2023 01:18:28 PM INFO:: [Fuzzy] Closest Match Found. Changing HCoVs - Seasonal (OC43 => HCoVs - Seasonal (OC43, HKU-1, NL63, 229E)
03/31/2023 01:18:28 PM INFO:: [Fuzzy] Closest Match Found. Changing HKU-1 => HCoVs - Seasonal (OC43, HKU-1, NL63, 229E)
03/31/2023 01:18:28 PM INFO:: [Fuzzy] Closest Match Found. Changing NL63 => HCoVs - Seasonal (OC43, HKU-1, NL63, 229E)
03/31/2023 01:18:28 PM INFO:: [Fuzzy] Closest Match Found. Changing 229E) => HCoVs - Seasonal (OC43, HKU-1, NL63, 229E)
03/31/2023 01:18:28 PM INFO:: [Fuzzy] Closest Match Found. Changing HCoVs - Seasonal (OC43 => HCoVs - Seasonal (OC43, HKU-1, NL63, 229E)
03/31/2023 01:18:28 PM INFO:: [Fuzzy] Closest Match Found. Changing HKU-1 => HCoVs - Seasonal (OC43, HKU-1, NL63, 229E)
03/31/2023 01:18:28 PM INFO:: [Fuzzy] Closest Match Found. Changing NL63 => HCoVs - Seasonal (OC43, HKU-1, NL63, 229E)
03/31/2023 01:18:28 PM INFO:: [Fuzzy] Closest Match Found. Changing 229E) => HCoVs - Seasonal (OC43, HKU-1, NL63, 229E)
03/31/2023 01:18:38 PM INFO:: [User Change] Not Specified => Not Applicable
03/31/2023 01:18:38 PM INFO:: [Fuzzy] Closest Match Found. Changing Clinical research => Clinical Research
03/31/2023 01:18:53 PM INFO:: [User Change] Covid-19 => COVID-19
03/31/2023 01:18:55 PM INFO:: [User Change] Not Specified => Not Applicable
03/31/2023 01:18:58 PM INFO:: [User Change] Other => Other Race
03/31/2023 01:18:58 PM INFO:: [Fuzzy] Closest Match Found. Changing female => Female
03/31/2023 01:18:58 PM [INFO]:: [Fuzzy] Unvaccinated => Vaccinated : score 82
03/31/2023 01:19:00 PM INFO:: [User Change] Other => Other Race
03/31/2023 01:19:00 PM INFO:: [Fuzzy] Closest Match Found. Changing female => Female
03/31/2023 01:19:00 PM [INFO]:: [Fuzzy] Moderna COVID-19 vaccine ; VO:0005157 => Moderna COVID-19 vaccine; VO:0005157 : score 99
03/31/2023 01:19:00 PM [INFO]:: [Fuzzy] Pfizer BioNTech COVID-19 vaccine ; VO:0004987 => Pfizer BioNTech COVID-19 vaccine; VO:0004987 : score 99
03/31/2023 01:19:01 PM INFO:: [User Change] Other => Other Race
03/31/2023 01:19:01 PM INFO:: [Fuzzy] Closest Match Found. Changing female => Female
03/31/2023 01:19:04 PM INFO:: [User Change] Not Specified => Not Applicable
03/31/2023 01:19:07 PM INFO:: [User Change] Not Specified => Not Applicable
03/31/2023 01:19:07 PM INFO:: [Fuzzy] Closest Match Found. Changing Experimental => Experimental Arm
03/31/2023 01:19:07 PM INFO:: [Fuzzy] Closest Match Found. Changing Experimental => Experimental Arm
03/31/2023 01:19:07 PM INFO:: [Fuzzy] Closest Match Found. Changing Experimental => Experimental Arm
03/31/2023 01:19:07 PM INFO:: [Fuzzy] Closest Match Found. Changing Experimental => Experimental Arm
03/31/2023 01:19:07 PM INFO:: [Fuzzy] Closest Match Found. Changing other => Other
03/31/2023 01:19:08 PM INFO:: [User Change] Not Specified => Not Applicable
03/31/2023 01:19:10 PM INFO:: [User Change] Covid-19 => COVID-19
03/31/2023 01:19:13 PM INFO:: [User Change] Not Specified => Not Applicable
03/31/2023 01:19:15 PM INFO:: [User Change] Other => Other Race
03/31/2023 01:19:15 PM [INFO]:: [Fuzzy] Pfizer BioNTech COVID-19 vaccine ; VO:0004987 => Pfizer BioNTech COVID-19 vaccine; VO:0004987 : score 99
03/31/2023 01:19:16 PM INFO:: [User Change] Other => Other Race
03/31/2023 01:19:16 PM [INFO]:: [Fuzzy] Pfizer BioNTech COVID-19 vaccine ; VO:0004987 => Pfizer BioNTech COVID-19 vaccine; VO:0004987 : score 99
03/31/2023 01:19:17 PM INFO:: [User Change] Other => Other Race
03/31/2023 01:19:17 PM [INFO]:: [Fuzzy] Pfizer BioNTech COVID-19 vaccine ; VO:0004987 => Pfizer BioNTech COVID-19 vaccine; VO:0004987 : score 99
03/31/2023 01:19:18 PM INFO:: [User Change] Other => Other Race
03/31/2023 01:19:18 PM [INFO]:: [Fuzzy] Pfizer BioNTech COVID-19 vaccine ; VO:0004987 => Pfizer BioNTech COVID-19 vaccine; VO:0004987 : score 99
03/31/2023 01:19:20 PM INFO:: [User Change] Covid-19 => COVID-19
03/31/2023 01:19:20 PM INFO:: [Fuzzy] Closest Match Found. Changing Experimental => Experimental Arm
03/31/2023 01:19:20 PM INFO:: [Fuzzy] Closest Match Found. Changing Experimental => Experimental Arm
03/31/2023 01:19:20 PM INFO:: [Fuzzy] Closest Match Found. Changing Experimental => Experimental Arm
03/31/2023 01:19:20 PM [INFO]:: [Fuzzy] Western Botting => Western Blot : score 81
03/31/2023 01:19:22 PM INFO:: [User Change] Covid-19 => COVID-19
03/31/2023 01:19:22 PM INFO:: [Fuzzy] Closest Match Found. Changing OH => US: Ohio
03/31/2023 01:19:22 PM [INFO]:: [Fuzzy] Western blotting => Western Blot : score 79
03/31/2023 01:19:27 PM INFO:: [User Change] Not Specified => Not Applicable
03/31/2023 01:19:29 PM INFO:: [User Change] Not Specified => Not Applicable
03/31/2023 01:19:29 PM [INFO]:: [Fuzzy] SARS-CoV-2 Wuhan / 2020 => SARS-CoV-2 Wuhan/2020 : score 95
03/31/2023 01:19:54 PM INFO:: [User Change] In situ hybridization => Pseudovirus Neutralization Assay
03/31/2023 01:19:57 PM INFO:: [User Change] Covid-19 => COVID-19
03/31/2023 01:19:57 PM [INFO]:: [Fuzzy] Pfizer BioNTech COVID-19 vaccine ; VO:0004987 => Pfizer BioNTech COVID-19 vaccine; VO:0004987 : score 99
03/31/2023 01:19:57 PM [INFO]:: [Fuzzy] Moderna COVID-19 vaccine ; VO:0005157 => Moderna COVID-19 vaccine; VO:0005157 : score 99
03/31/2023 01:19:57 PM [INFO]:: [Fuzzy] Pfizer BioNTech COVID-19 vaccine ; VO:0004987 => Pfizer BioNTech COVID-19 vaccine; VO:0004987 : score 99
03/31/2023 01:19:57 PM [INFO]:: [Fuzzy] Moderna COVID-19 vaccine ; VO:0005157 => Moderna COVID-19 vaccine; VO:0005157 : score 99
03/31/2023 01:20:09 PM INFO:: [User Change] na => Unknown
03/31/2023 01:20:09 PM [INFO]:: [Fuzzy] Pfizer BioNTech COVID-19 vaccine ; VO:0004987 => Pfizer BioNTech COVID-19 vaccine; VO:0004987 : score 99
03/31/2023 01:20:09 PM [INFO]:: [Fuzzy] Moderna COVID-19 vaccine ; VO:0005157 => Moderna COVID-19 vaccine; VO:0005157 : score 99
03/31/2023 01:20:09 PM INFO:: [Fuzzy] Closest Match Found. Changing Virus Neutralization Assay => Pseudovirus Neutralization Assay
03/31/2023 01:20:09 PM INFO:: [Fuzzy] Closest Match Found. Changing pre-vaccination => Pre-vaccination
03/31/2023 01:20:09 PM INFO:: [Fuzzy] Closest Match Found. Changing pre-vaccination => Pre-vaccination
03/31/2023 01:20:12 PM INFO:: [User Change] Not Specified => Not Applicable
03/31/2023 01:20:12 PM INFO:: [Fuzzy] Closest Match Found. Changing Not Specified => Not specified
03/31/2023 01:20:12 PM INFO:: [Fuzzy] Closest Match Found. Changing Not Specified => Not specified
03/31/2023 01:20:12 PM INFO:: [Fuzzy] Closest Match Found. Changing Not Specified => Not specified
03/31/2023 01:20:12 PM INFO:: [Fuzzy] Closest Match Found. Changing Not Specified => Not specified
03/31/2023 01:20:16 PM INFO:: [User Change] Covid-19 => COVID-19
03/31/2023 01:20:16 PM [INFO]:: [Fuzzy] SARS-CoV-2 Wuhan / 2020 => SARS-CoV-2 Wuhan/2020 : score 95
03/31/2023 01:20:16 PM [INFO]:: [Fuzzy] SARS-CoV-2 Wuhan / 2020 => SARS-CoV-2 Wuhan/2020 : score 95
03/31/2023 01:20:16 PM INFO:: [Fuzzy] Closest Match Found. Changing CRISPR => CRISPR Screening
03/31/2023 01:20:18 PM INFO:: [User Change] Not Specified => Not Applicable
03/31/2023 01:20:22 PM INFO:: [User Change] Covid-19 => COVID-19
03/31/2023 01:20:29 PM INFO:: [User Change] Not Specified => Not Applicable
03/31/2023 01:20:31 PM INFO:: [User Change] Not Specified => Not Applicable
03/31/2023 01:20:57 PM INFO:: [User Change] Mild => Uninfected
03/31/2023 01:21:18 PM INFO:: [User Change] Other => Netherlands
03/31/2023 01:21:18 PM INFO:: [Fuzzy] Closest Match Found. Changing UnInfected => Uninfected
03/31/2023 01:21:18 PM INFO:: [Fuzzy] Closest Match Found. Changing HCoVs - Seasonal (OC43 => HCoVs - Seasonal (OC43, HKU-1, NL63, 229E)
03/31/2023 01:21:18 PM INFO:: [Fuzzy] Closest Match Found. Changing HKU-1 => HCoVs - Seasonal (OC43, HKU-1, NL63, 229E)
03/31/2023 01:21:18 PM INFO:: [Fuzzy] Closest Match Found. Changing NL63 => HCoVs - Seasonal (OC43, HKU-1, NL63, 229E)
03/31/2023 01:21:18 PM INFO:: [Fuzzy] Closest Match Found. Changing 229E) => HCoVs - Seasonal (OC43, HKU-1, NL63, 229E)
03/31/2023 01:21:18 PM INFO:: [Fuzzy] Closest Match Found. Changing HCoVs - Seasonal (OC43 => HCoVs - Seasonal (OC43, HKU-1, NL63, 229E)
03/31/2023 01:21:18 PM INFO:: [Fuzzy] Closest Match Found. Changing HKU-1 => HCoVs - Seasonal (OC43, HKU-1, NL63, 229E)
03/31/2023 01:21:18 PM INFO:: [Fuzzy] Closest Match Found. Changing NL63 => HCoVs - Seasonal (OC43, HKU-1, NL63, 229E)
03/31/2023 01:21:18 PM INFO:: [Fuzzy] Closest Match Found. Changing 229E) => HCoVs - Seasonal (OC43, HKU-1, NL63, 229E)
03/31/2023 01:21:18 PM INFO:: [Fuzzy] Closest Match Found. Changing HCoVs - Seasonal (OC43 => HCoVs - Seasonal (OC43, HKU-1, NL63, 229E)
03/31/2023 01:21:18 PM INFO:: [Fuzzy] Closest Match Found. Changing HKU-1 => HCoVs - Seasonal (OC43, HKU-1, NL63, 229E)
03/31/2023 01:21:18 PM INFO:: [Fuzzy] Closest Match Found. Changing NL63 => HCoVs - Seasonal (OC43, HKU-1, NL63, 229E)
03/31/2023 01:21:18 PM INFO:: [Fuzzy] Closest Match Found. Changing 229E) => HCoVs - Seasonal (OC43, HKU-1, NL63, 229E)
03/31/2023 01:21:18 PM INFO:: [Fuzzy] Closest Match Found. Changing HCoVs - Seasonal (OC43 => HCoVs - Seasonal (OC43, HKU-1, NL63, 229E)
03/31/2023 01:21:18 PM INFO:: [Fuzzy] Closest Match Found. Changing HKU-1 => HCoVs - Seasonal (OC43, HKU-1, NL63, 229E)
03/31/2023 01:21:18 PM INFO:: [Fuzzy] Closest Match Found. Changing NL63 => HCoVs - Seasonal (OC43, HKU-1, NL63, 229E)
03/31/2023 01:21:18 PM INFO:: [Fuzzy] Closest Match Found. Changing 229E) => HCoVs - Seasonal (OC43, HKU-1, NL63, 229E)
03/31/2023 01:21:18 PM INFO:: [Fuzzy] Closest Match Found. Changing HCoVs - Seasonal (OC43 => HCoVs - Seasonal (OC43, HKU-1, NL63, 229E)
03/31/2023 01:21:18 PM INFO:: [Fuzzy] Closest Match Found. Changing HKU-1 => HCoVs - Seasonal (OC43, HKU-1, NL63, 229E)
03/31/2023 01:21:18 PM INFO:: [Fuzzy] Closest Match Found. Changing NL63 => HCoVs - Seasonal (OC43, HKU-1, NL63, 229E)
03/31/2023 01:21:18 PM INFO:: [Fuzzy] Closest Match Found. Changing 229E) => HCoVs - Seasonal (OC43, HKU-1, NL63, 229E)
03/31/2023 01:21:18 PM INFO:: [Fuzzy] Closest Match Found. Changing HCoVs - Seasonal (OC43 => HCoVs - Seasonal (OC43, HKU-1, NL63, 229E)
03/31/2023 01:21:18 PM INFO:: [Fuzzy] Closest Match Found. Changing HKU-1 => HCoVs - Seasonal (OC43, HKU-1, NL63, 229E)
03/31/2023 01:21:18 PM INFO:: [Fuzzy] Closest Match Found. Changing NL63 => HCoVs - Seasonal (OC43, HKU-1, NL63, 229E)
03/31/2023 01:21:18 PM INFO:: [Fuzzy] Closest Match Found. Changing 229E) => HCoVs - Seasonal (OC43, HKU-1, NL63, 229E)
03/31/2023 01:21:18 PM INFO:: [Fuzzy] Closest Match Found. Changing HCoVs - Seasonal (OC43 => HCoVs - Seasonal (OC43, HKU-1, NL63, 229E)
03/31/2023 01:21:18 PM INFO:: [Fuzzy] Closest Match Found. Changing HKU-1 => HCoVs - Seasonal (OC43, HKU-1, NL63, 229E)
03/31/2023 01:21:18 PM INFO:: [Fuzzy] Closest Match Found. Changing NL63 => HCoVs - Seasonal (OC43, HKU-1, NL63, 229E)
03/31/2023 01:21:18 PM INFO:: [Fuzzy] Closest Match Found. Changing 229E) => HCoVs - Seasonal (OC43, HKU-1, NL63, 229E)
03/31/2023 01:21:18 PM INFO:: [Fuzzy] Closest Match Found. Changing Clinical research => Clinical Research
03/31/2023 01:21:20 PM INFO:: [User Change] Covid-19 => COVID-19
03/31/2023 01:21:20 PM INFO:: [Fuzzy] Closest Match Found. Changing MERS-Co => MERS-CoV
03/31/2023 01:22:18 PM INFO:: [User Change] SARS-CoV-1 => MERS-CoV
03/31/2023 01:22:21 PM INFO:: [User Change] Not Specified => Not Applicable
03/31/2023 01:22:21 PM [INFO]:: [Fuzzy] SARS-COV-2 => SARS-CoV-2 : score 90
03/31/2023 01:22:21 PM [INFO]:: [Fuzzy] SARS-COV-2 => SARS-CoV-2 : score 90
03/31/2023 01:22:21 PM INFO:: [Fuzzy] Closest Match Found. Changing HCoVs - Seasonal (OC43 => HCoVs - Seasonal (OC43, HKU-1, NL63, 229E)
03/31/2023 01:22:21 PM INFO:: [Fuzzy] Closest Match Found. Changing HKU-1 => HCoVs - Seasonal (OC43, HKU-1, NL63, 229E)
03/31/2023 01:22:21 PM INFO:: [Fuzzy] Closest Match Found. Changing NL63 => HCoVs - Seasonal (OC43, HKU-1, NL63, 229E)
03/31/2023 01:22:21 PM INFO:: [Fuzzy] Closest Match Found. Changing 229E) => HCoVs - Seasonal (OC43, HKU-1, NL63, 229E)
03/31/2023 01:22:21 PM [INFO]:: [Fuzzy] SARS-COV-2 => SARS-CoV-2 : score 90
03/31/2023 01:22:24 PM INFO:: [User Change] Not Specified => Not Applicable
03/31/2023 01:22:24 PM INFO:: [Fuzzy] Closest Match Found. Changing other => Other
03/31/2023 01:22:24 PM INFO:: [Fuzzy] Closest Match Found. Changing other => Other
03/31/2023 01:22:24 PM [INFO]:: [Fuzzy] SARS COV-2 => SARS-CoV-2 : score 80
03/31/2023 01:22:24 PM INFO:: [Fuzzy] Closest Match Found. Changing other => Other
03/31/2023 01:22:24 PM [INFO]:: [Fuzzy] SARS COV-2 => SARS-CoV-2 : score 80
03/31/2023 01:22:26 PM INFO:: [User Change] Not specified => Not Applicable
03/31/2023 01:23:14 PM INFO:: [User Change] MD => US: Maryland
03/31/2023 01:23:20 PM INFO:: [User Change] Other => Other Race
03/31/2023 01:23:23 PM INFO:: [User Change] MD => US: Maryland
03/31/2023 01:23:24 PM INFO:: [User Change] MD => US: Maryland
03/31/2023 01:23:24 PM [INFO]:: [Fuzzy] SARS CoV-2 => SARS-CoV-2 : score 90
03/31/2023 01:23:24 PM [INFO]:: [Fuzzy] SARS CoV-2 => SARS-CoV-2 : score 90
03/31/2023 01:23:24 PM [INFO]:: [Fuzzy] SARS CoV-2 => SARS-CoV-2 : score 90
03/31/2023 01:23:40 PM INFO:: [User Change] Not Specified => Not Applicable
03/31/2023 01:23:42 PM INFO:: [Fuzzy] Closest Match Found. Changing Not Specified => Not specified
03/31/2023 01:23:42 PM INFO:: [Fuzzy] Closest Match Found. Changing Not Specified => Not specified
03/31/2023 01:23:42 PM INFO:: [Fuzzy] Closest Match Found. Changing Not Specified => Not specified
03/31/2023 01:23:42 PM INFO:: [Fuzzy] Closest Match Found. Changing Not Specified => Not specified
03/31/2023 01:23:42 PM INFO:: [Fuzzy] Closest Match Found. Changing Not Specified => Not specified
03/31/2023 01:23:45 PM INFO:: [User Change] Not Specified => Not Applicable
03/31/2023 01:23:46 PM INFO:: [User Change] Not Specified => Not Applicable
03/31/2023 01:23:48 PM INFO:: [User Change] Not Specified => Not Applicable
03/31/2023 01:24:21 PM INFO:: [User Change] Uninfected control => Negative Control
03/31/2023 01:34:16 PM INFO:: [User Change] Covid-19 => COVID-19
03/31/2023 01:34:16 PM [INFO]:: [Fuzzy] Western blottting => Western Blot : score 76
03/31/2023 01:40:38 PM INFO:: [User Change] Covid-19 => COVID-19
03/31/2023 01:40:38 PM [INFO]:: [Fuzzy] Western blottting => Western Blot : score 76
03/31/2023 01:40:53 PM INFO:: [User Change] Covid-19 => COVID-19
03/31/2023 02:44:11 PM pickle loaded: /Users/liualg/opt/anaconda3/lib/python3.8/site-packages/jedi/third_party/typeshed/stdlib/2and3/builtins.pyi
03/31/2023 02:44:11 PM pickle loaded: /Users/liualg/opt/anaconda3/lib/python3.8/site-packages/pandas/__init__.py
03/31/2023 02:44:11 PM pickle loaded: /Users/liualg/opt/anaconda3/lib/python3.8/site-packages/pandas/core/frame.py
03/31/2023 02:44:11 PM pickle loaded: /Users/liualg/opt/anaconda3/lib/python3.8/site-packages/pandas/core/__init__.py
03/31/2023 02:44:11 PM pickle loaded: /Users/liualg/opt/anaconda3/lib/python3.8/site-packages/pandas/core/generic.py
03/31/2023 02:44:11 PM pickle loaded: /Users/liualg/opt/anaconda3/lib/python3.8/site-packages/pandas/core/base.py
03/31/2023 02:44:11 PM pickle loaded: /Users/liualg/opt/anaconda3/lib/python3.8/site-packages/pandas/core/accessor.py
03/31/2023 02:44:11 PM pickle loaded: /Users/liualg/opt/anaconda3/lib/python3.8/site-packages/pandas/core/indexing.py
03/31/2023 02:44:11 PM pickle loaded: /Users/liualg/opt/anaconda3/lib/python3.8/site-packages/pandas/core/arraylike.py
03/31/2023 02:44:11 PM pickle loaded: /Users/liualg/opt/anaconda3/lib/python3.8/typing.py
03/31/2023 02:44:11 PM pickle loaded: /Users/liualg/opt/anaconda3/lib/python3.8/site-packages/jedi/third_party/typeshed/stdlib/3/typing.pyi
03/31/2023 02:44:11 PM pickle loaded: /Users/liualg/opt/anaconda3/lib/python3.8/site-packages/pandas/_typing.py
03/31/2023 02:44:11 PM pickle loaded: /Users/liualg/opt/anaconda3/lib/python3.8/site-packages/jedi/third_party/typeshed/stdlib/3/sys.pyi
03/31/2023 02:46:07 PM diff parser start
03/31/2023 02:46:07 PM line_lengths old: 2; new: 2
03/31/2023 02:46:07 PM -> code[replace] old[1:2] new[1:2]
03/31/2023 02:46:07 PM parse_part from 1 to 2 (to 1 in part parser)
03/31/2023 02:46:07 PM diff parser end
03/31/2023 02:46:07 PM pickle loaded: /Users/liualg/opt/anaconda3/lib/python3.8/site-packages/polars/__init__.py
03/31/2023 02:46:07 PM pickle loaded: /Users/liualg/opt/anaconda3/lib/python3.8/site-packages/polars/dataframe/__init__.py
03/31/2023 02:49:07 PM diff parser start
03/31/2023 02:49:07 PM line_lengths old: 2; new: 1
03/31/2023 02:49:07 PM -> code[replace] old[1:2] new[1:1]
03/31/2023 02:49:07 PM parse_part from 1 to 1 (to 0 in part parser)
03/31/2023 02:49:07 PM diff parser end
03/31/2023 02:49:10 PM diff parser start
03/31/2023 02:49:10 PM line_lengths old: 1; new: 1
03/31/2023 02:49:10 PM -> code[replace] old[1:1] new[1:1]
03/31/2023 02:49:10 PM parse_part from 1 to 1 (to 0 in part parser)
03/31/2023 02:49:10 PM diff parser end
03/31/2023 02:49:13 PM diff parser start
03/31/2023 02:49:13 PM line_lengths old: 1; new: 1
03/31/2023 02:49:13 PM -> code[replace] old[1:1] new[1:1]
03/31/2023 02:49:13 PM parse_part from 1 to 1 (to 0 in part parser)
03/31/2023 02:49:13 PM diff parser end
03/31/2023 02:52:03 PM diff parser start
03/31/2023 02:52:03 PM line_lengths old: 1; new: 1
03/31/2023 02:52:03 PM -> code[replace] old[1:1] new[1:1]
03/31/2023 02:52:03 PM parse_part from 1 to 1 (to 0 in part parser)
03/31/2023 02:52:03 PM diff parser end
03/31/2023 03:06:01 PM INFO:: [User Change] Not specified => Not Applicable
03/31/2023 03:06:13 PM INFO:: [User Change] MD => US: Maryland
03/31/2023 03:06:18 PM INFO:: [User Change] Other => Other Race
03/31/2023 03:06:22 PM INFO:: [User Change] MD => US: Maryland
03/31/2023 03:09:39 PM INFO:: [User Change] Not specified => Not Applicable
03/31/2023 03:10:48 PM INFO:: [User Change] Not specified => Not Applicable
03/31/2023 03:10:51 PM INFO:: [User Change] MD => US: Maryland
03/31/2023 03:10:52 PM INFO:: [User Change] Other => Other Race
03/31/2023 03:10:56 PM INFO:: [User Change] MD => US: Maryland
03/31/2023 03:10:58 PM INFO:: [User Change] MD => US: Maryland
03/31/2023 03:10:58 PM [INFO]:: [Fuzzy] SARS CoV-2 => SARS-CoV-2 : score 90
03/31/2023 03:10:58 PM [INFO]:: [Fuzzy] SARS CoV-2 => SARS-CoV-2 : score 90
03/31/2023 03:10:58 PM [INFO]:: [Fuzzy] SARS CoV-2 => SARS-CoV-2 : score 90
03/31/2023 03:11:27 PM INFO:: [User Change] Not specified => Not Applicable
03/31/2023 03:11:30 PM INFO:: [User Change] MD => Mali
03/31/2023 03:11:31 PM INFO:: [User Change] Other => Other Race
03/31/2023 03:11:34 PM INFO:: [User Change] MD => Mali
03/31/2023 03:11:35 PM INFO:: [User Change] MD => Mali
03/31/2023 03:11:35 PM [INFO]:: [Fuzzy] SARS CoV-2 => SARS-CoV-2 : score 90
03/31/2023 03:11:35 PM [INFO]:: [Fuzzy] SARS CoV-2 => SARS-CoV-2 : score 90
03/31/2023 03:11:35 PM [INFO]:: [Fuzzy] SARS CoV-2 => SARS-CoV-2 : score 90
03/31/2023 03:19:12 PM INFO:: [User Change] Not specified => Not Applicable
03/31/2023 03:19:15 PM INFO:: [User Change] MD => US: Maryland
03/31/2023 03:19:16 PM INFO:: [User Change] Other => Other Race
03/31/2023 03:19:17 PM [INFO]:: [Fuzzy] SARS CoV-2 => SARS-CoV-2 : score 90
03/31/2023 03:19:17 PM [INFO]:: [Fuzzy] SARS CoV-2 => SARS-CoV-2 : score 90
03/31/2023 03:19:17 PM [INFO]:: [Fuzzy] SARS CoV-2 => SARS-CoV-2 : score 90
03/31/2023 03:31:49 PM INFO:: [User Change] Not specified => Not Applicable
03/31/2023 03:31:51 PM INFO:: [User Change] MD => US: Maryland
03/31/2023 03:31:54 PM INFO:: [User Change] Other => Other Race
03/31/2023 03:31:54 PM [INFO]:: [Fuzzy] SARS CoV-2 => SARS-CoV-2 : score 90
03/31/2023 03:31:54 PM [INFO]:: [Fuzzy] SARS CoV-2 => SARS-CoV-2 : score 90
03/31/2023 03:31:54 PM [INFO]:: [Fuzzy] SARS CoV-2 => SARS-CoV-2 : score 90
04/03/2023 09:25:51 AM pickle loaded: /Users/liualg/opt/anaconda3/lib/python3.8/site-packages/jedi/third_party/typeshed/stdlib/2and3/builtins.pyi
04/03/2023 09:25:52 AM pickle loaded: /Users/liualg/opt/anaconda3/lib/python3.8/site-packages/jedi/third_party/typeshed/stdlib/3/sys.pyi
