06/12/2024 09:23:59 AM 
PMID: 35759727
06/12/2024 09:23:59 AM WARNING:: [Sex_at_Birth] Changing 'male | female' to 'other'
06/12/2024 09:23:59 AM WARNING:: [Sex_at_Birth] Changing 'male | female' to 'other'
06/12/2024 09:23:59 AM Warning:: [Race] Changing 'Race' to 'other' and moving data to [Race Specify]
06/12/2024 09:23:59 AM Warning:: [Race] Changing 'Race' to 'other' and moving data to [Race Specify]
06/12/2024 09:23:59 AM Warning:: [Ethnicity] Changing list to other in ImmPort Templates
06/12/2024 09:23:59 AM Warning:: [Ethnicity] Changing list to other in ImmPort Templates
06/12/2024 09:27:51 AM 
PMID: 35217407
06/12/2024 09:27:51 AM WARNING:: [Sex_at_Birth] Changing 'male | female' to 'other'
06/12/2024 09:27:51 AM WARNING:: [Sex_at_Birth] Changing 'male | female' to 'other'
06/12/2024 09:27:51 AM WARNING:: [Sex_at_Birth] Changing 'male | female' to 'other'
06/12/2024 09:27:51 AM WARNING:: [Sex_at_Birth] Changing 'male | female' to 'other'
06/12/2024 09:27:51 AM WARNING:: [Sex_at_Birth] Changing 'male | female' to 'other'
06/12/2024 09:27:51 AM WARNING:: [Sex_at_Birth] Changing 'male | female' to 'other'
06/12/2024 09:27:51 AM Warning:: [Race] Changing 'Race' to 'other' and moving data to [Race Specify]
06/12/2024 09:27:51 AM Warning:: [Race] Changing 'Race' to 'other' and moving data to [Race Specify]
06/12/2024 09:27:51 AM Warning:: [Race] Changing 'Race' to 'other' and moving data to [Race Specify]
06/12/2024 09:27:51 AM Warning:: [Race] Changing 'Race' to 'other' and moving data to [Race Specify]
06/12/2024 09:27:51 AM Warning:: [Race] Changing 'Race' to 'other' and moving data to [Race Specify]
06/12/2024 09:27:51 AM Warning:: [Race] Changing 'Race' to 'other' and moving data to [Race Specify]
06/12/2024 09:27:51 AM Warning:: [Race] Changing 'Race' to 'other' and moving data to [Race Specify]
06/12/2024 09:27:51 AM Warning:: [Race] Changing 'Race' to 'other' and moving data to [Race Specify]
06/12/2024 09:27:51 AM Warning:: [Ethnicity] Changing list to other in ImmPort Templates
06/12/2024 09:27:51 AM Warning:: [Ethnicity] Changing list to other in ImmPort Templates
06/12/2024 09:27:51 AM Warning:: [Ethnicity] Changing list to other in ImmPort Templates
06/12/2024 09:27:51 AM Warning:: [Ethnicity] Changing list to other in ImmPort Templates
06/12/2024 09:27:51 AM Warning:: [Ethnicity] Changing list to other in ImmPort Templates
06/12/2024 09:27:51 AM Warning:: [Ethnicity] Changing list to other in ImmPort Templates
06/12/2024 09:27:51 AM Warning:: [Ethnicity] Changing list to other in ImmPort Templates
06/12/2024 09:27:51 AM Warning:: [Ethnicity] Changing list to other in ImmPort Templates
06/12/2024 09:28:14 AM 
PMID: 37161609
06/12/2024 09:28:14 AM WARNING:: [Sex_at_Birth] Changing 'male | female' to 'other'
06/12/2024 09:28:14 AM WARNING:: [Sex_at_Birth] Changing 'male | female' to 'other'
06/12/2024 09:28:14 AM Warning:: [Race] Changing 'Race' to 'other' and moving data to [Race Specify]
06/12/2024 09:28:14 AM Warning:: [Race] Changing 'Race' to 'other' and moving data to [Race Specify]
06/12/2024 09:28:14 AM Warning:: [Ethnicity] Changing list to other in ImmPort Templates
06/12/2024 09:28:14 AM Warning:: [Ethnicity] Changing list to other in ImmPort Templates
06/12/2024 09:28:14 AM ERROR:: [planned visit] Check user defined ID
06/12/2024 09:28:43 AM 
PMID: 38291080
06/12/2024 09:28:43 AM WARNING:: [Sex_at_Birth] Changing 'male | female' to 'other'
06/12/2024 09:28:43 AM WARNING:: [Sex_at_Birth] Changing 'male | female' to 'other'
06/12/2024 09:28:43 AM WARNING:: [Sex_at_Birth] Changing 'male | female' to 'other'
06/12/2024 09:28:43 AM Warning:: [Race] Changing 'Race' to 'other' and moving data to [Race Specify]
06/12/2024 09:28:43 AM Warning:: [Race] Changing 'Race' to 'other' and moving data to [Race Specify]
06/12/2024 09:28:43 AM Warning:: [Race] Changing 'Race' to 'other' and moving data to [Race Specify]
06/12/2024 09:28:43 AM Warning:: [Ethnicity] Changing list to other in ImmPort Templates
06/12/2024 09:28:43 AM Warning:: [Ethnicity] Changing list to other in ImmPort Templates
06/12/2024 09:28:43 AM Warning:: [Ethnicity] Changing list to other in ImmPort Templates
06/12/2024 09:30:16 AM 
PMID: 34960674
06/12/2024 09:30:33 AM 
PMID: 34960674
06/12/2024 09:30:33 AM WARNING:: [Sex_at_Birth] Changing 'male | female' to 'other'
06/12/2024 09:30:33 AM WARNING:: [Sex_at_Birth] Changing 'male | female' to 'other'
06/12/2024 09:30:33 AM Warning:: [Race] Changing 'Race' to 'other' and moving data to [Race Specify]
06/12/2024 09:30:33 AM Warning:: [Race] Changing 'Race' to 'other' and moving data to [Race Specify]
06/12/2024 09:30:33 AM Warning:: [Ethnicity] Changing list to other in ImmPort Templates
06/12/2024 09:30:33 AM Warning:: [Ethnicity] Changing list to other in ImmPort Templates
06/12/2024 09:30:46 AM INFO:: [Fuzzy] Closest Match Found. Changing SARS-CoV-2 Epsilon; B.1.427 => SARS-CoV-2 Epsilon; B.1.427 / B.1.429
06/12/2024 09:30:46 AM INFO:: [Fuzzy] Closest Match Found. Changing B.1.429 => SARS-CoV-2 Epsilon; B.1.427 / B.1.429
06/12/2024 09:30:46 AM [INFO]:: [Fuzzy] SARS-CoV-2 Delta; B.1.617.2. => SARS-CoV-2 Delta; B.1.617.2 : score 98
06/12/2024 09:30:46 AM [INFO]:: [Fuzzy] SARS-CoV-2 Delta; B.1.617.2. => SARS-CoV-2 Delta; B.1.617.2 : score 98
06/12/2024 09:31:44 AM 
PMID: 36962865
06/12/2024 09:31:44 AM WARNING:: [Sex_at_Birth] Changing 'male | female' to 'other'
06/12/2024 09:31:44 AM Warning:: [Race] Changing 'Race' to 'other' and moving data to [Race Specify]
06/12/2024 09:31:44 AM Warning:: [Ethnicity] Changing list to other in ImmPort Templates
06/12/2024 09:32:26 AM 
PMID: 36962865
06/12/2024 09:32:26 AM WARNING:: [Sex_at_Birth] Changing 'male | female' to 'other'
06/12/2024 09:32:26 AM Warning:: [Race] Changing 'Race' to 'other' and moving data to [Race Specify]
06/12/2024 09:32:26 AM Warning:: [Ethnicity] Changing list to other in ImmPort Templates
06/12/2024 09:32:55 AM INFO:: [User Change] Not Specified => Not Applicable
06/12/2024 09:34:09 AM 
PMID: 35978191
06/12/2024 09:34:27 AM 
PMID: 37676044
06/12/2024 09:34:56 AM 
PMID: 37676044
06/12/2024 09:35:30 AM 
PMID: 35765315
06/12/2024 09:35:50 AM 
PMID: 35978191
06/12/2024 09:36:01 AM 
PMID: 35759727
06/12/2024 09:36:01 AM WARNING:: [Sex_at_Birth] Changing 'male | female' to 'other'
06/12/2024 09:36:01 AM WARNING:: [Sex_at_Birth] Changing 'male | female' to 'other'
06/12/2024 09:36:01 AM Warning:: [Race] Changing 'Race' to 'other' and moving data to [Race Specify]
06/12/2024 09:36:01 AM Warning:: [Race] Changing 'Race' to 'other' and moving data to [Race Specify]
06/12/2024 09:36:01 AM Warning:: [Ethnicity] Changing list to other in ImmPort Templates
06/12/2024 09:36:01 AM Warning:: [Ethnicity] Changing list to other in ImmPort Templates
06/12/2024 09:36:33 AM 
PMID: 35759727
06/12/2024 09:36:33 AM WARNING:: [Sex_at_Birth] Changing 'male | female' to 'other'
06/12/2024 09:36:33 AM WARNING:: [Sex_at_Birth] Changing 'male | female' to 'other'
06/12/2024 09:36:33 AM Warning:: [Race] Changing 'Race' to 'other' and moving data to [Race Specify]
06/12/2024 09:36:33 AM Warning:: [Race] Changing 'Race' to 'other' and moving data to [Race Specify]
06/12/2024 09:36:33 AM Warning:: [Ethnicity] Changing list to other in ImmPort Templates
06/12/2024 09:36:33 AM Warning:: [Ethnicity] Changing list to other in ImmPort Templates
06/12/2024 09:36:41 AM [INFO]:: [Fuzzy] Moderna COVID-19 vaccine ; VO:0005157 => Moderna COVID-19 vaccine; VO:0005157 : score 99
06/12/2024 09:36:41 AM [INFO]:: [Fuzzy] Pfizer BioNTech COVID-19 vaccine ; VO:0004987 => Pfizer BioNTech COVID-19 vaccine; VO:0004987 : score 99
06/12/2024 09:36:41 AM [INFO]:: [Fuzzy] Moderna COVID-19 vaccine ; VO:0005157 => Moderna COVID-19 vaccine; VO:0005157 : score 99
06/12/2024 09:36:41 AM [INFO]:: [Fuzzy] Pfizer BioNTech COVID-19 vaccine ; VO:0004988 => Pfizer BioNTech COVID-19 vaccine; VO:0004987 : score 97
06/12/2024 09:36:58 AM 
PMID: 35217407
06/12/2024 09:36:58 AM WARNING:: [Sex_at_Birth] Changing 'male | female' to 'other'
06/12/2024 09:36:58 AM WARNING:: [Sex_at_Birth] Changing 'male | female' to 'other'
06/12/2024 09:36:58 AM WARNING:: [Sex_at_Birth] Changing 'male | female' to 'other'
06/12/2024 09:36:58 AM WARNING:: [Sex_at_Birth] Changing 'male | female' to 'other'
06/12/2024 09:36:58 AM WARNING:: [Sex_at_Birth] Changing 'male | female' to 'other'
06/12/2024 09:36:58 AM WARNING:: [Sex_at_Birth] Changing 'male | female' to 'other'
06/12/2024 09:36:58 AM Warning:: [Race] Changing 'Race' to 'other' and moving data to [Race Specify]
06/12/2024 09:36:58 AM Warning:: [Race] Changing 'Race' to 'other' and moving data to [Race Specify]
06/12/2024 09:36:58 AM Warning:: [Race] Changing 'Race' to 'other' and moving data to [Race Specify]
06/12/2024 09:36:58 AM Warning:: [Race] Changing 'Race' to 'other' and moving data to [Race Specify]
06/12/2024 09:36:58 AM Warning:: [Race] Changing 'Race' to 'other' and moving data to [Race Specify]
06/12/2024 09:36:58 AM Warning:: [Race] Changing 'Race' to 'other' and moving data to [Race Specify]
06/12/2024 09:36:58 AM Warning:: [Race] Changing 'Race' to 'other' and moving data to [Race Specify]
06/12/2024 09:36:58 AM Warning:: [Race] Changing 'Race' to 'other' and moving data to [Race Specify]
06/12/2024 09:36:58 AM Warning:: [Ethnicity] Changing list to other in ImmPort Templates
06/12/2024 09:36:58 AM Warning:: [Ethnicity] Changing list to other in ImmPort Templates
06/12/2024 09:36:58 AM Warning:: [Ethnicity] Changing list to other in ImmPort Templates
06/12/2024 09:36:58 AM Warning:: [Ethnicity] Changing list to other in ImmPort Templates
06/12/2024 09:36:58 AM Warning:: [Ethnicity] Changing list to other in ImmPort Templates
06/12/2024 09:36:58 AM Warning:: [Ethnicity] Changing list to other in ImmPort Templates
06/12/2024 09:36:58 AM Warning:: [Ethnicity] Changing list to other in ImmPort Templates
06/12/2024 09:36:58 AM Warning:: [Ethnicity] Changing list to other in ImmPort Templates
06/12/2024 09:37:39 AM 
PMID: 37161609
06/12/2024 09:37:39 AM WARNING:: [Sex_at_Birth] Changing 'male | female' to 'other'
06/12/2024 09:37:39 AM WARNING:: [Sex_at_Birth] Changing 'male | female' to 'other'
06/12/2024 09:37:39 AM Warning:: [Race] Changing 'Race' to 'other' and moving data to [Race Specify]
06/12/2024 09:37:39 AM Warning:: [Race] Changing 'Race' to 'other' and moving data to [Race Specify]
06/12/2024 09:37:39 AM Warning:: [Ethnicity] Changing list to other in ImmPort Templates
06/12/2024 09:37:39 AM Warning:: [Ethnicity] Changing list to other in ImmPort Templates
06/12/2024 09:37:54 AM 
PMID: 37161609
06/12/2024 09:37:54 AM WARNING:: [Sex_at_Birth] Changing 'male | female' to 'other'
06/12/2024 09:37:54 AM WARNING:: [Sex_at_Birth] Changing 'male | female' to 'other'
06/12/2024 09:37:54 AM Warning:: [Race] Changing 'Race' to 'other' and moving data to [Race Specify]
06/12/2024 09:37:54 AM Warning:: [Race] Changing 'Race' to 'other' and moving data to [Race Specify]
06/12/2024 09:37:54 AM Warning:: [Ethnicity] Changing list to other in ImmPort Templates
06/12/2024 09:37:54 AM Warning:: [Ethnicity] Changing list to other in ImmPort Templates
06/12/2024 09:38:04 AM INFO:: [Fuzzy] Closest Match Found. Changing HCoVs - Seasonal (OC43 => HCoVs - Seasonal (OC43, HKU-1, NL63, 229E)
06/12/2024 09:38:04 AM INFO:: [Fuzzy] Closest Match Found. Changing HKU-1 => HCoVs - Seasonal (OC43, HKU-1, NL63, 229E)
06/12/2024 09:38:04 AM INFO:: [Fuzzy] Closest Match Found. Changing NL63 => HCoVs - Seasonal (OC43, HKU-1, NL63, 229E)
06/12/2024 09:38:04 AM INFO:: [Fuzzy] Closest Match Found. Changing 229E) => HCoVs - Seasonal (OC43, HKU-1, NL63, 229E)
06/12/2024 09:38:04 AM INFO:: [Fuzzy] Closest Match Found. Changing HCoVs - Seasonal (OC43 => HCoVs - Seasonal (OC43, HKU-1, NL63, 229E)
06/12/2024 09:38:04 AM INFO:: [Fuzzy] Closest Match Found. Changing HKU-1 => HCoVs - Seasonal (OC43, HKU-1, NL63, 229E)
06/12/2024 09:38:04 AM INFO:: [Fuzzy] Closest Match Found. Changing NL63 => HCoVs - Seasonal (OC43, HKU-1, NL63, 229E)
06/12/2024 09:38:04 AM INFO:: [Fuzzy] Closest Match Found. Changing 229E) => HCoVs - Seasonal (OC43, HKU-1, NL63, 229E)
06/12/2024 09:39:17 AM 
PMID: 37161609
06/12/2024 09:39:17 AM WARNING:: [Sex_at_Birth] Changing 'male | female' to 'other'
06/12/2024 09:39:17 AM WARNING:: [Sex_at_Birth] Changing 'male | female' to 'other'
06/12/2024 09:39:17 AM Warning:: [Race] Changing 'Race' to 'other' and moving data to [Race Specify]
06/12/2024 09:39:17 AM Warning:: [Race] Changing 'Race' to 'other' and moving data to [Race Specify]
06/12/2024 09:39:17 AM Warning:: [Ethnicity] Changing list to other in ImmPort Templates
06/12/2024 09:39:17 AM Warning:: [Ethnicity] Changing list to other in ImmPort Templates
06/12/2024 09:39:17 AM INFO:: [Fuzzy] Closest Match Found. Changing HCoVs - Seasonal (OC43 => HCoVs - Seasonal (OC43, HKU-1, NL63, 229E)
06/12/2024 09:39:17 AM INFO:: [Fuzzy] Closest Match Found. Changing HKU-1 => HCoVs - Seasonal (OC43, HKU-1, NL63, 229E)
06/12/2024 09:39:17 AM INFO:: [Fuzzy] Closest Match Found. Changing NL63 => HCoVs - Seasonal (OC43, HKU-1, NL63, 229E)
06/12/2024 09:39:17 AM INFO:: [Fuzzy] Closest Match Found. Changing 229E) => HCoVs - Seasonal (OC43, HKU-1, NL63, 229E)
06/12/2024 09:39:17 AM INFO:: [Fuzzy] Closest Match Found. Changing HCoVs - Seasonal (OC43 => HCoVs - Seasonal (OC43, HKU-1, NL63, 229E)
06/12/2024 09:39:17 AM INFO:: [Fuzzy] Closest Match Found. Changing HKU-1 => HCoVs - Seasonal (OC43, HKU-1, NL63, 229E)
06/12/2024 09:39:17 AM INFO:: [Fuzzy] Closest Match Found. Changing NL63 => HCoVs - Seasonal (OC43, HKU-1, NL63, 229E)
06/12/2024 09:39:17 AM INFO:: [Fuzzy] Closest Match Found. Changing 229E) => HCoVs - Seasonal (OC43, HKU-1, NL63, 229E)
06/12/2024 09:39:23 AM 
PMID: 38291080
06/12/2024 09:39:23 AM WARNING:: [Sex_at_Birth] Changing 'male | female' to 'other'
06/12/2024 09:39:23 AM WARNING:: [Sex_at_Birth] Changing 'male | female' to 'other'
06/12/2024 09:39:23 AM WARNING:: [Sex_at_Birth] Changing 'male | female' to 'other'
06/12/2024 09:39:23 AM Warning:: [Race] Changing 'Race' to 'other' and moving data to [Race Specify]
06/12/2024 09:39:23 AM Warning:: [Race] Changing 'Race' to 'other' and moving data to [Race Specify]
06/12/2024 09:39:23 AM Warning:: [Race] Changing 'Race' to 'other' and moving data to [Race Specify]
06/12/2024 09:39:23 AM Warning:: [Ethnicity] Changing list to other in ImmPort Templates
06/12/2024 09:39:23 AM Warning:: [Ethnicity] Changing list to other in ImmPort Templates
06/12/2024 09:39:23 AM Warning:: [Ethnicity] Changing list to other in ImmPort Templates
06/12/2024 09:39:32 AM [INFO]:: [Fuzzy] SARS-CoV-2 Delta; B.1.617.1 => SARS-CoV-2 Delta; B.1.617.2 : score 96
06/12/2024 09:39:32 AM INFO:: [Fuzzy] Closest Match Found. Changing HCoVs - Seasonal (OC43 => HCoVs - Seasonal (OC43, HKU-1, NL63, 229E)
06/12/2024 09:39:32 AM INFO:: [Fuzzy] Closest Match Found. Changing HKU-1 => HCoVs - Seasonal (OC43, HKU-1, NL63, 229E)
06/12/2024 09:39:32 AM INFO:: [Fuzzy] Closest Match Found. Changing NL63 => HCoVs - Seasonal (OC43, HKU-1, NL63, 229E)
06/12/2024 09:39:32 AM INFO:: [Fuzzy] Closest Match Found. Changing 229E) => HCoVs - Seasonal (OC43, HKU-1, NL63, 229E)
06/12/2024 09:39:32 AM [INFO]:: [Fuzzy] SARS-CoV-2 Delta; B.1.617.1 => SARS-CoV-2 Delta; B.1.617.2 : score 96
06/12/2024 09:39:32 AM INFO:: [Fuzzy] Closest Match Found. Changing HCoVs - Seasonal (OC43 => HCoVs - Seasonal (OC43, HKU-1, NL63, 229E)
06/12/2024 09:39:32 AM INFO:: [Fuzzy] Closest Match Found. Changing HKU-1 => HCoVs - Seasonal (OC43, HKU-1, NL63, 229E)
06/12/2024 09:39:32 AM INFO:: [Fuzzy] Closest Match Found. Changing NL63 => HCoVs - Seasonal (OC43, HKU-1, NL63, 229E)
06/12/2024 09:39:32 AM INFO:: [Fuzzy] Closest Match Found. Changing 229E) => HCoVs - Seasonal (OC43, HKU-1, NL63, 229E)
06/12/2024 09:39:32 AM [INFO]:: [Fuzzy] SARS-CoV-2 Delta; B.1.617.1 => SARS-CoV-2 Delta; B.1.617.2 : score 96
06/12/2024 09:39:32 AM INFO:: [Fuzzy] Closest Match Found. Changing HCoVs - Seasonal (OC43 => HCoVs - Seasonal (OC43, HKU-1, NL63, 229E)
06/12/2024 09:39:32 AM INFO:: [Fuzzy] Closest Match Found. Changing HKU-1 => HCoVs - Seasonal (OC43, HKU-1, NL63, 229E)
06/12/2024 09:39:32 AM INFO:: [Fuzzy] Closest Match Found. Changing NL63 => HCoVs - Seasonal (OC43, HKU-1, NL63, 229E)
06/12/2024 09:39:32 AM INFO:: [Fuzzy] Closest Match Found. Changing 229E) => HCoVs - Seasonal (OC43, HKU-1, NL63, 229E)
06/12/2024 09:39:32 AM [INFO]:: [Fuzzy] SARS-CoV-2 Delta; B.1.617.1 => SARS-CoV-2 Delta; B.1.617.2 : score 96
06/12/2024 09:39:32 AM [INFO]:: [Fuzzy] SARS-CoV-2 Delta; B.1.617.1 => SARS-CoV-2 Delta; B.1.617.2 : score 96
06/12/2024 09:39:32 AM [INFO]:: [Fuzzy] SARS-CoV-2 Delta; B.1.617.1 => SARS-CoV-2 Delta; B.1.617.2 : score 96
06/12/2024 09:39:32 AM [INFO]:: [Fuzzy] SARS-CoV-2 Delta; B.1.617.1 => SARS-CoV-2 Delta; B.1.617.2 : score 96
06/12/2024 09:39:32 AM [INFO]:: [Fuzzy] SARS-CoV-2 Delta; B.1.617.1 => SARS-CoV-2 Delta; B.1.617.2 : score 96
06/12/2024 09:39:32 AM [INFO]:: [Fuzzy] SARS-CoV-2 Delta; B.1.617.1 => SARS-CoV-2 Delta; B.1.617.2 : score 96
06/12/2024 09:41:06 AM 
PMID: 35978191
06/12/2024 09:41:40 AM 
PMID: 35978191
06/12/2024 09:41:40 AM WARNING:: [Sex_at_Birth] Changing 'male | female' to 'other'
06/12/2024 09:41:40 AM WARNING:: [Sex_at_Birth] Changing 'male | female' to 'other'
06/12/2024 09:41:40 AM Warning:: [Race] Changing 'Race' to 'other' and moving data to [Race Specify]
06/12/2024 09:41:40 AM Warning:: [Race] Changing 'Race' to 'other' and moving data to [Race Specify]
06/12/2024 09:41:40 AM Warning:: [Ethnicity] Changing list to other in ImmPort Templates
06/12/2024 09:41:40 AM Warning:: [Ethnicity] Changing list to other in ImmPort Templates
06/12/2024 09:44:08 AM 
PMID: 38291080
06/12/2024 09:44:08 AM WARNING:: [Sex_at_Birth] Changing 'male | female' to 'other'
06/12/2024 09:44:08 AM WARNING:: [Sex_at_Birth] Changing 'male | female' to 'other'
06/12/2024 09:44:08 AM WARNING:: [Sex_at_Birth] Changing 'male | female' to 'other'
06/12/2024 09:44:08 AM Warning:: [Race] Changing 'Race' to 'other' and moving data to [Race Specify]
06/12/2024 09:44:08 AM Warning:: [Race] Changing 'Race' to 'other' and moving data to [Race Specify]
06/12/2024 09:44:08 AM Warning:: [Race] Changing 'Race' to 'other' and moving data to [Race Specify]
06/12/2024 09:44:08 AM Warning:: [Ethnicity] Changing list to other in ImmPort Templates
06/12/2024 09:44:08 AM Warning:: [Ethnicity] Changing list to other in ImmPort Templates
06/12/2024 09:44:08 AM Warning:: [Ethnicity] Changing list to other in ImmPort Templates
06/12/2024 09:44:08 AM [INFO]:: [Fuzzy] SARS-CoV-2 Delta; B.1.617.1 => SARS-CoV-2 Delta; B.1.617.2 : score 96
06/12/2024 09:44:08 AM INFO:: [Fuzzy] Closest Match Found. Changing HCoVs - Seasonal (OC43 => HCoVs - Seasonal (OC43, HKU-1, NL63, 229E)
06/12/2024 09:44:08 AM INFO:: [Fuzzy] Closest Match Found. Changing HKU-1 => HCoVs - Seasonal (OC43, HKU-1, NL63, 229E)
06/12/2024 09:44:08 AM INFO:: [Fuzzy] Closest Match Found. Changing NL63 => HCoVs - Seasonal (OC43, HKU-1, NL63, 229E)
06/12/2024 09:44:08 AM INFO:: [Fuzzy] Closest Match Found. Changing 229E) => HCoVs - Seasonal (OC43, HKU-1, NL63, 229E)
06/12/2024 09:44:08 AM [INFO]:: [Fuzzy] SARS-CoV-2 Delta; B.1.617.1 => SARS-CoV-2 Delta; B.1.617.2 : score 96
06/12/2024 09:44:08 AM INFO:: [Fuzzy] Closest Match Found. Changing HCoVs - Seasonal (OC43 => HCoVs - Seasonal (OC43, HKU-1, NL63, 229E)
06/12/2024 09:44:08 AM INFO:: [Fuzzy] Closest Match Found. Changing HKU-1 => HCoVs - Seasonal (OC43, HKU-1, NL63, 229E)
06/12/2024 09:44:08 AM INFO:: [Fuzzy] Closest Match Found. Changing NL63 => HCoVs - Seasonal (OC43, HKU-1, NL63, 229E)
06/12/2024 09:44:08 AM INFO:: [Fuzzy] Closest Match Found. Changing 229E) => HCoVs - Seasonal (OC43, HKU-1, NL63, 229E)
06/12/2024 09:44:08 AM [INFO]:: [Fuzzy] SARS-CoV-2 Delta; B.1.617.1 => SARS-CoV-2 Delta; B.1.617.2 : score 96
06/12/2024 09:44:08 AM INFO:: [Fuzzy] Closest Match Found. Changing HCoVs - Seasonal (OC43 => HCoVs - Seasonal (OC43, HKU-1, NL63, 229E)
06/12/2024 09:44:08 AM INFO:: [Fuzzy] Closest Match Found. Changing HKU-1 => HCoVs - Seasonal (OC43, HKU-1, NL63, 229E)
06/12/2024 09:44:08 AM INFO:: [Fuzzy] Closest Match Found. Changing NL63 => HCoVs - Seasonal (OC43, HKU-1, NL63, 229E)
06/12/2024 09:44:08 AM INFO:: [Fuzzy] Closest Match Found. Changing 229E) => HCoVs - Seasonal (OC43, HKU-1, NL63, 229E)
06/12/2024 09:44:08 AM [INFO]:: [Fuzzy] SARS-CoV-2 Delta; B.1.617.1 => SARS-CoV-2 Delta; B.1.617.2 : score 96
06/12/2024 09:44:08 AM [INFO]:: [Fuzzy] SARS-CoV-2 Delta; B.1.617.1 => SARS-CoV-2 Delta; B.1.617.2 : score 96
06/12/2024 09:44:08 AM [INFO]:: [Fuzzy] SARS-CoV-2 Delta; B.1.617.1 => SARS-CoV-2 Delta; B.1.617.2 : score 96
06/12/2024 09:44:08 AM [INFO]:: [Fuzzy] SARS-CoV-2 Delta; B.1.617.1 => SARS-CoV-2 Delta; B.1.617.2 : score 96
06/12/2024 09:44:08 AM [INFO]:: [Fuzzy] SARS-CoV-2 Delta; B.1.617.1 => SARS-CoV-2 Delta; B.1.617.2 : score 96
06/12/2024 09:44:08 AM [INFO]:: [Fuzzy] SARS-CoV-2 Delta; B.1.617.1 => SARS-CoV-2 Delta; B.1.617.2 : score 96
06/12/2024 09:44:45 AM 
PMID: 35765315
06/12/2024 09:46:48 AM 
PMID: 38291080
06/12/2024 09:46:48 AM WARNING:: [Sex_at_Birth] Changing 'male | female' to 'other'
06/12/2024 09:46:48 AM WARNING:: [Sex_at_Birth] Changing 'male | female' to 'other'
06/12/2024 09:46:48 AM WARNING:: [Sex_at_Birth] Changing 'male | female' to 'other'
06/12/2024 09:46:48 AM Warning:: [Race] Changing 'Race' to 'other' and moving data to [Race Specify]
06/12/2024 09:46:48 AM Warning:: [Race] Changing 'Race' to 'other' and moving data to [Race Specify]
06/12/2024 09:46:48 AM Warning:: [Race] Changing 'Race' to 'other' and moving data to [Race Specify]
06/12/2024 09:46:48 AM Warning:: [Ethnicity] Changing list to other in ImmPort Templates
06/12/2024 09:46:48 AM Warning:: [Ethnicity] Changing list to other in ImmPort Templates
06/12/2024 09:46:48 AM Warning:: [Ethnicity] Changing list to other in ImmPort Templates
06/12/2024 09:46:48 AM INFO:: [Fuzzy] Closest Match Found. Changing HCoVs - Seasonal (OC43 => HCoVs - Seasonal (OC43, HKU-1, NL63, 229E)
06/12/2024 09:46:48 AM INFO:: [Fuzzy] Closest Match Found. Changing HKU-1 => HCoVs - Seasonal (OC43, HKU-1, NL63, 229E)
06/12/2024 09:46:48 AM INFO:: [Fuzzy] Closest Match Found. Changing NL63 => HCoVs - Seasonal (OC43, HKU-1, NL63, 229E)
06/12/2024 09:46:48 AM INFO:: [Fuzzy] Closest Match Found. Changing 229E) => HCoVs - Seasonal (OC43, HKU-1, NL63, 229E)
06/12/2024 09:46:48 AM [INFO]:: [Fuzzy] SARS-CoV-2 Delta; B.1.617.1 => SARS-CoV-2 Delta; B.1.617.2 : score 96
06/12/2024 09:46:48 AM INFO:: [Fuzzy] Closest Match Found. Changing HCoVs - Seasonal (OC43 => HCoVs - Seasonal (OC43, HKU-1, NL63, 229E)
06/12/2024 09:46:48 AM INFO:: [Fuzzy] Closest Match Found. Changing HKU-1 => HCoVs - Seasonal (OC43, HKU-1, NL63, 229E)
06/12/2024 09:46:48 AM INFO:: [Fuzzy] Closest Match Found. Changing NL63 => HCoVs - Seasonal (OC43, HKU-1, NL63, 229E)
06/12/2024 09:46:48 AM INFO:: [Fuzzy] Closest Match Found. Changing 229E) => HCoVs - Seasonal (OC43, HKU-1, NL63, 229E)
06/12/2024 09:46:48 AM [INFO]:: [Fuzzy] SARS-CoV-2 Delta; B.1.617.1 => SARS-CoV-2 Delta; B.1.617.2 : score 96
06/12/2024 09:46:48 AM INFO:: [Fuzzy] Closest Match Found. Changing HCoVs - Seasonal (OC43 => HCoVs - Seasonal (OC43, HKU-1, NL63, 229E)
06/12/2024 09:46:48 AM INFO:: [Fuzzy] Closest Match Found. Changing HKU-1 => HCoVs - Seasonal (OC43, HKU-1, NL63, 229E)
06/12/2024 09:46:48 AM INFO:: [Fuzzy] Closest Match Found. Changing NL63 => HCoVs - Seasonal (OC43, HKU-1, NL63, 229E)
06/12/2024 09:46:48 AM INFO:: [Fuzzy] Closest Match Found. Changing 229E) => HCoVs - Seasonal (OC43, HKU-1, NL63, 229E)
06/12/2024 09:46:48 AM [INFO]:: [Fuzzy] SARS-CoV-2 Delta; B.1.617.1 => SARS-CoV-2 Delta; B.1.617.2 : score 96
06/12/2024 09:46:48 AM [INFO]:: [Fuzzy] SARS-CoV-2 Delta; B.1.617.1 => SARS-CoV-2 Delta; B.1.617.2 : score 96
06/12/2024 09:46:48 AM [INFO]:: [Fuzzy] SARS-CoV-2 Delta; B.1.617.1 => SARS-CoV-2 Delta; B.1.617.2 : score 96
06/12/2024 09:46:48 AM [INFO]:: [Fuzzy] SARS-CoV-2 Delta; B.1.617.1 => SARS-CoV-2 Delta; B.1.617.2 : score 96
06/12/2024 09:46:48 AM [INFO]:: [Fuzzy] SARS-CoV-2 Delta; B.1.617.1 => SARS-CoV-2 Delta; B.1.617.2 : score 96
06/12/2024 09:46:48 AM [INFO]:: [Fuzzy] SARS-CoV-2 Delta; B.1.617.1 => SARS-CoV-2 Delta; B.1.617.2 : score 96
06/12/2024 10:09:15 AM 
PMID: 35217407
06/12/2024 10:09:15 AM WARNING:: [Sex_at_Birth] Changing 'male | female' to 'other'
06/12/2024 10:09:15 AM WARNING:: [Sex_at_Birth] Changing 'male | female' to 'other'
06/12/2024 10:09:15 AM WARNING:: [Sex_at_Birth] Changing 'male | female' to 'other'
06/12/2024 10:09:15 AM WARNING:: [Sex_at_Birth] Changing 'male | female' to 'other'
06/12/2024 10:09:15 AM WARNING:: [Sex_at_Birth] Changing 'male | female' to 'other'
06/12/2024 10:09:15 AM WARNING:: [Sex_at_Birth] Changing 'male | female' to 'other'
06/12/2024 10:09:15 AM Warning:: [Race] Changing 'Race' to 'other' and moving data to [Race Specify]
06/12/2024 10:09:15 AM Warning:: [Race] Changing 'Race' to 'other' and moving data to [Race Specify]
06/12/2024 10:09:15 AM Warning:: [Race] Changing 'Race' to 'other' and moving data to [Race Specify]
06/12/2024 10:09:15 AM Warning:: [Race] Changing 'Race' to 'other' and moving data to [Race Specify]
06/12/2024 10:09:15 AM Warning:: [Race] Changing 'Race' to 'other' and moving data to [Race Specify]
06/12/2024 10:09:15 AM Warning:: [Race] Changing 'Race' to 'other' and moving data to [Race Specify]
06/12/2024 10:09:15 AM Warning:: [Race] Changing 'Race' to 'other' and moving data to [Race Specify]
06/12/2024 10:09:15 AM Warning:: [Race] Changing 'Race' to 'other' and moving data to [Race Specify]
06/12/2024 10:09:15 AM Warning:: [Ethnicity] Changing list to other in ImmPort Templates
06/12/2024 10:09:15 AM Warning:: [Ethnicity] Changing list to other in ImmPort Templates
06/12/2024 10:09:15 AM Warning:: [Ethnicity] Changing list to other in ImmPort Templates
06/12/2024 10:09:15 AM Warning:: [Ethnicity] Changing list to other in ImmPort Templates
06/12/2024 10:09:15 AM Warning:: [Ethnicity] Changing list to other in ImmPort Templates
06/12/2024 10:09:15 AM Warning:: [Ethnicity] Changing list to other in ImmPort Templates
06/12/2024 10:09:15 AM Warning:: [Ethnicity] Changing list to other in ImmPort Templates
06/12/2024 10:09:15 AM Warning:: [Ethnicity] Changing list to other in ImmPort Templates
06/12/2024 10:10:34 AM 
PMID: 35217407
06/12/2024 10:10:34 AM WARNING:: [Sex_at_Birth] Changing 'male | female' to 'other'
06/12/2024 10:10:34 AM WARNING:: [Sex_at_Birth] Changing 'male | female' to 'other'
06/12/2024 10:10:34 AM WARNING:: [Sex_at_Birth] Changing 'male | female' to 'other'
06/12/2024 10:10:34 AM WARNING:: [Sex_at_Birth] Changing 'male | female' to 'other'
06/12/2024 10:10:34 AM WARNING:: [Sex_at_Birth] Changing 'male | female' to 'other'
06/12/2024 10:10:34 AM WARNING:: [Sex_at_Birth] Changing 'male | female' to 'other'
06/12/2024 10:10:34 AM Warning:: [Race] Changing 'Race' to 'other' and moving data to [Race Specify]
06/12/2024 10:10:34 AM Warning:: [Race] Changing 'Race' to 'other' and moving data to [Race Specify]
06/12/2024 10:10:34 AM Warning:: [Race] Changing 'Race' to 'other' and moving data to [Race Specify]
06/12/2024 10:10:34 AM Warning:: [Race] Changing 'Race' to 'other' and moving data to [Race Specify]
06/12/2024 10:10:34 AM Warning:: [Race] Changing 'Race' to 'other' and moving data to [Race Specify]
06/12/2024 10:10:34 AM Warning:: [Race] Changing 'Race' to 'other' and moving data to [Race Specify]
06/12/2024 10:10:34 AM Warning:: [Race] Changing 'Race' to 'other' and moving data to [Race Specify]
06/12/2024 10:10:34 AM Warning:: [Race] Changing 'Race' to 'other' and moving data to [Race Specify]
06/12/2024 10:10:34 AM Warning:: [Ethnicity] Changing list to other in ImmPort Templates
06/12/2024 10:10:34 AM Warning:: [Ethnicity] Changing list to other in ImmPort Templates
06/12/2024 10:10:34 AM Warning:: [Ethnicity] Changing list to other in ImmPort Templates
06/12/2024 10:10:34 AM Warning:: [Ethnicity] Changing list to other in ImmPort Templates
06/12/2024 10:10:34 AM Warning:: [Ethnicity] Changing list to other in ImmPort Templates
06/12/2024 10:10:34 AM Warning:: [Ethnicity] Changing list to other in ImmPort Templates
06/12/2024 10:10:34 AM Warning:: [Ethnicity] Changing list to other in ImmPort Templates
06/12/2024 10:10:34 AM Warning:: [Ethnicity] Changing list to other in ImmPort Templates
06/12/2024 10:10:49 AM INFO:: [User Change] Not Specified => Not Applicable
06/12/2024 10:10:49 AM INFO:: [Fuzzy] Closest Match Found. Changing Nasal swab or nose specimen => Nasal Swab or Nose Specimen
06/12/2024 10:11:21 AM INFO:: [User Change] Gel electrophoresis => B cell receptor repertoire sequencing assay
06/12/2024 10:11:21 AM Previous Input: Assay Type, Gel electrophoresis => B cell receptor repertoire sequencing assay
06/12/2024 10:12:22 AM 
PMID: 38291080
06/12/2024 10:12:22 AM WARNING:: [Sex_at_Birth] Changing 'male | female' to 'other'
06/12/2024 10:12:22 AM WARNING:: [Sex_at_Birth] Changing 'male | female' to 'other'
06/12/2024 10:12:22 AM WARNING:: [Sex_at_Birth] Changing 'male | female' to 'other'
06/12/2024 10:12:22 AM Warning:: [Race] Changing 'Race' to 'other' and moving data to [Race Specify]
06/12/2024 10:12:22 AM Warning:: [Race] Changing 'Race' to 'other' and moving data to [Race Specify]
06/12/2024 10:12:22 AM Warning:: [Race] Changing 'Race' to 'other' and moving data to [Race Specify]
06/12/2024 10:12:22 AM Warning:: [Ethnicity] Changing list to other in ImmPort Templates
06/12/2024 10:12:22 AM Warning:: [Ethnicity] Changing list to other in ImmPort Templates
06/12/2024 10:12:22 AM Warning:: [Ethnicity] Changing list to other in ImmPort Templates
06/12/2024 10:13:53 AM 
PMID: 35765315
06/12/2024 10:13:53 AM WARNING:: [Sex_at_Birth] Changing 'male | female' to 'other'
06/12/2024 10:13:53 AM Warning:: [Race] Changing 'Race' to 'other' and moving data to [Race Specify]
06/12/2024 10:13:53 AM Warning:: [Ethnicity] Changing list to other in ImmPort Templates
06/12/2024 10:14:20 AM 
PMID: 35765315
06/12/2024 10:14:20 AM WARNING:: [Sex_at_Birth] Changing 'male | female' to 'other'
06/12/2024 10:14:20 AM Warning:: [Race] Changing 'Race' to 'other' and moving data to [Race Specify]
06/12/2024 10:14:20 AM Warning:: [Ethnicity] Changing list to other in ImmPort Templates
06/12/2024 10:14:28 AM 
PMID: 35765315
06/12/2024 10:14:28 AM WARNING:: [Sex_at_Birth] Changing 'male | female' to 'other'
06/12/2024 10:14:28 AM Warning:: [Race] Changing 'Race' to 'other' and moving data to [Race Specify]
06/12/2024 10:14:28 AM Warning:: [Ethnicity] Changing list to other in ImmPort Templates
06/12/2024 10:14:38 AM INFO:: [User Change] Not Specified => Not Applicable
06/12/2024 10:14:56 AM 
PMID: 35217407
06/12/2024 10:14:56 AM WARNING:: [Sex_at_Birth] Changing 'male | female' to 'other'
06/12/2024 10:14:56 AM WARNING:: [Sex_at_Birth] Changing 'male | female' to 'other'
06/12/2024 10:14:56 AM WARNING:: [Sex_at_Birth] Changing 'male | female' to 'other'
06/12/2024 10:14:56 AM WARNING:: [Sex_at_Birth] Changing 'male | female' to 'other'
06/12/2024 10:14:56 AM WARNING:: [Sex_at_Birth] Changing 'male | female' to 'other'
06/12/2024 10:14:56 AM WARNING:: [Sex_at_Birth] Changing 'male | female' to 'other'
06/12/2024 10:14:56 AM Warning:: [Race] Changing 'Race' to 'other' and moving data to [Race Specify]
06/12/2024 10:14:56 AM Warning:: [Race] Changing 'Race' to 'other' and moving data to [Race Specify]
06/12/2024 10:14:56 AM Warning:: [Race] Changing 'Race' to 'other' and moving data to [Race Specify]
06/12/2024 10:14:56 AM Warning:: [Race] Changing 'Race' to 'other' and moving data to [Race Specify]
06/12/2024 10:14:56 AM Warning:: [Race] Changing 'Race' to 'other' and moving data to [Race Specify]
06/12/2024 10:14:56 AM Warning:: [Race] Changing 'Race' to 'other' and moving data to [Race Specify]
06/12/2024 10:14:56 AM Warning:: [Race] Changing 'Race' to 'other' and moving data to [Race Specify]
06/12/2024 10:14:56 AM Warning:: [Race] Changing 'Race' to 'other' and moving data to [Race Specify]
06/12/2024 10:14:56 AM Warning:: [Ethnicity] Changing list to other in ImmPort Templates
06/12/2024 10:14:56 AM Warning:: [Ethnicity] Changing list to other in ImmPort Templates
06/12/2024 10:14:56 AM Warning:: [Ethnicity] Changing list to other in ImmPort Templates
06/12/2024 10:14:56 AM Warning:: [Ethnicity] Changing list to other in ImmPort Templates
06/12/2024 10:14:56 AM Warning:: [Ethnicity] Changing list to other in ImmPort Templates
06/12/2024 10:14:56 AM Warning:: [Ethnicity] Changing list to other in ImmPort Templates
06/12/2024 10:14:56 AM Warning:: [Ethnicity] Changing list to other in ImmPort Templates
06/12/2024 10:14:56 AM Warning:: [Ethnicity] Changing list to other in ImmPort Templates
06/12/2024 10:14:58 AM INFO:: [User Change] Not Specified => Not Applicable
06/12/2024 10:14:58 AM INFO:: [Fuzzy] Closest Match Found. Changing Nasal swab or nose specimen => Nasal Swab or Nose Specimen
06/12/2024 10:15:01 AM INFO:: [User Change] Gel electrophoresis => B cell receptor repertoire sequencing assay
06/12/2024 10:15:01 AM Previous Input: Assay Type, Gel electrophoresis => B cell receptor repertoire sequencing assay
06/12/2024 10:18:13 AM 
PMID: 35217407
06/12/2024 10:18:13 AM WARNING:: [Sex_at_Birth] Changing 'male | female' to 'other'
06/12/2024 10:18:13 AM WARNING:: [Sex_at_Birth] Changing 'male | female' to 'other'
06/12/2024 10:18:13 AM WARNING:: [Sex_at_Birth] Changing 'male | female' to 'other'
06/12/2024 10:18:13 AM WARNING:: [Sex_at_Birth] Changing 'male | female' to 'other'
06/12/2024 10:18:13 AM WARNING:: [Sex_at_Birth] Changing 'male | female' to 'other'
06/12/2024 10:18:13 AM WARNING:: [Sex_at_Birth] Changing 'male | female' to 'other'
06/12/2024 10:18:13 AM Warning:: [Race] Changing 'Race' to 'other' and moving data to [Race Specify]
06/12/2024 10:18:13 AM Warning:: [Race] Changing 'Race' to 'other' and moving data to [Race Specify]
06/12/2024 10:18:13 AM Warning:: [Race] Changing 'Race' to 'other' and moving data to [Race Specify]
06/12/2024 10:18:13 AM Warning:: [Race] Changing 'Race' to 'other' and moving data to [Race Specify]
06/12/2024 10:18:13 AM Warning:: [Race] Changing 'Race' to 'other' and moving data to [Race Specify]
06/12/2024 10:18:13 AM Warning:: [Race] Changing 'Race' to 'other' and moving data to [Race Specify]
06/12/2024 10:18:13 AM Warning:: [Race] Changing 'Race' to 'other' and moving data to [Race Specify]
06/12/2024 10:18:13 AM Warning:: [Race] Changing 'Race' to 'other' and moving data to [Race Specify]
06/12/2024 10:18:13 AM Warning:: [Ethnicity] Changing list to other in ImmPort Templates
06/12/2024 10:18:13 AM Warning:: [Ethnicity] Changing list to other in ImmPort Templates
06/12/2024 10:18:13 AM Warning:: [Ethnicity] Changing list to other in ImmPort Templates
06/12/2024 10:18:13 AM Warning:: [Ethnicity] Changing list to other in ImmPort Templates
06/12/2024 10:18:13 AM Warning:: [Ethnicity] Changing list to other in ImmPort Templates
06/12/2024 10:18:13 AM Warning:: [Ethnicity] Changing list to other in ImmPort Templates
06/12/2024 10:18:13 AM Warning:: [Ethnicity] Changing list to other in ImmPort Templates
06/12/2024 10:18:13 AM Warning:: [Ethnicity] Changing list to other in ImmPort Templates
06/12/2024 10:18:15 AM INFO:: [User Change] Not Specified => Not Applicable
06/12/2024 10:18:15 AM INFO:: [Fuzzy] Closest Match Found. Changing Nasal swab or nose specimen => Nasal Swab or Nose Specimen
06/12/2024 10:18:30 AM 
PMID: 38291080
06/12/2024 10:18:30 AM WARNING:: [Sex_at_Birth] Changing 'male | female' to 'other'
06/12/2024 10:18:30 AM WARNING:: [Sex_at_Birth] Changing 'male | female' to 'other'
06/12/2024 10:18:30 AM WARNING:: [Sex_at_Birth] Changing 'male | female' to 'other'
06/12/2024 10:18:30 AM Warning:: [Race] Changing 'Race' to 'other' and moving data to [Race Specify]
06/12/2024 10:18:30 AM Warning:: [Race] Changing 'Race' to 'other' and moving data to [Race Specify]
06/12/2024 10:18:30 AM Warning:: [Race] Changing 'Race' to 'other' and moving data to [Race Specify]
06/12/2024 10:18:30 AM Warning:: [Ethnicity] Changing list to other in ImmPort Templates
06/12/2024 10:18:30 AM Warning:: [Ethnicity] Changing list to other in ImmPort Templates
06/12/2024 10:18:30 AM Warning:: [Ethnicity] Changing list to other in ImmPort Templates
06/12/2024 10:20:44 AM 
PMID: 38291080
06/12/2024 10:20:44 AM WARNING:: [Sex_at_Birth] Changing 'male | female' to 'other'
06/12/2024 10:20:44 AM WARNING:: [Sex_at_Birth] Changing 'male | female' to 'other'
06/12/2024 10:20:44 AM WARNING:: [Sex_at_Birth] Changing 'male | female' to 'other'
06/12/2024 10:20:44 AM Warning:: [Race] Changing 'Race' to 'other' and moving data to [Race Specify]
06/12/2024 10:20:44 AM Warning:: [Race] Changing 'Race' to 'other' and moving data to [Race Specify]
06/12/2024 10:20:44 AM Warning:: [Race] Changing 'Race' to 'other' and moving data to [Race Specify]
06/12/2024 10:20:44 AM Warning:: [Ethnicity] Changing list to other in ImmPort Templates
06/12/2024 10:20:44 AM Warning:: [Ethnicity] Changing list to other in ImmPort Templates
06/12/2024 10:20:44 AM Warning:: [Ethnicity] Changing list to other in ImmPort Templates
06/12/2024 10:21:03 AM 
PMID: 38291080
06/12/2024 10:21:04 AM WARNING:: [Sex_at_Birth] Changing 'male | female' to 'other'
06/12/2024 10:21:04 AM WARNING:: [Sex_at_Birth] Changing 'male | female' to 'other'
06/12/2024 10:21:04 AM WARNING:: [Sex_at_Birth] Changing 'male | female' to 'other'
06/12/2024 10:21:04 AM Warning:: [Race] Changing 'Race' to 'other' and moving data to [Race Specify]
06/12/2024 10:21:04 AM Warning:: [Race] Changing 'Race' to 'other' and moving data to [Race Specify]
06/12/2024 10:21:04 AM Warning:: [Race] Changing 'Race' to 'other' and moving data to [Race Specify]
06/12/2024 10:21:04 AM Warning:: [Ethnicity] Changing list to other in ImmPort Templates
06/12/2024 10:21:04 AM Warning:: [Ethnicity] Changing list to other in ImmPort Templates
06/12/2024 10:21:04 AM Warning:: [Ethnicity] Changing list to other in ImmPort Templates
06/12/2024 10:21:25 AM 
PMID: 38291080
06/12/2024 10:21:25 AM WARNING:: [Sex_at_Birth] Changing 'male | female' to 'other'
06/12/2024 10:21:25 AM WARNING:: [Sex_at_Birth] Changing 'male | female' to 'other'
06/12/2024 10:21:25 AM WARNING:: [Sex_at_Birth] Changing 'male | female' to 'other'
06/12/2024 10:21:25 AM Warning:: [Race] Changing 'Race' to 'other' and moving data to [Race Specify]
06/12/2024 10:21:25 AM Warning:: [Race] Changing 'Race' to 'other' and moving data to [Race Specify]
06/12/2024 10:21:25 AM Warning:: [Race] Changing 'Race' to 'other' and moving data to [Race Specify]
06/12/2024 10:21:25 AM Warning:: [Ethnicity] Changing list to other in ImmPort Templates
06/12/2024 10:21:25 AM Warning:: [Ethnicity] Changing list to other in ImmPort Templates
06/12/2024 10:21:25 AM Warning:: [Ethnicity] Changing list to other in ImmPort Templates
06/12/2024 10:43:32 AM 
PMID: 38291080
06/12/2024 10:43:32 AM WARNING:: [Sex_at_Birth] Changing 'male | female' to 'other'
06/12/2024 10:43:32 AM WARNING:: [Sex_at_Birth] Changing 'male | female' to 'other'
06/12/2024 10:43:32 AM WARNING:: [Sex_at_Birth] Changing 'male | female' to 'other'
06/12/2024 10:43:32 AM Warning:: [Race] Changing 'Race' to 'other' and moving data to [Race Specify]
06/12/2024 10:43:32 AM Warning:: [Race] Changing 'Race' to 'other' and moving data to [Race Specify]
06/12/2024 10:43:32 AM Warning:: [Race] Changing 'Race' to 'other' and moving data to [Race Specify]
06/12/2024 10:43:32 AM Warning:: [Ethnicity] Changing list to other in ImmPort Templates
06/12/2024 10:43:32 AM Warning:: [Ethnicity] Changing list to other in ImmPort Templates
06/12/2024 10:43:32 AM Warning:: [Ethnicity] Changing list to other in ImmPort Templates
06/12/2024 10:44:13 AM 
PMID: 38291080
06/12/2024 10:44:13 AM WARNING:: [Sex_at_Birth] Changing 'male | female' to 'other'
06/12/2024 10:44:13 AM WARNING:: [Sex_at_Birth] Changing 'male | female' to 'other'
06/12/2024 10:44:13 AM WARNING:: [Sex_at_Birth] Changing 'male | female' to 'other'
06/12/2024 10:44:13 AM Warning:: [Race] Changing 'Race' to 'other' and moving data to [Race Specify]
06/12/2024 10:44:13 AM Warning:: [Race] Changing 'Race' to 'other' and moving data to [Race Specify]
06/12/2024 10:44:13 AM Warning:: [Race] Changing 'Race' to 'other' and moving data to [Race Specify]
06/12/2024 10:44:13 AM Warning:: [Ethnicity] Changing list to other in ImmPort Templates
06/12/2024 10:44:13 AM Warning:: [Ethnicity] Changing list to other in ImmPort Templates
06/12/2024 10:44:13 AM Warning:: [Ethnicity] Changing list to other in ImmPort Templates
06/12/2024 10:44:54 AM 
PMID: 38291080
06/12/2024 10:44:54 AM WARNING:: [Sex_at_Birth] Changing 'male | female' to 'other'
06/12/2024 10:44:54 AM WARNING:: [Sex_at_Birth] Changing 'male | female' to 'other'
06/12/2024 10:44:54 AM WARNING:: [Sex_at_Birth] Changing 'male | female' to 'other'
06/12/2024 10:44:54 AM Warning:: [Race] Changing 'Race' to 'other' and moving data to [Race Specify]
06/12/2024 10:44:54 AM Warning:: [Race] Changing 'Race' to 'other' and moving data to [Race Specify]
06/12/2024 10:44:54 AM Warning:: [Race] Changing 'Race' to 'other' and moving data to [Race Specify]
06/12/2024 10:44:54 AM Warning:: [Ethnicity] Changing list to other in ImmPort Templates
06/12/2024 10:44:54 AM Warning:: [Ethnicity] Changing list to other in ImmPort Templates
06/12/2024 10:44:54 AM Warning:: [Ethnicity] Changing list to other in ImmPort Templates
06/12/2024 10:46:28 AM 
PMID: 34242572
06/12/2024 10:46:28 AM WARNING:: [Sex_at_Birth] Changing 'male | female' to 'other'
06/12/2024 10:46:28 AM WARNING:: [Sex_at_Birth] Changing 'male | female' to 'other'
06/12/2024 10:46:28 AM WARNING:: [Sex_at_Birth] Changing 'male | female' to 'other'
06/12/2024 10:46:28 AM WARNING:: [Sex_at_Birth] Changing 'male | female' to 'other'
06/12/2024 10:46:28 AM Warning:: [Race] Changing 'Race' to 'other' and moving data to [Race Specify]
06/12/2024 10:46:28 AM Warning:: [Race] Changing 'Race' to 'other' and moving data to [Race Specify]
06/12/2024 10:46:28 AM Warning:: [Race] Changing 'Race' to 'other' and moving data to [Race Specify]
06/12/2024 10:46:28 AM Warning:: [Race] Changing 'Race' to 'other' and moving data to [Race Specify]
06/12/2024 10:46:28 AM Warning:: [Ethnicity] Changing list to other in ImmPort Templates
06/12/2024 10:46:28 AM Warning:: [Ethnicity] Changing list to other in ImmPort Templates
06/12/2024 10:46:28 AM Warning:: [Ethnicity] Changing list to other in ImmPort Templates
06/12/2024 10:46:28 AM Warning:: [Ethnicity] Changing list to other in ImmPort Templates
06/12/2024 10:46:31 AM INFO:: [User Change] Not Specified => Not Applicable
06/12/2024 10:53:37 AM 
PMID: 35704758
06/12/2024 11:00:01 AM 
PMID: 35978191
06/12/2024 11:00:01 AM WARNING:: [Sex_at_Birth] Changing 'male | female' to 'other'
06/12/2024 11:00:01 AM WARNING:: [Sex_at_Birth] Changing 'male | female' to 'other'
06/12/2024 11:00:01 AM Warning:: [Race] Changing 'Race' to 'other' and moving data to [Race Specify]
06/12/2024 11:00:01 AM Warning:: [Race] Changing 'Race' to 'other' and moving data to [Race Specify]
06/12/2024 11:00:01 AM Warning:: [Ethnicity] Changing list to other in ImmPort Templates
06/12/2024 11:00:01 AM Warning:: [Ethnicity] Changing list to other in ImmPort Templates
06/12/2024 11:40:06 AM 
PMID: 36962865
06/12/2024 11:40:06 AM WARNING:: [Sex_at_Birth] Changing 'male | female' to 'other'
06/12/2024 11:40:06 AM Warning:: [Race] Changing 'Race' to 'other' and moving data to [Race Specify]
06/12/2024 11:40:06 AM Warning:: [Ethnicity] Changing list to other in ImmPort Templates
06/12/2024 11:40:07 AM INFO:: [User Change] Not Specified => Not Applicable
06/12/2024 11:42:12 AM 
PMID: 36962865
06/12/2024 11:42:12 AM WARNING:: [Sex_at_Birth] Changing 'male | female' to 'other'
06/12/2024 11:42:12 AM Warning:: [Race] Changing 'Race' to 'other' and moving data to [Race Specify]
06/12/2024 11:42:12 AM Warning:: [Ethnicity] Changing list to other in ImmPort Templates
06/12/2024 11:42:13 AM INFO:: [User Change] Not Specified => Not Applicable
06/12/2024 12:13:42 PM 
PMID: 34013339
06/12/2024 12:13:42 PM WARNING:: [Sex_at_Birth] Changing 'male | female' to 'other'
06/12/2024 12:13:42 PM WARNING:: [Sex_at_Birth] Changing 'male | female' to 'other'
06/12/2024 12:13:42 PM WARNING:: [Sex_at_Birth] Changing 'male | female' to 'other'
06/12/2024 12:13:42 PM Warning:: [Race] Changing 'Race' to 'other' and moving data to [Race Specify]
06/12/2024 12:13:42 PM Warning:: [Race] Changing 'Race' to 'other' and moving data to [Race Specify]
06/12/2024 12:13:42 PM Warning:: [Race] Changing 'Race' to 'other' and moving data to [Race Specify]
06/12/2024 12:13:42 PM Warning:: [Ethnicity] Changing list to other in ImmPort Templates
06/12/2024 12:13:42 PM Warning:: [Ethnicity] Changing list to other in ImmPort Templates
06/12/2024 12:13:42 PM Warning:: [Ethnicity] Changing list to other in ImmPort Templates
06/12/2024 12:13:44 PM INFO:: [User Change] Not Specified => Not Applicable
06/12/2024 12:29:50 PM 
PMID: 35752198
06/12/2024 12:29:51 PM WARNING:: [Sex_at_Birth] Changing 'male | female' to 'other'
06/12/2024 12:29:51 PM WARNING:: [Sex_at_Birth] Changing 'male | female' to 'other'
06/12/2024 12:29:51 PM Warning:: [Race] Changing 'Race' to 'other' and moving data to [Race Specify]
06/12/2024 12:29:51 PM Warning:: [Race] Changing 'Race' to 'other' and moving data to [Race Specify]
06/12/2024 12:29:51 PM Warning:: [Ethnicity] Changing list to other in ImmPort Templates
06/12/2024 12:29:51 PM Warning:: [Ethnicity] Changing list to other in ImmPort Templates
06/12/2024 12:30:46 PM 
PMID: 35752198
06/12/2024 12:30:46 PM WARNING:: [Sex_at_Birth] Changing 'male | female' to 'other'
06/12/2024 12:30:46 PM WARNING:: [Sex_at_Birth] Changing 'male | female' to 'other'
06/12/2024 12:30:46 PM Warning:: [Race] Changing 'Race' to 'other' and moving data to [Race Specify]
06/12/2024 12:30:46 PM Warning:: [Race] Changing 'Race' to 'other' and moving data to [Race Specify]
06/12/2024 12:30:46 PM Warning:: [Ethnicity] Changing list to other in ImmPort Templates
06/12/2024 12:30:46 PM Warning:: [Ethnicity] Changing list to other in ImmPort Templates
06/12/2024 01:02:56 PM 
PMID: 35759727
06/12/2024 01:02:56 PM WARNING:: [Sex_at_Birth] Changing 'male | female' to 'other'
06/12/2024 01:02:56 PM WARNING:: [Sex_at_Birth] Changing 'male | female' to 'other'
06/12/2024 01:02:56 PM Warning:: [Race] Changing 'Race' to 'other' and moving data to [Race Specify]
06/12/2024 01:02:56 PM Warning:: [Race] Changing 'Race' to 'other' and moving data to [Race Specify]
06/12/2024 01:02:56 PM Warning:: [Ethnicity] Changing list to other in ImmPort Templates
06/12/2024 01:02:56 PM Warning:: [Ethnicity] Changing list to other in ImmPort Templates
06/12/2024 01:02:56 PM [INFO]:: [Fuzzy] Moderna COVID-19 vaccine ; VO:0005157 => Moderna COVID-19 vaccine; VO:0005157 : score 99
06/12/2024 01:02:56 PM [INFO]:: [Fuzzy] Pfizer BioNTech COVID-19 vaccine ; VO:0004987 => Pfizer BioNTech COVID-19 vaccine; VO:0004987 : score 99
06/12/2024 01:02:56 PM [INFO]:: [Fuzzy] Moderna COVID-19 vaccine ; VO:0005157 => Moderna COVID-19 vaccine; VO:0005157 : score 99
06/12/2024 01:02:56 PM [INFO]:: [Fuzzy] Pfizer BioNTech COVID-19 vaccine ; VO:0004988 => Pfizer BioNTech COVID-19 vaccine; VO:0004987 : score 97
06/12/2024 01:06:01 PM 
PMID: 37161609
06/12/2024 01:06:01 PM WARNING:: [Sex_at_Birth] Changing 'male | female' to 'other'
06/12/2024 01:06:01 PM WARNING:: [Sex_at_Birth] Changing 'male | female' to 'other'
06/12/2024 01:06:01 PM Warning:: [Race] Changing 'Race' to 'other' and moving data to [Race Specify]
06/12/2024 01:06:01 PM Warning:: [Race] Changing 'Race' to 'other' and moving data to [Race Specify]
06/12/2024 01:06:01 PM Warning:: [Ethnicity] Changing list to other in ImmPort Templates
06/12/2024 01:06:01 PM Warning:: [Ethnicity] Changing list to other in ImmPort Templates
06/12/2024 01:06:02 PM INFO:: [Fuzzy] Closest Match Found. Changing HCoVs - Seasonal (OC43 => HCoVs - Seasonal (OC43, HKU-1, NL63, 229E)
06/12/2024 01:06:02 PM INFO:: [Fuzzy] Closest Match Found. Changing HKU-1 => HCoVs - Seasonal (OC43, HKU-1, NL63, 229E)
06/12/2024 01:06:02 PM INFO:: [Fuzzy] Closest Match Found. Changing NL63 => HCoVs - Seasonal (OC43, HKU-1, NL63, 229E)
06/12/2024 01:06:02 PM INFO:: [Fuzzy] Closest Match Found. Changing 229E) => HCoVs - Seasonal (OC43, HKU-1, NL63, 229E)
06/12/2024 01:06:02 PM INFO:: [Fuzzy] Closest Match Found. Changing HCoVs - Seasonal (OC43 => HCoVs - Seasonal (OC43, HKU-1, NL63, 229E)
06/12/2024 01:06:02 PM INFO:: [Fuzzy] Closest Match Found. Changing HKU-1 => HCoVs - Seasonal (OC43, HKU-1, NL63, 229E)
06/12/2024 01:06:02 PM INFO:: [Fuzzy] Closest Match Found. Changing NL63 => HCoVs - Seasonal (OC43, HKU-1, NL63, 229E)
06/12/2024 01:06:02 PM INFO:: [Fuzzy] Closest Match Found. Changing 229E) => HCoVs - Seasonal (OC43, HKU-1, NL63, 229E)
06/12/2024 01:08:37 PM 
PMID: 35704758
06/12/2024 01:09:54 PM 
PMID: 35704758
06/12/2024 01:21:12 PM 
PMID: 35704758
06/12/2024 01:21:27 PM 
PMID: 35704758
