03/12/2025 11:57:31 AM 
PMID: PMID3576 ####################
03/12/2025 11:57:31 AM WARNING:: [Sex_at_Birth] Changing 'male | female' to 'other'
03/12/2025 11:57:31 AM Warning:: [Race] Changing 'Race' to 'other' and moving data to [Race Specify]
03/12/2025 11:57:31 AM Warning:: [Ethnicity] Changing list to other in ImmPort Templates
03/12/2025 11:57:36 AM INFO:: [User Change] Not Specified => Not Applicable
03/12/2025 11:58:22 AM 
PMID: PMID3576 ####################
03/12/2025 11:58:22 AM WARNING:: [Sex_at_Birth] Changing 'male | female' to 'other'
03/12/2025 11:58:22 AM Warning:: [Race] Changing 'Race' to 'other' and moving data to [Race Specify]
03/12/2025 11:58:22 AM Warning:: [Ethnicity] Changing list to other in ImmPort Templates
03/12/2025 11:58:23 AM INFO:: [User Change] Not Specified => Not Applicable
03/12/2025 12:33:15 PM 
PMID: PMID3905 ####################
03/12/2025 12:33:16 PM WARNING:: [Sex_at_Birth] Changing 'male | female' to 'other'
03/12/2025 12:33:16 PM WARNING:: [Sex_at_Birth] Changing 'male | female' to 'other'
03/12/2025 12:33:16 PM WARNING:: [Sex_at_Birth] Changing 'male | female' to 'other'
03/12/2025 12:33:16 PM WARNING:: [Sex_at_Birth] Changing 'male | female' to 'other'
03/12/2025 12:33:16 PM Warning:: [Race] Changing 'Race' to 'other' and moving data to [Race Specify]
03/12/2025 12:33:16 PM Warning:: [Race] Changing 'Race' to 'other' and moving data to [Race Specify]
03/12/2025 12:33:16 PM Warning:: [Race] Changing 'Race' to 'other' and moving data to [Race Specify]
03/12/2025 12:33:16 PM Warning:: [Race] Changing 'Race' to 'other' and moving data to [Race Specify]
03/12/2025 12:33:16 PM Warning:: [Ethnicity] Changing list to other in ImmPort Templates
03/12/2025 12:33:16 PM Warning:: [Ethnicity] Changing list to other in ImmPort Templates
03/12/2025 12:33:16 PM Warning:: [Ethnicity] Changing list to other in ImmPort Templates
03/12/2025 12:33:16 PM Warning:: [Ethnicity] Changing list to other in ImmPort Templates
03/12/2025 12:33:46 PM INFO:: [Fuzzy] Closest Match Found. Changing HCoVs - Seasonal (OC43 => HCoVs - Seasonal (OC43, HKU-1, NL63, 229E)
03/12/2025 12:33:46 PM INFO:: [Fuzzy] Closest Match Found. Changing HKU-1 => HCoVs - Seasonal (OC43, HKU-1, NL63, 229E)
03/12/2025 12:33:46 PM INFO:: [Fuzzy] Closest Match Found. Changing NL63 => HCoVs - Seasonal (OC43, HKU-1, NL63, 229E)
03/12/2025 12:33:46 PM INFO:: [Fuzzy] Closest Match Found. Changing 229E) => HCoVs - Seasonal (OC43, HKU-1, NL63, 229E)
03/12/2025 12:33:46 PM INFO:: [Fuzzy] Closest Match Found. Changing HCoVs - Seasonal (OC43 => HCoVs - Seasonal (OC43, HKU-1, NL63, 229E)
03/12/2025 12:33:46 PM INFO:: [Fuzzy] Closest Match Found. Changing HKU-1 => HCoVs - Seasonal (OC43, HKU-1, NL63, 229E)
03/12/2025 12:33:46 PM INFO:: [Fuzzy] Closest Match Found. Changing NL63 => HCoVs - Seasonal (OC43, HKU-1, NL63, 229E)
03/12/2025 12:33:46 PM INFO:: [Fuzzy] Closest Match Found. Changing 229E) => HCoVs - Seasonal (OC43, HKU-1, NL63, 229E)
03/12/2025 12:33:46 PM INFO:: [Fuzzy] Closest Match Found. Changing HCoVs - Seasonal (OC43 => HCoVs - Seasonal (OC43, HKU-1, NL63, 229E)
03/12/2025 12:33:46 PM INFO:: [Fuzzy] Closest Match Found. Changing HKU-1 => HCoVs - Seasonal (OC43, HKU-1, NL63, 229E)
03/12/2025 12:33:46 PM INFO:: [Fuzzy] Closest Match Found. Changing NL63 => HCoVs - Seasonal (OC43, HKU-1, NL63, 229E)
03/12/2025 12:33:46 PM INFO:: [Fuzzy] Closest Match Found. Changing 229E) => HCoVs - Seasonal (OC43, HKU-1, NL63, 229E)
