07/08/2024 04:01:39 PM 
PMID: 38300113
07/08/2024 04:01:39 PM WARNING:: [Sex_at_Birth] Changing 'male | female' to 'other'
07/08/2024 04:01:39 PM Warning:: [Race] Changing 'Race' to 'other' and moving data to [Race Specify]
07/08/2024 04:01:39 PM Warning:: [Ethnicity] Changing list to other in ImmPort Templates
07/08/2024 04:09:05 PM 
PMID: 37548476
07/08/2024 04:09:29 PM 
PMID: 36246273
07/08/2024 04:09:29 PM WARNING:: [Sex_at_Birth] Changing 'male | female' to 'other'
07/08/2024 04:09:29 PM WARNING:: [Sex_at_Birth] Changing 'male | female' to 'other'
07/08/2024 04:09:29 PM Warning:: [Race] Changing 'Race' to 'other' and moving data to [Race Specify]
07/08/2024 04:09:29 PM Warning:: [Race] Changing 'Race' to 'other' and moving data to [Race Specify]
07/08/2024 04:09:29 PM Warning:: [Ethnicity] Changing list to other in ImmPort Templates
07/08/2024 04:09:29 PM Warning:: [Ethnicity] Changing list to other in ImmPort Templates
07/08/2024 04:09:31 PM INFO:: [User Change] Not Specified => Not Applicable
07/08/2024 04:16:29 PM 
PMID: 37191544
07/08/2024 04:16:29 PM WARNING:: [Sex_at_Birth] Changing 'male | female' to 'other'
07/08/2024 04:16:29 PM WARNING:: [Sex_at_Birth] Changing 'male | female' to 'other'
07/08/2024 04:16:29 PM WARNING:: [Sex_at_Birth] Changing 'male | female' to 'other'
07/08/2024 04:16:29 PM WARNING:: [Sex_at_Birth] Changing 'male | female' to 'other'
07/08/2024 04:16:29 PM WARNING:: [Sex_at_Birth] Changing 'male | female' to 'other'
07/08/2024 04:16:29 PM WARNING:: [Sex_at_Birth] Changing 'male | female' to 'other'
07/08/2024 04:16:29 PM WARNING:: [Sex_at_Birth] Changing 'male | female' to 'other'
07/08/2024 04:16:29 PM WARNING:: [Sex_at_Birth] Changing 'male | female' to 'other'
07/08/2024 04:16:55 PM 
PMID: 36417525
07/08/2024 04:16:55 PM ERROR:: [planned visit] Check user defined ID
07/08/2024 04:17:21 PM 
PMID: 37606046
07/08/2024 04:17:21 PM WARNING:: [Sex_at_Birth] Changing 'male | female' to 'other'
07/08/2024 04:17:21 PM WARNING:: [Sex_at_Birth] Changing 'male | female' to 'other'
07/08/2024 04:17:21 PM Warning:: [Race] Changing 'Race' to 'other' and moving data to [Race Specify]
07/08/2024 04:17:21 PM Warning:: [Race] Changing 'Race' to 'other' and moving data to [Race Specify]
07/08/2024 04:17:21 PM Warning:: [Ethnicity] Changing list to other in ImmPort Templates
07/08/2024 04:17:21 PM Warning:: [Ethnicity] Changing list to other in ImmPort Templates
07/08/2024 04:17:32 PM 
PMID: 36222529
07/08/2024 04:17:32 PM WARNING:: [Sex_at_Birth] Changing 'male | female' to 'other'
07/08/2024 04:17:32 PM Warning:: [Race] Changing 'Race' to 'other' and moving data to [Race Specify]
07/08/2024 04:17:32 PM Warning:: [Ethnicity] Changing list to other in ImmPort Templates
07/08/2024 04:17:50 PM 
PMID: 36927068
07/08/2024 04:17:50 PM WARNING:: [Sex_at_Birth] Changing 'male | female' to 'other'
07/08/2024 04:17:50 PM WARNING:: [Sex_at_Birth] Changing 'male | female' to 'other'
07/08/2024 04:17:50 PM WARNING:: [Sex_at_Birth] Changing 'male | female' to 'other'
07/08/2024 04:17:50 PM Warning:: [Race] Changing 'Race' to 'other' and moving data to [Race Specify]
07/08/2024 04:17:50 PM Warning:: [Race] Changing 'Race' to 'other' and moving data to [Race Specify]
07/08/2024 04:17:50 PM Warning:: [Race] Changing 'Race' to 'other' and moving data to [Race Specify]
07/08/2024 04:17:50 PM Warning:: [Ethnicity] Changing list to other in ImmPort Templates
07/08/2024 04:17:50 PM Warning:: [Ethnicity] Changing list to other in ImmPort Templates
07/08/2024 04:17:50 PM Warning:: [Ethnicity] Changing list to other in ImmPort Templates
07/08/2024 04:21:20 PM 
PMID: 35372243
07/08/2024 04:21:20 PM WARNING:: [Sex_at_Birth] Changing 'male | female' to 'other'
07/08/2024 04:21:20 PM Warning:: [Race] Changing 'Race' to 'other' and moving data to [Race Specify]
07/08/2024 04:21:20 PM Warning:: [Ethnicity] Changing list to other in ImmPort Templates
07/08/2024 04:21:44 PM 
PMID: 34961848
07/08/2024 04:21:44 PM WARNING:: [Sex_at_Birth] Changing 'male | female' to 'other'
07/08/2024 04:21:44 PM Warning:: [Race] Changing 'Race' to 'other' and moving data to [Race Specify]
07/08/2024 04:21:44 PM Warning:: [Ethnicity] Changing list to other in ImmPort Templates
