07/15/2024 12:33:02 PM 
PMID: 99999999
07/15/2024 12:37:13 PM 
PMID: 99999999
07/15/2024 12:37:13 PM WARNING:: [Sex_at_Birth] Changing 'male | female' to 'other'
07/15/2024 12:37:41 PM 
PMID: 99999999
07/15/2024 12:37:41 PM WARNING:: [Sex_at_Birth] Changing 'male | female' to 'other'
07/15/2024 12:37:41 PM Warning:: [Race] Changing 'Race' to 'other' and moving data to [Race Specify]
07/15/2024 12:37:41 PM Warning:: [Ethnicity] Changing list to other in ImmPort Templates
07/15/2024 12:37:43 PM INFO:: [User Change] TEST16 => El Salvador
07/15/2024 12:52:19 PM 
PMID: 99999999
07/15/2024 12:52:19 PM WARNING:: [Sex_at_Birth] Changing 'male | female' to 'other'
07/15/2024 12:52:19 PM Warning:: [Race] Changing 'Race' to 'other' and moving data to [Race Specify]
07/15/2024 12:52:19 PM Warning:: [Ethnicity] Changing list to other in ImmPort Templates
07/15/2024 12:53:28 PM INFO:: [User Change] TEST16 => El Salvador
07/15/2024 12:59:47 PM 
PMID: 99999999
07/15/2024 12:59:47 PM WARNING:: [Sex_at_Birth] Changing 'male | female' to 'other'
07/15/2024 12:59:47 PM Warning:: [Race] Changing 'Race' to 'other' and moving data to [Race Specify]
07/15/2024 12:59:47 PM Warning:: [Ethnicity] Changing list to other in ImmPort Templates
07/15/2024 01:01:54 PM 
PMID: 99999999
07/15/2024 01:01:54 PM WARNING:: [Sex_at_Birth] Changing 'male | female' to 'other'
07/15/2024 01:01:54 PM Warning:: [Race] Changing 'Race' to 'other' and moving data to [Race Specify]
07/15/2024 01:01:54 PM Warning:: [Ethnicity] Changing list to other in ImmPort Templates
07/15/2024 01:01:58 PM INFO:: [User Change] TEST16 => El Salvador
07/15/2024 01:02:18 PM 
PMID: 99999999
07/15/2024 01:02:18 PM WARNING:: [Sex_at_Birth] Changing 'male | female' to 'other'
07/15/2024 01:02:18 PM Warning:: [Race] Changing 'Race' to 'other' and moving data to [Race Specify]
07/15/2024 01:02:18 PM Warning:: [Ethnicity] Changing list to other in ImmPort Templates
07/15/2024 01:11:56 PM INFO:: [User Change] TEST16 => El Salvador
07/15/2024 01:11:59 PM 
PMID: 99999999
07/15/2024 01:11:59 PM WARNING:: [Sex_at_Birth] Changing 'male | female' to 'other'
07/15/2024 01:11:59 PM Warning:: [Race] Changing 'Race' to 'other' and moving data to [Race Specify]
07/15/2024 01:11:59 PM Warning:: [Ethnicity] Changing list to other in ImmPort Templates
07/15/2024 01:13:55 PM INFO:: [User Change] TEST16 => El Salvador
07/15/2024 01:13:57 PM 
PMID: 99999999
07/15/2024 01:13:57 PM WARNING:: [Sex_at_Birth] Changing 'male | female' to 'other'
07/15/2024 01:13:57 PM Warning:: [Race] Changing 'Race' to 'other' and moving data to [Race Specify]
07/15/2024 01:13:57 PM Warning:: [Ethnicity] Changing list to other in ImmPort Templates
07/15/2024 01:14:11 PM 
PMID: 99999999
07/15/2024 01:14:11 PM WARNING:: [Sex_at_Birth] Changing 'male | female' to 'other'
07/15/2024 01:14:11 PM Warning:: [Race] Changing 'Race' to 'other' and moving data to [Race Specify]
07/15/2024 01:14:11 PM Warning:: [Ethnicity] Changing list to other in ImmPort Templates
07/15/2024 01:15:03 PM INFO:: [User Change] TEST16 => El Salvador
07/15/2024 01:15:05 PM 
PMID: 99999999
07/15/2024 01:15:05 PM WARNING:: [Sex_at_Birth] Changing 'male | female' to 'other'
07/15/2024 01:15:05 PM Warning:: [Race] Changing 'Race' to 'other' and moving data to [Race Specify]
07/15/2024 01:15:05 PM Warning:: [Ethnicity] Changing list to other in ImmPort Templates
07/15/2024 01:15:18 PM INFO:: [User Change] TEST16 => El Salvador
07/15/2024 01:15:20 PM 
PMID: 99999999
07/15/2024 01:15:20 PM WARNING:: [Sex_at_Birth] Changing 'male | female' to 'other'
07/15/2024 01:15:20 PM Warning:: [Race] Changing 'Race' to 'other' and moving data to [Race Specify]
07/15/2024 01:15:20 PM Warning:: [Ethnicity] Changing list to other in ImmPort Templates
07/15/2024 01:27:01 PM INFO:: [User Change] TEST16 => El Salvador
07/15/2024 01:27:14 PM 
PMID: 99999999
07/15/2024 01:27:14 PM WARNING:: [Sex_at_Birth] Changing 'male | female' to 'other'
07/15/2024 01:27:14 PM Warning:: [Race] Changing 'Race' to 'other' and moving data to [Race Specify]
07/15/2024 01:27:14 PM Warning:: [Ethnicity] Changing list to other in ImmPort Templates
07/15/2024 01:28:31 PM 
PMID: 99999999
07/15/2024 01:28:31 PM WARNING:: [Sex_at_Birth] Changing 'male | female' to 'other'
07/15/2024 01:28:31 PM Warning:: [Race] Changing 'Race' to 'other' and moving data to [Race Specify]
07/15/2024 01:28:31 PM Warning:: [Ethnicity] Changing list to other in ImmPort Templates
07/15/2024 01:29:35 PM 
PMID: 99999999
07/15/2024 01:29:35 PM WARNING:: [Sex_at_Birth] Changing 'male | female' to 'other'
07/15/2024 01:29:35 PM Warning:: [Race] Changing 'Race' to 'other' and moving data to [Race Specify]
07/15/2024 01:29:35 PM Warning:: [Ethnicity] Changing list to other in ImmPort Templates
07/15/2024 01:30:12 PM 
PMID: 99999999
07/15/2024 01:30:12 PM WARNING:: [Sex_at_Birth] Changing 'male | female' to 'other'
07/15/2024 01:30:12 PM Warning:: [Race] Changing 'Race' to 'other' and moving data to [Race Specify]
07/15/2024 01:30:12 PM Warning:: [Ethnicity] Changing list to other in ImmPort Templates
07/15/2024 01:30:14 PM INFO:: [User Change] TEST16 => El Salvador
07/15/2024 01:32:29 PM 
PMID: 99999999
07/15/2024 01:32:29 PM WARNING:: [Sex_at_Birth] Changing 'male | female' to 'other'
07/15/2024 01:32:29 PM Warning:: [Race] Changing 'Race' to 'other' and moving data to [Race Specify]
07/15/2024 01:32:29 PM Warning:: [Ethnicity] Changing list to other in ImmPort Templates
07/15/2024 01:32:31 PM INFO:: [User Change] TEST16 => El Salvador
07/15/2024 01:40:09 PM 
PMID: 99999999
07/15/2024 01:40:09 PM WARNING:: [Sex_at_Birth] Changing 'male | female' to 'other'
07/15/2024 01:40:09 PM Warning:: [Race] Changing 'Race' to 'other' and moving data to [Race Specify]
07/15/2024 01:40:09 PM Warning:: [Ethnicity] Changing list to other in ImmPort Templates
07/15/2024 01:40:17 PM INFO:: [User Change] TEST16 => El Salvador
07/15/2024 01:40:45 PM 
PMID: 99999999
07/15/2024 01:40:45 PM WARNING:: [Sex_at_Birth] Changing 'male | female' to 'other'
07/15/2024 01:40:45 PM Warning:: [Race] Changing 'Race' to 'other' and moving data to [Race Specify]
07/15/2024 01:40:45 PM Warning:: [Ethnicity] Changing list to other in ImmPort Templates
07/15/2024 01:41:07 PM INFO:: [User Change] TEST16 => El Salvador
07/15/2024 01:41:22 PM 
PMID: 99999999
07/15/2024 01:41:22 PM WARNING:: [Sex_at_Birth] Changing 'male | female' to 'other'
07/15/2024 01:41:22 PM Warning:: [Race] Changing 'Race' to 'other' and moving data to [Race Specify]
07/15/2024 01:41:22 PM Warning:: [Ethnicity] Changing list to other in ImmPort Templates
07/15/2024 01:41:25 PM INFO:: [User Change] TEST16 => El Salvador
07/15/2024 01:41:52 PM 
PMID: 99999999
07/15/2024 01:41:52 PM WARNING:: [Sex_at_Birth] Changing 'male | female' to 'other'
07/15/2024 01:41:52 PM Warning:: [Race] Changing 'Race' to 'other' and moving data to [Race Specify]
07/15/2024 01:41:52 PM Warning:: [Ethnicity] Changing list to other in ImmPort Templates
07/15/2024 01:41:54 PM INFO:: [User Change] TEST16 => El Salvador
07/15/2024 01:42:12 PM 
PMID: 99999999
07/15/2024 01:42:12 PM WARNING:: [Sex_at_Birth] Changing 'male | female' to 'other'
07/15/2024 01:42:12 PM Warning:: [Race] Changing 'Race' to 'other' and moving data to [Race Specify]
07/15/2024 01:42:12 PM Warning:: [Ethnicity] Changing list to other in ImmPort Templates
07/15/2024 01:42:23 PM INFO:: [User Change] TEST16 => El Salvador
07/15/2024 01:42:26 PM 
PMID: 99999999
07/15/2024 01:42:26 PM WARNING:: [Sex_at_Birth] Changing 'male | female' to 'other'
07/15/2024 01:42:26 PM Warning:: [Race] Changing 'Race' to 'other' and moving data to [Race Specify]
07/15/2024 01:42:26 PM Warning:: [Ethnicity] Changing list to other in ImmPort Templates
07/15/2024 01:43:01 PM INFO:: [User Change] TEST16 => El Salvador
07/15/2024 01:43:03 PM 
PMID: 99999999
07/15/2024 01:43:03 PM WARNING:: [Sex_at_Birth] Changing 'male | female' to 'other'
07/15/2024 01:43:03 PM Warning:: [Race] Changing 'Race' to 'other' and moving data to [Race Specify]
07/15/2024 01:43:03 PM Warning:: [Ethnicity] Changing list to other in ImmPort Templates
07/15/2024 01:50:14 PM INFO:: [User Change] TEST16 => El Salvador
07/15/2024 01:50:16 PM 
PMID: 99999999
07/15/2024 01:50:16 PM WARNING:: [Sex_at_Birth] Changing 'male | female' to 'other'
07/15/2024 01:50:16 PM Warning:: [Race] Changing 'Race' to 'other' and moving data to [Race Specify]
07/15/2024 01:50:16 PM Warning:: [Ethnicity] Changing list to other in ImmPort Templates
07/15/2024 01:52:38 PM INFO:: [User Change] TEST16 => El Salvador
07/15/2024 01:52:41 PM 
PMID: 99999999
07/15/2024 01:52:41 PM WARNING:: [Sex_at_Birth] Changing 'male | female' to 'other'
07/15/2024 01:52:41 PM Warning:: [Race] Changing 'Race' to 'other' and moving data to [Race Specify]
07/15/2024 01:52:41 PM Warning:: [Ethnicity] Changing list to other in ImmPort Templates
07/15/2024 02:15:08 PM INFO:: [User Change] TEST16 => El Salvador
07/15/2024 02:15:11 PM 
PMID: 99999999
07/15/2024 02:15:11 PM WARNING:: [Sex_at_Birth] Changing 'male | female' to 'other'
07/15/2024 02:15:11 PM Warning:: [Race] Changing 'Race' to 'other' and moving data to [Race Specify]
07/15/2024 02:15:11 PM Warning:: [Ethnicity] Changing list to other in ImmPort Templates
07/15/2024 02:15:24 PM INFO:: [User Change] TEST16 => El Salvador
07/15/2024 02:18:27 PM 
PMID: 99999999
07/15/2024 02:18:27 PM WARNING:: [Sex_at_Birth] Changing 'male | female' to 'other'
07/15/2024 02:18:27 PM Warning:: [Race] Changing 'Race' to 'other' and moving data to [Race Specify]
07/15/2024 02:18:27 PM Warning:: [Ethnicity] Changing list to other in ImmPort Templates
07/15/2024 02:18:29 PM INFO:: [User Change] TEST16 => El Salvador
07/15/2024 02:19:54 PM 
PMID: 99999999
07/15/2024 02:19:54 PM WARNING:: [Sex_at_Birth] Changing 'male | female' to 'other'
07/15/2024 02:19:54 PM Warning:: [Race] Changing 'Race' to 'other' and moving data to [Race Specify]
07/15/2024 02:19:54 PM Warning:: [Ethnicity] Changing list to other in ImmPort Templates
07/15/2024 02:19:56 PM INFO:: [User Change] TEST16 => El Salvador
07/15/2024 02:20:28 PM 
PMID: 99999999
07/15/2024 02:20:28 PM WARNING:: [Sex_at_Birth] Changing 'male | female' to 'other'
07/15/2024 02:20:28 PM Warning:: [Race] Changing 'Race' to 'other' and moving data to [Race Specify]
07/15/2024 02:20:28 PM Warning:: [Ethnicity] Changing list to other in ImmPort Templates
07/15/2024 02:20:30 PM INFO:: [User Change] TEST16 => El Salvador
07/15/2024 02:21:43 PM 
PMID: 99999999
07/15/2024 02:21:43 PM WARNING:: [Sex_at_Birth] Changing 'male | female' to 'other'
07/15/2024 02:21:43 PM Warning:: [Race] Changing 'Race' to 'other' and moving data to [Race Specify]
07/15/2024 02:21:43 PM Warning:: [Ethnicity] Changing list to other in ImmPort Templates
07/15/2024 02:21:44 PM INFO:: [User Change] TEST16 => El Salvador
07/15/2024 02:22:28 PM 
PMID: 99999999
07/15/2024 02:22:28 PM WARNING:: [Sex_at_Birth] Changing 'male | female' to 'other'
07/15/2024 02:22:28 PM Warning:: [Race] Changing 'Race' to 'other' and moving data to [Race Specify]
07/15/2024 02:22:28 PM Warning:: [Ethnicity] Changing list to other in ImmPort Templates
07/15/2024 02:22:29 PM INFO:: [User Change] TEST16 => El Salvador
07/15/2024 02:22:49 PM 
PMID: 99999999
07/15/2024 02:22:49 PM WARNING:: [Sex_at_Birth] Changing 'male | female' to 'other'
07/15/2024 02:22:49 PM Warning:: [Race] Changing 'Race' to 'other' and moving data to [Race Specify]
07/15/2024 02:22:49 PM Warning:: [Ethnicity] Changing list to other in ImmPort Templates
07/15/2024 02:22:50 PM INFO:: [User Change] TEST16 => El Salvador
07/15/2024 02:25:06 PM 
PMID: 99999999
07/15/2024 02:25:06 PM WARNING:: [Sex_at_Birth] Changing 'male | female' to 'other'
07/15/2024 02:25:06 PM Warning:: [Race] Changing 'Race' to 'other' and moving data to [Race Specify]
07/15/2024 02:25:06 PM Warning:: [Ethnicity] Changing list to other in ImmPort Templates
07/15/2024 02:25:07 PM INFO:: [User Change] TEST16 => El Salvador
07/15/2024 02:27:25 PM 
PMID: 99999999
07/15/2024 02:27:25 PM WARNING:: [Sex_at_Birth] Changing 'male | female' to 'other'
07/15/2024 02:27:25 PM Warning:: [Race] Changing 'Race' to 'other' and moving data to [Race Specify]
07/15/2024 02:27:25 PM Warning:: [Ethnicity] Changing list to other in ImmPort Templates
07/15/2024 02:27:27 PM INFO:: [User Change] TEST16 => El Salvador
07/15/2024 02:32:31 PM 
PMID: 99999999
07/15/2024 02:32:31 PM WARNING:: [Sex_at_Birth] Changing 'male | female' to 'other'
07/15/2024 02:32:31 PM Warning:: [Race] Changing 'Race' to 'other' and moving data to [Race Specify]
07/15/2024 02:32:31 PM Warning:: [Ethnicity] Changing list to other in ImmPort Templates
07/15/2024 02:33:11 PM 
PMID: 99999999
07/15/2024 02:33:11 PM WARNING:: [Sex_at_Birth] Changing 'male | female' to 'other'
07/15/2024 02:33:11 PM Warning:: [Race] Changing 'Race' to 'other' and moving data to [Race Specify]
07/15/2024 02:33:11 PM Warning:: [Ethnicity] Changing list to other in ImmPort Templates
07/15/2024 02:33:12 PM INFO:: [User Change] TEST16 => El Salvador
07/15/2024 02:33:56 PM 
PMID: 99999999
07/15/2024 02:33:56 PM WARNING:: [Sex_at_Birth] Changing 'male | female' to 'other'
07/15/2024 02:33:56 PM Warning:: [Race] Changing 'Race' to 'other' and moving data to [Race Specify]
07/15/2024 02:33:56 PM Warning:: [Ethnicity] Changing list to other in ImmPort Templates
07/15/2024 02:33:57 PM INFO:: [User Change] TEST16 => El Salvador
