07/09/2024 10:02:11 AM 
PMID: 35372243
07/09/2024 10:02:11 AM WARNING:: [Sex_at_Birth] Changing 'male | female' to 'other'
07/09/2024 10:02:11 AM Warning:: [Race] Changing 'Race' to 'other' and moving data to [Race Specify]
07/09/2024 10:02:11 AM Warning:: [Ethnicity] Changing list to other in ImmPort Templates
07/09/2024 10:02:19 AM INFO:: [User Change] Not Specified => Not Applicable
07/09/2024 10:03:15 AM 
PMID: 36222529
07/09/2024 10:03:15 AM WARNING:: [Sex_at_Birth] Changing 'male | female' to 'other'
07/09/2024 10:03:15 AM Warning:: [Race] Changing 'Race' to 'other' and moving data to [Race Specify]
07/09/2024 10:03:15 AM Warning:: [Ethnicity] Changing list to other in ImmPort Templates
07/09/2024 10:04:13 AM 
PMID: 36927068
07/09/2024 10:04:13 AM WARNING:: [Sex_at_Birth] Changing 'male | female' to 'other'
07/09/2024 10:04:13 AM WARNING:: [Sex_at_Birth] Changing 'male | female' to 'other'
07/09/2024 10:04:13 AM WARNING:: [Sex_at_Birth] Changing 'male | female' to 'other'
07/09/2024 10:04:13 AM Warning:: [Race] Changing 'Race' to 'other' and moving data to [Race Specify]
07/09/2024 10:04:13 AM Warning:: [Race] Changing 'Race' to 'other' and moving data to [Race Specify]
07/09/2024 10:04:13 AM Warning:: [Race] Changing 'Race' to 'other' and moving data to [Race Specify]
07/09/2024 10:04:13 AM Warning:: [Ethnicity] Changing list to other in ImmPort Templates
07/09/2024 10:04:13 AM Warning:: [Ethnicity] Changing list to other in ImmPort Templates
07/09/2024 10:04:13 AM Warning:: [Ethnicity] Changing list to other in ImmPort Templates
07/09/2024 10:04:36 AM 
PMID: 36927068
07/09/2024 10:04:36 AM WARNING:: [Sex_at_Birth] Changing 'male | female' to 'other'
07/09/2024 10:04:36 AM WARNING:: [Sex_at_Birth] Changing 'male | female' to 'other'
07/09/2024 10:04:36 AM WARNING:: [Sex_at_Birth] Changing 'male | female' to 'other'
07/09/2024 10:04:36 AM Warning:: [Race] Changing 'Race' to 'other' and moving data to [Race Specify]
07/09/2024 10:04:36 AM Warning:: [Race] Changing 'Race' to 'other' and moving data to [Race Specify]
07/09/2024 10:04:36 AM Warning:: [Race] Changing 'Race' to 'other' and moving data to [Race Specify]
07/09/2024 10:04:36 AM Warning:: [Ethnicity] Changing list to other in ImmPort Templates
07/09/2024 10:04:36 AM Warning:: [Ethnicity] Changing list to other in ImmPort Templates
07/09/2024 10:04:36 AM Warning:: [Ethnicity] Changing list to other in ImmPort Templates
07/09/2024 10:04:43 AM INFO:: [Fuzzy] Closest Match Found. Changing HCoVs - Seasonal (OC43 => HCoVs - Seasonal (OC43, HKU-1, NL63, 229E)
07/09/2024 10:04:43 AM INFO:: [Fuzzy] Closest Match Found. Changing HKU-1 => HCoVs - Seasonal (OC43, HKU-1, NL63, 229E)
07/09/2024 10:04:43 AM INFO:: [Fuzzy] Closest Match Found. Changing NL63 => HCoVs - Seasonal (OC43, HKU-1, NL63, 229E)
07/09/2024 10:04:43 AM INFO:: [Fuzzy] Closest Match Found. Changing 229E) => HCoVs - Seasonal (OC43, HKU-1, NL63, 229E)
07/09/2024 10:04:43 AM [INFO]:: [Fuzzy] US:Arizona => US: Arizona : score 95
07/09/2024 10:04:43 AM [INFO]:: [Fuzzy] US:New York => US: New York : score 96
07/09/2024 10:04:43 AM [INFO]:: [Fuzzy] US:Florida => US: Florida : score 95
07/09/2024 10:04:43 AM [INFO]:: [Fuzzy] US:Arizona => US: Arizona : score 95
07/09/2024 10:04:43 AM [INFO]:: [Fuzzy] US:New York => US: New York : score 96
07/09/2024 10:04:43 AM [INFO]:: [Fuzzy] US:Florida => US: Florida : score 95
07/09/2024 10:04:43 AM [INFO]:: [Fuzzy] US:Arizona => US: Arizona : score 95
07/09/2024 10:04:43 AM [INFO]:: [Fuzzy] US:New York => US: New York : score 96
07/09/2024 10:04:43 AM [INFO]:: [Fuzzy] US:Florida => US: Florida : score 95
07/09/2024 10:04:43 AM INFO:: [Fuzzy] Closest Match Found. Changing HCoVs - Seasonal (OC43 => HCoVs - Seasonal (OC43, HKU-1, NL63, 229E)
07/09/2024 10:04:43 AM INFO:: [Fuzzy] Closest Match Found. Changing HKU-1 => HCoVs - Seasonal (OC43, HKU-1, NL63, 229E)
07/09/2024 10:04:43 AM INFO:: [Fuzzy] Closest Match Found. Changing NL63 => HCoVs - Seasonal (OC43, HKU-1, NL63, 229E)
07/09/2024 10:04:43 AM INFO:: [Fuzzy] Closest Match Found. Changing 229E) => HCoVs - Seasonal (OC43, HKU-1, NL63, 229E)
07/09/2024 10:04:43 AM INFO:: [Fuzzy] Closest Match Found. Changing HCoVs - Seasonal (OC43 => HCoVs - Seasonal (OC43, HKU-1, NL63, 229E)
07/09/2024 10:04:43 AM INFO:: [Fuzzy] Closest Match Found. Changing HKU-1 => HCoVs - Seasonal (OC43, HKU-1, NL63, 229E)
07/09/2024 10:04:43 AM INFO:: [Fuzzy] Closest Match Found. Changing NL63 => HCoVs - Seasonal (OC43, HKU-1, NL63, 229E)
07/09/2024 10:04:43 AM INFO:: [Fuzzy] Closest Match Found. Changing 229E) => HCoVs - Seasonal (OC43, HKU-1, NL63, 229E)
07/09/2024 10:04:43 AM INFO:: [Fuzzy] Closest Match Found. Changing HCoVs - Seasonal (OC43 => HCoVs - Seasonal (OC43, HKU-1, NL63, 229E)
07/09/2024 10:04:43 AM INFO:: [Fuzzy] Closest Match Found. Changing HKU-1 => HCoVs - Seasonal (OC43, HKU-1, NL63, 229E)
07/09/2024 10:04:43 AM INFO:: [Fuzzy] Closest Match Found. Changing NL63 => HCoVs - Seasonal (OC43, HKU-1, NL63, 229E)
07/09/2024 10:04:43 AM INFO:: [Fuzzy] Closest Match Found. Changing 229E) => HCoVs - Seasonal (OC43, HKU-1, NL63, 229E)
07/09/2024 10:06:14 AM 
PMID: 38300113
07/09/2024 10:06:14 AM WARNING:: [Sex_at_Birth] Changing 'male | female' to 'other'
07/09/2024 10:06:14 AM Warning:: [Race] Changing 'Race' to 'other' and moving data to [Race Specify]
07/09/2024 10:06:14 AM Warning:: [Ethnicity] Changing list to other in ImmPort Templates
07/09/2024 10:06:22 AM INFO:: [User Change] Not Specified => Not Applicable
07/09/2024 10:07:11 AM 
PMID: 35019677
07/09/2024 10:07:11 AM WARNING:: [Sex_at_Birth] Changing 'male | female' to 'other'
07/09/2024 10:07:11 AM WARNING:: [Sex_at_Birth] Changing 'male | female' to 'other'
07/09/2024 10:07:11 AM Warning:: [Race] Changing 'Race' to 'other' and moving data to [Race Specify]
07/09/2024 10:07:11 AM Warning:: [Race] Changing 'Race' to 'other' and moving data to [Race Specify]
07/09/2024 10:07:11 AM Warning:: [Ethnicity] Changing list to other in ImmPort Templates
07/09/2024 10:07:11 AM Warning:: [Ethnicity] Changing list to other in ImmPort Templates
07/09/2024 10:07:34 AM 
PMID: 35019677
07/09/2024 10:07:34 AM WARNING:: [Sex_at_Birth] Changing 'male | female' to 'other'
07/09/2024 10:07:34 AM WARNING:: [Sex_at_Birth] Changing 'male | female' to 'other'
07/09/2024 10:07:34 AM Warning:: [Race] Changing 'Race' to 'other' and moving data to [Race Specify]
07/09/2024 10:07:34 AM Warning:: [Race] Changing 'Race' to 'other' and moving data to [Race Specify]
07/09/2024 10:07:34 AM Warning:: [Ethnicity] Changing list to other in ImmPort Templates
07/09/2024 10:07:34 AM Warning:: [Ethnicity] Changing list to other in ImmPort Templates
07/09/2024 10:07:43 AM INFO:: [User Change] Not Specified => Not Applicable
07/09/2024 10:18:12 AM 
PMID: 37548476
07/09/2024 10:18:12 AM WARNING:: [Sex_at_Birth] Changing 'male | female' to 'other'
07/09/2024 10:18:12 AM WARNING:: [Sex_at_Birth] Changing 'male | female' to 'other'
07/09/2024 10:18:12 AM Warning:: [Race] Changing 'Race' to 'other' and moving data to [Race Specify]
07/09/2024 10:18:12 AM Warning:: [Race] Changing 'Race' to 'other' and moving data to [Race Specify]
07/09/2024 10:18:12 AM Warning:: [Ethnicity] Changing list to other in ImmPort Templates
07/09/2024 10:18:12 AM Warning:: [Ethnicity] Changing list to other in ImmPort Templates
07/09/2024 10:18:54 AM 
PMID: 37548476
07/09/2024 10:18:54 AM WARNING:: [Sex_at_Birth] Changing 'male | female' to 'other'
07/09/2024 10:18:54 AM WARNING:: [Sex_at_Birth] Changing 'male | female' to 'other'
07/09/2024 10:18:54 AM Warning:: [Race] Changing 'Race' to 'other' and moving data to [Race Specify]
07/09/2024 10:18:54 AM Warning:: [Race] Changing 'Race' to 'other' and moving data to [Race Specify]
07/09/2024 10:18:54 AM Warning:: [Ethnicity] Changing list to other in ImmPort Templates
07/09/2024 10:18:54 AM Warning:: [Ethnicity] Changing list to other in ImmPort Templates
07/09/2024 10:18:56 AM INFO:: [User Change] Not Specified => Not Applicable
07/09/2024 11:21:46 AM 
PMID: 34961848
07/09/2024 11:21:46 AM WARNING:: [Sex_at_Birth] Changing 'male | female' to 'other'
07/09/2024 11:21:46 AM Warning:: [Race] Changing 'Race' to 'other' and moving data to [Race Specify]
07/09/2024 11:21:46 AM Warning:: [Ethnicity] Changing list to other in ImmPort Templates
07/09/2024 11:24:51 AM 
PMID: 34961848
07/09/2024 11:24:51 AM WARNING:: [Sex_at_Birth] Changing 'male | female' to 'other'
07/09/2024 11:24:51 AM Warning:: [Race] Changing 'Race' to 'other' and moving data to [Race Specify]
07/09/2024 11:24:51 AM Warning:: [Ethnicity] Changing list to other in ImmPort Templates
07/09/2024 11:25:08 AM 
PMID: 34961848
07/09/2024 11:25:08 AM WARNING:: [Sex_at_Birth] Changing 'male | female' to 'other'
07/09/2024 11:25:08 AM Warning:: [Race] Changing 'Race' to 'other' and moving data to [Race Specify]
07/09/2024 11:25:08 AM Warning:: [Ethnicity] Changing list to other in ImmPort Templates
07/09/2024 11:25:15 AM INFO:: [User Change] Not Specified => Not Applicable
07/09/2024 11:27:33 AM 
PMID: 36417525
07/09/2024 11:36:42 AM 
PMID: 37191544
07/09/2024 11:36:42 AM WARNING:: [Sex_at_Birth] Changing 'male | female' to 'other'
07/09/2024 11:36:42 AM WARNING:: [Sex_at_Birth] Changing 'male | female' to 'other'
07/09/2024 11:36:42 AM WARNING:: [Sex_at_Birth] Changing 'male | female' to 'other'
07/09/2024 11:36:42 AM WARNING:: [Sex_at_Birth] Changing 'male | female' to 'other'
07/09/2024 11:36:42 AM WARNING:: [Sex_at_Birth] Changing 'male | female' to 'other'
07/09/2024 11:36:42 AM WARNING:: [Sex_at_Birth] Changing 'male | female' to 'other'
07/09/2024 11:36:42 AM WARNING:: [Sex_at_Birth] Changing 'male | female' to 'other'
07/09/2024 11:36:42 AM WARNING:: [Sex_at_Birth] Changing 'male | female' to 'other'
07/09/2024 11:36:42 AM Warning:: [Race] Changing 'Race' to 'other' and moving data to [Race Specify]
07/09/2024 11:36:42 AM Warning:: [Race] Changing 'Race' to 'other' and moving data to [Race Specify]
07/09/2024 11:36:42 AM Warning:: [Race] Changing 'Race' to 'other' and moving data to [Race Specify]
07/09/2024 11:36:42 AM Warning:: [Race] Changing 'Race' to 'other' and moving data to [Race Specify]
07/09/2024 11:36:42 AM Warning:: [Race] Changing 'Race' to 'other' and moving data to [Race Specify]
07/09/2024 11:36:42 AM Warning:: [Race] Changing 'Race' to 'other' and moving data to [Race Specify]
07/09/2024 11:36:42 AM Warning:: [Race] Changing 'Race' to 'other' and moving data to [Race Specify]
07/09/2024 11:36:42 AM Warning:: [Race] Changing 'Race' to 'other' and moving data to [Race Specify]
07/09/2024 11:36:42 AM Warning:: [Ethnicity] Changing list to other in ImmPort Templates
07/09/2024 11:36:42 AM Warning:: [Ethnicity] Changing list to other in ImmPort Templates
07/09/2024 11:36:42 AM Warning:: [Ethnicity] Changing list to other in ImmPort Templates
07/09/2024 11:36:42 AM Warning:: [Ethnicity] Changing list to other in ImmPort Templates
07/09/2024 11:36:42 AM Warning:: [Ethnicity] Changing list to other in ImmPort Templates
07/09/2024 11:36:42 AM Warning:: [Ethnicity] Changing list to other in ImmPort Templates
07/09/2024 11:36:42 AM Warning:: [Ethnicity] Changing list to other in ImmPort Templates
07/09/2024 11:36:42 AM Warning:: [Ethnicity] Changing list to other in ImmPort Templates
07/09/2024 11:36:46 AM [INFO]:: [Fuzzy] Receptor Binding Domain (RBD) S1 => Receptor Binding Domain (RBD) : score 95
07/09/2024 11:47:56 AM 
PMID: 38793767
07/09/2024 11:47:56 AM [study personnel]: Same Personnel ID used
07/09/2024 11:48:28 AM 
PMID: 38793767
07/09/2024 11:48:28 AM WARNING:: [Sex_at_Birth] Changing 'male | female' to 'other'
07/09/2024 11:48:28 AM WARNING:: [Sex_at_Birth] Changing 'male | female' to 'other'
07/09/2024 11:48:28 AM Warning:: [Race] Changing 'Race' to 'other' and moving data to [Race Specify]
07/09/2024 11:48:28 AM Warning:: [Ethnicity] Changing list to other in ImmPort Templates
07/09/2024 11:48:31 AM INFO:: [User Change] Not Specified => Not Applicable
07/09/2024 11:54:59 AM 
PMID: 36246273
07/09/2024 11:54:59 AM WARNING:: [Sex_at_Birth] Changing 'male | female' to 'other'
07/09/2024 11:54:59 AM WARNING:: [Sex_at_Birth] Changing 'male | female' to 'other'
07/09/2024 11:54:59 AM Warning:: [Race] Changing 'Race' to 'other' and moving data to [Race Specify]
07/09/2024 11:54:59 AM Warning:: [Race] Changing 'Race' to 'other' and moving data to [Race Specify]
07/09/2024 11:54:59 AM Warning:: [Ethnicity] Changing list to other in ImmPort Templates
07/09/2024 11:54:59 AM Warning:: [Ethnicity] Changing list to other in ImmPort Templates
07/09/2024 11:55:00 AM INFO:: [User Change] Not Specified => Not Applicable
07/09/2024 12:18:38 PM 
PMID: 36222529
07/09/2024 12:18:38 PM WARNING:: [Sex_at_Birth] Changing 'male | female' to 'other'
07/09/2024 12:18:38 PM Warning:: [Race] Changing 'Race' to 'other' and moving data to [Race Specify]
07/09/2024 12:18:38 PM Warning:: [Ethnicity] Changing list to other in ImmPort Templates
07/09/2024 12:18:40 PM INFO:: [User Change] Not Specified => Not Applicable
07/09/2024 12:19:50 PM 
PMID: 36222529
07/09/2024 12:19:50 PM WARNING:: [Sex_at_Birth] Changing 'male | female' to 'other'
07/09/2024 12:19:50 PM Warning:: [Race] Changing 'Race' to 'other' and moving data to [Race Specify]
07/09/2024 12:19:50 PM Warning:: [Ethnicity] Changing list to other in ImmPort Templates
07/09/2024 12:19:51 PM INFO:: [User Change] Not Specified => Not Applicable
07/09/2024 12:20:02 PM 
PMID: 36222529
07/09/2024 12:20:02 PM WARNING:: [Sex_at_Birth] Changing 'male | female' to 'other'
07/09/2024 12:20:02 PM Warning:: [Race] Changing 'Race' to 'other' and moving data to [Race Specify]
07/09/2024 12:20:02 PM Warning:: [Ethnicity] Changing list to other in ImmPort Templates
07/09/2024 12:20:04 PM INFO:: [User Change] Not Specified => Not Applicable
07/09/2024 12:26:29 PM 
PMID: 36927068
07/09/2024 12:26:29 PM WARNING:: [Sex_at_Birth] Changing 'male | female' to 'other'
07/09/2024 12:26:29 PM WARNING:: [Sex_at_Birth] Changing 'male | female' to 'other'
07/09/2024 12:26:29 PM WARNING:: [Sex_at_Birth] Changing 'male | female' to 'other'
07/09/2024 12:26:29 PM Warning:: [Race] Changing 'Race' to 'other' and moving data to [Race Specify]
07/09/2024 12:26:29 PM Warning:: [Race] Changing 'Race' to 'other' and moving data to [Race Specify]
07/09/2024 12:26:29 PM Warning:: [Race] Changing 'Race' to 'other' and moving data to [Race Specify]
07/09/2024 12:26:29 PM Warning:: [Ethnicity] Changing list to other in ImmPort Templates
07/09/2024 12:26:29 PM Warning:: [Ethnicity] Changing list to other in ImmPort Templates
07/09/2024 12:26:29 PM Warning:: [Ethnicity] Changing list to other in ImmPort Templates
07/09/2024 12:26:30 PM INFO:: [Fuzzy] Closest Match Found. Changing HCoVs - Seasonal (OC43 => HCoVs - Seasonal (OC43, HKU-1, NL63, 229E)
07/09/2024 12:26:30 PM INFO:: [Fuzzy] Closest Match Found. Changing HKU-1 => HCoVs - Seasonal (OC43, HKU-1, NL63, 229E)
07/09/2024 12:26:30 PM INFO:: [Fuzzy] Closest Match Found. Changing NL63 => HCoVs - Seasonal (OC43, HKU-1, NL63, 229E)
07/09/2024 12:26:30 PM INFO:: [Fuzzy] Closest Match Found. Changing 229E) => HCoVs - Seasonal (OC43, HKU-1, NL63, 229E)
07/09/2024 12:26:30 PM [INFO]:: [Fuzzy] US:Arizona => US: Arizona : score 95
07/09/2024 12:26:30 PM [INFO]:: [Fuzzy] US:New York => US: New York : score 96
07/09/2024 12:26:30 PM [INFO]:: [Fuzzy] US:Florida => US: Florida : score 95
07/09/2024 12:26:30 PM [INFO]:: [Fuzzy] US:Arizona => US: Arizona : score 95
07/09/2024 12:26:30 PM [INFO]:: [Fuzzy] US:New York => US: New York : score 96
07/09/2024 12:26:30 PM [INFO]:: [Fuzzy] US:Florida => US: Florida : score 95
07/09/2024 12:26:30 PM [INFO]:: [Fuzzy] US:Arizona => US: Arizona : score 95
07/09/2024 12:26:30 PM [INFO]:: [Fuzzy] US:New York => US: New York : score 96
07/09/2024 12:26:30 PM [INFO]:: [Fuzzy] US:Florida => US: Florida : score 95
07/09/2024 12:26:30 PM INFO:: [Fuzzy] Closest Match Found. Changing HCoVs - Seasonal (OC43 => HCoVs - Seasonal (OC43, HKU-1, NL63, 229E)
07/09/2024 12:26:30 PM INFO:: [Fuzzy] Closest Match Found. Changing HKU-1 => HCoVs - Seasonal (OC43, HKU-1, NL63, 229E)
07/09/2024 12:26:30 PM INFO:: [Fuzzy] Closest Match Found. Changing NL63 => HCoVs - Seasonal (OC43, HKU-1, NL63, 229E)
07/09/2024 12:26:30 PM INFO:: [Fuzzy] Closest Match Found. Changing 229E) => HCoVs - Seasonal (OC43, HKU-1, NL63, 229E)
07/09/2024 12:26:30 PM INFO:: [Fuzzy] Closest Match Found. Changing HCoVs - Seasonal (OC43 => HCoVs - Seasonal (OC43, HKU-1, NL63, 229E)
07/09/2024 12:26:30 PM INFO:: [Fuzzy] Closest Match Found. Changing HKU-1 => HCoVs - Seasonal (OC43, HKU-1, NL63, 229E)
07/09/2024 12:26:30 PM INFO:: [Fuzzy] Closest Match Found. Changing NL63 => HCoVs - Seasonal (OC43, HKU-1, NL63, 229E)
07/09/2024 12:26:30 PM INFO:: [Fuzzy] Closest Match Found. Changing 229E) => HCoVs - Seasonal (OC43, HKU-1, NL63, 229E)
07/09/2024 12:26:30 PM INFO:: [Fuzzy] Closest Match Found. Changing HCoVs - Seasonal (OC43 => HCoVs - Seasonal (OC43, HKU-1, NL63, 229E)
07/09/2024 12:26:30 PM INFO:: [Fuzzy] Closest Match Found. Changing HKU-1 => HCoVs - Seasonal (OC43, HKU-1, NL63, 229E)
07/09/2024 12:26:30 PM INFO:: [Fuzzy] Closest Match Found. Changing NL63 => HCoVs - Seasonal (OC43, HKU-1, NL63, 229E)
07/09/2024 12:26:30 PM INFO:: [Fuzzy] Closest Match Found. Changing 229E) => HCoVs - Seasonal (OC43, HKU-1, NL63, 229E)
07/09/2024 02:23:29 PM 
PMID: 35019677
07/09/2024 02:23:29 PM WARNING:: [Sex_at_Birth] Changing 'male | female' to 'other'
07/09/2024 02:23:29 PM WARNING:: [Sex_at_Birth] Changing 'male | female' to 'other'
07/09/2024 02:23:29 PM Warning:: [Race] Changing 'Race' to 'other' and moving data to [Race Specify]
07/09/2024 02:23:29 PM Warning:: [Race] Changing 'Race' to 'other' and moving data to [Race Specify]
07/09/2024 02:23:29 PM Warning:: [Ethnicity] Changing list to other in ImmPort Templates
07/09/2024 02:23:29 PM Warning:: [Ethnicity] Changing list to other in ImmPort Templates
07/09/2024 02:49:49 PM INFO:: [User Change] Not Specified => Not Applicable
07/09/2024 02:58:11 PM 
PMID: 36044993
07/09/2024 02:58:11 PM WARNING:: [Sex_at_Birth] Changing 'male | female' to 'other'
07/09/2024 02:58:11 PM WARNING:: [Sex_at_Birth] Changing 'male | female' to 'other'
07/09/2024 02:58:11 PM WARNING:: [Sex_at_Birth] Changing 'male | female' to 'other'
07/09/2024 02:58:11 PM WARNING:: [Sex_at_Birth] Changing 'male | female' to 'other'
07/09/2024 02:58:11 PM WARNING:: [Sex_at_Birth] Changing 'male | female' to 'other'
07/09/2024 02:58:11 PM WARNING:: [Sex_at_Birth] Changing 'male | female' to 'other'
07/09/2024 02:58:11 PM Warning:: [Race] Changing 'Race' to 'other' and moving data to [Race Specify]
07/09/2024 02:58:11 PM Warning:: [Race] Changing 'Race' to 'other' and moving data to [Race Specify]
07/09/2024 02:58:11 PM Warning:: [Race] Changing 'Race' to 'other' and moving data to [Race Specify]
07/09/2024 02:58:11 PM Warning:: [Race] Changing 'Race' to 'other' and moving data to [Race Specify]
07/09/2024 02:58:11 PM Warning:: [Race] Changing 'Race' to 'other' and moving data to [Race Specify]
07/09/2024 02:58:11 PM Warning:: [Race] Changing 'Race' to 'other' and moving data to [Race Specify]
07/09/2024 02:58:11 PM Warning:: [Ethnicity] Changing list to other in ImmPort Templates
07/09/2024 02:58:11 PM Warning:: [Ethnicity] Changing list to other in ImmPort Templates
07/09/2024 02:58:11 PM Warning:: [Ethnicity] Changing list to other in ImmPort Templates
07/09/2024 02:58:11 PM Warning:: [Ethnicity] Changing list to other in ImmPort Templates
07/09/2024 02:58:11 PM Warning:: [Ethnicity] Changing list to other in ImmPort Templates
07/09/2024 02:58:11 PM Warning:: [Ethnicity] Changing list to other in ImmPort Templates
07/09/2024 03:11:47 PM [INFO]:: [Fuzzy] SARS-CoV-2 WA1/2019 => SARS-CoV-2 WA1/2020 : score 89
07/09/2024 03:19:50 PM 
PMID: 36044993
07/09/2024 03:19:50 PM WARNING:: [Sex_at_Birth] Changing 'male | female' to 'other'
07/09/2024 03:19:50 PM WARNING:: [Sex_at_Birth] Changing 'male | female' to 'other'
07/09/2024 03:19:50 PM WARNING:: [Sex_at_Birth] Changing 'male | female' to 'other'
07/09/2024 03:19:50 PM WARNING:: [Sex_at_Birth] Changing 'male | female' to 'other'
07/09/2024 03:19:50 PM WARNING:: [Sex_at_Birth] Changing 'male | female' to 'other'
07/09/2024 03:19:50 PM WARNING:: [Sex_at_Birth] Changing 'male | female' to 'other'
07/09/2024 03:19:50 PM Warning:: [Race] Changing 'Race' to 'other' and moving data to [Race Specify]
07/09/2024 03:19:50 PM Warning:: [Race] Changing 'Race' to 'other' and moving data to [Race Specify]
07/09/2024 03:19:50 PM Warning:: [Race] Changing 'Race' to 'other' and moving data to [Race Specify]
07/09/2024 03:19:50 PM Warning:: [Race] Changing 'Race' to 'other' and moving data to [Race Specify]
07/09/2024 03:19:50 PM Warning:: [Race] Changing 'Race' to 'other' and moving data to [Race Specify]
07/09/2024 03:19:50 PM Warning:: [Race] Changing 'Race' to 'other' and moving data to [Race Specify]
07/09/2024 03:19:50 PM Warning:: [Ethnicity] Changing list to other in ImmPort Templates
07/09/2024 03:19:50 PM Warning:: [Ethnicity] Changing list to other in ImmPort Templates
07/09/2024 03:19:50 PM Warning:: [Ethnicity] Changing list to other in ImmPort Templates
07/09/2024 03:19:50 PM Warning:: [Ethnicity] Changing list to other in ImmPort Templates
07/09/2024 03:19:50 PM Warning:: [Ethnicity] Changing list to other in ImmPort Templates
07/09/2024 03:19:50 PM Warning:: [Ethnicity] Changing list to other in ImmPort Templates
07/09/2024 03:19:50 PM [INFO]:: [Fuzzy] SARS-CoV-2 WA1/2019 => SARS-CoV-2 WA1/2020 : score 89
07/09/2024 03:39:41 PM 
PMID: 37672567
07/09/2024 03:39:41 PM WARNING:: [Sex_at_Birth] Changing 'male | female' to 'other'
07/09/2024 03:39:41 PM WARNING:: [Sex_at_Birth] Changing 'male | female' to 'other'
07/09/2024 03:39:41 PM Warning:: [Race] Changing 'Race' to 'other' and moving data to [Race Specify]
07/09/2024 03:39:41 PM Warning:: [Race] Changing 'Race' to 'other' and moving data to [Race Specify]
07/09/2024 03:39:41 PM Warning:: [Ethnicity] Changing list to other in ImmPort Templates
07/09/2024 03:39:41 PM Warning:: [Ethnicity] Changing list to other in ImmPort Templates
07/09/2024 03:40:16 PM INFO:: [User Change] Not Specified => Not Applicable
07/09/2024 03:40:16 PM INFO:: [Fuzzy] Closest Match Found. Changing HCoVs - Seasonal (OC43 => HCoVs - Seasonal (OC43, HKU-1, NL63, 229E)
07/09/2024 03:40:16 PM INFO:: [Fuzzy] Closest Match Found. Changing HKU-1 => HCoVs - Seasonal (OC43, HKU-1, NL63, 229E)
07/09/2024 03:40:16 PM INFO:: [Fuzzy] Closest Match Found. Changing NL63 => HCoVs - Seasonal (OC43, HKU-1, NL63, 229E)
07/09/2024 03:40:16 PM INFO:: [Fuzzy] Closest Match Found. Changing 229E) => HCoVs - Seasonal (OC43, HKU-1, NL63, 229E)
07/09/2024 03:40:16 PM [INFO]:: [Fuzzy] Flow cytometry => Flow Cytometry : score 93
07/09/2024 03:40:41 PM 
PMID: 37452024
07/09/2024 03:40:41 PM WARNING:: [Sex_at_Birth] Changing 'male | female' to 'other'
07/09/2024 03:40:41 PM WARNING:: [Sex_at_Birth] Changing 'male | female' to 'other'
07/09/2024 03:40:41 PM Warning:: [Race] Changing 'Race' to 'other' and moving data to [Race Specify]
07/09/2024 03:40:41 PM Warning:: [Race] Changing 'Race' to 'other' and moving data to [Race Specify]
07/09/2024 03:40:41 PM Warning:: [Ethnicity] Changing list to other in ImmPort Templates
07/09/2024 03:40:41 PM Warning:: [Ethnicity] Changing list to other in ImmPort Templates
07/09/2024 03:41:21 PM INFO:: [User Change] Not Specified => Not Applicable
07/09/2024 03:41:42 PM 
PMID: 37161609
07/09/2024 03:41:42 PM WARNING:: [Sex_at_Birth] Changing 'male | female' to 'other'
07/09/2024 03:41:42 PM WARNING:: [Sex_at_Birth] Changing 'male | female' to 'other'
07/09/2024 03:41:42 PM Warning:: [Race] Changing 'Race' to 'other' and moving data to [Race Specify]
07/09/2024 03:41:42 PM Warning:: [Race] Changing 'Race' to 'other' and moving data to [Race Specify]
07/09/2024 03:41:42 PM Warning:: [Ethnicity] Changing list to other in ImmPort Templates
07/09/2024 03:41:42 PM Warning:: [Ethnicity] Changing list to other in ImmPort Templates
07/09/2024 03:41:54 PM INFO:: [Fuzzy] Closest Match Found. Changing HCoVs - Seasonal (OC43 => HCoVs - Seasonal (OC43, HKU-1, NL63, 229E)
07/09/2024 03:41:54 PM INFO:: [Fuzzy] Closest Match Found. Changing HKU-1 => HCoVs - Seasonal (OC43, HKU-1, NL63, 229E)
07/09/2024 03:41:54 PM INFO:: [Fuzzy] Closest Match Found. Changing NL63 => HCoVs - Seasonal (OC43, HKU-1, NL63, 229E)
07/09/2024 03:41:54 PM INFO:: [Fuzzy] Closest Match Found. Changing 229E) => HCoVs - Seasonal (OC43, HKU-1, NL63, 229E)
07/09/2024 03:41:54 PM INFO:: [Fuzzy] Closest Match Found. Changing HCoVs - Seasonal (OC43 => HCoVs - Seasonal (OC43, HKU-1, NL63, 229E)
07/09/2024 03:41:54 PM INFO:: [Fuzzy] Closest Match Found. Changing HKU-1 => HCoVs - Seasonal (OC43, HKU-1, NL63, 229E)
07/09/2024 03:41:54 PM INFO:: [Fuzzy] Closest Match Found. Changing NL63 => HCoVs - Seasonal (OC43, HKU-1, NL63, 229E)
07/09/2024 03:41:54 PM INFO:: [Fuzzy] Closest Match Found. Changing 229E) => HCoVs - Seasonal (OC43, HKU-1, NL63, 229E)
07/09/2024 03:42:29 PM 
PMID: 36044993
07/09/2024 03:42:29 PM WARNING:: [Sex_at_Birth] Changing 'male | female' to 'other'
07/09/2024 03:42:29 PM WARNING:: [Sex_at_Birth] Changing 'male | female' to 'other'
07/09/2024 03:42:29 PM WARNING:: [Sex_at_Birth] Changing 'male | female' to 'other'
07/09/2024 03:42:29 PM WARNING:: [Sex_at_Birth] Changing 'male | female' to 'other'
07/09/2024 03:42:29 PM WARNING:: [Sex_at_Birth] Changing 'male | female' to 'other'
07/09/2024 03:42:29 PM WARNING:: [Sex_at_Birth] Changing 'male | female' to 'other'
07/09/2024 03:42:29 PM Warning:: [Race] Changing 'Race' to 'other' and moving data to [Race Specify]
07/09/2024 03:42:29 PM Warning:: [Race] Changing 'Race' to 'other' and moving data to [Race Specify]
07/09/2024 03:42:29 PM Warning:: [Race] Changing 'Race' to 'other' and moving data to [Race Specify]
07/09/2024 03:42:29 PM Warning:: [Race] Changing 'Race' to 'other' and moving data to [Race Specify]
07/09/2024 03:42:29 PM Warning:: [Race] Changing 'Race' to 'other' and moving data to [Race Specify]
07/09/2024 03:42:29 PM Warning:: [Race] Changing 'Race' to 'other' and moving data to [Race Specify]
07/09/2024 03:42:29 PM Warning:: [Ethnicity] Changing list to other in ImmPort Templates
07/09/2024 03:42:29 PM Warning:: [Ethnicity] Changing list to other in ImmPort Templates
07/09/2024 03:42:29 PM Warning:: [Ethnicity] Changing list to other in ImmPort Templates
07/09/2024 03:42:29 PM Warning:: [Ethnicity] Changing list to other in ImmPort Templates
07/09/2024 03:42:29 PM Warning:: [Ethnicity] Changing list to other in ImmPort Templates
07/09/2024 03:42:29 PM Warning:: [Ethnicity] Changing list to other in ImmPort Templates
07/09/2024 03:42:29 PM [INFO]:: [Fuzzy] SARS-CoV-2 WA1/2019 => SARS-CoV-2 WA1/2020 : score 89
07/09/2024 03:42:40 PM 
PMID: 38793767
07/09/2024 03:42:40 PM WARNING:: [Sex_at_Birth] Changing 'male | female' to 'other'
07/09/2024 03:42:40 PM WARNING:: [Sex_at_Birth] Changing 'male | female' to 'other'
07/09/2024 03:42:40 PM Warning:: [Race] Changing 'Race' to 'other' and moving data to [Race Specify]
07/09/2024 03:42:40 PM Warning:: [Ethnicity] Changing list to other in ImmPort Templates
07/09/2024 03:42:44 PM INFO:: [User Change] Not Specified => Not Applicable
07/09/2024 03:42:54 PM 
PMID: 37191544
07/09/2024 03:42:54 PM WARNING:: [Sex_at_Birth] Changing 'male | female' to 'other'
07/09/2024 03:42:54 PM WARNING:: [Sex_at_Birth] Changing 'male | female' to 'other'
07/09/2024 03:42:54 PM WARNING:: [Sex_at_Birth] Changing 'male | female' to 'other'
07/09/2024 03:42:54 PM WARNING:: [Sex_at_Birth] Changing 'male | female' to 'other'
07/09/2024 03:42:54 PM WARNING:: [Sex_at_Birth] Changing 'male | female' to 'other'
07/09/2024 03:42:54 PM WARNING:: [Sex_at_Birth] Changing 'male | female' to 'other'
07/09/2024 03:42:54 PM WARNING:: [Sex_at_Birth] Changing 'male | female' to 'other'
07/09/2024 03:42:54 PM WARNING:: [Sex_at_Birth] Changing 'male | female' to 'other'
07/09/2024 03:42:54 PM Warning:: [Race] Changing 'Race' to 'other' and moving data to [Race Specify]
07/09/2024 03:42:54 PM Warning:: [Race] Changing 'Race' to 'other' and moving data to [Race Specify]
07/09/2024 03:42:54 PM Warning:: [Race] Changing 'Race' to 'other' and moving data to [Race Specify]
07/09/2024 03:42:54 PM Warning:: [Race] Changing 'Race' to 'other' and moving data to [Race Specify]
07/09/2024 03:42:54 PM Warning:: [Race] Changing 'Race' to 'other' and moving data to [Race Specify]
07/09/2024 03:42:54 PM Warning:: [Race] Changing 'Race' to 'other' and moving data to [Race Specify]
07/09/2024 03:42:54 PM Warning:: [Race] Changing 'Race' to 'other' and moving data to [Race Specify]
07/09/2024 03:42:54 PM Warning:: [Race] Changing 'Race' to 'other' and moving data to [Race Specify]
07/09/2024 03:42:54 PM Warning:: [Ethnicity] Changing list to other in ImmPort Templates
07/09/2024 03:42:54 PM Warning:: [Ethnicity] Changing list to other in ImmPort Templates
07/09/2024 03:42:54 PM Warning:: [Ethnicity] Changing list to other in ImmPort Templates
07/09/2024 03:42:54 PM Warning:: [Ethnicity] Changing list to other in ImmPort Templates
07/09/2024 03:42:54 PM Warning:: [Ethnicity] Changing list to other in ImmPort Templates
07/09/2024 03:42:54 PM Warning:: [Ethnicity] Changing list to other in ImmPort Templates
07/09/2024 03:42:54 PM Warning:: [Ethnicity] Changing list to other in ImmPort Templates
07/09/2024 03:42:54 PM Warning:: [Ethnicity] Changing list to other in ImmPort Templates
07/09/2024 03:43:15 PM [INFO]:: [Fuzzy] Receptor Binding Domain (RBD) S1 => Receptor Binding Domain (RBD) : score 95
07/09/2024 03:45:02 PM 
PMID: 35019677
07/09/2024 03:45:02 PM WARNING:: [Sex_at_Birth] Changing 'male | female' to 'other'
07/09/2024 03:45:02 PM WARNING:: [Sex_at_Birth] Changing 'male | female' to 'other'
07/09/2024 03:45:02 PM Warning:: [Race] Changing 'Race' to 'other' and moving data to [Race Specify]
07/09/2024 03:45:02 PM Warning:: [Race] Changing 'Race' to 'other' and moving data to [Race Specify]
07/09/2024 03:45:02 PM Warning:: [Ethnicity] Changing list to other in ImmPort Templates
07/09/2024 03:45:02 PM Warning:: [Ethnicity] Changing list to other in ImmPort Templates
07/09/2024 03:45:06 PM INFO:: [User Change] Not Specified => Not Applicable
07/09/2024 03:54:16 PM 
PMID: 38793767
07/09/2024 03:54:16 PM WARNING:: [Sex_at_Birth] Changing 'male | female' to 'other'
07/09/2024 03:54:16 PM WARNING:: [Sex_at_Birth] Changing 'male | female' to 'other'
07/09/2024 03:54:16 PM Warning:: [Race] Changing 'Race' to 'other' and moving data to [Race Specify]
07/09/2024 03:54:16 PM Warning:: [Ethnicity] Changing list to other in ImmPort Templates
07/09/2024 03:54:18 PM INFO:: [User Change] Not Specified => Not Applicable
