01/16/2025 11:31:02 AM 
PMID: RefrStud ####################
01/16/2025 11:31:02 AM WARNING:: [Sex_at_Birth] Changing 'male | female' to 'other'
01/16/2025 11:31:02 AM Warning:: [Race] Changing 'Race' to 'other' and moving data to [Race Specify]
01/16/2025 11:31:02 AM Warning:: [Ethnicity] Changing list to other in ImmPort Templates
01/16/2025 11:31:02 AM INFO:: [Fuzzy] Closest Match Found. Changing Immunosuppressive Disorder => Immunosuppressive Disorder 
01/16/2025 11:31:02 AM [INFO]:: [Fuzzy] Lung Disease => Lung Disease
 : score 96
01/16/2025 11:31:02 AM INFO:: [Fuzzy] Closest Match Found. Changing SARS-CoV-2 Epsilon; B.1.427 => SARS-CoV-2 Epsilon; B.1.427 / B.1.429
01/16/2025 11:31:02 AM INFO:: [Fuzzy] Closest Match Found. Changing B.1.429 => SARS-CoV-2 Epsilon; B.1.427 / B.1.429
01/16/2025 11:31:02 AM INFO:: [Fuzzy] Closest Match Found. Changing SARS-CoV-2 Lambda; => SARS-CoV-2 Lambda; C.37
01/16/2025 11:31:02 AM INFO:: [Fuzzy] Closest Match Found. Changing Not specified => Not Specified
01/16/2025 11:31:02 AM INFO:: [Fuzzy] Closest Match Found. Changing Not Specified => Not specified
01/16/2025 11:31:02 AM INFO:: [Fuzzy] Closest Match Found. Changing CMV antigens => CMV Antigens
01/16/2025 11:31:02 AM INFO:: [Fuzzy] Closest Match Found. Changing Viral Capsid Antigen => EBV Viral Capsid Antigen
01/16/2025 11:31:04 AM INFO:: [User Change] p18 => Other
01/16/2025 11:31:04 AM INFO:: [Fuzzy] Closest Match Found. Changing HCoVs - Seasonal (OC43 => HCoVs - Seasonal (OC43, HKU-1, NL63, 229E)
01/16/2025 11:31:04 AM INFO:: [Fuzzy] Closest Match Found. Changing HKU-1 => HCoVs - Seasonal (OC43, HKU-1, NL63, 229E)
01/16/2025 11:31:04 AM INFO:: [Fuzzy] Closest Match Found. Changing NL63 => HCoVs - Seasonal (OC43, HKU-1, NL63, 229E)
01/16/2025 11:31:04 AM INFO:: [Fuzzy] Closest Match Found. Changing 229E) => HCoVs - Seasonal (OC43, HKU-1, NL63, 229E)
01/16/2025 11:31:04 AM INFO:: [Fuzzy] Closest Match Found. Changing CMV antigens => CMV Antigens
01/16/2025 11:31:04 AM INFO:: [Fuzzy] Closest Match Found. Changing Viral Capsid Antigen => EBV Viral Capsid Antigen
01/16/2025 11:31:04 AM [INFO]:: [Fuzzy] Core Antigen => Core antigen : score 92
01/16/2025 11:31:04 AM INFO:: [Fuzzy] Closest Match Found. Changing Viral Capsid Antigen => EBV Viral Capsid Antigen
01/16/2025 11:31:04 AM INFO:: [Fuzzy] Closest Match Found. Changing CMV antigens => CMV Antigens
01/16/2025 11:31:04 AM INFO:: [Fuzzy] Closest Match Found. Changing HCoVs - Seasonal (OC43 => HCoVs - Seasonal (OC43, HKU-1, NL63, 229E)
01/16/2025 11:31:04 AM INFO:: [Fuzzy] Closest Match Found. Changing HKU-1 => HCoVs - Seasonal (OC43, HKU-1, NL63, 229E)
01/16/2025 11:31:04 AM INFO:: [Fuzzy] Closest Match Found. Changing NL63 => HCoVs - Seasonal (OC43, HKU-1, NL63, 229E)
01/16/2025 11:31:04 AM INFO:: [Fuzzy] Closest Match Found. Changing 229E) => HCoVs - Seasonal (OC43, HKU-1, NL63, 229E)
01/16/2025 11:31:04 AM INFO:: [Fuzzy] Closest Match Found. Changing CMV antigens => CMV Antigens
01/16/2025 11:31:04 AM INFO:: [Fuzzy] Closest Match Found. Changing Early Antigen Diffuse => EBV Early Antigen Diffuse
01/16/2025 11:31:04 AM [INFO]:: [Fuzzy] Nuclear antigen – 1 => EBV Nuclear Antigen - 1 : score 81
01/16/2025 11:31:04 AM INFO:: [Fuzzy] Closest Match Found. Changing Viral Capsid Antigen => EBV Viral Capsid Antigen
01/16/2025 11:31:04 AM INFO:: [Fuzzy] Closest Match Found. Changing HCoVs - Seasonal (OC43 => HCoVs - Seasonal (OC43, HKU-1, NL63, 229E)
01/16/2025 11:31:04 AM INFO:: [Fuzzy] Closest Match Found. Changing HKU-1 => HCoVs - Seasonal (OC43, HKU-1, NL63, 229E)
01/16/2025 11:31:04 AM INFO:: [Fuzzy] Closest Match Found. Changing NL63 => HCoVs - Seasonal (OC43, HKU-1, NL63, 229E)
01/16/2025 11:31:04 AM INFO:: [Fuzzy] Closest Match Found. Changing 229E) => HCoVs - Seasonal (OC43, HKU-1, NL63, 229E)
01/16/2025 11:31:04 AM INFO:: [Fuzzy] Closest Match Found. Changing HCoVs - Seasonal (OC43 => HCoVs - Seasonal (OC43, HKU-1, NL63, 229E)
01/16/2025 11:31:04 AM INFO:: [Fuzzy] Closest Match Found. Changing HKU-1 => HCoVs - Seasonal (OC43, HKU-1, NL63, 229E)
01/16/2025 11:31:04 AM INFO:: [Fuzzy] Closest Match Found. Changing NL63 => HCoVs - Seasonal (OC43, HKU-1, NL63, 229E)
01/16/2025 11:31:04 AM INFO:: [Fuzzy] Closest Match Found. Changing 229E) => HCoVs - Seasonal (OC43, HKU-1, NL63, 229E)
01/16/2025 11:31:04 AM INFO:: [Fuzzy] Closest Match Found. Changing HCoVs - Seasonal (OC43 => HCoVs - Seasonal (OC43, HKU-1, NL63, 229E)
01/16/2025 11:31:04 AM INFO:: [Fuzzy] Closest Match Found. Changing HKU-1 => HCoVs - Seasonal (OC43, HKU-1, NL63, 229E)
01/16/2025 11:31:04 AM INFO:: [Fuzzy] Closest Match Found. Changing NL63 => HCoVs - Seasonal (OC43, HKU-1, NL63, 229E)
01/16/2025 11:31:04 AM INFO:: [Fuzzy] Closest Match Found. Changing 229E) => HCoVs - Seasonal (OC43, HKU-1, NL63, 229E)
01/16/2025 11:31:04 AM INFO:: [Fuzzy] Closest Match Found. Changing HCoVs - Seasonal (OC43 => HCoVs - Seasonal (OC43, HKU-1, NL63, 229E)
01/16/2025 11:31:04 AM INFO:: [Fuzzy] Closest Match Found. Changing HKU-1 => HCoVs - Seasonal (OC43, HKU-1, NL63, 229E)
01/16/2025 11:31:04 AM INFO:: [Fuzzy] Closest Match Found. Changing NL63 => HCoVs - Seasonal (OC43, HKU-1, NL63, 229E)
01/16/2025 11:31:04 AM INFO:: [Fuzzy] Closest Match Found. Changing 229E) => HCoVs - Seasonal (OC43, HKU-1, NL63, 229E)
01/16/2025 11:31:04 AM INFO:: [Fuzzy] Closest Match Found. Changing CMV antigens => CMV Antigens
01/16/2025 11:31:04 AM INFO:: [Fuzzy] Closest Match Found. Changing Viral Capsid Antigen => EBV Viral Capsid Antigen
01/16/2025 11:31:04 AM INFO:: [Fuzzy] Closest Match Found. Changing Viral Capsid Antigen => EBV Viral Capsid Antigen
01/16/2025 11:31:04 AM INFO:: [Fuzzy] Closest Match Found. Changing Early Antigen Diffuse => EBV Early Antigen Diffuse
01/16/2025 11:31:04 AM INFO:: [Fuzzy] Closest Match Found. Changing Nuclear antigen - 1 => EBV Nuclear Antigen - 1
01/16/2025 11:31:04 AM [INFO]:: [Fuzzy] Core Antigen => Core antigen : score 92
01/16/2025 11:31:04 AM INFO:: [Fuzzy] Closest Match Found. Changing HCoVs - Seasonal (OC43 => HCoVs - Seasonal (OC43, HKU-1, NL63, 229E)
01/16/2025 11:31:04 AM INFO:: [Fuzzy] Closest Match Found. Changing HKU-1 => HCoVs - Seasonal (OC43, HKU-1, NL63, 229E)
01/16/2025 11:31:04 AM INFO:: [Fuzzy] Closest Match Found. Changing NL63 => HCoVs - Seasonal (OC43, HKU-1, NL63, 229E)
01/16/2025 11:31:04 AM INFO:: [Fuzzy] Closest Match Found. Changing 229E) => HCoVs - Seasonal (OC43, HKU-1, NL63, 229E)
01/16/2025 11:49:43 AM 
PMID: LongStud ####################
01/16/2025 11:49:43 AM [study personnel]: Same Personnel ID used
01/16/2025 11:50:13 AM 
PMID: LongStud ####################
01/16/2025 11:50:13 AM [study personnel]: Same Personnel ID used
01/16/2025 11:50:41 AM 
PMID: LongStud ####################
01/16/2025 12:17:46 PM 
PMID: LongStud ####################
01/16/2025 01:28:34 PM 
PMID: LongStud ####################
01/16/2025 01:33:40 PM 
PMID: LongStud ####################
01/16/2025 01:34:01 PM 
PMID: LongStud ####################
01/16/2025 01:34:01 PM WARNING:: [Sex_at_Birth] Changing 'male | female' to 'other'
01/16/2025 01:34:01 PM WARNING:: [Sex_at_Birth] Changing 'male | female' to 'other'
01/16/2025 01:34:01 PM WARNING:: [Sex_at_Birth] Changing 'male | female' to 'other'
01/16/2025 01:34:01 PM WARNING:: [Sex_at_Birth] Changing 'male | female' to 'other'
01/16/2025 01:34:01 PM WARNING:: [Sex_at_Birth] Changing 'male | female' to 'other'
01/16/2025 01:34:01 PM WARNING:: [Sex_at_Birth] Changing 'male | female' to 'other'
01/16/2025 01:34:01 PM Warning:: [Race] Changing 'Race' to 'other' and moving data to [Race Specify]
01/16/2025 01:34:01 PM Warning:: [Race] Changing 'Race' to 'other' and moving data to [Race Specify]
01/16/2025 01:34:01 PM Warning:: [Race] Changing 'Race' to 'other' and moving data to [Race Specify]
01/16/2025 01:34:01 PM Warning:: [Race] Changing 'Race' to 'other' and moving data to [Race Specify]
01/16/2025 01:34:01 PM Warning:: [Race] Changing 'Race' to 'other' and moving data to [Race Specify]
01/16/2025 01:34:01 PM Warning:: [Race] Changing 'Race' to 'other' and moving data to [Race Specify]
01/16/2025 01:34:01 PM Warning:: [Ethnicity] Changing list to other in ImmPort Templates
01/16/2025 01:34:01 PM Warning:: [Ethnicity] Changing list to other in ImmPort Templates
01/16/2025 01:34:01 PM Warning:: [Ethnicity] Changing list to other in ImmPort Templates
01/16/2025 01:34:01 PM Warning:: [Ethnicity] Changing list to other in ImmPort Templates
01/16/2025 01:34:01 PM Warning:: [Ethnicity] Changing list to other in ImmPort Templates
01/16/2025 01:34:01 PM Warning:: [Ethnicity] Changing list to other in ImmPort Templates
01/16/2025 01:34:01 PM INFO:: [Fuzzy] Closest Match Found. Changing Immunosuppressive Disorder => Immunosuppressive Disorder 
01/16/2025 01:34:01 PM [INFO]:: [Fuzzy] Lung disease => Lung Disease
 : score 88
01/16/2025 01:34:33 PM INFO:: [User Change] Hematopoietic Cell Transplant => Hematopoietic System Disease
01/16/2025 01:34:42 PM INFO:: [User Change] Chronic Neurological Condition => Chronic Sinusitis
01/16/2025 01:34:42 PM INFO:: [Fuzzy] Closest Match Found. Changing SARS-CoV-2 Epsilon; B.1.427 => SARS-CoV-2 Epsilon; B.1.427 / B.1.429
01/16/2025 01:34:42 PM INFO:: [Fuzzy] Closest Match Found. Changing B.1.429 => SARS-CoV-2 Epsilon; B.1.427 / B.1.429
01/16/2025 01:34:42 PM INFO:: [Fuzzy] Closest Match Found. Changing SARS-CoV-2 Lambda; => SARS-CoV-2 Lambda; C.37
01/16/2025 01:34:42 PM [INFO]:: [Fuzzy] Pfizer-BioNTech SARS-CoV-2 XBB.1.5; O:0020216 => Pfizer-BioNTech SARS-CoV-2 XBB.1.5; VO:0020216 : score 99
01/16/2025 01:34:42 PM [INFO]:: [Fuzzy] Pfizer-BioNTech SARS-CoV-2 XBB.1.5; O:0020216 => Pfizer-BioNTech SARS-CoV-2 XBB.1.5; VO:0020216 : score 99
01/16/2025 01:34:42 PM [INFO]:: [Fuzzy] Pfizer-BioNTech SARS-CoV-2 XBB.1.5; O:0020216 => Pfizer-BioNTech SARS-CoV-2 XBB.1.5; VO:0020216 : score 99
01/16/2025 01:34:42 PM [INFO]:: [Fuzzy] Pfizer-BioNTech SARS-CoV-2 XBB.1.5; O:0020216 => Pfizer-BioNTech SARS-CoV-2 XBB.1.5; VO:0020216 : score 99
01/16/2025 01:34:42 PM [INFO]:: [Fuzzy] Pfizer-BioNTech SARS-CoV-2 XBB.1.5; O:0020216 => Pfizer-BioNTech SARS-CoV-2 XBB.1.5; VO:0020216 : score 99
01/16/2025 01:34:42 PM [INFO]:: [Fuzzy] Pfizer-BioNTech SARS-CoV-2 XBB.1.5; O:0020216 => Pfizer-BioNTech SARS-CoV-2 XBB.1.5; VO:0020216 : score 99
01/16/2025 01:34:42 PM [INFO]:: [Fuzzy] Pfizer-BioNTech SARS-CoV-2 XBB.1.5; O:0020216 => Pfizer-BioNTech SARS-CoV-2 XBB.1.5; VO:0020216 : score 99
01/16/2025 01:41:53 PM 
PMID: LongStud ####################
01/16/2025 01:41:54 PM WARNING:: [Sex_at_Birth] Changing 'male | female' to 'other'
01/16/2025 01:41:54 PM WARNING:: [Sex_at_Birth] Changing 'male | female' to 'other'
01/16/2025 01:41:54 PM WARNING:: [Sex_at_Birth] Changing 'male | female' to 'other'
01/16/2025 01:41:54 PM WARNING:: [Sex_at_Birth] Changing 'male | female' to 'other'
01/16/2025 01:41:54 PM WARNING:: [Sex_at_Birth] Changing 'male | female' to 'other'
01/16/2025 01:41:54 PM WARNING:: [Sex_at_Birth] Changing 'male | female' to 'other'
01/16/2025 01:41:54 PM Warning:: [Race] Changing 'Race' to 'other' and moving data to [Race Specify]
01/16/2025 01:41:54 PM Warning:: [Race] Changing 'Race' to 'other' and moving data to [Race Specify]
01/16/2025 01:41:54 PM Warning:: [Race] Changing 'Race' to 'other' and moving data to [Race Specify]
01/16/2025 01:41:54 PM Warning:: [Race] Changing 'Race' to 'other' and moving data to [Race Specify]
01/16/2025 01:41:54 PM Warning:: [Race] Changing 'Race' to 'other' and moving data to [Race Specify]
01/16/2025 01:41:54 PM Warning:: [Race] Changing 'Race' to 'other' and moving data to [Race Specify]
01/16/2025 01:41:54 PM Warning:: [Ethnicity] Changing list to other in ImmPort Templates
01/16/2025 01:41:54 PM Warning:: [Ethnicity] Changing list to other in ImmPort Templates
01/16/2025 01:41:54 PM Warning:: [Ethnicity] Changing list to other in ImmPort Templates
01/16/2025 01:41:54 PM Warning:: [Ethnicity] Changing list to other in ImmPort Templates
01/16/2025 01:41:54 PM Warning:: [Ethnicity] Changing list to other in ImmPort Templates
01/16/2025 01:41:54 PM Warning:: [Ethnicity] Changing list to other in ImmPort Templates
01/16/2025 01:41:54 PM INFO:: [Fuzzy] Closest Match Found. Changing Immunosuppressive Disorder => Immunosuppressive Disorder 
01/16/2025 01:41:54 PM [INFO]:: [Fuzzy] Lung disease => Lung Disease
 : score 88
01/16/2025 01:41:54 PM INFO:: [Fuzzy] Closest Match Found. Changing SARS-CoV-2 Epsilon; B.1.427 => SARS-CoV-2 Epsilon; B.1.427 / B.1.429
01/16/2025 01:41:54 PM INFO:: [Fuzzy] Closest Match Found. Changing B.1.429 => SARS-CoV-2 Epsilon; B.1.427 / B.1.429
01/16/2025 01:41:54 PM INFO:: [Fuzzy] Closest Match Found. Changing SARS-CoV-2 Lambda; => SARS-CoV-2 Lambda; C.37
01/16/2025 01:41:54 PM [INFO]:: [Fuzzy] Pfizer-BioNTech SARS-CoV-2 XBB.1.5; O:0020216 => Pfizer-BioNTech SARS-CoV-2 XBB.1.5; VO:0020216 : score 99
01/16/2025 01:41:54 PM [INFO]:: [Fuzzy] Pfizer-BioNTech SARS-CoV-2 XBB.1.5; O:0020216 => Pfizer-BioNTech SARS-CoV-2 XBB.1.5; VO:0020216 : score 99
01/16/2025 01:41:54 PM [INFO]:: [Fuzzy] Pfizer-BioNTech SARS-CoV-2 XBB.1.5; O:0020216 => Pfizer-BioNTech SARS-CoV-2 XBB.1.5; VO:0020216 : score 99
01/16/2025 01:41:54 PM [INFO]:: [Fuzzy] Pfizer-BioNTech SARS-CoV-2 XBB.1.5; O:0020216 => Pfizer-BioNTech SARS-CoV-2 XBB.1.5; VO:0020216 : score 99
01/16/2025 01:41:54 PM [INFO]:: [Fuzzy] Pfizer-BioNTech SARS-CoV-2 XBB.1.5; O:0020216 => Pfizer-BioNTech SARS-CoV-2 XBB.1.5; VO:0020216 : score 99
01/16/2025 01:41:54 PM [INFO]:: [Fuzzy] Pfizer-BioNTech SARS-CoV-2 XBB.1.5; O:0020216 => Pfizer-BioNTech SARS-CoV-2 XBB.1.5; VO:0020216 : score 99
01/16/2025 01:41:54 PM [INFO]:: [Fuzzy] Pfizer-BioNTech SARS-CoV-2 XBB.1.5; O:0020216 => Pfizer-BioNTech SARS-CoV-2 XBB.1.5; VO:0020216 : score 99
01/16/2025 01:55:20 PM 
PMID: LongStud ####################
01/16/2025 01:55:20 PM WARNING:: [Sex_at_Birth] Changing 'male | female' to 'other'
01/16/2025 01:55:20 PM WARNING:: [Sex_at_Birth] Changing 'male | female' to 'other'
01/16/2025 01:55:20 PM WARNING:: [Sex_at_Birth] Changing 'male | female' to 'other'
01/16/2025 01:55:20 PM WARNING:: [Sex_at_Birth] Changing 'male | female' to 'other'
01/16/2025 01:55:20 PM WARNING:: [Sex_at_Birth] Changing 'male | female' to 'other'
01/16/2025 01:55:20 PM WARNING:: [Sex_at_Birth] Changing 'male | female' to 'other'
01/16/2025 01:55:20 PM Warning:: [Race] Changing 'Race' to 'other' and moving data to [Race Specify]
01/16/2025 01:55:20 PM Warning:: [Race] Changing 'Race' to 'other' and moving data to [Race Specify]
01/16/2025 01:55:20 PM Warning:: [Race] Changing 'Race' to 'other' and moving data to [Race Specify]
01/16/2025 01:55:20 PM Warning:: [Race] Changing 'Race' to 'other' and moving data to [Race Specify]
01/16/2025 01:55:20 PM Warning:: [Race] Changing 'Race' to 'other' and moving data to [Race Specify]
01/16/2025 01:55:20 PM Warning:: [Race] Changing 'Race' to 'other' and moving data to [Race Specify]
01/16/2025 01:55:20 PM Warning:: [Ethnicity] Changing list to other in ImmPort Templates
01/16/2025 01:55:20 PM Warning:: [Ethnicity] Changing list to other in ImmPort Templates
01/16/2025 01:55:20 PM Warning:: [Ethnicity] Changing list to other in ImmPort Templates
01/16/2025 01:55:20 PM Warning:: [Ethnicity] Changing list to other in ImmPort Templates
01/16/2025 01:55:20 PM Warning:: [Ethnicity] Changing list to other in ImmPort Templates
01/16/2025 01:55:20 PM Warning:: [Ethnicity] Changing list to other in ImmPort Templates
01/16/2025 01:55:20 PM INFO:: [Fuzzy] Closest Match Found. Changing Immunosuppressive Disorder => Immunosuppressive Disorder 
01/16/2025 01:55:20 PM [INFO]:: [Fuzzy] Lung disease => Lung Disease
 : score 88
01/16/2025 01:55:20 PM INFO:: [Fuzzy] Closest Match Found. Changing SARS-CoV-2 Epsilon; B.1.427 => SARS-CoV-2 Epsilon; B.1.427 / B.1.429
01/16/2025 01:55:20 PM INFO:: [Fuzzy] Closest Match Found. Changing B.1.429 => SARS-CoV-2 Epsilon; B.1.427 / B.1.429
01/16/2025 01:55:20 PM INFO:: [Fuzzy] Closest Match Found. Changing SARS-CoV-2 Lambda; => SARS-CoV-2 Lambda; C.37
01/16/2025 01:55:20 PM [INFO]:: [Fuzzy] Pfizer-BioNTech SARS-CoV-2 XBB.1.5; O:0020216 => Pfizer-BioNTech SARS-CoV-2 XBB.1.5; VO:0020216 : score 99
01/16/2025 01:55:20 PM [INFO]:: [Fuzzy] Pfizer-BioNTech SARS-CoV-2 XBB.1.5; O:0020216 => Pfizer-BioNTech SARS-CoV-2 XBB.1.5; VO:0020216 : score 99
01/16/2025 01:55:20 PM [INFO]:: [Fuzzy] Pfizer-BioNTech SARS-CoV-2 XBB.1.5; O:0020216 => Pfizer-BioNTech SARS-CoV-2 XBB.1.5; VO:0020216 : score 99
01/16/2025 01:55:20 PM [INFO]:: [Fuzzy] Pfizer-BioNTech SARS-CoV-2 XBB.1.5; O:0020216 => Pfizer-BioNTech SARS-CoV-2 XBB.1.5; VO:0020216 : score 99
01/16/2025 01:55:20 PM [INFO]:: [Fuzzy] Pfizer-BioNTech SARS-CoV-2 XBB.1.5; O:0020216 => Pfizer-BioNTech SARS-CoV-2 XBB.1.5; VO:0020216 : score 99
01/16/2025 01:55:20 PM [INFO]:: [Fuzzy] Pfizer-BioNTech SARS-CoV-2 XBB.1.5; O:0020216 => Pfizer-BioNTech SARS-CoV-2 XBB.1.5; VO:0020216 : score 99
01/16/2025 01:55:20 PM [INFO]:: [Fuzzy] Pfizer-BioNTech SARS-CoV-2 XBB.1.5; O:0020216 => Pfizer-BioNTech SARS-CoV-2 XBB.1.5; VO:0020216 : score 99
01/16/2025 02:41:58 PM 
PMID: LongStud ####################
01/16/2025 02:41:58 PM WARNING:: [Sex_at_Birth] Changing 'male | female' to 'other'
01/16/2025 02:41:58 PM WARNING:: [Sex_at_Birth] Changing 'male | female' to 'other'
01/16/2025 02:41:58 PM WARNING:: [Sex_at_Birth] Changing 'male | female' to 'other'
01/16/2025 02:41:58 PM WARNING:: [Sex_at_Birth] Changing 'male | female' to 'other'
01/16/2025 02:41:58 PM WARNING:: [Sex_at_Birth] Changing 'male | female' to 'other'
01/16/2025 02:41:58 PM WARNING:: [Sex_at_Birth] Changing 'male | female' to 'other'
01/16/2025 02:41:58 PM Warning:: [Race] Changing 'Race' to 'other' and moving data to [Race Specify]
01/16/2025 02:41:58 PM Warning:: [Race] Changing 'Race' to 'other' and moving data to [Race Specify]
01/16/2025 02:41:58 PM Warning:: [Race] Changing 'Race' to 'other' and moving data to [Race Specify]
01/16/2025 02:41:58 PM Warning:: [Race] Changing 'Race' to 'other' and moving data to [Race Specify]
01/16/2025 02:41:58 PM Warning:: [Race] Changing 'Race' to 'other' and moving data to [Race Specify]
01/16/2025 02:41:58 PM Warning:: [Race] Changing 'Race' to 'other' and moving data to [Race Specify]
01/16/2025 02:41:58 PM Warning:: [Ethnicity] Changing list to other in ImmPort Templates
01/16/2025 02:41:58 PM Warning:: [Ethnicity] Changing list to other in ImmPort Templates
01/16/2025 02:41:58 PM Warning:: [Ethnicity] Changing list to other in ImmPort Templates
01/16/2025 02:41:58 PM Warning:: [Ethnicity] Changing list to other in ImmPort Templates
01/16/2025 02:41:58 PM Warning:: [Ethnicity] Changing list to other in ImmPort Templates
01/16/2025 02:41:58 PM Warning:: [Ethnicity] Changing list to other in ImmPort Templates
01/16/2025 02:41:58 PM INFO:: [Fuzzy] Closest Match Found. Changing Immunosuppressive Disorder => Immunosuppressive Disorder 
01/16/2025 02:41:58 PM [INFO]:: [Fuzzy] Lung disease => Lung Disease
 : score 88
01/16/2025 02:41:58 PM INFO:: [Fuzzy] Closest Match Found. Changing SARS-CoV-2 Epsilon; B.1.427 => SARS-CoV-2 Epsilon; B.1.427 / B.1.429
01/16/2025 02:41:58 PM INFO:: [Fuzzy] Closest Match Found. Changing B.1.429 => SARS-CoV-2 Epsilon; B.1.427 / B.1.429
01/16/2025 02:41:58 PM INFO:: [Fuzzy] Closest Match Found. Changing SARS-CoV-2 Lambda; => SARS-CoV-2 Lambda; C.37
01/16/2025 02:41:58 PM [INFO]:: [Fuzzy] Pfizer-BioNTech SARS-CoV-2 XBB.1.5; O:0020216 => Pfizer-BioNTech SARS-CoV-2 XBB.1.5; VO:0020216 : score 99
01/16/2025 02:41:58 PM [INFO]:: [Fuzzy] Pfizer-BioNTech SARS-CoV-2 XBB.1.5; O:0020216 => Pfizer-BioNTech SARS-CoV-2 XBB.1.5; VO:0020216 : score 99
01/16/2025 02:41:58 PM [INFO]:: [Fuzzy] Pfizer-BioNTech SARS-CoV-2 XBB.1.5; O:0020216 => Pfizer-BioNTech SARS-CoV-2 XBB.1.5; VO:0020216 : score 99
01/16/2025 02:41:58 PM [INFO]:: [Fuzzy] Pfizer-BioNTech SARS-CoV-2 XBB.1.5; O:0020216 => Pfizer-BioNTech SARS-CoV-2 XBB.1.5; VO:0020216 : score 99
01/16/2025 02:41:58 PM [INFO]:: [Fuzzy] Pfizer-BioNTech SARS-CoV-2 XBB.1.5; O:0020216 => Pfizer-BioNTech SARS-CoV-2 XBB.1.5; VO:0020216 : score 99
01/16/2025 02:41:58 PM [INFO]:: [Fuzzy] Pfizer-BioNTech SARS-CoV-2 XBB.1.5; O:0020216 => Pfizer-BioNTech SARS-CoV-2 XBB.1.5; VO:0020216 : score 99
01/16/2025 02:41:58 PM [INFO]:: [Fuzzy] Pfizer-BioNTech SARS-CoV-2 XBB.1.5; O:0020216 => Pfizer-BioNTech SARS-CoV-2 XBB.1.5; VO:0020216 : score 99
01/16/2025 02:43:21 PM 
PMID: LongStud ####################
01/16/2025 02:43:21 PM WARNING:: [Sex_at_Birth] Changing 'male | female' to 'other'
01/16/2025 02:43:21 PM WARNING:: [Sex_at_Birth] Changing 'male | female' to 'other'
01/16/2025 02:43:21 PM WARNING:: [Sex_at_Birth] Changing 'male | female' to 'other'
01/16/2025 02:43:21 PM WARNING:: [Sex_at_Birth] Changing 'male | female' to 'other'
01/16/2025 02:43:21 PM WARNING:: [Sex_at_Birth] Changing 'male | female' to 'other'
01/16/2025 02:43:21 PM WARNING:: [Sex_at_Birth] Changing 'male | female' to 'other'
01/16/2025 02:43:21 PM Warning:: [Race] Changing 'Race' to 'other' and moving data to [Race Specify]
01/16/2025 02:43:21 PM Warning:: [Race] Changing 'Race' to 'other' and moving data to [Race Specify]
01/16/2025 02:43:21 PM Warning:: [Race] Changing 'Race' to 'other' and moving data to [Race Specify]
01/16/2025 02:43:21 PM Warning:: [Race] Changing 'Race' to 'other' and moving data to [Race Specify]
01/16/2025 02:43:21 PM Warning:: [Race] Changing 'Race' to 'other' and moving data to [Race Specify]
01/16/2025 02:43:21 PM Warning:: [Race] Changing 'Race' to 'other' and moving data to [Race Specify]
01/16/2025 02:43:21 PM Warning:: [Ethnicity] Changing list to other in ImmPort Templates
01/16/2025 02:43:21 PM Warning:: [Ethnicity] Changing list to other in ImmPort Templates
01/16/2025 02:43:21 PM Warning:: [Ethnicity] Changing list to other in ImmPort Templates
01/16/2025 02:43:21 PM Warning:: [Ethnicity] Changing list to other in ImmPort Templates
01/16/2025 02:43:21 PM Warning:: [Ethnicity] Changing list to other in ImmPort Templates
01/16/2025 02:43:21 PM Warning:: [Ethnicity] Changing list to other in ImmPort Templates
01/16/2025 02:43:21 PM INFO:: [Fuzzy] Closest Match Found. Changing Immunosuppressive Disorder => Immunosuppressive Disorder 
01/16/2025 02:43:21 PM [INFO]:: [Fuzzy] Lung disease => Lung Disease
 : score 88
01/16/2025 02:43:21 PM INFO:: [Fuzzy] Closest Match Found. Changing SARS-CoV-2 Epsilon; B.1.427 => SARS-CoV-2 Epsilon; B.1.427 / B.1.429
01/16/2025 02:43:21 PM INFO:: [Fuzzy] Closest Match Found. Changing B.1.429 => SARS-CoV-2 Epsilon; B.1.427 / B.1.429
01/16/2025 02:43:21 PM INFO:: [Fuzzy] Closest Match Found. Changing SARS-CoV-2 Lambda; => SARS-CoV-2 Lambda; C.37
01/16/2025 02:43:21 PM [INFO]:: [Fuzzy] Pfizer-BioNTech SARS-CoV-2 XBB.1.5; O:0020216 => Pfizer-BioNTech SARS-CoV-2 XBB.1.5; VO:0020216 : score 99
01/16/2025 02:43:21 PM [INFO]:: [Fuzzy] Pfizer-BioNTech SARS-CoV-2 XBB.1.5; O:0020216 => Pfizer-BioNTech SARS-CoV-2 XBB.1.5; VO:0020216 : score 99
01/16/2025 02:43:21 PM [INFO]:: [Fuzzy] Pfizer-BioNTech SARS-CoV-2 XBB.1.5; O:0020216 => Pfizer-BioNTech SARS-CoV-2 XBB.1.5; VO:0020216 : score 99
01/16/2025 02:43:21 PM [INFO]:: [Fuzzy] Pfizer-BioNTech SARS-CoV-2 XBB.1.5; O:0020216 => Pfizer-BioNTech SARS-CoV-2 XBB.1.5; VO:0020216 : score 99
01/16/2025 02:43:21 PM [INFO]:: [Fuzzy] Pfizer-BioNTech SARS-CoV-2 XBB.1.5; O:0020216 => Pfizer-BioNTech SARS-CoV-2 XBB.1.5; VO:0020216 : score 99
01/16/2025 02:43:21 PM [INFO]:: [Fuzzy] Pfizer-BioNTech SARS-CoV-2 XBB.1.5; O:0020216 => Pfizer-BioNTech SARS-CoV-2 XBB.1.5; VO:0020216 : score 99
01/16/2025 02:43:21 PM [INFO]:: [Fuzzy] Pfizer-BioNTech SARS-CoV-2 XBB.1.5; O:0020216 => Pfizer-BioNTech SARS-CoV-2 XBB.1.5; VO:0020216 : score 99
01/16/2025 03:03:34 PM 
PMID: LongStud ####################
01/16/2025 03:03:34 PM WARNING:: [Sex_at_Birth] Changing 'male | female' to 'other'
01/16/2025 03:03:34 PM WARNING:: [Sex_at_Birth] Changing 'male | female' to 'other'
01/16/2025 03:03:34 PM WARNING:: [Sex_at_Birth] Changing 'male | female' to 'other'
01/16/2025 03:03:34 PM WARNING:: [Sex_at_Birth] Changing 'male | female' to 'other'
01/16/2025 03:03:34 PM WARNING:: [Sex_at_Birth] Changing 'male | female' to 'other'
01/16/2025 03:03:34 PM WARNING:: [Sex_at_Birth] Changing 'male | female' to 'other'
01/16/2025 03:03:34 PM Warning:: [Race] Changing 'Race' to 'other' and moving data to [Race Specify]
01/16/2025 03:03:34 PM Warning:: [Race] Changing 'Race' to 'other' and moving data to [Race Specify]
01/16/2025 03:03:34 PM Warning:: [Race] Changing 'Race' to 'other' and moving data to [Race Specify]
01/16/2025 03:03:34 PM Warning:: [Race] Changing 'Race' to 'other' and moving data to [Race Specify]
01/16/2025 03:03:34 PM Warning:: [Race] Changing 'Race' to 'other' and moving data to [Race Specify]
01/16/2025 03:03:34 PM Warning:: [Race] Changing 'Race' to 'other' and moving data to [Race Specify]
01/16/2025 03:03:34 PM Warning:: [Ethnicity] Changing list to other in ImmPort Templates
01/16/2025 03:03:34 PM Warning:: [Ethnicity] Changing list to other in ImmPort Templates
01/16/2025 03:03:34 PM Warning:: [Ethnicity] Changing list to other in ImmPort Templates
01/16/2025 03:03:34 PM Warning:: [Ethnicity] Changing list to other in ImmPort Templates
01/16/2025 03:03:34 PM Warning:: [Ethnicity] Changing list to other in ImmPort Templates
01/16/2025 03:03:34 PM Warning:: [Ethnicity] Changing list to other in ImmPort Templates
01/16/2025 03:03:34 PM INFO:: [Fuzzy] Closest Match Found. Changing Immunosuppressive Disorder => Immunosuppressive Disorder 
01/16/2025 03:03:34 PM [INFO]:: [Fuzzy] Lung disease => Lung Disease
 : score 88
01/16/2025 03:03:34 PM INFO:: [Fuzzy] Closest Match Found. Changing SARS-CoV-2 Epsilon; B.1.427 => SARS-CoV-2 Epsilon; B.1.427 / B.1.429
01/16/2025 03:03:34 PM INFO:: [Fuzzy] Closest Match Found. Changing B.1.429 => SARS-CoV-2 Epsilon; B.1.427 / B.1.429
01/16/2025 03:03:34 PM INFO:: [Fuzzy] Closest Match Found. Changing SARS-CoV-2 Lambda; => SARS-CoV-2 Lambda; C.37
01/16/2025 03:03:34 PM [INFO]:: [Fuzzy] Pfizer-BioNTech SARS-CoV-2 XBB.1.5; O:0020216 => Pfizer-BioNTech SARS-CoV-2 XBB.1.5; VO:0020216 : score 99
01/16/2025 03:03:34 PM [INFO]:: [Fuzzy] Pfizer-BioNTech SARS-CoV-2 XBB.1.5; O:0020216 => Pfizer-BioNTech SARS-CoV-2 XBB.1.5; VO:0020216 : score 99
01/16/2025 03:03:34 PM [INFO]:: [Fuzzy] Pfizer-BioNTech SARS-CoV-2 XBB.1.5; O:0020216 => Pfizer-BioNTech SARS-CoV-2 XBB.1.5; VO:0020216 : score 99
01/16/2025 03:03:34 PM [INFO]:: [Fuzzy] Pfizer-BioNTech SARS-CoV-2 XBB.1.5; O:0020216 => Pfizer-BioNTech SARS-CoV-2 XBB.1.5; VO:0020216 : score 99
01/16/2025 03:03:34 PM [INFO]:: [Fuzzy] Pfizer-BioNTech SARS-CoV-2 XBB.1.5; O:0020216 => Pfizer-BioNTech SARS-CoV-2 XBB.1.5; VO:0020216 : score 99
01/16/2025 03:03:34 PM [INFO]:: [Fuzzy] Pfizer-BioNTech SARS-CoV-2 XBB.1.5; O:0020216 => Pfizer-BioNTech SARS-CoV-2 XBB.1.5; VO:0020216 : score 99
01/16/2025 03:03:34 PM [INFO]:: [Fuzzy] Pfizer-BioNTech SARS-CoV-2 XBB.1.5; O:0020216 => Pfizer-BioNTech SARS-CoV-2 XBB.1.5; VO:0020216 : score 99
